2022-09-16 14:53:59.806948	[INFO]	base_network.py	响应时间:414ms	上海市	黄浦区	这里是日志信息......
2022-09-16 14:53:59.806948	[INFO]	event.py	响应时间:987ms	广东省	深圳市	这里是日志信息......
2022-09-16 14:53:59.806948	[ERROR]	user_manager.py	响应时间:506ms	安徽省	池州市	这里是日志信息......
2022-09-16 14:53:59.806948	[INFO]	shop_manager.py	响应时间:92ms	北京市	海淀区	这里是日志信息......
2022-09-16 14:53:59.806948	[INFO]	goods_manager.py	响应时间:487ms	湖南省	张家界市	这里是日志信息......
2022-09-16 14:53:59.806948	[INFO]	barcode_service.py	响应时间:524ms	天津市	河东区	这里是日志信息......
2022-09-16 14:53:59.806948	[INFO]	goods_manager.py	响应时间:642ms	重庆市	万州区	这里是日志信息......
2022-09-16 14:53:59.806948	[INFO]	barcode_service.py	响应时间:152ms	湖北省	武汉市	这里是日志信息......
2022-09-16 14:53:59.806948	[INFO]	orders_service.py	响应时间:283ms	湖南省	长沙市	这里是日志信息......
2022-09-16 14:53:59.806948	[INFO]	goods_manager.py	响应时间:296ms	山东省	青岛市	这里是日志信息......
2022-09-16 14:53:59.806948	[INFO]	base_network.py	响应时间:916ms	安徽省	铜陵市	这里是日志信息......
2022-09-16 14:53:59.806948	[INFO]	orders_service.py	响应时间:333ms	北京市	怀柔区	这里是日志信息......
2022-09-16 14:53:59.806948	[INFO]	event.py	响应时间:937ms	广东省	广州市	这里是日志信息......
2022-09-16 14:53:59.806948	[INFO]	goods_manager.py	响应时间:886ms	湖南省	长沙市	这里是日志信息......
2022-09-16 14:53:59.806948	[INFO]	orders_service.py	响应时间:13ms	湖南省	长沙市	这里是日志信息......
2022-09-16 14:53:59.806948	[INFO]	event.py	响应时间:980ms	浙江省	舟山市	这里是日志信息......
2022-09-16 14:53:59.806948	[INFO]	shop_manager.py	响应时间:889ms	安徽省	合肥市	这里是日志信息......
2022-09-16 14:53:59.806948	[WARN]	event.py	响应时间:320ms	广东省	深圳市	这里是日志信息......
2022-09-16 14:53:59.806948	[INFO]	event.py	响应时间:884ms	北京市	朝阳区	这里是日志信息......
2022-09-16 14:53:59.807948	[INFO]	goods_manager.py	响应时间:182ms	湖北省	十堰市	这里是日志信息......
2022-09-16 14:53:59.807948	[INFO]	event.py	响应时间:994ms	江苏省	常州市	这里是日志信息......
2022-09-16 14:53:59.807948	[INFO]	event.py	响应时间:786ms	浙江省	杭州市	这里是日志信息......
2022-09-16 14:53:59.807948	[INFO]	barcode_service.py	响应时间:526ms	湖南省	张家界市	这里是日志信息......
2022-09-16 14:53:59.807948	[INFO]	user_manager.py	响应时间:879ms	山东省	济南市	这里是日志信息......
2022-09-16 14:53:59.807948	[WARN]	goods_manager.py	响应时间:164ms	广东省	深圳市	这里是日志信息......
2022-09-16 14:53:59.807948	[INFO]	orders_service.py	响应时间:842ms	重庆市	九龙坡区	这里是日志信息......
2022-09-16 14:53:59.807948	[WARN]	event.py	响应时间:838ms	山东省	济南市	这里是日志信息......
2022-09-16 14:53:59.807948	[INFO]	shop_manager.py	响应时间:238ms	山东省	济南市	这里是日志信息......
2022-09-16 14:53:59.807948	[INFO]	orders_service.py	响应时间:842ms	上海市	杨浦区	这里是日志信息......
2022-09-16 14:53:59.807948	[INFO]	orders_service.py	响应时间:163ms	天津市	河西区	这里是日志信息......
2022-09-16 14:53:59.807948	[INFO]	goods_manager.py	响应时间:290ms	重庆市	万州区	这里是日志信息......
2022-09-16 14:53:59.807948	[INFO]	event.py	响应时间:518ms	山东省	青岛市	这里是日志信息......
2022-09-16 14:53:59.807948	[WARN]	user_manager.py	响应时间:190ms	重庆市	万州区	这里是日志信息......
2022-09-16 14:53:59.807948	[INFO]	barcode_service.py	响应时间:908ms	安徽省	合肥市	这里是日志信息......
2022-09-16 14:53:59.807948	[INFO]	event.py	响应时间:351ms	山东省	青岛市	这里是日志信息......
2022-09-16 14:53:59.807948	[INFO]	barcode_service.py	响应时间:243ms	湖南省	长沙市	这里是日志信息......
2022-09-16 14:53:59.807948	[INFO]	shop_manager.py	响应时间:74ms	江苏省	张家港市	这里是日志信息......
2022-09-16 14:53:59.807948	[INFO]	orders_service.py	响应时间:85ms	浙江省	湖州市	这里是日志信息......
2022-09-16 14:53:59.807948	[INFO]	barcode_service.py	响应时间:203ms	重庆市	万州区	这里是日志信息......
2022-09-16 14:53:59.807948	[INFO]	event.py	响应时间:421ms	江苏省	张家港市	这里是日志信息......
2022-09-16 14:53:59.807948	[WARN]	goods_manager.py	响应时间:844ms	天津市	河西区	这里是日志信息......
2022-09-16 14:53:59.807948	[INFO]	orders_service.py	响应时间:584ms	湖北省	武汉市	这里是日志信息......
2022-09-16 14:53:59.807948	[INFO]	goods_manager.py	响应时间:92ms	广东省	深圳市	这里是日志信息......
2022-09-16 14:53:59.807948	[INFO]	user_manager.py	响应时间:518ms	北京市	大兴区	这里是日志信息......
2022-09-16 14:53:59.807948	[INFO]	orders_service.py	响应时间:692ms	北京市	昌平区	这里是日志信息......
2022-09-16 14:53:59.807948	[INFO]	user_manager.py	响应时间:568ms	浙江省	绍兴市	这里是日志信息......
2022-09-16 14:53:59.807948	[INFO]	event.py	响应时间:776ms	浙江省	金华市	这里是日志信息......
2022-09-16 14:53:59.807948	[INFO]	event.py	响应时间:165ms	重庆市	万州区	这里是日志信息......
2022-09-16 14:53:59.807948	[INFO]	base_network.py	响应时间:25ms	湖北省	十堰市	这里是日志信息......
2022-09-16 14:53:59.807948	[INFO]	barcode_service.py	响应时间:353ms	上海市	浦东新区	这里是日志信息......
2022-09-16 14:53:59.807948	[INFO]	base_network.py	响应时间:61ms	湖南省	长沙市	这里是日志信息......
2022-09-16 14:53:59.807948	[WARN]	goods_manager.py	响应时间:474ms	湖北省	武汉市	这里是日志信息......
2022-09-16 14:53:59.807948	[INFO]	goods_manager.py	响应时间:255ms	湖北省	武汉市	这里是日志信息......
2022-09-16 14:53:59.807948	[INFO]	orders_service.py	响应时间:538ms	广东省	深圳市	这里是日志信息......
2022-09-16 14:53:59.807948	[INFO]	barcode_service.py	响应时间:43ms	安徽省	芜湖市	这里是日志信息......
2022-09-16 14:53:59.807948	[INFO]	event.py	响应时间:694ms	湖北省	荆州市	这里是日志信息......
2022-09-16 14:53:59.807948	[INFO]	event.py	响应时间:906ms	上海市	浦东新区	这里是日志信息......
2022-09-16 14:53:59.807948	[INFO]	base_network.py	响应时间:579ms	重庆市	涪陵区	这里是日志信息......
2022-09-16 14:53:59.807948	[WARN]	barcode_service.py	响应时间:651ms	浙江省	绍兴市	这里是日志信息......
2022-09-16 14:53:59.807948	[INFO]	goods_manager.py	响应时间:973ms	上海市	普陀区	这里是日志信息......
2022-09-16 14:53:59.807948	[ERROR]	goods_manager.py	响应时间:260ms	重庆市	沙坪坝区	这里是日志信息......
2022-09-16 14:53:59.807948	[INFO]	event.py	响应时间:77ms	湖北省	武汉市	这里是日志信息......
2022-09-16 14:53:59.807948	[INFO]	orders_service.py	响应时间:691ms	江苏省	南京市	这里是日志信息......
2022-09-16 14:53:59.807948	[INFO]	event.py	响应时间:884ms	上海市	静安区	这里是日志信息......
2022-09-16 14:53:59.807948	[WARN]	base_network.py	响应时间:367ms	广东省	深圳市	这里是日志信息......
2022-09-16 14:53:59.807948	[INFO]	event.py	响应时间:970ms	天津市	河西区	这里是日志信息......
2022-09-16 14:53:59.807948	[INFO]	goods_manager.py	响应时间:903ms	江苏省	苏州市	这里是日志信息......
2022-09-16 14:53:59.807948	[INFO]	base_network.py	响应时间:425ms	湖南省	长沙市	这里是日志信息......
2022-09-16 14:53:59.807948	[INFO]	shop_manager.py	响应时间:703ms	山东省	青岛市	这里是日志信息......
2022-09-16 14:53:59.807948	[INFO]	event.py	响应时间:249ms	湖北省	荆州市	这里是日志信息......
2022-09-16 14:53:59.808955	[INFO]	shop_manager.py	响应时间:87ms	重庆市	万州区	这里是日志信息......
2022-09-16 14:53:59.808955	[WARN]	event.py	响应时间:24ms	上海市	宝山区	这里是日志信息......
2022-09-16 14:53:59.808955	[INFO]	base_network.py	响应时间:763ms	山东省	济南市	这里是日志信息......
2022-09-16 14:53:59.808955	[INFO]	goods_manager.py	响应时间:380ms	上海市	黄浦区	这里是日志信息......
2022-09-16 14:53:59.808955	[INFO]	event.py	响应时间:302ms	重庆市	沙坪坝区	这里是日志信息......
2022-09-16 14:53:59.808955	[INFO]	user_manager.py	响应时间:417ms	浙江省	杭州市	这里是日志信息......
2022-09-16 14:53:59.808955	[INFO]	goods_manager.py	响应时间:357ms	北京市	大兴区	这里是日志信息......
2022-09-16 14:53:59.808955	[INFO]	goods_manager.py	响应时间:175ms	广东省	珠海市	这里是日志信息......
2022-09-16 14:53:59.808955	[INFO]	shop_manager.py	响应时间:32ms	湖南省	长沙市	这里是日志信息......
2022-09-16 14:53:59.808955	[INFO]	orders_service.py	响应时间:927ms	广东省	深圳市	这里是日志信息......
2022-09-16 14:53:59.808955	[INFO]	orders_service.py	响应时间:4099ms	广东省	广州市	这里是日志信息......
2022-09-16 14:53:59.808955	[INFO]	barcode_service.py	响应时间:459ms	广东省	深圳市	这里是日志信息......
2022-09-16 14:53:59.808955	[INFO]	orders_service.py	响应时间:77ms	广东省	广州市	这里是日志信息......
2022-09-16 14:53:59.808955	[INFO]	goods_manager.py	响应时间:573ms	浙江省	绍兴市	这里是日志信息......
2022-09-16 14:53:59.808955	[INFO]	goods_manager.py	响应时间:859ms	上海市	黄浦区	这里是日志信息......
2022-09-16 14:53:59.808955	[INFO]	barcode_service.py	响应时间:589ms	湖南省	长沙市	这里是日志信息......
2022-09-16 14:53:59.808955	[INFO]	barcode_service.py	响应时间:201ms	浙江省	金华市	这里是日志信息......
2022-09-16 14:53:59.808955	[INFO]	goods_manager.py	响应时间:445ms	湖北省	恩施土家族苗族自治州	这里是日志信息......
2022-09-16 14:53:59.808955	[INFO]	user_manager.py	响应时间:845ms	上海市	黄浦区	这里是日志信息......
2022-09-16 14:53:59.808955	[INFO]	event.py	响应时间:22ms	山东省	青岛市	这里是日志信息......
2022-09-16 14:53:59.808955	[INFO]	goods_manager.py	响应时间:623ms	天津市	河西区	这里是日志信息......
2022-09-16 14:53:59.808955	[INFO]	shop_manager.py	响应时间:740ms	湖北省	十堰市	这里是日志信息......
2022-09-16 14:53:59.808955	[INFO]	goods_manager.py	响应时间:378ms	北京市	海淀区	这里是日志信息......
2022-09-16 14:53:59.808955	[INFO]	goods_manager.py	响应时间:947ms	上海市	黄浦区	这里是日志信息......
2022-09-16 14:53:59.808955	[INFO]	goods_manager.py	响应时间:408ms	山东省	菏泽市	这里是日志信息......
2022-09-16 14:53:59.808955	[WARN]	goods_manager.py	响应时间:592ms	重庆市	渝中区	这里是日志信息......
2022-09-16 14:53:59.808955	[INFO]	event.py	响应时间:498ms	重庆市	渝中区	这里是日志信息......
2022-09-16 14:53:59.808955	[INFO]	goods_manager.py	响应时间:669ms	湖北省	荆州市	这里是日志信息......
2022-09-16 14:53:59.808955	[INFO]	user_manager.py	响应时间:967ms	安徽省	合肥市	这里是日志信息......
2022-09-16 14:53:59.808955	[INFO]	user_manager.py	响应时间:881ms	山东省	青岛市	这里是日志信息......
2022-09-16 14:53:59.808955	[INFO]	goods_manager.py	响应时间:930ms	上海市	徐汇区	这里是日志信息......
2022-09-16 14:53:59.808955	[INFO]	event.py	响应时间:677ms	北京市	朝阳区	这里是日志信息......
2022-09-16 14:53:59.808955	[INFO]	goods_manager.py	响应时间:66ms	山东省	青岛市	这里是日志信息......
2022-09-16 14:53:59.808955	[WARN]	event.py	响应时间:718ms	江苏省	苏州市	这里是日志信息......
2022-09-16 14:53:59.808955	[INFO]	base_network.py	响应时间:630ms	江苏省	南京市	这里是日志信息......
2022-09-16 14:53:59.808955	[INFO]	shop_manager.py	响应时间:901ms	重庆市	万州区	这里是日志信息......
2022-09-16 14:53:59.808955	[INFO]	event.py	响应时间:728ms	安徽省	阜阳市	这里是日志信息......
2022-09-16 14:53:59.808955	[INFO]	event.py	响应时间:904ms	上海市	静安区	这里是日志信息......
2022-09-16 14:53:59.808955	[INFO]	orders_service.py	响应时间:783ms	湖北省	武汉市	这里是日志信息......
2022-09-16 14:53:59.808955	[WARN]	barcode_service.py	响应时间:504ms	广东省	深圳市	这里是日志信息......
2022-09-16 14:53:59.808955	[INFO]	orders_service.py	响应时间:755ms	上海市	浦东新区	这里是日志信息......
2022-09-16 14:53:59.808955	[INFO]	goods_manager.py	响应时间:70ms	广东省	珠海市	这里是日志信息......
2022-09-16 14:53:59.808955	[INFO]	goods_manager.py	响应时间:506ms	浙江省	杭州市	这里是日志信息......
2022-09-16 14:53:59.808955	[INFO]	event.py	响应时间:899ms	北京市	海淀区	这里是日志信息......
2022-09-16 14:53:59.808955	[INFO]	goods_manager.py	响应时间:6743ms	广东省	深圳市	这里是日志信息......
2022-09-16 14:53:59.808955	[INFO]	event.py	响应时间:451ms	广东省	深圳市	这里是日志信息......
2022-09-16 14:53:59.808955	[INFO]	base_network.py	响应时间:867ms	湖南省	长沙市	这里是日志信息......
2022-09-16 14:53:59.808955	[INFO]	event.py	响应时间:404ms	广东省	广州市	这里是日志信息......
2022-09-16 14:53:59.808955	[WARN]	shop_manager.py	响应时间:399ms	天津市	河东区	这里是日志信息......
2022-09-16 14:53:59.808955	[INFO]	goods_manager.py	响应时间:679ms	广东省	深圳市	这里是日志信息......
2022-09-16 14:53:59.808955	[INFO]	event.py	响应时间:259ms	山东省	济南市	这里是日志信息......
2022-09-16 14:53:59.808955	[WARN]	user_manager.py	响应时间:117ms	江苏省	常州市	这里是日志信息......
2022-09-16 14:53:59.808955	[WARN]	shop_manager.py	响应时间:981ms	上海市	浦东新区	这里是日志信息......
2022-09-16 14:53:59.808955	[INFO]	user_manager.py	响应时间:986ms	天津市	武清区	这里是日志信息......
2022-09-16 14:53:59.808955	[INFO]	event.py	响应时间:442ms	山东省	济南市	这里是日志信息......
2022-09-16 14:53:59.808955	[INFO]	event.py	响应时间:10ms	天津市	河东区	这里是日志信息......
2022-09-16 14:53:59.808955	[INFO]	orders_service.py	响应时间:978ms	安徽省	合肥市	这里是日志信息......
2022-09-16 14:53:59.808955	[INFO]	goods_manager.py	响应时间:472ms	上海市	黄浦区	这里是日志信息......
2022-09-16 14:53:59.808955	[INFO]	goods_manager.py	响应时间:670ms	广东省	珠海市	这里是日志信息......
2022-09-16 14:53:59.808955	[INFO]	barcode_service.py	响应时间:165ms	广东省	广州市	这里是日志信息......
2022-09-16 14:53:59.808955	[INFO]	goods_manager.py	响应时间:170ms	江苏省	苏州市	这里是日志信息......
2022-09-16 14:53:59.808955	[INFO]	user_manager.py	响应时间:429ms	上海市	浦东新区	这里是日志信息......
2022-09-16 14:53:59.808955	[INFO]	shop_manager.py	响应时间:694ms	湖北省	十堰市	这里是日志信息......
2022-09-16 14:53:59.808955	[INFO]	goods_manager.py	响应时间:833ms	山东省	菏泽市	这里是日志信息......
2022-09-16 14:53:59.808955	[INFO]	base_network.py	响应时间:480ms	浙江省	舟山市	这里是日志信息......
2022-09-16 14:53:59.808955	[ERROR]	barcode_service.py	响应时间:839ms	山东省	青岛市	这里是日志信息......
2022-09-16 14:53:59.808955	[INFO]	base_network.py	响应时间:334ms	湖南省	株洲市	这里是日志信息......
2022-09-16 14:53:59.808955	[INFO]	barcode_service.py	响应时间:170ms	浙江省	嘉兴市	这里是日志信息......
2022-09-16 14:53:59.808955	[INFO]	orders_service.py	响应时间:195ms	江苏省	南京市	这里是日志信息......
2022-09-16 14:53:59.808955	[INFO]	goods_manager.py	响应时间:339ms	天津市	宝坻区	这里是日志信息......
2022-09-16 14:53:59.809961	[INFO]	orders_service.py	响应时间:4556ms	上海市	黄浦区	这里是日志信息......
2022-09-16 14:53:59.809961	[INFO]	barcode_service.py	响应时间:421ms	山东省	济南市	这里是日志信息......
2022-09-16 14:53:59.809961	[INFO]	orders_service.py	响应时间:286ms	上海市	徐汇区	这里是日志信息......
2022-09-16 14:53:59.809961	[INFO]	goods_manager.py	响应时间:45ms	安徽省	合肥市	这里是日志信息......
2022-09-16 14:53:59.809961	[INFO]	goods_manager.py	响应时间:697ms	浙江省	杭州市	这里是日志信息......
2022-09-16 14:53:59.809961	[INFO]	orders_service.py	响应时间:961ms	上海市	浦东新区	这里是日志信息......
2022-09-16 14:53:59.809961	[WARN]	orders_service.py	响应时间:395ms	重庆市	涪陵区	这里是日志信息......
2022-09-16 14:53:59.809961	[INFO]	event.py	响应时间:356ms	天津市	和平区	这里是日志信息......
2022-09-16 14:53:59.809961	[INFO]	orders_service.py	响应时间:679ms	江苏省	宿迁市	这里是日志信息......
2022-09-16 14:53:59.809961	[INFO]	goods_manager.py	响应时间:3591ms	湖南省	常德市	这里是日志信息......
2022-09-16 14:53:59.809961	[INFO]	goods_manager.py	响应时间:372ms	广东省	广州市	这里是日志信息......
2022-09-16 14:53:59.809961	[WARN]	goods_manager.py	响应时间:723ms	浙江省	嘉兴市	这里是日志信息......
2022-09-16 14:53:59.809961	[INFO]	orders_service.py	响应时间:60ms	北京市	大兴区	这里是日志信息......
2022-09-16 14:53:59.809961	[WARN]	user_manager.py	响应时间:695ms	湖北省	荆州市	这里是日志信息......
2022-09-16 14:53:59.809961	[INFO]	event.py	响应时间:749ms	安徽省	合肥市	这里是日志信息......
2022-09-16 14:53:59.809961	[INFO]	orders_service.py	响应时间:564ms	山东省	青岛市	这里是日志信息......
2022-09-16 14:53:59.809961	[INFO]	event.py	响应时间:630ms	山东省	济南市	这里是日志信息......
2022-09-16 14:53:59.809961	[WARN]	event.py	响应时间:303ms	湖北省	武汉市	这里是日志信息......
2022-09-16 14:53:59.809961	[INFO]	user_manager.py	响应时间:353ms	天津市	宝坻区	这里是日志信息......
2022-09-16 14:53:59.809961	[INFO]	goods_manager.py	响应时间:74ms	天津市	宝坻区	这里是日志信息......
2022-09-16 14:53:59.809961	[INFO]	event.py	响应时间:927ms	浙江省	杭州市	这里是日志信息......
2022-09-16 14:53:59.809961	[INFO]	base_network.py	响应时间:385ms	重庆市	万州区	这里是日志信息......
2022-09-16 14:53:59.809961	[INFO]	event.py	响应时间:418ms	重庆市	万州区	这里是日志信息......
2022-09-16 14:53:59.809961	[INFO]	user_manager.py	响应时间:159ms	山东省	济南市	这里是日志信息......
2022-09-16 14:53:59.809961	[INFO]	event.py	响应时间:553ms	天津市	宝坻区	这里是日志信息......
2022-09-16 14:53:59.809961	[INFO]	shop_manager.py	响应时间:408ms	江苏省	苏州市	这里是日志信息......
2022-09-16 14:53:59.809961	[WARN]	goods_manager.py	响应时间:785ms	湖北省	十堰市	这里是日志信息......
2022-09-16 14:53:59.809961	[INFO]	orders_service.py	响应时间:540ms	湖北省	武汉市	这里是日志信息......
2022-09-16 14:53:59.809961	[INFO]	goods_manager.py	响应时间:608ms	北京市	昌平区	这里是日志信息......
2022-09-16 14:53:59.809961	[INFO]	orders_service.py	响应时间:761ms	安徽省	阜阳市	这里是日志信息......
2022-09-16 14:53:59.809961	[WARN]	orders_service.py	响应时间:964ms	安徽省	合肥市	这里是日志信息......
2022-09-16 14:53:59.809961	[ERROR]	barcode_service.py	响应时间:867ms	上海市	徐汇区	这里是日志信息......
2022-09-16 14:53:59.809961	[INFO]	base_network.py	响应时间:264ms	重庆市	渝中区	这里是日志信息......
2022-09-16 14:53:59.809961	[INFO]	event.py	响应时间:836ms	上海市	杨浦区	这里是日志信息......
2022-09-16 14:53:59.809961	[WARN]	user_manager.py	响应时间:4925ms	湖南省	益阳市	这里是日志信息......
2022-09-16 14:53:59.809961	[INFO]	orders_service.py	响应时间:788ms	湖南省	长沙市	这里是日志信息......
2022-09-16 14:53:59.809961	[INFO]	event.py	响应时间:6075ms	湖北省	武汉市	这里是日志信息......
2022-09-16 14:53:59.809961	[WARN]	user_manager.py	响应时间:332ms	山东省	青岛市	这里是日志信息......
2022-09-16 14:53:59.809961	[INFO]	shop_manager.py	响应时间:927ms	广东省	深圳市	这里是日志信息......
2022-09-16 14:53:59.809961	[INFO]	user_manager.py	响应时间:279ms	重庆市	涪陵区	这里是日志信息......
2022-09-16 14:53:59.809961	[INFO]	goods_manager.py	响应时间:692ms	湖南省	益阳市	这里是日志信息......
2022-09-16 14:53:59.809961	[INFO]	orders_service.py	响应时间:103ms	湖北省	荆州市	这里是日志信息......
2022-09-16 14:53:59.809961	[INFO]	orders_service.py	响应时间:49ms	重庆市	南岸区	这里是日志信息......
2022-09-16 14:53:59.809961	[INFO]	user_manager.py	响应时间:686ms	湖北省	恩施土家族苗族自治州	这里是日志信息......
2022-09-16 14:53:59.809961	[INFO]	event.py	响应时间:798ms	浙江省	杭州市	这里是日志信息......
2022-09-16 14:53:59.809961	[WARN]	barcode_service.py	响应时间:924ms	北京市	海淀区	这里是日志信息......
2022-09-16 14:53:59.809961	[WARN]	event.py	响应时间:616ms	广东省	广州市	这里是日志信息......
2022-09-16 14:53:59.809961	[INFO]	goods_manager.py	响应时间:311ms	江苏省	宿迁市	这里是日志信息......
2022-09-16 14:53:59.809961	[INFO]	orders_service.py	响应时间:546ms	安徽省	芜湖市	这里是日志信息......
2022-09-16 14:53:59.809961	[INFO]	barcode_service.py	响应时间:101ms	浙江省	杭州市	这里是日志信息......
2022-09-16 14:53:59.809961	[INFO]	goods_manager.py	响应时间:63ms	重庆市	涪陵区	这里是日志信息......
2022-09-16 14:53:59.809961	[INFO]	event.py	响应时间:120ms	江苏省	宿迁市	这里是日志信息......
2022-09-16 14:53:59.809961	[INFO]	user_manager.py	响应时间:743ms	重庆市	九龙坡区	这里是日志信息......
2022-09-16 14:53:59.809961	[INFO]	event.py	响应时间:473ms	山东省	青岛市	这里是日志信息......
2022-09-16 14:53:59.809961	[INFO]	event.py	响应时间:274ms	安徽省	芜湖市	这里是日志信息......
2022-09-16 14:53:59.809961	[WARN]	base_network.py	响应时间:856ms	天津市	和平区	这里是日志信息......
2022-09-16 14:53:59.809961	[INFO]	event.py	响应时间:294ms	湖北省	武汉市	这里是日志信息......
2022-09-16 14:53:59.809961	[INFO]	base_network.py	响应时间:52ms	山东省	菏泽市	这里是日志信息......
2022-09-16 14:53:59.809961	[INFO]	base_network.py	响应时间:622ms	广东省	深圳市	这里是日志信息......
2022-09-16 14:53:59.809961	[INFO]	orders_service.py	响应时间:79ms	北京市	昌平区	这里是日志信息......
2022-09-16 14:53:59.809961	[INFO]	shop_manager.py	响应时间:973ms	湖北省	恩施土家族苗族自治州	这里是日志信息......
2022-09-16 14:53:59.809961	[INFO]	goods_manager.py	响应时间:268ms	湖北省	武汉市	这里是日志信息......
2022-09-16 14:53:59.809961	[INFO]	event.py	响应时间:151ms	山东省	青岛市	这里是日志信息......
2022-09-16 14:53:59.809961	[INFO]	orders_service.py	响应时间:142ms	山东省	菏泽市	这里是日志信息......
2022-09-16 14:53:59.809961	[INFO]	barcode_service.py	响应时间:578ms	山东省	青岛市	这里是日志信息......
2022-09-16 14:53:59.809961	[INFO]	event.py	响应时间:669ms	重庆市	万州区	这里是日志信息......
2022-09-16 14:53:59.809961	[INFO]	barcode_service.py	响应时间:485ms	广东省	深圳市	这里是日志信息......
2022-09-16 14:53:59.809961	[INFO]	event.py	响应时间:216ms	广东省	广州市	这里是日志信息......
2022-09-16 14:53:59.809961	[INFO]	barcode_service.py	响应时间:444ms	湖南省	长沙市	这里是日志信息......
2022-09-16 14:53:59.809961	[INFO]	goods_manager.py	响应时间:4140ms	广东省	珠海市	这里是日志信息......
2022-09-16 14:53:59.809961	[INFO]	goods_manager.py	响应时间:41ms	浙江省	杭州市	这里是日志信息......
2022-09-16 14:53:59.810962	[INFO]	goods_manager.py	响应时间:215ms	天津市	宝坻区	这里是日志信息......
2022-09-16 14:53:59.810962	[INFO]	event.py	响应时间:76ms	北京市	丰台区	这里是日志信息......
2022-09-16 14:53:59.810962	[INFO]	event.py	响应时间:907ms	山东省	青岛市	这里是日志信息......
2022-09-16 14:53:59.810962	[INFO]	goods_manager.py	响应时间:114ms	北京市	海淀区	这里是日志信息......
2022-09-16 14:53:59.810962	[WARN]	barcode_service.py	响应时间:603ms	安徽省	六安市	这里是日志信息......
2022-09-16 14:53:59.810962	[INFO]	user_manager.py	响应时间:458ms	湖北省	武汉市	这里是日志信息......
2022-09-16 14:53:59.810962	[WARN]	base_network.py	响应时间:638ms	江苏省	无锡市	这里是日志信息......
2022-09-16 14:53:59.810962	[INFO]	event.py	响应时间:409ms	湖北省	武汉市	这里是日志信息......
2022-09-16 14:53:59.810962	[WARN]	orders_service.py	响应时间:723ms	北京市	朝阳区	这里是日志信息......
2022-09-16 14:53:59.810962	[INFO]	shop_manager.py	响应时间:85ms	上海市	浦东新区	这里是日志信息......
2022-09-16 14:53:59.810962	[INFO]	goods_manager.py	响应时间:951ms	山东省	青岛市	这里是日志信息......
2022-09-16 14:53:59.810962	[INFO]	shop_manager.py	响应时间:5185ms	上海市	黄浦区	这里是日志信息......
2022-09-16 14:53:59.810962	[ERROR]	barcode_service.py	响应时间:344ms	江苏省	苏州市	这里是日志信息......
2022-09-16 14:53:59.810962	[INFO]	orders_service.py	响应时间:53ms	江苏省	无锡市	这里是日志信息......
2022-09-16 14:53:59.810962	[WARN]	goods_manager.py	响应时间:60ms	江苏省	宿迁市	这里是日志信息......
2022-09-16 14:53:59.810962	[INFO]	goods_manager.py	响应时间:802ms	山东省	青岛市	这里是日志信息......
2022-09-16 14:53:59.810962	[INFO]	base_network.py	响应时间:506ms	江苏省	苏州市	这里是日志信息......
2022-09-16 14:53:59.810962	[INFO]	user_manager.py	响应时间:815ms	山东省	济南市	这里是日志信息......
2022-09-16 14:53:59.810962	[WARN]	orders_service.py	响应时间:6ms	天津市	和平区	这里是日志信息......
2022-09-16 14:53:59.810962	[ERROR]	event.py	响应时间:490ms	重庆市	南岸区	这里是日志信息......
2022-09-16 14:53:59.810962	[INFO]	orders_service.py	响应时间:372ms	安徽省	合肥市	这里是日志信息......
2022-09-16 14:53:59.810962	[INFO]	event.py	响应时间:490ms	山东省	菏泽市	这里是日志信息......
2022-09-16 14:53:59.810962	[INFO]	goods_manager.py	响应时间:6ms	广东省	广州市	这里是日志信息......
2022-09-16 14:53:59.810962	[WARN]	event.py	响应时间:361ms	山东省	济南市	这里是日志信息......
2022-09-16 14:53:59.810962	[INFO]	user_manager.py	响应时间:725ms	广东省	珠海市	这里是日志信息......
2022-09-16 14:53:59.810962	[INFO]	event.py	响应时间:783ms	江苏省	宿迁市	这里是日志信息......
2022-09-16 14:53:59.810962	[INFO]	orders_service.py	响应时间:231ms	山东省	菏泽市	这里是日志信息......
2022-09-16 14:53:59.810962	[INFO]	user_manager.py	响应时间:672ms	山东省	青岛市	这里是日志信息......
2022-09-16 14:53:59.810962	[INFO]	barcode_service.py	响应时间:294ms	天津市	宝坻区	这里是日志信息......
2022-09-16 14:53:59.810962	[INFO]	barcode_service.py	响应时间:313ms	山东省	青岛市	这里是日志信息......
2022-09-16 14:53:59.810962	[INFO]	barcode_service.py	响应时间:751ms	上海市	浦东新区	这里是日志信息......
2022-09-16 14:53:59.810962	[INFO]	event.py	响应时间:487ms	湖北省	武汉市	这里是日志信息......
2022-09-16 14:53:59.810962	[INFO]	shop_manager.py	响应时间:223ms	山东省	青岛市	这里是日志信息......
2022-09-16 14:53:59.810962	[INFO]	goods_manager.py	响应时间:729ms	广东省	深圳市	这里是日志信息......
2022-09-16 14:53:59.810962	[INFO]	goods_manager.py	响应时间:838ms	天津市	武清区	这里是日志信息......
2022-09-16 14:53:59.810962	[INFO]	user_manager.py	响应时间:192ms	天津市	武清区	这里是日志信息......
2022-09-16 14:53:59.810962	[INFO]	user_manager.py	响应时间:301ms	湖北省	武汉市	这里是日志信息......
2022-09-16 14:53:59.810962	[INFO]	event.py	响应时间:578ms	安徽省	芜湖市	这里是日志信息......
2022-09-16 14:53:59.810962	[INFO]	user_manager.py	响应时间:614ms	安徽省	芜湖市	这里是日志信息......
2022-09-16 14:53:59.810962	[INFO]	event.py	响应时间:676ms	天津市	武清区	这里是日志信息......
2022-09-16 14:53:59.810962	[WARN]	user_manager.py	响应时间:457ms	山东省	青岛市	这里是日志信息......
2022-09-16 14:53:59.810962	[INFO]	orders_service.py	响应时间:433ms	北京市	朝阳区	这里是日志信息......
2022-09-16 14:53:59.810962	[INFO]	barcode_service.py	响应时间:342ms	湖南省	长沙市	这里是日志信息......
2022-09-16 14:53:59.810962	[INFO]	event.py	响应时间:353ms	安徽省	六安市	这里是日志信息......
2022-09-16 14:53:59.810962	[INFO]	user_manager.py	响应时间:734ms	天津市	河东区	这里是日志信息......
2022-09-16 14:53:59.810962	[INFO]	goods_manager.py	响应时间:2690ms	上海市	浦东新区	这里是日志信息......
2022-09-16 14:53:59.810962	[INFO]	event.py	响应时间:194ms	山东省	青岛市	这里是日志信息......
2022-09-16 14:53:59.810962	[WARN]	orders_service.py	响应时间:354ms	天津市	宝坻区	这里是日志信息......
2022-09-16 14:53:59.810962	[INFO]	event.py	响应时间:541ms	山东省	济南市	这里是日志信息......
2022-09-16 14:53:59.810962	[INFO]	goods_manager.py	响应时间:198ms	上海市	普陀区	这里是日志信息......
2022-09-16 14:53:59.810962	[INFO]	orders_service.py	响应时间:672ms	浙江省	金华市	这里是日志信息......
2022-09-16 14:53:59.810962	[INFO]	shop_manager.py	响应时间:177ms	天津市	河东区	这里是日志信息......
2022-09-16 14:53:59.810962	[INFO]	goods_manager.py	响应时间:572ms	广东省	广州市	这里是日志信息......
2022-09-16 14:53:59.810962	[INFO]	event.py	响应时间:710ms	天津市	宝坻区	这里是日志信息......
2022-09-16 14:53:59.810962	[INFO]	orders_service.py	响应时间:775ms	湖南省	长沙市	这里是日志信息......
2022-09-16 14:53:59.810962	[INFO]	user_manager.py	响应时间:404ms	湖南省	长沙市	这里是日志信息......
2022-09-16 14:53:59.810962	[INFO]	shop_manager.py	响应时间:218ms	重庆市	沙坪坝区	这里是日志信息......
2022-09-16 14:53:59.810962	[INFO]	event.py	响应时间:491ms	山东省	青岛市	这里是日志信息......
2022-09-16 14:53:59.810962	[INFO]	goods_manager.py	响应时间:638ms	湖北省	武汉市	这里是日志信息......
2022-09-16 14:53:59.810962	[INFO]	base_network.py	响应时间:986ms	广东省	广州市	这里是日志信息......
2022-09-16 14:53:59.810962	[INFO]	goods_manager.py	响应时间:39ms	湖南省	长沙市	这里是日志信息......
2022-09-16 14:53:59.810962	[INFO]	orders_service.py	响应时间:976ms	浙江省	杭州市	这里是日志信息......
2022-09-16 14:53:59.810962	[WARN]	user_manager.py	响应时间:86ms	浙江省	绍兴市	这里是日志信息......
2022-09-16 14:53:59.810962	[INFO]	event.py	响应时间:185ms	上海市	杨浦区	这里是日志信息......
2022-09-16 14:53:59.810962	[INFO]	barcode_service.py	响应时间:174ms	湖南省	长沙市	这里是日志信息......
2022-09-16 14:53:59.810962	[WARN]	orders_service.py	响应时间:931ms	北京市	海淀区	这里是日志信息......
2022-09-16 14:53:59.810962	[INFO]	barcode_service.py	响应时间:21ms	广东省	广州市	这里是日志信息......
2022-09-16 14:53:59.810962	[INFO]	goods_manager.py	响应时间:885ms	湖北省	恩施土家族苗族自治州	这里是日志信息......
2022-09-16 14:53:59.810962	[INFO]	user_manager.py	响应时间:335ms	天津市	和平区	这里是日志信息......
2022-09-16 14:53:59.810962	[INFO]	orders_service.py	响应时间:527ms	重庆市	万州区	这里是日志信息......
2022-09-16 14:53:59.810962	[INFO]	event.py	响应时间:222ms	北京市	海淀区	这里是日志信息......
2022-09-16 14:53:59.811955	[INFO]	user_manager.py	响应时间:6889ms	湖南省	长沙市	这里是日志信息......
2022-09-16 14:53:59.811955	[INFO]	barcode_service.py	响应时间:312ms	山东省	青岛市	这里是日志信息......
2022-09-16 14:53:59.811955	[WARN]	orders_service.py	响应时间:249ms	山东省	菏泽市	这里是日志信息......
2022-09-16 14:53:59.811955	[WARN]	event.py	响应时间:160ms	天津市	武清区	这里是日志信息......
2022-09-16 14:53:59.811955	[INFO]	event.py	响应时间:996ms	安徽省	铜陵市	这里是日志信息......
2022-09-16 14:53:59.811955	[INFO]	goods_manager.py	响应时间:415ms	浙江省	杭州市	这里是日志信息......
2022-09-16 14:53:59.811955	[WARN]	goods_manager.py	响应时间:409ms	山东省	济南市	这里是日志信息......
2022-09-16 14:53:59.811955	[WARN]	goods_manager.py	响应时间:941ms	广东省	珠海市	这里是日志信息......
2022-09-16 14:53:59.811955	[INFO]	barcode_service.py	响应时间:868ms	湖北省	十堰市	这里是日志信息......
2022-09-16 14:53:59.811955	[INFO]	barcode_service.py	响应时间:448ms	江苏省	张家港市	这里是日志信息......
2022-09-16 14:53:59.811955	[INFO]	event.py	响应时间:308ms	广东省	珠海市	这里是日志信息......
2022-09-16 14:53:59.811955	[INFO]	goods_manager.py	响应时间:444ms	上海市	黄浦区	这里是日志信息......
2022-09-16 14:53:59.811955	[INFO]	orders_service.py	响应时间:476ms	北京市	怀柔区	这里是日志信息......
2022-09-16 14:53:59.811955	[INFO]	base_network.py	响应时间:796ms	江苏省	南京市	这里是日志信息......
2022-09-16 14:53:59.811955	[INFO]	barcode_service.py	响应时间:72ms	山东省	青岛市	这里是日志信息......
2022-09-16 14:53:59.811955	[INFO]	event.py	响应时间:398ms	湖北省	武汉市	这里是日志信息......
2022-09-16 14:53:59.811955	[WARN]	orders_service.py	响应时间:561ms	江苏省	苏州市	这里是日志信息......
2022-09-16 14:53:59.811955	[INFO]	user_manager.py	响应时间:866ms	湖南省	常德市	这里是日志信息......
2022-09-16 14:53:59.811955	[WARN]	shop_manager.py	响应时间:519ms	安徽省	合肥市	这里是日志信息......
2022-09-16 14:53:59.811955	[INFO]	event.py	响应时间:558ms	安徽省	合肥市	这里是日志信息......
2022-09-16 14:53:59.811955	[INFO]	barcode_service.py	响应时间:640ms	天津市	宝坻区	这里是日志信息......
2022-09-16 14:53:59.811955	[INFO]	user_manager.py	响应时间:518ms	天津市	河东区	这里是日志信息......
2022-09-16 14:53:59.811955	[INFO]	user_manager.py	响应时间:765ms	上海市	普陀区	这里是日志信息......
2022-09-16 14:53:59.811955	[INFO]	goods_manager.py	响应时间:718ms	江苏省	常州市	这里是日志信息......
2022-09-16 14:53:59.811955	[INFO]	base_network.py	响应时间:80ms	江苏省	苏州市	这里是日志信息......
2022-09-16 14:53:59.811955	[INFO]	user_manager.py	响应时间:84ms	广东省	广州市	这里是日志信息......
2022-09-16 14:53:59.811955	[INFO]	goods_manager.py	响应时间:848ms	湖北省	武汉市	这里是日志信息......
2022-09-16 14:53:59.811955	[INFO]	event.py	响应时间:790ms	浙江省	嘉兴市	这里是日志信息......
2022-09-16 14:53:59.811955	[INFO]	orders_service.py	响应时间:188ms	北京市	怀柔区	这里是日志信息......
2022-09-16 14:53:59.811955	[INFO]	user_manager.py	响应时间:587ms	江苏省	无锡市	这里是日志信息......
2022-09-16 14:53:59.811955	[INFO]	base_network.py	响应时间:815ms	广东省	深圳市	这里是日志信息......
2022-09-16 14:53:59.811955	[INFO]	event.py	响应时间:953ms	天津市	武清区	这里是日志信息......
2022-09-16 14:53:59.811955	[INFO]	barcode_service.py	响应时间:970ms	安徽省	六安市	这里是日志信息......
2022-09-16 14:53:59.811955	[INFO]	base_network.py	响应时间:483ms	上海市	普陀区	这里是日志信息......
2022-09-16 14:53:59.811955	[INFO]	orders_service.py	响应时间:874ms	北京市	朝阳区	这里是日志信息......
2022-09-16 14:53:59.811955	[INFO]	goods_manager.py	响应时间:429ms	江苏省	常州市	这里是日志信息......
2022-09-16 14:53:59.811955	[INFO]	user_manager.py	响应时间:979ms	广东省	深圳市	这里是日志信息......
2022-09-16 14:53:59.811955	[WARN]	shop_manager.py	响应时间:215ms	北京市	怀柔区	这里是日志信息......
2022-09-16 14:53:59.811955	[INFO]	shop_manager.py	响应时间:550ms	湖南省	益阳市	这里是日志信息......
2022-09-16 14:53:59.811955	[INFO]	goods_manager.py	响应时间:238ms	上海市	浦东新区	这里是日志信息......
2022-09-16 14:53:59.811955	[INFO]	goods_manager.py	响应时间:408ms	安徽省	合肥市	这里是日志信息......
2022-09-16 14:53:59.811955	[INFO]	user_manager.py	响应时间:159ms	江苏省	南京市	这里是日志信息......
2022-09-16 14:53:59.811955	[INFO]	user_manager.py	响应时间:986ms	重庆市	涪陵区	这里是日志信息......
2022-09-16 14:53:59.811955	[INFO]	user_manager.py	响应时间:5292ms	湖北省	武汉市	这里是日志信息......
2022-09-16 14:53:59.811955	[INFO]	orders_service.py	响应时间:513ms	安徽省	合肥市	这里是日志信息......
2022-09-16 14:53:59.811955	[INFO]	base_network.py	响应时间:652ms	江苏省	常州市	这里是日志信息......
2022-09-16 14:53:59.811955	[INFO]	user_manager.py	响应时间:361ms	湖南省	长沙市	这里是日志信息......
2022-09-16 14:53:59.811955	[INFO]	shop_manager.py	响应时间:826ms	湖北省	武汉市	这里是日志信息......
2022-09-16 14:53:59.811955	[INFO]	event.py	响应时间:950ms	天津市	宝坻区	这里是日志信息......
2022-09-16 14:53:59.811955	[INFO]	orders_service.py	响应时间:625ms	湖北省	十堰市	这里是日志信息......
2022-09-16 14:53:59.811955	[WARN]	orders_service.py	响应时间:243ms	湖南省	张家界市	这里是日志信息......
2022-09-16 14:53:59.811955	[INFO]	goods_manager.py	响应时间:198ms	山东省	菏泽市	这里是日志信息......
2022-09-16 14:53:59.811955	[INFO]	goods_manager.py	响应时间:9ms	广东省	珠海市	这里是日志信息......
2022-09-16 14:53:59.811955	[INFO]	orders_service.py	响应时间:94ms	上海市	黄浦区	这里是日志信息......
2022-09-16 14:53:59.811955	[INFO]	event.py	响应时间:516ms	天津市	河东区	这里是日志信息......
2022-09-16 14:53:59.811955	[INFO]	goods_manager.py	响应时间:784ms	湖南省	长沙市	这里是日志信息......
2022-09-16 14:53:59.811955	[WARN]	goods_manager.py	响应时间:627ms	山东省	青岛市	这里是日志信息......
2022-09-16 14:53:59.811955	[INFO]	goods_manager.py	响应时间:3864ms	浙江省	金华市	这里是日志信息......
2022-09-16 14:53:59.811955	[WARN]	goods_manager.py	响应时间:381ms	重庆市	渝中区	这里是日志信息......
2022-09-16 14:53:59.811955	[INFO]	user_manager.py	响应时间:786ms	北京市	昌平区	这里是日志信息......
2022-09-16 14:53:59.811955	[INFO]	orders_service.py	响应时间:133ms	天津市	河西区	这里是日志信息......
2022-09-16 14:53:59.811955	[INFO]	event.py	响应时间:337ms	安徽省	六安市	这里是日志信息......
2022-09-16 14:53:59.811955	[INFO]	orders_service.py	响应时间:314ms	湖南省	长沙市	这里是日志信息......
2022-09-16 14:53:59.811955	[INFO]	event.py	响应时间:651ms	重庆市	万州区	这里是日志信息......
2022-09-16 14:53:59.811955	[INFO]	event.py	响应时间:933ms	浙江省	杭州市	这里是日志信息......
2022-09-16 14:53:59.811955	[INFO]	orders_service.py	响应时间:444ms	重庆市	九龙坡区	这里是日志信息......
2022-09-16 14:53:59.811955	[INFO]	event.py	响应时间:251ms	浙江省	舟山市	这里是日志信息......
2022-09-16 14:53:59.811955	[INFO]	orders_service.py	响应时间:796ms	山东省	菏泽市	这里是日志信息......
2022-09-16 14:53:59.811955	[INFO]	orders_service.py	响应时间:943ms	浙江省	杭州市	这里是日志信息......
2022-09-16 14:53:59.811955	[INFO]	orders_service.py	响应时间:476ms	山东省	青岛市	这里是日志信息......
2022-09-16 14:53:59.811955	[ERROR]	base_network.py	响应时间:214ms	山东省	青岛市	这里是日志信息......
2022-09-16 14:53:59.811955	[INFO]	orders_service.py	响应时间:107ms	安徽省	铜陵市	这里是日志信息......
2022-09-16 14:53:59.811955	[INFO]	user_manager.py	响应时间:303ms	湖南省	常德市	这里是日志信息......
2022-09-16 14:53:59.811955	[INFO]	barcode_service.py	响应时间:204ms	浙江省	杭州市	这里是日志信息......
2022-09-16 14:53:59.812956	[INFO]	orders_service.py	响应时间:661ms	北京市	海淀区	这里是日志信息......
2022-09-16 14:53:59.812956	[INFO]	event.py	响应时间:682ms	浙江省	湖州市	这里是日志信息......
2022-09-16 14:53:59.812956	[INFO]	barcode_service.py	响应时间:63ms	湖北省	十堰市	这里是日志信息......
2022-09-16 14:53:59.812956	[INFO]	goods_manager.py	响应时间:551ms	山东省	青岛市	这里是日志信息......
2022-09-16 14:53:59.812956	[INFO]	event.py	响应时间:655ms	湖南省	长沙市	这里是日志信息......
2022-09-16 14:53:59.812956	[INFO]	user_manager.py	响应时间:760ms	北京市	丰台区	这里是日志信息......
2022-09-16 14:53:59.812956	[INFO]	barcode_service.py	响应时间:84ms	天津市	和平区	这里是日志信息......
2022-09-16 14:53:59.812956	[WARN]	user_manager.py	响应时间:359ms	天津市	宝坻区	这里是日志信息......
2022-09-16 14:53:59.812956	[INFO]	shop_manager.py	响应时间:997ms	浙江省	舟山市	这里是日志信息......
2022-09-16 14:53:59.812956	[INFO]	event.py	响应时间:372ms	北京市	大兴区	这里是日志信息......
2022-09-16 14:53:59.812956	[INFO]	shop_manager.py	响应时间:851ms	浙江省	湖州市	这里是日志信息......
2022-09-16 14:53:59.812956	[INFO]	goods_manager.py	响应时间:882ms	重庆市	南岸区	这里是日志信息......
2022-09-16 14:53:59.812956	[INFO]	event.py	响应时间:302ms	浙江省	丽水市	这里是日志信息......
2022-09-16 14:53:59.812956	[INFO]	goods_manager.py	响应时间:394ms	上海市	黄浦区	这里是日志信息......
2022-09-16 14:53:59.812956	[INFO]	goods_manager.py	响应时间:81ms	湖南省	长沙市	这里是日志信息......
2022-09-16 14:53:59.812956	[INFO]	barcode_service.py	响应时间:767ms	江苏省	常州市	这里是日志信息......
2022-09-16 14:53:59.812956	[INFO]	orders_service.py	响应时间:115ms	广东省	广州市	这里是日志信息......
2022-09-16 14:53:59.812956	[INFO]	goods_manager.py	响应时间:289ms	湖北省	恩施土家族苗族自治州	这里是日志信息......
2022-09-16 14:53:59.812956	[INFO]	goods_manager.py	响应时间:850ms	湖南省	长沙市	这里是日志信息......
2022-09-16 14:53:59.812956	[INFO]	goods_manager.py	响应时间:543ms	重庆市	涪陵区	这里是日志信息......
2022-09-16 14:53:59.812956	[INFO]	user_manager.py	响应时间:923ms	广东省	广州市	这里是日志信息......
2022-09-16 14:53:59.812956	[INFO]	base_network.py	响应时间:698ms	山东省	青岛市	这里是日志信息......
2022-09-16 14:53:59.812956	[INFO]	goods_manager.py	响应时间:872ms	天津市	宝坻区	这里是日志信息......
2022-09-16 14:53:59.812956	[INFO]	orders_service.py	响应时间:409ms	北京市	丰台区	这里是日志信息......
2022-09-16 14:53:59.812956	[WARN]	barcode_service.py	响应时间:803ms	湖北省	武汉市	这里是日志信息......
2022-09-16 14:53:59.812956	[ERROR]	event.py	响应时间:880ms	湖南省	益阳市	这里是日志信息......
2022-09-16 14:53:59.812956	[INFO]	orders_service.py	响应时间:710ms	广东省	广州市	这里是日志信息......
2022-09-16 14:53:59.812956	[INFO]	orders_service.py	响应时间:189ms	安徽省	芜湖市	这里是日志信息......
2022-09-16 14:53:59.812956	[INFO]	orders_service.py	响应时间:532ms	山东省	青岛市	这里是日志信息......
2022-09-16 14:53:59.812956	[INFO]	goods_manager.py	响应时间:752ms	山东省	菏泽市	这里是日志信息......
2022-09-16 14:53:59.812956	[INFO]	barcode_service.py	响应时间:125ms	北京市	怀柔区	这里是日志信息......
2022-09-16 14:53:59.812956	[INFO]	base_network.py	响应时间:211ms	北京市	丰台区	这里是日志信息......
2022-09-16 14:53:59.812956	[INFO]	event.py	响应时间:294ms	浙江省	金华市	这里是日志信息......
2022-09-16 14:53:59.812956	[INFO]	goods_manager.py	响应时间:541ms	天津市	河东区	这里是日志信息......
2022-09-16 14:53:59.812956	[INFO]	base_network.py	响应时间:910ms	浙江省	绍兴市	这里是日志信息......
2022-09-16 14:53:59.812956	[INFO]	orders_service.py	响应时间:957ms	江苏省	南京市	这里是日志信息......
2022-09-16 14:53:59.812956	[INFO]	shop_manager.py	响应时间:622ms	浙江省	绍兴市	这里是日志信息......
2022-09-16 14:53:59.812956	[INFO]	orders_service.py	响应时间:727ms	山东省	济南市	这里是日志信息......
2022-09-16 14:53:59.812956	[INFO]	base_network.py	响应时间:550ms	北京市	昌平区	这里是日志信息......
2022-09-16 14:53:59.812956	[INFO]	user_manager.py	响应时间:496ms	浙江省	杭州市	这里是日志信息......
2022-09-16 14:53:59.812956	[INFO]	goods_manager.py	响应时间:37ms	江苏省	苏州市	这里是日志信息......
2022-09-16 14:53:59.812956	[INFO]	event.py	响应时间:307ms	安徽省	合肥市	这里是日志信息......
2022-09-16 14:53:59.812956	[INFO]	event.py	响应时间:688ms	广东省	广州市	这里是日志信息......
2022-09-16 14:53:59.812956	[WARN]	base_network.py	响应时间:818ms	江苏省	无锡市	这里是日志信息......
2022-09-16 14:53:59.812956	[INFO]	goods_manager.py	响应时间:902ms	湖北省	武汉市	这里是日志信息......
2022-09-16 14:53:59.812956	[INFO]	event.py	响应时间:913ms	安徽省	六安市	这里是日志信息......
2022-09-16 14:53:59.812956	[WARN]	shop_manager.py	响应时间:954ms	天津市	和平区	这里是日志信息......
2022-09-16 14:53:59.812956	[ERROR]	goods_manager.py	响应时间:685ms	广东省	深圳市	这里是日志信息......
2022-09-16 14:53:59.812956	[INFO]	barcode_service.py	响应时间:621ms	广东省	广州市	这里是日志信息......
2022-09-16 14:53:59.812956	[INFO]	shop_manager.py	响应时间:77ms	上海市	杨浦区	这里是日志信息......
2022-09-16 14:53:59.812956	[INFO]	orders_service.py	响应时间:817ms	安徽省	合肥市	这里是日志信息......
2022-09-16 14:53:59.812956	[INFO]	goods_manager.py	响应时间:691ms	北京市	昌平区	这里是日志信息......
2022-09-16 14:53:59.812956	[INFO]	goods_manager.py	响应时间:495ms	广东省	深圳市	这里是日志信息......
2022-09-16 14:53:59.812956	[INFO]	user_manager.py	响应时间:25ms	江苏省	张家港市	这里是日志信息......
2022-09-16 14:53:59.812956	[INFO]	orders_service.py	响应时间:61ms	山东省	青岛市	这里是日志信息......
2022-09-16 14:53:59.812956	[INFO]	shop_manager.py	响应时间:482ms	安徽省	阜阳市	这里是日志信息......
2022-09-16 14:53:59.812956	[INFO]	barcode_service.py	响应时间:379ms	广东省	深圳市	这里是日志信息......
2022-09-16 14:53:59.812956	[INFO]	shop_manager.py	响应时间:62ms	浙江省	绍兴市	这里是日志信息......
2022-09-16 14:53:59.812956	[INFO]	shop_manager.py	响应时间:262ms	江苏省	南京市	这里是日志信息......
2022-09-16 14:53:59.812956	[INFO]	orders_service.py	响应时间:674ms	广东省	广州市	这里是日志信息......
2022-09-16 14:53:59.812956	[INFO]	event.py	响应时间:673ms	广东省	广州市	这里是日志信息......
2022-09-16 14:53:59.812956	[INFO]	goods_manager.py	响应时间:612ms	湖南省	长沙市	这里是日志信息......
2022-09-16 14:53:59.812956	[INFO]	event.py	响应时间:673ms	重庆市	万州区	这里是日志信息......
2022-09-16 14:53:59.812956	[WARN]	orders_service.py	响应时间:778ms	上海市	静安区	这里是日志信息......
2022-09-16 14:53:59.812956	[INFO]	goods_manager.py	响应时间:605ms	上海市	黄浦区	这里是日志信息......
2022-09-16 14:53:59.812956	[INFO]	event.py	响应时间:253ms	天津市	宝坻区	这里是日志信息......
2022-09-16 14:53:59.812956	[INFO]	barcode_service.py	响应时间:809ms	广东省	深圳市	这里是日志信息......
2022-09-16 14:53:59.812956	[INFO]	goods_manager.py	响应时间:389ms	广东省	深圳市	这里是日志信息......
2022-09-16 14:53:59.812956	[INFO]	base_network.py	响应时间:595ms	天津市	和平区	这里是日志信息......
2022-09-16 14:53:59.812956	[INFO]	orders_service.py	响应时间:628ms	山东省	济南市	这里是日志信息......
2022-09-16 14:53:59.812956	[INFO]	user_manager.py	响应时间:367ms	山东省	青岛市	这里是日志信息......
2022-09-16 14:53:59.812956	[INFO]	event.py	响应时间:798ms	北京市	海淀区	这里是日志信息......
2022-09-16 14:53:59.813950	[INFO]	goods_manager.py	响应时间:807ms	江苏省	常州市	这里是日志信息......
2022-09-16 14:53:59.813950	[INFO]	event.py	响应时间:532ms	浙江省	杭州市	这里是日志信息......
2022-09-16 14:53:59.813950	[WARN]	event.py	响应时间:622ms	上海市	浦东新区	这里是日志信息......
2022-09-16 14:53:59.813950	[INFO]	event.py	响应时间:673ms	重庆市	万州区	这里是日志信息......
2022-09-16 14:53:59.813950	[INFO]	goods_manager.py	响应时间:995ms	广东省	广州市	这里是日志信息......
2022-09-16 14:53:59.813950	[INFO]	event.py	响应时间:797ms	北京市	朝阳区	这里是日志信息......
2022-09-16 14:53:59.813950	[INFO]	event.py	响应时间:801ms	天津市	河东区	这里是日志信息......
2022-09-16 14:53:59.813950	[WARN]	user_manager.py	响应时间:291ms	湖南省	长沙市	这里是日志信息......
2022-09-16 14:53:59.813950	[INFO]	event.py	响应时间:932ms	北京市	海淀区	这里是日志信息......
2022-09-16 14:53:59.813950	[ERROR]	orders_service.py	响应时间:399ms	江苏省	南京市	这里是日志信息......
2022-09-16 14:53:59.813950	[INFO]	orders_service.py	响应时间:768ms	湖北省	武汉市	这里是日志信息......
2022-09-16 14:53:59.813950	[INFO]	user_manager.py	响应时间:1664ms	江苏省	南京市	这里是日志信息......
2022-09-16 14:53:59.813950	[INFO]	goods_manager.py	响应时间:112ms	上海市	徐汇区	这里是日志信息......
2022-09-16 14:53:59.813950	[INFO]	event.py	响应时间:856ms	湖北省	恩施土家族苗族自治州	这里是日志信息......
2022-09-16 14:53:59.813950	[INFO]	base_network.py	响应时间:706ms	浙江省	湖州市	这里是日志信息......
2022-09-16 14:53:59.813950	[ERROR]	base_network.py	响应时间:765ms	安徽省	阜阳市	这里是日志信息......
2022-09-16 14:53:59.813950	[INFO]	orders_service.py	响应时间:59ms	北京市	大兴区	这里是日志信息......
2022-09-16 14:53:59.813950	[INFO]	event.py	响应时间:356ms	重庆市	万州区	这里是日志信息......
2022-09-16 14:53:59.813950	[ERROR]	shop_manager.py	响应时间:667ms	湖北省	恩施土家族苗族自治州	这里是日志信息......
2022-09-16 14:53:59.813950	[INFO]	event.py	响应时间:469ms	湖南省	张家界市	这里是日志信息......
2022-09-16 14:53:59.813950	[WARN]	shop_manager.py	响应时间:149ms	安徽省	阜阳市	这里是日志信息......
2022-09-16 14:53:59.813950	[ERROR]	event.py	响应时间:54ms	天津市	河西区	这里是日志信息......
2022-09-16 14:53:59.813950	[INFO]	orders_service.py	响应时间:992ms	湖北省	十堰市	这里是日志信息......
2022-09-16 14:53:59.813950	[INFO]	orders_service.py	响应时间:600ms	山东省	济南市	这里是日志信息......
2022-09-16 14:53:59.813950	[INFO]	goods_manager.py	响应时间:161ms	安徽省	合肥市	这里是日志信息......
2022-09-16 14:53:59.813950	[INFO]	goods_manager.py	响应时间:492ms	湖北省	武汉市	这里是日志信息......
2022-09-16 14:53:59.813950	[INFO]	goods_manager.py	响应时间:183ms	山东省	青岛市	这里是日志信息......
2022-09-16 14:53:59.813950	[INFO]	goods_manager.py	响应时间:110ms	江苏省	常州市	这里是日志信息......
2022-09-16 14:53:59.813950	[INFO]	event.py	响应时间:476ms	广东省	广州市	这里是日志信息......
2022-09-16 14:53:59.813950	[INFO]	orders_service.py	响应时间:6299ms	湖南省	长沙市	这里是日志信息......
2022-09-16 14:53:59.813950	[INFO]	barcode_service.py	响应时间:993ms	上海市	徐汇区	这里是日志信息......
2022-09-16 14:53:59.813950	[WARN]	orders_service.py	响应时间:120ms	天津市	武清区	这里是日志信息......
2022-09-16 14:53:59.813950	[ERROR]	goods_manager.py	响应时间:709ms	湖南省	长沙市	这里是日志信息......
2022-09-16 14:53:59.813950	[INFO]	user_manager.py	响应时间:877ms	重庆市	万州区	这里是日志信息......
2022-09-16 14:53:59.813950	[INFO]	event.py	响应时间:860ms	浙江省	金华市	这里是日志信息......
2022-09-16 14:53:59.813950	[INFO]	barcode_service.py	响应时间:367ms	广东省	广州市	这里是日志信息......
2022-09-16 14:53:59.813950	[INFO]	event.py	响应时间:64ms	安徽省	阜阳市	这里是日志信息......
2022-09-16 14:53:59.813950	[INFO]	barcode_service.py	响应时间:163ms	北京市	昌平区	这里是日志信息......
2022-09-16 14:53:59.813950	[INFO]	barcode_service.py	响应时间:56ms	北京市	海淀区	这里是日志信息......
2022-09-16 14:53:59.813950	[INFO]	base_network.py	响应时间:439ms	浙江省	杭州市	这里是日志信息......
2022-09-16 14:53:59.813950	[INFO]	event.py	响应时间:768ms	上海市	普陀区	这里是日志信息......
2022-09-16 14:53:59.813950	[INFO]	barcode_service.py	响应时间:408ms	山东省	青岛市	这里是日志信息......
2022-09-16 14:53:59.813950	[INFO]	user_manager.py	响应时间:388ms	安徽省	合肥市	这里是日志信息......
2022-09-16 14:53:59.813950	[WARN]	orders_service.py	响应时间:174ms	重庆市	涪陵区	这里是日志信息......
2022-09-16 14:53:59.813950	[INFO]	base_network.py	响应时间:199ms	天津市	河西区	这里是日志信息......
2022-09-16 14:53:59.813950	[WARN]	orders_service.py	响应时间:1ms	广东省	广州市	这里是日志信息......
2022-09-16 14:53:59.813950	[WARN]	user_manager.py	响应时间:902ms	上海市	黄浦区	这里是日志信息......
2022-09-16 14:53:59.813950	[INFO]	barcode_service.py	响应时间:684ms	重庆市	万州区	这里是日志信息......
2022-09-16 14:53:59.813950	[INFO]	goods_manager.py	响应时间:384ms	上海市	浦东新区	这里是日志信息......
2022-09-16 14:53:59.813950	[INFO]	orders_service.py	响应时间:476ms	重庆市	沙坪坝区	这里是日志信息......
2022-09-16 14:53:59.813950	[INFO]	user_manager.py	响应时间:934ms	天津市	河东区	这里是日志信息......
2022-09-16 14:53:59.813950	[WARN]	orders_service.py	响应时间:584ms	上海市	杨浦区	这里是日志信息......
2022-09-16 14:53:59.813950	[INFO]	event.py	响应时间:9674ms	广东省	广州市	这里是日志信息......
2022-09-16 14:53:59.813950	[WARN]	event.py	响应时间:411ms	江苏省	宿迁市	这里是日志信息......
2022-09-16 14:53:59.813950	[INFO]	shop_manager.py	响应时间:641ms	安徽省	合肥市	这里是日志信息......
2022-09-16 14:53:59.813950	[INFO]	event.py	响应时间:532ms	江苏省	南京市	这里是日志信息......
2022-09-16 14:53:59.813950	[WARN]	barcode_service.py	响应时间:497ms	湖南省	长沙市	这里是日志信息......
2022-09-16 14:53:59.813950	[INFO]	event.py	响应时间:420ms	北京市	海淀区	这里是日志信息......
2022-09-16 14:53:59.813950	[INFO]	goods_manager.py	响应时间:692ms	湖南省	长沙市	这里是日志信息......
2022-09-16 14:53:59.813950	[INFO]	barcode_service.py	响应时间:642ms	广东省	深圳市	这里是日志信息......
2022-09-16 14:53:59.813950	[INFO]	orders_service.py	响应时间:743ms	浙江省	杭州市	这里是日志信息......
2022-09-16 14:53:59.813950	[INFO]	base_network.py	响应时间:674ms	上海市	宝山区	这里是日志信息......
2022-09-16 14:53:59.813950	[INFO]	event.py	响应时间:951ms	浙江省	嘉兴市	这里是日志信息......
2022-09-16 14:53:59.813950	[INFO]	event.py	响应时间:989ms	天津市	武清区	这里是日志信息......
2022-09-16 14:53:59.813950	[INFO]	user_manager.py	响应时间:266ms	广东省	广州市	这里是日志信息......
2022-09-16 14:53:59.813950	[INFO]	user_manager.py	响应时间:287ms	浙江省	湖州市	这里是日志信息......
2022-09-16 14:53:59.813950	[WARN]	goods_manager.py	响应时间:530ms	天津市	武清区	这里是日志信息......
2022-09-16 14:53:59.813950	[WARN]	goods_manager.py	响应时间:795ms	北京市	昌平区	这里是日志信息......
2022-09-16 14:53:59.813950	[INFO]	event.py	响应时间:724ms	浙江省	杭州市	这里是日志信息......
2022-09-16 14:53:59.813950	[INFO]	event.py	响应时间:59ms	浙江省	绍兴市	这里是日志信息......
2022-09-16 14:53:59.813950	[WARN]	event.py	响应时间:343ms	山东省	青岛市	这里是日志信息......
2022-09-16 14:53:59.813950	[INFO]	goods_manager.py	响应时间:340ms	浙江省	绍兴市	这里是日志信息......
2022-09-16 14:53:59.813950	[INFO]	base_network.py	响应时间:953ms	天津市	武清区	这里是日志信息......
2022-09-16 14:53:59.813950	[INFO]	orders_service.py	响应时间:914ms	广东省	广州市	这里是日志信息......
2022-09-16 14:53:59.813950	[INFO]	orders_service.py	响应时间:661ms	安徽省	铜陵市	这里是日志信息......
2022-09-16 14:53:59.814963	[INFO]	event.py	响应时间:681ms	湖南省	长沙市	这里是日志信息......
2022-09-16 14:53:59.814963	[WARN]	event.py	响应时间:578ms	江苏省	苏州市	这里是日志信息......
2022-09-16 14:53:59.814963	[INFO]	event.py	响应时间:645ms	天津市	武清区	这里是日志信息......
2022-09-16 14:53:59.814963	[INFO]	goods_manager.py	响应时间:338ms	上海市	普陀区	这里是日志信息......
2022-09-16 14:53:59.814963	[WARN]	barcode_service.py	响应时间:156ms	湖北省	武汉市	这里是日志信息......
2022-09-16 14:53:59.814963	[INFO]	event.py	响应时间:3779ms	重庆市	万州区	这里是日志信息......
2022-09-16 14:53:59.814963	[INFO]	barcode_service.py	响应时间:858ms	上海市	宝山区	这里是日志信息......
2022-09-16 14:53:59.814963	[INFO]	event.py	响应时间:930ms	广东省	广州市	这里是日志信息......
2022-09-16 14:53:59.814963	[INFO]	barcode_service.py	响应时间:73ms	安徽省	芜湖市	这里是日志信息......
2022-09-16 14:53:59.814963	[INFO]	orders_service.py	响应时间:293ms	山东省	济南市	这里是日志信息......
2022-09-16 14:53:59.814963	[WARN]	orders_service.py	响应时间:749ms	天津市	武清区	这里是日志信息......
2022-09-16 14:53:59.814963	[ERROR]	goods_manager.py	响应时间:874ms	广东省	深圳市	这里是日志信息......
2022-09-16 14:53:59.814963	[INFO]	goods_manager.py	响应时间:416ms	湖北省	恩施土家族苗族自治州	这里是日志信息......
2022-09-16 14:53:59.814963	[INFO]	event.py	响应时间:726ms	安徽省	阜阳市	这里是日志信息......
2022-09-16 14:53:59.814963	[INFO]	goods_manager.py	响应时间:160ms	安徽省	六安市	这里是日志信息......
2022-09-16 14:53:59.814963	[INFO]	barcode_service.py	响应时间:573ms	北京市	昌平区	这里是日志信息......
2022-09-16 14:53:59.814963	[INFO]	orders_service.py	响应时间:164ms	安徽省	合肥市	这里是日志信息......
2022-09-16 14:53:59.814963	[INFO]	shop_manager.py	响应时间:539ms	山东省	济南市	这里是日志信息......
2022-09-16 14:53:59.814963	[INFO]	goods_manager.py	响应时间:928ms	浙江省	杭州市	这里是日志信息......
2022-09-16 14:53:59.814963	[INFO]	barcode_service.py	响应时间:694ms	安徽省	铜陵市	这里是日志信息......
2022-09-16 14:53:59.814963	[INFO]	goods_manager.py	响应时间:371ms	上海市	浦东新区	这里是日志信息......
2022-09-16 14:53:59.814963	[INFO]	orders_service.py	响应时间:659ms	江苏省	无锡市	这里是日志信息......
2022-09-16 14:53:59.814963	[INFO]	base_network.py	响应时间:749ms	浙江省	丽水市	这里是日志信息......
2022-09-16 14:53:59.814963	[INFO]	event.py	响应时间:849ms	山东省	菏泽市	这里是日志信息......
2022-09-16 14:53:59.814963	[INFO]	user_manager.py	响应时间:8ms	山东省	青岛市	这里是日志信息......
2022-09-16 14:53:59.814963	[INFO]	event.py	响应时间:758ms	上海市	浦东新区	这里是日志信息......
2022-09-16 14:53:59.814963	[WARN]	base_network.py	响应时间:702ms	浙江省	杭州市	这里是日志信息......
2022-09-16 14:53:59.814963	[WARN]	base_network.py	响应时间:583ms	江苏省	宿迁市	这里是日志信息......
2022-09-16 14:53:59.814963	[INFO]	goods_manager.py	响应时间:59ms	安徽省	阜阳市	这里是日志信息......
2022-09-16 14:53:59.814963	[INFO]	goods_manager.py	响应时间:483ms	安徽省	芜湖市	这里是日志信息......
2022-09-16 14:53:59.814963	[INFO]	goods_manager.py	响应时间:749ms	重庆市	万州区	这里是日志信息......
2022-09-16 14:53:59.814963	[INFO]	goods_manager.py	响应时间:123ms	上海市	宝山区	这里是日志信息......
2022-09-16 14:53:59.814963	[WARN]	user_manager.py	响应时间:840ms	天津市	宝坻区	这里是日志信息......
2022-09-16 14:53:59.814963	[INFO]	barcode_service.py	响应时间:46ms	北京市	大兴区	这里是日志信息......
2022-09-16 14:53:59.814963	[WARN]	goods_manager.py	响应时间:601ms	湖北省	武汉市	这里是日志信息......
2022-09-16 14:53:59.814963	[INFO]	base_network.py	响应时间:688ms	湖北省	武汉市	这里是日志信息......
2022-09-16 14:53:59.814963	[ERROR]	orders_service.py	响应时间:142ms	北京市	海淀区	这里是日志信息......
2022-09-16 14:53:59.814963	[ERROR]	user_manager.py	响应时间:727ms	上海市	宝山区	这里是日志信息......
2022-09-16 14:53:59.814963	[INFO]	goods_manager.py	响应时间:339ms	安徽省	合肥市	这里是日志信息......
2022-09-16 14:53:59.814963	[INFO]	event.py	响应时间:486ms	广东省	广州市	这里是日志信息......
2022-09-16 14:53:59.814963	[INFO]	goods_manager.py	响应时间:778ms	山东省	青岛市	这里是日志信息......
2022-09-16 14:53:59.814963	[INFO]	shop_manager.py	响应时间:332ms	山东省	济南市	这里是日志信息......
2022-09-16 14:53:59.814963	[INFO]	goods_manager.py	响应时间:155ms	安徽省	合肥市	这里是日志信息......
2022-09-16 14:53:59.814963	[WARN]	event.py	响应时间:621ms	广东省	广州市	这里是日志信息......
2022-09-16 14:53:59.814963	[WARN]	barcode_service.py	响应时间:669ms	江苏省	张家港市	这里是日志信息......
2022-09-16 14:53:59.814963	[INFO]	event.py	响应时间:924ms	湖南省	长沙市	这里是日志信息......
2022-09-16 14:53:59.814963	[INFO]	goods_manager.py	响应时间:146ms	北京市	昌平区	这里是日志信息......
2022-09-16 14:53:59.814963	[INFO]	barcode_service.py	响应时间:696ms	安徽省	阜阳市	这里是日志信息......
2022-09-16 14:53:59.814963	[INFO]	event.py	响应时间:909ms	浙江省	绍兴市	这里是日志信息......
2022-09-16 14:53:59.814963	[INFO]	base_network.py	响应时间:560ms	安徽省	合肥市	这里是日志信息......
2022-09-16 14:53:59.814963	[INFO]	user_manager.py	响应时间:615ms	湖北省	荆州市	这里是日志信息......
2022-09-16 14:53:59.814963	[INFO]	goods_manager.py	响应时间:956ms	山东省	青岛市	这里是日志信息......
2022-09-16 14:53:59.814963	[INFO]	goods_manager.py	响应时间:146ms	广东省	广州市	这里是日志信息......
2022-09-16 14:53:59.814963	[INFO]	base_network.py	响应时间:179ms	湖北省	武汉市	这里是日志信息......
2022-09-16 14:53:59.814963	[WARN]	user_manager.py	响应时间:19ms	天津市	河东区	这里是日志信息......
2022-09-16 14:53:59.814963	[INFO]	event.py	响应时间:931ms	山东省	济南市	这里是日志信息......
2022-09-16 14:53:59.814963	[INFO]	event.py	响应时间:990ms	上海市	黄浦区	这里是日志信息......
2022-09-16 14:53:59.814963	[INFO]	orders_service.py	响应时间:69ms	浙江省	绍兴市	这里是日志信息......
2022-09-16 14:53:59.814963	[INFO]	event.py	响应时间:595ms	江苏省	苏州市	这里是日志信息......
2022-09-16 14:53:59.814963	[INFO]	base_network.py	响应时间:634ms	天津市	河西区	这里是日志信息......
2022-09-16 14:53:59.814963	[INFO]	goods_manager.py	响应时间:746ms	广东省	珠海市	这里是日志信息......
2022-09-16 14:53:59.814963	[INFO]	orders_service.py	响应时间:544ms	湖南省	长沙市	这里是日志信息......
2022-09-16 14:53:59.814963	[INFO]	orders_service.py	响应时间:183ms	天津市	宝坻区	这里是日志信息......
2022-09-16 14:53:59.814963	[INFO]	orders_service.py	响应时间:2814ms	重庆市	南岸区	这里是日志信息......
2022-09-16 14:53:59.814963	[INFO]	orders_service.py	响应时间:23ms	江苏省	南京市	这里是日志信息......
2022-09-16 14:53:59.814963	[INFO]	goods_manager.py	响应时间:697ms	湖南省	长沙市	这里是日志信息......
2022-09-16 14:53:59.814963	[ERROR]	event.py	响应时间:694ms	江苏省	宿迁市	这里是日志信息......
2022-09-16 14:53:59.814963	[INFO]	orders_service.py	响应时间:333ms	安徽省	六安市	这里是日志信息......
2022-09-16 14:53:59.814963	[WARN]	shop_manager.py	响应时间:802ms	天津市	宝坻区	这里是日志信息......
2022-09-16 14:53:59.814963	[INFO]	orders_service.py	响应时间:893ms	湖南省	长沙市	这里是日志信息......
2022-09-16 14:53:59.814963	[INFO]	event.py	响应时间:261ms	安徽省	芜湖市	这里是日志信息......
2022-09-16 14:53:59.814963	[INFO]	base_network.py	响应时间:242ms	北京市	朝阳区	这里是日志信息......
2022-09-16 14:53:59.815957	[INFO]	event.py	响应时间:525ms	北京市	大兴区	这里是日志信息......
2022-09-16 14:53:59.815957	[INFO]	orders_service.py	响应时间:637ms	广东省	深圳市	这里是日志信息......
2022-09-16 14:53:59.815957	[INFO]	orders_service.py	响应时间:227ms	江苏省	南京市	这里是日志信息......
2022-09-16 14:53:59.815957	[INFO]	shop_manager.py	响应时间:906ms	重庆市	南岸区	这里是日志信息......
2022-09-16 14:53:59.815957	[INFO]	event.py	响应时间:940ms	江苏省	南京市	这里是日志信息......
2022-09-16 14:53:59.815957	[ERROR]	event.py	响应时间:153ms	江苏省	南京市	这里是日志信息......
2022-09-16 14:53:59.815957	[INFO]	user_manager.py	响应时间:7471ms	上海市	普陀区	这里是日志信息......
2022-09-16 14:53:59.815957	[WARN]	goods_manager.py	响应时间:14ms	重庆市	南岸区	这里是日志信息......
2022-09-16 14:53:59.815957	[INFO]	event.py	响应时间:652ms	浙江省	湖州市	这里是日志信息......
2022-09-16 14:53:59.815957	[INFO]	shop_manager.py	响应时间:429ms	湖北省	十堰市	这里是日志信息......
2022-09-16 14:53:59.815957	[INFO]	event.py	响应时间:593ms	山东省	济南市	这里是日志信息......
2022-09-16 14:53:59.815957	[WARN]	user_manager.py	响应时间:10ms	浙江省	金华市	这里是日志信息......
2022-09-16 14:53:59.815957	[INFO]	event.py	响应时间:407ms	天津市	和平区	这里是日志信息......
2022-09-16 14:53:59.815957	[INFO]	orders_service.py	响应时间:170ms	山东省	菏泽市	这里是日志信息......
2022-09-16 14:53:59.815957	[WARN]	goods_manager.py	响应时间:24ms	上海市	杨浦区	这里是日志信息......
2022-09-16 14:53:59.815957	[INFO]	orders_service.py	响应时间:418ms	山东省	菏泽市	这里是日志信息......
2022-09-16 14:53:59.815957	[INFO]	barcode_service.py	响应时间:376ms	广东省	珠海市	这里是日志信息......
2022-09-16 14:53:59.815957	[INFO]	event.py	响应时间:514ms	北京市	丰台区	这里是日志信息......
2022-09-16 14:53:59.815957	[WARN]	event.py	响应时间:964ms	浙江省	丽水市	这里是日志信息......
2022-09-16 14:53:59.815957	[INFO]	event.py	响应时间:999ms	浙江省	杭州市	这里是日志信息......
2022-09-16 14:53:59.815957	[INFO]	orders_service.py	响应时间:988ms	山东省	济南市	这里是日志信息......
2022-09-16 14:53:59.815957	[INFO]	event.py	响应时间:277ms	安徽省	芜湖市	这里是日志信息......
2022-09-16 14:53:59.815957	[INFO]	event.py	响应时间:355ms	湖南省	张家界市	这里是日志信息......
2022-09-16 14:53:59.815957	[INFO]	user_manager.py	响应时间:581ms	山东省	青岛市	这里是日志信息......
2022-09-16 14:53:59.815957	[INFO]	goods_manager.py	响应时间:383ms	山东省	青岛市	这里是日志信息......
2022-09-16 14:53:59.815957	[WARN]	goods_manager.py	响应时间:5147ms	重庆市	南岸区	这里是日志信息......
2022-09-16 14:53:59.815957	[INFO]	orders_service.py	响应时间:923ms	北京市	海淀区	这里是日志信息......
2022-09-16 14:53:59.815957	[INFO]	goods_manager.py	响应时间:140ms	湖南省	长沙市	这里是日志信息......
2022-09-16 14:53:59.815957	[INFO]	goods_manager.py	响应时间:3847ms	重庆市	九龙坡区	这里是日志信息......
2022-09-16 14:53:59.815957	[ERROR]	orders_service.py	响应时间:840ms	重庆市	九龙坡区	这里是日志信息......
2022-09-16 14:53:59.815957	[INFO]	event.py	响应时间:227ms	湖南省	长沙市	这里是日志信息......
2022-09-16 14:53:59.815957	[INFO]	event.py	响应时间:982ms	上海市	普陀区	这里是日志信息......
2022-09-16 14:53:59.815957	[WARN]	orders_service.py	响应时间:311ms	湖南省	长沙市	这里是日志信息......
2022-09-16 14:53:59.815957	[INFO]	shop_manager.py	响应时间:377ms	北京市	昌平区	这里是日志信息......
2022-09-16 14:53:59.815957	[INFO]	event.py	响应时间:154ms	江苏省	南京市	这里是日志信息......
2022-09-16 14:53:59.815957	[INFO]	barcode_service.py	响应时间:99ms	上海市	黄浦区	这里是日志信息......
2022-09-16 14:53:59.815957	[INFO]	event.py	响应时间:491ms	湖南省	长沙市	这里是日志信息......
2022-09-16 14:53:59.815957	[INFO]	orders_service.py	响应时间:552ms	北京市	海淀区	这里是日志信息......
2022-09-16 14:53:59.815957	[ERROR]	barcode_service.py	响应时间:3566ms	浙江省	金华市	这里是日志信息......
2022-09-16 14:53:59.815957	[INFO]	event.py	响应时间:807ms	重庆市	南岸区	这里是日志信息......
2022-09-16 14:53:59.815957	[INFO]	orders_service.py	响应时间:531ms	湖南省	长沙市	这里是日志信息......
2022-09-16 14:53:59.815957	[INFO]	barcode_service.py	响应时间:759ms	湖北省	武汉市	这里是日志信息......
2022-09-16 14:53:59.815957	[INFO]	event.py	响应时间:1ms	湖南省	张家界市	这里是日志信息......
2022-09-16 14:53:59.815957	[INFO]	base_network.py	响应时间:5ms	江苏省	南京市	这里是日志信息......
2022-09-16 14:53:59.815957	[WARN]	goods_manager.py	响应时间:480ms	湖北省	武汉市	这里是日志信息......
2022-09-16 14:53:59.815957	[INFO]	event.py	响应时间:594ms	山东省	济南市	这里是日志信息......
2022-09-16 14:53:59.815957	[INFO]	user_manager.py	响应时间:594ms	山东省	青岛市	这里是日志信息......
2022-09-16 14:53:59.815957	[INFO]	event.py	响应时间:687ms	安徽省	阜阳市	这里是日志信息......
2022-09-16 14:53:59.815957	[ERROR]	event.py	响应时间:849ms	上海市	普陀区	这里是日志信息......
2022-09-16 14:53:59.815957	[ERROR]	barcode_service.py	响应时间:984ms	安徽省	芜湖市	这里是日志信息......
2022-09-16 14:53:59.815957	[INFO]	event.py	响应时间:227ms	安徽省	合肥市	这里是日志信息......
2022-09-16 14:53:59.815957	[INFO]	base_network.py	响应时间:626ms	北京市	丰台区	这里是日志信息......
2022-09-16 14:53:59.815957	[INFO]	orders_service.py	响应时间:145ms	天津市	河西区	这里是日志信息......
2022-09-16 14:53:59.815957	[WARN]	orders_service.py	响应时间:671ms	重庆市	涪陵区	这里是日志信息......
2022-09-16 14:53:59.815957	[INFO]	barcode_service.py	响应时间:815ms	江苏省	张家港市	这里是日志信息......
2022-09-16 14:53:59.815957	[INFO]	user_manager.py	响应时间:217ms	湖北省	荆州市	这里是日志信息......
2022-09-16 14:53:59.815957	[INFO]	event.py	响应时间:646ms	山东省	菏泽市	这里是日志信息......
2022-09-16 14:53:59.815957	[INFO]	base_network.py	响应时间:259ms	天津市	和平区	这里是日志信息......
2022-09-16 14:53:59.815957	[INFO]	orders_service.py	响应时间:587ms	上海市	杨浦区	这里是日志信息......
2022-09-16 14:53:59.815957	[INFO]	event.py	响应时间:959ms	天津市	和平区	这里是日志信息......
2022-09-16 14:53:59.815957	[WARN]	event.py	响应时间:77ms	安徽省	芜湖市	这里是日志信息......
2022-09-16 14:53:59.815957	[INFO]	goods_manager.py	响应时间:714ms	江苏省	南京市	这里是日志信息......
2022-09-16 14:53:59.815957	[INFO]	orders_service.py	响应时间:199ms	江苏省	常州市	这里是日志信息......
2022-09-16 14:53:59.815957	[INFO]	user_manager.py	响应时间:49ms	天津市	和平区	这里是日志信息......
2022-09-16 14:53:59.815957	[INFO]	barcode_service.py	响应时间:430ms	广东省	珠海市	这里是日志信息......
2022-09-16 14:53:59.815957	[INFO]	event.py	响应时间:461ms	天津市	宝坻区	这里是日志信息......
2022-09-16 14:53:59.815957	[INFO]	orders_service.py	响应时间:595ms	北京市	怀柔区	这里是日志信息......
2022-09-16 14:53:59.815957	[INFO]	event.py	响应时间:591ms	上海市	浦东新区	这里是日志信息......
2022-09-16 14:53:59.815957	[INFO]	user_manager.py	响应时间:683ms	上海市	宝山区	这里是日志信息......
2022-09-16 14:53:59.815957	[INFO]	event.py	响应时间:814ms	广东省	广州市	这里是日志信息......
2022-09-16 14:53:59.815957	[ERROR]	user_manager.py	响应时间:1831ms	江苏省	南京市	这里是日志信息......
2022-09-16 14:53:59.815957	[INFO]	base_network.py	响应时间:146ms	安徽省	池州市	这里是日志信息......
2022-09-16 14:53:59.815957	[INFO]	event.py	响应时间:444ms	天津市	武清区	这里是日志信息......
2022-09-16 14:53:59.815957	[INFO]	orders_service.py	响应时间:768ms	天津市	武清区	这里是日志信息......
2022-09-16 14:53:59.815957	[INFO]	goods_manager.py	响应时间:44ms	北京市	昌平区	这里是日志信息......
2022-09-16 14:53:59.816963	[INFO]	orders_service.py	响应时间:262ms	天津市	河东区	这里是日志信息......
2022-09-16 14:53:59.816963	[INFO]	base_network.py	响应时间:108ms	重庆市	沙坪坝区	这里是日志信息......
2022-09-16 14:53:59.816963	[INFO]	event.py	响应时间:645ms	天津市	和平区	这里是日志信息......
2022-09-16 14:53:59.816963	[INFO]	barcode_service.py	响应时间:56ms	天津市	河东区	这里是日志信息......
2022-09-16 14:53:59.816963	[INFO]	goods_manager.py	响应时间:697ms	湖北省	武汉市	这里是日志信息......
2022-09-16 14:53:59.816963	[INFO]	barcode_service.py	响应时间:2ms	安徽省	六安市	这里是日志信息......
2022-09-16 14:53:59.816963	[INFO]	event.py	响应时间:690ms	上海市	静安区	这里是日志信息......
2022-09-16 14:53:59.816963	[WARN]	goods_manager.py	响应时间:964ms	山东省	济南市	这里是日志信息......
2022-09-16 14:53:59.816963	[INFO]	shop_manager.py	响应时间:168ms	安徽省	铜陵市	这里是日志信息......
2022-09-16 14:53:59.816963	[INFO]	base_network.py	响应时间:828ms	北京市	大兴区	这里是日志信息......
2022-09-16 14:53:59.816963	[WARN]	orders_service.py	响应时间:16ms	山东省	济南市	这里是日志信息......
2022-09-16 14:53:59.816963	[WARN]	orders_service.py	响应时间:518ms	湖南省	长沙市	这里是日志信息......
2022-09-16 14:53:59.816963	[INFO]	event.py	响应时间:524ms	天津市	和平区	这里是日志信息......
2022-09-16 14:53:59.816963	[INFO]	barcode_service.py	响应时间:395ms	湖北省	恩施土家族苗族自治州	这里是日志信息......
2022-09-16 14:53:59.816963	[INFO]	orders_service.py	响应时间:407ms	山东省	青岛市	这里是日志信息......
2022-09-16 14:53:59.816963	[INFO]	event.py	响应时间:246ms	湖南省	长沙市	这里是日志信息......
2022-09-16 14:53:59.816963	[INFO]	orders_service.py	响应时间:50ms	江苏省	宿迁市	这里是日志信息......
2022-09-16 14:53:59.816963	[INFO]	goods_manager.py	响应时间:756ms	上海市	黄浦区	这里是日志信息......
2022-09-16 14:53:59.816963	[INFO]	base_network.py	响应时间:261ms	北京市	朝阳区	这里是日志信息......
2022-09-16 14:53:59.816963	[INFO]	event.py	响应时间:995ms	湖南省	长沙市	这里是日志信息......
2022-09-16 14:53:59.816963	[INFO]	orders_service.py	响应时间:140ms	天津市	武清区	这里是日志信息......
2022-09-16 14:53:59.816963	[INFO]	base_network.py	响应时间:545ms	湖北省	武汉市	这里是日志信息......
2022-09-16 14:53:59.816963	[INFO]	orders_service.py	响应时间:709ms	浙江省	丽水市	这里是日志信息......
2022-09-16 14:53:59.816963	[INFO]	barcode_service.py	响应时间:780ms	天津市	河东区	这里是日志信息......
2022-09-16 14:53:59.816963	[INFO]	shop_manager.py	响应时间:7574ms	江苏省	宿迁市	这里是日志信息......
2022-09-16 14:53:59.816963	[WARN]	event.py	响应时间:493ms	湖北省	武汉市	这里是日志信息......
2022-09-16 14:53:59.816963	[INFO]	event.py	响应时间:364ms	江苏省	南京市	这里是日志信息......
2022-09-16 14:53:59.816963	[INFO]	shop_manager.py	响应时间:897ms	山东省	青岛市	这里是日志信息......
2022-09-16 14:53:59.816963	[INFO]	barcode_service.py	响应时间:439ms	安徽省	合肥市	这里是日志信息......
2022-09-16 14:53:59.816963	[INFO]	orders_service.py	响应时间:868ms	上海市	黄浦区	这里是日志信息......
2022-09-16 14:53:59.816963	[WARN]	orders_service.py	响应时间:652ms	浙江省	湖州市	这里是日志信息......
2022-09-16 14:53:59.816963	[INFO]	goods_manager.py	响应时间:876ms	北京市	昌平区	这里是日志信息......
2022-09-16 14:53:59.816963	[WARN]	orders_service.py	响应时间:755ms	重庆市	万州区	这里是日志信息......
2022-09-16 14:53:59.816963	[INFO]	base_network.py	响应时间:856ms	湖南省	长沙市	这里是日志信息......
2022-09-16 14:53:59.816963	[INFO]	user_manager.py	响应时间:95ms	湖北省	武汉市	这里是日志信息......
2022-09-16 14:53:59.816963	[INFO]	event.py	响应时间:144ms	湖南省	常德市	这里是日志信息......
2022-09-16 14:53:59.816963	[INFO]	event.py	响应时间:940ms	安徽省	池州市	这里是日志信息......
2022-09-16 14:53:59.816963	[INFO]	orders_service.py	响应时间:691ms	天津市	宝坻区	这里是日志信息......
2022-09-16 14:53:59.816963	[ERROR]	barcode_service.py	响应时间:6107ms	广东省	广州市	这里是日志信息......
2022-09-16 14:53:59.816963	[INFO]	orders_service.py	响应时间:793ms	山东省	济南市	这里是日志信息......
2022-09-16 14:53:59.816963	[INFO]	shop_manager.py	响应时间:102ms	浙江省	丽水市	这里是日志信息......
2022-09-16 14:53:59.816963	[INFO]	goods_manager.py	响应时间:87ms	山东省	青岛市	这里是日志信息......
2022-09-16 14:53:59.816963	[INFO]	event.py	响应时间:161ms	浙江省	杭州市	这里是日志信息......
2022-09-16 14:53:59.816963	[ERROR]	goods_manager.py	响应时间:873ms	北京市	海淀区	这里是日志信息......
2022-09-16 14:53:59.816963	[INFO]	barcode_service.py	响应时间:944ms	湖北省	恩施土家族苗族自治州	这里是日志信息......
2022-09-16 14:53:59.816963	[INFO]	event.py	响应时间:121ms	重庆市	渝中区	这里是日志信息......
2022-09-16 14:53:59.816963	[INFO]	event.py	响应时间:118ms	湖北省	武汉市	这里是日志信息......
2022-09-16 14:53:59.816963	[INFO]	goods_manager.py	响应时间:639ms	重庆市	南岸区	这里是日志信息......
2022-09-16 14:53:59.816963	[INFO]	barcode_service.py	响应时间:27ms	天津市	河东区	这里是日志信息......
2022-09-16 14:53:59.816963	[INFO]	shop_manager.py	响应时间:499ms	安徽省	阜阳市	这里是日志信息......
2022-09-16 14:53:59.816963	[INFO]	orders_service.py	响应时间:28ms	湖北省	武汉市	这里是日志信息......
2022-09-16 14:53:59.816963	[INFO]	event.py	响应时间:209ms	重庆市	万州区	这里是日志信息......
2022-09-16 14:53:59.816963	[INFO]	orders_service.py	响应时间:720ms	天津市	河西区	这里是日志信息......
2022-09-16 14:53:59.816963	[INFO]	goods_manager.py	响应时间:842ms	浙江省	嘉兴市	这里是日志信息......
2022-09-16 14:53:59.816963	[INFO]	event.py	响应时间:243ms	广东省	深圳市	这里是日志信息......
2022-09-16 14:53:59.816963	[INFO]	barcode_service.py	响应时间:530ms	湖南省	益阳市	这里是日志信息......
2022-09-16 14:53:59.816963	[INFO]	shop_manager.py	响应时间:870ms	上海市	普陀区	这里是日志信息......
2022-09-16 14:53:59.816963	[INFO]	event.py	响应时间:131ms	北京市	大兴区	这里是日志信息......
2022-09-16 14:53:59.816963	[INFO]	base_network.py	响应时间:429ms	浙江省	绍兴市	这里是日志信息......
2022-09-16 14:53:59.816963	[WARN]	barcode_service.py	响应时间:701ms	天津市	河西区	这里是日志信息......
2022-09-16 14:53:59.816963	[INFO]	orders_service.py	响应时间:139ms	重庆市	九龙坡区	这里是日志信息......
2022-09-16 14:53:59.816963	[INFO]	goods_manager.py	响应时间:676ms	北京市	昌平区	这里是日志信息......
2022-09-16 14:53:59.816963	[WARN]	goods_manager.py	响应时间:406ms	广东省	广州市	这里是日志信息......
2022-09-16 14:53:59.816963	[INFO]	orders_service.py	响应时间:873ms	浙江省	杭州市	这里是日志信息......
2022-09-16 14:53:59.816963	[ERROR]	user_manager.py	响应时间:777ms	上海市	浦东新区	这里是日志信息......
2022-09-16 14:53:59.816963	[INFO]	user_manager.py	响应时间:412ms	山东省	青岛市	这里是日志信息......
2022-09-16 14:53:59.816963	[INFO]	event.py	响应时间:585ms	湖南省	常德市	这里是日志信息......
2022-09-16 14:53:59.816963	[INFO]	orders_service.py	响应时间:544ms	湖北省	武汉市	这里是日志信息......
2022-09-16 14:53:59.816963	[WARN]	goods_manager.py	响应时间:694ms	安徽省	合肥市	这里是日志信息......
2022-09-16 14:53:59.816963	[INFO]	barcode_service.py	响应时间:359ms	北京市	怀柔区	这里是日志信息......
2022-09-16 14:53:59.816963	[INFO]	goods_manager.py	响应时间:203ms	重庆市	万州区	这里是日志信息......
2022-09-16 14:53:59.816963	[INFO]	orders_service.py	响应时间:394ms	湖北省	武汉市	这里是日志信息......
2022-09-16 14:53:59.816963	[INFO]	orders_service.py	响应时间:360ms	重庆市	九龙坡区	这里是日志信息......
2022-09-16 14:53:59.816963	[INFO]	shop_manager.py	响应时间:169ms	安徽省	铜陵市	这里是日志信息......
2022-09-16 14:53:59.817957	[WARN]	event.py	响应时间:313ms	湖北省	恩施土家族苗族自治州	这里是日志信息......
2022-09-16 14:53:59.817957	[INFO]	event.py	响应时间:65ms	湖北省	十堰市	这里是日志信息......
2022-09-16 14:53:59.817957	[ERROR]	orders_service.py	响应时间:854ms	安徽省	铜陵市	这里是日志信息......
2022-09-16 14:53:59.817957	[WARN]	orders_service.py	响应时间:534ms	广东省	深圳市	这里是日志信息......
2022-09-16 14:53:59.817957	[INFO]	orders_service.py	响应时间:7539ms	安徽省	阜阳市	这里是日志信息......
2022-09-16 14:53:59.817957	[INFO]	user_manager.py	响应时间:481ms	上海市	徐汇区	这里是日志信息......
2022-09-16 14:53:59.817957	[INFO]	event.py	响应时间:553ms	湖南省	益阳市	这里是日志信息......
2022-09-16 14:53:59.817957	[INFO]	orders_service.py	响应时间:581ms	安徽省	六安市	这里是日志信息......
2022-09-16 14:53:59.817957	[INFO]	user_manager.py	响应时间:407ms	安徽省	铜陵市	这里是日志信息......
2022-09-16 14:53:59.817957	[INFO]	barcode_service.py	响应时间:564ms	湖南省	益阳市	这里是日志信息......
2022-09-16 14:53:59.817957	[INFO]	event.py	响应时间:539ms	山东省	济南市	这里是日志信息......
2022-09-16 14:53:59.817957	[WARN]	orders_service.py	响应时间:694ms	山东省	青岛市	这里是日志信息......
2022-09-16 14:53:59.817957	[INFO]	goods_manager.py	响应时间:990ms	安徽省	阜阳市	这里是日志信息......
2022-09-16 14:53:59.817957	[INFO]	user_manager.py	响应时间:448ms	浙江省	丽水市	这里是日志信息......
2022-09-16 14:53:59.817957	[INFO]	event.py	响应时间:104ms	江苏省	苏州市	这里是日志信息......
2022-09-16 14:53:59.817957	[INFO]	goods_manager.py	响应时间:510ms	北京市	昌平区	这里是日志信息......
2022-09-16 14:53:59.817957	[INFO]	goods_manager.py	响应时间:1950ms	江苏省	南京市	这里是日志信息......
2022-09-16 14:53:59.817957	[INFO]	goods_manager.py	响应时间:656ms	安徽省	芜湖市	这里是日志信息......
2022-09-16 14:53:59.817957	[WARN]	event.py	响应时间:152ms	江苏省	无锡市	这里是日志信息......
2022-09-16 14:53:59.817957	[INFO]	goods_manager.py	响应时间:905ms	安徽省	池州市	这里是日志信息......
2022-09-16 14:53:59.817957	[INFO]	orders_service.py	响应时间:867ms	湖北省	武汉市	这里是日志信息......
2022-09-16 14:53:59.817957	[INFO]	shop_manager.py	响应时间:482ms	湖南省	长沙市	这里是日志信息......
2022-09-16 14:53:59.817957	[INFO]	orders_service.py	响应时间:105ms	山东省	济南市	这里是日志信息......
2022-09-16 14:53:59.817957	[INFO]	base_network.py	响应时间:543ms	江苏省	南京市	这里是日志信息......
2022-09-16 14:53:59.817957	[INFO]	event.py	响应时间:241ms	广东省	广州市	这里是日志信息......
2022-09-16 14:53:59.817957	[INFO]	user_manager.py	响应时间:305ms	天津市	宝坻区	这里是日志信息......
2022-09-16 14:53:59.817957	[ERROR]	shop_manager.py	响应时间:387ms	江苏省	无锡市	这里是日志信息......
2022-09-16 14:53:59.817957	[INFO]	barcode_service.py	响应时间:582ms	浙江省	金华市	这里是日志信息......
2022-09-16 14:53:59.817957	[INFO]	shop_manager.py	响应时间:685ms	北京市	海淀区	这里是日志信息......
2022-09-16 14:53:59.817957	[INFO]	event.py	响应时间:152ms	江苏省	苏州市	这里是日志信息......
2022-09-16 14:53:59.817957	[INFO]	user_manager.py	响应时间:255ms	湖北省	十堰市	这里是日志信息......
2022-09-16 14:53:59.817957	[INFO]	goods_manager.py	响应时间:72ms	山东省	青岛市	这里是日志信息......
2022-09-16 14:53:59.817957	[INFO]	base_network.py	响应时间:77ms	浙江省	舟山市	这里是日志信息......
2022-09-16 14:53:59.817957	[WARN]	orders_service.py	响应时间:316ms	重庆市	沙坪坝区	这里是日志信息......
2022-09-16 14:53:59.817957	[INFO]	goods_manager.py	响应时间:164ms	北京市	丰台区	这里是日志信息......
2022-09-16 14:53:59.817957	[INFO]	event.py	响应时间:637ms	浙江省	杭州市	这里是日志信息......
2022-09-16 14:53:59.817957	[INFO]	barcode_service.py	响应时间:93ms	广东省	深圳市	这里是日志信息......
2022-09-16 14:53:59.817957	[INFO]	orders_service.py	响应时间:686ms	湖北省	十堰市	这里是日志信息......
2022-09-16 14:53:59.817957	[WARN]	user_manager.py	响应时间:899ms	山东省	济南市	这里是日志信息......
2022-09-16 14:53:59.817957	[INFO]	barcode_service.py	响应时间:265ms	浙江省	丽水市	这里是日志信息......
2022-09-16 14:53:59.817957	[INFO]	event.py	响应时间:787ms	广东省	深圳市	这里是日志信息......
2022-09-16 14:53:59.817957	[ERROR]	orders_service.py	响应时间:25ms	上海市	宝山区	这里是日志信息......
2022-09-16 14:53:59.817957	[INFO]	orders_service.py	响应时间:99ms	重庆市	渝中区	这里是日志信息......
2022-09-16 14:53:59.817957	[INFO]	user_manager.py	响应时间:390ms	北京市	丰台区	这里是日志信息......
2022-09-16 14:53:59.817957	[INFO]	event.py	响应时间:504ms	山东省	青岛市	这里是日志信息......
2022-09-16 14:53:59.817957	[INFO]	event.py	响应时间:559ms	江苏省	常州市	这里是日志信息......
2022-09-16 14:53:59.817957	[INFO]	user_manager.py	响应时间:452ms	安徽省	芜湖市	这里是日志信息......
2022-09-16 14:53:59.817957	[INFO]	event.py	响应时间:931ms	广东省	广州市	这里是日志信息......
2022-09-16 14:53:59.817957	[INFO]	event.py	响应时间:795ms	山东省	菏泽市	这里是日志信息......
2022-09-16 14:53:59.817957	[INFO]	orders_service.py	响应时间:538ms	浙江省	绍兴市	这里是日志信息......
2022-09-16 14:53:59.817957	[INFO]	event.py	响应时间:409ms	安徽省	铜陵市	这里是日志信息......
2022-09-16 14:53:59.817957	[INFO]	orders_service.py	响应时间:287ms	江苏省	常州市	这里是日志信息......
2022-09-16 14:53:59.817957	[INFO]	goods_manager.py	响应时间:16ms	山东省	青岛市	这里是日志信息......
2022-09-16 14:53:59.817957	[INFO]	shop_manager.py	响应时间:408ms	浙江省	杭州市	这里是日志信息......
2022-09-16 14:53:59.817957	[INFO]	orders_service.py	响应时间:7404ms	天津市	河东区	这里是日志信息......
2022-09-16 14:53:59.817957	[INFO]	barcode_service.py	响应时间:196ms	广东省	深圳市	这里是日志信息......
2022-09-16 14:53:59.817957	[INFO]	orders_service.py	响应时间:667ms	湖北省	恩施土家族苗族自治州	这里是日志信息......
2022-09-16 14:53:59.817957	[WARN]	event.py	响应时间:430ms	上海市	浦东新区	这里是日志信息......
2022-09-16 14:53:59.817957	[INFO]	goods_manager.py	响应时间:964ms	广东省	广州市	这里是日志信息......
2022-09-16 14:53:59.817957	[INFO]	base_network.py	响应时间:641ms	广东省	广州市	这里是日志信息......
2022-09-16 14:53:59.817957	[INFO]	goods_manager.py	响应时间:389ms	湖北省	武汉市	这里是日志信息......
2022-09-16 14:53:59.817957	[INFO]	barcode_service.py	响应时间:7633ms	北京市	昌平区	这里是日志信息......
2022-09-16 14:53:59.817957	[INFO]	barcode_service.py	响应时间:724ms	天津市	河东区	这里是日志信息......
2022-09-16 14:53:59.817957	[INFO]	event.py	响应时间:202ms	安徽省	芜湖市	这里是日志信息......
2022-09-16 14:53:59.817957	[ERROR]	event.py	响应时间:2141ms	山东省	济南市	这里是日志信息......
2022-09-16 14:53:59.817957	[ERROR]	event.py	响应时间:996ms	重庆市	涪陵区	这里是日志信息......
2022-09-16 14:53:59.817957	[WARN]	base_network.py	响应时间:220ms	江苏省	苏州市	这里是日志信息......
2022-09-16 14:53:59.817957	[INFO]	goods_manager.py	响应时间:980ms	安徽省	铜陵市	这里是日志信息......
2022-09-16 14:53:59.817957	[INFO]	orders_service.py	响应时间:641ms	浙江省	丽水市	这里是日志信息......
2022-09-16 14:53:59.817957	[ERROR]	goods_manager.py	响应时间:2661ms	山东省	济南市	这里是日志信息......
2022-09-16 14:53:59.817957	[INFO]	orders_service.py	响应时间:250ms	安徽省	合肥市	这里是日志信息......
2022-09-16 14:53:59.817957	[INFO]	shop_manager.py	响应时间:144ms	江苏省	无锡市	这里是日志信息......
2022-09-16 14:53:59.817957	[WARN]	shop_manager.py	响应时间:336ms	山东省	济南市	这里是日志信息......
2022-09-16 14:53:59.817957	[INFO]	event.py	响应时间:297ms	湖南省	长沙市	这里是日志信息......
2022-09-16 14:53:59.817957	[INFO]	event.py	响应时间:571ms	浙江省	金华市	这里是日志信息......
2022-09-16 14:53:59.818963	[WARN]	user_manager.py	响应时间:170ms	上海市	浦东新区	这里是日志信息......
2022-09-16 14:53:59.818963	[INFO]	orders_service.py	响应时间:425ms	湖北省	武汉市	这里是日志信息......
2022-09-16 14:53:59.818963	[INFO]	user_manager.py	响应时间:576ms	上海市	浦东新区	这里是日志信息......
2022-09-16 14:53:59.818963	[INFO]	goods_manager.py	响应时间:449ms	重庆市	万州区	这里是日志信息......
2022-09-16 14:53:59.818963	[INFO]	shop_manager.py	响应时间:846ms	安徽省	阜阳市	这里是日志信息......
2022-09-16 14:53:59.818963	[INFO]	orders_service.py	响应时间:225ms	天津市	宝坻区	这里是日志信息......
2022-09-16 14:53:59.818963	[INFO]	orders_service.py	响应时间:32ms	江苏省	无锡市	这里是日志信息......
2022-09-16 14:53:59.818963	[INFO]	barcode_service.py	响应时间:472ms	江苏省	宿迁市	这里是日志信息......
2022-09-16 14:53:59.818963	[INFO]	goods_manager.py	响应时间:505ms	北京市	海淀区	这里是日志信息......
2022-09-16 14:53:59.818963	[INFO]	orders_service.py	响应时间:36ms	湖南省	长沙市	这里是日志信息......
2022-09-16 14:53:59.818963	[INFO]	base_network.py	响应时间:869ms	北京市	海淀区	这里是日志信息......
2022-09-16 14:53:59.818963	[INFO]	event.py	响应时间:708ms	上海市	浦东新区	这里是日志信息......
2022-09-16 14:53:59.818963	[INFO]	event.py	响应时间:800ms	北京市	海淀区	这里是日志信息......
2022-09-16 14:53:59.818963	[INFO]	barcode_service.py	响应时间:752ms	江苏省	苏州市	这里是日志信息......
2022-09-16 14:53:59.818963	[INFO]	goods_manager.py	响应时间:970ms	湖北省	十堰市	这里是日志信息......
2022-09-16 14:53:59.818963	[INFO]	base_network.py	响应时间:339ms	北京市	海淀区	这里是日志信息......
2022-09-16 14:53:59.818963	[INFO]	shop_manager.py	响应时间:415ms	上海市	黄浦区	这里是日志信息......
2022-09-16 14:53:59.818963	[INFO]	barcode_service.py	响应时间:187ms	湖南省	张家界市	这里是日志信息......
2022-09-16 14:53:59.818963	[INFO]	event.py	响应时间:432ms	北京市	丰台区	这里是日志信息......
2022-09-16 14:53:59.818963	[WARN]	orders_service.py	响应时间:943ms	浙江省	杭州市	这里是日志信息......
2022-09-16 14:53:59.818963	[INFO]	orders_service.py	响应时间:3444ms	湖南省	常德市	这里是日志信息......
2022-09-16 14:53:59.818963	[WARN]	user_manager.py	响应时间:194ms	广东省	广州市	这里是日志信息......
2022-09-16 14:53:59.818963	[INFO]	event.py	响应时间:341ms	浙江省	金华市	这里是日志信息......
2022-09-16 14:53:59.818963	[ERROR]	orders_service.py	响应时间:510ms	山东省	菏泽市	这里是日志信息......
2022-09-16 14:53:59.818963	[INFO]	barcode_service.py	响应时间:980ms	天津市	宝坻区	这里是日志信息......
2022-09-16 14:53:59.818963	[INFO]	orders_service.py	响应时间:263ms	湖北省	武汉市	这里是日志信息......
2022-09-16 14:53:59.818963	[INFO]	shop_manager.py	响应时间:87ms	广东省	广州市	这里是日志信息......
2022-09-16 14:53:59.818963	[INFO]	event.py	响应时间:269ms	湖北省	武汉市	这里是日志信息......
2022-09-16 14:53:59.818963	[INFO]	shop_manager.py	响应时间:6863ms	重庆市	万州区	这里是日志信息......
2022-09-16 14:53:59.818963	[INFO]	user_manager.py	响应时间:793ms	湖南省	张家界市	这里是日志信息......
2022-09-16 14:53:59.818963	[INFO]	orders_service.py	响应时间:533ms	江苏省	苏州市	这里是日志信息......
2022-09-16 14:53:59.818963	[INFO]	orders_service.py	响应时间:562ms	湖北省	十堰市	这里是日志信息......
2022-09-16 14:53:59.818963	[WARN]	barcode_service.py	响应时间:125ms	浙江省	杭州市	这里是日志信息......
2022-09-16 14:53:59.818963	[INFO]	event.py	响应时间:500ms	广东省	珠海市	这里是日志信息......
2022-09-16 14:53:59.818963	[WARN]	goods_manager.py	响应时间:385ms	广东省	广州市	这里是日志信息......
2022-09-16 14:53:59.818963	[INFO]	user_manager.py	响应时间:302ms	浙江省	杭州市	这里是日志信息......
2022-09-16 14:53:59.818963	[INFO]	user_manager.py	响应时间:68ms	广东省	广州市	这里是日志信息......
2022-09-16 14:53:59.818963	[INFO]	goods_manager.py	响应时间:234ms	上海市	徐汇区	这里是日志信息......
2022-09-16 14:53:59.818963	[INFO]	orders_service.py	响应时间:592ms	山东省	青岛市	这里是日志信息......
2022-09-16 14:53:59.818963	[INFO]	goods_manager.py	响应时间:444ms	北京市	朝阳区	这里是日志信息......
2022-09-16 14:53:59.818963	[WARN]	goods_manager.py	响应时间:83ms	浙江省	杭州市	这里是日志信息......
2022-09-16 14:53:59.818963	[INFO]	goods_manager.py	响应时间:930ms	湖南省	长沙市	这里是日志信息......
2022-09-16 14:53:59.818963	[INFO]	user_manager.py	响应时间:438ms	湖南省	长沙市	这里是日志信息......
2022-09-16 14:53:59.818963	[INFO]	barcode_service.py	响应时间:50ms	安徽省	合肥市	这里是日志信息......
2022-09-16 14:53:59.818963	[INFO]	orders_service.py	响应时间:99ms	江苏省	无锡市	这里是日志信息......
2022-09-16 14:53:59.818963	[INFO]	event.py	响应时间:168ms	北京市	怀柔区	这里是日志信息......
2022-09-16 14:53:59.818963	[INFO]	barcode_service.py	响应时间:911ms	湖北省	十堰市	这里是日志信息......
2022-09-16 14:53:59.818963	[INFO]	orders_service.py	响应时间:497ms	天津市	河东区	这里是日志信息......
2022-09-16 14:53:59.818963	[INFO]	event.py	响应时间:974ms	江苏省	南京市	这里是日志信息......
2022-09-16 14:53:59.818963	[INFO]	barcode_service.py	响应时间:860ms	天津市	河东区	这里是日志信息......
2022-09-16 14:53:59.818963	[INFO]	event.py	响应时间:352ms	上海市	浦东新区	这里是日志信息......
2022-09-16 14:53:59.818963	[INFO]	barcode_service.py	响应时间:917ms	北京市	昌平区	这里是日志信息......
2022-09-16 14:53:59.818963	[INFO]	goods_manager.py	响应时间:101ms	浙江省	金华市	这里是日志信息......
2022-09-16 14:53:59.818963	[INFO]	goods_manager.py	响应时间:95ms	广东省	广州市	这里是日志信息......
2022-09-16 14:53:59.818963	[INFO]	user_manager.py	响应时间:384ms	安徽省	六安市	这里是日志信息......
2022-09-16 14:53:59.818963	[ERROR]	user_manager.py	响应时间:411ms	浙江省	舟山市	这里是日志信息......
2022-09-16 14:53:59.818963	[INFO]	goods_manager.py	响应时间:371ms	安徽省	阜阳市	这里是日志信息......
2022-09-16 14:53:59.818963	[INFO]	orders_service.py	响应时间:27ms	北京市	大兴区	这里是日志信息......
2022-09-16 14:53:59.818963	[INFO]	event.py	响应时间:492ms	天津市	武清区	这里是日志信息......
2022-09-16 14:53:59.818963	[INFO]	goods_manager.py	响应时间:140ms	天津市	武清区	这里是日志信息......
2022-09-16 14:53:59.818963	[INFO]	goods_manager.py	响应时间:84ms	广东省	深圳市	这里是日志信息......
2022-09-16 14:53:59.818963	[ERROR]	user_manager.py	响应时间:338ms	湖南省	长沙市	这里是日志信息......
2022-09-16 14:53:59.818963	[INFO]	event.py	响应时间:654ms	重庆市	九龙坡区	这里是日志信息......
2022-09-16 14:53:59.818963	[INFO]	orders_service.py	响应时间:968ms	安徽省	六安市	这里是日志信息......
2022-09-16 14:53:59.818963	[INFO]	barcode_service.py	响应时间:145ms	上海市	浦东新区	这里是日志信息......
2022-09-16 14:53:59.818963	[INFO]	barcode_service.py	响应时间:655ms	安徽省	合肥市	这里是日志信息......
2022-09-16 14:53:59.818963	[INFO]	event.py	响应时间:808ms	北京市	大兴区	这里是日志信息......
2022-09-16 14:53:59.818963	[INFO]	event.py	响应时间:893ms	浙江省	杭州市	这里是日志信息......
2022-09-16 14:53:59.819963	[INFO]	user_manager.py	响应时间:70ms	湖北省	荆州市	这里是日志信息......
2022-09-16 14:53:59.819963	[INFO]	shop_manager.py	响应时间:144ms	山东省	青岛市	这里是日志信息......
2022-09-16 14:53:59.819963	[INFO]	event.py	响应时间:64ms	湖南省	长沙市	这里是日志信息......
2022-09-16 14:53:59.819963	[ERROR]	event.py	响应时间:167ms	湖北省	武汉市	这里是日志信息......
2022-09-16 14:53:59.819963	[INFO]	event.py	响应时间:144ms	江苏省	苏州市	这里是日志信息......
2022-09-16 14:53:59.819963	[INFO]	goods_manager.py	响应时间:493ms	上海市	浦东新区	这里是日志信息......
2022-09-16 14:53:59.819963	[INFO]	goods_manager.py	响应时间:575ms	上海市	静安区	这里是日志信息......
2022-09-16 14:53:59.819963	[INFO]	orders_service.py	响应时间:835ms	天津市	和平区	这里是日志信息......
2022-09-16 14:53:59.819963	[WARN]	orders_service.py	响应时间:108ms	广东省	深圳市	这里是日志信息......
2022-09-16 14:53:59.819963	[INFO]	user_manager.py	响应时间:637ms	天津市	武清区	这里是日志信息......
2022-09-16 14:53:59.819963	[INFO]	event.py	响应时间:537ms	浙江省	绍兴市	这里是日志信息......
2022-09-16 14:53:59.819963	[INFO]	barcode_service.py	响应时间:502ms	湖北省	荆州市	这里是日志信息......
2022-09-16 14:53:59.819963	[INFO]	goods_manager.py	响应时间:995ms	湖南省	常德市	这里是日志信息......
2022-09-16 14:53:59.819963	[ERROR]	shop_manager.py	响应时间:566ms	安徽省	合肥市	这里是日志信息......
2022-09-16 14:53:59.819963	[INFO]	barcode_service.py	响应时间:557ms	湖南省	益阳市	这里是日志信息......
2022-09-16 14:53:59.819963	[INFO]	event.py	响应时间:938ms	安徽省	阜阳市	这里是日志信息......
2022-09-16 14:53:59.819963	[INFO]	event.py	响应时间:320ms	安徽省	合肥市	这里是日志信息......
2022-09-16 14:53:59.819963	[INFO]	event.py	响应时间:343ms	重庆市	涪陵区	这里是日志信息......
2022-09-16 14:53:59.819963	[WARN]	orders_service.py	响应时间:12ms	湖南省	长沙市	这里是日志信息......
2022-09-16 14:53:59.819963	[INFO]	orders_service.py	响应时间:628ms	重庆市	九龙坡区	这里是日志信息......
2022-09-16 14:53:59.819963	[INFO]	barcode_service.py	响应时间:206ms	北京市	大兴区	这里是日志信息......
2022-09-16 14:53:59.819963	[INFO]	orders_service.py	响应时间:595ms	江苏省	苏州市	这里是日志信息......
2022-09-16 14:53:59.819963	[INFO]	base_network.py	响应时间:9470ms	浙江省	丽水市	这里是日志信息......
2022-09-16 14:53:59.819963	[INFO]	user_manager.py	响应时间:190ms	湖南省	长沙市	这里是日志信息......
2022-09-16 14:53:59.819963	[INFO]	shop_manager.py	响应时间:249ms	山东省	济南市	这里是日志信息......
2022-09-16 14:53:59.819963	[INFO]	orders_service.py	响应时间:1607ms	安徽省	池州市	这里是日志信息......
2022-09-16 14:53:59.819963	[INFO]	goods_manager.py	响应时间:272ms	江苏省	南京市	这里是日志信息......
2022-09-16 14:53:59.819963	[INFO]	barcode_service.py	响应时间:108ms	北京市	朝阳区	这里是日志信息......
2022-09-16 14:53:59.819963	[INFO]	orders_service.py	响应时间:697ms	天津市	河西区	这里是日志信息......
2022-09-16 14:53:59.819963	[INFO]	goods_manager.py	响应时间:373ms	上海市	静安区	这里是日志信息......
2022-09-16 14:53:59.819963	[INFO]	goods_manager.py	响应时间:559ms	山东省	菏泽市	这里是日志信息......
2022-09-16 14:53:59.819963	[WARN]	orders_service.py	响应时间:279ms	安徽省	池州市	这里是日志信息......
2022-09-16 14:53:59.819963	[INFO]	base_network.py	响应时间:205ms	湖北省	武汉市	这里是日志信息......
2022-09-16 14:53:59.819963	[INFO]	orders_service.py	响应时间:947ms	江苏省	宿迁市	这里是日志信息......
2022-09-16 14:53:59.819963	[INFO]	barcode_service.py	响应时间:514ms	安徽省	六安市	这里是日志信息......
2022-09-16 14:53:59.819963	[INFO]	user_manager.py	响应时间:775ms	重庆市	万州区	这里是日志信息......
2022-09-16 14:53:59.819963	[INFO]	shop_manager.py	响应时间:925ms	湖南省	株洲市	这里是日志信息......
2022-09-16 14:53:59.819963	[INFO]	goods_manager.py	响应时间:812ms	北京市	海淀区	这里是日志信息......
2022-09-16 14:53:59.819963	[INFO]	user_manager.py	响应时间:949ms	上海市	杨浦区	这里是日志信息......
2022-09-16 14:53:59.819963	[ERROR]	user_manager.py	响应时间:372ms	上海市	浦东新区	这里是日志信息......
2022-09-16 14:53:59.819963	[INFO]	user_manager.py	响应时间:2ms	重庆市	南岸区	这里是日志信息......
2022-09-16 14:53:59.819963	[INFO]	event.py	响应时间:76ms	湖南省	长沙市	这里是日志信息......
2022-09-16 14:53:59.819963	[INFO]	goods_manager.py	响应时间:537ms	安徽省	合肥市	这里是日志信息......
2022-09-16 14:53:59.819963	[INFO]	barcode_service.py	响应时间:669ms	江苏省	苏州市	这里是日志信息......
2022-09-16 14:53:59.819963	[INFO]	base_network.py	响应时间:698ms	江苏省	南京市	这里是日志信息......
2022-09-16 14:53:59.819963	[INFO]	goods_manager.py	响应时间:827ms	湖南省	长沙市	这里是日志信息......
2022-09-16 14:53:59.819963	[INFO]	event.py	响应时间:102ms	重庆市	九龙坡区	这里是日志信息......
2022-09-16 14:53:59.819963	[INFO]	event.py	响应时间:114ms	浙江省	绍兴市	这里是日志信息......
2022-09-16 14:53:59.819963	[INFO]	event.py	响应时间:735ms	广东省	广州市	这里是日志信息......
2022-09-16 14:53:59.819963	[INFO]	goods_manager.py	响应时间:901ms	上海市	浦东新区	这里是日志信息......
2022-09-16 14:53:59.819963	[INFO]	barcode_service.py	响应时间:902ms	湖南省	张家界市	这里是日志信息......
2022-09-16 14:53:59.819963	[INFO]	goods_manager.py	响应时间:633ms	浙江省	丽水市	这里是日志信息......
2022-09-16 14:53:59.819963	[INFO]	event.py	响应时间:669ms	浙江省	湖州市	这里是日志信息......
2022-09-16 14:53:59.819963	[WARN]	orders_service.py	响应时间:636ms	重庆市	沙坪坝区	这里是日志信息......
2022-09-16 14:53:59.819963	[INFO]	orders_service.py	响应时间:807ms	浙江省	绍兴市	这里是日志信息......
2022-09-16 14:53:59.819963	[INFO]	event.py	响应时间:539ms	山东省	菏泽市	这里是日志信息......
2022-09-16 14:53:59.819963	[INFO]	orders_service.py	响应时间:763ms	上海市	宝山区	这里是日志信息......
2022-09-16 14:53:59.819963	[WARN]	shop_manager.py	响应时间:578ms	广东省	广州市	这里是日志信息......
2022-09-16 14:53:59.819963	[INFO]	event.py	响应时间:340ms	浙江省	舟山市	这里是日志信息......
2022-09-16 14:53:59.819963	[INFO]	goods_manager.py	响应时间:665ms	浙江省	杭州市	这里是日志信息......
2022-09-16 14:53:59.819963	[INFO]	base_network.py	响应时间:66ms	北京市	海淀区	这里是日志信息......
2022-09-16 14:53:59.819963	[INFO]	user_manager.py	响应时间:381ms	山东省	菏泽市	这里是日志信息......
2022-09-16 14:53:59.819963	[INFO]	barcode_service.py	响应时间:805ms	安徽省	池州市	这里是日志信息......
2022-09-16 14:53:59.819963	[INFO]	user_manager.py	响应时间:868ms	北京市	怀柔区	这里是日志信息......
2022-09-16 14:53:59.819963	[WARN]	event.py	响应时间:6ms	上海市	杨浦区	这里是日志信息......
2022-09-16 14:53:59.819963	[INFO]	event.py	响应时间:61ms	湖北省	武汉市	这里是日志信息......
2022-09-16 14:53:59.819963	[INFO]	goods_manager.py	响应时间:435ms	江苏省	张家港市	这里是日志信息......
2022-09-16 14:53:59.819963	[WARN]	barcode_service.py	响应时间:976ms	山东省	青岛市	这里是日志信息......
2022-09-16 14:53:59.819963	[INFO]	orders_service.py	响应时间:615ms	山东省	青岛市	这里是日志信息......
2022-09-16 14:53:59.819963	[WARN]	orders_service.py	响应时间:112ms	山东省	济南市	这里是日志信息......
2022-09-16 14:53:59.819963	[INFO]	user_manager.py	响应时间:832ms	天津市	宝坻区	这里是日志信息......
2022-09-16 14:53:59.819963	[INFO]	orders_service.py	响应时间:742ms	重庆市	万州区	这里是日志信息......
2022-09-16 14:53:59.820963	[WARN]	base_network.py	响应时间:797ms	山东省	青岛市	这里是日志信息......
2022-09-16 14:53:59.820963	[WARN]	goods_manager.py	响应时间:404ms	北京市	朝阳区	这里是日志信息......
2022-09-16 14:53:59.820963	[INFO]	goods_manager.py	响应时间:560ms	山东省	青岛市	这里是日志信息......
2022-09-16 14:53:59.820963	[INFO]	base_network.py	响应时间:181ms	北京市	丰台区	这里是日志信息......
2022-09-16 14:53:59.820963	[INFO]	base_network.py	响应时间:782ms	湖北省	武汉市	这里是日志信息......
2022-09-16 14:53:59.820963	[INFO]	barcode_service.py	响应时间:612ms	湖南省	长沙市	这里是日志信息......
2022-09-16 14:53:59.820963	[INFO]	event.py	响应时间:895ms	北京市	海淀区	这里是日志信息......
2022-09-16 14:53:59.820963	[INFO]	event.py	响应时间:863ms	广东省	广州市	这里是日志信息......
2022-09-16 14:53:59.820963	[INFO]	user_manager.py	响应时间:808ms	天津市	和平区	这里是日志信息......
2022-09-16 14:53:59.820963	[INFO]	orders_service.py	响应时间:183ms	湖北省	十堰市	这里是日志信息......
2022-09-16 14:53:59.820963	[INFO]	goods_manager.py	响应时间:82ms	北京市	怀柔区	这里是日志信息......
2022-09-16 14:53:59.820963	[INFO]	user_manager.py	响应时间:962ms	北京市	昌平区	这里是日志信息......
2022-09-16 14:53:59.820963	[INFO]	orders_service.py	响应时间:134ms	山东省	青岛市	这里是日志信息......
2022-09-16 14:53:59.820963	[INFO]	goods_manager.py	响应时间:522ms	北京市	丰台区	这里是日志信息......
2022-09-16 14:53:59.820963	[INFO]	orders_service.py	响应时间:117ms	江苏省	苏州市	这里是日志信息......
2022-09-16 14:53:59.820963	[INFO]	event.py	响应时间:541ms	浙江省	嘉兴市	这里是日志信息......
2022-09-16 14:53:59.820963	[INFO]	base_network.py	响应时间:68ms	上海市	浦东新区	这里是日志信息......
2022-09-16 14:53:59.820963	[INFO]	base_network.py	响应时间:287ms	广东省	珠海市	这里是日志信息......
2022-09-16 14:53:59.820963	[INFO]	event.py	响应时间:405ms	湖南省	长沙市	这里是日志信息......
2022-09-16 14:53:59.820963	[INFO]	user_manager.py	响应时间:0ms	湖南省	长沙市	这里是日志信息......
2022-09-16 14:53:59.820963	[ERROR]	goods_manager.py	响应时间:3746ms	安徽省	合肥市	这里是日志信息......
2022-09-16 14:53:59.820963	[WARN]	user_manager.py	响应时间:289ms	重庆市	渝中区	这里是日志信息......
2022-09-16 14:53:59.820963	[INFO]	base_network.py	响应时间:260ms	湖北省	十堰市	这里是日志信息......
2022-09-16 14:53:59.820963	[INFO]	orders_service.py	响应时间:86ms	湖南省	长沙市	这里是日志信息......
2022-09-16 14:53:59.820963	[INFO]	orders_service.py	响应时间:350ms	浙江省	丽水市	这里是日志信息......
2022-09-16 14:53:59.820963	[INFO]	goods_manager.py	响应时间:4391ms	浙江省	湖州市	这里是日志信息......
2022-09-16 14:53:59.820963	[ERROR]	goods_manager.py	响应时间:4723ms	北京市	丰台区	这里是日志信息......
2022-09-16 14:53:59.820963	[INFO]	user_manager.py	响应时间:889ms	北京市	海淀区	这里是日志信息......
2022-09-16 14:53:59.820963	[INFO]	barcode_service.py	响应时间:725ms	安徽省	铜陵市	这里是日志信息......
2022-09-16 14:53:59.820963	[INFO]	barcode_service.py	响应时间:415ms	湖南省	长沙市	这里是日志信息......
2022-09-16 14:53:59.820963	[INFO]	orders_service.py	响应时间:163ms	天津市	河东区	这里是日志信息......
2022-09-16 14:53:59.820963	[INFO]	event.py	响应时间:468ms	江苏省	常州市	这里是日志信息......
2022-09-16 14:53:59.820963	[INFO]	orders_service.py	响应时间:445ms	浙江省	嘉兴市	这里是日志信息......
2022-09-16 14:53:59.820963	[INFO]	user_manager.py	响应时间:190ms	山东省	济南市	这里是日志信息......
2022-09-16 14:53:59.820963	[INFO]	goods_manager.py	响应时间:560ms	重庆市	万州区	这里是日志信息......
2022-09-16 14:53:59.820963	[INFO]	base_network.py	响应时间:362ms	重庆市	渝中区	这里是日志信息......
2022-09-16 14:53:59.820963	[INFO]	user_manager.py	响应时间:300ms	安徽省	六安市	这里是日志信息......
2022-09-16 14:53:59.820963	[INFO]	base_network.py	响应时间:249ms	湖北省	武汉市	这里是日志信息......
2022-09-16 14:53:59.820963	[INFO]	event.py	响应时间:75ms	湖北省	武汉市	这里是日志信息......
2022-09-16 14:53:59.820963	[INFO]	event.py	响应时间:627ms	重庆市	沙坪坝区	这里是日志信息......
2022-09-16 14:53:59.820963	[INFO]	orders_service.py	响应时间:329ms	广东省	深圳市	这里是日志信息......
2022-09-16 14:53:59.820963	[INFO]	barcode_service.py	响应时间:123ms	北京市	昌平区	这里是日志信息......
2022-09-16 14:53:59.820963	[INFO]	orders_service.py	响应时间:308ms	江苏省	南京市	这里是日志信息......
2022-09-16 14:53:59.820963	[WARN]	event.py	响应时间:196ms	浙江省	丽水市	这里是日志信息......
2022-09-16 14:53:59.820963	[WARN]	goods_manager.py	响应时间:228ms	天津市	宝坻区	这里是日志信息......
2022-09-16 14:53:59.820963	[INFO]	goods_manager.py	响应时间:550ms	浙江省	金华市	这里是日志信息......
2022-09-16 14:53:59.820963	[INFO]	orders_service.py	响应时间:363ms	天津市	河东区	这里是日志信息......
2022-09-16 14:53:59.820963	[ERROR]	barcode_service.py	响应时间:224ms	安徽省	阜阳市	这里是日志信息......
2022-09-16 14:53:59.820963	[INFO]	event.py	响应时间:302ms	山东省	青岛市	这里是日志信息......
2022-09-16 14:53:59.820963	[INFO]	event.py	响应时间:914ms	湖北省	恩施土家族苗族自治州	这里是日志信息......
2022-09-16 14:53:59.820963	[INFO]	shop_manager.py	响应时间:218ms	湖北省	荆州市	这里是日志信息......
2022-09-16 14:53:59.820963	[INFO]	event.py	响应时间:98ms	湖南省	长沙市	这里是日志信息......
2022-09-16 14:53:59.820963	[INFO]	event.py	响应时间:661ms	北京市	大兴区	这里是日志信息......
2022-09-16 14:53:59.820963	[INFO]	event.py	响应时间:436ms	重庆市	南岸区	这里是日志信息......
2022-09-16 14:53:59.820963	[INFO]	goods_manager.py	响应时间:940ms	江苏省	苏州市	这里是日志信息......
2022-09-16 14:53:59.820963	[INFO]	event.py	响应时间:507ms	广东省	广州市	这里是日志信息......
2022-09-16 14:53:59.820963	[INFO]	shop_manager.py	响应时间:671ms	安徽省	合肥市	这里是日志信息......
2022-09-16 14:53:59.820963	[WARN]	orders_service.py	响应时间:2013ms	山东省	青岛市	这里是日志信息......
2022-09-16 14:53:59.820963	[INFO]	base_network.py	响应时间:5ms	湖北省	恩施土家族苗族自治州	这里是日志信息......
2022-09-16 14:53:59.820963	[ERROR]	orders_service.py	响应时间:580ms	天津市	宝坻区	这里是日志信息......
2022-09-16 14:53:59.820963	[ERROR]	base_network.py	响应时间:338ms	天津市	和平区	这里是日志信息......
2022-09-16 14:53:59.820963	[INFO]	orders_service.py	响应时间:898ms	天津市	武清区	这里是日志信息......
2022-09-16 14:53:59.820963	[INFO]	base_network.py	响应时间:114ms	浙江省	湖州市	这里是日志信息......
2022-09-16 14:53:59.820963	[INFO]	orders_service.py	响应时间:810ms	湖南省	长沙市	这里是日志信息......
2022-09-16 14:53:59.820963	[INFO]	orders_service.py	响应时间:344ms	湖南省	长沙市	这里是日志信息......
2022-09-16 14:53:59.820963	[INFO]	user_manager.py	响应时间:1798ms	湖南省	长沙市	这里是日志信息......
2022-09-16 14:53:59.820963	[INFO]	user_manager.py	响应时间:69ms	天津市	河东区	这里是日志信息......
2022-09-16 14:53:59.820963	[WARN]	user_manager.py	响应时间:128ms	江苏省	宿迁市	这里是日志信息......
2022-09-16 14:53:59.820963	[INFO]	orders_service.py	响应时间:606ms	湖北省	武汉市	这里是日志信息......
2022-09-16 14:53:59.820963	[INFO]	shop_manager.py	响应时间:932ms	湖南省	长沙市	这里是日志信息......
2022-09-16 14:53:59.820963	[INFO]	event.py	响应时间:192ms	湖南省	长沙市	这里是日志信息......
2022-09-16 14:53:59.820963	[INFO]	goods_manager.py	响应时间:873ms	广东省	深圳市	这里是日志信息......
2022-09-16 14:53:59.820963	[INFO]	orders_service.py	响应时间:743ms	广东省	广州市	这里是日志信息......
2022-09-16 14:53:59.820963	[INFO]	user_manager.py	响应时间:896ms	山东省	济南市	这里是日志信息......
2022-09-16 14:53:59.820963	[WARN]	event.py	响应时间:667ms	湖北省	荆州市	这里是日志信息......
2022-09-16 14:53:59.821951	[INFO]	base_network.py	响应时间:981ms	山东省	青岛市	这里是日志信息......
2022-09-16 14:53:59.821951	[INFO]	orders_service.py	响应时间:444ms	安徽省	合肥市	这里是日志信息......
2022-09-16 14:53:59.821951	[INFO]	barcode_service.py	响应时间:324ms	天津市	河西区	这里是日志信息......
2022-09-16 14:53:59.821951	[INFO]	barcode_service.py	响应时间:835ms	湖南省	长沙市	这里是日志信息......
2022-09-16 14:53:59.821951	[INFO]	event.py	响应时间:717ms	北京市	丰台区	这里是日志信息......
2022-09-16 14:53:59.821951	[INFO]	barcode_service.py	响应时间:221ms	山东省	济南市	这里是日志信息......
2022-09-16 14:53:59.821951	[INFO]	event.py	响应时间:723ms	上海市	浦东新区	这里是日志信息......
2022-09-16 14:53:59.821951	[INFO]	orders_service.py	响应时间:967ms	重庆市	南岸区	这里是日志信息......
2022-09-16 14:53:59.821951	[WARN]	goods_manager.py	响应时间:878ms	湖北省	武汉市	这里是日志信息......
2022-09-16 14:53:59.821951	[INFO]	goods_manager.py	响应时间:530ms	安徽省	六安市	这里是日志信息......
