2022-09-16 17:15:53.905217	[INFO]	shop_manager.py	响应时间:105ms	北京市	大兴区	这里是日志信息......
2022-09-16 17:15:53.905217	[INFO]	goods_manager.py	响应时间:109ms	湖南省	常德市	这里是日志信息......
2022-09-16 17:15:53.905217	[INFO]	orders_service.py	响应时间:261ms	上海市	普陀区	这里是日志信息......
2022-09-16 17:15:53.905217	[INFO]	event.py	响应时间:307ms	浙江省	丽水市	这里是日志信息......
2022-09-16 17:15:53.905217	[INFO]	goods_manager.py	响应时间:223ms	江苏省	宿迁市	这里是日志信息......
2022-09-16 17:15:53.905217	[INFO]	event.py	响应时间:92ms	广东省	深圳市	这里是日志信息......
2022-09-16 17:15:53.905217	[INFO]	event.py	响应时间:495ms	湖北省	荆州市	这里是日志信息......
2022-09-16 17:15:53.905217	[INFO]	event.py	响应时间:725ms	上海市	静安区	这里是日志信息......
2022-09-16 17:15:53.905217	[INFO]	barcode_service.py	响应时间:382ms	重庆市	万州区	这里是日志信息......
2022-09-16 17:15:53.906218	[INFO]	orders_service.py	响应时间:147ms	江苏省	张家港市	这里是日志信息......
2022-09-16 17:15:53.906218	[INFO]	user_manager.py	响应时间:777ms	广东省	深圳市	这里是日志信息......
2022-09-16 17:15:53.906218	[INFO]	event.py	响应时间:846ms	湖北省	武汉市	这里是日志信息......
2022-09-16 17:15:53.906218	[INFO]	goods_manager.py	响应时间:825ms	重庆市	万州区	这里是日志信息......
2022-09-16 17:15:53.906218	[INFO]	event.py	响应时间:692ms	湖北省	武汉市	这里是日志信息......
2022-09-16 17:15:53.906218	[INFO]	goods_manager.py	响应时间:511ms	江苏省	无锡市	这里是日志信息......
2022-09-16 17:15:53.906218	[INFO]	user_manager.py	响应时间:810ms	湖南省	张家界市	这里是日志信息......
2022-09-16 17:15:53.906218	[INFO]	orders_service.py	响应时间:352ms	湖北省	武汉市	这里是日志信息......
2022-09-16 17:15:53.906218	[WARN]	orders_service.py	响应时间:57ms	山东省	青岛市	这里是日志信息......
2022-09-16 17:15:53.906218	[ERROR]	base_network.py	响应时间:905ms	重庆市	万州区	这里是日志信息......
2022-09-16 17:15:53.906218	[INFO]	goods_manager.py	响应时间:811ms	湖北省	恩施土家族苗族自治州	这里是日志信息......
2022-09-16 17:15:53.906218	[INFO]	event.py	响应时间:984ms	广东省	珠海市	这里是日志信息......
2022-09-16 17:15:53.906218	[INFO]	orders_service.py	响应时间:401ms	广东省	深圳市	这里是日志信息......
2022-09-16 17:15:53.906218	[INFO]	event.py	响应时间:960ms	天津市	武清区	这里是日志信息......
2022-09-16 17:15:53.906218	[INFO]	orders_service.py	响应时间:976ms	浙江省	绍兴市	这里是日志信息......
2022-09-16 17:15:53.906218	[INFO]	barcode_service.py	响应时间:468ms	重庆市	万州区	这里是日志信息......
2022-09-16 17:15:53.906218	[INFO]	shop_manager.py	响应时间:798ms	湖北省	恩施土家族苗族自治州	这里是日志信息......
2022-09-16 17:15:53.906218	[INFO]	event.py	响应时间:379ms	山东省	青岛市	这里是日志信息......
2022-09-16 17:15:53.906218	[INFO]	barcode_service.py	响应时间:139ms	安徽省	合肥市	这里是日志信息......
2022-09-16 17:15:53.906218	[WARN]	goods_manager.py	响应时间:144ms	湖北省	武汉市	这里是日志信息......
2022-09-16 17:15:53.906218	[INFO]	barcode_service.py	响应时间:985ms	安徽省	池州市	这里是日志信息......
2022-09-16 17:15:53.906218	[INFO]	user_manager.py	响应时间:32ms	上海市	杨浦区	这里是日志信息......
2022-09-16 17:15:53.906218	[INFO]	goods_manager.py	响应时间:340ms	北京市	丰台区	这里是日志信息......
2022-09-16 17:15:53.906218	[INFO]	base_network.py	响应时间:546ms	上海市	静安区	这里是日志信息......
2022-09-16 17:15:53.906218	[INFO]	event.py	响应时间:72ms	安徽省	铜陵市	这里是日志信息......
2022-09-16 17:15:53.906218	[INFO]	base_network.py	响应时间:76ms	天津市	宝坻区	这里是日志信息......
2022-09-16 17:15:53.906218	[INFO]	orders_service.py	响应时间:478ms	北京市	昌平区	这里是日志信息......
2022-09-16 17:15:53.906218	[INFO]	user_manager.py	响应时间:451ms	上海市	黄浦区	这里是日志信息......
2022-09-16 17:15:53.906218	[WARN]	user_manager.py	响应时间:865ms	天津市	和平区	这里是日志信息......
2022-09-16 17:15:53.906218	[INFO]	goods_manager.py	响应时间:711ms	重庆市	沙坪坝区	这里是日志信息......
2022-09-16 17:15:53.906218	[INFO]	shop_manager.py	响应时间:5ms	湖北省	武汉市	这里是日志信息......
2022-09-16 17:15:53.906218	[INFO]	base_network.py	响应时间:167ms	北京市	怀柔区	这里是日志信息......
2022-09-16 17:15:53.906218	[INFO]	barcode_service.py	响应时间:830ms	重庆市	南岸区	这里是日志信息......
2022-09-16 17:15:53.906218	[INFO]	orders_service.py	响应时间:713ms	山东省	青岛市	这里是日志信息......
2022-09-16 17:15:53.906218	[INFO]	orders_service.py	响应时间:747ms	北京市	海淀区	这里是日志信息......
2022-09-16 17:15:53.906218	[INFO]	goods_manager.py	响应时间:861ms	浙江省	嘉兴市	这里是日志信息......
2022-09-16 17:15:53.906218	[WARN]	orders_service.py	响应时间:593ms	湖南省	长沙市	这里是日志信息......
2022-09-16 17:15:53.906218	[INFO]	shop_manager.py	响应时间:585ms	安徽省	芜湖市	这里是日志信息......
2022-09-16 17:15:53.906218	[INFO]	orders_service.py	响应时间:220ms	天津市	武清区	这里是日志信息......
2022-09-16 17:15:53.906218	[WARN]	base_network.py	响应时间:76ms	江苏省	苏州市	这里是日志信息......
2022-09-16 17:15:53.906218	[WARN]	orders_service.py	响应时间:62ms	重庆市	万州区	这里是日志信息......
2022-09-16 17:15:53.906218	[WARN]	event.py	响应时间:524ms	湖北省	武汉市	这里是日志信息......
2022-09-16 17:15:53.906218	[INFO]	barcode_service.py	响应时间:88ms	重庆市	渝中区	这里是日志信息......
2022-09-16 17:15:53.906218	[INFO]	goods_manager.py	响应时间:999ms	湖北省	恩施土家族苗族自治州	这里是日志信息......
2022-09-16 17:15:53.906218	[INFO]	goods_manager.py	响应时间:201ms	浙江省	丽水市	这里是日志信息......
2022-09-16 17:15:53.906218	[INFO]	orders_service.py	响应时间:484ms	浙江省	金华市	这里是日志信息......
2022-09-16 17:15:53.906218	[INFO]	barcode_service.py	响应时间:6264ms	湖南省	长沙市	这里是日志信息......
2022-09-16 17:15:53.906218	[INFO]	goods_manager.py	响应时间:278ms	湖南省	长沙市	这里是日志信息......
2022-09-16 17:15:53.906218	[INFO]	barcode_service.py	响应时间:703ms	天津市	宝坻区	这里是日志信息......
2022-09-16 17:15:53.906218	[INFO]	barcode_service.py	响应时间:2ms	山东省	青岛市	这里是日志信息......
2022-09-16 17:15:53.906218	[INFO]	event.py	响应时间:449ms	天津市	河东区	这里是日志信息......
2022-09-16 17:15:53.906218	[WARN]	event.py	响应时间:79ms	广东省	广州市	这里是日志信息......
2022-09-16 17:15:53.906218	[INFO]	shop_manager.py	响应时间:708ms	浙江省	绍兴市	这里是日志信息......
2022-09-16 17:15:53.906218	[INFO]	orders_service.py	响应时间:906ms	重庆市	万州区	这里是日志信息......
2022-09-16 17:15:53.906218	[ERROR]	event.py	响应时间:28ms	上海市	杨浦区	这里是日志信息......
2022-09-16 17:15:53.906218	[INFO]	user_manager.py	响应时间:575ms	湖北省	十堰市	这里是日志信息......
2022-09-16 17:15:53.906218	[INFO]	event.py	响应时间:925ms	山东省	济南市	这里是日志信息......
2022-09-16 17:15:53.906218	[ERROR]	base_network.py	响应时间:338ms	重庆市	涪陵区	这里是日志信息......
2022-09-16 17:15:53.906218	[INFO]	event.py	响应时间:961ms	江苏省	无锡市	这里是日志信息......
2022-09-16 17:15:53.906218	[INFO]	user_manager.py	响应时间:743ms	山东省	青岛市	这里是日志信息......
2022-09-16 17:15:53.906218	[INFO]	event.py	响应时间:549ms	山东省	青岛市	这里是日志信息......
2022-09-16 17:15:53.907218	[WARN]	orders_service.py	响应时间:741ms	山东省	青岛市	这里是日志信息......
2022-09-16 17:15:53.907218	[INFO]	goods_manager.py	响应时间:795ms	湖南省	长沙市	这里是日志信息......
2022-09-16 17:15:53.907218	[INFO]	goods_manager.py	响应时间:43ms	浙江省	丽水市	这里是日志信息......
2022-09-16 17:15:53.907218	[INFO]	orders_service.py	响应时间:499ms	江苏省	宿迁市	这里是日志信息......
2022-09-16 17:15:53.907218	[INFO]	goods_manager.py	响应时间:432ms	安徽省	合肥市	这里是日志信息......
2022-09-16 17:15:53.907218	[INFO]	event.py	响应时间:434ms	广东省	珠海市	这里是日志信息......
2022-09-16 17:15:53.907218	[INFO]	shop_manager.py	响应时间:5ms	湖南省	长沙市	这里是日志信息......
2022-09-16 17:15:53.907218	[INFO]	goods_manager.py	响应时间:409ms	山东省	青岛市	这里是日志信息......
2022-09-16 17:15:53.907218	[WARN]	goods_manager.py	响应时间:709ms	安徽省	芜湖市	这里是日志信息......
2022-09-16 17:15:53.907218	[INFO]	shop_manager.py	响应时间:31ms	湖北省	武汉市	这里是日志信息......
2022-09-16 17:15:53.907218	[INFO]	goods_manager.py	响应时间:675ms	江苏省	张家港市	这里是日志信息......
2022-09-16 17:15:53.907218	[WARN]	event.py	响应时间:997ms	湖北省	武汉市	这里是日志信息......
2022-09-16 17:15:53.907218	[INFO]	event.py	响应时间:762ms	江苏省	苏州市	这里是日志信息......
2022-09-16 17:15:53.907218	[INFO]	event.py	响应时间:760ms	江苏省	宿迁市	这里是日志信息......
2022-09-16 17:15:53.907218	[INFO]	goods_manager.py	响应时间:179ms	广东省	深圳市	这里是日志信息......
2022-09-16 17:15:53.907218	[INFO]	orders_service.py	响应时间:284ms	北京市	怀柔区	这里是日志信息......
2022-09-16 17:15:53.907218	[INFO]	barcode_service.py	响应时间:436ms	上海市	普陀区	这里是日志信息......
2022-09-16 17:15:53.907218	[INFO]	base_network.py	响应时间:244ms	北京市	怀柔区	这里是日志信息......
2022-09-16 17:15:53.907218	[ERROR]	goods_manager.py	响应时间:3463ms	重庆市	渝中区	这里是日志信息......
2022-09-16 17:15:53.907218	[INFO]	goods_manager.py	响应时间:534ms	浙江省	杭州市	这里是日志信息......
2022-09-16 17:15:53.907218	[INFO]	user_manager.py	响应时间:770ms	广东省	广州市	这里是日志信息......
2022-09-16 17:15:53.907218	[INFO]	event.py	响应时间:135ms	湖北省	十堰市	这里是日志信息......
2022-09-16 17:15:53.907218	[INFO]	goods_manager.py	响应时间:333ms	浙江省	杭州市	这里是日志信息......
2022-09-16 17:15:53.907218	[INFO]	user_manager.py	响应时间:791ms	浙江省	杭州市	这里是日志信息......
2022-09-16 17:15:53.907218	[INFO]	event.py	响应时间:201ms	浙江省	杭州市	这里是日志信息......
2022-09-16 17:15:53.907218	[INFO]	goods_manager.py	响应时间:755ms	上海市	静安区	这里是日志信息......
2022-09-16 17:15:53.907218	[INFO]	orders_service.py	响应时间:109ms	浙江省	湖州市	这里是日志信息......
2022-09-16 17:15:53.907218	[INFO]	user_manager.py	响应时间:784ms	江苏省	无锡市	这里是日志信息......
2022-09-16 17:15:53.907218	[INFO]	base_network.py	响应时间:464ms	安徽省	六安市	这里是日志信息......
2022-09-16 17:15:53.907218	[INFO]	goods_manager.py	响应时间:550ms	安徽省	合肥市	这里是日志信息......
2022-09-16 17:15:53.907218	[ERROR]	orders_service.py	响应时间:123ms	山东省	济南市	这里是日志信息......
2022-09-16 17:15:53.907218	[INFO]	goods_manager.py	响应时间:314ms	上海市	浦东新区	这里是日志信息......
2022-09-16 17:15:53.907218	[WARN]	goods_manager.py	响应时间:230ms	浙江省	绍兴市	这里是日志信息......
2022-09-16 17:15:53.907218	[WARN]	orders_service.py	响应时间:405ms	重庆市	沙坪坝区	这里是日志信息......
2022-09-16 17:15:53.907218	[INFO]	orders_service.py	响应时间:566ms	安徽省	合肥市	这里是日志信息......
2022-09-16 17:15:53.907218	[INFO]	goods_manager.py	响应时间:442ms	上海市	宝山区	这里是日志信息......
2022-09-16 17:15:53.907218	[INFO]	event.py	响应时间:867ms	湖南省	益阳市	这里是日志信息......
2022-09-16 17:15:53.907218	[INFO]	barcode_service.py	响应时间:487ms	安徽省	六安市	这里是日志信息......
2022-09-16 17:15:53.907218	[INFO]	event.py	响应时间:475ms	天津市	武清区	这里是日志信息......
2022-09-16 17:15:53.907218	[INFO]	barcode_service.py	响应时间:201ms	浙江省	舟山市	这里是日志信息......
2022-09-16 17:15:53.907218	[INFO]	goods_manager.py	响应时间:945ms	上海市	普陀区	这里是日志信息......
2022-09-16 17:15:53.907218	[INFO]	event.py	响应时间:3797ms	天津市	河西区	这里是日志信息......
2022-09-16 17:15:53.907218	[INFO]	orders_service.py	响应时间:252ms	山东省	济南市	这里是日志信息......
2022-09-16 17:15:53.907218	[INFO]	goods_manager.py	响应时间:330ms	安徽省	合肥市	这里是日志信息......
2022-09-16 17:15:53.907218	[INFO]	orders_service.py	响应时间:10ms	湖南省	长沙市	这里是日志信息......
2022-09-16 17:15:53.907218	[INFO]	orders_service.py	响应时间:829ms	广东省	深圳市	这里是日志信息......
2022-09-16 17:15:53.907218	[INFO]	event.py	响应时间:912ms	湖南省	株洲市	这里是日志信息......
2022-09-16 17:15:53.907218	[WARN]	orders_service.py	响应时间:681ms	重庆市	渝中区	这里是日志信息......
2022-09-16 17:15:53.907218	[INFO]	event.py	响应时间:213ms	浙江省	绍兴市	这里是日志信息......
2022-09-16 17:15:53.907218	[INFO]	event.py	响应时间:46ms	天津市	和平区	这里是日志信息......
2022-09-16 17:15:53.907218	[INFO]	goods_manager.py	响应时间:977ms	重庆市	南岸区	这里是日志信息......
2022-09-16 17:15:53.907218	[INFO]	barcode_service.py	响应时间:882ms	广东省	深圳市	这里是日志信息......
2022-09-16 17:15:53.907218	[INFO]	barcode_service.py	响应时间:797ms	山东省	青岛市	这里是日志信息......
2022-09-16 17:15:53.907218	[WARN]	barcode_service.py	响应时间:480ms	天津市	武清区	这里是日志信息......
2022-09-16 17:15:53.907218	[INFO]	orders_service.py	响应时间:886ms	广东省	深圳市	这里是日志信息......
2022-09-16 17:15:53.907218	[INFO]	barcode_service.py	响应时间:862ms	上海市	浦东新区	这里是日志信息......
2022-09-16 17:15:53.907218	[INFO]	event.py	响应时间:421ms	重庆市	涪陵区	这里是日志信息......
2022-09-16 17:15:53.907218	[INFO]	orders_service.py	响应时间:301ms	北京市	大兴区	这里是日志信息......
2022-09-16 17:15:53.907218	[INFO]	event.py	响应时间:2740ms	江苏省	常州市	这里是日志信息......
2022-09-16 17:15:53.907218	[ERROR]	goods_manager.py	响应时间:293ms	山东省	青岛市	这里是日志信息......
2022-09-16 17:15:53.907218	[WARN]	event.py	响应时间:57ms	天津市	河东区	这里是日志信息......
2022-09-16 17:15:53.907218	[ERROR]	shop_manager.py	响应时间:7204ms	上海市	徐汇区	这里是日志信息......
2022-09-16 17:15:53.907218	[INFO]	event.py	响应时间:203ms	天津市	宝坻区	这里是日志信息......
2022-09-16 17:15:53.907218	[INFO]	base_network.py	响应时间:673ms	江苏省	苏州市	这里是日志信息......
2022-09-16 17:15:53.908212	[WARN]	event.py	响应时间:390ms	北京市	怀柔区	这里是日志信息......
2022-09-16 17:15:53.908212	[INFO]	orders_service.py	响应时间:287ms	湖南省	长沙市	这里是日志信息......
2022-09-16 17:15:53.908212	[WARN]	orders_service.py	响应时间:39ms	湖北省	恩施土家族苗族自治州	这里是日志信息......
2022-09-16 17:15:53.908212	[INFO]	event.py	响应时间:404ms	山东省	济南市	这里是日志信息......
2022-09-16 17:15:53.908212	[INFO]	event.py	响应时间:810ms	山东省	菏泽市	这里是日志信息......
2022-09-16 17:15:53.908212	[INFO]	event.py	响应时间:627ms	重庆市	万州区	这里是日志信息......
2022-09-16 17:15:53.908212	[WARN]	event.py	响应时间:573ms	浙江省	舟山市	这里是日志信息......
2022-09-16 17:15:53.908212	[INFO]	goods_manager.py	响应时间:111ms	安徽省	芜湖市	这里是日志信息......
2022-09-16 17:15:53.908212	[INFO]	shop_manager.py	响应时间:374ms	广东省	深圳市	这里是日志信息......
2022-09-16 17:15:53.908212	[INFO]	orders_service.py	响应时间:13ms	江苏省	苏州市	这里是日志信息......
2022-09-16 17:15:53.908212	[INFO]	orders_service.py	响应时间:92ms	安徽省	阜阳市	这里是日志信息......
2022-09-16 17:15:53.908212	[INFO]	goods_manager.py	响应时间:260ms	江苏省	苏州市	这里是日志信息......
2022-09-16 17:15:53.908212	[INFO]	base_network.py	响应时间:249ms	重庆市	万州区	这里是日志信息......
2022-09-16 17:15:53.908212	[INFO]	event.py	响应时间:330ms	广东省	广州市	这里是日志信息......
2022-09-16 17:15:53.908212	[INFO]	event.py	响应时间:431ms	江苏省	南京市	这里是日志信息......
2022-09-16 17:15:53.908212	[INFO]	event.py	响应时间:238ms	浙江省	金华市	这里是日志信息......
2022-09-16 17:15:53.908212	[INFO]	event.py	响应时间:353ms	天津市	河东区	这里是日志信息......
2022-09-16 17:15:53.908212	[INFO]	goods_manager.py	响应时间:318ms	安徽省	芜湖市	这里是日志信息......
2022-09-16 17:15:53.908212	[WARN]	barcode_service.py	响应时间:35ms	浙江省	丽水市	这里是日志信息......
2022-09-16 17:15:53.908212	[INFO]	user_manager.py	响应时间:767ms	江苏省	苏州市	这里是日志信息......
2022-09-16 17:15:53.908212	[INFO]	event.py	响应时间:363ms	安徽省	阜阳市	这里是日志信息......
2022-09-16 17:15:53.908212	[INFO]	orders_service.py	响应时间:271ms	山东省	青岛市	这里是日志信息......
2022-09-16 17:15:53.908212	[INFO]	shop_manager.py	响应时间:922ms	重庆市	渝中区	这里是日志信息......
2022-09-16 17:15:53.908212	[INFO]	orders_service.py	响应时间:460ms	北京市	怀柔区	这里是日志信息......
2022-09-16 17:15:53.908212	[ERROR]	goods_manager.py	响应时间:624ms	山东省	青岛市	这里是日志信息......
2022-09-16 17:15:53.908212	[INFO]	user_manager.py	响应时间:556ms	湖北省	十堰市	这里是日志信息......
2022-09-16 17:15:53.908212	[INFO]	event.py	响应时间:265ms	重庆市	渝中区	这里是日志信息......
2022-09-16 17:15:53.908212	[WARN]	goods_manager.py	响应时间:838ms	天津市	河西区	这里是日志信息......
2022-09-16 17:15:53.908212	[INFO]	goods_manager.py	响应时间:231ms	安徽省	合肥市	这里是日志信息......
2022-09-16 17:15:53.908212	[INFO]	orders_service.py	响应时间:596ms	江苏省	南京市	这里是日志信息......
2022-09-16 17:15:53.908212	[INFO]	event.py	响应时间:418ms	浙江省	杭州市	这里是日志信息......
2022-09-16 17:15:53.908212	[INFO]	orders_service.py	响应时间:566ms	重庆市	万州区	这里是日志信息......
2022-09-16 17:15:53.908212	[INFO]	event.py	响应时间:1655ms	山东省	青岛市	这里是日志信息......
2022-09-16 17:15:53.908212	[INFO]	orders_service.py	响应时间:317ms	上海市	黄浦区	这里是日志信息......
2022-09-16 17:15:53.908212	[INFO]	user_manager.py	响应时间:684ms	山东省	青岛市	这里是日志信息......
2022-09-16 17:15:53.908212	[INFO]	event.py	响应时间:901ms	天津市	武清区	这里是日志信息......
2022-09-16 17:15:53.908212	[WARN]	event.py	响应时间:383ms	山东省	济南市	这里是日志信息......
2022-09-16 17:15:53.908212	[WARN]	barcode_service.py	响应时间:43ms	广东省	广州市	这里是日志信息......
2022-09-16 17:15:53.908212	[INFO]	orders_service.py	响应时间:121ms	安徽省	阜阳市	这里是日志信息......
2022-09-16 17:15:53.908212	[ERROR]	goods_manager.py	响应时间:858ms	重庆市	涪陵区	这里是日志信息......
2022-09-16 17:15:53.908212	[INFO]	event.py	响应时间:833ms	浙江省	杭州市	这里是日志信息......
2022-09-16 17:15:53.908212	[INFO]	barcode_service.py	响应时间:870ms	浙江省	绍兴市	这里是日志信息......
2022-09-16 17:15:53.908212	[INFO]	orders_service.py	响应时间:80ms	北京市	丰台区	这里是日志信息......
2022-09-16 17:15:53.908212	[INFO]	barcode_service.py	响应时间:888ms	安徽省	阜阳市	这里是日志信息......
2022-09-16 17:15:53.908212	[INFO]	goods_manager.py	响应时间:563ms	湖南省	长沙市	这里是日志信息......
2022-09-16 17:15:53.908212	[INFO]	event.py	响应时间:990ms	浙江省	湖州市	这里是日志信息......
2022-09-16 17:15:53.908212	[INFO]	event.py	响应时间:449ms	湖北省	十堰市	这里是日志信息......
2022-09-16 17:15:53.908212	[ERROR]	event.py	响应时间:534ms	湖南省	株洲市	这里是日志信息......
2022-09-16 17:15:53.908212	[INFO]	shop_manager.py	响应时间:894ms	江苏省	苏州市	这里是日志信息......
2022-09-16 17:15:53.908212	[INFO]	user_manager.py	响应时间:822ms	山东省	济南市	这里是日志信息......
2022-09-16 17:15:53.908212	[INFO]	orders_service.py	响应时间:227ms	重庆市	南岸区	这里是日志信息......
2022-09-16 17:15:53.908212	[INFO]	shop_manager.py	响应时间:937ms	浙江省	金华市	这里是日志信息......
2022-09-16 17:15:53.908212	[WARN]	orders_service.py	响应时间:523ms	湖南省	常德市	这里是日志信息......
2022-09-16 17:15:53.908212	[INFO]	orders_service.py	响应时间:709ms	重庆市	沙坪坝区	这里是日志信息......
2022-09-16 17:15:53.908212	[INFO]	orders_service.py	响应时间:718ms	湖南省	益阳市	这里是日志信息......
2022-09-16 17:15:53.908212	[WARN]	shop_manager.py	响应时间:380ms	湖北省	武汉市	这里是日志信息......
2022-09-16 17:15:53.908212	[INFO]	shop_manager.py	响应时间:510ms	安徽省	芜湖市	这里是日志信息......
2022-09-16 17:15:53.908212	[INFO]	shop_manager.py	响应时间:997ms	天津市	宝坻区	这里是日志信息......
2022-09-16 17:15:53.908212	[WARN]	orders_service.py	响应时间:721ms	广东省	广州市	这里是日志信息......
2022-09-16 17:15:53.908212	[WARN]	goods_manager.py	响应时间:738ms	湖南省	长沙市	这里是日志信息......
2022-09-16 17:15:53.908212	[WARN]	goods_manager.py	响应时间:747ms	湖南省	长沙市	这里是日志信息......
2022-09-16 17:15:53.908212	[INFO]	event.py	响应时间:55ms	浙江省	湖州市	这里是日志信息......
2022-09-16 17:15:53.908212	[INFO]	event.py	响应时间:693ms	江苏省	南京市	这里是日志信息......
2022-09-16 17:15:53.908212	[INFO]	barcode_service.py	响应时间:255ms	安徽省	铜陵市	这里是日志信息......
2022-09-16 17:15:53.908212	[WARN]	orders_service.py	响应时间:485ms	浙江省	丽水市	这里是日志信息......
2022-09-16 17:15:53.908212	[ERROR]	event.py	响应时间:2909ms	江苏省	南京市	这里是日志信息......
2022-09-16 17:15:53.908212	[INFO]	barcode_service.py	响应时间:74ms	重庆市	南岸区	这里是日志信息......
2022-09-16 17:15:53.908212	[WARN]	barcode_service.py	响应时间:805ms	江苏省	常州市	这里是日志信息......
2022-09-16 17:15:53.908212	[INFO]	event.py	响应时间:48ms	重庆市	沙坪坝区	这里是日志信息......
2022-09-16 17:15:53.908212	[WARN]	barcode_service.py	响应时间:219ms	北京市	海淀区	这里是日志信息......
2022-09-16 17:15:53.909212	[INFO]	goods_manager.py	响应时间:785ms	江苏省	南京市	这里是日志信息......
2022-09-16 17:15:53.909212	[WARN]	goods_manager.py	响应时间:619ms	天津市	河西区	这里是日志信息......
2022-09-16 17:15:53.909212	[INFO]	user_manager.py	响应时间:93ms	上海市	普陀区	这里是日志信息......
2022-09-16 17:15:53.909212	[INFO]	orders_service.py	响应时间:648ms	北京市	大兴区	这里是日志信息......
2022-09-16 17:15:53.909212	[WARN]	goods_manager.py	响应时间:4966ms	上海市	宝山区	这里是日志信息......
2022-09-16 17:15:53.909212	[INFO]	base_network.py	响应时间:441ms	浙江省	杭州市	这里是日志信息......
2022-09-16 17:15:53.909212	[INFO]	orders_service.py	响应时间:996ms	江苏省	南京市	这里是日志信息......
2022-09-16 17:15:53.909212	[INFO]	event.py	响应时间:744ms	湖南省	长沙市	这里是日志信息......
2022-09-16 17:15:53.909212	[INFO]	goods_manager.py	响应时间:576ms	湖北省	武汉市	这里是日志信息......
2022-09-16 17:15:53.909212	[INFO]	event.py	响应时间:448ms	江苏省	苏州市	这里是日志信息......
2022-09-16 17:15:53.909212	[INFO]	goods_manager.py	响应时间:362ms	山东省	青岛市	这里是日志信息......
2022-09-16 17:15:53.909212	[INFO]	event.py	响应时间:533ms	湖北省	荆州市	这里是日志信息......
2022-09-16 17:15:53.909212	[INFO]	user_manager.py	响应时间:333ms	江苏省	南京市	这里是日志信息......
2022-09-16 17:15:53.909212	[INFO]	shop_manager.py	响应时间:684ms	北京市	海淀区	这里是日志信息......
2022-09-16 17:15:53.909212	[WARN]	event.py	响应时间:27ms	重庆市	万州区	这里是日志信息......
2022-09-16 17:15:53.909212	[WARN]	goods_manager.py	响应时间:296ms	山东省	济南市	这里是日志信息......
2022-09-16 17:15:53.909212	[WARN]	event.py	响应时间:286ms	浙江省	杭州市	这里是日志信息......
2022-09-16 17:15:53.909212	[INFO]	barcode_service.py	响应时间:578ms	山东省	济南市	这里是日志信息......
2022-09-16 17:15:53.909212	[INFO]	goods_manager.py	响应时间:435ms	北京市	大兴区	这里是日志信息......
2022-09-16 17:15:53.909212	[INFO]	user_manager.py	响应时间:308ms	江苏省	苏州市	这里是日志信息......
2022-09-16 17:15:53.909212	[INFO]	goods_manager.py	响应时间:588ms	湖南省	长沙市	这里是日志信息......
2022-09-16 17:15:53.909212	[INFO]	user_manager.py	响应时间:783ms	湖北省	十堰市	这里是日志信息......
2022-09-16 17:15:53.909212	[INFO]	event.py	响应时间:23ms	江苏省	宿迁市	这里是日志信息......
2022-09-16 17:15:53.909212	[INFO]	user_manager.py	响应时间:545ms	山东省	济南市	这里是日志信息......
2022-09-16 17:15:53.909212	[INFO]	goods_manager.py	响应时间:832ms	湖南省	长沙市	这里是日志信息......
2022-09-16 17:15:53.909212	[WARN]	goods_manager.py	响应时间:898ms	天津市	宝坻区	这里是日志信息......
2022-09-16 17:15:53.909212	[INFO]	shop_manager.py	响应时间:195ms	广东省	广州市	这里是日志信息......
2022-09-16 17:15:53.909212	[INFO]	user_manager.py	响应时间:413ms	重庆市	渝中区	这里是日志信息......
2022-09-16 17:15:53.909212	[INFO]	base_network.py	响应时间:808ms	湖北省	武汉市	这里是日志信息......
2022-09-16 17:15:53.909212	[INFO]	barcode_service.py	响应时间:230ms	广东省	深圳市	这里是日志信息......
2022-09-16 17:15:53.909212	[INFO]	shop_manager.py	响应时间:133ms	安徽省	合肥市	这里是日志信息......
2022-09-16 17:15:53.909212	[INFO]	user_manager.py	响应时间:66ms	安徽省	合肥市	这里是日志信息......
2022-09-16 17:15:53.909212	[INFO]	barcode_service.py	响应时间:403ms	浙江省	湖州市	这里是日志信息......
2022-09-16 17:15:53.909212	[INFO]	goods_manager.py	响应时间:126ms	湖北省	武汉市	这里是日志信息......
2022-09-16 17:15:53.909212	[INFO]	orders_service.py	响应时间:238ms	江苏省	南京市	这里是日志信息......
2022-09-16 17:15:53.909212	[INFO]	user_manager.py	响应时间:196ms	山东省	济南市	这里是日志信息......
2022-09-16 17:15:53.909212	[INFO]	event.py	响应时间:3847ms	湖南省	张家界市	这里是日志信息......
2022-09-16 17:15:53.909212	[WARN]	event.py	响应时间:845ms	浙江省	丽水市	这里是日志信息......
2022-09-16 17:15:53.909212	[INFO]	goods_manager.py	响应时间:69ms	湖北省	武汉市	这里是日志信息......
2022-09-16 17:15:53.909212	[INFO]	shop_manager.py	响应时间:886ms	上海市	浦东新区	这里是日志信息......
2022-09-16 17:15:53.909212	[INFO]	event.py	响应时间:393ms	山东省	青岛市	这里是日志信息......
2022-09-16 17:15:53.909212	[INFO]	event.py	响应时间:99ms	安徽省	六安市	这里是日志信息......
2022-09-16 17:15:53.909212	[INFO]	goods_manager.py	响应时间:898ms	安徽省	铜陵市	这里是日志信息......
2022-09-16 17:15:53.909212	[INFO]	user_manager.py	响应时间:377ms	湖南省	株洲市	这里是日志信息......
2022-09-16 17:15:53.909212	[INFO]	goods_manager.py	响应时间:481ms	重庆市	九龙坡区	这里是日志信息......
2022-09-16 17:15:53.909212	[WARN]	goods_manager.py	响应时间:448ms	湖北省	武汉市	这里是日志信息......
2022-09-16 17:15:53.909212	[INFO]	event.py	响应时间:134ms	上海市	徐汇区	这里是日志信息......
2022-09-16 17:15:53.909212	[INFO]	event.py	响应时间:7866ms	江苏省	无锡市	这里是日志信息......
2022-09-16 17:15:53.909212	[INFO]	event.py	响应时间:824ms	江苏省	南京市	这里是日志信息......
2022-09-16 17:15:53.909212	[WARN]	orders_service.py	响应时间:135ms	上海市	浦东新区	这里是日志信息......
2022-09-16 17:15:53.909212	[INFO]	user_manager.py	响应时间:463ms	安徽省	池州市	这里是日志信息......
2022-09-16 17:15:53.909212	[INFO]	user_manager.py	响应时间:23ms	重庆市	渝中区	这里是日志信息......
2022-09-16 17:15:53.909212	[INFO]	goods_manager.py	响应时间:9333ms	安徽省	阜阳市	这里是日志信息......
2022-09-16 17:15:53.909212	[INFO]	event.py	响应时间:982ms	湖南省	长沙市	这里是日志信息......
2022-09-16 17:15:53.909212	[INFO]	user_manager.py	响应时间:508ms	山东省	济南市	这里是日志信息......
2022-09-16 17:15:53.909212	[INFO]	shop_manager.py	响应时间:361ms	重庆市	沙坪坝区	这里是日志信息......
2022-09-16 17:15:53.909212	[INFO]	shop_manager.py	响应时间:296ms	湖北省	十堰市	这里是日志信息......
2022-09-16 17:15:53.909212	[INFO]	event.py	响应时间:112ms	天津市	河西区	这里是日志信息......
2022-09-16 17:15:53.909212	[INFO]	goods_manager.py	响应时间:638ms	浙江省	杭州市	这里是日志信息......
2022-09-16 17:15:53.909212	[INFO]	event.py	响应时间:617ms	上海市	杨浦区	这里是日志信息......
2022-09-16 17:15:53.909212	[INFO]	orders_service.py	响应时间:61ms	广东省	广州市	这里是日志信息......
2022-09-16 17:15:53.909212	[INFO]	user_manager.py	响应时间:232ms	广东省	深圳市	这里是日志信息......
2022-09-16 17:15:53.909212	[INFO]	orders_service.py	响应时间:29ms	广东省	广州市	这里是日志信息......
2022-09-16 17:15:53.909212	[INFO]	event.py	响应时间:126ms	北京市	丰台区	这里是日志信息......
2022-09-16 17:15:53.909212	[WARN]	orders_service.py	响应时间:859ms	浙江省	湖州市	这里是日志信息......
2022-09-16 17:15:53.909212	[INFO]	barcode_service.py	响应时间:251ms	湖南省	株洲市	这里是日志信息......
2022-09-16 17:15:53.909212	[INFO]	user_manager.py	响应时间:530ms	广东省	珠海市	这里是日志信息......
2022-09-16 17:15:53.909212	[INFO]	goods_manager.py	响应时间:614ms	北京市	昌平区	这里是日志信息......
2022-09-16 17:15:53.910219	[INFO]	base_network.py	响应时间:7123ms	广东省	广州市	这里是日志信息......
2022-09-16 17:15:53.910219	[INFO]	barcode_service.py	响应时间:573ms	天津市	河西区	这里是日志信息......
2022-09-16 17:15:53.910219	[WARN]	event.py	响应时间:988ms	上海市	普陀区	这里是日志信息......
2022-09-16 17:15:53.910219	[WARN]	barcode_service.py	响应时间:463ms	广东省	珠海市	这里是日志信息......
2022-09-16 17:15:53.910219	[WARN]	goods_manager.py	响应时间:622ms	湖南省	长沙市	这里是日志信息......
2022-09-16 17:15:53.910219	[INFO]	goods_manager.py	响应时间:285ms	重庆市	渝中区	这里是日志信息......
2022-09-16 17:15:53.910219	[ERROR]	orders_service.py	响应时间:636ms	湖南省	长沙市	这里是日志信息......
2022-09-16 17:15:53.910219	[INFO]	user_manager.py	响应时间:362ms	浙江省	舟山市	这里是日志信息......
2022-09-16 17:15:53.910219	[ERROR]	user_manager.py	响应时间:844ms	山东省	青岛市	这里是日志信息......
2022-09-16 17:15:53.910219	[INFO]	base_network.py	响应时间:153ms	山东省	济南市	这里是日志信息......
2022-09-16 17:15:53.910219	[INFO]	user_manager.py	响应时间:934ms	山东省	菏泽市	这里是日志信息......
2022-09-16 17:15:53.910219	[INFO]	orders_service.py	响应时间:315ms	湖南省	长沙市	这里是日志信息......
2022-09-16 17:15:53.910219	[INFO]	goods_manager.py	响应时间:670ms	江苏省	南京市	这里是日志信息......
2022-09-16 17:15:53.910219	[INFO]	base_network.py	响应时间:298ms	安徽省	六安市	这里是日志信息......
2022-09-16 17:15:53.910219	[INFO]	barcode_service.py	响应时间:80ms	上海市	徐汇区	这里是日志信息......
2022-09-16 17:15:53.910219	[INFO]	goods_manager.py	响应时间:7778ms	江苏省	宿迁市	这里是日志信息......
2022-09-16 17:15:53.910219	[WARN]	event.py	响应时间:103ms	上海市	静安区	这里是日志信息......
2022-09-16 17:15:53.910219	[INFO]	barcode_service.py	响应时间:290ms	浙江省	舟山市	这里是日志信息......
2022-09-16 17:15:53.910219	[INFO]	orders_service.py	响应时间:103ms	浙江省	杭州市	这里是日志信息......
2022-09-16 17:15:53.910219	[INFO]	shop_manager.py	响应时间:199ms	安徽省	芜湖市	这里是日志信息......
2022-09-16 17:15:53.910219	[INFO]	orders_service.py	响应时间:888ms	山东省	济南市	这里是日志信息......
2022-09-16 17:15:53.910219	[INFO]	event.py	响应时间:913ms	广东省	广州市	这里是日志信息......
2022-09-16 17:15:53.910219	[WARN]	user_manager.py	响应时间:493ms	湖南省	株洲市	这里是日志信息......
2022-09-16 17:15:53.910219	[ERROR]	orders_service.py	响应时间:778ms	浙江省	舟山市	这里是日志信息......
2022-09-16 17:15:53.910219	[INFO]	barcode_service.py	响应时间:491ms	北京市	丰台区	这里是日志信息......
2022-09-16 17:15:53.910219	[INFO]	base_network.py	响应时间:103ms	山东省	青岛市	这里是日志信息......
2022-09-16 17:15:53.910219	[INFO]	orders_service.py	响应时间:910ms	北京市	海淀区	这里是日志信息......
2022-09-16 17:15:53.910219	[WARN]	event.py	响应时间:870ms	江苏省	南京市	这里是日志信息......
2022-09-16 17:15:53.910219	[INFO]	event.py	响应时间:580ms	湖南省	株洲市	这里是日志信息......
2022-09-16 17:15:53.910219	[INFO]	orders_service.py	响应时间:7907ms	湖南省	长沙市	这里是日志信息......
2022-09-16 17:15:53.910219	[INFO]	orders_service.py	响应时间:933ms	天津市	武清区	这里是日志信息......
2022-09-16 17:15:53.910219	[INFO]	event.py	响应时间:920ms	安徽省	池州市	这里是日志信息......
2022-09-16 17:15:53.910219	[INFO]	barcode_service.py	响应时间:973ms	重庆市	南岸区	这里是日志信息......
2022-09-16 17:15:53.910219	[INFO]	orders_service.py	响应时间:559ms	重庆市	九龙坡区	这里是日志信息......
2022-09-16 17:15:53.910219	[INFO]	goods_manager.py	响应时间:831ms	北京市	海淀区	这里是日志信息......
2022-09-16 17:15:53.910219	[INFO]	event.py	响应时间:11ms	湖北省	武汉市	这里是日志信息......
2022-09-16 17:15:53.910219	[INFO]	goods_manager.py	响应时间:81ms	湖北省	武汉市	这里是日志信息......
2022-09-16 17:15:53.910219	[INFO]	orders_service.py	响应时间:243ms	湖北省	武汉市	这里是日志信息......
2022-09-16 17:15:53.910219	[ERROR]	orders_service.py	响应时间:6136ms	湖北省	武汉市	这里是日志信息......
2022-09-16 17:15:53.910219	[WARN]	barcode_service.py	响应时间:616ms	江苏省	苏州市	这里是日志信息......
2022-09-16 17:15:53.910219	[INFO]	barcode_service.py	响应时间:841ms	山东省	济南市	这里是日志信息......
2022-09-16 17:15:53.910219	[INFO]	goods_manager.py	响应时间:147ms	湖北省	武汉市	这里是日志信息......
2022-09-16 17:15:53.910219	[INFO]	goods_manager.py	响应时间:810ms	浙江省	舟山市	这里是日志信息......
2022-09-16 17:15:53.910219	[INFO]	orders_service.py	响应时间:530ms	江苏省	张家港市	这里是日志信息......
2022-09-16 17:15:53.910219	[INFO]	goods_manager.py	响应时间:187ms	北京市	怀柔区	这里是日志信息......
2022-09-16 17:15:53.910219	[INFO]	user_manager.py	响应时间:124ms	江苏省	常州市	这里是日志信息......
2022-09-16 17:15:53.910219	[INFO]	event.py	响应时间:329ms	浙江省	舟山市	这里是日志信息......
2022-09-16 17:15:53.910219	[INFO]	barcode_service.py	响应时间:977ms	北京市	海淀区	这里是日志信息......
2022-09-16 17:15:53.910219	[WARN]	goods_manager.py	响应时间:75ms	北京市	大兴区	这里是日志信息......
2022-09-16 17:15:53.910219	[INFO]	event.py	响应时间:125ms	浙江省	杭州市	这里是日志信息......
2022-09-16 17:15:53.910219	[INFO]	goods_manager.py	响应时间:154ms	天津市	武清区	这里是日志信息......
2022-09-16 17:15:53.910219	[INFO]	event.py	响应时间:201ms	湖北省	十堰市	这里是日志信息......
2022-09-16 17:15:53.910219	[INFO]	shop_manager.py	响应时间:483ms	广东省	深圳市	这里是日志信息......
2022-09-16 17:15:53.910219	[INFO]	goods_manager.py	响应时间:701ms	广东省	深圳市	这里是日志信息......
2022-09-16 17:15:53.910219	[INFO]	event.py	响应时间:5417ms	安徽省	合肥市	这里是日志信息......
2022-09-16 17:15:53.910219	[INFO]	base_network.py	响应时间:157ms	山东省	青岛市	这里是日志信息......
2022-09-16 17:15:53.910219	[INFO]	base_network.py	响应时间:41ms	天津市	武清区	这里是日志信息......
2022-09-16 17:15:53.910219	[ERROR]	goods_manager.py	响应时间:411ms	广东省	深圳市	这里是日志信息......
2022-09-16 17:15:53.910219	[INFO]	barcode_service.py	响应时间:746ms	浙江省	舟山市	这里是日志信息......
2022-09-16 17:15:53.910219	[ERROR]	event.py	响应时间:147ms	上海市	杨浦区	这里是日志信息......
2022-09-16 17:15:53.910219	[ERROR]	orders_service.py	响应时间:209ms	北京市	怀柔区	这里是日志信息......
2022-09-16 17:15:53.910219	[INFO]	orders_service.py	响应时间:999ms	浙江省	绍兴市	这里是日志信息......
2022-09-16 17:15:53.910219	[WARN]	goods_manager.py	响应时间:248ms	浙江省	金华市	这里是日志信息......
2022-09-16 17:15:53.910219	[INFO]	base_network.py	响应时间:165ms	湖南省	长沙市	这里是日志信息......
2022-09-16 17:15:53.910219	[INFO]	goods_manager.py	响应时间:395ms	北京市	丰台区	这里是日志信息......
2022-09-16 17:15:53.910219	[ERROR]	event.py	响应时间:1ms	山东省	济南市	这里是日志信息......
2022-09-16 17:15:53.910219	[INFO]	orders_service.py	响应时间:541ms	重庆市	涪陵区	这里是日志信息......
2022-09-16 17:15:53.910219	[INFO]	user_manager.py	响应时间:180ms	浙江省	杭州市	这里是日志信息......
2022-09-16 17:15:53.910219	[INFO]	orders_service.py	响应时间:905ms	湖南省	长沙市	这里是日志信息......
2022-09-16 17:15:53.911219	[INFO]	orders_service.py	响应时间:896ms	上海市	浦东新区	这里是日志信息......
2022-09-16 17:15:53.911219	[WARN]	event.py	响应时间:584ms	重庆市	南岸区	这里是日志信息......
2022-09-16 17:15:53.911219	[INFO]	user_manager.py	响应时间:528ms	上海市	静安区	这里是日志信息......
2022-09-16 17:15:53.911219	[ERROR]	orders_service.py	响应时间:964ms	重庆市	万州区	这里是日志信息......
2022-09-16 17:15:53.911219	[INFO]	orders_service.py	响应时间:759ms	重庆市	沙坪坝区	这里是日志信息......
2022-09-16 17:15:53.911219	[INFO]	barcode_service.py	响应时间:723ms	湖南省	常德市	这里是日志信息......
2022-09-16 17:15:53.911219	[INFO]	orders_service.py	响应时间:551ms	浙江省	金华市	这里是日志信息......
2022-09-16 17:15:53.911219	[INFO]	shop_manager.py	响应时间:9270ms	安徽省	池州市	这里是日志信息......
2022-09-16 17:15:53.911219	[INFO]	event.py	响应时间:777ms	安徽省	芜湖市	这里是日志信息......
2022-09-16 17:15:53.911219	[INFO]	event.py	响应时间:344ms	重庆市	涪陵区	这里是日志信息......
2022-09-16 17:15:53.911219	[ERROR]	base_network.py	响应时间:713ms	安徽省	六安市	这里是日志信息......
2022-09-16 17:15:53.911219	[INFO]	event.py	响应时间:369ms	湖南省	长沙市	这里是日志信息......
2022-09-16 17:15:53.911219	[INFO]	orders_service.py	响应时间:918ms	重庆市	九龙坡区	这里是日志信息......
2022-09-16 17:15:53.911219	[INFO]	goods_manager.py	响应时间:954ms	北京市	大兴区	这里是日志信息......
2022-09-16 17:15:53.911219	[INFO]	goods_manager.py	响应时间:326ms	北京市	丰台区	这里是日志信息......
2022-09-16 17:15:53.911219	[INFO]	barcode_service.py	响应时间:796ms	广东省	广州市	这里是日志信息......
2022-09-16 17:15:53.911219	[INFO]	event.py	响应时间:380ms	重庆市	万州区	这里是日志信息......
2022-09-16 17:15:53.911219	[INFO]	barcode_service.py	响应时间:125ms	湖北省	武汉市	这里是日志信息......
2022-09-16 17:15:53.911219	[INFO]	orders_service.py	响应时间:439ms	广东省	广州市	这里是日志信息......
2022-09-16 17:15:53.911219	[INFO]	orders_service.py	响应时间:104ms	江苏省	南京市	这里是日志信息......
2022-09-16 17:15:53.911219	[INFO]	orders_service.py	响应时间:272ms	湖北省	武汉市	这里是日志信息......
2022-09-16 17:15:53.911219	[INFO]	shop_manager.py	响应时间:895ms	天津市	河东区	这里是日志信息......
2022-09-16 17:15:53.911219	[INFO]	event.py	响应时间:917ms	湖北省	十堰市	这里是日志信息......
2022-09-16 17:15:53.911219	[INFO]	shop_manager.py	响应时间:834ms	广东省	珠海市	这里是日志信息......
2022-09-16 17:15:53.911219	[WARN]	user_manager.py	响应时间:374ms	江苏省	宿迁市	这里是日志信息......
2022-09-16 17:15:53.911219	[INFO]	goods_manager.py	响应时间:565ms	广东省	广州市	这里是日志信息......
2022-09-16 17:15:53.911219	[INFO]	shop_manager.py	响应时间:537ms	山东省	青岛市	这里是日志信息......
2022-09-16 17:15:53.911219	[WARN]	event.py	响应时间:499ms	上海市	普陀区	这里是日志信息......
2022-09-16 17:15:53.911219	[ERROR]	event.py	响应时间:715ms	浙江省	杭州市	这里是日志信息......
2022-09-16 17:15:53.911219	[INFO]	base_network.py	响应时间:911ms	安徽省	六安市	这里是日志信息......
2022-09-16 17:15:53.911219	[INFO]	orders_service.py	响应时间:283ms	湖北省	武汉市	这里是日志信息......
2022-09-16 17:15:53.911219	[WARN]	base_network.py	响应时间:26ms	江苏省	张家港市	这里是日志信息......
2022-09-16 17:15:53.911219	[INFO]	event.py	响应时间:913ms	湖北省	荆州市	这里是日志信息......
2022-09-16 17:15:53.911219	[INFO]	goods_manager.py	响应时间:235ms	广东省	广州市	这里是日志信息......
2022-09-16 17:15:53.911219	[INFO]	event.py	响应时间:887ms	山东省	济南市	这里是日志信息......
2022-09-16 17:15:53.911219	[INFO]	goods_manager.py	响应时间:945ms	重庆市	九龙坡区	这里是日志信息......
2022-09-16 17:15:53.911219	[INFO]	shop_manager.py	响应时间:679ms	安徽省	阜阳市	这里是日志信息......
2022-09-16 17:15:53.911219	[INFO]	event.py	响应时间:814ms	天津市	和平区	这里是日志信息......
2022-09-16 17:15:53.911219	[INFO]	event.py	响应时间:253ms	山东省	青岛市	这里是日志信息......
2022-09-16 17:15:53.911219	[INFO]	base_network.py	响应时间:495ms	江苏省	苏州市	这里是日志信息......
2022-09-16 17:15:53.911219	[INFO]	goods_manager.py	响应时间:570ms	湖北省	武汉市	这里是日志信息......
2022-09-16 17:15:53.911219	[WARN]	goods_manager.py	响应时间:301ms	安徽省	铜陵市	这里是日志信息......
2022-09-16 17:15:53.911219	[INFO]	goods_manager.py	响应时间:444ms	湖南省	长沙市	这里是日志信息......
2022-09-16 17:15:53.911219	[INFO]	event.py	响应时间:465ms	天津市	武清区	这里是日志信息......
2022-09-16 17:15:53.911219	[INFO]	event.py	响应时间:984ms	山东省	菏泽市	这里是日志信息......
2022-09-16 17:15:53.911219	[INFO]	event.py	响应时间:225ms	重庆市	九龙坡区	这里是日志信息......
2022-09-16 17:15:53.911219	[WARN]	shop_manager.py	响应时间:421ms	湖北省	十堰市	这里是日志信息......
2022-09-16 17:15:53.911219	[INFO]	barcode_service.py	响应时间:843ms	广东省	深圳市	这里是日志信息......
2022-09-16 17:15:53.911219	[INFO]	orders_service.py	响应时间:168ms	浙江省	嘉兴市	这里是日志信息......
2022-09-16 17:15:53.911219	[INFO]	event.py	响应时间:315ms	广东省	广州市	这里是日志信息......
2022-09-16 17:15:53.911219	[INFO]	event.py	响应时间:534ms	天津市	河东区	这里是日志信息......
2022-09-16 17:15:53.911219	[INFO]	user_manager.py	响应时间:566ms	广东省	广州市	这里是日志信息......
2022-09-16 17:15:53.911219	[INFO]	orders_service.py	响应时间:168ms	广东省	广州市	这里是日志信息......
2022-09-16 17:15:53.911219	[INFO]	orders_service.py	响应时间:126ms	安徽省	合肥市	这里是日志信息......
2022-09-16 17:15:53.911219	[INFO]	goods_manager.py	响应时间:96ms	浙江省	杭州市	这里是日志信息......
2022-09-16 17:15:53.911219	[INFO]	event.py	响应时间:187ms	上海市	静安区	这里是日志信息......
2022-09-16 17:15:53.911219	[INFO]	goods_manager.py	响应时间:702ms	北京市	朝阳区	这里是日志信息......
2022-09-16 17:15:53.911219	[INFO]	goods_manager.py	响应时间:38ms	浙江省	舟山市	这里是日志信息......
2022-09-16 17:15:53.911219	[WARN]	barcode_service.py	响应时间:564ms	广东省	深圳市	这里是日志信息......
2022-09-16 17:15:53.911219	[INFO]	goods_manager.py	响应时间:901ms	天津市	武清区	这里是日志信息......
2022-09-16 17:15:53.911219	[INFO]	shop_manager.py	响应时间:64ms	天津市	河西区	这里是日志信息......
2022-09-16 17:15:53.911219	[INFO]	event.py	响应时间:982ms	安徽省	池州市	这里是日志信息......
2022-09-16 17:15:53.911219	[INFO]	event.py	响应时间:193ms	浙江省	丽水市	这里是日志信息......
2022-09-16 17:15:53.911219	[INFO]	event.py	响应时间:146ms	重庆市	南岸区	这里是日志信息......
2022-09-16 17:15:53.911219	[INFO]	event.py	响应时间:999ms	上海市	宝山区	这里是日志信息......
2022-09-16 17:15:53.911219	[INFO]	user_manager.py	响应时间:86ms	浙江省	嘉兴市	这里是日志信息......
2022-09-16 17:15:53.911219	[INFO]	barcode_service.py	响应时间:132ms	湖北省	十堰市	这里是日志信息......
2022-09-16 17:15:53.911219	[WARN]	barcode_service.py	响应时间:817ms	山东省	济南市	这里是日志信息......
2022-09-16 17:15:53.911219	[INFO]	barcode_service.py	响应时间:993ms	湖北省	武汉市	这里是日志信息......
2022-09-16 17:15:53.911219	[INFO]	event.py	响应时间:744ms	湖北省	荆州市	这里是日志信息......
2022-09-16 17:15:53.911219	[INFO]	goods_manager.py	响应时间:715ms	重庆市	南岸区	这里是日志信息......
2022-09-16 17:15:53.911219	[INFO]	event.py	响应时间:817ms	天津市	河西区	这里是日志信息......
2022-09-16 17:15:53.911219	[INFO]	user_manager.py	响应时间:233ms	湖北省	武汉市	这里是日志信息......
2022-09-16 17:15:53.912213	[INFO]	user_manager.py	响应时间:660ms	北京市	海淀区	这里是日志信息......
2022-09-16 17:15:53.912213	[INFO]	event.py	响应时间:183ms	江苏省	南京市	这里是日志信息......
2022-09-16 17:15:53.912213	[INFO]	barcode_service.py	响应时间:747ms	北京市	怀柔区	这里是日志信息......
2022-09-16 17:15:53.912213	[INFO]	barcode_service.py	响应时间:322ms	江苏省	南京市	这里是日志信息......
2022-09-16 17:15:53.912213	[WARN]	event.py	响应时间:350ms	广东省	深圳市	这里是日志信息......
2022-09-16 17:15:53.912213	[INFO]	event.py	响应时间:152ms	江苏省	南京市	这里是日志信息......
2022-09-16 17:15:53.912213	[INFO]	user_manager.py	响应时间:572ms	安徽省	合肥市	这里是日志信息......
2022-09-16 17:15:53.912213	[INFO]	goods_manager.py	响应时间:7870ms	湖北省	荆州市	这里是日志信息......
2022-09-16 17:15:53.912213	[INFO]	user_manager.py	响应时间:384ms	山东省	青岛市	这里是日志信息......
2022-09-16 17:15:53.912213	[ERROR]	user_manager.py	响应时间:750ms	重庆市	涪陵区	这里是日志信息......
2022-09-16 17:15:53.912213	[INFO]	orders_service.py	响应时间:511ms	上海市	徐汇区	这里是日志信息......
2022-09-16 17:15:53.912213	[INFO]	orders_service.py	响应时间:962ms	浙江省	丽水市	这里是日志信息......
2022-09-16 17:15:53.912213	[WARN]	goods_manager.py	响应时间:658ms	天津市	武清区	这里是日志信息......
2022-09-16 17:15:53.912213	[INFO]	orders_service.py	响应时间:474ms	湖南省	长沙市	这里是日志信息......
2022-09-16 17:15:53.912213	[INFO]	event.py	响应时间:474ms	北京市	朝阳区	这里是日志信息......
2022-09-16 17:15:53.912213	[INFO]	event.py	响应时间:657ms	湖北省	武汉市	这里是日志信息......
2022-09-16 17:15:53.912213	[WARN]	goods_manager.py	响应时间:210ms	浙江省	绍兴市	这里是日志信息......
2022-09-16 17:15:53.912213	[INFO]	goods_manager.py	响应时间:2ms	上海市	黄浦区	这里是日志信息......
2022-09-16 17:15:53.912213	[INFO]	event.py	响应时间:610ms	重庆市	沙坪坝区	这里是日志信息......
2022-09-16 17:15:53.912213	[INFO]	shop_manager.py	响应时间:224ms	浙江省	丽水市	这里是日志信息......
2022-09-16 17:15:53.912213	[INFO]	base_network.py	响应时间:226ms	湖南省	株洲市	这里是日志信息......
2022-09-16 17:15:53.912213	[INFO]	user_manager.py	响应时间:654ms	天津市	武清区	这里是日志信息......
2022-09-16 17:15:53.912213	[INFO]	goods_manager.py	响应时间:129ms	浙江省	金华市	这里是日志信息......
2022-09-16 17:15:53.912213	[INFO]	user_manager.py	响应时间:808ms	安徽省	合肥市	这里是日志信息......
2022-09-16 17:15:53.912213	[INFO]	user_manager.py	响应时间:383ms	安徽省	阜阳市	这里是日志信息......
2022-09-16 17:15:53.912213	[INFO]	goods_manager.py	响应时间:585ms	山东省	青岛市	这里是日志信息......
2022-09-16 17:15:53.912213	[INFO]	user_manager.py	响应时间:738ms	北京市	海淀区	这里是日志信息......
2022-09-16 17:15:53.912213	[INFO]	orders_service.py	响应时间:712ms	北京市	昌平区	这里是日志信息......
2022-09-16 17:15:53.912213	[INFO]	orders_service.py	响应时间:301ms	安徽省	六安市	这里是日志信息......
2022-09-16 17:15:53.912213	[INFO]	goods_manager.py	响应时间:4ms	江苏省	苏州市	这里是日志信息......
2022-09-16 17:15:53.912213	[INFO]	goods_manager.py	响应时间:714ms	安徽省	合肥市	这里是日志信息......
2022-09-16 17:15:53.912213	[INFO]	goods_manager.py	响应时间:930ms	广东省	广州市	这里是日志信息......
2022-09-16 17:15:53.912213	[INFO]	user_manager.py	响应时间:242ms	山东省	济南市	这里是日志信息......
2022-09-16 17:15:53.912213	[INFO]	orders_service.py	响应时间:710ms	重庆市	九龙坡区	这里是日志信息......
2022-09-16 17:15:53.912213	[ERROR]	event.py	响应时间:302ms	上海市	杨浦区	这里是日志信息......
2022-09-16 17:15:53.912213	[INFO]	goods_manager.py	响应时间:792ms	安徽省	池州市	这里是日志信息......
2022-09-16 17:15:53.912213	[INFO]	orders_service.py	响应时间:931ms	湖南省	长沙市	这里是日志信息......
2022-09-16 17:15:53.912213	[INFO]	goods_manager.py	响应时间:71ms	浙江省	杭州市	这里是日志信息......
2022-09-16 17:15:53.912213	[INFO]	goods_manager.py	响应时间:644ms	浙江省	金华市	这里是日志信息......
2022-09-16 17:15:53.912213	[INFO]	user_manager.py	响应时间:141ms	湖北省	武汉市	这里是日志信息......
2022-09-16 17:15:53.912213	[INFO]	goods_manager.py	响应时间:469ms	浙江省	舟山市	这里是日志信息......
2022-09-16 17:15:53.912213	[INFO]	user_manager.py	响应时间:612ms	上海市	黄浦区	这里是日志信息......
2022-09-16 17:15:53.912213	[INFO]	user_manager.py	响应时间:962ms	江苏省	南京市	这里是日志信息......
2022-09-16 17:15:53.912213	[INFO]	orders_service.py	响应时间:131ms	江苏省	宿迁市	这里是日志信息......
2022-09-16 17:15:53.912213	[WARN]	orders_service.py	响应时间:656ms	重庆市	涪陵区	这里是日志信息......
2022-09-16 17:15:53.912213	[INFO]	event.py	响应时间:289ms	浙江省	杭州市	这里是日志信息......
2022-09-16 17:15:53.912213	[INFO]	event.py	响应时间:432ms	湖南省	长沙市	这里是日志信息......
2022-09-16 17:15:53.912213	[WARN]	event.py	响应时间:180ms	北京市	海淀区	这里是日志信息......
2022-09-16 17:15:53.912213	[INFO]	event.py	响应时间:9207ms	北京市	海淀区	这里是日志信息......
2022-09-16 17:15:53.912213	[INFO]	base_network.py	响应时间:452ms	江苏省	南京市	这里是日志信息......
2022-09-16 17:15:53.912213	[INFO]	base_network.py	响应时间:913ms	湖南省	长沙市	这里是日志信息......
2022-09-16 17:15:53.912213	[ERROR]	event.py	响应时间:69ms	湖南省	长沙市	这里是日志信息......
2022-09-16 17:15:53.912213	[INFO]	goods_manager.py	响应时间:285ms	湖北省	武汉市	这里是日志信息......
2022-09-16 17:15:53.912213	[INFO]	orders_service.py	响应时间:3ms	广东省	广州市	这里是日志信息......
2022-09-16 17:15:53.912213	[INFO]	orders_service.py	响应时间:764ms	浙江省	舟山市	这里是日志信息......
2022-09-16 17:15:53.912213	[INFO]	event.py	响应时间:475ms	安徽省	铜陵市	这里是日志信息......
2022-09-16 17:15:53.912213	[INFO]	barcode_service.py	响应时间:730ms	安徽省	合肥市	这里是日志信息......
2022-09-16 17:15:53.912213	[INFO]	orders_service.py	响应时间:681ms	重庆市	沙坪坝区	这里是日志信息......
2022-09-16 17:15:53.912213	[INFO]	orders_service.py	响应时间:577ms	重庆市	九龙坡区	这里是日志信息......
2022-09-16 17:15:53.912213	[INFO]	goods_manager.py	响应时间:851ms	江苏省	常州市	这里是日志信息......
2022-09-16 17:15:53.912213	[INFO]	event.py	响应时间:256ms	天津市	武清区	这里是日志信息......
2022-09-16 17:15:53.912213	[INFO]	barcode_service.py	响应时间:285ms	北京市	海淀区	这里是日志信息......
2022-09-16 17:15:53.912213	[WARN]	base_network.py	响应时间:531ms	安徽省	六安市	这里是日志信息......
2022-09-16 17:15:53.912213	[INFO]	goods_manager.py	响应时间:403ms	江苏省	无锡市	这里是日志信息......
2022-09-16 17:15:53.912213	[INFO]	user_manager.py	响应时间:421ms	湖南省	常德市	这里是日志信息......
2022-09-16 17:15:53.912213	[INFO]	event.py	响应时间:381ms	重庆市	九龙坡区	这里是日志信息......
2022-09-16 17:15:53.912213	[INFO]	goods_manager.py	响应时间:328ms	安徽省	池州市	这里是日志信息......
2022-09-16 17:15:53.912213	[INFO]	goods_manager.py	响应时间:111ms	北京市	海淀区	这里是日志信息......
2022-09-16 17:15:53.912213	[WARN]	user_manager.py	响应时间:193ms	安徽省	铜陵市	这里是日志信息......
2022-09-16 17:15:53.912213	[INFO]	orders_service.py	响应时间:240ms	重庆市	南岸区	这里是日志信息......
2022-09-16 17:15:53.912213	[INFO]	event.py	响应时间:92ms	湖北省	武汉市	这里是日志信息......
2022-09-16 17:15:53.913219	[INFO]	shop_manager.py	响应时间:595ms	江苏省	苏州市	这里是日志信息......
2022-09-16 17:15:53.913219	[INFO]	shop_manager.py	响应时间:94ms	广东省	珠海市	这里是日志信息......
2022-09-16 17:15:53.913219	[INFO]	barcode_service.py	响应时间:130ms	浙江省	舟山市	这里是日志信息......
2022-09-16 17:15:53.913219	[INFO]	base_network.py	响应时间:5890ms	天津市	和平区	这里是日志信息......
2022-09-16 17:15:53.913219	[ERROR]	shop_manager.py	响应时间:938ms	浙江省	金华市	这里是日志信息......
2022-09-16 17:15:53.913219	[INFO]	goods_manager.py	响应时间:217ms	湖北省	荆州市	这里是日志信息......
2022-09-16 17:15:53.913219	[INFO]	orders_service.py	响应时间:946ms	江苏省	张家港市	这里是日志信息......
2022-09-16 17:15:53.913219	[INFO]	base_network.py	响应时间:143ms	湖南省	株洲市	这里是日志信息......
2022-09-16 17:15:53.913219	[INFO]	event.py	响应时间:129ms	天津市	宝坻区	这里是日志信息......
2022-09-16 17:15:53.913219	[INFO]	goods_manager.py	响应时间:407ms	北京市	海淀区	这里是日志信息......
2022-09-16 17:15:53.913219	[INFO]	barcode_service.py	响应时间:163ms	山东省	青岛市	这里是日志信息......
2022-09-16 17:15:53.913219	[INFO]	base_network.py	响应时间:1893ms	湖南省	长沙市	这里是日志信息......
2022-09-16 17:15:53.913219	[INFO]	event.py	响应时间:888ms	湖南省	长沙市	这里是日志信息......
2022-09-16 17:15:53.913219	[INFO]	orders_service.py	响应时间:572ms	上海市	杨浦区	这里是日志信息......
2022-09-16 17:15:53.913219	[INFO]	barcode_service.py	响应时间:256ms	山东省	济南市	这里是日志信息......
2022-09-16 17:15:53.913219	[ERROR]	barcode_service.py	响应时间:219ms	山东省	青岛市	这里是日志信息......
2022-09-16 17:15:53.913219	[INFO]	event.py	响应时间:641ms	上海市	静安区	这里是日志信息......
2022-09-16 17:15:53.913219	[INFO]	barcode_service.py	响应时间:537ms	上海市	浦东新区	这里是日志信息......
2022-09-16 17:15:53.913219	[INFO]	goods_manager.py	响应时间:164ms	湖北省	十堰市	这里是日志信息......
2022-09-16 17:15:53.913219	[WARN]	orders_service.py	响应时间:763ms	天津市	武清区	这里是日志信息......
2022-09-16 17:15:53.913219	[INFO]	event.py	响应时间:695ms	广东省	广州市	这里是日志信息......
2022-09-16 17:15:53.913219	[INFO]	orders_service.py	响应时间:567ms	安徽省	合肥市	这里是日志信息......
2022-09-16 17:15:53.913219	[INFO]	barcode_service.py	响应时间:450ms	浙江省	杭州市	这里是日志信息......
2022-09-16 17:15:53.913219	[INFO]	orders_service.py	响应时间:787ms	重庆市	万州区	这里是日志信息......
2022-09-16 17:15:53.913219	[INFO]	event.py	响应时间:381ms	北京市	丰台区	这里是日志信息......
2022-09-16 17:15:53.913219	[INFO]	orders_service.py	响应时间:584ms	湖南省	长沙市	这里是日志信息......
2022-09-16 17:15:53.913219	[WARN]	shop_manager.py	响应时间:560ms	浙江省	金华市	这里是日志信息......
2022-09-16 17:15:53.913219	[INFO]	orders_service.py	响应时间:180ms	北京市	怀柔区	这里是日志信息......
2022-09-16 17:15:53.913219	[INFO]	orders_service.py	响应时间:255ms	重庆市	沙坪坝区	这里是日志信息......
2022-09-16 17:15:53.913219	[INFO]	goods_manager.py	响应时间:162ms	重庆市	涪陵区	这里是日志信息......
2022-09-16 17:15:53.913219	[INFO]	goods_manager.py	响应时间:452ms	安徽省	合肥市	这里是日志信息......
2022-09-16 17:15:53.913219	[INFO]	event.py	响应时间:325ms	天津市	河西区	这里是日志信息......
2022-09-16 17:15:53.913219	[INFO]	orders_service.py	响应时间:890ms	江苏省	常州市	这里是日志信息......
2022-09-16 17:15:53.913219	[INFO]	goods_manager.py	响应时间:263ms	浙江省	嘉兴市	这里是日志信息......
2022-09-16 17:15:53.913219	[INFO]	barcode_service.py	响应时间:632ms	浙江省	嘉兴市	这里是日志信息......
2022-09-16 17:15:53.913219	[INFO]	user_manager.py	响应时间:95ms	广东省	广州市	这里是日志信息......
2022-09-16 17:15:53.913219	[INFO]	goods_manager.py	响应时间:80ms	江苏省	宿迁市	这里是日志信息......
2022-09-16 17:15:53.913219	[INFO]	goods_manager.py	响应时间:621ms	江苏省	南京市	这里是日志信息......
2022-09-16 17:15:53.913219	[INFO]	event.py	响应时间:440ms	安徽省	阜阳市	这里是日志信息......
2022-09-16 17:15:53.913219	[INFO]	orders_service.py	响应时间:204ms	上海市	静安区	这里是日志信息......
2022-09-16 17:15:53.913219	[INFO]	goods_manager.py	响应时间:649ms	湖南省	长沙市	这里是日志信息......
2022-09-16 17:15:53.913219	[INFO]	event.py	响应时间:34ms	湖南省	常德市	这里是日志信息......
2022-09-16 17:15:53.913219	[INFO]	event.py	响应时间:413ms	山东省	济南市	这里是日志信息......
2022-09-16 17:15:53.913219	[ERROR]	base_network.py	响应时间:388ms	安徽省	池州市	这里是日志信息......
2022-09-16 17:15:53.913219	[WARN]	shop_manager.py	响应时间:289ms	江苏省	南京市	这里是日志信息......
2022-09-16 17:15:53.913219	[WARN]	shop_manager.py	响应时间:352ms	湖北省	十堰市	这里是日志信息......
2022-09-16 17:15:53.913219	[INFO]	barcode_service.py	响应时间:5049ms	安徽省	铜陵市	这里是日志信息......
2022-09-16 17:15:53.913219	[INFO]	event.py	响应时间:284ms	江苏省	苏州市	这里是日志信息......
2022-09-16 17:15:53.913219	[INFO]	barcode_service.py	响应时间:247ms	湖南省	常德市	这里是日志信息......
2022-09-16 17:15:53.913219	[INFO]	barcode_service.py	响应时间:2197ms	江苏省	苏州市	这里是日志信息......
2022-09-16 17:15:53.913219	[INFO]	orders_service.py	响应时间:254ms	上海市	浦东新区	这里是日志信息......
2022-09-16 17:15:53.913219	[INFO]	barcode_service.py	响应时间:416ms	湖北省	十堰市	这里是日志信息......
2022-09-16 17:15:53.913219	[INFO]	orders_service.py	响应时间:965ms	天津市	河西区	这里是日志信息......
2022-09-16 17:15:53.913219	[INFO]	user_manager.py	响应时间:769ms	山东省	青岛市	这里是日志信息......
2022-09-16 17:15:53.913219	[INFO]	goods_manager.py	响应时间:206ms	安徽省	阜阳市	这里是日志信息......
2022-09-16 17:15:53.913219	[INFO]	barcode_service.py	响应时间:818ms	山东省	青岛市	这里是日志信息......
2022-09-16 17:15:53.913219	[INFO]	event.py	响应时间:460ms	江苏省	苏州市	这里是日志信息......
2022-09-16 17:15:53.913219	[INFO]	orders_service.py	响应时间:785ms	天津市	河东区	这里是日志信息......
2022-09-16 17:15:53.913219	[INFO]	shop_manager.py	响应时间:679ms	重庆市	九龙坡区	这里是日志信息......
2022-09-16 17:15:53.913219	[INFO]	goods_manager.py	响应时间:764ms	湖北省	武汉市	这里是日志信息......
2022-09-16 17:15:53.913219	[INFO]	orders_service.py	响应时间:41ms	上海市	宝山区	这里是日志信息......
2022-09-16 17:15:53.913219	[INFO]	orders_service.py	响应时间:858ms	北京市	怀柔区	这里是日志信息......
2022-09-16 17:15:53.913219	[INFO]	event.py	响应时间:5469ms	北京市	海淀区	这里是日志信息......
2022-09-16 17:15:53.913219	[INFO]	user_manager.py	响应时间:823ms	浙江省	湖州市	这里是日志信息......
2022-09-16 17:15:53.913219	[INFO]	base_network.py	响应时间:446ms	北京市	昌平区	这里是日志信息......
2022-09-16 17:15:53.913219	[INFO]	shop_manager.py	响应时间:493ms	湖北省	荆州市	这里是日志信息......
2022-09-16 17:15:53.913219	[INFO]	event.py	响应时间:596ms	北京市	海淀区	这里是日志信息......
2022-09-16 17:15:53.913219	[INFO]	event.py	响应时间:703ms	湖南省	株洲市	这里是日志信息......
2022-09-16 17:15:53.913219	[ERROR]	orders_service.py	响应时间:97ms	重庆市	渝中区	这里是日志信息......
2022-09-16 17:15:53.913219	[INFO]	base_network.py	响应时间:312ms	浙江省	湖州市	这里是日志信息......
2022-09-16 17:15:53.913219	[INFO]	goods_manager.py	响应时间:372ms	安徽省	池州市	这里是日志信息......
2022-09-16 17:15:53.914208	[INFO]	goods_manager.py	响应时间:202ms	江苏省	无锡市	这里是日志信息......
2022-09-16 17:15:53.914208	[INFO]	orders_service.py	响应时间:144ms	广东省	深圳市	这里是日志信息......
2022-09-16 17:15:53.914208	[INFO]	goods_manager.py	响应时间:448ms	安徽省	芜湖市	这里是日志信息......
2022-09-16 17:15:53.914208	[INFO]	orders_service.py	响应时间:351ms	山东省	青岛市	这里是日志信息......
2022-09-16 17:15:53.914208	[INFO]	event.py	响应时间:251ms	湖北省	荆州市	这里是日志信息......
2022-09-16 17:15:53.914208	[WARN]	event.py	响应时间:725ms	北京市	怀柔区	这里是日志信息......
2022-09-16 17:15:53.914208	[INFO]	barcode_service.py	响应时间:605ms	安徽省	池州市	这里是日志信息......
2022-09-16 17:15:53.914208	[INFO]	event.py	响应时间:915ms	北京市	丰台区	这里是日志信息......
2022-09-16 17:15:53.914208	[INFO]	user_manager.py	响应时间:960ms	重庆市	万州区	这里是日志信息......
2022-09-16 17:15:53.914208	[WARN]	user_manager.py	响应时间:4777ms	江苏省	苏州市	这里是日志信息......
2022-09-16 17:15:53.914208	[INFO]	barcode_service.py	响应时间:949ms	上海市	浦东新区	这里是日志信息......
2022-09-16 17:15:53.914208	[INFO]	goods_manager.py	响应时间:947ms	安徽省	铜陵市	这里是日志信息......
2022-09-16 17:15:53.914208	[INFO]	orders_service.py	响应时间:91ms	安徽省	合肥市	这里是日志信息......
2022-09-16 17:15:53.914208	[INFO]	goods_manager.py	响应时间:167ms	重庆市	九龙坡区	这里是日志信息......
2022-09-16 17:15:53.914208	[INFO]	shop_manager.py	响应时间:277ms	重庆市	万州区	这里是日志信息......
2022-09-16 17:15:53.914208	[INFO]	goods_manager.py	响应时间:192ms	北京市	朝阳区	这里是日志信息......
2022-09-16 17:15:53.914208	[INFO]	event.py	响应时间:163ms	湖北省	武汉市	这里是日志信息......
2022-09-16 17:15:53.914208	[INFO]	event.py	响应时间:308ms	浙江省	湖州市	这里是日志信息......
2022-09-16 17:15:53.914208	[INFO]	event.py	响应时间:140ms	山东省	菏泽市	这里是日志信息......
2022-09-16 17:15:53.914208	[INFO]	barcode_service.py	响应时间:590ms	山东省	青岛市	这里是日志信息......
2022-09-16 17:15:53.914208	[INFO]	orders_service.py	响应时间:566ms	湖北省	十堰市	这里是日志信息......
2022-09-16 17:15:53.914208	[WARN]	orders_service.py	响应时间:9379ms	江苏省	南京市	这里是日志信息......
2022-09-16 17:15:53.914208	[INFO]	event.py	响应时间:993ms	江苏省	苏州市	这里是日志信息......
2022-09-16 17:15:53.914208	[INFO]	barcode_service.py	响应时间:887ms	上海市	黄浦区	这里是日志信息......
2022-09-16 17:15:53.914208	[INFO]	goods_manager.py	响应时间:119ms	湖南省	长沙市	这里是日志信息......
2022-09-16 17:15:53.914208	[INFO]	user_manager.py	响应时间:685ms	上海市	黄浦区	这里是日志信息......
2022-09-16 17:15:53.914208	[WARN]	event.py	响应时间:578ms	江苏省	宿迁市	这里是日志信息......
2022-09-16 17:15:53.914208	[WARN]	event.py	响应时间:96ms	湖南省	长沙市	这里是日志信息......
2022-09-16 17:15:53.914208	[INFO]	goods_manager.py	响应时间:807ms	湖南省	长沙市	这里是日志信息......
2022-09-16 17:15:53.914208	[WARN]	shop_manager.py	响应时间:217ms	广东省	广州市	这里是日志信息......
2022-09-16 17:15:53.914208	[ERROR]	event.py	响应时间:582ms	山东省	济南市	这里是日志信息......
2022-09-16 17:15:53.914208	[INFO]	goods_manager.py	响应时间:192ms	北京市	怀柔区	这里是日志信息......
2022-09-16 17:15:53.914208	[INFO]	goods_manager.py	响应时间:632ms	湖南省	长沙市	这里是日志信息......
2022-09-16 17:15:53.914208	[WARN]	goods_manager.py	响应时间:141ms	重庆市	南岸区	这里是日志信息......
2022-09-16 17:15:53.914208	[INFO]	base_network.py	响应时间:111ms	江苏省	苏州市	这里是日志信息......
2022-09-16 17:15:53.914208	[INFO]	user_manager.py	响应时间:141ms	浙江省	湖州市	这里是日志信息......
2022-09-16 17:15:53.914208	[WARN]	orders_service.py	响应时间:278ms	上海市	杨浦区	这里是日志信息......
2022-09-16 17:15:53.914208	[WARN]	user_manager.py	响应时间:699ms	北京市	朝阳区	这里是日志信息......
2022-09-16 17:15:53.914208	[WARN]	barcode_service.py	响应时间:946ms	重庆市	涪陵区	这里是日志信息......
2022-09-16 17:15:53.914208	[WARN]	base_network.py	响应时间:717ms	浙江省	嘉兴市	这里是日志信息......
2022-09-16 17:15:53.914208	[INFO]	event.py	响应时间:23ms	江苏省	无锡市	这里是日志信息......
2022-09-16 17:15:53.914208	[INFO]	event.py	响应时间:918ms	广东省	广州市	这里是日志信息......
2022-09-16 17:15:53.914208	[INFO]	event.py	响应时间:422ms	北京市	朝阳区	这里是日志信息......
2022-09-16 17:15:53.914208	[INFO]	barcode_service.py	响应时间:458ms	广东省	珠海市	这里是日志信息......
2022-09-16 17:15:53.914208	[INFO]	user_manager.py	响应时间:166ms	北京市	怀柔区	这里是日志信息......
2022-09-16 17:15:53.914208	[ERROR]	event.py	响应时间:994ms	湖北省	十堰市	这里是日志信息......
2022-09-16 17:15:53.914208	[INFO]	orders_service.py	响应时间:873ms	天津市	武清区	这里是日志信息......
2022-09-16 17:15:53.914208	[INFO]	orders_service.py	响应时间:419ms	重庆市	南岸区	这里是日志信息......
2022-09-16 17:15:53.914208	[INFO]	event.py	响应时间:830ms	上海市	普陀区	这里是日志信息......
2022-09-16 17:15:53.914208	[ERROR]	event.py	响应时间:305ms	江苏省	常州市	这里是日志信息......
2022-09-16 17:15:53.914208	[INFO]	event.py	响应时间:924ms	山东省	济南市	这里是日志信息......
2022-09-16 17:15:53.914208	[INFO]	event.py	响应时间:639ms	天津市	河西区	这里是日志信息......
2022-09-16 17:15:53.914208	[WARN]	user_manager.py	响应时间:752ms	重庆市	九龙坡区	这里是日志信息......
2022-09-16 17:15:53.914208	[INFO]	goods_manager.py	响应时间:906ms	天津市	和平区	这里是日志信息......
2022-09-16 17:15:53.914208	[INFO]	event.py	响应时间:447ms	广东省	广州市	这里是日志信息......
2022-09-16 17:15:53.914208	[ERROR]	barcode_service.py	响应时间:2296ms	安徽省	合肥市	这里是日志信息......
2022-09-16 17:15:53.914208	[INFO]	event.py	响应时间:842ms	浙江省	湖州市	这里是日志信息......
2022-09-16 17:15:53.914208	[INFO]	event.py	响应时间:77ms	安徽省	阜阳市	这里是日志信息......
2022-09-16 17:15:53.914208	[INFO]	event.py	响应时间:864ms	山东省	济南市	这里是日志信息......
2022-09-16 17:15:53.914208	[INFO]	orders_service.py	响应时间:234ms	浙江省	湖州市	这里是日志信息......
2022-09-16 17:15:53.914208	[WARN]	goods_manager.py	响应时间:151ms	湖南省	长沙市	这里是日志信息......
2022-09-16 17:15:53.914208	[INFO]	barcode_service.py	响应时间:415ms	广东省	深圳市	这里是日志信息......
2022-09-16 17:15:53.914208	[INFO]	barcode_service.py	响应时间:545ms	上海市	宝山区	这里是日志信息......
2022-09-16 17:15:53.914208	[INFO]	orders_service.py	响应时间:470ms	山东省	青岛市	这里是日志信息......
2022-09-16 17:15:53.914208	[INFO]	event.py	响应时间:151ms	山东省	济南市	这里是日志信息......
2022-09-16 17:15:53.914208	[INFO]	user_manager.py	响应时间:869ms	安徽省	池州市	这里是日志信息......
2022-09-16 17:15:53.914208	[WARN]	base_network.py	响应时间:339ms	广东省	珠海市	这里是日志信息......
2022-09-16 17:15:53.914208	[ERROR]	event.py	响应时间:672ms	北京市	大兴区	这里是日志信息......
2022-09-16 17:15:53.914208	[INFO]	event.py	响应时间:806ms	江苏省	南京市	这里是日志信息......
2022-09-16 17:15:53.914208	[WARN]	shop_manager.py	响应时间:845ms	上海市	杨浦区	这里是日志信息......
2022-09-16 17:15:53.914208	[INFO]	goods_manager.py	响应时间:927ms	重庆市	九龙坡区	这里是日志信息......
2022-09-16 17:15:53.914208	[INFO]	event.py	响应时间:619ms	山东省	济南市	这里是日志信息......
2022-09-16 17:15:53.914208	[INFO]	goods_manager.py	响应时间:784ms	重庆市	渝中区	这里是日志信息......
2022-09-16 17:15:53.915215	[INFO]	barcode_service.py	响应时间:24ms	广东省	广州市	这里是日志信息......
2022-09-16 17:15:53.915215	[INFO]	event.py	响应时间:250ms	湖北省	武汉市	这里是日志信息......
2022-09-16 17:15:53.915215	[INFO]	base_network.py	响应时间:288ms	江苏省	张家港市	这里是日志信息......
2022-09-16 17:15:53.915215	[INFO]	event.py	响应时间:939ms	广东省	深圳市	这里是日志信息......
2022-09-16 17:15:53.915215	[INFO]	orders_service.py	响应时间:453ms	山东省	菏泽市	这里是日志信息......
2022-09-16 17:15:53.915215	[INFO]	event.py	响应时间:432ms	天津市	武清区	这里是日志信息......
2022-09-16 17:15:53.915215	[WARN]	event.py	响应时间:97ms	山东省	济南市	这里是日志信息......
2022-09-16 17:15:53.915215	[INFO]	goods_manager.py	响应时间:805ms	山东省	济南市	这里是日志信息......
2022-09-16 17:15:53.915215	[INFO]	orders_service.py	响应时间:693ms	湖北省	武汉市	这里是日志信息......
2022-09-16 17:15:53.915215	[INFO]	goods_manager.py	响应时间:122ms	安徽省	合肥市	这里是日志信息......
2022-09-16 17:15:53.915215	[INFO]	goods_manager.py	响应时间:312ms	重庆市	涪陵区	这里是日志信息......
2022-09-16 17:15:53.915215	[WARN]	orders_service.py	响应时间:45ms	山东省	青岛市	这里是日志信息......
2022-09-16 17:15:53.915215	[INFO]	event.py	响应时间:554ms	江苏省	宿迁市	这里是日志信息......
2022-09-16 17:15:53.915215	[INFO]	goods_manager.py	响应时间:33ms	天津市	河西区	这里是日志信息......
2022-09-16 17:15:53.915215	[WARN]	orders_service.py	响应时间:974ms	上海市	宝山区	这里是日志信息......
2022-09-16 17:15:53.915215	[INFO]	barcode_service.py	响应时间:0ms	湖南省	长沙市	这里是日志信息......
2022-09-16 17:15:53.915215	[INFO]	shop_manager.py	响应时间:707ms	广东省	广州市	这里是日志信息......
2022-09-16 17:15:53.915215	[INFO]	goods_manager.py	响应时间:134ms	安徽省	池州市	这里是日志信息......
2022-09-16 17:15:53.915215	[INFO]	shop_manager.py	响应时间:4603ms	安徽省	合肥市	这里是日志信息......
2022-09-16 17:15:53.915215	[INFO]	barcode_service.py	响应时间:67ms	重庆市	南岸区	这里是日志信息......
2022-09-16 17:15:53.915215	[INFO]	event.py	响应时间:5ms	安徽省	铜陵市	这里是日志信息......
2022-09-16 17:15:53.915215	[WARN]	goods_manager.py	响应时间:765ms	重庆市	万州区	这里是日志信息......
2022-09-16 17:15:53.915215	[INFO]	shop_manager.py	响应时间:422ms	上海市	宝山区	这里是日志信息......
2022-09-16 17:15:53.915215	[INFO]	user_manager.py	响应时间:513ms	北京市	丰台区	这里是日志信息......
2022-09-16 17:15:53.915215	[INFO]	event.py	响应时间:717ms	江苏省	南京市	这里是日志信息......
2022-09-16 17:15:53.915215	[INFO]	user_manager.py	响应时间:338ms	湖南省	长沙市	这里是日志信息......
2022-09-16 17:15:53.915215	[INFO]	barcode_service.py	响应时间:604ms	湖南省	张家界市	这里是日志信息......
2022-09-16 17:15:53.915215	[INFO]	barcode_service.py	响应时间:821ms	重庆市	涪陵区	这里是日志信息......
2022-09-16 17:15:53.915215	[ERROR]	barcode_service.py	响应时间:607ms	北京市	海淀区	这里是日志信息......
2022-09-16 17:15:53.915215	[INFO]	shop_manager.py	响应时间:107ms	浙江省	丽水市	这里是日志信息......
2022-09-16 17:15:53.915215	[INFO]	goods_manager.py	响应时间:414ms	上海市	黄浦区	这里是日志信息......
2022-09-16 17:15:53.915215	[WARN]	goods_manager.py	响应时间:243ms	上海市	黄浦区	这里是日志信息......
2022-09-16 17:15:53.915215	[INFO]	barcode_service.py	响应时间:828ms	浙江省	绍兴市	这里是日志信息......
2022-09-16 17:15:53.915215	[INFO]	event.py	响应时间:226ms	上海市	浦东新区	这里是日志信息......
2022-09-16 17:15:53.915215	[INFO]	event.py	响应时间:494ms	广东省	珠海市	这里是日志信息......
2022-09-16 17:15:53.915215	[INFO]	goods_manager.py	响应时间:277ms	安徽省	阜阳市	这里是日志信息......
2022-09-16 17:15:53.915215	[ERROR]	user_manager.py	响应时间:588ms	重庆市	万州区	这里是日志信息......
2022-09-16 17:15:53.915215	[ERROR]	orders_service.py	响应时间:252ms	北京市	昌平区	这里是日志信息......
2022-09-16 17:15:53.915215	[INFO]	user_manager.py	响应时间:2206ms	上海市	黄浦区	这里是日志信息......
2022-09-16 17:15:53.915215	[WARN]	event.py	响应时间:4ms	天津市	宝坻区	这里是日志信息......
2022-09-16 17:15:53.915215	[INFO]	barcode_service.py	响应时间:74ms	湖北省	武汉市	这里是日志信息......
2022-09-16 17:15:53.915215	[INFO]	event.py	响应时间:390ms	天津市	河西区	这里是日志信息......
2022-09-16 17:15:53.915215	[INFO]	orders_service.py	响应时间:9371ms	湖南省	株洲市	这里是日志信息......
2022-09-16 17:15:53.915215	[WARN]	goods_manager.py	响应时间:628ms	湖南省	长沙市	这里是日志信息......
2022-09-16 17:15:53.915215	[INFO]	orders_service.py	响应时间:901ms	浙江省	嘉兴市	这里是日志信息......
2022-09-16 17:15:53.915215	[INFO]	barcode_service.py	响应时间:757ms	天津市	宝坻区	这里是日志信息......
2022-09-16 17:15:53.915215	[INFO]	event.py	响应时间:873ms	浙江省	杭州市	这里是日志信息......
2022-09-16 17:15:53.915215	[INFO]	orders_service.py	响应时间:687ms	重庆市	九龙坡区	这里是日志信息......
2022-09-16 17:15:53.915215	[WARN]	event.py	响应时间:150ms	重庆市	万州区	这里是日志信息......
2022-09-16 17:15:53.915215	[INFO]	user_manager.py	响应时间:740ms	重庆市	万州区	这里是日志信息......
2022-09-16 17:15:53.915215	[INFO]	goods_manager.py	响应时间:261ms	安徽省	合肥市	这里是日志信息......
2022-09-16 17:15:53.915215	[INFO]	event.py	响应时间:171ms	湖南省	长沙市	这里是日志信息......
2022-09-16 17:15:53.915215	[WARN]	event.py	响应时间:2326ms	北京市	怀柔区	这里是日志信息......
2022-09-16 17:15:53.915215	[INFO]	base_network.py	响应时间:979ms	湖南省	长沙市	这里是日志信息......
2022-09-16 17:15:53.915215	[INFO]	goods_manager.py	响应时间:966ms	重庆市	渝中区	这里是日志信息......
2022-09-16 17:15:53.915215	[INFO]	user_manager.py	响应时间:103ms	山东省	济南市	这里是日志信息......
2022-09-16 17:15:53.915215	[INFO]	orders_service.py	响应时间:586ms	天津市	河西区	这里是日志信息......
2022-09-16 17:15:53.915215	[WARN]	goods_manager.py	响应时间:716ms	北京市	怀柔区	这里是日志信息......
2022-09-16 17:15:53.915215	[INFO]	goods_manager.py	响应时间:801ms	江苏省	南京市	这里是日志信息......
2022-09-16 17:15:53.915215	[INFO]	shop_manager.py	响应时间:521ms	重庆市	涪陵区	这里是日志信息......
2022-09-16 17:15:53.915215	[INFO]	event.py	响应时间:920ms	安徽省	铜陵市	这里是日志信息......
2022-09-16 17:15:53.915215	[INFO]	shop_manager.py	响应时间:465ms	重庆市	涪陵区	这里是日志信息......
2022-09-16 17:15:53.915215	[WARN]	shop_manager.py	响应时间:945ms	湖南省	益阳市	这里是日志信息......
2022-09-16 17:15:53.915215	[INFO]	goods_manager.py	响应时间:789ms	广东省	深圳市	这里是日志信息......
2022-09-16 17:15:53.915215	[INFO]	user_manager.py	响应时间:313ms	重庆市	沙坪坝区	这里是日志信息......
2022-09-16 17:15:53.915215	[INFO]	orders_service.py	响应时间:544ms	天津市	和平区	这里是日志信息......
2022-09-16 17:15:53.915215	[INFO]	shop_manager.py	响应时间:488ms	湖北省	十堰市	这里是日志信息......
2022-09-16 17:15:53.915215	[INFO]	event.py	响应时间:582ms	北京市	海淀区	这里是日志信息......
2022-09-16 17:15:53.915215	[INFO]	event.py	响应时间:414ms	广东省	深圳市	这里是日志信息......
2022-09-16 17:15:53.915215	[INFO]	event.py	响应时间:247ms	浙江省	绍兴市	这里是日志信息......
2022-09-16 17:15:53.915215	[INFO]	goods_manager.py	响应时间:504ms	湖南省	张家界市	这里是日志信息......
2022-09-16 17:15:53.915215	[INFO]	goods_manager.py	响应时间:345ms	北京市	大兴区	这里是日志信息......
2022-09-16 17:15:53.915215	[INFO]	event.py	响应时间:429ms	广东省	深圳市	这里是日志信息......
2022-09-16 17:15:53.916220	[INFO]	event.py	响应时间:146ms	重庆市	万州区	这里是日志信息......
2022-09-16 17:15:53.916220	[INFO]	barcode_service.py	响应时间:6980ms	广东省	深圳市	这里是日志信息......
2022-09-16 17:15:53.916220	[WARN]	user_manager.py	响应时间:149ms	北京市	海淀区	这里是日志信息......
2022-09-16 17:15:53.916220	[INFO]	user_manager.py	响应时间:479ms	天津市	宝坻区	这里是日志信息......
2022-09-16 17:15:53.916220	[INFO]	shop_manager.py	响应时间:684ms	天津市	武清区	这里是日志信息......
2022-09-16 17:15:53.916220	[INFO]	orders_service.py	响应时间:346ms	北京市	大兴区	这里是日志信息......
2022-09-16 17:15:53.916220	[INFO]	shop_manager.py	响应时间:800ms	安徽省	合肥市	这里是日志信息......
2022-09-16 17:15:53.916220	[INFO]	orders_service.py	响应时间:6631ms	浙江省	丽水市	这里是日志信息......
2022-09-16 17:15:53.916220	[INFO]	goods_manager.py	响应时间:923ms	安徽省	芜湖市	这里是日志信息......
2022-09-16 17:15:53.916220	[INFO]	event.py	响应时间:974ms	湖南省	长沙市	这里是日志信息......
2022-09-16 17:15:53.916220	[INFO]	base_network.py	响应时间:278ms	北京市	海淀区	这里是日志信息......
2022-09-16 17:15:53.916220	[INFO]	user_manager.py	响应时间:279ms	湖南省	长沙市	这里是日志信息......
2022-09-16 17:15:53.916220	[INFO]	goods_manager.py	响应时间:629ms	上海市	静安区	这里是日志信息......
2022-09-16 17:15:53.916220	[INFO]	event.py	响应时间:916ms	浙江省	金华市	这里是日志信息......
2022-09-16 17:15:53.916220	[INFO]	shop_manager.py	响应时间:476ms	上海市	黄浦区	这里是日志信息......
2022-09-16 17:15:53.916220	[INFO]	event.py	响应时间:679ms	湖北省	武汉市	这里是日志信息......
2022-09-16 17:15:53.916220	[INFO]	goods_manager.py	响应时间:471ms	湖北省	武汉市	这里是日志信息......
2022-09-16 17:15:53.916220	[WARN]	event.py	响应时间:900ms	山东省	菏泽市	这里是日志信息......
2022-09-16 17:15:53.916220	[INFO]	shop_manager.py	响应时间:814ms	天津市	河西区	这里是日志信息......
2022-09-16 17:15:53.916220	[WARN]	goods_manager.py	响应时间:290ms	天津市	河东区	这里是日志信息......
2022-09-16 17:15:53.916220	[INFO]	event.py	响应时间:885ms	广东省	深圳市	这里是日志信息......
2022-09-16 17:15:53.916220	[WARN]	goods_manager.py	响应时间:479ms	江苏省	无锡市	这里是日志信息......
2022-09-16 17:15:53.916220	[INFO]	barcode_service.py	响应时间:925ms	湖北省	十堰市	这里是日志信息......
2022-09-16 17:15:53.916220	[INFO]	goods_manager.py	响应时间:907ms	广东省	深圳市	这里是日志信息......
2022-09-16 17:15:53.916220	[INFO]	barcode_service.py	响应时间:753ms	江苏省	苏州市	这里是日志信息......
2022-09-16 17:15:53.916220	[INFO]	event.py	响应时间:228ms	广东省	深圳市	这里是日志信息......
2022-09-16 17:15:53.916220	[INFO]	event.py	响应时间:835ms	山东省	菏泽市	这里是日志信息......
2022-09-16 17:15:53.916220	[INFO]	goods_manager.py	响应时间:675ms	安徽省	合肥市	这里是日志信息......
2022-09-16 17:15:53.916220	[INFO]	event.py	响应时间:752ms	湖南省	长沙市	这里是日志信息......
2022-09-16 17:15:53.916220	[INFO]	orders_service.py	响应时间:623ms	北京市	昌平区	这里是日志信息......
2022-09-16 17:15:53.916220	[INFO]	event.py	响应时间:121ms	安徽省	合肥市	这里是日志信息......
2022-09-16 17:15:53.916220	[INFO]	orders_service.py	响应时间:1319ms	安徽省	合肥市	这里是日志信息......
2022-09-16 17:15:53.916220	[INFO]	event.py	响应时间:3625ms	重庆市	涪陵区	这里是日志信息......
2022-09-16 17:15:53.916220	[ERROR]	user_manager.py	响应时间:5788ms	安徽省	合肥市	这里是日志信息......
2022-09-16 17:15:53.916220	[INFO]	orders_service.py	响应时间:0ms	安徽省	合肥市	这里是日志信息......
2022-09-16 17:15:53.916220	[INFO]	base_network.py	响应时间:902ms	湖南省	益阳市	这里是日志信息......
2022-09-16 17:15:53.916220	[INFO]	orders_service.py	响应时间:538ms	天津市	宝坻区	这里是日志信息......
2022-09-16 17:15:53.916220	[INFO]	goods_manager.py	响应时间:910ms	安徽省	铜陵市	这里是日志信息......
2022-09-16 17:15:53.916220	[INFO]	base_network.py	响应时间:613ms	浙江省	丽水市	这里是日志信息......
2022-09-16 17:15:53.916220	[ERROR]	goods_manager.py	响应时间:347ms	上海市	静安区	这里是日志信息......
2022-09-16 17:15:53.916220	[WARN]	event.py	响应时间:798ms	安徽省	六安市	这里是日志信息......
2022-09-16 17:15:53.916220	[INFO]	event.py	响应时间:932ms	浙江省	湖州市	这里是日志信息......
2022-09-16 17:15:53.916220	[INFO]	goods_manager.py	响应时间:667ms	北京市	朝阳区	这里是日志信息......
2022-09-16 17:15:53.916220	[INFO]	base_network.py	响应时间:3321ms	山东省	青岛市	这里是日志信息......
2022-09-16 17:15:53.916220	[INFO]	base_network.py	响应时间:207ms	广东省	广州市	这里是日志信息......
2022-09-16 17:15:53.916220	[INFO]	goods_manager.py	响应时间:139ms	重庆市	渝中区	这里是日志信息......
2022-09-16 17:15:53.916220	[INFO]	event.py	响应时间:644ms	重庆市	南岸区	这里是日志信息......
2022-09-16 17:15:53.916220	[INFO]	orders_service.py	响应时间:66ms	安徽省	合肥市	这里是日志信息......
2022-09-16 17:15:53.916220	[INFO]	orders_service.py	响应时间:905ms	湖南省	张家界市	这里是日志信息......
2022-09-16 17:15:53.916220	[WARN]	base_network.py	响应时间:537ms	安徽省	合肥市	这里是日志信息......
2022-09-16 17:15:53.916220	[INFO]	goods_manager.py	响应时间:66ms	安徽省	池州市	这里是日志信息......
2022-09-16 17:15:53.916220	[INFO]	event.py	响应时间:955ms	浙江省	湖州市	这里是日志信息......
2022-09-16 17:15:53.916220	[INFO]	goods_manager.py	响应时间:548ms	安徽省	铜陵市	这里是日志信息......
2022-09-16 17:15:53.916220	[INFO]	barcode_service.py	响应时间:7ms	重庆市	九龙坡区	这里是日志信息......
2022-09-16 17:15:53.916220	[WARN]	shop_manager.py	响应时间:783ms	山东省	青岛市	这里是日志信息......
2022-09-16 17:15:53.916220	[INFO]	shop_manager.py	响应时间:24ms	江苏省	宿迁市	这里是日志信息......
2022-09-16 17:15:53.916220	[INFO]	orders_service.py	响应时间:302ms	重庆市	沙坪坝区	这里是日志信息......
2022-09-16 17:15:53.916220	[INFO]	barcode_service.py	响应时间:103ms	湖南省	株洲市	这里是日志信息......
2022-09-16 17:15:53.916220	[INFO]	orders_service.py	响应时间:319ms	湖南省	长沙市	这里是日志信息......
2022-09-16 17:15:53.916220	[WARN]	event.py	响应时间:850ms	浙江省	嘉兴市	这里是日志信息......
2022-09-16 17:15:53.916220	[INFO]	event.py	响应时间:261ms	湖南省	长沙市	这里是日志信息......
2022-09-16 17:15:53.916220	[INFO]	orders_service.py	响应时间:521ms	上海市	普陀区	这里是日志信息......
2022-09-16 17:15:53.916220	[WARN]	event.py	响应时间:990ms	山东省	济南市	这里是日志信息......
2022-09-16 17:15:53.916220	[INFO]	orders_service.py	响应时间:707ms	上海市	杨浦区	这里是日志信息......
2022-09-16 17:15:53.916220	[INFO]	base_network.py	响应时间:840ms	天津市	宝坻区	这里是日志信息......
2022-09-16 17:15:53.916220	[INFO]	event.py	响应时间:339ms	北京市	海淀区	这里是日志信息......
2022-09-16 17:15:53.916220	[INFO]	goods_manager.py	响应时间:159ms	北京市	朝阳区	这里是日志信息......
2022-09-16 17:15:53.916220	[INFO]	goods_manager.py	响应时间:229ms	山东省	青岛市	这里是日志信息......
2022-09-16 17:15:53.916220	[INFO]	base_network.py	响应时间:84ms	湖南省	长沙市	这里是日志信息......
2022-09-16 17:15:53.916220	[INFO]	event.py	响应时间:228ms	湖北省	武汉市	这里是日志信息......
2022-09-16 17:15:53.916220	[INFO]	shop_manager.py	响应时间:923ms	北京市	昌平区	这里是日志信息......
2022-09-16 17:15:53.916220	[INFO]	event.py	响应时间:361ms	湖南省	长沙市	这里是日志信息......
2022-09-16 17:15:53.916220	[INFO]	goods_manager.py	响应时间:174ms	湖北省	恩施土家族苗族自治州	这里是日志信息......
2022-09-16 17:15:53.917214	[INFO]	user_manager.py	响应时间:220ms	重庆市	九龙坡区	这里是日志信息......
2022-09-16 17:15:53.917214	[INFO]	user_manager.py	响应时间:161ms	安徽省	池州市	这里是日志信息......
2022-09-16 17:15:53.917214	[INFO]	event.py	响应时间:235ms	天津市	和平区	这里是日志信息......
2022-09-16 17:15:53.917214	[INFO]	orders_service.py	响应时间:815ms	重庆市	涪陵区	这里是日志信息......
2022-09-16 17:15:53.917214	[INFO]	orders_service.py	响应时间:220ms	浙江省	杭州市	这里是日志信息......
2022-09-16 17:15:53.917214	[INFO]	shop_manager.py	响应时间:630ms	重庆市	渝中区	这里是日志信息......
2022-09-16 17:15:53.917214	[INFO]	orders_service.py	响应时间:920ms	北京市	怀柔区	这里是日志信息......
2022-09-16 17:15:53.917214	[INFO]	orders_service.py	响应时间:210ms	天津市	宝坻区	这里是日志信息......
2022-09-16 17:15:53.917214	[INFO]	goods_manager.py	响应时间:609ms	湖北省	武汉市	这里是日志信息......
2022-09-16 17:15:53.917214	[WARN]	shop_manager.py	响应时间:29ms	山东省	青岛市	这里是日志信息......
2022-09-16 17:15:53.917214	[INFO]	orders_service.py	响应时间:62ms	山东省	青岛市	这里是日志信息......
2022-09-16 17:15:53.917214	[WARN]	event.py	响应时间:40ms	安徽省	合肥市	这里是日志信息......
2022-09-16 17:15:53.917214	[WARN]	orders_service.py	响应时间:990ms	重庆市	涪陵区	这里是日志信息......
2022-09-16 17:15:53.917214	[WARN]	user_manager.py	响应时间:408ms	山东省	青岛市	这里是日志信息......
2022-09-16 17:15:53.917214	[INFO]	orders_service.py	响应时间:614ms	重庆市	万州区	这里是日志信息......
2022-09-16 17:15:53.917214	[INFO]	event.py	响应时间:719ms	上海市	浦东新区	这里是日志信息......
2022-09-16 17:15:53.917214	[INFO]	base_network.py	响应时间:115ms	山东省	青岛市	这里是日志信息......
2022-09-16 17:15:53.917214	[INFO]	orders_service.py	响应时间:114ms	湖南省	长沙市	这里是日志信息......
2022-09-16 17:15:53.917214	[INFO]	barcode_service.py	响应时间:7061ms	湖南省	常德市	这里是日志信息......
2022-09-16 17:15:53.917214	[INFO]	event.py	响应时间:632ms	湖北省	武汉市	这里是日志信息......
2022-09-16 17:15:53.917214	[INFO]	event.py	响应时间:124ms	湖南省	常德市	这里是日志信息......
2022-09-16 17:15:53.917214	[INFO]	orders_service.py	响应时间:311ms	安徽省	阜阳市	这里是日志信息......
2022-09-16 17:15:53.917214	[INFO]	base_network.py	响应时间:174ms	湖南省	益阳市	这里是日志信息......
2022-09-16 17:15:53.917214	[INFO]	orders_service.py	响应时间:538ms	天津市	和平区	这里是日志信息......
2022-09-16 17:15:53.917214	[INFO]	event.py	响应时间:6183ms	湖北省	恩施土家族苗族自治州	这里是日志信息......
2022-09-16 17:15:53.917214	[INFO]	user_manager.py	响应时间:62ms	山东省	青岛市	这里是日志信息......
2022-09-16 17:15:53.917214	[INFO]	event.py	响应时间:462ms	北京市	丰台区	这里是日志信息......
2022-09-16 17:15:53.917214	[INFO]	goods_manager.py	响应时间:996ms	上海市	黄浦区	这里是日志信息......
2022-09-16 17:15:53.917214	[INFO]	barcode_service.py	响应时间:326ms	安徽省	合肥市	这里是日志信息......
2022-09-16 17:15:53.917214	[INFO]	goods_manager.py	响应时间:253ms	北京市	怀柔区	这里是日志信息......
2022-09-16 17:15:53.917214	[WARN]	event.py	响应时间:178ms	广东省	广州市	这里是日志信息......
2022-09-16 17:15:53.917214	[INFO]	goods_manager.py	响应时间:901ms	北京市	朝阳区	这里是日志信息......
2022-09-16 17:15:53.917214	[INFO]	event.py	响应时间:331ms	浙江省	舟山市	这里是日志信息......
2022-09-16 17:15:53.917214	[INFO]	barcode_service.py	响应时间:130ms	江苏省	张家港市	这里是日志信息......
2022-09-16 17:15:53.917214	[WARN]	barcode_service.py	响应时间:288ms	重庆市	渝中区	这里是日志信息......
2022-09-16 17:15:53.917214	[INFO]	goods_manager.py	响应时间:32ms	北京市	丰台区	这里是日志信息......
2022-09-16 17:15:53.917214	[INFO]	goods_manager.py	响应时间:3ms	安徽省	铜陵市	这里是日志信息......
2022-09-16 17:15:53.917214	[WARN]	shop_manager.py	响应时间:982ms	湖北省	武汉市	这里是日志信息......
2022-09-16 17:15:53.917214	[INFO]	goods_manager.py	响应时间:437ms	广东省	广州市	这里是日志信息......
2022-09-16 17:15:53.917214	[INFO]	event.py	响应时间:54ms	上海市	黄浦区	这里是日志信息......
2022-09-16 17:15:53.917214	[INFO]	user_manager.py	响应时间:851ms	湖南省	长沙市	这里是日志信息......
2022-09-16 17:15:53.917214	[INFO]	goods_manager.py	响应时间:271ms	湖北省	荆州市	这里是日志信息......
2022-09-16 17:15:53.917214	[INFO]	event.py	响应时间:735ms	江苏省	苏州市	这里是日志信息......
2022-09-16 17:15:53.917214	[INFO]	goods_manager.py	响应时间:550ms	上海市	徐汇区	这里是日志信息......
2022-09-16 17:15:53.917214	[ERROR]	event.py	响应时间:641ms	山东省	济南市	这里是日志信息......
2022-09-16 17:15:53.917214	[INFO]	user_manager.py	响应时间:361ms	天津市	和平区	这里是日志信息......
2022-09-16 17:15:53.917214	[INFO]	goods_manager.py	响应时间:210ms	重庆市	万州区	这里是日志信息......
2022-09-16 17:15:53.917214	[INFO]	barcode_service.py	响应时间:362ms	山东省	青岛市	这里是日志信息......
2022-09-16 17:15:53.917214	[INFO]	orders_service.py	响应时间:501ms	安徽省	合肥市	这里是日志信息......
2022-09-16 17:15:53.917214	[INFO]	base_network.py	响应时间:617ms	重庆市	涪陵区	这里是日志信息......
2022-09-16 17:15:53.917214	[INFO]	orders_service.py	响应时间:819ms	湖南省	张家界市	这里是日志信息......
2022-09-16 17:15:53.917214	[INFO]	event.py	响应时间:473ms	广东省	广州市	这里是日志信息......
2022-09-16 17:15:53.917214	[INFO]	orders_service.py	响应时间:257ms	山东省	青岛市	这里是日志信息......
2022-09-16 17:15:53.917214	[INFO]	goods_manager.py	响应时间:579ms	天津市	河东区	这里是日志信息......
2022-09-16 17:15:53.917214	[INFO]	user_manager.py	响应时间:91ms	湖南省	张家界市	这里是日志信息......
2022-09-16 17:15:53.917214	[INFO]	user_manager.py	响应时间:528ms	浙江省	杭州市	这里是日志信息......
2022-09-16 17:15:53.917214	[WARN]	orders_service.py	响应时间:536ms	广东省	珠海市	这里是日志信息......
2022-09-16 17:15:53.917214	[WARN]	goods_manager.py	响应时间:298ms	北京市	海淀区	这里是日志信息......
2022-09-16 17:15:53.917214	[ERROR]	goods_manager.py	响应时间:935ms	山东省	青岛市	这里是日志信息......
2022-09-16 17:15:53.917214	[ERROR]	orders_service.py	响应时间:50ms	江苏省	宿迁市	这里是日志信息......
2022-09-16 17:15:53.917214	[INFO]	orders_service.py	响应时间:718ms	天津市	武清区	这里是日志信息......
2022-09-16 17:15:53.917214	[INFO]	event.py	响应时间:592ms	上海市	宝山区	这里是日志信息......
2022-09-16 17:15:53.917214	[INFO]	orders_service.py	响应时间:190ms	天津市	武清区	这里是日志信息......
2022-09-16 17:15:53.917214	[INFO]	orders_service.py	响应时间:359ms	浙江省	嘉兴市	这里是日志信息......
2022-09-16 17:15:53.917214	[INFO]	event.py	响应时间:516ms	浙江省	嘉兴市	这里是日志信息......
2022-09-16 17:15:53.917214	[INFO]	barcode_service.py	响应时间:729ms	广东省	广州市	这里是日志信息......
2022-09-16 17:15:53.917214	[INFO]	orders_service.py	响应时间:266ms	安徽省	合肥市	这里是日志信息......
2022-09-16 17:15:53.917214	[INFO]	user_manager.py	响应时间:335ms	广东省	深圳市	这里是日志信息......
2022-09-16 17:15:53.917214	[INFO]	goods_manager.py	响应时间:798ms	山东省	济南市	这里是日志信息......
2022-09-16 17:15:53.918215	[INFO]	goods_manager.py	响应时间:489ms	上海市	杨浦区	这里是日志信息......
2022-09-16 17:15:53.918215	[WARN]	base_network.py	响应时间:771ms	湖南省	长沙市	这里是日志信息......
2022-09-16 17:15:53.918215	[WARN]	event.py	响应时间:9665ms	湖北省	武汉市	这里是日志信息......
2022-09-16 17:15:53.918215	[INFO]	goods_manager.py	响应时间:781ms	天津市	武清区	这里是日志信息......
2022-09-16 17:15:53.918215	[INFO]	user_manager.py	响应时间:633ms	北京市	丰台区	这里是日志信息......
2022-09-16 17:15:53.918215	[INFO]	barcode_service.py	响应时间:866ms	湖南省	长沙市	这里是日志信息......
2022-09-16 17:15:53.918215	[INFO]	orders_service.py	响应时间:170ms	上海市	浦东新区	这里是日志信息......
2022-09-16 17:15:53.918215	[INFO]	user_manager.py	响应时间:105ms	广东省	广州市	这里是日志信息......
2022-09-16 17:15:53.918215	[WARN]	goods_manager.py	响应时间:673ms	安徽省	合肥市	这里是日志信息......
2022-09-16 17:15:53.918215	[INFO]	base_network.py	响应时间:819ms	广东省	广州市	这里是日志信息......
2022-09-16 17:15:53.918215	[INFO]	orders_service.py	响应时间:382ms	重庆市	涪陵区	这里是日志信息......
2022-09-16 17:15:53.918215	[WARN]	goods_manager.py	响应时间:59ms	湖北省	十堰市	这里是日志信息......
2022-09-16 17:15:53.918215	[INFO]	goods_manager.py	响应时间:9668ms	湖南省	长沙市	这里是日志信息......
2022-09-16 17:15:53.918215	[INFO]	base_network.py	响应时间:896ms	山东省	青岛市	这里是日志信息......
2022-09-16 17:15:53.918215	[INFO]	user_manager.py	响应时间:962ms	湖南省	张家界市	这里是日志信息......
2022-09-16 17:15:53.918215	[INFO]	orders_service.py	响应时间:778ms	湖南省	张家界市	这里是日志信息......
2022-09-16 17:15:53.918215	[INFO]	event.py	响应时间:684ms	湖北省	十堰市	这里是日志信息......
2022-09-16 17:15:53.918215	[INFO]	event.py	响应时间:621ms	北京市	大兴区	这里是日志信息......
2022-09-16 17:15:53.918215	[INFO]	event.py	响应时间:515ms	山东省	青岛市	这里是日志信息......
2022-09-16 17:15:53.918215	[INFO]	user_manager.py	响应时间:413ms	北京市	昌平区	这里是日志信息......
2022-09-16 17:15:53.918215	[WARN]	user_manager.py	响应时间:82ms	江苏省	南京市	这里是日志信息......
2022-09-16 17:15:53.918215	[INFO]	goods_manager.py	响应时间:940ms	湖南省	长沙市	这里是日志信息......
2022-09-16 17:15:53.918215	[INFO]	event.py	响应时间:355ms	浙江省	杭州市	这里是日志信息......
2022-09-16 17:15:53.918215	[INFO]	event.py	响应时间:638ms	山东省	济南市	这里是日志信息......
2022-09-16 17:15:53.918215	[WARN]	orders_service.py	响应时间:925ms	湖北省	武汉市	这里是日志信息......
2022-09-16 17:15:53.918215	[WARN]	goods_manager.py	响应时间:117ms	湖南省	长沙市	这里是日志信息......
2022-09-16 17:15:53.918215	[INFO]	goods_manager.py	响应时间:212ms	湖南省	益阳市	这里是日志信息......
2022-09-16 17:15:53.918215	[INFO]	user_manager.py	响应时间:1434ms	广东省	深圳市	这里是日志信息......
2022-09-16 17:15:53.918215	[INFO]	user_manager.py	响应时间:876ms	江苏省	南京市	这里是日志信息......
2022-09-16 17:15:53.918215	[INFO]	user_manager.py	响应时间:980ms	天津市	宝坻区	这里是日志信息......
2022-09-16 17:15:53.918215	[INFO]	goods_manager.py	响应时间:465ms	北京市	朝阳区	这里是日志信息......
2022-09-16 17:15:53.918215	[INFO]	barcode_service.py	响应时间:92ms	湖北省	武汉市	这里是日志信息......
2022-09-16 17:15:53.918215	[INFO]	orders_service.py	响应时间:591ms	浙江省	舟山市	这里是日志信息......
2022-09-16 17:15:53.918215	[ERROR]	shop_manager.py	响应时间:955ms	天津市	河西区	这里是日志信息......
2022-09-16 17:15:53.918215	[INFO]	barcode_service.py	响应时间:91ms	湖北省	十堰市	这里是日志信息......
2022-09-16 17:15:53.918215	[INFO]	event.py	响应时间:54ms	上海市	浦东新区	这里是日志信息......
2022-09-16 17:15:53.918215	[INFO]	event.py	响应时间:834ms	湖北省	十堰市	这里是日志信息......
2022-09-16 17:15:53.918215	[INFO]	orders_service.py	响应时间:45ms	安徽省	铜陵市	这里是日志信息......
2022-09-16 17:15:53.918215	[INFO]	orders_service.py	响应时间:489ms	广东省	深圳市	这里是日志信息......
2022-09-16 17:15:53.918215	[INFO]	event.py	响应时间:636ms	江苏省	南京市	这里是日志信息......
2022-09-16 17:15:53.918215	[ERROR]	goods_manager.py	响应时间:579ms	江苏省	南京市	这里是日志信息......
2022-09-16 17:15:53.918215	[INFO]	barcode_service.py	响应时间:537ms	江苏省	苏州市	这里是日志信息......
2022-09-16 17:15:53.918215	[INFO]	event.py	响应时间:532ms	湖南省	株洲市	这里是日志信息......
2022-09-16 17:15:53.918215	[INFO]	goods_manager.py	响应时间:129ms	重庆市	万州区	这里是日志信息......
2022-09-16 17:15:53.918215	[INFO]	barcode_service.py	响应时间:25ms	上海市	黄浦区	这里是日志信息......
2022-09-16 17:15:53.918215	[INFO]	event.py	响应时间:692ms	上海市	宝山区	这里是日志信息......
2022-09-16 17:15:53.918215	[WARN]	orders_service.py	响应时间:60ms	浙江省	舟山市	这里是日志信息......
2022-09-16 17:15:53.918215	[INFO]	orders_service.py	响应时间:121ms	湖南省	长沙市	这里是日志信息......
2022-09-16 17:15:53.918215	[WARN]	user_manager.py	响应时间:750ms	湖北省	武汉市	这里是日志信息......
2022-09-16 17:15:53.918215	[INFO]	event.py	响应时间:156ms	安徽省	合肥市	这里是日志信息......
2022-09-16 17:15:53.918215	[INFO]	shop_manager.py	响应时间:504ms	广东省	广州市	这里是日志信息......
2022-09-16 17:15:53.918215	[INFO]	goods_manager.py	响应时间:817ms	安徽省	阜阳市	这里是日志信息......
2022-09-16 17:15:53.918215	[INFO]	barcode_service.py	响应时间:996ms	浙江省	丽水市	这里是日志信息......
2022-09-16 17:15:53.918215	[WARN]	goods_manager.py	响应时间:687ms	上海市	徐汇区	这里是日志信息......
2022-09-16 17:15:53.918215	[INFO]	goods_manager.py	响应时间:957ms	重庆市	九龙坡区	这里是日志信息......
2022-09-16 17:15:53.918215	[WARN]	goods_manager.py	响应时间:207ms	湖南省	长沙市	这里是日志信息......
2022-09-16 17:15:53.918215	[INFO]	event.py	响应时间:972ms	北京市	朝阳区	这里是日志信息......
2022-09-16 17:15:53.918215	[INFO]	orders_service.py	响应时间:400ms	重庆市	涪陵区	这里是日志信息......
2022-09-16 17:15:53.918215	[INFO]	event.py	响应时间:20ms	江苏省	无锡市	这里是日志信息......
2022-09-16 17:15:53.918215	[INFO]	event.py	响应时间:633ms	重庆市	涪陵区	这里是日志信息......
2022-09-16 17:15:53.918215	[WARN]	base_network.py	响应时间:880ms	天津市	和平区	这里是日志信息......
2022-09-16 17:15:53.918215	[WARN]	orders_service.py	响应时间:33ms	广东省	广州市	这里是日志信息......
2022-09-16 17:15:53.918215	[INFO]	goods_manager.py	响应时间:523ms	湖北省	武汉市	这里是日志信息......
2022-09-16 17:15:53.918215	[INFO]	event.py	响应时间:183ms	江苏省	苏州市	这里是日志信息......
2022-09-16 17:15:53.918215	[ERROR]	goods_manager.py	响应时间:4295ms	上海市	杨浦区	这里是日志信息......
2022-09-16 17:15:53.918215	[INFO]	user_manager.py	响应时间:390ms	湖南省	长沙市	这里是日志信息......
2022-09-16 17:15:53.918215	[WARN]	barcode_service.py	响应时间:662ms	重庆市	沙坪坝区	这里是日志信息......
2022-09-16 17:15:53.918215	[INFO]	event.py	响应时间:449ms	广东省	广州市	这里是日志信息......
2022-09-16 17:15:53.918215	[WARN]	event.py	响应时间:6226ms	山东省	济南市	这里是日志信息......
2022-09-16 17:15:53.918215	[INFO]	user_manager.py	响应时间:28ms	重庆市	九龙坡区	这里是日志信息......
2022-09-16 17:15:53.919221	[INFO]	goods_manager.py	响应时间:943ms	天津市	河西区	这里是日志信息......
2022-09-16 17:15:53.919221	[INFO]	user_manager.py	响应时间:102ms	广东省	深圳市	这里是日志信息......
2022-09-16 17:15:53.919221	[INFO]	goods_manager.py	响应时间:634ms	江苏省	宿迁市	这里是日志信息......
2022-09-16 17:15:53.919221	[INFO]	barcode_service.py	响应时间:1480ms	安徽省	阜阳市	这里是日志信息......
2022-09-16 17:15:53.919221	[INFO]	event.py	响应时间:27ms	江苏省	苏州市	这里是日志信息......
2022-09-16 17:15:53.919221	[INFO]	orders_service.py	响应时间:378ms	江苏省	南京市	这里是日志信息......
2022-09-16 17:15:53.919221	[INFO]	orders_service.py	响应时间:345ms	重庆市	九龙坡区	这里是日志信息......
2022-09-16 17:15:53.919221	[ERROR]	user_manager.py	响应时间:996ms	北京市	海淀区	这里是日志信息......
2022-09-16 17:15:53.919221	[INFO]	event.py	响应时间:186ms	湖南省	长沙市	这里是日志信息......
2022-09-16 17:15:53.919221	[INFO]	base_network.py	响应时间:279ms	广东省	珠海市	这里是日志信息......
2022-09-16 17:15:53.919221	[ERROR]	orders_service.py	响应时间:29ms	湖北省	武汉市	这里是日志信息......
2022-09-16 17:15:53.919221	[WARN]	orders_service.py	响应时间:766ms	重庆市	九龙坡区	这里是日志信息......
2022-09-16 17:15:53.919221	[INFO]	shop_manager.py	响应时间:544ms	重庆市	涪陵区	这里是日志信息......
2022-09-16 17:15:53.919221	[INFO]	barcode_service.py	响应时间:757ms	山东省	青岛市	这里是日志信息......
2022-09-16 17:15:53.919221	[INFO]	goods_manager.py	响应时间:862ms	北京市	海淀区	这里是日志信息......
2022-09-16 17:15:53.919221	[INFO]	goods_manager.py	响应时间:233ms	安徽省	合肥市	这里是日志信息......
2022-09-16 17:15:53.919221	[INFO]	goods_manager.py	响应时间:796ms	北京市	丰台区	这里是日志信息......
2022-09-16 17:15:53.919221	[INFO]	orders_service.py	响应时间:809ms	北京市	昌平区	这里是日志信息......
2022-09-16 17:15:53.919221	[INFO]	goods_manager.py	响应时间:507ms	山东省	济南市	这里是日志信息......
2022-09-16 17:15:53.919221	[INFO]	base_network.py	响应时间:466ms	重庆市	九龙坡区	这里是日志信息......
2022-09-16 17:15:53.919221	[INFO]	orders_service.py	响应时间:10ms	重庆市	九龙坡区	这里是日志信息......
2022-09-16 17:15:53.919221	[INFO]	event.py	响应时间:13ms	安徽省	铜陵市	这里是日志信息......
2022-09-16 17:15:53.919221	[INFO]	event.py	响应时间:981ms	安徽省	合肥市	这里是日志信息......
2022-09-16 17:15:53.919221	[INFO]	base_network.py	响应时间:118ms	安徽省	阜阳市	这里是日志信息......
2022-09-16 17:15:53.919221	[INFO]	goods_manager.py	响应时间:16ms	北京市	海淀区	这里是日志信息......
2022-09-16 17:15:53.919221	[INFO]	event.py	响应时间:409ms	上海市	静安区	这里是日志信息......
2022-09-16 17:15:53.919221	[INFO]	goods_manager.py	响应时间:981ms	江苏省	南京市	这里是日志信息......
2022-09-16 17:15:53.919221	[WARN]	event.py	响应时间:967ms	湖北省	恩施土家族苗族自治州	这里是日志信息......
2022-09-16 17:15:53.919221	[INFO]	orders_service.py	响应时间:149ms	广东省	广州市	这里是日志信息......
2022-09-16 17:15:53.919221	[ERROR]	orders_service.py	响应时间:618ms	湖北省	武汉市	这里是日志信息......
2022-09-16 17:15:53.919221	[WARN]	user_manager.py	响应时间:19ms	广东省	深圳市	这里是日志信息......
2022-09-16 17:15:53.919221	[INFO]	barcode_service.py	响应时间:695ms	山东省	青岛市	这里是日志信息......
2022-09-16 17:15:53.919221	[INFO]	shop_manager.py	响应时间:694ms	浙江省	舟山市	这里是日志信息......
2022-09-16 17:15:53.919221	[WARN]	goods_manager.py	响应时间:275ms	广东省	深圳市	这里是日志信息......
2022-09-16 17:15:53.919221	[INFO]	goods_manager.py	响应时间:395ms	重庆市	九龙坡区	这里是日志信息......
2022-09-16 17:15:53.919221	[INFO]	shop_manager.py	响应时间:50ms	湖南省	长沙市	这里是日志信息......
2022-09-16 17:15:53.919221	[INFO]	user_manager.py	响应时间:566ms	北京市	丰台区	这里是日志信息......
2022-09-16 17:15:53.919221	[INFO]	orders_service.py	响应时间:59ms	上海市	浦东新区	这里是日志信息......
2022-09-16 17:15:53.919221	[ERROR]	event.py	响应时间:7482ms	湖北省	武汉市	这里是日志信息......
2022-09-16 17:15:53.919221	[INFO]	goods_manager.py	响应时间:350ms	江苏省	苏州市	这里是日志信息......
2022-09-16 17:15:53.919221	[INFO]	orders_service.py	响应时间:800ms	安徽省	六安市	这里是日志信息......
2022-09-16 17:15:53.919221	[WARN]	goods_manager.py	响应时间:9847ms	江苏省	南京市	这里是日志信息......
2022-09-16 17:15:53.919221	[INFO]	goods_manager.py	响应时间:312ms	重庆市	万州区	这里是日志信息......
2022-09-16 17:15:53.919221	[INFO]	event.py	响应时间:848ms	湖北省	十堰市	这里是日志信息......
2022-09-16 17:15:53.919221	[INFO]	goods_manager.py	响应时间:117ms	广东省	珠海市	这里是日志信息......
2022-09-16 17:15:53.919221	[INFO]	orders_service.py	响应时间:20ms	天津市	河西区	这里是日志信息......
2022-09-16 17:15:53.919221	[INFO]	orders_service.py	响应时间:6108ms	山东省	青岛市	这里是日志信息......
2022-09-16 17:15:53.919221	[INFO]	event.py	响应时间:606ms	安徽省	合肥市	这里是日志信息......
2022-09-16 17:15:53.919221	[INFO]	goods_manager.py	响应时间:713ms	安徽省	阜阳市	这里是日志信息......
2022-09-16 17:15:53.919221	[INFO]	base_network.py	响应时间:688ms	湖南省	长沙市	这里是日志信息......
2022-09-16 17:15:53.919221	[INFO]	goods_manager.py	响应时间:643ms	广东省	深圳市	这里是日志信息......
2022-09-16 17:15:53.919221	[INFO]	event.py	响应时间:151ms	上海市	浦东新区	这里是日志信息......
2022-09-16 17:15:53.919221	[INFO]	goods_manager.py	响应时间:204ms	广东省	广州市	这里是日志信息......
2022-09-16 17:15:53.919221	[INFO]	base_network.py	响应时间:683ms	湖南省	长沙市	这里是日志信息......
2022-09-16 17:15:53.919221	[INFO]	event.py	响应时间:335ms	浙江省	湖州市	这里是日志信息......
2022-09-16 17:15:53.919221	[INFO]	event.py	响应时间:385ms	湖南省	长沙市	这里是日志信息......
2022-09-16 17:15:53.919221	[INFO]	orders_service.py	响应时间:862ms	重庆市	沙坪坝区	这里是日志信息......
2022-09-16 17:15:53.919221	[INFO]	goods_manager.py	响应时间:212ms	北京市	海淀区	这里是日志信息......
2022-09-16 17:15:53.919221	[INFO]	orders_service.py	响应时间:951ms	浙江省	杭州市	这里是日志信息......
2022-09-16 17:15:53.919221	[INFO]	goods_manager.py	响应时间:150ms	天津市	河西区	这里是日志信息......
2022-09-16 17:15:53.919221	[INFO]	orders_service.py	响应时间:814ms	山东省	青岛市	这里是日志信息......
2022-09-16 17:15:53.919221	[INFO]	event.py	响应时间:76ms	重庆市	南岸区	这里是日志信息......
2022-09-16 17:15:53.919221	[INFO]	event.py	响应时间:980ms	湖北省	荆州市	这里是日志信息......
2022-09-16 17:15:53.919221	[INFO]	goods_manager.py	响应时间:268ms	天津市	宝坻区	这里是日志信息......
2022-09-16 17:15:53.919221	[INFO]	shop_manager.py	响应时间:964ms	天津市	河东区	这里是日志信息......
2022-09-16 17:15:53.919221	[INFO]	event.py	响应时间:694ms	江苏省	张家港市	这里是日志信息......
2022-09-16 17:15:53.919221	[INFO]	barcode_service.py	响应时间:920ms	天津市	河西区	这里是日志信息......
2022-09-16 17:15:53.919221	[WARN]	goods_manager.py	响应时间:507ms	重庆市	万州区	这里是日志信息......
2022-09-16 17:15:53.919221	[WARN]	event.py	响应时间:717ms	湖南省	株洲市	这里是日志信息......
2022-09-16 17:15:53.919221	[INFO]	barcode_service.py	响应时间:429ms	山东省	青岛市	这里是日志信息......
2022-09-16 17:15:53.919221	[INFO]	goods_manager.py	响应时间:684ms	广东省	珠海市	这里是日志信息......
2022-09-16 17:15:53.919221	[INFO]	goods_manager.py	响应时间:110ms	浙江省	丽水市	这里是日志信息......
2022-09-16 17:15:53.919221	[INFO]	goods_manager.py	响应时间:748ms	山东省	济南市	这里是日志信息......
2022-09-16 17:15:53.919221	[WARN]	event.py	响应时间:766ms	广东省	广州市	这里是日志信息......
2022-09-16 17:15:53.920220	[WARN]	user_manager.py	响应时间:321ms	浙江省	湖州市	这里是日志信息......
2022-09-16 17:15:53.920220	[WARN]	user_manager.py	响应时间:165ms	山东省	青岛市	这里是日志信息......
2022-09-16 17:15:53.920220	[INFO]	event.py	响应时间:311ms	广东省	广州市	这里是日志信息......
2022-09-16 17:15:53.920220	[INFO]	goods_manager.py	响应时间:2297ms	北京市	海淀区	这里是日志信息......
2022-09-16 17:15:53.920220	[INFO]	orders_service.py	响应时间:681ms	天津市	和平区	这里是日志信息......
2022-09-16 17:15:53.920220	[INFO]	event.py	响应时间:997ms	重庆市	涪陵区	这里是日志信息......
2022-09-16 17:15:53.920220	[INFO]	event.py	响应时间:837ms	北京市	海淀区	这里是日志信息......
2022-09-16 17:15:53.920220	[INFO]	event.py	响应时间:889ms	山东省	菏泽市	这里是日志信息......
2022-09-16 17:15:53.920220	[INFO]	goods_manager.py	响应时间:76ms	天津市	河西区	这里是日志信息......
2022-09-16 17:15:53.920220	[INFO]	goods_manager.py	响应时间:426ms	湖南省	长沙市	这里是日志信息......
2022-09-16 17:15:53.920220	[INFO]	base_network.py	响应时间:813ms	湖南省	长沙市	这里是日志信息......
2022-09-16 17:15:53.920220	[INFO]	event.py	响应时间:51ms	湖南省	常德市	这里是日志信息......
2022-09-16 17:15:53.920220	[WARN]	shop_manager.py	响应时间:117ms	湖南省	长沙市	这里是日志信息......
2022-09-16 17:15:53.920220	[INFO]	shop_manager.py	响应时间:900ms	山东省	菏泽市	这里是日志信息......
2022-09-16 17:15:53.920220	[INFO]	barcode_service.py	响应时间:683ms	上海市	徐汇区	这里是日志信息......
2022-09-16 17:15:53.920220	[INFO]	shop_manager.py	响应时间:690ms	浙江省	舟山市	这里是日志信息......
2022-09-16 17:15:53.920220	[INFO]	goods_manager.py	响应时间:207ms	湖南省	长沙市	这里是日志信息......
2022-09-16 17:15:53.920220	[INFO]	orders_service.py	响应时间:228ms	江苏省	南京市	这里是日志信息......
2022-09-16 17:15:53.920220	[INFO]	orders_service.py	响应时间:51ms	山东省	青岛市	这里是日志信息......
2022-09-16 17:15:53.920220	[INFO]	event.py	响应时间:178ms	安徽省	合肥市	这里是日志信息......
2022-09-16 17:15:53.920220	[INFO]	shop_manager.py	响应时间:407ms	天津市	宝坻区	这里是日志信息......
2022-09-16 17:15:53.920220	[INFO]	event.py	响应时间:642ms	湖北省	武汉市	这里是日志信息......
2022-09-16 17:15:53.920220	[WARN]	goods_manager.py	响应时间:623ms	安徽省	合肥市	这里是日志信息......
2022-09-16 17:15:53.920220	[INFO]	event.py	响应时间:361ms	浙江省	嘉兴市	这里是日志信息......
2022-09-16 17:15:53.920220	[WARN]	goods_manager.py	响应时间:507ms	上海市	杨浦区	这里是日志信息......
2022-09-16 17:15:53.920220	[INFO]	event.py	响应时间:744ms	北京市	大兴区	这里是日志信息......
2022-09-16 17:15:53.920220	[INFO]	shop_manager.py	响应时间:848ms	天津市	武清区	这里是日志信息......
2022-09-16 17:15:53.920220	[INFO]	orders_service.py	响应时间:837ms	湖北省	武汉市	这里是日志信息......
2022-09-16 17:15:53.920220	[INFO]	barcode_service.py	响应时间:906ms	湖南省	长沙市	这里是日志信息......
2022-09-16 17:15:53.920220	[INFO]	orders_service.py	响应时间:121ms	上海市	徐汇区	这里是日志信息......
2022-09-16 17:15:53.920220	[INFO]	goods_manager.py	响应时间:697ms	江苏省	南京市	这里是日志信息......
2022-09-16 17:15:53.920220	[INFO]	goods_manager.py	响应时间:134ms	湖南省	株洲市	这里是日志信息......
2022-09-16 17:15:53.920220	[INFO]	goods_manager.py	响应时间:542ms	浙江省	绍兴市	这里是日志信息......
2022-09-16 17:15:53.920220	[INFO]	event.py	响应时间:426ms	重庆市	涪陵区	这里是日志信息......
2022-09-16 17:15:53.920220	[INFO]	base_network.py	响应时间:873ms	重庆市	渝中区	这里是日志信息......
2022-09-16 17:15:53.920220	[INFO]	orders_service.py	响应时间:179ms	山东省	济南市	这里是日志信息......
