2022-09-16 17:15:52.887830	[INFO]	barcode_service.py	响应时间:143ms	天津市	河东区	这里是日志信息......
2022-09-16 17:15:52.887830	[ERROR]	base_network.py	响应时间:691ms	北京市	海淀区	这里是日志信息......
2022-09-16 17:15:52.887830	[INFO]	event.py	响应时间:815ms	上海市	普陀区	这里是日志信息......
2022-09-16 17:15:52.887830	[INFO]	barcode_service.py	响应时间:33ms	江苏省	南京市	这里是日志信息......
2022-09-16 17:15:52.887830	[INFO]	event.py	响应时间:146ms	北京市	大兴区	这里是日志信息......
2022-09-16 17:15:52.887830	[INFO]	event.py	响应时间:392ms	江苏省	常州市	这里是日志信息......
2022-09-16 17:15:52.887830	[INFO]	base_network.py	响应时间:695ms	北京市	怀柔区	这里是日志信息......
2022-09-16 17:15:52.887830	[INFO]	barcode_service.py	响应时间:964ms	安徽省	阜阳市	这里是日志信息......
2022-09-16 17:15:52.887830	[INFO]	orders_service.py	响应时间:309ms	江苏省	张家港市	这里是日志信息......
2022-09-16 17:15:52.887830	[INFO]	orders_service.py	响应时间:121ms	江苏省	苏州市	这里是日志信息......
2022-09-16 17:15:52.887830	[INFO]	orders_service.py	响应时间:94ms	上海市	宝山区	这里是日志信息......
2022-09-16 17:15:52.887830	[INFO]	orders_service.py	响应时间:63ms	山东省	济南市	这里是日志信息......
2022-09-16 17:15:52.887830	[INFO]	orders_service.py	响应时间:604ms	湖北省	十堰市	这里是日志信息......
2022-09-16 17:15:52.887830	[INFO]	barcode_service.py	响应时间:816ms	广东省	广州市	这里是日志信息......
2022-09-16 17:15:52.887830	[INFO]	shop_manager.py	响应时间:433ms	浙江省	嘉兴市	这里是日志信息......
2022-09-16 17:15:52.887830	[INFO]	orders_service.py	响应时间:201ms	天津市	河西区	这里是日志信息......
2022-09-16 17:15:52.887830	[INFO]	goods_manager.py	响应时间:646ms	江苏省	常州市	这里是日志信息......
2022-09-16 17:15:52.887830	[INFO]	barcode_service.py	响应时间:509ms	浙江省	湖州市	这里是日志信息......
2022-09-16 17:15:52.887830	[INFO]	event.py	响应时间:25ms	天津市	和平区	这里是日志信息......
2022-09-16 17:15:52.887830	[INFO]	base_network.py	响应时间:688ms	重庆市	南岸区	这里是日志信息......
2022-09-16 17:15:52.887830	[INFO]	event.py	响应时间:574ms	上海市	浦东新区	这里是日志信息......
2022-09-16 17:15:52.887830	[INFO]	goods_manager.py	响应时间:70ms	山东省	济南市	这里是日志信息......
2022-09-16 17:15:52.887830	[INFO]	goods_manager.py	响应时间:8885ms	重庆市	沙坪坝区	这里是日志信息......
2022-09-16 17:15:52.887830	[INFO]	user_manager.py	响应时间:257ms	天津市	武清区	这里是日志信息......
2022-09-16 17:15:52.888831	[WARN]	orders_service.py	响应时间:812ms	山东省	菏泽市	这里是日志信息......
2022-09-16 17:15:52.888831	[INFO]	user_manager.py	响应时间:495ms	安徽省	芜湖市	这里是日志信息......
2022-09-16 17:15:52.888831	[INFO]	barcode_service.py	响应时间:512ms	江苏省	南京市	这里是日志信息......
2022-09-16 17:15:52.888831	[INFO]	orders_service.py	响应时间:325ms	重庆市	万州区	这里是日志信息......
2022-09-16 17:15:52.888831	[ERROR]	goods_manager.py	响应时间:148ms	湖北省	武汉市	这里是日志信息......
2022-09-16 17:15:52.888831	[INFO]	event.py	响应时间:136ms	江苏省	宿迁市	这里是日志信息......
2022-09-16 17:15:52.888831	[INFO]	goods_manager.py	响应时间:907ms	山东省	菏泽市	这里是日志信息......
2022-09-16 17:15:52.888831	[ERROR]	orders_service.py	响应时间:631ms	浙江省	杭州市	这里是日志信息......
2022-09-16 17:15:52.888831	[INFO]	base_network.py	响应时间:673ms	江苏省	苏州市	这里是日志信息......
2022-09-16 17:15:52.888831	[INFO]	goods_manager.py	响应时间:525ms	安徽省	合肥市	这里是日志信息......
2022-09-16 17:15:52.888831	[WARN]	barcode_service.py	响应时间:742ms	山东省	青岛市	这里是日志信息......
2022-09-16 17:15:52.888831	[WARN]	event.py	响应时间:761ms	安徽省	池州市	这里是日志信息......
2022-09-16 17:15:52.888831	[INFO]	shop_manager.py	响应时间:195ms	北京市	朝阳区	这里是日志信息......
2022-09-16 17:15:52.888831	[INFO]	goods_manager.py	响应时间:655ms	湖北省	恩施土家族苗族自治州	这里是日志信息......
2022-09-16 17:15:52.888831	[WARN]	orders_service.py	响应时间:821ms	北京市	海淀区	这里是日志信息......
2022-09-16 17:15:52.888831	[INFO]	barcode_service.py	响应时间:941ms	江苏省	无锡市	这里是日志信息......
2022-09-16 17:15:52.888831	[INFO]	event.py	响应时间:624ms	广东省	深圳市	这里是日志信息......
2022-09-16 17:15:52.888831	[WARN]	barcode_service.py	响应时间:199ms	安徽省	合肥市	这里是日志信息......
2022-09-16 17:15:52.888831	[INFO]	orders_service.py	响应时间:368ms	湖北省	十堰市	这里是日志信息......
2022-09-16 17:15:52.888831	[INFO]	goods_manager.py	响应时间:870ms	山东省	青岛市	这里是日志信息......
2022-09-16 17:15:52.888831	[INFO]	event.py	响应时间:150ms	安徽省	池州市	这里是日志信息......
2022-09-16 17:15:52.888831	[INFO]	shop_manager.py	响应时间:305ms	湖南省	长沙市	这里是日志信息......
2022-09-16 17:15:52.888831	[INFO]	user_manager.py	响应时间:699ms	广东省	广州市	这里是日志信息......
2022-09-16 17:15:52.888831	[INFO]	event.py	响应时间:562ms	重庆市	涪陵区	这里是日志信息......
2022-09-16 17:15:52.888831	[WARN]	orders_service.py	响应时间:8063ms	浙江省	舟山市	这里是日志信息......
2022-09-16 17:15:52.888831	[WARN]	user_manager.py	响应时间:199ms	上海市	浦东新区	这里是日志信息......
2022-09-16 17:15:52.888831	[INFO]	orders_service.py	响应时间:630ms	浙江省	湖州市	这里是日志信息......
2022-09-16 17:15:52.888831	[ERROR]	base_network.py	响应时间:751ms	湖北省	武汉市	这里是日志信息......
2022-09-16 17:15:52.888831	[INFO]	event.py	响应时间:138ms	北京市	海淀区	这里是日志信息......
2022-09-16 17:15:52.888831	[INFO]	event.py	响应时间:808ms	浙江省	丽水市	这里是日志信息......
2022-09-16 17:15:52.888831	[INFO]	goods_manager.py	响应时间:954ms	湖南省	长沙市	这里是日志信息......
2022-09-16 17:15:52.888831	[INFO]	event.py	响应时间:945ms	江苏省	苏州市	这里是日志信息......
2022-09-16 17:15:52.888831	[INFO]	goods_manager.py	响应时间:769ms	北京市	怀柔区	这里是日志信息......
2022-09-16 17:15:52.888831	[INFO]	goods_manager.py	响应时间:184ms	安徽省	合肥市	这里是日志信息......
2022-09-16 17:15:52.888831	[INFO]	goods_manager.py	响应时间:25ms	北京市	海淀区	这里是日志信息......
2022-09-16 17:15:52.888831	[INFO]	shop_manager.py	响应时间:423ms	北京市	海淀区	这里是日志信息......
2022-09-16 17:15:52.888831	[INFO]	orders_service.py	响应时间:939ms	江苏省	南京市	这里是日志信息......
2022-09-16 17:15:52.888831	[INFO]	user_manager.py	响应时间:478ms	浙江省	湖州市	这里是日志信息......
2022-09-16 17:15:52.888831	[ERROR]	goods_manager.py	响应时间:396ms	广东省	广州市	这里是日志信息......
2022-09-16 17:15:52.888831	[INFO]	barcode_service.py	响应时间:844ms	北京市	海淀区	这里是日志信息......
2022-09-16 17:15:52.888831	[INFO]	shop_manager.py	响应时间:697ms	山东省	青岛市	这里是日志信息......
2022-09-16 17:15:52.888831	[INFO]	base_network.py	响应时间:557ms	天津市	宝坻区	这里是日志信息......
2022-09-16 17:15:52.888831	[INFO]	goods_manager.py	响应时间:88ms	上海市	徐汇区	这里是日志信息......
2022-09-16 17:15:52.888831	[INFO]	shop_manager.py	响应时间:729ms	安徽省	芜湖市	这里是日志信息......
2022-09-16 17:15:52.888831	[INFO]	goods_manager.py	响应时间:65ms	安徽省	合肥市	这里是日志信息......
2022-09-16 17:15:52.888831	[INFO]	event.py	响应时间:566ms	上海市	徐汇区	这里是日志信息......
2022-09-16 17:15:52.888831	[WARN]	goods_manager.py	响应时间:865ms	上海市	黄浦区	这里是日志信息......
2022-09-16 17:15:52.888831	[INFO]	event.py	响应时间:625ms	北京市	大兴区	这里是日志信息......
2022-09-16 17:15:52.888831	[INFO]	orders_service.py	响应时间:436ms	广东省	广州市	这里是日志信息......
2022-09-16 17:15:52.888831	[INFO]	barcode_service.py	响应时间:310ms	北京市	怀柔区	这里是日志信息......
2022-09-16 17:15:52.888831	[INFO]	orders_service.py	响应时间:225ms	湖南省	株洲市	这里是日志信息......
2022-09-16 17:15:52.888831	[INFO]	orders_service.py	响应时间:417ms	浙江省	丽水市	这里是日志信息......
2022-09-16 17:15:52.888831	[INFO]	base_network.py	响应时间:117ms	山东省	济南市	这里是日志信息......
2022-09-16 17:15:52.888831	[INFO]	user_manager.py	响应时间:492ms	上海市	徐汇区	这里是日志信息......
2022-09-16 17:15:52.888831	[INFO]	base_network.py	响应时间:272ms	安徽省	合肥市	这里是日志信息......
2022-09-16 17:15:52.888831	[WARN]	orders_service.py	响应时间:682ms	上海市	徐汇区	这里是日志信息......
2022-09-16 17:15:52.888831	[INFO]	goods_manager.py	响应时间:169ms	山东省	济南市	这里是日志信息......
2022-09-16 17:15:52.888831	[INFO]	shop_manager.py	响应时间:288ms	重庆市	九龙坡区	这里是日志信息......
2022-09-16 17:15:52.889831	[INFO]	orders_service.py	响应时间:723ms	上海市	浦东新区	这里是日志信息......
2022-09-16 17:15:52.889831	[ERROR]	event.py	响应时间:4669ms	重庆市	涪陵区	这里是日志信息......
2022-09-16 17:15:52.889831	[INFO]	orders_service.py	响应时间:577ms	上海市	静安区	这里是日志信息......
2022-09-16 17:15:52.889831	[INFO]	event.py	响应时间:992ms	山东省	菏泽市	这里是日志信息......
2022-09-16 17:15:52.889831	[INFO]	barcode_service.py	响应时间:306ms	浙江省	舟山市	这里是日志信息......
2022-09-16 17:15:52.889831	[INFO]	barcode_service.py	响应时间:456ms	浙江省	舟山市	这里是日志信息......
2022-09-16 17:15:52.889831	[INFO]	orders_service.py	响应时间:970ms	安徽省	阜阳市	这里是日志信息......
2022-09-16 17:15:52.889831	[INFO]	base_network.py	响应时间:3451ms	天津市	河西区	这里是日志信息......
2022-09-16 17:15:52.889831	[INFO]	goods_manager.py	响应时间:32ms	重庆市	万州区	这里是日志信息......
2022-09-16 17:15:52.889831	[INFO]	barcode_service.py	响应时间:216ms	上海市	普陀区	这里是日志信息......
2022-09-16 17:15:52.889831	[INFO]	goods_manager.py	响应时间:311ms	上海市	普陀区	这里是日志信息......
2022-09-16 17:15:52.889831	[INFO]	base_network.py	响应时间:748ms	山东省	菏泽市	这里是日志信息......
2022-09-16 17:15:52.889831	[INFO]	user_manager.py	响应时间:763ms	北京市	怀柔区	这里是日志信息......
2022-09-16 17:15:52.889831	[INFO]	base_network.py	响应时间:226ms	广东省	广州市	这里是日志信息......
2022-09-16 17:15:52.889831	[INFO]	event.py	响应时间:9298ms	广东省	广州市	这里是日志信息......
2022-09-16 17:15:52.889831	[INFO]	barcode_service.py	响应时间:647ms	上海市	徐汇区	这里是日志信息......
2022-09-16 17:15:52.889831	[INFO]	goods_manager.py	响应时间:534ms	湖南省	长沙市	这里是日志信息......
2022-09-16 17:15:52.889831	[INFO]	event.py	响应时间:304ms	山东省	济南市	这里是日志信息......
2022-09-16 17:15:52.889831	[INFO]	event.py	响应时间:349ms	重庆市	南岸区	这里是日志信息......
2022-09-16 17:15:52.889831	[WARN]	barcode_service.py	响应时间:346ms	天津市	武清区	这里是日志信息......
2022-09-16 17:15:52.889831	[INFO]	shop_manager.py	响应时间:602ms	上海市	黄浦区	这里是日志信息......
2022-09-16 17:15:52.889831	[INFO]	event.py	响应时间:8736ms	湖南省	长沙市	这里是日志信息......
2022-09-16 17:15:52.889831	[INFO]	goods_manager.py	响应时间:696ms	浙江省	绍兴市	这里是日志信息......
2022-09-16 17:15:52.889831	[INFO]	orders_service.py	响应时间:693ms	山东省	济南市	这里是日志信息......
2022-09-16 17:15:52.889831	[INFO]	base_network.py	响应时间:124ms	湖北省	荆州市	这里是日志信息......
2022-09-16 17:15:52.889831	[INFO]	event.py	响应时间:350ms	重庆市	南岸区	这里是日志信息......
2022-09-16 17:15:52.889831	[ERROR]	goods_manager.py	响应时间:921ms	湖南省	益阳市	这里是日志信息......
2022-09-16 17:15:52.889831	[INFO]	orders_service.py	响应时间:172ms	北京市	大兴区	这里是日志信息......
2022-09-16 17:15:52.889831	[INFO]	event.py	响应时间:455ms	广东省	深圳市	这里是日志信息......
2022-09-16 17:15:52.889831	[WARN]	event.py	响应时间:510ms	北京市	昌平区	这里是日志信息......
2022-09-16 17:15:52.889831	[WARN]	event.py	响应时间:566ms	湖南省	长沙市	这里是日志信息......
2022-09-16 17:15:52.889831	[INFO]	event.py	响应时间:176ms	湖北省	武汉市	这里是日志信息......
2022-09-16 17:15:52.889831	[INFO]	user_manager.py	响应时间:651ms	江苏省	南京市	这里是日志信息......
2022-09-16 17:15:52.889831	[ERROR]	goods_manager.py	响应时间:3383ms	北京市	昌平区	这里是日志信息......
2022-09-16 17:15:52.889831	[INFO]	orders_service.py	响应时间:390ms	北京市	怀柔区	这里是日志信息......
2022-09-16 17:15:52.889831	[INFO]	orders_service.py	响应时间:868ms	广东省	珠海市	这里是日志信息......
2022-09-16 17:15:52.889831	[INFO]	event.py	响应时间:440ms	天津市	和平区	这里是日志信息......
2022-09-16 17:15:52.889831	[INFO]	user_manager.py	响应时间:696ms	江苏省	南京市	这里是日志信息......
2022-09-16 17:15:52.889831	[INFO]	event.py	响应时间:364ms	重庆市	沙坪坝区	这里是日志信息......
2022-09-16 17:15:52.889831	[INFO]	goods_manager.py	响应时间:676ms	北京市	朝阳区	这里是日志信息......
2022-09-16 17:15:52.889831	[WARN]	goods_manager.py	响应时间:121ms	天津市	河西区	这里是日志信息......
2022-09-16 17:15:52.889831	[INFO]	event.py	响应时间:290ms	天津市	武清区	这里是日志信息......
2022-09-16 17:15:52.889831	[INFO]	barcode_service.py	响应时间:730ms	江苏省	苏州市	这里是日志信息......
2022-09-16 17:15:52.889831	[INFO]	base_network.py	响应时间:554ms	北京市	怀柔区	这里是日志信息......
2022-09-16 17:15:52.889831	[INFO]	barcode_service.py	响应时间:984ms	广东省	广州市	这里是日志信息......
2022-09-16 17:15:52.889831	[INFO]	goods_manager.py	响应时间:855ms	湖南省	长沙市	这里是日志信息......
2022-09-16 17:15:52.889831	[WARN]	goods_manager.py	响应时间:102ms	浙江省	嘉兴市	这里是日志信息......
2022-09-16 17:15:52.889831	[INFO]	shop_manager.py	响应时间:491ms	重庆市	九龙坡区	这里是日志信息......
2022-09-16 17:15:52.889831	[INFO]	orders_service.py	响应时间:197ms	湖南省	常德市	这里是日志信息......
2022-09-16 17:15:52.889831	[INFO]	orders_service.py	响应时间:308ms	江苏省	南京市	这里是日志信息......
2022-09-16 17:15:52.889831	[INFO]	barcode_service.py	响应时间:665ms	浙江省	舟山市	这里是日志信息......
2022-09-16 17:15:52.889831	[INFO]	orders_service.py	响应时间:944ms	江苏省	常州市	这里是日志信息......
2022-09-16 17:15:52.889831	[INFO]	barcode_service.py	响应时间:876ms	北京市	丰台区	这里是日志信息......
2022-09-16 17:15:52.889831	[INFO]	event.py	响应时间:154ms	浙江省	杭州市	这里是日志信息......
2022-09-16 17:15:52.889831	[INFO]	orders_service.py	响应时间:904ms	北京市	海淀区	这里是日志信息......
2022-09-16 17:15:52.889831	[INFO]	event.py	响应时间:42ms	山东省	青岛市	这里是日志信息......
2022-09-16 17:15:52.889831	[INFO]	event.py	响应时间:265ms	天津市	武清区	这里是日志信息......
2022-09-16 17:15:52.889831	[INFO]	orders_service.py	响应时间:797ms	上海市	黄浦区	这里是日志信息......
2022-09-16 17:15:52.889831	[INFO]	user_manager.py	响应时间:78ms	北京市	昌平区	这里是日志信息......
2022-09-16 17:15:52.889831	[WARN]	goods_manager.py	响应时间:624ms	广东省	广州市	这里是日志信息......
2022-09-16 17:15:52.889831	[INFO]	orders_service.py	响应时间:414ms	安徽省	合肥市	这里是日志信息......
2022-09-16 17:15:52.889831	[INFO]	orders_service.py	响应时间:446ms	浙江省	湖州市	这里是日志信息......
2022-09-16 17:15:52.889831	[INFO]	goods_manager.py	响应时间:910ms	江苏省	常州市	这里是日志信息......
2022-09-16 17:15:52.890829	[ERROR]	shop_manager.py	响应时间:374ms	山东省	济南市	这里是日志信息......
2022-09-16 17:15:52.890829	[WARN]	event.py	响应时间:104ms	湖南省	长沙市	这里是日志信息......
2022-09-16 17:15:52.890829	[INFO]	goods_manager.py	响应时间:70ms	天津市	河西区	这里是日志信息......
2022-09-16 17:15:52.890829	[INFO]	barcode_service.py	响应时间:224ms	浙江省	湖州市	这里是日志信息......
2022-09-16 17:15:52.890829	[WARN]	event.py	响应时间:282ms	浙江省	杭州市	这里是日志信息......
2022-09-16 17:15:52.890829	[INFO]	goods_manager.py	响应时间:729ms	安徽省	芜湖市	这里是日志信息......
2022-09-16 17:15:52.890829	[WARN]	goods_manager.py	响应时间:844ms	山东省	青岛市	这里是日志信息......
2022-09-16 17:15:52.890829	[INFO]	goods_manager.py	响应时间:564ms	天津市	武清区	这里是日志信息......
2022-09-16 17:15:52.890829	[INFO]	shop_manager.py	响应时间:278ms	湖南省	长沙市	这里是日志信息......
2022-09-16 17:15:52.890829	[INFO]	orders_service.py	响应时间:975ms	广东省	深圳市	这里是日志信息......
2022-09-16 17:15:52.890829	[INFO]	user_manager.py	响应时间:269ms	湖南省	长沙市	这里是日志信息......
2022-09-16 17:15:52.890829	[INFO]	goods_manager.py	响应时间:177ms	山东省	济南市	这里是日志信息......
2022-09-16 17:15:52.890829	[INFO]	user_manager.py	响应时间:876ms	天津市	河东区	这里是日志信息......
2022-09-16 17:15:52.890829	[ERROR]	orders_service.py	响应时间:435ms	重庆市	沙坪坝区	这里是日志信息......
2022-09-16 17:15:52.890829	[INFO]	event.py	响应时间:939ms	湖南省	长沙市	这里是日志信息......
2022-09-16 17:15:52.890829	[ERROR]	event.py	响应时间:558ms	天津市	河东区	这里是日志信息......
2022-09-16 17:15:52.890829	[ERROR]	event.py	响应时间:744ms	湖南省	长沙市	这里是日志信息......
2022-09-16 17:15:52.890829	[INFO]	barcode_service.py	响应时间:76ms	浙江省	湖州市	这里是日志信息......
2022-09-16 17:15:52.890829	[INFO]	goods_manager.py	响应时间:175ms	安徽省	铜陵市	这里是日志信息......
2022-09-16 17:15:52.890829	[INFO]	orders_service.py	响应时间:363ms	湖北省	十堰市	这里是日志信息......
2022-09-16 17:15:52.890829	[WARN]	shop_manager.py	响应时间:395ms	安徽省	阜阳市	这里是日志信息......
2022-09-16 17:15:52.890829	[INFO]	goods_manager.py	响应时间:15ms	江苏省	苏州市	这里是日志信息......
2022-09-16 17:15:52.890829	[WARN]	goods_manager.py	响应时间:268ms	山东省	青岛市	这里是日志信息......
2022-09-16 17:15:52.890829	[INFO]	barcode_service.py	响应时间:541ms	浙江省	绍兴市	这里是日志信息......
2022-09-16 17:15:52.890829	[INFO]	orders_service.py	响应时间:108ms	江苏省	无锡市	这里是日志信息......
2022-09-16 17:15:52.890829	[INFO]	goods_manager.py	响应时间:56ms	安徽省	铜陵市	这里是日志信息......
2022-09-16 17:15:52.890829	[INFO]	goods_manager.py	响应时间:21ms	天津市	和平区	这里是日志信息......
2022-09-16 17:15:52.890829	[INFO]	user_manager.py	响应时间:689ms	山东省	济南市	这里是日志信息......
2022-09-16 17:15:52.890829	[INFO]	goods_manager.py	响应时间:958ms	北京市	海淀区	这里是日志信息......
2022-09-16 17:15:52.890829	[INFO]	goods_manager.py	响应时间:759ms	山东省	青岛市	这里是日志信息......
2022-09-16 17:15:52.890829	[INFO]	orders_service.py	响应时间:676ms	湖南省	长沙市	这里是日志信息......
2022-09-16 17:15:52.890829	[INFO]	event.py	响应时间:519ms	浙江省	金华市	这里是日志信息......
2022-09-16 17:15:52.890829	[INFO]	goods_manager.py	响应时间:736ms	重庆市	南岸区	这里是日志信息......
2022-09-16 17:15:52.890829	[INFO]	goods_manager.py	响应时间:337ms	江苏省	南京市	这里是日志信息......
2022-09-16 17:15:52.890829	[INFO]	orders_service.py	响应时间:278ms	浙江省	湖州市	这里是日志信息......
2022-09-16 17:15:52.890829	[INFO]	event.py	响应时间:251ms	广东省	广州市	这里是日志信息......
2022-09-16 17:15:52.890829	[INFO]	event.py	响应时间:1687ms	天津市	河西区	这里是日志信息......
2022-09-16 17:15:52.890829	[INFO]	barcode_service.py	响应时间:414ms	江苏省	张家港市	这里是日志信息......
2022-09-16 17:15:52.890829	[WARN]	shop_manager.py	响应时间:831ms	山东省	青岛市	这里是日志信息......
2022-09-16 17:15:52.890829	[INFO]	shop_manager.py	响应时间:3635ms	广东省	广州市	这里是日志信息......
2022-09-16 17:15:52.890829	[INFO]	shop_manager.py	响应时间:64ms	江苏省	张家港市	这里是日志信息......
2022-09-16 17:15:52.890829	[WARN]	orders_service.py	响应时间:990ms	浙江省	杭州市	这里是日志信息......
2022-09-16 17:15:52.890829	[INFO]	event.py	响应时间:978ms	江苏省	常州市	这里是日志信息......
2022-09-16 17:15:52.890829	[INFO]	user_manager.py	响应时间:490ms	湖南省	长沙市	这里是日志信息......
2022-09-16 17:15:52.890829	[INFO]	orders_service.py	响应时间:52ms	湖南省	长沙市	这里是日志信息......
2022-09-16 17:15:52.890829	[INFO]	goods_manager.py	响应时间:7768ms	山东省	济南市	这里是日志信息......
2022-09-16 17:15:52.890829	[INFO]	orders_service.py	响应时间:465ms	湖南省	株洲市	这里是日志信息......
2022-09-16 17:15:52.890829	[INFO]	barcode_service.py	响应时间:93ms	北京市	昌平区	这里是日志信息......
2022-09-16 17:15:52.890829	[INFO]	orders_service.py	响应时间:427ms	湖北省	武汉市	这里是日志信息......
2022-09-16 17:15:52.890829	[INFO]	goods_manager.py	响应时间:660ms	湖北省	武汉市	这里是日志信息......
2022-09-16 17:15:52.890829	[INFO]	barcode_service.py	响应时间:851ms	湖北省	武汉市	这里是日志信息......
2022-09-16 17:15:52.890829	[INFO]	base_network.py	响应时间:975ms	湖北省	荆州市	这里是日志信息......
2022-09-16 17:15:52.890829	[INFO]	orders_service.py	响应时间:783ms	广东省	深圳市	这里是日志信息......
2022-09-16 17:15:52.890829	[INFO]	event.py	响应时间:343ms	重庆市	涪陵区	这里是日志信息......
2022-09-16 17:15:52.890829	[WARN]	event.py	响应时间:566ms	上海市	宝山区	这里是日志信息......
2022-09-16 17:15:52.890829	[WARN]	orders_service.py	响应时间:58ms	上海市	普陀区	这里是日志信息......
2022-09-16 17:15:52.890829	[INFO]	orders_service.py	响应时间:521ms	天津市	宝坻区	这里是日志信息......
2022-09-16 17:15:52.890829	[INFO]	goods_manager.py	响应时间:916ms	江苏省	南京市	这里是日志信息......
2022-09-16 17:15:52.890829	[INFO]	event.py	响应时间:584ms	北京市	昌平区	这里是日志信息......
2022-09-16 17:15:52.890829	[INFO]	goods_manager.py	响应时间:484ms	山东省	青岛市	这里是日志信息......
2022-09-16 17:15:52.890829	[WARN]	goods_manager.py	响应时间:767ms	浙江省	舟山市	这里是日志信息......
2022-09-16 17:15:52.890829	[INFO]	orders_service.py	响应时间:869ms	江苏省	苏州市	这里是日志信息......
2022-09-16 17:15:52.890829	[INFO]	event.py	响应时间:48ms	北京市	海淀区	这里是日志信息......
2022-09-16 17:15:52.890829	[INFO]	event.py	响应时间:688ms	天津市	宝坻区	这里是日志信息......
2022-09-16 17:15:52.890829	[INFO]	user_manager.py	响应时间:716ms	山东省	青岛市	这里是日志信息......
2022-09-16 17:15:52.890829	[INFO]	user_manager.py	响应时间:398ms	山东省	菏泽市	这里是日志信息......
2022-09-16 17:15:52.890829	[INFO]	goods_manager.py	响应时间:673ms	湖北省	武汉市	这里是日志信息......
2022-09-16 17:15:52.891830	[INFO]	orders_service.py	响应时间:348ms	重庆市	涪陵区	这里是日志信息......
2022-09-16 17:15:52.891830	[INFO]	event.py	响应时间:610ms	上海市	黄浦区	这里是日志信息......
2022-09-16 17:15:52.891830	[INFO]	barcode_service.py	响应时间:218ms	江苏省	张家港市	这里是日志信息......
2022-09-16 17:15:52.891830	[INFO]	event.py	响应时间:877ms	天津市	河西区	这里是日志信息......
2022-09-16 17:15:52.891830	[INFO]	event.py	响应时间:525ms	山东省	济南市	这里是日志信息......
2022-09-16 17:15:52.891830	[WARN]	orders_service.py	响应时间:887ms	安徽省	合肥市	这里是日志信息......
2022-09-16 17:15:52.891830	[INFO]	goods_manager.py	响应时间:498ms	安徽省	合肥市	这里是日志信息......
2022-09-16 17:15:52.891830	[ERROR]	event.py	响应时间:4ms	上海市	浦东新区	这里是日志信息......
2022-09-16 17:15:52.891830	[INFO]	goods_manager.py	响应时间:590ms	上海市	浦东新区	这里是日志信息......
2022-09-16 17:15:52.891830	[INFO]	orders_service.py	响应时间:771ms	重庆市	南岸区	这里是日志信息......
2022-09-16 17:15:52.891830	[INFO]	event.py	响应时间:753ms	浙江省	绍兴市	这里是日志信息......
2022-09-16 17:15:52.891830	[INFO]	base_network.py	响应时间:492ms	天津市	河西区	这里是日志信息......
2022-09-16 17:15:52.891830	[INFO]	goods_manager.py	响应时间:100ms	北京市	朝阳区	这里是日志信息......
2022-09-16 17:15:52.891830	[INFO]	user_manager.py	响应时间:273ms	山东省	青岛市	这里是日志信息......
2022-09-16 17:15:52.891830	[INFO]	event.py	响应时间:270ms	重庆市	沙坪坝区	这里是日志信息......
2022-09-16 17:15:52.891830	[INFO]	orders_service.py	响应时间:29ms	江苏省	南京市	这里是日志信息......
2022-09-16 17:15:52.891830	[INFO]	user_manager.py	响应时间:2176ms	江苏省	南京市	这里是日志信息......
2022-09-16 17:15:52.891830	[INFO]	goods_manager.py	响应时间:420ms	天津市	武清区	这里是日志信息......
2022-09-16 17:15:52.891830	[INFO]	shop_manager.py	响应时间:214ms	浙江省	杭州市	这里是日志信息......
2022-09-16 17:15:52.891830	[INFO]	barcode_service.py	响应时间:747ms	浙江省	金华市	这里是日志信息......
2022-09-16 17:15:52.891830	[INFO]	goods_manager.py	响应时间:669ms	江苏省	张家港市	这里是日志信息......
2022-09-16 17:15:52.891830	[INFO]	barcode_service.py	响应时间:515ms	上海市	浦东新区	这里是日志信息......
2022-09-16 17:15:52.891830	[INFO]	user_manager.py	响应时间:347ms	安徽省	阜阳市	这里是日志信息......
2022-09-16 17:15:52.891830	[INFO]	barcode_service.py	响应时间:195ms	广东省	广州市	这里是日志信息......
2022-09-16 17:15:52.891830	[INFO]	event.py	响应时间:656ms	上海市	宝山区	这里是日志信息......
2022-09-16 17:15:52.891830	[WARN]	user_manager.py	响应时间:866ms	天津市	河西区	这里是日志信息......
2022-09-16 17:15:52.891830	[WARN]	barcode_service.py	响应时间:714ms	重庆市	万州区	这里是日志信息......
2022-09-16 17:15:52.891830	[INFO]	base_network.py	响应时间:308ms	江苏省	无锡市	这里是日志信息......
2022-09-16 17:15:52.891830	[WARN]	event.py	响应时间:649ms	山东省	济南市	这里是日志信息......
2022-09-16 17:15:52.891830	[INFO]	event.py	响应时间:958ms	江苏省	南京市	这里是日志信息......
2022-09-16 17:15:52.891830	[INFO]	shop_manager.py	响应时间:144ms	安徽省	六安市	这里是日志信息......
2022-09-16 17:15:52.891830	[INFO]	goods_manager.py	响应时间:809ms	湖南省	常德市	这里是日志信息......
2022-09-16 17:15:52.891830	[INFO]	event.py	响应时间:971ms	北京市	怀柔区	这里是日志信息......
2022-09-16 17:15:52.891830	[INFO]	goods_manager.py	响应时间:888ms	山东省	菏泽市	这里是日志信息......
2022-09-16 17:15:52.891830	[INFO]	orders_service.py	响应时间:563ms	湖北省	武汉市	这里是日志信息......
2022-09-16 17:15:52.891830	[INFO]	user_manager.py	响应时间:917ms	重庆市	万州区	这里是日志信息......
2022-09-16 17:15:52.891830	[WARN]	orders_service.py	响应时间:58ms	重庆市	万州区	这里是日志信息......
2022-09-16 17:15:52.891830	[WARN]	event.py	响应时间:170ms	重庆市	万州区	这里是日志信息......
2022-09-16 17:15:52.891830	[INFO]	orders_service.py	响应时间:144ms	安徽省	阜阳市	这里是日志信息......
2022-09-16 17:15:52.891830	[INFO]	user_manager.py	响应时间:96ms	江苏省	南京市	这里是日志信息......
2022-09-16 17:15:52.891830	[INFO]	user_manager.py	响应时间:499ms	山东省	济南市	这里是日志信息......
2022-09-16 17:15:52.891830	[INFO]	event.py	响应时间:262ms	山东省	青岛市	这里是日志信息......
2022-09-16 17:15:52.891830	[INFO]	user_manager.py	响应时间:549ms	重庆市	万州区	这里是日志信息......
2022-09-16 17:15:52.891830	[INFO]	event.py	响应时间:198ms	安徽省	合肥市	这里是日志信息......
2022-09-16 17:15:52.891830	[INFO]	user_manager.py	响应时间:745ms	浙江省	丽水市	这里是日志信息......
2022-09-16 17:15:52.891830	[INFO]	user_manager.py	响应时间:383ms	重庆市	渝中区	这里是日志信息......
2022-09-16 17:15:52.891830	[INFO]	event.py	响应时间:908ms	江苏省	常州市	这里是日志信息......
2022-09-16 17:15:52.891830	[INFO]	goods_manager.py	响应时间:313ms	广东省	广州市	这里是日志信息......
2022-09-16 17:15:52.891830	[INFO]	barcode_service.py	响应时间:605ms	安徽省	池州市	这里是日志信息......
2022-09-16 17:15:52.891830	[INFO]	shop_manager.py	响应时间:828ms	安徽省	铜陵市	这里是日志信息......
2022-09-16 17:15:52.891830	[INFO]	goods_manager.py	响应时间:910ms	安徽省	阜阳市	这里是日志信息......
2022-09-16 17:15:52.891830	[INFO]	barcode_service.py	响应时间:860ms	安徽省	六安市	这里是日志信息......
2022-09-16 17:15:52.891830	[INFO]	user_manager.py	响应时间:211ms	山东省	菏泽市	这里是日志信息......
2022-09-16 17:15:52.891830	[INFO]	base_network.py	响应时间:625ms	江苏省	常州市	这里是日志信息......
2022-09-16 17:15:52.891830	[WARN]	event.py	响应时间:524ms	湖南省	常德市	这里是日志信息......
2022-09-16 17:15:52.891830	[WARN]	orders_service.py	响应时间:499ms	广东省	广州市	这里是日志信息......
2022-09-16 17:15:52.891830	[INFO]	barcode_service.py	响应时间:32ms	广东省	广州市	这里是日志信息......
2022-09-16 17:15:52.891830	[INFO]	event.py	响应时间:867ms	山东省	青岛市	这里是日志信息......
2022-09-16 17:15:52.891830	[INFO]	orders_service.py	响应时间:110ms	北京市	海淀区	这里是日志信息......
2022-09-16 17:15:52.891830	[INFO]	barcode_service.py	响应时间:426ms	浙江省	绍兴市	这里是日志信息......
2022-09-16 17:15:52.891830	[INFO]	event.py	响应时间:216ms	湖北省	武汉市	这里是日志信息......
2022-09-16 17:15:52.891830	[INFO]	goods_manager.py	响应时间:724ms	北京市	海淀区	这里是日志信息......
2022-09-16 17:15:52.891830	[INFO]	event.py	响应时间:127ms	广东省	珠海市	这里是日志信息......
2022-09-16 17:15:52.891830	[INFO]	shop_manager.py	响应时间:733ms	山东省	济南市	这里是日志信息......
2022-09-16 17:15:52.891830	[INFO]	goods_manager.py	响应时间:236ms	广东省	珠海市	这里是日志信息......
2022-09-16 17:15:52.891830	[INFO]	shop_manager.py	响应时间:452ms	湖北省	十堰市	这里是日志信息......
2022-09-16 17:15:52.891830	[INFO]	orders_service.py	响应时间:677ms	江苏省	苏州市	这里是日志信息......
2022-09-16 17:15:52.891830	[INFO]	barcode_service.py	响应时间:157ms	天津市	武清区	这里是日志信息......
2022-09-16 17:15:52.892830	[INFO]	event.py	响应时间:710ms	浙江省	湖州市	这里是日志信息......
2022-09-16 17:15:52.892830	[INFO]	orders_service.py	响应时间:425ms	安徽省	池州市	这里是日志信息......
2022-09-16 17:15:52.892830	[INFO]	base_network.py	响应时间:394ms	安徽省	合肥市	这里是日志信息......
2022-09-16 17:15:52.892830	[WARN]	barcode_service.py	响应时间:403ms	江苏省	苏州市	这里是日志信息......
2022-09-16 17:15:52.892830	[ERROR]	shop_manager.py	响应时间:893ms	安徽省	阜阳市	这里是日志信息......
2022-09-16 17:15:52.892830	[WARN]	orders_service.py	响应时间:129ms	浙江省	杭州市	这里是日志信息......
2022-09-16 17:15:52.892830	[INFO]	shop_manager.py	响应时间:994ms	湖北省	荆州市	这里是日志信息......
2022-09-16 17:15:52.892830	[INFO]	user_manager.py	响应时间:848ms	天津市	武清区	这里是日志信息......
2022-09-16 17:15:52.892830	[INFO]	user_manager.py	响应时间:791ms	浙江省	嘉兴市	这里是日志信息......
2022-09-16 17:15:52.892830	[INFO]	orders_service.py	响应时间:149ms	北京市	海淀区	这里是日志信息......
2022-09-16 17:15:52.892830	[INFO]	event.py	响应时间:979ms	天津市	武清区	这里是日志信息......
2022-09-16 17:15:52.892830	[INFO]	event.py	响应时间:77ms	天津市	河西区	这里是日志信息......
2022-09-16 17:15:52.892830	[INFO]	event.py	响应时间:228ms	广东省	珠海市	这里是日志信息......
2022-09-16 17:15:52.892830	[INFO]	base_network.py	响应时间:380ms	上海市	浦东新区	这里是日志信息......
2022-09-16 17:15:52.892830	[INFO]	user_manager.py	响应时间:419ms	广东省	深圳市	这里是日志信息......
2022-09-16 17:15:52.892830	[INFO]	orders_service.py	响应时间:920ms	湖北省	武汉市	这里是日志信息......
2022-09-16 17:15:52.892830	[WARN]	shop_manager.py	响应时间:249ms	天津市	河西区	这里是日志信息......
2022-09-16 17:15:52.892830	[INFO]	base_network.py	响应时间:567ms	湖北省	荆州市	这里是日志信息......
2022-09-16 17:15:52.892830	[WARN]	goods_manager.py	响应时间:699ms	湖北省	恩施土家族苗族自治州	这里是日志信息......
2022-09-16 17:15:52.892830	[INFO]	event.py	响应时间:123ms	湖北省	恩施土家族苗族自治州	这里是日志信息......
2022-09-16 17:15:52.892830	[WARN]	barcode_service.py	响应时间:370ms	浙江省	绍兴市	这里是日志信息......
2022-09-16 17:15:52.892830	[INFO]	goods_manager.py	响应时间:603ms	重庆市	万州区	这里是日志信息......
2022-09-16 17:15:52.892830	[INFO]	event.py	响应时间:207ms	湖北省	武汉市	这里是日志信息......
2022-09-16 17:15:52.892830	[INFO]	goods_manager.py	响应时间:487ms	江苏省	南京市	这里是日志信息......
2022-09-16 17:15:52.892830	[WARN]	goods_manager.py	响应时间:944ms	广东省	深圳市	这里是日志信息......
2022-09-16 17:15:52.892830	[INFO]	goods_manager.py	响应时间:592ms	广东省	广州市	这里是日志信息......
2022-09-16 17:15:52.892830	[WARN]	orders_service.py	响应时间:848ms	江苏省	张家港市	这里是日志信息......
2022-09-16 17:15:52.892830	[INFO]	goods_manager.py	响应时间:3464ms	上海市	黄浦区	这里是日志信息......
2022-09-16 17:15:52.892830	[WARN]	orders_service.py	响应时间:401ms	湖南省	长沙市	这里是日志信息......
2022-09-16 17:15:52.892830	[INFO]	goods_manager.py	响应时间:999ms	重庆市	南岸区	这里是日志信息......
2022-09-16 17:15:52.892830	[INFO]	event.py	响应时间:411ms	安徽省	芜湖市	这里是日志信息......
2022-09-16 17:15:52.892830	[INFO]	event.py	响应时间:438ms	北京市	海淀区	这里是日志信息......
2022-09-16 17:15:52.892830	[INFO]	orders_service.py	响应时间:744ms	上海市	浦东新区	这里是日志信息......
2022-09-16 17:15:52.892830	[WARN]	user_manager.py	响应时间:995ms	重庆市	涪陵区	这里是日志信息......
2022-09-16 17:15:52.892830	[WARN]	event.py	响应时间:827ms	天津市	河西区	这里是日志信息......
2022-09-16 17:15:52.892830	[INFO]	shop_manager.py	响应时间:60ms	天津市	河东区	这里是日志信息......
2022-09-16 17:15:52.892830	[INFO]	event.py	响应时间:937ms	广东省	珠海市	这里是日志信息......
2022-09-16 17:15:52.892830	[INFO]	barcode_service.py	响应时间:641ms	浙江省	杭州市	这里是日志信息......
2022-09-16 17:15:52.892830	[INFO]	event.py	响应时间:447ms	广东省	深圳市	这里是日志信息......
2022-09-16 17:15:52.892830	[INFO]	barcode_service.py	响应时间:3361ms	北京市	怀柔区	这里是日志信息......
2022-09-16 17:15:52.892830	[INFO]	event.py	响应时间:679ms	湖北省	武汉市	这里是日志信息......
2022-09-16 17:15:52.892830	[INFO]	user_manager.py	响应时间:700ms	北京市	朝阳区	这里是日志信息......
2022-09-16 17:15:52.892830	[INFO]	orders_service.py	响应时间:433ms	浙江省	湖州市	这里是日志信息......
2022-09-16 17:15:52.892830	[INFO]	goods_manager.py	响应时间:2ms	浙江省	湖州市	这里是日志信息......
2022-09-16 17:15:52.892830	[INFO]	goods_manager.py	响应时间:884ms	广东省	深圳市	这里是日志信息......
2022-09-16 17:15:52.892830	[WARN]	goods_manager.py	响应时间:923ms	湖南省	长沙市	这里是日志信息......
2022-09-16 17:15:52.892830	[INFO]	shop_manager.py	响应时间:363ms	重庆市	万州区	这里是日志信息......
2022-09-16 17:15:52.892830	[WARN]	goods_manager.py	响应时间:749ms	山东省	济南市	这里是日志信息......
2022-09-16 17:15:52.892830	[INFO]	goods_manager.py	响应时间:322ms	天津市	武清区	这里是日志信息......
2022-09-16 17:15:52.892830	[INFO]	goods_manager.py	响应时间:974ms	浙江省	金华市	这里是日志信息......
2022-09-16 17:15:52.892830	[INFO]	goods_manager.py	响应时间:190ms	湖北省	恩施土家族苗族自治州	这里是日志信息......
2022-09-16 17:15:52.892830	[INFO]	goods_manager.py	响应时间:607ms	浙江省	绍兴市	这里是日志信息......
2022-09-16 17:15:52.892830	[INFO]	orders_service.py	响应时间:729ms	湖南省	长沙市	这里是日志信息......
2022-09-16 17:15:52.892830	[INFO]	goods_manager.py	响应时间:492ms	浙江省	嘉兴市	这里是日志信息......
2022-09-16 17:15:52.892830	[ERROR]	orders_service.py	响应时间:798ms	湖北省	武汉市	这里是日志信息......
2022-09-16 17:15:52.892830	[INFO]	orders_service.py	响应时间:8692ms	重庆市	南岸区	这里是日志信息......
2022-09-16 17:15:52.892830	[INFO]	goods_manager.py	响应时间:39ms	湖北省	武汉市	这里是日志信息......
2022-09-16 17:15:52.892830	[ERROR]	event.py	响应时间:778ms	江苏省	无锡市	这里是日志信息......
2022-09-16 17:15:52.892830	[INFO]	user_manager.py	响应时间:637ms	山东省	济南市	这里是日志信息......
2022-09-16 17:15:52.892830	[INFO]	barcode_service.py	响应时间:502ms	江苏省	无锡市	这里是日志信息......
2022-09-16 17:15:52.892830	[WARN]	barcode_service.py	响应时间:416ms	广东省	深圳市	这里是日志信息......
2022-09-16 17:15:52.892830	[INFO]	goods_manager.py	响应时间:492ms	江苏省	南京市	这里是日志信息......
2022-09-16 17:15:52.892830	[INFO]	event.py	响应时间:225ms	浙江省	舟山市	这里是日志信息......
2022-09-16 17:15:52.892830	[WARN]	orders_service.py	响应时间:427ms	江苏省	苏州市	这里是日志信息......
2022-09-16 17:15:52.892830	[INFO]	goods_manager.py	响应时间:361ms	山东省	济南市	这里是日志信息......
2022-09-16 17:15:52.893830	[INFO]	shop_manager.py	响应时间:311ms	山东省	济南市	这里是日志信息......
2022-09-16 17:15:52.893830	[INFO]	event.py	响应时间:416ms	浙江省	丽水市	这里是日志信息......
2022-09-16 17:15:52.893830	[INFO]	barcode_service.py	响应时间:748ms	浙江省	绍兴市	这里是日志信息......
2022-09-16 17:15:52.893830	[INFO]	goods_manager.py	响应时间:779ms	浙江省	嘉兴市	这里是日志信息......
2022-09-16 17:15:52.893830	[INFO]	orders_service.py	响应时间:354ms	安徽省	合肥市	这里是日志信息......
2022-09-16 17:15:52.893830	[ERROR]	user_manager.py	响应时间:207ms	北京市	怀柔区	这里是日志信息......
2022-09-16 17:15:52.893830	[INFO]	barcode_service.py	响应时间:680ms	上海市	浦东新区	这里是日志信息......
2022-09-16 17:15:52.893830	[INFO]	goods_manager.py	响应时间:945ms	山东省	青岛市	这里是日志信息......
2022-09-16 17:15:52.893830	[INFO]	barcode_service.py	响应时间:888ms	上海市	黄浦区	这里是日志信息......
2022-09-16 17:15:52.893830	[WARN]	base_network.py	响应时间:898ms	广东省	珠海市	这里是日志信息......
2022-09-16 17:15:52.893830	[INFO]	user_manager.py	响应时间:187ms	山东省	青岛市	这里是日志信息......
2022-09-16 17:15:52.893830	[INFO]	event.py	响应时间:551ms	浙江省	杭州市	这里是日志信息......
2022-09-16 17:15:52.893830	[INFO]	event.py	响应时间:475ms	湖南省	株洲市	这里是日志信息......
2022-09-16 17:15:52.893830	[INFO]	event.py	响应时间:284ms	湖北省	武汉市	这里是日志信息......
2022-09-16 17:15:52.893830	[INFO]	event.py	响应时间:714ms	山东省	菏泽市	这里是日志信息......
2022-09-16 17:15:52.893830	[INFO]	event.py	响应时间:240ms	湖北省	恩施土家族苗族自治州	这里是日志信息......
2022-09-16 17:15:52.893830	[INFO]	orders_service.py	响应时间:532ms	江苏省	南京市	这里是日志信息......
2022-09-16 17:15:52.893830	[INFO]	user_manager.py	响应时间:943ms	浙江省	杭州市	这里是日志信息......
2022-09-16 17:15:52.893830	[INFO]	event.py	响应时间:17ms	江苏省	苏州市	这里是日志信息......
2022-09-16 17:15:52.893830	[INFO]	shop_manager.py	响应时间:897ms	北京市	朝阳区	这里是日志信息......
2022-09-16 17:15:52.893830	[INFO]	orders_service.py	响应时间:496ms	重庆市	南岸区	这里是日志信息......
2022-09-16 17:15:52.893830	[WARN]	orders_service.py	响应时间:234ms	重庆市	九龙坡区	这里是日志信息......
2022-09-16 17:15:52.893830	[INFO]	orders_service.py	响应时间:687ms	浙江省	绍兴市	这里是日志信息......
2022-09-16 17:15:52.893830	[INFO]	barcode_service.py	响应时间:272ms	江苏省	南京市	这里是日志信息......
2022-09-16 17:15:52.893830	[INFO]	event.py	响应时间:753ms	北京市	大兴区	这里是日志信息......
2022-09-16 17:15:52.893830	[INFO]	orders_service.py	响应时间:543ms	北京市	朝阳区	这里是日志信息......
2022-09-16 17:15:52.893830	[INFO]	event.py	响应时间:106ms	湖南省	长沙市	这里是日志信息......
2022-09-16 17:15:52.893830	[INFO]	goods_manager.py	响应时间:743ms	江苏省	苏州市	这里是日志信息......
2022-09-16 17:15:52.893830	[INFO]	base_network.py	响应时间:845ms	广东省	广州市	这里是日志信息......
2022-09-16 17:15:52.893830	[INFO]	orders_service.py	响应时间:844ms	湖北省	荆州市	这里是日志信息......
2022-09-16 17:15:52.893830	[WARN]	base_network.py	响应时间:857ms	湖南省	益阳市	这里是日志信息......
2022-09-16 17:15:52.893830	[INFO]	goods_manager.py	响应时间:830ms	上海市	杨浦区	这里是日志信息......
2022-09-16 17:15:52.893830	[WARN]	goods_manager.py	响应时间:344ms	上海市	宝山区	这里是日志信息......
2022-09-16 17:15:52.893830	[WARN]	barcode_service.py	响应时间:990ms	北京市	丰台区	这里是日志信息......
2022-09-16 17:15:52.893830	[INFO]	orders_service.py	响应时间:18ms	浙江省	绍兴市	这里是日志信息......
2022-09-16 17:15:52.893830	[INFO]	event.py	响应时间:40ms	江苏省	苏州市	这里是日志信息......
2022-09-16 17:15:52.893830	[WARN]	barcode_service.py	响应时间:576ms	重庆市	涪陵区	这里是日志信息......
2022-09-16 17:15:52.893830	[INFO]	event.py	响应时间:1000ms	江苏省	张家港市	这里是日志信息......
2022-09-16 17:15:52.893830	[WARN]	shop_manager.py	响应时间:742ms	北京市	朝阳区	这里是日志信息......
2022-09-16 17:15:52.893830	[INFO]	event.py	响应时间:104ms	广东省	深圳市	这里是日志信息......
2022-09-16 17:15:52.893830	[INFO]	goods_manager.py	响应时间:764ms	北京市	大兴区	这里是日志信息......
2022-09-16 17:15:52.893830	[WARN]	event.py	响应时间:846ms	江苏省	南京市	这里是日志信息......
2022-09-16 17:15:52.893830	[INFO]	orders_service.py	响应时间:63ms	湖北省	武汉市	这里是日志信息......
2022-09-16 17:15:52.893830	[INFO]	orders_service.py	响应时间:581ms	湖北省	武汉市	这里是日志信息......
2022-09-16 17:15:52.893830	[INFO]	orders_service.py	响应时间:591ms	天津市	武清区	这里是日志信息......
2022-09-16 17:15:52.893830	[ERROR]	event.py	响应时间:940ms	安徽省	合肥市	这里是日志信息......
2022-09-16 17:15:52.893830	[WARN]	barcode_service.py	响应时间:11ms	重庆市	渝中区	这里是日志信息......
2022-09-16 17:15:52.893830	[INFO]	event.py	响应时间:266ms	浙江省	湖州市	这里是日志信息......
2022-09-16 17:15:52.893830	[INFO]	user_manager.py	响应时间:97ms	广东省	深圳市	这里是日志信息......
2022-09-16 17:15:52.893830	[INFO]	goods_manager.py	响应时间:525ms	北京市	大兴区	这里是日志信息......
2022-09-16 17:15:52.893830	[INFO]	user_manager.py	响应时间:430ms	湖南省	长沙市	这里是日志信息......
2022-09-16 17:15:52.893830	[INFO]	orders_service.py	响应时间:938ms	浙江省	嘉兴市	这里是日志信息......
2022-09-16 17:15:52.893830	[INFO]	event.py	响应时间:279ms	天津市	和平区	这里是日志信息......
2022-09-16 17:15:52.893830	[INFO]	event.py	响应时间:582ms	重庆市	涪陵区	这里是日志信息......
2022-09-16 17:15:52.893830	[ERROR]	orders_service.py	响应时间:632ms	上海市	黄浦区	这里是日志信息......
2022-09-16 17:15:52.893830	[INFO]	user_manager.py	响应时间:191ms	山东省	青岛市	这里是日志信息......
2022-09-16 17:15:52.893830	[INFO]	goods_manager.py	响应时间:249ms	北京市	海淀区	这里是日志信息......
2022-09-16 17:15:52.893830	[INFO]	goods_manager.py	响应时间:860ms	湖北省	武汉市	这里是日志信息......
2022-09-16 17:15:52.893830	[INFO]	shop_manager.py	响应时间:403ms	上海市	浦东新区	这里是日志信息......
2022-09-16 17:15:52.893830	[INFO]	event.py	响应时间:530ms	上海市	普陀区	这里是日志信息......
2022-09-16 17:15:52.893830	[INFO]	goods_manager.py	响应时间:697ms	浙江省	杭州市	这里是日志信息......
2022-09-16 17:15:52.893830	[INFO]	event.py	响应时间:241ms	山东省	济南市	这里是日志信息......
2022-09-16 17:15:52.893830	[INFO]	goods_manager.py	响应时间:44ms	湖北省	荆州市	这里是日志信息......
2022-09-16 17:15:52.893830	[INFO]	orders_service.py	响应时间:724ms	北京市	昌平区	这里是日志信息......
2022-09-16 17:15:52.893830	[INFO]	barcode_service.py	响应时间:804ms	安徽省	合肥市	这里是日志信息......
2022-09-16 17:15:52.894831	[INFO]	goods_manager.py	响应时间:520ms	北京市	大兴区	这里是日志信息......
2022-09-16 17:15:52.894831	[INFO]	orders_service.py	响应时间:378ms	重庆市	万州区	这里是日志信息......
2022-09-16 17:15:52.894831	[INFO]	goods_manager.py	响应时间:219ms	广东省	广州市	这里是日志信息......
2022-09-16 17:15:52.894831	[INFO]	base_network.py	响应时间:320ms	山东省	济南市	这里是日志信息......
2022-09-16 17:15:52.894831	[INFO]	user_manager.py	响应时间:671ms	江苏省	苏州市	这里是日志信息......
2022-09-16 17:15:52.894831	[INFO]	event.py	响应时间:995ms	浙江省	绍兴市	这里是日志信息......
2022-09-16 17:15:52.894831	[INFO]	orders_service.py	响应时间:693ms	山东省	济南市	这里是日志信息......
2022-09-16 17:15:52.894831	[INFO]	barcode_service.py	响应时间:454ms	天津市	宝坻区	这里是日志信息......
2022-09-16 17:15:52.894831	[INFO]	orders_service.py	响应时间:819ms	天津市	和平区	这里是日志信息......
2022-09-16 17:15:52.894831	[INFO]	base_network.py	响应时间:831ms	安徽省	阜阳市	这里是日志信息......
2022-09-16 17:15:52.894831	[INFO]	shop_manager.py	响应时间:491ms	重庆市	涪陵区	这里是日志信息......
2022-09-16 17:15:52.894831	[ERROR]	goods_manager.py	响应时间:718ms	湖北省	恩施土家族苗族自治州	这里是日志信息......
2022-09-16 17:15:52.894831	[INFO]	event.py	响应时间:937ms	重庆市	沙坪坝区	这里是日志信息......
2022-09-16 17:15:52.894831	[INFO]	event.py	响应时间:312ms	上海市	普陀区	这里是日志信息......
2022-09-16 17:15:52.894831	[INFO]	user_manager.py	响应时间:16ms	湖南省	常德市	这里是日志信息......
2022-09-16 17:15:52.894831	[WARN]	user_manager.py	响应时间:96ms	江苏省	苏州市	这里是日志信息......
2022-09-16 17:15:52.894831	[WARN]	shop_manager.py	响应时间:923ms	山东省	青岛市	这里是日志信息......
2022-09-16 17:15:52.894831	[INFO]	event.py	响应时间:750ms	广东省	广州市	这里是日志信息......
2022-09-16 17:15:52.894831	[INFO]	event.py	响应时间:126ms	天津市	河东区	这里是日志信息......
2022-09-16 17:15:52.894831	[INFO]	user_manager.py	响应时间:362ms	江苏省	张家港市	这里是日志信息......
2022-09-16 17:15:52.894831	[WARN]	goods_manager.py	响应时间:524ms	天津市	河西区	这里是日志信息......
2022-09-16 17:15:52.894831	[INFO]	goods_manager.py	响应时间:628ms	重庆市	九龙坡区	这里是日志信息......
2022-09-16 17:15:52.894831	[INFO]	goods_manager.py	响应时间:652ms	广东省	广州市	这里是日志信息......
2022-09-16 17:15:52.894831	[INFO]	shop_manager.py	响应时间:941ms	北京市	怀柔区	这里是日志信息......
2022-09-16 17:15:52.894831	[INFO]	event.py	响应时间:139ms	江苏省	无锡市	这里是日志信息......
2022-09-16 17:15:52.894831	[INFO]	barcode_service.py	响应时间:296ms	江苏省	无锡市	这里是日志信息......
2022-09-16 17:15:52.894831	[INFO]	orders_service.py	响应时间:923ms	浙江省	绍兴市	这里是日志信息......
2022-09-16 17:15:52.894831	[WARN]	base_network.py	响应时间:834ms	安徽省	合肥市	这里是日志信息......
2022-09-16 17:15:52.894831	[INFO]	base_network.py	响应时间:83ms	广东省	深圳市	这里是日志信息......
2022-09-16 17:15:52.894831	[INFO]	orders_service.py	响应时间:457ms	广东省	深圳市	这里是日志信息......
2022-09-16 17:15:52.894831	[INFO]	goods_manager.py	响应时间:8738ms	北京市	海淀区	这里是日志信息......
2022-09-16 17:15:52.894831	[INFO]	goods_manager.py	响应时间:452ms	广东省	广州市	这里是日志信息......
2022-09-16 17:15:52.894831	[INFO]	goods_manager.py	响应时间:130ms	江苏省	常州市	这里是日志信息......
2022-09-16 17:15:52.894831	[WARN]	base_network.py	响应时间:304ms	湖北省	荆州市	这里是日志信息......
2022-09-16 17:15:52.894831	[INFO]	user_manager.py	响应时间:360ms	天津市	河西区	这里是日志信息......
2022-09-16 17:15:52.894831	[INFO]	event.py	响应时间:103ms	上海市	浦东新区	这里是日志信息......
2022-09-16 17:15:52.894831	[INFO]	orders_service.py	响应时间:739ms	湖北省	十堰市	这里是日志信息......
2022-09-16 17:15:52.894831	[INFO]	event.py	响应时间:893ms	广东省	广州市	这里是日志信息......
2022-09-16 17:15:52.894831	[INFO]	barcode_service.py	响应时间:511ms	北京市	朝阳区	这里是日志信息......
2022-09-16 17:15:52.894831	[INFO]	goods_manager.py	响应时间:209ms	湖北省	荆州市	这里是日志信息......
2022-09-16 17:15:52.894831	[WARN]	goods_manager.py	响应时间:318ms	湖北省	武汉市	这里是日志信息......
2022-09-16 17:15:52.894831	[INFO]	barcode_service.py	响应时间:958ms	浙江省	嘉兴市	这里是日志信息......
2022-09-16 17:15:52.894831	[INFO]	goods_manager.py	响应时间:626ms	安徽省	铜陵市	这里是日志信息......
2022-09-16 17:15:52.894831	[INFO]	orders_service.py	响应时间:747ms	上海市	普陀区	这里是日志信息......
2022-09-16 17:15:52.894831	[WARN]	goods_manager.py	响应时间:683ms	广东省	珠海市	这里是日志信息......
2022-09-16 17:15:52.894831	[ERROR]	orders_service.py	响应时间:815ms	江苏省	南京市	这里是日志信息......
2022-09-16 17:15:52.894831	[INFO]	base_network.py	响应时间:777ms	上海市	徐汇区	这里是日志信息......
2022-09-16 17:15:52.894831	[INFO]	goods_manager.py	响应时间:527ms	浙江省	绍兴市	这里是日志信息......
2022-09-16 17:15:52.894831	[INFO]	orders_service.py	响应时间:488ms	重庆市	九龙坡区	这里是日志信息......
2022-09-16 17:15:52.894831	[INFO]	user_manager.py	响应时间:614ms	北京市	海淀区	这里是日志信息......
2022-09-16 17:15:52.894831	[INFO]	event.py	响应时间:974ms	江苏省	宿迁市	这里是日志信息......
2022-09-16 17:15:52.894831	[INFO]	shop_manager.py	响应时间:636ms	重庆市	涪陵区	这里是日志信息......
2022-09-16 17:15:52.894831	[WARN]	goods_manager.py	响应时间:616ms	上海市	浦东新区	这里是日志信息......
2022-09-16 17:15:52.894831	[WARN]	event.py	响应时间:461ms	上海市	浦东新区	这里是日志信息......
2022-09-16 17:15:52.894831	[INFO]	goods_manager.py	响应时间:758ms	浙江省	丽水市	这里是日志信息......
2022-09-16 17:15:52.894831	[WARN]	orders_service.py	响应时间:830ms	上海市	普陀区	这里是日志信息......
2022-09-16 17:15:52.894831	[INFO]	user_manager.py	响应时间:62ms	江苏省	苏州市	这里是日志信息......
2022-09-16 17:15:52.894831	[INFO]	orders_service.py	响应时间:195ms	广东省	深圳市	这里是日志信息......
2022-09-16 17:15:52.894831	[INFO]	orders_service.py	响应时间:77ms	山东省	青岛市	这里是日志信息......
2022-09-16 17:15:52.894831	[INFO]	event.py	响应时间:579ms	安徽省	合肥市	这里是日志信息......
2022-09-16 17:15:52.894831	[INFO]	event.py	响应时间:407ms	安徽省	合肥市	这里是日志信息......
2022-09-16 17:15:52.894831	[INFO]	orders_service.py	响应时间:923ms	湖南省	长沙市	这里是日志信息......
2022-09-16 17:15:52.894831	[INFO]	orders_service.py	响应时间:981ms	江苏省	无锡市	这里是日志信息......
2022-09-16 17:15:52.894831	[INFO]	user_manager.py	响应时间:495ms	山东省	青岛市	这里是日志信息......
2022-09-16 17:15:52.894831	[WARN]	orders_service.py	响应时间:762ms	湖南省	长沙市	这里是日志信息......
2022-09-16 17:15:52.894831	[INFO]	barcode_service.py	响应时间:72ms	上海市	黄浦区	这里是日志信息......
2022-09-16 17:15:52.894831	[INFO]	goods_manager.py	响应时间:37ms	上海市	黄浦区	这里是日志信息......
2022-09-16 17:15:52.894831	[INFO]	goods_manager.py	响应时间:691ms	北京市	朝阳区	这里是日志信息......
2022-09-16 17:15:52.894831	[INFO]	goods_manager.py	响应时间:644ms	上海市	杨浦区	这里是日志信息......
2022-09-16 17:15:52.894831	[INFO]	goods_manager.py	响应时间:706ms	安徽省	六安市	这里是日志信息......
2022-09-16 17:15:52.895831	[INFO]	goods_manager.py	响应时间:628ms	北京市	怀柔区	这里是日志信息......
2022-09-16 17:15:52.895831	[INFO]	base_network.py	响应时间:552ms	天津市	河西区	这里是日志信息......
2022-09-16 17:15:52.895831	[WARN]	event.py	响应时间:838ms	安徽省	六安市	这里是日志信息......
2022-09-16 17:15:52.895831	[INFO]	base_network.py	响应时间:50ms	山东省	济南市	这里是日志信息......
2022-09-16 17:15:52.895831	[INFO]	goods_manager.py	响应时间:564ms	湖北省	武汉市	这里是日志信息......
2022-09-16 17:15:52.895831	[INFO]	goods_manager.py	响应时间:644ms	北京市	朝阳区	这里是日志信息......
2022-09-16 17:15:52.895831	[ERROR]	event.py	响应时间:8151ms	浙江省	舟山市	这里是日志信息......
2022-09-16 17:15:52.895831	[INFO]	goods_manager.py	响应时间:140ms	广东省	深圳市	这里是日志信息......
2022-09-16 17:15:52.895831	[INFO]	goods_manager.py	响应时间:665ms	山东省	济南市	这里是日志信息......
2022-09-16 17:15:52.895831	[INFO]	goods_manager.py	响应时间:946ms	重庆市	万州区	这里是日志信息......
2022-09-16 17:15:52.895831	[INFO]	barcode_service.py	响应时间:600ms	重庆市	万州区	这里是日志信息......
2022-09-16 17:15:52.895831	[INFO]	orders_service.py	响应时间:833ms	安徽省	阜阳市	这里是日志信息......
2022-09-16 17:15:52.895831	[INFO]	event.py	响应时间:435ms	湖南省	长沙市	这里是日志信息......
2022-09-16 17:15:52.895831	[WARN]	goods_manager.py	响应时间:705ms	上海市	普陀区	这里是日志信息......
2022-09-16 17:15:52.895831	[INFO]	barcode_service.py	响应时间:666ms	天津市	河东区	这里是日志信息......
2022-09-16 17:15:52.895831	[ERROR]	orders_service.py	响应时间:4276ms	广东省	珠海市	这里是日志信息......
2022-09-16 17:15:52.895831	[INFO]	orders_service.py	响应时间:108ms	安徽省	芜湖市	这里是日志信息......
2022-09-16 17:15:52.895831	[INFO]	goods_manager.py	响应时间:964ms	浙江省	杭州市	这里是日志信息......
2022-09-16 17:15:52.895831	[INFO]	orders_service.py	响应时间:301ms	北京市	海淀区	这里是日志信息......
2022-09-16 17:15:52.895831	[INFO]	goods_manager.py	响应时间:538ms	广东省	广州市	这里是日志信息......
2022-09-16 17:15:52.895831	[WARN]	base_network.py	响应时间:695ms	浙江省	金华市	这里是日志信息......
2022-09-16 17:15:52.895831	[INFO]	user_manager.py	响应时间:914ms	湖南省	长沙市	这里是日志信息......
2022-09-16 17:15:52.895831	[INFO]	user_manager.py	响应时间:326ms	山东省	青岛市	这里是日志信息......
2022-09-16 17:15:52.895831	[WARN]	orders_service.py	响应时间:76ms	重庆市	万州区	这里是日志信息......
2022-09-16 17:15:52.895831	[INFO]	base_network.py	响应时间:889ms	天津市	河东区	这里是日志信息......
2022-09-16 17:15:52.895831	[INFO]	goods_manager.py	响应时间:50ms	江苏省	无锡市	这里是日志信息......
2022-09-16 17:15:52.895831	[WARN]	orders_service.py	响应时间:972ms	湖南省	长沙市	这里是日志信息......
2022-09-16 17:15:52.895831	[INFO]	barcode_service.py	响应时间:647ms	天津市	河东区	这里是日志信息......
2022-09-16 17:15:52.895831	[INFO]	base_network.py	响应时间:577ms	广东省	珠海市	这里是日志信息......
2022-09-16 17:15:52.895831	[INFO]	goods_manager.py	响应时间:797ms	湖北省	恩施土家族苗族自治州	这里是日志信息......
2022-09-16 17:15:52.895831	[INFO]	orders_service.py	响应时间:235ms	北京市	丰台区	这里是日志信息......
2022-09-16 17:15:52.895831	[INFO]	event.py	响应时间:149ms	浙江省	嘉兴市	这里是日志信息......
2022-09-16 17:15:52.895831	[INFO]	shop_manager.py	响应时间:186ms	广东省	广州市	这里是日志信息......
2022-09-16 17:15:52.895831	[INFO]	event.py	响应时间:283ms	天津市	宝坻区	这里是日志信息......
2022-09-16 17:15:52.895831	[INFO]	event.py	响应时间:773ms	广东省	深圳市	这里是日志信息......
2022-09-16 17:15:52.895831	[INFO]	barcode_service.py	响应时间:700ms	安徽省	合肥市	这里是日志信息......
2022-09-16 17:15:52.895831	[INFO]	goods_manager.py	响应时间:460ms	湖南省	长沙市	这里是日志信息......
2022-09-16 17:15:52.895831	[WARN]	goods_manager.py	响应时间:904ms	浙江省	丽水市	这里是日志信息......
2022-09-16 17:15:52.895831	[INFO]	goods_manager.py	响应时间:612ms	湖北省	武汉市	这里是日志信息......
2022-09-16 17:15:52.895831	[INFO]	base_network.py	响应时间:122ms	湖北省	荆州市	这里是日志信息......
2022-09-16 17:15:52.895831	[WARN]	goods_manager.py	响应时间:618ms	安徽省	六安市	这里是日志信息......
2022-09-16 17:15:52.895831	[INFO]	orders_service.py	响应时间:110ms	江苏省	南京市	这里是日志信息......
2022-09-16 17:15:52.895831	[INFO]	event.py	响应时间:239ms	北京市	朝阳区	这里是日志信息......
2022-09-16 17:15:52.895831	[INFO]	goods_manager.py	响应时间:658ms	天津市	武清区	这里是日志信息......
2022-09-16 17:15:52.895831	[INFO]	orders_service.py	响应时间:752ms	山东省	青岛市	这里是日志信息......
2022-09-16 17:15:52.895831	[INFO]	goods_manager.py	响应时间:350ms	山东省	济南市	这里是日志信息......
2022-09-16 17:15:52.895831	[INFO]	goods_manager.py	响应时间:690ms	江苏省	无锡市	这里是日志信息......
2022-09-16 17:15:52.895831	[INFO]	event.py	响应时间:613ms	湖南省	益阳市	这里是日志信息......
2022-09-16 17:15:52.895831	[INFO]	orders_service.py	响应时间:497ms	江苏省	张家港市	这里是日志信息......
2022-09-16 17:15:52.895831	[WARN]	user_manager.py	响应时间:950ms	广东省	广州市	这里是日志信息......
2022-09-16 17:15:52.895831	[WARN]	base_network.py	响应时间:170ms	江苏省	南京市	这里是日志信息......
2022-09-16 17:15:52.895831	[INFO]	goods_manager.py	响应时间:599ms	浙江省	嘉兴市	这里是日志信息......
2022-09-16 17:15:52.895831	[INFO]	event.py	响应时间:506ms	安徽省	合肥市	这里是日志信息......
2022-09-16 17:15:52.895831	[INFO]	user_manager.py	响应时间:298ms	上海市	浦东新区	这里是日志信息......
2022-09-16 17:15:52.895831	[INFO]	shop_manager.py	响应时间:633ms	重庆市	渝中区	这里是日志信息......
2022-09-16 17:15:52.895831	[INFO]	goods_manager.py	响应时间:907ms	北京市	丰台区	这里是日志信息......
2022-09-16 17:15:52.895831	[INFO]	orders_service.py	响应时间:581ms	江苏省	苏州市	这里是日志信息......
2022-09-16 17:15:52.895831	[INFO]	goods_manager.py	响应时间:488ms	北京市	昌平区	这里是日志信息......
2022-09-16 17:15:52.895831	[INFO]	goods_manager.py	响应时间:919ms	江苏省	张家港市	这里是日志信息......
2022-09-16 17:15:52.895831	[WARN]	orders_service.py	响应时间:91ms	天津市	武清区	这里是日志信息......
2022-09-16 17:15:52.895831	[INFO]	event.py	响应时间:825ms	湖北省	武汉市	这里是日志信息......
2022-09-16 17:15:52.895831	[INFO]	barcode_service.py	响应时间:856ms	浙江省	杭州市	这里是日志信息......
2022-09-16 17:15:52.895831	[INFO]	goods_manager.py	响应时间:269ms	北京市	怀柔区	这里是日志信息......
2022-09-16 17:15:52.895831	[INFO]	goods_manager.py	响应时间:618ms	浙江省	金华市	这里是日志信息......
2022-09-16 17:15:52.895831	[INFO]	barcode_service.py	响应时间:19ms	重庆市	沙坪坝区	这里是日志信息......
2022-09-16 17:15:52.895831	[INFO]	base_network.py	响应时间:374ms	湖北省	荆州市	这里是日志信息......
2022-09-16 17:15:52.895831	[ERROR]	barcode_service.py	响应时间:221ms	浙江省	杭州市	这里是日志信息......
2022-09-16 17:15:52.895831	[INFO]	event.py	响应时间:962ms	北京市	昌平区	这里是日志信息......
2022-09-16 17:15:52.895831	[INFO]	goods_manager.py	响应时间:359ms	广东省	深圳市	这里是日志信息......
2022-09-16 17:15:52.896833	[INFO]	barcode_service.py	响应时间:556ms	湖北省	武汉市	这里是日志信息......
2022-09-16 17:15:52.896833	[INFO]	goods_manager.py	响应时间:726ms	安徽省	合肥市	这里是日志信息......
2022-09-16 17:15:52.896833	[INFO]	orders_service.py	响应时间:139ms	浙江省	嘉兴市	这里是日志信息......
2022-09-16 17:15:52.896833	[INFO]	barcode_service.py	响应时间:661ms	湖北省	武汉市	这里是日志信息......
2022-09-16 17:15:52.896833	[INFO]	base_network.py	响应时间:138ms	广东省	深圳市	这里是日志信息......
2022-09-16 17:15:52.896833	[INFO]	user_manager.py	响应时间:874ms	湖南省	长沙市	这里是日志信息......
2022-09-16 17:15:52.896833	[INFO]	event.py	响应时间:220ms	湖南省	长沙市	这里是日志信息......
2022-09-16 17:15:52.896833	[ERROR]	base_network.py	响应时间:181ms	湖南省	长沙市	这里是日志信息......
2022-09-16 17:15:52.896833	[INFO]	orders_service.py	响应时间:4615ms	湖南省	张家界市	这里是日志信息......
2022-09-16 17:15:52.896833	[INFO]	user_manager.py	响应时间:891ms	浙江省	丽水市	这里是日志信息......
2022-09-16 17:15:52.896833	[INFO]	orders_service.py	响应时间:55ms	湖北省	十堰市	这里是日志信息......
2022-09-16 17:15:52.896833	[INFO]	goods_manager.py	响应时间:670ms	湖北省	恩施土家族苗族自治州	这里是日志信息......
2022-09-16 17:15:52.896833	[ERROR]	barcode_service.py	响应时间:394ms	江苏省	苏州市	这里是日志信息......
2022-09-16 17:15:52.896833	[INFO]	orders_service.py	响应时间:352ms	湖北省	荆州市	这里是日志信息......
2022-09-16 17:15:52.896833	[INFO]	barcode_service.py	响应时间:969ms	上海市	黄浦区	这里是日志信息......
2022-09-16 17:15:52.896833	[INFO]	goods_manager.py	响应时间:204ms	安徽省	铜陵市	这里是日志信息......
2022-09-16 17:15:52.896833	[WARN]	orders_service.py	响应时间:671ms	安徽省	合肥市	这里是日志信息......
2022-09-16 17:15:52.896833	[INFO]	barcode_service.py	响应时间:672ms	湖南省	株洲市	这里是日志信息......
2022-09-16 17:15:52.896833	[INFO]	barcode_service.py	响应时间:18ms	安徽省	合肥市	这里是日志信息......
2022-09-16 17:15:52.896833	[INFO]	event.py	响应时间:9455ms	天津市	和平区	这里是日志信息......
2022-09-16 17:15:52.896833	[INFO]	event.py	响应时间:962ms	江苏省	南京市	这里是日志信息......
2022-09-16 17:15:52.896833	[INFO]	goods_manager.py	响应时间:919ms	上海市	静安区	这里是日志信息......
2022-09-16 17:15:52.896833	[INFO]	user_manager.py	响应时间:171ms	天津市	河东区	这里是日志信息......
2022-09-16 17:15:52.896833	[INFO]	barcode_service.py	响应时间:308ms	广东省	深圳市	这里是日志信息......
2022-09-16 17:15:52.896833	[INFO]	goods_manager.py	响应时间:320ms	北京市	海淀区	这里是日志信息......
2022-09-16 17:15:52.896833	[INFO]	goods_manager.py	响应时间:968ms	天津市	和平区	这里是日志信息......
2022-09-16 17:15:52.896833	[INFO]	orders_service.py	响应时间:8282ms	广东省	深圳市	这里是日志信息......
2022-09-16 17:15:52.896833	[INFO]	base_network.py	响应时间:515ms	山东省	菏泽市	这里是日志信息......
2022-09-16 17:15:52.896833	[INFO]	orders_service.py	响应时间:39ms	湖北省	荆州市	这里是日志信息......
2022-09-16 17:15:52.896833	[INFO]	orders_service.py	响应时间:332ms	江苏省	宿迁市	这里是日志信息......
2022-09-16 17:15:52.896833	[INFO]	user_manager.py	响应时间:321ms	安徽省	合肥市	这里是日志信息......
2022-09-16 17:15:52.896833	[INFO]	shop_manager.py	响应时间:731ms	重庆市	万州区	这里是日志信息......
2022-09-16 17:15:52.896833	[INFO]	barcode_service.py	响应时间:281ms	天津市	河西区	这里是日志信息......
2022-09-16 17:15:52.896833	[INFO]	user_manager.py	响应时间:627ms	湖南省	长沙市	这里是日志信息......
2022-09-16 17:15:52.896833	[WARN]	goods_manager.py	响应时间:17ms	湖北省	荆州市	这里是日志信息......
2022-09-16 17:15:52.896833	[INFO]	orders_service.py	响应时间:506ms	天津市	宝坻区	这里是日志信息......
2022-09-16 17:15:52.896833	[ERROR]	shop_manager.py	响应时间:648ms	山东省	青岛市	这里是日志信息......
2022-09-16 17:15:52.896833	[INFO]	event.py	响应时间:799ms	浙江省	嘉兴市	这里是日志信息......
2022-09-16 17:15:52.896833	[INFO]	user_manager.py	响应时间:680ms	安徽省	合肥市	这里是日志信息......
2022-09-16 17:15:52.896833	[INFO]	orders_service.py	响应时间:750ms	湖南省	长沙市	这里是日志信息......
2022-09-16 17:15:52.896833	[INFO]	event.py	响应时间:821ms	广东省	广州市	这里是日志信息......
2022-09-16 17:15:52.896833	[INFO]	event.py	响应时间:713ms	山东省	济南市	这里是日志信息......
2022-09-16 17:15:52.896833	[INFO]	event.py	响应时间:588ms	安徽省	铜陵市	这里是日志信息......
2022-09-16 17:15:52.896833	[INFO]	barcode_service.py	响应时间:309ms	江苏省	无锡市	这里是日志信息......
2022-09-16 17:15:52.896833	[INFO]	goods_manager.py	响应时间:601ms	安徽省	池州市	这里是日志信息......
2022-09-16 17:15:52.896833	[INFO]	goods_manager.py	响应时间:570ms	重庆市	南岸区	这里是日志信息......
2022-09-16 17:15:52.896833	[INFO]	shop_manager.py	响应时间:644ms	重庆市	涪陵区	这里是日志信息......
2022-09-16 17:15:52.896833	[INFO]	orders_service.py	响应时间:232ms	湖南省	张家界市	这里是日志信息......
2022-09-16 17:15:52.896833	[INFO]	event.py	响应时间:452ms	安徽省	合肥市	这里是日志信息......
2022-09-16 17:15:52.896833	[INFO]	user_manager.py	响应时间:68ms	浙江省	舟山市	这里是日志信息......
2022-09-16 17:15:52.896833	[WARN]	orders_service.py	响应时间:152ms	广东省	深圳市	这里是日志信息......
2022-09-16 17:15:52.896833	[INFO]	orders_service.py	响应时间:332ms	湖北省	武汉市	这里是日志信息......
2022-09-16 17:15:52.896833	[INFO]	event.py	响应时间:952ms	北京市	怀柔区	这里是日志信息......
2022-09-16 17:15:52.896833	[INFO]	shop_manager.py	响应时间:784ms	安徽省	六安市	这里是日志信息......
2022-09-16 17:15:52.896833	[WARN]	event.py	响应时间:859ms	广东省	深圳市	这里是日志信息......
2022-09-16 17:15:52.896833	[INFO]	orders_service.py	响应时间:724ms	重庆市	渝中区	这里是日志信息......
2022-09-16 17:15:52.896833	[INFO]	orders_service.py	响应时间:578ms	上海市	徐汇区	这里是日志信息......
2022-09-16 17:15:52.896833	[INFO]	orders_service.py	响应时间:716ms	天津市	宝坻区	这里是日志信息......
2022-09-16 17:15:52.896833	[INFO]	barcode_service.py	响应时间:178ms	北京市	丰台区	这里是日志信息......
2022-09-16 17:15:52.896833	[INFO]	event.py	响应时间:855ms	山东省	青岛市	这里是日志信息......
2022-09-16 17:15:52.896833	[INFO]	goods_manager.py	响应时间:985ms	山东省	济南市	这里是日志信息......
2022-09-16 17:15:52.896833	[INFO]	orders_service.py	响应时间:979ms	江苏省	南京市	这里是日志信息......
2022-09-16 17:15:52.896833	[INFO]	event.py	响应时间:744ms	湖南省	长沙市	这里是日志信息......
2022-09-16 17:15:52.896833	[INFO]	orders_service.py	响应时间:878ms	广东省	深圳市	这里是日志信息......
2022-09-16 17:15:52.896833	[INFO]	barcode_service.py	响应时间:265ms	重庆市	涪陵区	这里是日志信息......
2022-09-16 17:15:52.896833	[INFO]	goods_manager.py	响应时间:882ms	江苏省	苏州市	这里是日志信息......
2022-09-16 17:15:52.896833	[WARN]	event.py	响应时间:85ms	天津市	河西区	这里是日志信息......
2022-09-16 17:15:52.896833	[INFO]	event.py	响应时间:565ms	江苏省	南京市	这里是日志信息......
2022-09-16 17:15:52.897833	[INFO]	user_manager.py	响应时间:4922ms	湖北省	荆州市	这里是日志信息......
2022-09-16 17:15:52.897833	[INFO]	orders_service.py	响应时间:901ms	天津市	宝坻区	这里是日志信息......
2022-09-16 17:15:52.897833	[INFO]	orders_service.py	响应时间:583ms	浙江省	金华市	这里是日志信息......
2022-09-16 17:15:52.897833	[INFO]	base_network.py	响应时间:173ms	湖南省	益阳市	这里是日志信息......
2022-09-16 17:15:52.897833	[INFO]	orders_service.py	响应时间:640ms	广东省	深圳市	这里是日志信息......
2022-09-16 17:15:52.897833	[ERROR]	goods_manager.py	响应时间:670ms	江苏省	苏州市	这里是日志信息......
2022-09-16 17:15:52.897833	[INFO]	goods_manager.py	响应时间:12ms	江苏省	南京市	这里是日志信息......
2022-09-16 17:15:52.897833	[INFO]	base_network.py	响应时间:533ms	江苏省	南京市	这里是日志信息......
2022-09-16 17:15:52.897833	[INFO]	user_manager.py	响应时间:745ms	天津市	武清区	这里是日志信息......
2022-09-16 17:15:52.897833	[INFO]	goods_manager.py	响应时间:36ms	重庆市	沙坪坝区	这里是日志信息......
2022-09-16 17:15:52.897833	[INFO]	orders_service.py	响应时间:449ms	浙江省	舟山市	这里是日志信息......
2022-09-16 17:15:52.897833	[WARN]	event.py	响应时间:849ms	浙江省	丽水市	这里是日志信息......
2022-09-16 17:15:52.897833	[INFO]	orders_service.py	响应时间:23ms	湖南省	长沙市	这里是日志信息......
2022-09-16 17:15:52.897833	[ERROR]	orders_service.py	响应时间:496ms	湖北省	荆州市	这里是日志信息......
2022-09-16 17:15:52.897833	[INFO]	orders_service.py	响应时间:855ms	广东省	深圳市	这里是日志信息......
2022-09-16 17:15:52.897833	[INFO]	goods_manager.py	响应时间:527ms	安徽省	合肥市	这里是日志信息......
2022-09-16 17:15:52.897833	[INFO]	event.py	响应时间:3901ms	天津市	宝坻区	这里是日志信息......
2022-09-16 17:15:52.897833	[ERROR]	barcode_service.py	响应时间:823ms	安徽省	铜陵市	这里是日志信息......
2022-09-16 17:15:52.897833	[INFO]	event.py	响应时间:220ms	浙江省	杭州市	这里是日志信息......
2022-09-16 17:15:52.897833	[INFO]	goods_manager.py	响应时间:871ms	安徽省	合肥市	这里是日志信息......
2022-09-16 17:15:52.897833	[INFO]	orders_service.py	响应时间:984ms	湖南省	长沙市	这里是日志信息......
2022-09-16 17:15:52.897833	[INFO]	user_manager.py	响应时间:8881ms	天津市	河东区	这里是日志信息......
2022-09-16 17:15:52.897833	[INFO]	barcode_service.py	响应时间:621ms	山东省	济南市	这里是日志信息......
2022-09-16 17:15:52.897833	[INFO]	orders_service.py	响应时间:981ms	上海市	黄浦区	这里是日志信息......
2022-09-16 17:15:52.897833	[INFO]	orders_service.py	响应时间:858ms	北京市	海淀区	这里是日志信息......
2022-09-16 17:15:52.897833	[INFO]	orders_service.py	响应时间:826ms	湖南省	长沙市	这里是日志信息......
2022-09-16 17:15:52.897833	[INFO]	barcode_service.py	响应时间:584ms	江苏省	宿迁市	这里是日志信息......
2022-09-16 17:15:52.897833	[INFO]	orders_service.py	响应时间:584ms	江苏省	无锡市	这里是日志信息......
2022-09-16 17:15:52.897833	[INFO]	orders_service.py	响应时间:690ms	湖南省	长沙市	这里是日志信息......
2022-09-16 17:15:52.897833	[INFO]	user_manager.py	响应时间:921ms	北京市	朝阳区	这里是日志信息......
2022-09-16 17:15:52.897833	[WARN]	goods_manager.py	响应时间:480ms	安徽省	六安市	这里是日志信息......
2022-09-16 17:15:52.897833	[INFO]	goods_manager.py	响应时间:974ms	北京市	大兴区	这里是日志信息......
2022-09-16 17:15:52.897833	[INFO]	barcode_service.py	响应时间:901ms	山东省	青岛市	这里是日志信息......
2022-09-16 17:15:52.897833	[INFO]	event.py	响应时间:518ms	江苏省	宿迁市	这里是日志信息......
2022-09-16 17:15:52.897833	[INFO]	orders_service.py	响应时间:104ms	广东省	深圳市	这里是日志信息......
2022-09-16 17:15:52.897833	[INFO]	user_manager.py	响应时间:201ms	安徽省	阜阳市	这里是日志信息......
2022-09-16 17:15:52.897833	[INFO]	event.py	响应时间:482ms	重庆市	万州区	这里是日志信息......
2022-09-16 17:15:52.897833	[INFO]	goods_manager.py	响应时间:476ms	北京市	朝阳区	这里是日志信息......
2022-09-16 17:15:52.897833	[INFO]	orders_service.py	响应时间:293ms	浙江省	杭州市	这里是日志信息......
2022-09-16 17:15:52.897833	[WARN]	event.py	响应时间:810ms	上海市	黄浦区	这里是日志信息......
2022-09-16 17:15:52.897833	[INFO]	goods_manager.py	响应时间:169ms	安徽省	合肥市	这里是日志信息......
2022-09-16 17:15:52.897833	[INFO]	user_manager.py	响应时间:166ms	天津市	和平区	这里是日志信息......
2022-09-16 17:15:52.897833	[INFO]	goods_manager.py	响应时间:220ms	重庆市	沙坪坝区	这里是日志信息......
2022-09-16 17:15:52.897833	[INFO]	goods_manager.py	响应时间:869ms	北京市	怀柔区	这里是日志信息......
2022-09-16 17:15:52.897833	[INFO]	shop_manager.py	响应时间:50ms	湖南省	张家界市	这里是日志信息......
2022-09-16 17:15:52.897833	[ERROR]	orders_service.py	响应时间:981ms	北京市	海淀区	这里是日志信息......
2022-09-16 17:15:52.897833	[INFO]	orders_service.py	响应时间:649ms	重庆市	万州区	这里是日志信息......
2022-09-16 17:15:52.897833	[INFO]	orders_service.py	响应时间:789ms	重庆市	九龙坡区	这里是日志信息......
2022-09-16 17:15:52.897833	[INFO]	orders_service.py	响应时间:806ms	北京市	海淀区	这里是日志信息......
2022-09-16 17:15:52.897833	[WARN]	barcode_service.py	响应时间:422ms	山东省	青岛市	这里是日志信息......
2022-09-16 17:15:52.897833	[INFO]	orders_service.py	响应时间:883ms	上海市	黄浦区	这里是日志信息......
2022-09-16 17:15:52.897833	[WARN]	event.py	响应时间:348ms	江苏省	苏州市	这里是日志信息......
2022-09-16 17:15:52.897833	[INFO]	user_manager.py	响应时间:716ms	北京市	海淀区	这里是日志信息......
2022-09-16 17:15:52.897833	[INFO]	base_network.py	响应时间:873ms	重庆市	南岸区	这里是日志信息......
2022-09-16 17:15:52.897833	[INFO]	event.py	响应时间:90ms	浙江省	丽水市	这里是日志信息......
2022-09-16 17:15:52.897833	[INFO]	goods_manager.py	响应时间:214ms	湖北省	恩施土家族苗族自治州	这里是日志信息......
2022-09-16 17:15:52.897833	[INFO]	shop_manager.py	响应时间:176ms	浙江省	湖州市	这里是日志信息......
2022-09-16 17:15:52.897833	[INFO]	goods_manager.py	响应时间:339ms	江苏省	南京市	这里是日志信息......
2022-09-16 17:15:52.897833	[INFO]	goods_manager.py	响应时间:398ms	上海市	徐汇区	这里是日志信息......
2022-09-16 17:15:52.897833	[INFO]	event.py	响应时间:271ms	湖北省	武汉市	这里是日志信息......
2022-09-16 17:15:52.897833	[INFO]	user_manager.py	响应时间:571ms	重庆市	涪陵区	这里是日志信息......
2022-09-16 17:15:52.897833	[INFO]	event.py	响应时间:932ms	浙江省	丽水市	这里是日志信息......
2022-09-16 17:15:52.897833	[INFO]	barcode_service.py	响应时间:551ms	安徽省	阜阳市	这里是日志信息......
2022-09-16 17:15:52.897833	[INFO]	orders_service.py	响应时间:732ms	广东省	广州市	这里是日志信息......
2022-09-16 17:15:52.897833	[INFO]	event.py	响应时间:432ms	北京市	朝阳区	这里是日志信息......
2022-09-16 17:15:52.897833	[INFO]	goods_manager.py	响应时间:287ms	湖北省	荆州市	这里是日志信息......
2022-09-16 17:15:52.897833	[WARN]	orders_service.py	响应时间:110ms	山东省	青岛市	这里是日志信息......
2022-09-16 17:15:52.897833	[INFO]	goods_manager.py	响应时间:440ms	天津市	和平区	这里是日志信息......
2022-09-16 17:15:52.898832	[INFO]	event.py	响应时间:828ms	湖北省	十堰市	这里是日志信息......
2022-09-16 17:15:52.898832	[INFO]	barcode_service.py	响应时间:130ms	江苏省	南京市	这里是日志信息......
2022-09-16 17:15:52.898832	[INFO]	user_manager.py	响应时间:366ms	安徽省	铜陵市	这里是日志信息......
2022-09-16 17:15:52.898832	[INFO]	user_manager.py	响应时间:374ms	江苏省	苏州市	这里是日志信息......
2022-09-16 17:15:52.898832	[INFO]	goods_manager.py	响应时间:689ms	湖北省	武汉市	这里是日志信息......
2022-09-16 17:15:52.898832	[INFO]	barcode_service.py	响应时间:947ms	湖南省	张家界市	这里是日志信息......
2022-09-16 17:15:52.898832	[INFO]	goods_manager.py	响应时间:191ms	上海市	浦东新区	这里是日志信息......
2022-09-16 17:15:52.898832	[INFO]	orders_service.py	响应时间:540ms	山东省	青岛市	这里是日志信息......
2022-09-16 17:15:52.898832	[INFO]	event.py	响应时间:113ms	北京市	朝阳区	这里是日志信息......
2022-09-16 17:15:52.898832	[INFO]	base_network.py	响应时间:294ms	北京市	海淀区	这里是日志信息......
2022-09-16 17:15:52.898832	[INFO]	shop_manager.py	响应时间:137ms	重庆市	万州区	这里是日志信息......
2022-09-16 17:15:52.898832	[INFO]	event.py	响应时间:981ms	重庆市	九龙坡区	这里是日志信息......
2022-09-16 17:15:52.898832	[INFO]	goods_manager.py	响应时间:818ms	江苏省	常州市	这里是日志信息......
2022-09-16 17:15:52.898832	[INFO]	orders_service.py	响应时间:313ms	安徽省	合肥市	这里是日志信息......
2022-09-16 17:15:52.898832	[INFO]	orders_service.py	响应时间:428ms	山东省	青岛市	这里是日志信息......
2022-09-16 17:15:52.898832	[INFO]	barcode_service.py	响应时间:951ms	上海市	黄浦区	这里是日志信息......
2022-09-16 17:15:52.898832	[INFO]	event.py	响应时间:782ms	北京市	怀柔区	这里是日志信息......
2022-09-16 17:15:52.898832	[INFO]	goods_manager.py	响应时间:526ms	山东省	济南市	这里是日志信息......
2022-09-16 17:15:52.898832	[INFO]	event.py	响应时间:29ms	湖南省	长沙市	这里是日志信息......
2022-09-16 17:15:52.898832	[INFO]	barcode_service.py	响应时间:781ms	天津市	河西区	这里是日志信息......
2022-09-16 17:15:52.898832	[INFO]	orders_service.py	响应时间:205ms	北京市	海淀区	这里是日志信息......
2022-09-16 17:15:52.898832	[INFO]	orders_service.py	响应时间:78ms	天津市	和平区	这里是日志信息......
2022-09-16 17:15:52.898832	[INFO]	event.py	响应时间:373ms	山东省	菏泽市	这里是日志信息......
2022-09-16 17:15:52.898832	[WARN]	event.py	响应时间:87ms	重庆市	涪陵区	这里是日志信息......
2022-09-16 17:15:52.898832	[INFO]	goods_manager.py	响应时间:443ms	北京市	海淀区	这里是日志信息......
2022-09-16 17:15:52.898832	[INFO]	orders_service.py	响应时间:308ms	广东省	广州市	这里是日志信息......
2022-09-16 17:15:52.898832	[INFO]	shop_manager.py	响应时间:130ms	湖南省	长沙市	这里是日志信息......
2022-09-16 17:15:52.898832	[INFO]	goods_manager.py	响应时间:605ms	山东省	菏泽市	这里是日志信息......
2022-09-16 17:15:52.898832	[INFO]	event.py	响应时间:869ms	浙江省	绍兴市	这里是日志信息......
2022-09-16 17:15:52.898832	[INFO]	goods_manager.py	响应时间:9920ms	山东省	菏泽市	这里是日志信息......
2022-09-16 17:15:52.898832	[INFO]	orders_service.py	响应时间:353ms	重庆市	渝中区	这里是日志信息......
2022-09-16 17:15:52.898832	[INFO]	goods_manager.py	响应时间:143ms	安徽省	阜阳市	这里是日志信息......
2022-09-16 17:15:52.898832	[INFO]	event.py	响应时间:385ms	浙江省	杭州市	这里是日志信息......
2022-09-16 17:15:52.898832	[INFO]	user_manager.py	响应时间:830ms	广东省	深圳市	这里是日志信息......
2022-09-16 17:15:52.898832	[INFO]	goods_manager.py	响应时间:929ms	山东省	青岛市	这里是日志信息......
2022-09-16 17:15:52.898832	[INFO]	shop_manager.py	响应时间:192ms	上海市	浦东新区	这里是日志信息......
2022-09-16 17:15:52.898832	[INFO]	event.py	响应时间:259ms	广东省	珠海市	这里是日志信息......
2022-09-16 17:15:52.898832	[INFO]	user_manager.py	响应时间:603ms	重庆市	万州区	这里是日志信息......
2022-09-16 17:15:52.898832	[INFO]	barcode_service.py	响应时间:749ms	湖南省	株洲市	这里是日志信息......
2022-09-16 17:15:52.898832	[INFO]	goods_manager.py	响应时间:659ms	湖南省	株洲市	这里是日志信息......
2022-09-16 17:15:52.898832	[INFO]	user_manager.py	响应时间:38ms	湖北省	荆州市	这里是日志信息......
2022-09-16 17:15:52.898832	[INFO]	orders_service.py	响应时间:500ms	浙江省	杭州市	这里是日志信息......
2022-09-16 17:15:52.898832	[WARN]	goods_manager.py	响应时间:629ms	北京市	朝阳区	这里是日志信息......
2022-09-16 17:15:52.898832	[WARN]	goods_manager.py	响应时间:491ms	北京市	怀柔区	这里是日志信息......
2022-09-16 17:15:52.898832	[INFO]	goods_manager.py	响应时间:824ms	天津市	武清区	这里是日志信息......
2022-09-16 17:15:52.898832	[INFO]	user_manager.py	响应时间:98ms	浙江省	绍兴市	这里是日志信息......
2022-09-16 17:15:52.898832	[INFO]	goods_manager.py	响应时间:681ms	广东省	深圳市	这里是日志信息......
2022-09-16 17:15:52.898832	[INFO]	event.py	响应时间:807ms	天津市	宝坻区	这里是日志信息......
2022-09-16 17:15:52.898832	[INFO]	orders_service.py	响应时间:9113ms	湖北省	荆州市	这里是日志信息......
2022-09-16 17:15:52.898832	[INFO]	user_manager.py	响应时间:115ms	广东省	深圳市	这里是日志信息......
2022-09-16 17:15:52.898832	[WARN]	orders_service.py	响应时间:861ms	湖南省	长沙市	这里是日志信息......
2022-09-16 17:15:52.898832	[INFO]	user_manager.py	响应时间:93ms	安徽省	六安市	这里是日志信息......
2022-09-16 17:15:52.898832	[INFO]	goods_manager.py	响应时间:460ms	湖北省	荆州市	这里是日志信息......
2022-09-16 17:15:52.898832	[INFO]	event.py	响应时间:749ms	上海市	黄浦区	这里是日志信息......
2022-09-16 17:15:52.898832	[INFO]	barcode_service.py	响应时间:423ms	湖南省	长沙市	这里是日志信息......
2022-09-16 17:15:52.898832	[INFO]	base_network.py	响应时间:519ms	浙江省	杭州市	这里是日志信息......
2022-09-16 17:15:52.898832	[INFO]	orders_service.py	响应时间:178ms	湖北省	武汉市	这里是日志信息......
2022-09-16 17:15:52.898832	[INFO]	shop_manager.py	响应时间:261ms	天津市	武清区	这里是日志信息......
2022-09-16 17:15:52.898832	[INFO]	barcode_service.py	响应时间:359ms	上海市	杨浦区	这里是日志信息......
2022-09-16 17:15:52.898832	[WARN]	goods_manager.py	响应时间:479ms	北京市	海淀区	这里是日志信息......
2022-09-16 17:15:52.898832	[WARN]	event.py	响应时间:313ms	山东省	青岛市	这里是日志信息......
2022-09-16 17:15:52.898832	[INFO]	event.py	响应时间:635ms	广东省	深圳市	这里是日志信息......
2022-09-16 17:15:52.898832	[INFO]	orders_service.py	响应时间:147ms	江苏省	张家港市	这里是日志信息......
2022-09-16 17:15:52.898832	[INFO]	base_network.py	响应时间:5070ms	安徽省	合肥市	这里是日志信息......
2022-09-16 17:15:52.898832	[INFO]	base_network.py	响应时间:79ms	天津市	武清区	这里是日志信息......
2022-09-16 17:15:52.898832	[INFO]	goods_manager.py	响应时间:502ms	山东省	济南市	这里是日志信息......
2022-09-16 17:15:52.898832	[WARN]	barcode_service.py	响应时间:337ms	北京市	丰台区	这里是日志信息......
2022-09-16 17:15:52.898832	[INFO]	event.py	响应时间:877ms	北京市	丰台区	这里是日志信息......
2022-09-16 17:15:52.899831	[INFO]	barcode_service.py	响应时间:969ms	湖南省	常德市	这里是日志信息......
2022-09-16 17:15:52.899831	[INFO]	barcode_service.py	响应时间:298ms	上海市	黄浦区	这里是日志信息......
2022-09-16 17:15:52.899831	[INFO]	orders_service.py	响应时间:219ms	北京市	大兴区	这里是日志信息......
2022-09-16 17:15:52.899831	[INFO]	goods_manager.py	响应时间:833ms	北京市	朝阳区	这里是日志信息......
2022-09-16 17:15:52.899831	[INFO]	orders_service.py	响应时间:172ms	天津市	河西区	这里是日志信息......
2022-09-16 17:15:52.899831	[INFO]	event.py	响应时间:718ms	天津市	武清区	这里是日志信息......
2022-09-16 17:15:52.899831	[INFO]	shop_manager.py	响应时间:874ms	北京市	丰台区	这里是日志信息......
2022-09-16 17:15:52.899831	[INFO]	barcode_service.py	响应时间:33ms	安徽省	合肥市	这里是日志信息......
2022-09-16 17:15:52.899831	[INFO]	barcode_service.py	响应时间:238ms	湖南省	株洲市	这里是日志信息......
2022-09-16 17:15:52.899831	[INFO]	event.py	响应时间:571ms	天津市	和平区	这里是日志信息......
2022-09-16 17:15:52.899831	[INFO]	barcode_service.py	响应时间:6194ms	重庆市	沙坪坝区	这里是日志信息......
2022-09-16 17:15:52.899831	[INFO]	barcode_service.py	响应时间:136ms	浙江省	湖州市	这里是日志信息......
2022-09-16 17:15:52.899831	[INFO]	event.py	响应时间:350ms	湖北省	武汉市	这里是日志信息......
2022-09-16 17:15:52.899831	[INFO]	event.py	响应时间:36ms	北京市	大兴区	这里是日志信息......
2022-09-16 17:15:52.899831	[INFO]	orders_service.py	响应时间:822ms	北京市	昌平区	这里是日志信息......
2022-09-16 17:15:52.899831	[INFO]	goods_manager.py	响应时间:379ms	山东省	青岛市	这里是日志信息......
2022-09-16 17:15:52.899831	[INFO]	event.py	响应时间:58ms	湖南省	常德市	这里是日志信息......
2022-09-16 17:15:52.899831	[INFO]	shop_manager.py	响应时间:566ms	江苏省	南京市	这里是日志信息......
2022-09-16 17:15:52.899831	[INFO]	user_manager.py	响应时间:362ms	安徽省	铜陵市	这里是日志信息......
2022-09-16 17:15:52.899831	[INFO]	barcode_service.py	响应时间:445ms	江苏省	张家港市	这里是日志信息......
2022-09-16 17:15:52.899831	[INFO]	orders_service.py	响应时间:512ms	湖北省	恩施土家族苗族自治州	这里是日志信息......
2022-09-16 17:15:52.899831	[INFO]	orders_service.py	响应时间:544ms	安徽省	合肥市	这里是日志信息......
2022-09-16 17:15:52.899831	[INFO]	event.py	响应时间:877ms	浙江省	绍兴市	这里是日志信息......
2022-09-16 17:15:52.899831	[INFO]	goods_manager.py	响应时间:94ms	湖南省	长沙市	这里是日志信息......
2022-09-16 17:15:52.899831	[WARN]	event.py	响应时间:212ms	重庆市	万州区	这里是日志信息......
2022-09-16 17:15:52.899831	[INFO]	orders_service.py	响应时间:795ms	重庆市	渝中区	这里是日志信息......
2022-09-16 17:15:52.899831	[INFO]	user_manager.py	响应时间:974ms	安徽省	铜陵市	这里是日志信息......
2022-09-16 17:15:52.899831	[INFO]	orders_service.py	响应时间:150ms	天津市	武清区	这里是日志信息......
2022-09-16 17:15:52.899831	[INFO]	barcode_service.py	响应时间:115ms	天津市	河西区	这里是日志信息......
2022-09-16 17:15:52.899831	[INFO]	shop_manager.py	响应时间:409ms	浙江省	金华市	这里是日志信息......
2022-09-16 17:15:52.899831	[INFO]	event.py	响应时间:321ms	天津市	武清区	这里是日志信息......
2022-09-16 17:15:52.899831	[INFO]	event.py	响应时间:5716ms	安徽省	合肥市	这里是日志信息......
2022-09-16 17:15:52.899831	[INFO]	goods_manager.py	响应时间:316ms	山东省	青岛市	这里是日志信息......
2022-09-16 17:15:52.899831	[INFO]	orders_service.py	响应时间:471ms	湖北省	恩施土家族苗族自治州	这里是日志信息......
2022-09-16 17:15:52.899831	[WARN]	base_network.py	响应时间:648ms	浙江省	嘉兴市	这里是日志信息......
2022-09-16 17:15:52.899831	[WARN]	orders_service.py	响应时间:206ms	天津市	武清区	这里是日志信息......
2022-09-16 17:15:52.899831	[INFO]	event.py	响应时间:862ms	湖北省	恩施土家族苗族自治州	这里是日志信息......
2022-09-16 17:15:52.899831	[INFO]	event.py	响应时间:283ms	天津市	河西区	这里是日志信息......
2022-09-16 17:15:52.899831	[INFO]	barcode_service.py	响应时间:641ms	上海市	浦东新区	这里是日志信息......
2022-09-16 17:15:52.899831	[INFO]	event.py	响应时间:608ms	上海市	浦东新区	这里是日志信息......
2022-09-16 17:15:52.899831	[INFO]	orders_service.py	响应时间:417ms	山东省	济南市	这里是日志信息......
2022-09-16 17:15:52.899831	[INFO]	event.py	响应时间:809ms	江苏省	南京市	这里是日志信息......
2022-09-16 17:15:52.899831	[INFO]	goods_manager.py	响应时间:598ms	上海市	黄浦区	这里是日志信息......
2022-09-16 17:15:52.899831	[INFO]	event.py	响应时间:517ms	湖南省	株洲市	这里是日志信息......
2022-09-16 17:15:52.899831	[INFO]	user_manager.py	响应时间:135ms	重庆市	渝中区	这里是日志信息......
2022-09-16 17:15:52.899831	[INFO]	goods_manager.py	响应时间:30ms	天津市	河东区	这里是日志信息......
2022-09-16 17:15:52.899831	[INFO]	goods_manager.py	响应时间:675ms	天津市	河东区	这里是日志信息......
2022-09-16 17:15:52.899831	[INFO]	orders_service.py	响应时间:640ms	湖南省	长沙市	这里是日志信息......
2022-09-16 17:15:52.899831	[INFO]	event.py	响应时间:496ms	湖北省	十堰市	这里是日志信息......
2022-09-16 17:15:52.899831	[INFO]	base_network.py	响应时间:32ms	湖南省	常德市	这里是日志信息......
2022-09-16 17:15:52.899831	[INFO]	orders_service.py	响应时间:159ms	北京市	丰台区	这里是日志信息......
2022-09-16 17:15:52.899831	[INFO]	user_manager.py	响应时间:480ms	北京市	昌平区	这里是日志信息......
2022-09-16 17:15:52.899831	[INFO]	shop_manager.py	响应时间:4ms	浙江省	杭州市	这里是日志信息......
2022-09-16 17:15:52.899831	[WARN]	orders_service.py	响应时间:185ms	湖北省	恩施土家族苗族自治州	这里是日志信息......
2022-09-16 17:15:52.899831	[INFO]	shop_manager.py	响应时间:940ms	浙江省	金华市	这里是日志信息......
2022-09-16 17:15:52.899831	[INFO]	user_manager.py	响应时间:334ms	上海市	普陀区	这里是日志信息......
2022-09-16 17:15:52.899831	[INFO]	event.py	响应时间:507ms	天津市	宝坻区	这里是日志信息......
2022-09-16 17:15:52.899831	[INFO]	barcode_service.py	响应时间:290ms	浙江省	绍兴市	这里是日志信息......
2022-09-16 17:15:52.899831	[INFO]	user_manager.py	响应时间:41ms	江苏省	南京市	这里是日志信息......
2022-09-16 17:15:52.899831	[INFO]	event.py	响应时间:388ms	湖南省	长沙市	这里是日志信息......
2022-09-16 17:15:52.899831	[INFO]	event.py	响应时间:272ms	重庆市	九龙坡区	这里是日志信息......
2022-09-16 17:15:52.899831	[INFO]	user_manager.py	响应时间:951ms	天津市	河东区	这里是日志信息......
2022-09-16 17:15:52.899831	[INFO]	barcode_service.py	响应时间:132ms	天津市	河西区	这里是日志信息......
2022-09-16 17:15:52.899831	[INFO]	goods_manager.py	响应时间:943ms	天津市	河西区	这里是日志信息......
2022-09-16 17:15:52.899831	[INFO]	barcode_service.py	响应时间:78ms	山东省	济南市	这里是日志信息......
2022-09-16 17:15:52.900834	[WARN]	user_manager.py	响应时间:542ms	浙江省	杭州市	这里是日志信息......
2022-09-16 17:15:52.900834	[INFO]	event.py	响应时间:455ms	上海市	宝山区	这里是日志信息......
2022-09-16 17:15:52.900834	[INFO]	orders_service.py	响应时间:4468ms	重庆市	南岸区	这里是日志信息......
2022-09-16 17:15:52.900834	[WARN]	orders_service.py	响应时间:93ms	广东省	广州市	这里是日志信息......
2022-09-16 17:15:52.900834	[INFO]	shop_manager.py	响应时间:908ms	天津市	和平区	这里是日志信息......
2022-09-16 17:15:52.900834	[INFO]	barcode_service.py	响应时间:921ms	上海市	普陀区	这里是日志信息......
2022-09-16 17:15:52.900834	[INFO]	orders_service.py	响应时间:996ms	天津市	和平区	这里是日志信息......
2022-09-16 17:15:52.900834	[INFO]	user_manager.py	响应时间:797ms	浙江省	杭州市	这里是日志信息......
2022-09-16 17:15:52.900834	[INFO]	orders_service.py	响应时间:717ms	广东省	珠海市	这里是日志信息......
2022-09-16 17:15:52.900834	[INFO]	event.py	响应时间:241ms	天津市	和平区	这里是日志信息......
2022-09-16 17:15:52.900834	[INFO]	event.py	响应时间:729ms	北京市	海淀区	这里是日志信息......
2022-09-16 17:15:52.900834	[INFO]	orders_service.py	响应时间:818ms	北京市	朝阳区	这里是日志信息......
2022-09-16 17:15:52.900834	[INFO]	orders_service.py	响应时间:68ms	上海市	黄浦区	这里是日志信息......
2022-09-16 17:15:52.900834	[INFO]	user_manager.py	响应时间:927ms	浙江省	舟山市	这里是日志信息......
2022-09-16 17:15:52.900834	[INFO]	barcode_service.py	响应时间:603ms	浙江省	丽水市	这里是日志信息......
2022-09-16 17:15:52.900834	[WARN]	user_manager.py	响应时间:870ms	重庆市	南岸区	这里是日志信息......
2022-09-16 17:15:52.900834	[INFO]	orders_service.py	响应时间:715ms	广东省	广州市	这里是日志信息......
2022-09-16 17:15:52.900834	[INFO]	barcode_service.py	响应时间:395ms	湖南省	长沙市	这里是日志信息......
2022-09-16 17:15:52.900834	[WARN]	event.py	响应时间:474ms	山东省	青岛市	这里是日志信息......
2022-09-16 17:15:52.900834	[INFO]	event.py	响应时间:183ms	江苏省	南京市	这里是日志信息......
2022-09-16 17:15:52.900834	[INFO]	event.py	响应时间:834ms	安徽省	合肥市	这里是日志信息......
2022-09-16 17:15:52.900834	[WARN]	orders_service.py	响应时间:441ms	山东省	青岛市	这里是日志信息......
2022-09-16 17:15:52.900834	[INFO]	goods_manager.py	响应时间:720ms	上海市	普陀区	这里是日志信息......
2022-09-16 17:15:52.900834	[INFO]	barcode_service.py	响应时间:575ms	上海市	静安区	这里是日志信息......
2022-09-16 17:15:52.900834	[INFO]	user_manager.py	响应时间:334ms	天津市	宝坻区	这里是日志信息......
2022-09-16 17:15:52.900834	[WARN]	event.py	响应时间:503ms	浙江省	舟山市	这里是日志信息......
2022-09-16 17:15:52.900834	[INFO]	event.py	响应时间:227ms	上海市	黄浦区	这里是日志信息......
2022-09-16 17:15:52.900834	[INFO]	barcode_service.py	响应时间:523ms	山东省	济南市	这里是日志信息......
2022-09-16 17:15:52.900834	[INFO]	event.py	响应时间:54ms	天津市	武清区	这里是日志信息......
2022-09-16 17:15:52.900834	[INFO]	goods_manager.py	响应时间:51ms	安徽省	池州市	这里是日志信息......
2022-09-16 17:15:52.900834	[INFO]	event.py	响应时间:537ms	山东省	青岛市	这里是日志信息......
2022-09-16 17:15:52.900834	[INFO]	orders_service.py	响应时间:411ms	江苏省	南京市	这里是日志信息......
2022-09-16 17:15:52.900834	[WARN]	goods_manager.py	响应时间:336ms	重庆市	万州区	这里是日志信息......
2022-09-16 17:15:52.900834	[INFO]	event.py	响应时间:282ms	湖南省	益阳市	这里是日志信息......
2022-09-16 17:15:52.900834	[INFO]	event.py	响应时间:960ms	浙江省	杭州市	这里是日志信息......
2022-09-16 17:15:52.900834	[INFO]	barcode_service.py	响应时间:259ms	上海市	徐汇区	这里是日志信息......
2022-09-16 17:15:52.900834	[INFO]	user_manager.py	响应时间:71ms	湖南省	益阳市	这里是日志信息......
2022-09-16 17:15:52.900834	[ERROR]	base_network.py	响应时间:994ms	天津市	河东区	这里是日志信息......
2022-09-16 17:15:52.900834	[INFO]	goods_manager.py	响应时间:789ms	天津市	宝坻区	这里是日志信息......
2022-09-16 17:15:52.900834	[INFO]	goods_manager.py	响应时间:54ms	江苏省	南京市	这里是日志信息......
2022-09-16 17:15:52.900834	[INFO]	goods_manager.py	响应时间:790ms	湖南省	长沙市	这里是日志信息......
2022-09-16 17:15:52.900834	[INFO]	event.py	响应时间:869ms	山东省	济南市	这里是日志信息......
2022-09-16 17:15:52.900834	[INFO]	goods_manager.py	响应时间:660ms	山东省	青岛市	这里是日志信息......
2022-09-16 17:15:52.900834	[INFO]	event.py	响应时间:647ms	浙江省	杭州市	这里是日志信息......
2022-09-16 17:15:52.900834	[INFO]	event.py	响应时间:570ms	上海市	杨浦区	这里是日志信息......
2022-09-16 17:15:52.900834	[INFO]	user_manager.py	响应时间:4724ms	广东省	深圳市	这里是日志信息......
2022-09-16 17:15:52.900834	[INFO]	goods_manager.py	响应时间:94ms	广东省	广州市	这里是日志信息......
2022-09-16 17:15:52.900834	[INFO]	goods_manager.py	响应时间:295ms	上海市	浦东新区	这里是日志信息......
2022-09-16 17:15:52.900834	[INFO]	orders_service.py	响应时间:137ms	重庆市	南岸区	这里是日志信息......
2022-09-16 17:15:52.900834	[INFO]	goods_manager.py	响应时间:390ms	北京市	海淀区	这里是日志信息......
2022-09-16 17:15:52.900834	[INFO]	shop_manager.py	响应时间:925ms	湖北省	武汉市	这里是日志信息......
2022-09-16 17:15:52.900834	[INFO]	goods_manager.py	响应时间:783ms	湖北省	十堰市	这里是日志信息......
2022-09-16 17:15:52.900834	[INFO]	shop_manager.py	响应时间:114ms	江苏省	张家港市	这里是日志信息......
2022-09-16 17:15:52.900834	[INFO]	barcode_service.py	响应时间:497ms	天津市	和平区	这里是日志信息......
2022-09-16 17:15:52.900834	[ERROR]	event.py	响应时间:554ms	湖北省	荆州市	这里是日志信息......
2022-09-16 17:15:52.900834	[WARN]	goods_manager.py	响应时间:460ms	上海市	浦东新区	这里是日志信息......
2022-09-16 17:15:52.900834	[INFO]	event.py	响应时间:665ms	上海市	徐汇区	这里是日志信息......
2022-09-16 17:15:52.900834	[INFO]	user_manager.py	响应时间:659ms	北京市	怀柔区	这里是日志信息......
2022-09-16 17:15:52.900834	[INFO]	user_manager.py	响应时间:133ms	广东省	广州市	这里是日志信息......
2022-09-16 17:15:52.900834	[INFO]	barcode_service.py	响应时间:747ms	北京市	大兴区	这里是日志信息......
2022-09-16 17:15:52.900834	[INFO]	base_network.py	响应时间:807ms	广东省	广州市	这里是日志信息......
2022-09-16 17:15:52.900834	[INFO]	event.py	响应时间:906ms	重庆市	万州区	这里是日志信息......
2022-09-16 17:15:52.900834	[INFO]	shop_manager.py	响应时间:519ms	湖南省	长沙市	这里是日志信息......
2022-09-16 17:15:52.900834	[INFO]	base_network.py	响应时间:631ms	湖北省	荆州市	这里是日志信息......
2022-09-16 17:15:52.900834	[INFO]	barcode_service.py	响应时间:83ms	上海市	杨浦区	这里是日志信息......
2022-09-16 17:15:52.900834	[INFO]	base_network.py	响应时间:843ms	湖南省	长沙市	这里是日志信息......
2022-09-16 17:15:52.900834	[INFO]	goods_manager.py	响应时间:900ms	安徽省	合肥市	这里是日志信息......
2022-09-16 17:15:52.900834	[INFO]	event.py	响应时间:398ms	安徽省	合肥市	这里是日志信息......
2022-09-16 17:15:52.900834	[INFO]	event.py	响应时间:747ms	上海市	静安区	这里是日志信息......
2022-09-16 17:15:52.901832	[ERROR]	base_network.py	响应时间:505ms	浙江省	舟山市	这里是日志信息......
2022-09-16 17:15:52.901832	[WARN]	user_manager.py	响应时间:146ms	山东省	济南市	这里是日志信息......
2022-09-16 17:15:52.901832	[INFO]	barcode_service.py	响应时间:725ms	重庆市	渝中区	这里是日志信息......
2022-09-16 17:15:52.901832	[WARN]	barcode_service.py	响应时间:414ms	浙江省	湖州市	这里是日志信息......
2022-09-16 17:15:52.901832	[INFO]	shop_manager.py	响应时间:305ms	山东省	菏泽市	这里是日志信息......
2022-09-16 17:15:52.901832	[WARN]	user_manager.py	响应时间:256ms	重庆市	沙坪坝区	这里是日志信息......
2022-09-16 17:15:52.901832	[INFO]	orders_service.py	响应时间:795ms	浙江省	丽水市	这里是日志信息......
2022-09-16 17:15:52.901832	[INFO]	goods_manager.py	响应时间:715ms	北京市	大兴区	这里是日志信息......
2022-09-16 17:15:52.901832	[INFO]	goods_manager.py	响应时间:513ms	浙江省	绍兴市	这里是日志信息......
2022-09-16 17:15:52.901832	[WARN]	event.py	响应时间:714ms	天津市	武清区	这里是日志信息......
2022-09-16 17:15:52.901832	[INFO]	barcode_service.py	响应时间:360ms	浙江省	金华市	这里是日志信息......
2022-09-16 17:15:52.901832	[INFO]	event.py	响应时间:700ms	湖南省	长沙市	这里是日志信息......
2022-09-16 17:15:52.901832	[INFO]	orders_service.py	响应时间:273ms	安徽省	芜湖市	这里是日志信息......
2022-09-16 17:15:52.901832	[WARN]	user_manager.py	响应时间:510ms	湖北省	武汉市	这里是日志信息......
2022-09-16 17:15:52.901832	[INFO]	event.py	响应时间:129ms	湖南省	张家界市	这里是日志信息......
2022-09-16 17:15:52.901832	[INFO]	event.py	响应时间:27ms	湖北省	恩施土家族苗族自治州	这里是日志信息......
2022-09-16 17:15:52.901832	[INFO]	orders_service.py	响应时间:405ms	重庆市	九龙坡区	这里是日志信息......
2022-09-16 17:15:52.901832	[INFO]	user_manager.py	响应时间:9897ms	湖北省	恩施土家族苗族自治州	这里是日志信息......
2022-09-16 17:15:52.901832	[INFO]	goods_manager.py	响应时间:602ms	湖北省	恩施土家族苗族自治州	这里是日志信息......
2022-09-16 17:15:52.901832	[INFO]	base_network.py	响应时间:432ms	湖南省	长沙市	这里是日志信息......
2022-09-16 17:15:52.901832	[INFO]	base_network.py	响应时间:302ms	湖北省	十堰市	这里是日志信息......
2022-09-16 17:15:52.901832	[INFO]	goods_manager.py	响应时间:785ms	浙江省	金华市	这里是日志信息......
2022-09-16 17:15:52.901832	[INFO]	event.py	响应时间:839ms	湖南省	长沙市	这里是日志信息......
2022-09-16 17:15:52.901832	[INFO]	goods_manager.py	响应时间:8025ms	安徽省	合肥市	这里是日志信息......
2022-09-16 17:15:52.901832	[INFO]	shop_manager.py	响应时间:581ms	天津市	武清区	这里是日志信息......
2022-09-16 17:15:52.901832	[INFO]	event.py	响应时间:742ms	上海市	黄浦区	这里是日志信息......
2022-09-16 17:15:52.901832	[INFO]	goods_manager.py	响应时间:603ms	重庆市	涪陵区	这里是日志信息......
2022-09-16 17:15:52.901832	[INFO]	goods_manager.py	响应时间:279ms	浙江省	杭州市	这里是日志信息......
2022-09-16 17:15:52.901832	[INFO]	goods_manager.py	响应时间:761ms	广东省	广州市	这里是日志信息......
2022-09-16 17:15:52.901832	[INFO]	goods_manager.py	响应时间:358ms	湖北省	武汉市	这里是日志信息......
2022-09-16 17:15:52.901832	[WARN]	orders_service.py	响应时间:722ms	重庆市	万州区	这里是日志信息......
2022-09-16 17:15:52.901832	[INFO]	event.py	响应时间:428ms	山东省	青岛市	这里是日志信息......
2022-09-16 17:15:52.901832	[INFO]	event.py	响应时间:640ms	湖北省	荆州市	这里是日志信息......
2022-09-16 17:15:52.901832	[INFO]	goods_manager.py	响应时间:802ms	天津市	河西区	这里是日志信息......
2022-09-16 17:15:52.901832	[INFO]	goods_manager.py	响应时间:268ms	江苏省	苏州市	这里是日志信息......
2022-09-16 17:15:52.901832	[INFO]	orders_service.py	响应时间:325ms	北京市	丰台区	这里是日志信息......
2022-09-16 17:15:52.901832	[INFO]	user_manager.py	响应时间:432ms	北京市	海淀区	这里是日志信息......
2022-09-16 17:15:52.901832	[INFO]	event.py	响应时间:690ms	湖北省	恩施土家族苗族自治州	这里是日志信息......
2022-09-16 17:15:52.901832	[INFO]	event.py	响应时间:15ms	浙江省	嘉兴市	这里是日志信息......
2022-09-16 17:15:52.901832	[INFO]	event.py	响应时间:223ms	浙江省	舟山市	这里是日志信息......
2022-09-16 17:15:52.901832	[INFO]	barcode_service.py	响应时间:618ms	天津市	和平区	这里是日志信息......
2022-09-16 17:15:52.901832	[INFO]	orders_service.py	响应时间:423ms	上海市	宝山区	这里是日志信息......
2022-09-16 17:15:52.901832	[INFO]	event.py	响应时间:389ms	重庆市	沙坪坝区	这里是日志信息......
2022-09-16 17:15:52.901832	[WARN]	event.py	响应时间:77ms	江苏省	苏州市	这里是日志信息......
2022-09-16 17:15:52.901832	[WARN]	user_manager.py	响应时间:243ms	江苏省	张家港市	这里是日志信息......
2022-09-16 17:15:52.901832	[INFO]	event.py	响应时间:223ms	重庆市	万州区	这里是日志信息......
2022-09-16 17:15:52.901832	[INFO]	goods_manager.py	响应时间:644ms	山东省	济南市	这里是日志信息......
2022-09-16 17:15:52.901832	[WARN]	event.py	响应时间:312ms	江苏省	无锡市	这里是日志信息......
2022-09-16 17:15:52.901832	[WARN]	orders_service.py	响应时间:954ms	山东省	青岛市	这里是日志信息......
2022-09-16 17:15:52.901832	[WARN]	user_manager.py	响应时间:957ms	北京市	海淀区	这里是日志信息......
2022-09-16 17:15:52.901832	[INFO]	base_network.py	响应时间:757ms	天津市	河东区	这里是日志信息......
2022-09-16 17:15:52.901832	[INFO]	orders_service.py	响应时间:569ms	江苏省	南京市	这里是日志信息......
2022-09-16 17:15:52.901832	[INFO]	barcode_service.py	响应时间:237ms	浙江省	金华市	这里是日志信息......
2022-09-16 17:15:52.901832	[INFO]	orders_service.py	响应时间:946ms	山东省	青岛市	这里是日志信息......
2022-09-16 17:15:52.901832	[INFO]	event.py	响应时间:629ms	浙江省	杭州市	这里是日志信息......
2022-09-16 17:15:52.901832	[INFO]	event.py	响应时间:302ms	天津市	河西区	这里是日志信息......
2022-09-16 17:15:52.901832	[WARN]	event.py	响应时间:576ms	湖北省	十堰市	这里是日志信息......
2022-09-16 17:15:52.901832	[INFO]	goods_manager.py	响应时间:449ms	安徽省	阜阳市	这里是日志信息......
2022-09-16 17:15:52.901832	[WARN]	event.py	响应时间:290ms	广东省	深圳市	这里是日志信息......
2022-09-16 17:15:52.901832	[INFO]	shop_manager.py	响应时间:408ms	山东省	青岛市	这里是日志信息......
2022-09-16 17:15:52.901832	[INFO]	event.py	响应时间:295ms	上海市	徐汇区	这里是日志信息......
2022-09-16 17:15:52.901832	[WARN]	base_network.py	响应时间:216ms	广东省	广州市	这里是日志信息......
2022-09-16 17:15:52.901832	[INFO]	barcode_service.py	响应时间:72ms	湖北省	恩施土家族苗族自治州	这里是日志信息......
2022-09-16 17:15:52.901832	[INFO]	goods_manager.py	响应时间:239ms	北京市	朝阳区	这里是日志信息......
2022-09-16 17:15:52.901832	[ERROR]	goods_manager.py	响应时间:1578ms	天津市	和平区	这里是日志信息......
2022-09-16 17:15:52.901832	[INFO]	goods_manager.py	响应时间:747ms	山东省	青岛市	这里是日志信息......
2022-09-16 17:15:52.901832	[WARN]	user_manager.py	响应时间:447ms	湖南省	长沙市	这里是日志信息......
2022-09-16 17:15:52.901832	[INFO]	goods_manager.py	响应时间:297ms	湖南省	长沙市	这里是日志信息......
2022-09-16 17:15:52.901832	[INFO]	event.py	响应时间:177ms	天津市	宝坻区	这里是日志信息......
2022-09-16 17:15:52.901832	[INFO]	user_manager.py	响应时间:790ms	广东省	广州市	这里是日志信息......
2022-09-16 17:15:52.902833	[INFO]	barcode_service.py	响应时间:742ms	浙江省	绍兴市	这里是日志信息......
2022-09-16 17:15:52.902833	[INFO]	goods_manager.py	响应时间:867ms	湖南省	长沙市	这里是日志信息......
2022-09-16 17:15:52.902833	[INFO]	barcode_service.py	响应时间:178ms	湖南省	常德市	这里是日志信息......
2022-09-16 17:15:52.902833	[INFO]	orders_service.py	响应时间:97ms	上海市	宝山区	这里是日志信息......
2022-09-16 17:15:52.902833	[INFO]	event.py	响应时间:364ms	天津市	河西区	这里是日志信息......
2022-09-16 17:15:52.902833	[INFO]	base_network.py	响应时间:514ms	上海市	浦东新区	这里是日志信息......
2022-09-16 17:15:52.902833	[INFO]	barcode_service.py	响应时间:567ms	浙江省	金华市	这里是日志信息......
2022-09-16 17:15:52.902833	[INFO]	goods_manager.py	响应时间:776ms	上海市	静安区	这里是日志信息......
2022-09-16 17:15:52.902833	[INFO]	goods_manager.py	响应时间:376ms	重庆市	涪陵区	这里是日志信息......
2022-09-16 17:15:52.902833	[INFO]	goods_manager.py	响应时间:991ms	安徽省	阜阳市	这里是日志信息......
2022-09-16 17:15:52.902833	[WARN]	user_manager.py	响应时间:44ms	广东省	广州市	这里是日志信息......
2022-09-16 17:15:52.902833	[INFO]	event.py	响应时间:3ms	天津市	河东区	这里是日志信息......
2022-09-16 17:15:52.902833	[INFO]	orders_service.py	响应时间:808ms	浙江省	舟山市	这里是日志信息......
2022-09-16 17:15:52.902833	[INFO]	goods_manager.py	响应时间:88ms	湖北省	荆州市	这里是日志信息......
2022-09-16 17:15:52.902833	[INFO]	user_manager.py	响应时间:437ms	湖北省	武汉市	这里是日志信息......
2022-09-16 17:15:52.902833	[INFO]	event.py	响应时间:811ms	北京市	海淀区	这里是日志信息......
2022-09-16 17:15:52.902833	[INFO]	orders_service.py	响应时间:505ms	湖南省	长沙市	这里是日志信息......
2022-09-16 17:15:52.902833	[INFO]	event.py	响应时间:189ms	山东省	青岛市	这里是日志信息......
2022-09-16 17:15:52.902833	[INFO]	event.py	响应时间:757ms	上海市	普陀区	这里是日志信息......
2022-09-16 17:15:52.902833	[INFO]	barcode_service.py	响应时间:371ms	山东省	青岛市	这里是日志信息......
2022-09-16 17:15:52.902833	[INFO]	orders_service.py	响应时间:831ms	天津市	武清区	这里是日志信息......
2022-09-16 17:15:52.902833	[INFO]	user_manager.py	响应时间:489ms	江苏省	无锡市	这里是日志信息......
2022-09-16 17:15:52.902833	[INFO]	event.py	响应时间:290ms	天津市	河西区	这里是日志信息......
2022-09-16 17:15:52.902833	[INFO]	orders_service.py	响应时间:228ms	湖南省	长沙市	这里是日志信息......
2022-09-16 17:15:52.902833	[WARN]	user_manager.py	响应时间:659ms	浙江省	绍兴市	这里是日志信息......
2022-09-16 17:15:52.902833	[INFO]	user_manager.py	响应时间:275ms	天津市	宝坻区	这里是日志信息......
2022-09-16 17:15:52.902833	[WARN]	event.py	响应时间:16ms	广东省	深圳市	这里是日志信息......
2022-09-16 17:15:52.902833	[INFO]	user_manager.py	响应时间:348ms	上海市	杨浦区	这里是日志信息......
2022-09-16 17:15:52.902833	[WARN]	barcode_service.py	响应时间:630ms	安徽省	合肥市	这里是日志信息......
2022-09-16 17:15:52.902833	[INFO]	base_network.py	响应时间:36ms	湖北省	恩施土家族苗族自治州	这里是日志信息......
2022-09-16 17:15:52.902833	[WARN]	orders_service.py	响应时间:831ms	江苏省	南京市	这里是日志信息......
2022-09-16 17:15:52.902833	[INFO]	event.py	响应时间:237ms	北京市	海淀区	这里是日志信息......
2022-09-16 17:15:52.902833	[INFO]	orders_service.py	响应时间:710ms	广东省	广州市	这里是日志信息......
2022-09-16 17:15:52.902833	[INFO]	goods_manager.py	响应时间:701ms	天津市	武清区	这里是日志信息......
2022-09-16 17:15:52.902833	[INFO]	event.py	响应时间:485ms	重庆市	万州区	这里是日志信息......
2022-09-16 17:15:52.902833	[INFO]	user_manager.py	响应时间:412ms	湖北省	十堰市	这里是日志信息......
2022-09-16 17:15:52.902833	[INFO]	barcode_service.py	响应时间:110ms	安徽省	阜阳市	这里是日志信息......
2022-09-16 17:15:52.902833	[WARN]	event.py	响应时间:202ms	上海市	静安区	这里是日志信息......
2022-09-16 17:15:52.902833	[INFO]	user_manager.py	响应时间:779ms	北京市	朝阳区	这里是日志信息......
2022-09-16 17:15:52.902833	[INFO]	orders_service.py	响应时间:560ms	广东省	广州市	这里是日志信息......
2022-09-16 17:15:52.902833	[INFO]	event.py	响应时间:322ms	湖南省	益阳市	这里是日志信息......
2022-09-16 17:15:52.902833	[INFO]	goods_manager.py	响应时间:838ms	北京市	昌平区	这里是日志信息......
2022-09-16 17:15:52.902833	[WARN]	barcode_service.py	响应时间:289ms	山东省	济南市	这里是日志信息......
2022-09-16 17:15:52.902833	[INFO]	orders_service.py	响应时间:990ms	江苏省	张家港市	这里是日志信息......
2022-09-16 17:15:52.902833	[INFO]	orders_service.py	响应时间:1301ms	重庆市	南岸区	这里是日志信息......
2022-09-16 17:15:52.902833	[INFO]	barcode_service.py	响应时间:951ms	重庆市	沙坪坝区	这里是日志信息......
2022-09-16 17:15:52.902833	[INFO]	goods_manager.py	响应时间:757ms	上海市	宝山区	这里是日志信息......
2022-09-16 17:15:52.902833	[WARN]	barcode_service.py	响应时间:316ms	上海市	普陀区	这里是日志信息......
2022-09-16 17:15:52.902833	[INFO]	orders_service.py	响应时间:239ms	山东省	青岛市	这里是日志信息......
2022-09-16 17:15:52.902833	[INFO]	goods_manager.py	响应时间:843ms	北京市	海淀区	这里是日志信息......
2022-09-16 17:15:52.902833	[INFO]	shop_manager.py	响应时间:768ms	天津市	河东区	这里是日志信息......
2022-09-16 17:15:52.902833	[INFO]	user_manager.py	响应时间:638ms	安徽省	阜阳市	这里是日志信息......
2022-09-16 17:15:52.902833	[INFO]	user_manager.py	响应时间:482ms	湖南省	长沙市	这里是日志信息......
2022-09-16 17:15:52.902833	[INFO]	orders_service.py	响应时间:320ms	湖北省	荆州市	这里是日志信息......
2022-09-16 17:15:52.902833	[INFO]	goods_manager.py	响应时间:358ms	浙江省	嘉兴市	这里是日志信息......
2022-09-16 17:15:52.902833	[INFO]	base_network.py	响应时间:593ms	湖南省	张家界市	这里是日志信息......
2022-09-16 17:15:52.902833	[INFO]	event.py	响应时间:768ms	浙江省	杭州市	这里是日志信息......
2022-09-16 17:15:52.902833	[INFO]	event.py	响应时间:621ms	湖北省	武汉市	这里是日志信息......
2022-09-16 17:15:52.902833	[INFO]	shop_manager.py	响应时间:390ms	江苏省	张家港市	这里是日志信息......
2022-09-16 17:15:52.902833	[INFO]	barcode_service.py	响应时间:456ms	江苏省	宿迁市	这里是日志信息......
2022-09-16 17:15:52.902833	[INFO]	shop_manager.py	响应时间:401ms	重庆市	万州区	这里是日志信息......
2022-09-16 17:15:52.902833	[INFO]	orders_service.py	响应时间:770ms	上海市	徐汇区	这里是日志信息......
2022-09-16 17:15:52.902833	[INFO]	barcode_service.py	响应时间:697ms	江苏省	常州市	这里是日志信息......
2022-09-16 17:15:52.902833	[ERROR]	shop_manager.py	响应时间:816ms	天津市	河西区	这里是日志信息......
2022-09-16 17:15:52.902833	[INFO]	shop_manager.py	响应时间:311ms	天津市	河东区	这里是日志信息......
2022-09-16 17:15:52.902833	[INFO]	shop_manager.py	响应时间:586ms	湖南省	长沙市	这里是日志信息......
2022-09-16 17:15:52.902833	[INFO]	orders_service.py	响应时间:215ms	北京市	大兴区	这里是日志信息......
