2022-09-16 14:53:55.736706	[INFO]	barcode_service.py	响应时间:181ms	山东省	菏泽市	这里是日志信息......
2022-09-16 14:53:55.736706	[WARN]	event.py	响应时间:632ms	山东省	青岛市	这里是日志信息......
2022-09-16 14:53:55.736706	[INFO]	barcode_service.py	响应时间:14ms	湖南省	常德市	这里是日志信息......
2022-09-16 14:53:55.736706	[INFO]	event.py	响应时间:472ms	重庆市	渝中区	这里是日志信息......
2022-09-16 14:53:55.736706	[WARN]	event.py	响应时间:867ms	北京市	朝阳区	这里是日志信息......
2022-09-16 14:53:55.736706	[INFO]	base_network.py	响应时间:3ms	安徽省	合肥市	这里是日志信息......
2022-09-16 14:53:55.736706	[INFO]	goods_manager.py	响应时间:305ms	重庆市	涪陵区	这里是日志信息......
2022-09-16 14:53:55.736706	[INFO]	user_manager.py	响应时间:563ms	天津市	和平区	这里是日志信息......
2022-09-16 14:53:55.736706	[INFO]	event.py	响应时间:388ms	北京市	丰台区	这里是日志信息......
2022-09-16 14:53:55.737712	[WARN]	event.py	响应时间:934ms	重庆市	沙坪坝区	这里是日志信息......
2022-09-16 14:53:55.737712	[INFO]	event.py	响应时间:965ms	安徽省	合肥市	这里是日志信息......
2022-09-16 14:53:55.737712	[INFO]	event.py	响应时间:406ms	重庆市	沙坪坝区	这里是日志信息......
2022-09-16 14:53:55.737712	[INFO]	goods_manager.py	响应时间:582ms	重庆市	万州区	这里是日志信息......
2022-09-16 14:53:55.737712	[INFO]	goods_manager.py	响应时间:1ms	湖南省	长沙市	这里是日志信息......
2022-09-16 14:53:55.737712	[INFO]	orders_service.py	响应时间:688ms	广东省	深圳市	这里是日志信息......
2022-09-16 14:53:55.737712	[INFO]	shop_manager.py	响应时间:972ms	天津市	武清区	这里是日志信息......
2022-09-16 14:53:55.737712	[ERROR]	event.py	响应时间:65ms	天津市	宝坻区	这里是日志信息......
2022-09-16 14:53:55.737712	[INFO]	barcode_service.py	响应时间:419ms	天津市	河东区	这里是日志信息......
2022-09-16 14:53:55.737712	[INFO]	goods_manager.py	响应时间:484ms	上海市	普陀区	这里是日志信息......
2022-09-16 14:53:55.737712	[INFO]	orders_service.py	响应时间:584ms	湖南省	张家界市	这里是日志信息......
2022-09-16 14:53:55.737712	[INFO]	orders_service.py	响应时间:654ms	天津市	武清区	这里是日志信息......
2022-09-16 14:53:55.737712	[INFO]	orders_service.py	响应时间:303ms	湖北省	武汉市	这里是日志信息......
2022-09-16 14:53:55.737712	[INFO]	base_network.py	响应时间:878ms	上海市	黄浦区	这里是日志信息......
2022-09-16 14:53:55.737712	[INFO]	goods_manager.py	响应时间:664ms	湖南省	长沙市	这里是日志信息......
2022-09-16 14:53:55.737712	[WARN]	goods_manager.py	响应时间:491ms	江苏省	南京市	这里是日志信息......
2022-09-16 14:53:55.737712	[INFO]	orders_service.py	响应时间:314ms	上海市	浦东新区	这里是日志信息......
2022-09-16 14:53:55.737712	[INFO]	user_manager.py	响应时间:956ms	浙江省	绍兴市	这里是日志信息......
2022-09-16 14:53:55.737712	[INFO]	user_manager.py	响应时间:829ms	湖南省	常德市	这里是日志信息......
2022-09-16 14:53:55.737712	[INFO]	event.py	响应时间:311ms	天津市	宝坻区	这里是日志信息......
2022-09-16 14:53:55.737712	[INFO]	goods_manager.py	响应时间:516ms	重庆市	渝中区	这里是日志信息......
2022-09-16 14:53:55.737712	[INFO]	orders_service.py	响应时间:821ms	湖南省	株洲市	这里是日志信息......
2022-09-16 14:53:55.737712	[INFO]	goods_manager.py	响应时间:319ms	上海市	徐汇区	这里是日志信息......
2022-09-16 14:53:55.737712	[INFO]	orders_service.py	响应时间:22ms	湖北省	荆州市	这里是日志信息......
2022-09-16 14:53:55.737712	[INFO]	user_manager.py	响应时间:506ms	浙江省	湖州市	这里是日志信息......
2022-09-16 14:53:55.737712	[INFO]	event.py	响应时间:926ms	安徽省	阜阳市	这里是日志信息......
2022-09-16 14:53:55.737712	[WARN]	user_manager.py	响应时间:249ms	天津市	武清区	这里是日志信息......
2022-09-16 14:53:55.737712	[INFO]	base_network.py	响应时间:347ms	江苏省	南京市	这里是日志信息......
2022-09-16 14:53:55.737712	[INFO]	goods_manager.py	响应时间:148ms	浙江省	绍兴市	这里是日志信息......
2022-09-16 14:53:55.737712	[WARN]	event.py	响应时间:879ms	上海市	静安区	这里是日志信息......
2022-09-16 14:53:55.737712	[INFO]	shop_manager.py	响应时间:26ms	浙江省	杭州市	这里是日志信息......
2022-09-16 14:53:55.737712	[INFO]	event.py	响应时间:236ms	上海市	杨浦区	这里是日志信息......
2022-09-16 14:53:55.737712	[INFO]	event.py	响应时间:7898ms	湖南省	常德市	这里是日志信息......
2022-09-16 14:53:55.737712	[ERROR]	goods_manager.py	响应时间:334ms	浙江省	嘉兴市	这里是日志信息......
2022-09-16 14:53:55.737712	[INFO]	goods_manager.py	响应时间:190ms	安徽省	铜陵市	这里是日志信息......
2022-09-16 14:53:55.737712	[INFO]	user_manager.py	响应时间:324ms	山东省	青岛市	这里是日志信息......
2022-09-16 14:53:55.737712	[INFO]	event.py	响应时间:939ms	山东省	青岛市	这里是日志信息......
2022-09-16 14:53:55.737712	[ERROR]	user_manager.py	响应时间:141ms	广东省	广州市	这里是日志信息......
2022-09-16 14:53:55.737712	[INFO]	user_manager.py	响应时间:998ms	浙江省	绍兴市	这里是日志信息......
2022-09-16 14:53:55.737712	[INFO]	barcode_service.py	响应时间:755ms	天津市	宝坻区	这里是日志信息......
2022-09-16 14:53:55.737712	[INFO]	event.py	响应时间:515ms	安徽省	阜阳市	这里是日志信息......
2022-09-16 14:53:55.737712	[INFO]	orders_service.py	响应时间:812ms	安徽省	合肥市	这里是日志信息......
2022-09-16 14:53:55.737712	[INFO]	goods_manager.py	响应时间:513ms	上海市	徐汇区	这里是日志信息......
2022-09-16 14:53:55.737712	[WARN]	orders_service.py	响应时间:913ms	浙江省	丽水市	这里是日志信息......
2022-09-16 14:53:55.737712	[INFO]	event.py	响应时间:502ms	浙江省	湖州市	这里是日志信息......
2022-09-16 14:53:55.737712	[INFO]	orders_service.py	响应时间:451ms	湖北省	武汉市	这里是日志信息......
2022-09-16 14:53:55.737712	[INFO]	user_manager.py	响应时间:552ms	上海市	静安区	这里是日志信息......
2022-09-16 14:53:55.737712	[INFO]	base_network.py	响应时间:352ms	重庆市	九龙坡区	这里是日志信息......
2022-09-16 14:53:55.737712	[INFO]	event.py	响应时间:800ms	北京市	昌平区	这里是日志信息......
2022-09-16 14:53:55.737712	[WARN]	goods_manager.py	响应时间:901ms	江苏省	苏州市	这里是日志信息......
2022-09-16 14:53:55.737712	[INFO]	orders_service.py	响应时间:134ms	重庆市	万州区	这里是日志信息......
2022-09-16 14:53:55.737712	[ERROR]	orders_service.py	响应时间:597ms	重庆市	九龙坡区	这里是日志信息......
2022-09-16 14:53:55.737712	[WARN]	event.py	响应时间:331ms	北京市	海淀区	这里是日志信息......
2022-09-16 14:53:55.737712	[WARN]	goods_manager.py	响应时间:7545ms	江苏省	苏州市	这里是日志信息......
2022-09-16 14:53:55.737712	[WARN]	barcode_service.py	响应时间:153ms	重庆市	万州区	这里是日志信息......
2022-09-16 14:53:55.737712	[INFO]	barcode_service.py	响应时间:917ms	重庆市	万州区	这里是日志信息......
2022-09-16 14:53:55.737712	[WARN]	goods_manager.py	响应时间:179ms	安徽省	阜阳市	这里是日志信息......
2022-09-16 14:53:55.737712	[INFO]	event.py	响应时间:579ms	上海市	静安区	这里是日志信息......
2022-09-16 14:53:55.737712	[WARN]	shop_manager.py	响应时间:770ms	江苏省	常州市	这里是日志信息......
2022-09-16 14:53:55.737712	[INFO]	user_manager.py	响应时间:524ms	湖南省	长沙市	这里是日志信息......
2022-09-16 14:53:55.737712	[INFO]	orders_service.py	响应时间:351ms	湖南省	益阳市	这里是日志信息......
2022-09-16 14:53:55.738712	[WARN]	orders_service.py	响应时间:191ms	上海市	宝山区	这里是日志信息......
2022-09-16 14:53:55.738712	[INFO]	goods_manager.py	响应时间:153ms	重庆市	九龙坡区	这里是日志信息......
2022-09-16 14:53:55.738712	[INFO]	event.py	响应时间:492ms	广东省	深圳市	这里是日志信息......
2022-09-16 14:53:55.738712	[INFO]	barcode_service.py	响应时间:885ms	广东省	深圳市	这里是日志信息......
2022-09-16 14:53:55.738712	[INFO]	event.py	响应时间:4542ms	湖南省	长沙市	这里是日志信息......
2022-09-16 14:53:55.738712	[WARN]	barcode_service.py	响应时间:275ms	广东省	广州市	这里是日志信息......
2022-09-16 14:53:55.738712	[INFO]	event.py	响应时间:515ms	北京市	丰台区	这里是日志信息......
2022-09-16 14:53:55.738712	[INFO]	event.py	响应时间:306ms	安徽省	池州市	这里是日志信息......
2022-09-16 14:53:55.738712	[INFO]	shop_manager.py	响应时间:8298ms	山东省	青岛市	这里是日志信息......
2022-09-16 14:53:55.738712	[INFO]	user_manager.py	响应时间:643ms	湖北省	荆州市	这里是日志信息......
2022-09-16 14:53:55.738712	[INFO]	goods_manager.py	响应时间:370ms	湖南省	长沙市	这里是日志信息......
2022-09-16 14:53:55.738712	[INFO]	event.py	响应时间:656ms	上海市	浦东新区	这里是日志信息......
2022-09-16 14:53:55.738712	[INFO]	goods_manager.py	响应时间:427ms	天津市	河东区	这里是日志信息......
2022-09-16 14:53:55.738712	[INFO]	base_network.py	响应时间:847ms	浙江省	舟山市	这里是日志信息......
2022-09-16 14:53:55.738712	[INFO]	orders_service.py	响应时间:529ms	江苏省	南京市	这里是日志信息......
2022-09-16 14:53:55.738712	[WARN]	goods_manager.py	响应时间:313ms	山东省	济南市	这里是日志信息......
2022-09-16 14:53:55.738712	[INFO]	orders_service.py	响应时间:183ms	天津市	河西区	这里是日志信息......
2022-09-16 14:53:55.738712	[INFO]	event.py	响应时间:317ms	上海市	静安区	这里是日志信息......
2022-09-16 14:53:55.738712	[INFO]	shop_manager.py	响应时间:563ms	广东省	珠海市	这里是日志信息......
2022-09-16 14:53:55.738712	[INFO]	user_manager.py	响应时间:252ms	安徽省	池州市	这里是日志信息......
2022-09-16 14:53:55.738712	[INFO]	goods_manager.py	响应时间:924ms	北京市	朝阳区	这里是日志信息......
2022-09-16 14:53:55.738712	[INFO]	user_manager.py	响应时间:835ms	浙江省	舟山市	这里是日志信息......
2022-09-16 14:53:55.738712	[INFO]	user_manager.py	响应时间:907ms	江苏省	苏州市	这里是日志信息......
2022-09-16 14:53:55.738712	[INFO]	goods_manager.py	响应时间:381ms	重庆市	万州区	这里是日志信息......
2022-09-16 14:53:55.738712	[INFO]	user_manager.py	响应时间:629ms	湖北省	武汉市	这里是日志信息......
2022-09-16 14:53:55.738712	[INFO]	goods_manager.py	响应时间:64ms	江苏省	苏州市	这里是日志信息......
2022-09-16 14:53:55.738712	[INFO]	user_manager.py	响应时间:954ms	上海市	静安区	这里是日志信息......
2022-09-16 14:53:55.738712	[WARN]	event.py	响应时间:896ms	安徽省	合肥市	这里是日志信息......
2022-09-16 14:53:55.738712	[INFO]	user_manager.py	响应时间:212ms	广东省	广州市	这里是日志信息......
2022-09-16 14:53:55.738712	[INFO]	barcode_service.py	响应时间:337ms	江苏省	宿迁市	这里是日志信息......
2022-09-16 14:53:55.738712	[INFO]	barcode_service.py	响应时间:483ms	湖北省	十堰市	这里是日志信息......
2022-09-16 14:53:55.738712	[INFO]	event.py	响应时间:873ms	北京市	海淀区	这里是日志信息......
2022-09-16 14:53:55.738712	[INFO]	user_manager.py	响应时间:632ms	山东省	济南市	这里是日志信息......
2022-09-16 14:53:55.738712	[INFO]	base_network.py	响应时间:127ms	天津市	河东区	这里是日志信息......
2022-09-16 14:53:55.738712	[WARN]	event.py	响应时间:497ms	广东省	深圳市	这里是日志信息......
2022-09-16 14:53:55.738712	[INFO]	event.py	响应时间:668ms	山东省	济南市	这里是日志信息......
2022-09-16 14:53:55.738712	[WARN]	event.py	响应时间:16ms	安徽省	合肥市	这里是日志信息......
2022-09-16 14:53:55.738712	[INFO]	user_manager.py	响应时间:275ms	江苏省	无锡市	这里是日志信息......
2022-09-16 14:53:55.738712	[INFO]	event.py	响应时间:514ms	山东省	青岛市	这里是日志信息......
2022-09-16 14:53:55.738712	[INFO]	goods_manager.py	响应时间:727ms	安徽省	池州市	这里是日志信息......
2022-09-16 14:53:55.738712	[INFO]	event.py	响应时间:22ms	上海市	宝山区	这里是日志信息......
2022-09-16 14:53:55.738712	[INFO]	event.py	响应时间:586ms	天津市	宝坻区	这里是日志信息......
2022-09-16 14:53:55.738712	[INFO]	event.py	响应时间:907ms	江苏省	常州市	这里是日志信息......
2022-09-16 14:53:55.738712	[INFO]	event.py	响应时间:482ms	山东省	青岛市	这里是日志信息......
2022-09-16 14:53:55.738712	[INFO]	user_manager.py	响应时间:418ms	北京市	海淀区	这里是日志信息......
2022-09-16 14:53:55.738712	[INFO]	event.py	响应时间:77ms	山东省	济南市	这里是日志信息......
2022-09-16 14:53:55.738712	[INFO]	barcode_service.py	响应时间:163ms	安徽省	铜陵市	这里是日志信息......
2022-09-16 14:53:55.738712	[INFO]	goods_manager.py	响应时间:336ms	上海市	浦东新区	这里是日志信息......
2022-09-16 14:53:55.738712	[INFO]	base_network.py	响应时间:402ms	安徽省	合肥市	这里是日志信息......
2022-09-16 14:53:55.738712	[INFO]	orders_service.py	响应时间:436ms	上海市	黄浦区	这里是日志信息......
2022-09-16 14:53:55.738712	[INFO]	goods_manager.py	响应时间:969ms	广东省	珠海市	这里是日志信息......
2022-09-16 14:53:55.738712	[INFO]	event.py	响应时间:4ms	重庆市	涪陵区	这里是日志信息......
2022-09-16 14:53:55.738712	[INFO]	goods_manager.py	响应时间:617ms	北京市	朝阳区	这里是日志信息......
2022-09-16 14:53:55.738712	[INFO]	goods_manager.py	响应时间:691ms	天津市	宝坻区	这里是日志信息......
2022-09-16 14:53:55.738712	[INFO]	goods_manager.py	响应时间:110ms	上海市	徐汇区	这里是日志信息......
2022-09-16 14:53:55.738712	[INFO]	orders_service.py	响应时间:927ms	江苏省	苏州市	这里是日志信息......
2022-09-16 14:53:55.738712	[INFO]	goods_manager.py	响应时间:447ms	上海市	黄浦区	这里是日志信息......
2022-09-16 14:53:55.738712	[INFO]	barcode_service.py	响应时间:656ms	浙江省	舟山市	这里是日志信息......
2022-09-16 14:53:55.738712	[INFO]	shop_manager.py	响应时间:169ms	广东省	广州市	这里是日志信息......
2022-09-16 14:53:55.738712	[INFO]	barcode_service.py	响应时间:751ms	安徽省	铜陵市	这里是日志信息......
2022-09-16 14:53:55.738712	[WARN]	user_manager.py	响应时间:225ms	安徽省	合肥市	这里是日志信息......
2022-09-16 14:53:55.738712	[INFO]	user_manager.py	响应时间:673ms	天津市	河西区	这里是日志信息......
2022-09-16 14:53:55.738712	[INFO]	event.py	响应时间:859ms	江苏省	苏州市	这里是日志信息......
2022-09-16 14:53:55.738712	[WARN]	orders_service.py	响应时间:606ms	安徽省	合肥市	这里是日志信息......
2022-09-16 14:53:55.738712	[INFO]	base_network.py	响应时间:831ms	上海市	徐汇区	这里是日志信息......
2022-09-16 14:53:55.738712	[INFO]	event.py	响应时间:164ms	天津市	和平区	这里是日志信息......
2022-09-16 14:53:55.738712	[INFO]	event.py	响应时间:816ms	山东省	青岛市	这里是日志信息......
2022-09-16 14:53:55.738712	[INFO]	user_manager.py	响应时间:309ms	湖北省	十堰市	这里是日志信息......
2022-09-16 14:53:55.738712	[WARN]	goods_manager.py	响应时间:831ms	江苏省	苏州市	这里是日志信息......
2022-09-16 14:53:55.738712	[INFO]	goods_manager.py	响应时间:4443ms	广东省	深圳市	这里是日志信息......
2022-09-16 14:53:55.738712	[INFO]	event.py	响应时间:211ms	上海市	浦东新区	这里是日志信息......
2022-09-16 14:53:55.739698	[INFO]	event.py	响应时间:571ms	广东省	深圳市	这里是日志信息......
2022-09-16 14:53:55.739698	[INFO]	user_manager.py	响应时间:333ms	北京市	怀柔区	这里是日志信息......
2022-09-16 14:53:55.739698	[WARN]	goods_manager.py	响应时间:871ms	广东省	深圳市	这里是日志信息......
2022-09-16 14:53:55.739698	[INFO]	barcode_service.py	响应时间:557ms	北京市	朝阳区	这里是日志信息......
2022-09-16 14:53:55.739698	[INFO]	orders_service.py	响应时间:402ms	广东省	广州市	这里是日志信息......
2022-09-16 14:53:55.739698	[INFO]	barcode_service.py	响应时间:150ms	重庆市	涪陵区	这里是日志信息......
2022-09-16 14:53:55.739698	[INFO]	orders_service.py	响应时间:336ms	浙江省	绍兴市	这里是日志信息......
2022-09-16 14:53:55.739698	[INFO]	shop_manager.py	响应时间:505ms	浙江省	杭州市	这里是日志信息......
2022-09-16 14:53:55.739698	[INFO]	goods_manager.py	响应时间:932ms	北京市	朝阳区	这里是日志信息......
2022-09-16 14:53:55.739698	[INFO]	user_manager.py	响应时间:748ms	安徽省	六安市	这里是日志信息......
2022-09-16 14:53:55.739698	[INFO]	orders_service.py	响应时间:542ms	浙江省	嘉兴市	这里是日志信息......
2022-09-16 14:53:55.739698	[WARN]	orders_service.py	响应时间:237ms	安徽省	池州市	这里是日志信息......
2022-09-16 14:53:55.739698	[WARN]	user_manager.py	响应时间:194ms	江苏省	宿迁市	这里是日志信息......
2022-09-16 14:53:55.739698	[INFO]	user_manager.py	响应时间:297ms	浙江省	杭州市	这里是日志信息......
2022-09-16 14:53:55.739698	[INFO]	user_manager.py	响应时间:581ms	北京市	昌平区	这里是日志信息......
2022-09-16 14:53:55.739698	[INFO]	goods_manager.py	响应时间:276ms	上海市	普陀区	这里是日志信息......
2022-09-16 14:53:55.739698	[INFO]	base_network.py	响应时间:907ms	安徽省	芜湖市	这里是日志信息......
2022-09-16 14:53:55.739698	[INFO]	goods_manager.py	响应时间:718ms	广东省	深圳市	这里是日志信息......
2022-09-16 14:53:55.739698	[INFO]	event.py	响应时间:802ms	重庆市	沙坪坝区	这里是日志信息......
2022-09-16 14:53:55.739698	[INFO]	goods_manager.py	响应时间:510ms	安徽省	铜陵市	这里是日志信息......
2022-09-16 14:53:55.739698	[ERROR]	orders_service.py	响应时间:187ms	北京市	大兴区	这里是日志信息......
2022-09-16 14:53:55.739698	[INFO]	event.py	响应时间:179ms	湖南省	株洲市	这里是日志信息......
2022-09-16 14:53:55.739698	[INFO]	barcode_service.py	响应时间:764ms	安徽省	池州市	这里是日志信息......
2022-09-16 14:53:55.739698	[INFO]	user_manager.py	响应时间:950ms	浙江省	杭州市	这里是日志信息......
2022-09-16 14:53:55.739698	[INFO]	base_network.py	响应时间:672ms	上海市	徐汇区	这里是日志信息......
2022-09-16 14:53:55.739698	[INFO]	event.py	响应时间:117ms	浙江省	金华市	这里是日志信息......
2022-09-16 14:53:55.739698	[INFO]	event.py	响应时间:49ms	浙江省	杭州市	这里是日志信息......
2022-09-16 14:53:55.739698	[INFO]	event.py	响应时间:237ms	天津市	武清区	这里是日志信息......
2022-09-16 14:53:55.739698	[INFO]	base_network.py	响应时间:259ms	湖北省	荆州市	这里是日志信息......
2022-09-16 14:53:55.739698	[INFO]	user_manager.py	响应时间:38ms	浙江省	杭州市	这里是日志信息......
2022-09-16 14:53:55.739698	[INFO]	barcode_service.py	响应时间:307ms	湖北省	武汉市	这里是日志信息......
2022-09-16 14:53:55.739698	[INFO]	barcode_service.py	响应时间:863ms	广东省	深圳市	这里是日志信息......
2022-09-16 14:53:55.739698	[INFO]	event.py	响应时间:872ms	天津市	河西区	这里是日志信息......
2022-09-16 14:53:55.739698	[INFO]	orders_service.py	响应时间:92ms	重庆市	万州区	这里是日志信息......
2022-09-16 14:53:55.739698	[INFO]	user_manager.py	响应时间:341ms	重庆市	南岸区	这里是日志信息......
2022-09-16 14:53:55.739698	[INFO]	orders_service.py	响应时间:209ms	江苏省	南京市	这里是日志信息......
2022-09-16 14:53:55.739698	[INFO]	base_network.py	响应时间:633ms	北京市	昌平区	这里是日志信息......
2022-09-16 14:53:55.739698	[INFO]	event.py	响应时间:558ms	湖北省	武汉市	这里是日志信息......
2022-09-16 14:53:55.739698	[INFO]	event.py	响应时间:490ms	江苏省	南京市	这里是日志信息......
2022-09-16 14:53:55.739698	[WARN]	goods_manager.py	响应时间:808ms	广东省	广州市	这里是日志信息......
2022-09-16 14:53:55.739698	[INFO]	base_network.py	响应时间:40ms	湖南省	常德市	这里是日志信息......
2022-09-16 14:53:55.739698	[INFO]	orders_service.py	响应时间:783ms	湖北省	武汉市	这里是日志信息......
2022-09-16 14:53:55.739698	[INFO]	orders_service.py	响应时间:537ms	上海市	宝山区	这里是日志信息......
2022-09-16 14:53:55.739698	[INFO]	event.py	响应时间:37ms	上海市	浦东新区	这里是日志信息......
2022-09-16 14:53:55.739698	[INFO]	event.py	响应时间:409ms	上海市	杨浦区	这里是日志信息......
2022-09-16 14:53:55.739698	[INFO]	orders_service.py	响应时间:206ms	广东省	珠海市	这里是日志信息......
2022-09-16 14:53:55.739698	[INFO]	orders_service.py	响应时间:264ms	安徽省	合肥市	这里是日志信息......
2022-09-16 14:53:55.739698	[INFO]	goods_manager.py	响应时间:285ms	山东省	济南市	这里是日志信息......
2022-09-16 14:53:55.739698	[INFO]	barcode_service.py	响应时间:168ms	湖北省	十堰市	这里是日志信息......
2022-09-16 14:53:55.739698	[ERROR]	event.py	响应时间:8938ms	上海市	徐汇区	这里是日志信息......
2022-09-16 14:53:55.739698	[WARN]	barcode_service.py	响应时间:442ms	安徽省	合肥市	这里是日志信息......
2022-09-16 14:53:55.739698	[INFO]	event.py	响应时间:959ms	山东省	菏泽市	这里是日志信息......
2022-09-16 14:53:55.739698	[INFO]	event.py	响应时间:985ms	广东省	深圳市	这里是日志信息......
2022-09-16 14:53:55.739698	[INFO]	event.py	响应时间:433ms	湖南省	株洲市	这里是日志信息......
2022-09-16 14:53:55.739698	[INFO]	barcode_service.py	响应时间:340ms	湖南省	株洲市	这里是日志信息......
2022-09-16 14:53:55.739698	[INFO]	goods_manager.py	响应时间:763ms	江苏省	南京市	这里是日志信息......
2022-09-16 14:53:55.739698	[INFO]	shop_manager.py	响应时间:874ms	重庆市	沙坪坝区	这里是日志信息......
2022-09-16 14:53:55.739698	[INFO]	goods_manager.py	响应时间:8ms	江苏省	苏州市	这里是日志信息......
2022-09-16 14:53:55.739698	[INFO]	event.py	响应时间:83ms	湖南省	长沙市	这里是日志信息......
2022-09-16 14:53:55.739698	[INFO]	orders_service.py	响应时间:240ms	浙江省	舟山市	这里是日志信息......
2022-09-16 14:53:55.739698	[INFO]	goods_manager.py	响应时间:26ms	广东省	深圳市	这里是日志信息......
2022-09-16 14:53:55.739698	[INFO]	goods_manager.py	响应时间:841ms	安徽省	合肥市	这里是日志信息......
2022-09-16 14:53:55.739698	[INFO]	orders_service.py	响应时间:322ms	浙江省	绍兴市	这里是日志信息......
2022-09-16 14:53:55.739698	[INFO]	event.py	响应时间:756ms	北京市	昌平区	这里是日志信息......
2022-09-16 14:53:55.739698	[INFO]	barcode_service.py	响应时间:880ms	江苏省	宿迁市	这里是日志信息......
2022-09-16 14:53:55.739698	[INFO]	orders_service.py	响应时间:512ms	浙江省	丽水市	这里是日志信息......
2022-09-16 14:53:55.739698	[INFO]	orders_service.py	响应时间:310ms	天津市	河西区	这里是日志信息......
2022-09-16 14:53:55.739698	[INFO]	goods_manager.py	响应时间:688ms	安徽省	阜阳市	这里是日志信息......
2022-09-16 14:53:55.740719	[INFO]	goods_manager.py	响应时间:504ms	广东省	深圳市	这里是日志信息......
2022-09-16 14:53:55.740719	[INFO]	orders_service.py	响应时间:288ms	天津市	武清区	这里是日志信息......
2022-09-16 14:53:55.740719	[INFO]	event.py	响应时间:31ms	湖南省	长沙市	这里是日志信息......
2022-09-16 14:53:55.740719	[INFO]	orders_service.py	响应时间:731ms	广东省	广州市	这里是日志信息......
2022-09-16 14:53:55.740719	[INFO]	barcode_service.py	响应时间:839ms	天津市	宝坻区	这里是日志信息......
2022-09-16 14:53:55.740719	[INFO]	goods_manager.py	响应时间:283ms	安徽省	铜陵市	这里是日志信息......
2022-09-16 14:53:55.740719	[INFO]	goods_manager.py	响应时间:264ms	上海市	杨浦区	这里是日志信息......
2022-09-16 14:53:55.740719	[INFO]	event.py	响应时间:370ms	湖北省	荆州市	这里是日志信息......
2022-09-16 14:53:55.740719	[INFO]	event.py	响应时间:536ms	安徽省	合肥市	这里是日志信息......
2022-09-16 14:53:55.740719	[ERROR]	orders_service.py	响应时间:77ms	浙江省	杭州市	这里是日志信息......
2022-09-16 14:53:55.740719	[INFO]	orders_service.py	响应时间:958ms	安徽省	铜陵市	这里是日志信息......
2022-09-16 14:53:55.740719	[INFO]	goods_manager.py	响应时间:472ms	重庆市	涪陵区	这里是日志信息......
2022-09-16 14:53:55.740719	[INFO]	orders_service.py	响应时间:6419ms	浙江省	绍兴市	这里是日志信息......
2022-09-16 14:53:55.740719	[INFO]	base_network.py	响应时间:273ms	湖南省	长沙市	这里是日志信息......
2022-09-16 14:53:55.740719	[INFO]	event.py	响应时间:364ms	上海市	静安区	这里是日志信息......
2022-09-16 14:53:55.740719	[WARN]	base_network.py	响应时间:745ms	安徽省	六安市	这里是日志信息......
2022-09-16 14:53:55.740719	[INFO]	orders_service.py	响应时间:275ms	广东省	广州市	这里是日志信息......
2022-09-16 14:53:55.740719	[INFO]	shop_manager.py	响应时间:151ms	上海市	静安区	这里是日志信息......
2022-09-16 14:53:55.740719	[INFO]	orders_service.py	响应时间:813ms	江苏省	南京市	这里是日志信息......
2022-09-16 14:53:55.740719	[INFO]	goods_manager.py	响应时间:808ms	浙江省	丽水市	这里是日志信息......
2022-09-16 14:53:55.740719	[INFO]	orders_service.py	响应时间:993ms	湖北省	荆州市	这里是日志信息......
2022-09-16 14:53:55.740719	[INFO]	shop_manager.py	响应时间:246ms	江苏省	无锡市	这里是日志信息......
2022-09-16 14:53:55.740719	[INFO]	goods_manager.py	响应时间:5564ms	江苏省	南京市	这里是日志信息......
2022-09-16 14:53:55.740719	[INFO]	orders_service.py	响应时间:311ms	上海市	浦东新区	这里是日志信息......
2022-09-16 14:53:55.740719	[INFO]	goods_manager.py	响应时间:253ms	北京市	海淀区	这里是日志信息......
2022-09-16 14:53:55.740719	[INFO]	event.py	响应时间:871ms	江苏省	苏州市	这里是日志信息......
2022-09-16 14:53:55.740719	[WARN]	orders_service.py	响应时间:387ms	北京市	大兴区	这里是日志信息......
2022-09-16 14:53:55.740719	[INFO]	event.py	响应时间:932ms	湖北省	武汉市	这里是日志信息......
2022-09-16 14:53:55.740719	[INFO]	orders_service.py	响应时间:317ms	浙江省	湖州市	这里是日志信息......
2022-09-16 14:53:55.740719	[INFO]	barcode_service.py	响应时间:712ms	上海市	杨浦区	这里是日志信息......
2022-09-16 14:53:55.740719	[INFO]	orders_service.py	响应时间:240ms	北京市	海淀区	这里是日志信息......
2022-09-16 14:53:55.740719	[INFO]	event.py	响应时间:67ms	广东省	深圳市	这里是日志信息......
2022-09-16 14:53:55.740719	[INFO]	goods_manager.py	响应时间:960ms	湖北省	武汉市	这里是日志信息......
2022-09-16 14:53:55.740719	[INFO]	event.py	响应时间:113ms	广东省	深圳市	这里是日志信息......
2022-09-16 14:53:55.740719	[INFO]	user_manager.py	响应时间:468ms	安徽省	合肥市	这里是日志信息......
2022-09-16 14:53:55.740719	[WARN]	orders_service.py	响应时间:620ms	山东省	济南市	这里是日志信息......
2022-09-16 14:53:55.740719	[INFO]	barcode_service.py	响应时间:244ms	浙江省	舟山市	这里是日志信息......
2022-09-16 14:53:55.740719	[INFO]	event.py	响应时间:923ms	湖南省	长沙市	这里是日志信息......
2022-09-16 14:53:55.740719	[INFO]	orders_service.py	响应时间:931ms	重庆市	万州区	这里是日志信息......
2022-09-16 14:53:55.740719	[INFO]	event.py	响应时间:576ms	广东省	广州市	这里是日志信息......
2022-09-16 14:53:55.740719	[INFO]	goods_manager.py	响应时间:436ms	天津市	宝坻区	这里是日志信息......
2022-09-16 14:53:55.740719	[WARN]	goods_manager.py	响应时间:314ms	湖北省	十堰市	这里是日志信息......
2022-09-16 14:53:55.740719	[INFO]	goods_manager.py	响应时间:397ms	江苏省	苏州市	这里是日志信息......
2022-09-16 14:53:55.740719	[INFO]	event.py	响应时间:412ms	广东省	广州市	这里是日志信息......
2022-09-16 14:53:55.740719	[INFO]	shop_manager.py	响应时间:189ms	天津市	河西区	这里是日志信息......
2022-09-16 14:53:55.740719	[INFO]	user_manager.py	响应时间:691ms	北京市	怀柔区	这里是日志信息......
2022-09-16 14:53:55.740719	[INFO]	goods_manager.py	响应时间:282ms	广东省	深圳市	这里是日志信息......
2022-09-16 14:53:55.740719	[INFO]	goods_manager.py	响应时间:253ms	北京市	丰台区	这里是日志信息......
2022-09-16 14:53:55.740719	[INFO]	event.py	响应时间:272ms	天津市	和平区	这里是日志信息......
2022-09-16 14:53:55.740719	[INFO]	user_manager.py	响应时间:708ms	江苏省	南京市	这里是日志信息......
2022-09-16 14:53:55.740719	[INFO]	goods_manager.py	响应时间:285ms	重庆市	南岸区	这里是日志信息......
2022-09-16 14:53:55.740719	[INFO]	barcode_service.py	响应时间:108ms	湖南省	长沙市	这里是日志信息......
2022-09-16 14:53:55.740719	[INFO]	goods_manager.py	响应时间:971ms	重庆市	万州区	这里是日志信息......
2022-09-16 14:53:55.740719	[WARN]	goods_manager.py	响应时间:515ms	浙江省	杭州市	这里是日志信息......
2022-09-16 14:53:55.740719	[INFO]	goods_manager.py	响应时间:309ms	广东省	深圳市	这里是日志信息......
2022-09-16 14:53:55.740719	[INFO]	event.py	响应时间:123ms	上海市	浦东新区	这里是日志信息......
2022-09-16 14:53:55.740719	[INFO]	orders_service.py	响应时间:851ms	安徽省	芜湖市	这里是日志信息......
2022-09-16 14:53:55.740719	[INFO]	orders_service.py	响应时间:656ms	上海市	宝山区	这里是日志信息......
2022-09-16 14:53:55.740719	[INFO]	goods_manager.py	响应时间:99ms	安徽省	合肥市	这里是日志信息......
2022-09-16 14:53:55.740719	[INFO]	orders_service.py	响应时间:692ms	重庆市	沙坪坝区	这里是日志信息......
2022-09-16 14:53:55.740719	[INFO]	goods_manager.py	响应时间:313ms	天津市	河西区	这里是日志信息......
2022-09-16 14:53:55.740719	[INFO]	orders_service.py	响应时间:9894ms	安徽省	池州市	这里是日志信息......
2022-09-16 14:53:55.740719	[WARN]	barcode_service.py	响应时间:128ms	上海市	宝山区	这里是日志信息......
2022-09-16 14:53:55.740719	[INFO]	event.py	响应时间:932ms	湖南省	常德市	这里是日志信息......
2022-09-16 14:53:55.740719	[INFO]	event.py	响应时间:445ms	上海市	黄浦区	这里是日志信息......
2022-09-16 14:53:55.740719	[INFO]	orders_service.py	响应时间:20ms	湖南省	常德市	这里是日志信息......
2022-09-16 14:53:55.740719	[INFO]	orders_service.py	响应时间:390ms	湖北省	十堰市	这里是日志信息......
2022-09-16 14:53:55.740719	[WARN]	base_network.py	响应时间:995ms	山东省	济南市	这里是日志信息......
2022-09-16 14:53:55.740719	[INFO]	goods_manager.py	响应时间:731ms	湖北省	荆州市	这里是日志信息......
2022-09-16 14:53:55.741713	[INFO]	user_manager.py	响应时间:328ms	安徽省	阜阳市	这里是日志信息......
2022-09-16 14:53:55.741713	[INFO]	goods_manager.py	响应时间:315ms	江苏省	张家港市	这里是日志信息......
2022-09-16 14:53:55.741713	[INFO]	orders_service.py	响应时间:63ms	上海市	杨浦区	这里是日志信息......
2022-09-16 14:53:55.741713	[INFO]	goods_manager.py	响应时间:28ms	浙江省	绍兴市	这里是日志信息......
2022-09-16 14:53:55.741713	[INFO]	event.py	响应时间:849ms	湖南省	长沙市	这里是日志信息......
2022-09-16 14:53:55.741713	[INFO]	goods_manager.py	响应时间:926ms	浙江省	丽水市	这里是日志信息......
2022-09-16 14:53:55.741713	[INFO]	base_network.py	响应时间:1740ms	天津市	武清区	这里是日志信息......
2022-09-16 14:53:55.741713	[INFO]	barcode_service.py	响应时间:674ms	上海市	杨浦区	这里是日志信息......
2022-09-16 14:53:55.741713	[INFO]	orders_service.py	响应时间:685ms	江苏省	无锡市	这里是日志信息......
2022-09-16 14:53:55.741713	[INFO]	goods_manager.py	响应时间:691ms	湖南省	益阳市	这里是日志信息......
2022-09-16 14:53:55.741713	[INFO]	orders_service.py	响应时间:628ms	江苏省	苏州市	这里是日志信息......
2022-09-16 14:53:55.741713	[INFO]	user_manager.py	响应时间:150ms	上海市	徐汇区	这里是日志信息......
2022-09-16 14:53:55.741713	[INFO]	orders_service.py	响应时间:152ms	湖北省	十堰市	这里是日志信息......
2022-09-16 14:53:55.741713	[INFO]	user_manager.py	响应时间:597ms	广东省	广州市	这里是日志信息......
2022-09-16 14:53:55.741713	[INFO]	goods_manager.py	响应时间:327ms	山东省	青岛市	这里是日志信息......
2022-09-16 14:53:55.741713	[INFO]	goods_manager.py	响应时间:553ms	江苏省	南京市	这里是日志信息......
2022-09-16 14:53:55.741713	[INFO]	goods_manager.py	响应时间:133ms	江苏省	南京市	这里是日志信息......
2022-09-16 14:53:55.741713	[INFO]	shop_manager.py	响应时间:743ms	广东省	广州市	这里是日志信息......
2022-09-16 14:53:55.741713	[INFO]	event.py	响应时间:939ms	江苏省	宿迁市	这里是日志信息......
2022-09-16 14:53:55.741713	[INFO]	shop_manager.py	响应时间:43ms	广东省	深圳市	这里是日志信息......
2022-09-16 14:53:55.741713	[INFO]	orders_service.py	响应时间:714ms	广东省	深圳市	这里是日志信息......
2022-09-16 14:53:55.741713	[INFO]	orders_service.py	响应时间:83ms	浙江省	舟山市	这里是日志信息......
2022-09-16 14:53:55.741713	[INFO]	orders_service.py	响应时间:838ms	浙江省	绍兴市	这里是日志信息......
2022-09-16 14:53:55.741713	[INFO]	barcode_service.py	响应时间:972ms	湖北省	恩施土家族苗族自治州	这里是日志信息......
2022-09-16 14:53:55.741713	[WARN]	goods_manager.py	响应时间:6775ms	天津市	河西区	这里是日志信息......
2022-09-16 14:53:55.741713	[INFO]	orders_service.py	响应时间:569ms	安徽省	阜阳市	这里是日志信息......
2022-09-16 14:53:55.741713	[INFO]	shop_manager.py	响应时间:934ms	山东省	青岛市	这里是日志信息......
2022-09-16 14:53:55.741713	[INFO]	orders_service.py	响应时间:55ms	安徽省	铜陵市	这里是日志信息......
2022-09-16 14:53:55.741713	[INFO]	event.py	响应时间:577ms	湖南省	长沙市	这里是日志信息......
2022-09-16 14:53:55.741713	[INFO]	goods_manager.py	响应时间:517ms	安徽省	池州市	这里是日志信息......
2022-09-16 14:53:55.741713	[ERROR]	event.py	响应时间:465ms	江苏省	南京市	这里是日志信息......
2022-09-16 14:53:55.741713	[INFO]	base_network.py	响应时间:328ms	重庆市	九龙坡区	这里是日志信息......
2022-09-16 14:53:55.741713	[INFO]	event.py	响应时间:629ms	安徽省	铜陵市	这里是日志信息......
2022-09-16 14:53:55.741713	[INFO]	goods_manager.py	响应时间:641ms	浙江省	嘉兴市	这里是日志信息......
2022-09-16 14:53:55.741713	[INFO]	barcode_service.py	响应时间:879ms	江苏省	宿迁市	这里是日志信息......
2022-09-16 14:53:55.741713	[INFO]	orders_service.py	响应时间:344ms	浙江省	杭州市	这里是日志信息......
2022-09-16 14:53:55.741713	[INFO]	orders_service.py	响应时间:571ms	北京市	海淀区	这里是日志信息......
2022-09-16 14:53:55.741713	[INFO]	barcode_service.py	响应时间:14ms	天津市	河东区	这里是日志信息......
2022-09-16 14:53:55.741713	[INFO]	barcode_service.py	响应时间:92ms	山东省	菏泽市	这里是日志信息......
2022-09-16 14:53:55.741713	[INFO]	goods_manager.py	响应时间:743ms	湖北省	武汉市	这里是日志信息......
2022-09-16 14:53:55.741713	[INFO]	user_manager.py	响应时间:555ms	山东省	济南市	这里是日志信息......
2022-09-16 14:53:55.741713	[INFO]	goods_manager.py	响应时间:324ms	江苏省	无锡市	这里是日志信息......
2022-09-16 14:53:55.741713	[INFO]	user_manager.py	响应时间:320ms	湖南省	长沙市	这里是日志信息......
2022-09-16 14:53:55.741713	[INFO]	event.py	响应时间:710ms	湖北省	武汉市	这里是日志信息......
2022-09-16 14:53:55.741713	[INFO]	shop_manager.py	响应时间:563ms	安徽省	芜湖市	这里是日志信息......
2022-09-16 14:53:55.741713	[INFO]	event.py	响应时间:715ms	安徽省	芜湖市	这里是日志信息......
2022-09-16 14:53:55.741713	[WARN]	shop_manager.py	响应时间:782ms	山东省	济南市	这里是日志信息......
2022-09-16 14:53:55.741713	[WARN]	orders_service.py	响应时间:195ms	山东省	青岛市	这里是日志信息......
2022-09-16 14:53:55.741713	[INFO]	event.py	响应时间:156ms	天津市	河东区	这里是日志信息......
2022-09-16 14:53:55.741713	[INFO]	event.py	响应时间:322ms	江苏省	苏州市	这里是日志信息......
2022-09-16 14:53:55.741713	[INFO]	orders_service.py	响应时间:176ms	安徽省	阜阳市	这里是日志信息......
2022-09-16 14:53:55.741713	[INFO]	event.py	响应时间:293ms	上海市	徐汇区	这里是日志信息......
2022-09-16 14:53:55.741713	[INFO]	event.py	响应时间:175ms	江苏省	南京市	这里是日志信息......
2022-09-16 14:53:55.741713	[INFO]	base_network.py	响应时间:698ms	湖南省	长沙市	这里是日志信息......
2022-09-16 14:53:55.741713	[INFO]	event.py	响应时间:74ms	湖北省	武汉市	这里是日志信息......
2022-09-16 14:53:55.741713	[INFO]	orders_service.py	响应时间:225ms	天津市	武清区	这里是日志信息......
2022-09-16 14:53:55.741713	[INFO]	event.py	响应时间:562ms	湖北省	武汉市	这里是日志信息......
2022-09-16 14:53:55.741713	[INFO]	event.py	响应时间:294ms	广东省	广州市	这里是日志信息......
2022-09-16 14:53:55.741713	[INFO]	event.py	响应时间:666ms	重庆市	南岸区	这里是日志信息......
2022-09-16 14:53:55.741713	[INFO]	event.py	响应时间:91ms	广东省	深圳市	这里是日志信息......
2022-09-16 14:53:55.741713	[INFO]	goods_manager.py	响应时间:479ms	重庆市	九龙坡区	这里是日志信息......
2022-09-16 14:53:55.741713	[WARN]	goods_manager.py	响应时间:697ms	山东省	青岛市	这里是日志信息......
2022-09-16 14:53:55.741713	[INFO]	shop_manager.py	响应时间:86ms	广东省	广州市	这里是日志信息......
2022-09-16 14:53:55.741713	[WARN]	orders_service.py	响应时间:4407ms	重庆市	沙坪坝区	这里是日志信息......
2022-09-16 14:53:55.741713	[INFO]	orders_service.py	响应时间:267ms	安徽省	池州市	这里是日志信息......
2022-09-16 14:53:55.741713	[INFO]	event.py	响应时间:500ms	天津市	武清区	这里是日志信息......
2022-09-16 14:53:55.741713	[ERROR]	event.py	响应时间:852ms	浙江省	金华市	这里是日志信息......
2022-09-16 14:53:55.741713	[INFO]	user_manager.py	响应时间:32ms	天津市	和平区	这里是日志信息......
2022-09-16 14:53:55.741713	[INFO]	barcode_service.py	响应时间:851ms	北京市	怀柔区	这里是日志信息......
2022-09-16 14:53:55.742713	[INFO]	event.py	响应时间:336ms	湖南省	长沙市	这里是日志信息......
2022-09-16 14:53:55.742713	[INFO]	event.py	响应时间:267ms	天津市	和平区	这里是日志信息......
2022-09-16 14:53:55.742713	[INFO]	event.py	响应时间:394ms	天津市	和平区	这里是日志信息......
2022-09-16 14:53:55.742713	[INFO]	user_manager.py	响应时间:39ms	上海市	徐汇区	这里是日志信息......
2022-09-16 14:53:55.742713	[INFO]	event.py	响应时间:999ms	天津市	和平区	这里是日志信息......
2022-09-16 14:53:55.742713	[WARN]	barcode_service.py	响应时间:974ms	江苏省	无锡市	这里是日志信息......
2022-09-16 14:53:55.742713	[INFO]	event.py	响应时间:667ms	北京市	怀柔区	这里是日志信息......
2022-09-16 14:53:55.742713	[INFO]	barcode_service.py	响应时间:556ms	湖北省	武汉市	这里是日志信息......
2022-09-16 14:53:55.742713	[INFO]	shop_manager.py	响应时间:956ms	山东省	青岛市	这里是日志信息......
2022-09-16 14:53:55.742713	[INFO]	goods_manager.py	响应时间:7453ms	安徽省	池州市	这里是日志信息......
2022-09-16 14:53:55.742713	[WARN]	orders_service.py	响应时间:607ms	山东省	济南市	这里是日志信息......
2022-09-16 14:53:55.742713	[INFO]	orders_service.py	响应时间:351ms	湖北省	武汉市	这里是日志信息......
2022-09-16 14:53:55.742713	[WARN]	event.py	响应时间:714ms	浙江省	金华市	这里是日志信息......
2022-09-16 14:53:55.742713	[INFO]	goods_manager.py	响应时间:238ms	江苏省	常州市	这里是日志信息......
2022-09-16 14:53:55.742713	[INFO]	event.py	响应时间:921ms	北京市	丰台区	这里是日志信息......
2022-09-16 14:53:55.742713	[INFO]	goods_manager.py	响应时间:501ms	天津市	河东区	这里是日志信息......
2022-09-16 14:53:55.742713	[WARN]	shop_manager.py	响应时间:823ms	山东省	菏泽市	这里是日志信息......
2022-09-16 14:53:55.742713	[INFO]	orders_service.py	响应时间:898ms	广东省	深圳市	这里是日志信息......
2022-09-16 14:53:55.742713	[INFO]	user_manager.py	响应时间:555ms	天津市	武清区	这里是日志信息......
2022-09-16 14:53:55.742713	[WARN]	orders_service.py	响应时间:363ms	天津市	宝坻区	这里是日志信息......
2022-09-16 14:53:55.742713	[ERROR]	orders_service.py	响应时间:836ms	浙江省	绍兴市	这里是日志信息......
2022-09-16 14:53:55.742713	[WARN]	goods_manager.py	响应时间:205ms	浙江省	杭州市	这里是日志信息......
2022-09-16 14:53:55.742713	[INFO]	barcode_service.py	响应时间:809ms	江苏省	无锡市	这里是日志信息......
2022-09-16 14:53:55.742713	[INFO]	event.py	响应时间:374ms	湖北省	武汉市	这里是日志信息......
2022-09-16 14:53:55.742713	[INFO]	barcode_service.py	响应时间:47ms	安徽省	铜陵市	这里是日志信息......
2022-09-16 14:53:55.742713	[INFO]	goods_manager.py	响应时间:743ms	广东省	深圳市	这里是日志信息......
2022-09-16 14:53:55.742713	[WARN]	event.py	响应时间:942ms	湖南省	张家界市	这里是日志信息......
2022-09-16 14:53:55.742713	[INFO]	event.py	响应时间:218ms	湖北省	十堰市	这里是日志信息......
2022-09-16 14:53:55.742713	[INFO]	event.py	响应时间:973ms	安徽省	铜陵市	这里是日志信息......
2022-09-16 14:53:55.742713	[INFO]	event.py	响应时间:694ms	上海市	浦东新区	这里是日志信息......
2022-09-16 14:53:55.742713	[INFO]	goods_manager.py	响应时间:85ms	安徽省	六安市	这里是日志信息......
2022-09-16 14:53:55.742713	[INFO]	event.py	响应时间:970ms	湖南省	长沙市	这里是日志信息......
2022-09-16 14:53:55.742713	[INFO]	orders_service.py	响应时间:401ms	山东省	青岛市	这里是日志信息......
2022-09-16 14:53:55.742713	[INFO]	event.py	响应时间:984ms	浙江省	丽水市	这里是日志信息......
2022-09-16 14:53:55.742713	[INFO]	goods_manager.py	响应时间:271ms	重庆市	沙坪坝区	这里是日志信息......
2022-09-16 14:53:55.742713	[INFO]	event.py	响应时间:334ms	江苏省	常州市	这里是日志信息......
2022-09-16 14:53:55.742713	[INFO]	goods_manager.py	响应时间:722ms	安徽省	合肥市	这里是日志信息......
2022-09-16 14:53:55.742713	[INFO]	orders_service.py	响应时间:748ms	山东省	菏泽市	这里是日志信息......
2022-09-16 14:53:55.742713	[WARN]	shop_manager.py	响应时间:664ms	山东省	青岛市	这里是日志信息......
2022-09-16 14:53:55.742713	[INFO]	goods_manager.py	响应时间:10ms	湖南省	长沙市	这里是日志信息......
2022-09-16 14:53:55.742713	[INFO]	event.py	响应时间:920ms	山东省	济南市	这里是日志信息......
2022-09-16 14:53:55.742713	[ERROR]	orders_service.py	响应时间:980ms	北京市	海淀区	这里是日志信息......
2022-09-16 14:53:55.742713	[INFO]	user_manager.py	响应时间:459ms	安徽省	合肥市	这里是日志信息......
2022-09-16 14:53:55.742713	[INFO]	shop_manager.py	响应时间:642ms	安徽省	六安市	这里是日志信息......
2022-09-16 14:53:55.742713	[ERROR]	shop_manager.py	响应时间:43ms	山东省	青岛市	这里是日志信息......
2022-09-16 14:53:55.742713	[WARN]	barcode_service.py	响应时间:437ms	广东省	广州市	这里是日志信息......
2022-09-16 14:53:55.742713	[INFO]	event.py	响应时间:813ms	北京市	海淀区	这里是日志信息......
2022-09-16 14:53:55.742713	[INFO]	user_manager.py	响应时间:478ms	山东省	济南市	这里是日志信息......
2022-09-16 14:53:55.742713	[INFO]	goods_manager.py	响应时间:712ms	浙江省	绍兴市	这里是日志信息......
2022-09-16 14:53:55.742713	[INFO]	event.py	响应时间:216ms	重庆市	南岸区	这里是日志信息......
2022-09-16 14:53:55.742713	[INFO]	barcode_service.py	响应时间:42ms	安徽省	池州市	这里是日志信息......
2022-09-16 14:53:55.742713	[INFO]	user_manager.py	响应时间:133ms	湖南省	长沙市	这里是日志信息......
2022-09-16 14:53:55.742713	[INFO]	goods_manager.py	响应时间:986ms	安徽省	阜阳市	这里是日志信息......
2022-09-16 14:53:55.742713	[INFO]	event.py	响应时间:398ms	湖北省	武汉市	这里是日志信息......
2022-09-16 14:53:55.742713	[WARN]	barcode_service.py	响应时间:87ms	浙江省	金华市	这里是日志信息......
2022-09-16 14:53:55.742713	[INFO]	orders_service.py	响应时间:389ms	江苏省	无锡市	这里是日志信息......
2022-09-16 14:53:55.742713	[INFO]	event.py	响应时间:480ms	江苏省	常州市	这里是日志信息......
2022-09-16 14:53:55.742713	[INFO]	event.py	响应时间:350ms	天津市	宝坻区	这里是日志信息......
2022-09-16 14:53:55.742713	[INFO]	event.py	响应时间:864ms	浙江省	嘉兴市	这里是日志信息......
2022-09-16 14:53:55.742713	[INFO]	barcode_service.py	响应时间:99ms	湖北省	武汉市	这里是日志信息......
2022-09-16 14:53:55.742713	[INFO]	user_manager.py	响应时间:88ms	山东省	菏泽市	这里是日志信息......
2022-09-16 14:53:55.742713	[INFO]	user_manager.py	响应时间:561ms	重庆市	沙坪坝区	这里是日志信息......
2022-09-16 14:53:55.742713	[INFO]	user_manager.py	响应时间:357ms	广东省	珠海市	这里是日志信息......
2022-09-16 14:53:55.742713	[INFO]	user_manager.py	响应时间:944ms	上海市	浦东新区	这里是日志信息......
2022-09-16 14:53:55.742713	[INFO]	barcode_service.py	响应时间:423ms	北京市	大兴区	这里是日志信息......
2022-09-16 14:53:55.742713	[INFO]	orders_service.py	响应时间:405ms	湖北省	武汉市	这里是日志信息......
2022-09-16 14:53:55.742713	[ERROR]	event.py	响应时间:665ms	上海市	静安区	这里是日志信息......
2022-09-16 14:53:55.742713	[INFO]	goods_manager.py	响应时间:55ms	湖南省	长沙市	这里是日志信息......
2022-09-16 14:53:55.742713	[INFO]	barcode_service.py	响应时间:410ms	上海市	普陀区	这里是日志信息......
2022-09-16 14:53:55.742713	[INFO]	barcode_service.py	响应时间:536ms	北京市	怀柔区	这里是日志信息......
2022-09-16 14:53:55.742713	[INFO]	user_manager.py	响应时间:159ms	浙江省	嘉兴市	这里是日志信息......
2022-09-16 14:53:55.742713	[WARN]	user_manager.py	响应时间:902ms	浙江省	绍兴市	这里是日志信息......
2022-09-16 14:53:55.743707	[ERROR]	barcode_service.py	响应时间:917ms	浙江省	绍兴市	这里是日志信息......
2022-09-16 14:53:55.743707	[INFO]	event.py	响应时间:975ms	重庆市	涪陵区	这里是日志信息......
2022-09-16 14:53:55.743707	[WARN]	event.py	响应时间:801ms	江苏省	苏州市	这里是日志信息......
2022-09-16 14:53:55.743707	[INFO]	orders_service.py	响应时间:622ms	重庆市	万州区	这里是日志信息......
2022-09-16 14:53:55.743707	[INFO]	event.py	响应时间:743ms	天津市	和平区	这里是日志信息......
2022-09-16 14:53:55.743707	[INFO]	user_manager.py	响应时间:899ms	北京市	丰台区	这里是日志信息......
2022-09-16 14:53:55.743707	[ERROR]	orders_service.py	响应时间:547ms	广东省	深圳市	这里是日志信息......
2022-09-16 14:53:55.743707	[INFO]	shop_manager.py	响应时间:659ms	广东省	珠海市	这里是日志信息......
2022-09-16 14:53:55.743707	[INFO]	barcode_service.py	响应时间:649ms	山东省	济南市	这里是日志信息......
2022-09-16 14:53:55.743707	[INFO]	event.py	响应时间:857ms	湖北省	武汉市	这里是日志信息......
2022-09-16 14:53:55.743707	[INFO]	orders_service.py	响应时间:707ms	浙江省	金华市	这里是日志信息......
2022-09-16 14:53:55.743707	[INFO]	base_network.py	响应时间:7169ms	湖北省	武汉市	这里是日志信息......
2022-09-16 14:53:55.743707	[INFO]	shop_manager.py	响应时间:999ms	广东省	深圳市	这里是日志信息......
2022-09-16 14:53:55.743707	[INFO]	user_manager.py	响应时间:5855ms	天津市	武清区	这里是日志信息......
2022-09-16 14:53:55.743707	[WARN]	orders_service.py	响应时间:989ms	天津市	宝坻区	这里是日志信息......
2022-09-16 14:53:55.743707	[INFO]	event.py	响应时间:148ms	重庆市	渝中区	这里是日志信息......
2022-09-16 14:53:55.743707	[ERROR]	base_network.py	响应时间:1644ms	上海市	徐汇区	这里是日志信息......
2022-09-16 14:53:55.743707	[WARN]	event.py	响应时间:386ms	湖南省	株洲市	这里是日志信息......
2022-09-16 14:53:55.743707	[INFO]	user_manager.py	响应时间:301ms	安徽省	合肥市	这里是日志信息......
2022-09-16 14:53:55.743707	[ERROR]	shop_manager.py	响应时间:236ms	安徽省	合肥市	这里是日志信息......
2022-09-16 14:53:55.743707	[INFO]	user_manager.py	响应时间:531ms	重庆市	沙坪坝区	这里是日志信息......
2022-09-16 14:53:55.743707	[INFO]	event.py	响应时间:395ms	重庆市	沙坪坝区	这里是日志信息......
2022-09-16 14:53:55.743707	[INFO]	orders_service.py	响应时间:716ms	重庆市	九龙坡区	这里是日志信息......
2022-09-16 14:53:55.743707	[INFO]	orders_service.py	响应时间:772ms	湖北省	恩施土家族苗族自治州	这里是日志信息......
2022-09-16 14:53:55.743707	[INFO]	goods_manager.py	响应时间:705ms	重庆市	九龙坡区	这里是日志信息......
2022-09-16 14:53:55.743707	[INFO]	event.py	响应时间:777ms	天津市	河东区	这里是日志信息......
2022-09-16 14:53:55.743707	[INFO]	goods_manager.py	响应时间:160ms	重庆市	涪陵区	这里是日志信息......
2022-09-16 14:53:55.743707	[INFO]	shop_manager.py	响应时间:9794ms	上海市	静安区	这里是日志信息......
2022-09-16 14:53:55.743707	[INFO]	user_manager.py	响应时间:210ms	安徽省	阜阳市	这里是日志信息......
2022-09-16 14:53:55.743707	[INFO]	base_network.py	响应时间:990ms	上海市	黄浦区	这里是日志信息......
2022-09-16 14:53:55.743707	[INFO]	shop_manager.py	响应时间:481ms	北京市	海淀区	这里是日志信息......
2022-09-16 14:53:55.743707	[INFO]	barcode_service.py	响应时间:369ms	湖南省	长沙市	这里是日志信息......
2022-09-16 14:53:55.743707	[INFO]	goods_manager.py	响应时间:524ms	湖南省	长沙市	这里是日志信息......
2022-09-16 14:53:55.743707	[INFO]	orders_service.py	响应时间:902ms	上海市	普陀区	这里是日志信息......
2022-09-16 14:53:55.743707	[INFO]	goods_manager.py	响应时间:139ms	江苏省	无锡市	这里是日志信息......
2022-09-16 14:53:55.743707	[INFO]	event.py	响应时间:548ms	湖南省	常德市	这里是日志信息......
2022-09-16 14:53:55.743707	[INFO]	barcode_service.py	响应时间:642ms	江苏省	苏州市	这里是日志信息......
2022-09-16 14:53:55.743707	[INFO]	base_network.py	响应时间:33ms	北京市	海淀区	这里是日志信息......
2022-09-16 14:53:55.743707	[WARN]	event.py	响应时间:586ms	上海市	徐汇区	这里是日志信息......
2022-09-16 14:53:55.743707	[INFO]	event.py	响应时间:272ms	重庆市	沙坪坝区	这里是日志信息......
2022-09-16 14:53:55.743707	[INFO]	barcode_service.py	响应时间:825ms	重庆市	万州区	这里是日志信息......
2022-09-16 14:53:55.743707	[INFO]	event.py	响应时间:595ms	江苏省	常州市	这里是日志信息......
2022-09-16 14:53:55.743707	[WARN]	event.py	响应时间:732ms	北京市	怀柔区	这里是日志信息......
2022-09-16 14:53:55.743707	[INFO]	goods_manager.py	响应时间:452ms	湖北省	武汉市	这里是日志信息......
2022-09-16 14:53:55.743707	[INFO]	event.py	响应时间:74ms	上海市	普陀区	这里是日志信息......
2022-09-16 14:53:55.743707	[INFO]	orders_service.py	响应时间:618ms	天津市	宝坻区	这里是日志信息......
2022-09-16 14:53:55.743707	[WARN]	user_manager.py	响应时间:266ms	上海市	浦东新区	这里是日志信息......
2022-09-16 14:53:55.743707	[INFO]	user_manager.py	响应时间:801ms	浙江省	金华市	这里是日志信息......
2022-09-16 14:53:55.743707	[INFO]	goods_manager.py	响应时间:488ms	上海市	普陀区	这里是日志信息......
2022-09-16 14:53:55.743707	[INFO]	shop_manager.py	响应时间:137ms	上海市	浦东新区	这里是日志信息......
2022-09-16 14:53:55.743707	[INFO]	user_manager.py	响应时间:51ms	北京市	怀柔区	这里是日志信息......
2022-09-16 14:53:55.743707	[WARN]	orders_service.py	响应时间:639ms	广东省	深圳市	这里是日志信息......
2022-09-16 14:53:55.743707	[INFO]	event.py	响应时间:874ms	上海市	徐汇区	这里是日志信息......
2022-09-16 14:53:55.743707	[INFO]	event.py	响应时间:667ms	湖南省	长沙市	这里是日志信息......
2022-09-16 14:53:55.743707	[INFO]	event.py	响应时间:411ms	浙江省	丽水市	这里是日志信息......
2022-09-16 14:53:55.743707	[INFO]	event.py	响应时间:118ms	湖北省	武汉市	这里是日志信息......
2022-09-16 14:53:55.743707	[INFO]	orders_service.py	响应时间:83ms	天津市	河东区	这里是日志信息......
2022-09-16 14:53:55.743707	[INFO]	barcode_service.py	响应时间:298ms	山东省	青岛市	这里是日志信息......
2022-09-16 14:53:55.743707	[WARN]	event.py	响应时间:425ms	湖南省	长沙市	这里是日志信息......
2022-09-16 14:53:55.743707	[INFO]	event.py	响应时间:624ms	江苏省	苏州市	这里是日志信息......
2022-09-16 14:53:55.743707	[INFO]	barcode_service.py	响应时间:90ms	安徽省	铜陵市	这里是日志信息......
2022-09-16 14:53:55.743707	[INFO]	user_manager.py	响应时间:704ms	广东省	深圳市	这里是日志信息......
2022-09-16 14:53:55.743707	[INFO]	event.py	响应时间:395ms	安徽省	合肥市	这里是日志信息......
2022-09-16 14:53:55.743707	[INFO]	event.py	响应时间:147ms	浙江省	嘉兴市	这里是日志信息......
2022-09-16 14:53:55.743707	[INFO]	goods_manager.py	响应时间:883ms	江苏省	宿迁市	这里是日志信息......
2022-09-16 14:53:55.743707	[INFO]	base_network.py	响应时间:72ms	湖北省	武汉市	这里是日志信息......
2022-09-16 14:53:55.743707	[INFO]	shop_manager.py	响应时间:270ms	北京市	朝阳区	这里是日志信息......
2022-09-16 14:53:55.744707	[INFO]	orders_service.py	响应时间:870ms	山东省	济南市	这里是日志信息......
2022-09-16 14:53:55.744707	[INFO]	goods_manager.py	响应时间:980ms	浙江省	舟山市	这里是日志信息......
2022-09-16 14:53:55.744707	[WARN]	goods_manager.py	响应时间:348ms	江苏省	宿迁市	这里是日志信息......
2022-09-16 14:53:55.744707	[INFO]	event.py	响应时间:350ms	安徽省	阜阳市	这里是日志信息......
2022-09-16 14:53:55.744707	[INFO]	barcode_service.py	响应时间:693ms	上海市	浦东新区	这里是日志信息......
2022-09-16 14:53:55.744707	[INFO]	orders_service.py	响应时间:8322ms	北京市	朝阳区	这里是日志信息......
2022-09-16 14:53:55.744707	[INFO]	event.py	响应时间:566ms	湖南省	长沙市	这里是日志信息......
2022-09-16 14:53:55.744707	[WARN]	orders_service.py	响应时间:9907ms	安徽省	合肥市	这里是日志信息......
2022-09-16 14:53:55.744707	[INFO]	orders_service.py	响应时间:699ms	湖北省	十堰市	这里是日志信息......
2022-09-16 14:53:55.744707	[INFO]	barcode_service.py	响应时间:5426ms	安徽省	六安市	这里是日志信息......
2022-09-16 14:53:55.744707	[INFO]	event.py	响应时间:733ms	山东省	青岛市	这里是日志信息......
2022-09-16 14:53:55.744707	[INFO]	event.py	响应时间:53ms	湖北省	恩施土家族苗族自治州	这里是日志信息......
2022-09-16 14:53:55.744707	[INFO]	goods_manager.py	响应时间:264ms	重庆市	涪陵区	这里是日志信息......
2022-09-16 14:53:55.744707	[INFO]	user_manager.py	响应时间:212ms	浙江省	舟山市	这里是日志信息......
2022-09-16 14:53:55.744707	[ERROR]	event.py	响应时间:844ms	江苏省	苏州市	这里是日志信息......
2022-09-16 14:53:55.744707	[INFO]	event.py	响应时间:391ms	上海市	宝山区	这里是日志信息......
2022-09-16 14:53:55.744707	[INFO]	orders_service.py	响应时间:648ms	北京市	海淀区	这里是日志信息......
2022-09-16 14:53:55.744707	[INFO]	event.py	响应时间:531ms	天津市	和平区	这里是日志信息......
2022-09-16 14:53:55.744707	[INFO]	shop_manager.py	响应时间:101ms	安徽省	合肥市	这里是日志信息......
2022-09-16 14:53:55.744707	[INFO]	barcode_service.py	响应时间:177ms	浙江省	嘉兴市	这里是日志信息......
2022-09-16 14:53:55.744707	[INFO]	orders_service.py	响应时间:388ms	湖北省	荆州市	这里是日志信息......
2022-09-16 14:53:55.744707	[INFO]	event.py	响应时间:842ms	安徽省	六安市	这里是日志信息......
2022-09-16 14:53:55.744707	[INFO]	orders_service.py	响应时间:202ms	重庆市	万州区	这里是日志信息......
2022-09-16 14:53:55.744707	[INFO]	shop_manager.py	响应时间:363ms	湖南省	长沙市	这里是日志信息......
2022-09-16 14:53:55.744707	[INFO]	barcode_service.py	响应时间:737ms	江苏省	常州市	这里是日志信息......
2022-09-16 14:53:55.744707	[WARN]	base_network.py	响应时间:53ms	重庆市	九龙坡区	这里是日志信息......
2022-09-16 14:53:55.744707	[INFO]	goods_manager.py	响应时间:441ms	湖南省	长沙市	这里是日志信息......
2022-09-16 14:53:55.744707	[INFO]	orders_service.py	响应时间:28ms	浙江省	绍兴市	这里是日志信息......
2022-09-16 14:53:55.744707	[WARN]	orders_service.py	响应时间:557ms	浙江省	杭州市	这里是日志信息......
2022-09-16 14:53:55.744707	[INFO]	goods_manager.py	响应时间:377ms	安徽省	池州市	这里是日志信息......
2022-09-16 14:53:55.744707	[INFO]	event.py	响应时间:79ms	北京市	丰台区	这里是日志信息......
2022-09-16 14:53:55.744707	[WARN]	event.py	响应时间:635ms	江苏省	苏州市	这里是日志信息......
2022-09-16 14:53:55.744707	[INFO]	base_network.py	响应时间:551ms	北京市	丰台区	这里是日志信息......
2022-09-16 14:53:55.744707	[WARN]	event.py	响应时间:117ms	江苏省	南京市	这里是日志信息......
2022-09-16 14:53:55.744707	[WARN]	user_manager.py	响应时间:119ms	天津市	武清区	这里是日志信息......
2022-09-16 14:53:55.744707	[INFO]	goods_manager.py	响应时间:92ms	湖南省	长沙市	这里是日志信息......
2022-09-16 14:53:55.744707	[INFO]	barcode_service.py	响应时间:70ms	上海市	黄浦区	这里是日志信息......
2022-09-16 14:53:55.744707	[WARN]	base_network.py	响应时间:258ms	天津市	河东区	这里是日志信息......
2022-09-16 14:53:55.744707	[INFO]	event.py	响应时间:623ms	湖南省	长沙市	这里是日志信息......
2022-09-16 14:53:55.744707	[INFO]	goods_manager.py	响应时间:178ms	安徽省	合肥市	这里是日志信息......
2022-09-16 14:53:55.744707	[INFO]	event.py	响应时间:63ms	广东省	深圳市	这里是日志信息......
2022-09-16 14:53:55.744707	[INFO]	orders_service.py	响应时间:648ms	湖北省	武汉市	这里是日志信息......
2022-09-16 14:53:55.744707	[INFO]	goods_manager.py	响应时间:584ms	天津市	河东区	这里是日志信息......
2022-09-16 14:53:55.744707	[WARN]	goods_manager.py	响应时间:838ms	安徽省	阜阳市	这里是日志信息......
2022-09-16 14:53:55.744707	[INFO]	orders_service.py	响应时间:87ms	北京市	怀柔区	这里是日志信息......
2022-09-16 14:53:55.744707	[INFO]	event.py	响应时间:965ms	上海市	徐汇区	这里是日志信息......
2022-09-16 14:53:55.744707	[INFO]	user_manager.py	响应时间:979ms	上海市	浦东新区	这里是日志信息......
2022-09-16 14:53:55.744707	[INFO]	goods_manager.py	响应时间:292ms	广东省	深圳市	这里是日志信息......
2022-09-16 14:53:55.744707	[WARN]	event.py	响应时间:310ms	天津市	和平区	这里是日志信息......
2022-09-16 14:53:55.744707	[INFO]	orders_service.py	响应时间:226ms	上海市	浦东新区	这里是日志信息......
2022-09-16 14:53:55.744707	[WARN]	barcode_service.py	响应时间:682ms	上海市	徐汇区	这里是日志信息......
2022-09-16 14:53:55.744707	[INFO]	barcode_service.py	响应时间:37ms	江苏省	常州市	这里是日志信息......
2022-09-16 14:53:55.744707	[INFO]	goods_manager.py	响应时间:410ms	天津市	河西区	这里是日志信息......
2022-09-16 14:53:55.744707	[INFO]	event.py	响应时间:361ms	上海市	静安区	这里是日志信息......
2022-09-16 14:53:55.744707	[INFO]	event.py	响应时间:796ms	重庆市	九龙坡区	这里是日志信息......
2022-09-16 14:53:55.744707	[INFO]	barcode_service.py	响应时间:658ms	上海市	浦东新区	这里是日志信息......
2022-09-16 14:53:55.744707	[INFO]	event.py	响应时间:903ms	上海市	宝山区	这里是日志信息......
2022-09-16 14:53:55.744707	[INFO]	orders_service.py	响应时间:441ms	山东省	青岛市	这里是日志信息......
2022-09-16 14:53:55.744707	[INFO]	base_network.py	响应时间:660ms	安徽省	阜阳市	这里是日志信息......
2022-09-16 14:53:55.744707	[INFO]	barcode_service.py	响应时间:870ms	湖南省	长沙市	这里是日志信息......
2022-09-16 14:53:55.744707	[WARN]	orders_service.py	响应时间:513ms	浙江省	丽水市	这里是日志信息......
2022-09-16 14:53:55.744707	[INFO]	orders_service.py	响应时间:457ms	重庆市	渝中区	这里是日志信息......
2022-09-16 14:53:55.744707	[INFO]	event.py	响应时间:105ms	湖南省	长沙市	这里是日志信息......
2022-09-16 14:53:55.744707	[INFO]	event.py	响应时间:906ms	山东省	青岛市	这里是日志信息......
2022-09-16 14:53:55.744707	[INFO]	barcode_service.py	响应时间:35ms	重庆市	沙坪坝区	这里是日志信息......
2022-09-16 14:53:55.744707	[INFO]	orders_service.py	响应时间:8425ms	上海市	徐汇区	这里是日志信息......
2022-09-16 14:53:55.744707	[INFO]	barcode_service.py	响应时间:864ms	山东省	青岛市	这里是日志信息......
2022-09-16 14:53:55.744707	[INFO]	goods_manager.py	响应时间:98ms	上海市	杨浦区	这里是日志信息......
2022-09-16 14:53:55.744707	[INFO]	goods_manager.py	响应时间:26ms	北京市	大兴区	这里是日志信息......
2022-09-16 14:53:55.744707	[INFO]	orders_service.py	响应时间:170ms	江苏省	常州市	这里是日志信息......
2022-09-16 14:53:55.744707	[WARN]	event.py	响应时间:72ms	浙江省	金华市	这里是日志信息......
2022-09-16 14:53:55.744707	[INFO]	orders_service.py	响应时间:411ms	安徽省	合肥市	这里是日志信息......
2022-09-16 14:53:55.744707	[INFO]	event.py	响应时间:511ms	上海市	徐汇区	这里是日志信息......
2022-09-16 14:53:55.745716	[INFO]	barcode_service.py	响应时间:868ms	浙江省	杭州市	这里是日志信息......
2022-09-16 14:53:55.745716	[ERROR]	goods_manager.py	响应时间:848ms	天津市	河西区	这里是日志信息......
2022-09-16 14:53:55.745716	[INFO]	event.py	响应时间:302ms	重庆市	万州区	这里是日志信息......
2022-09-16 14:53:55.745716	[INFO]	user_manager.py	响应时间:419ms	广东省	广州市	这里是日志信息......
2022-09-16 14:53:55.745716	[WARN]	orders_service.py	响应时间:317ms	山东省	菏泽市	这里是日志信息......
2022-09-16 14:53:55.745716	[INFO]	orders_service.py	响应时间:1301ms	山东省	青岛市	这里是日志信息......
2022-09-16 14:53:55.745716	[INFO]	event.py	响应时间:389ms	广东省	广州市	这里是日志信息......
2022-09-16 14:53:55.745716	[INFO]	goods_manager.py	响应时间:234ms	山东省	青岛市	这里是日志信息......
2022-09-16 14:53:55.745716	[INFO]	event.py	响应时间:584ms	湖北省	武汉市	这里是日志信息......
2022-09-16 14:53:55.745716	[INFO]	user_manager.py	响应时间:555ms	江苏省	苏州市	这里是日志信息......
2022-09-16 14:53:55.745716	[INFO]	user_manager.py	响应时间:627ms	江苏省	常州市	这里是日志信息......
2022-09-16 14:53:55.745716	[INFO]	goods_manager.py	响应时间:662ms	浙江省	绍兴市	这里是日志信息......
2022-09-16 14:53:55.745716	[INFO]	event.py	响应时间:156ms	北京市	大兴区	这里是日志信息......
2022-09-16 14:53:55.745716	[INFO]	barcode_service.py	响应时间:851ms	浙江省	绍兴市	这里是日志信息......
2022-09-16 14:53:55.745716	[ERROR]	event.py	响应时间:675ms	天津市	武清区	这里是日志信息......
2022-09-16 14:53:55.745716	[INFO]	event.py	响应时间:541ms	上海市	杨浦区	这里是日志信息......
2022-09-16 14:53:55.745716	[INFO]	barcode_service.py	响应时间:229ms	北京市	海淀区	这里是日志信息......
2022-09-16 14:53:55.745716	[INFO]	orders_service.py	响应时间:193ms	安徽省	阜阳市	这里是日志信息......
2022-09-16 14:53:55.745716	[INFO]	event.py	响应时间:246ms	湖南省	长沙市	这里是日志信息......
2022-09-16 14:53:55.745716	[INFO]	orders_service.py	响应时间:425ms	江苏省	苏州市	这里是日志信息......
2022-09-16 14:53:55.745716	[INFO]	goods_manager.py	响应时间:122ms	山东省	青岛市	这里是日志信息......
2022-09-16 14:53:55.745716	[INFO]	orders_service.py	响应时间:188ms	江苏省	南京市	这里是日志信息......
2022-09-16 14:53:55.745716	[INFO]	event.py	响应时间:206ms	广东省	深圳市	这里是日志信息......
2022-09-16 14:53:55.745716	[INFO]	event.py	响应时间:787ms	江苏省	宿迁市	这里是日志信息......
2022-09-16 14:53:55.745716	[INFO]	barcode_service.py	响应时间:262ms	山东省	青岛市	这里是日志信息......
2022-09-16 14:53:55.745716	[INFO]	goods_manager.py	响应时间:500ms	浙江省	金华市	这里是日志信息......
2022-09-16 14:53:55.745716	[INFO]	event.py	响应时间:967ms	江苏省	常州市	这里是日志信息......
2022-09-16 14:53:55.745716	[INFO]	event.py	响应时间:344ms	上海市	宝山区	这里是日志信息......
2022-09-16 14:53:55.745716	[INFO]	user_manager.py	响应时间:495ms	湖南省	株洲市	这里是日志信息......
2022-09-16 14:53:55.745716	[INFO]	user_manager.py	响应时间:597ms	天津市	武清区	这里是日志信息......
2022-09-16 14:53:55.745716	[INFO]	shop_manager.py	响应时间:832ms	浙江省	湖州市	这里是日志信息......
2022-09-16 14:53:55.745716	[INFO]	goods_manager.py	响应时间:681ms	山东省	济南市	这里是日志信息......
2022-09-16 14:53:55.745716	[INFO]	orders_service.py	响应时间:219ms	重庆市	万州区	这里是日志信息......
2022-09-16 14:53:55.745716	[INFO]	user_manager.py	响应时间:240ms	重庆市	沙坪坝区	这里是日志信息......
2022-09-16 14:53:55.745716	[INFO]	orders_service.py	响应时间:867ms	上海市	普陀区	这里是日志信息......
2022-09-16 14:53:55.745716	[WARN]	shop_manager.py	响应时间:215ms	浙江省	绍兴市	这里是日志信息......
2022-09-16 14:53:55.745716	[INFO]	goods_manager.py	响应时间:475ms	安徽省	铜陵市	这里是日志信息......
2022-09-16 14:53:55.745716	[INFO]	barcode_service.py	响应时间:47ms	天津市	河东区	这里是日志信息......
2022-09-16 14:53:55.745716	[INFO]	orders_service.py	响应时间:913ms	广东省	深圳市	这里是日志信息......
2022-09-16 14:53:55.745716	[INFO]	goods_manager.py	响应时间:211ms	天津市	和平区	这里是日志信息......
2022-09-16 14:53:55.745716	[INFO]	event.py	响应时间:760ms	上海市	徐汇区	这里是日志信息......
2022-09-16 14:53:55.745716	[INFO]	orders_service.py	响应时间:936ms	重庆市	沙坪坝区	这里是日志信息......
2022-09-16 14:53:55.745716	[INFO]	user_manager.py	响应时间:817ms	安徽省	合肥市	这里是日志信息......
2022-09-16 14:53:55.745716	[WARN]	user_manager.py	响应时间:245ms	浙江省	金华市	这里是日志信息......
2022-09-16 14:53:55.745716	[WARN]	barcode_service.py	响应时间:328ms	浙江省	湖州市	这里是日志信息......
2022-09-16 14:53:55.745716	[WARN]	orders_service.py	响应时间:865ms	上海市	静安区	这里是日志信息......
2022-09-16 14:53:55.745716	[INFO]	user_manager.py	响应时间:470ms	湖南省	株洲市	这里是日志信息......
2022-09-16 14:53:55.745716	[WARN]	orders_service.py	响应时间:328ms	北京市	海淀区	这里是日志信息......
2022-09-16 14:53:55.745716	[INFO]	base_network.py	响应时间:730ms	安徽省	芜湖市	这里是日志信息......
2022-09-16 14:53:55.745716	[INFO]	base_network.py	响应时间:730ms	山东省	青岛市	这里是日志信息......
2022-09-16 14:53:55.745716	[WARN]	goods_manager.py	响应时间:379ms	重庆市	沙坪坝区	这里是日志信息......
2022-09-16 14:53:55.745716	[WARN]	orders_service.py	响应时间:354ms	江苏省	苏州市	这里是日志信息......
2022-09-16 14:53:55.745716	[ERROR]	base_network.py	响应时间:280ms	江苏省	南京市	这里是日志信息......
2022-09-16 14:53:55.745716	[INFO]	event.py	响应时间:765ms	北京市	丰台区	这里是日志信息......
2022-09-16 14:53:55.745716	[INFO]	event.py	响应时间:128ms	重庆市	万州区	这里是日志信息......
2022-09-16 14:53:55.745716	[INFO]	base_network.py	响应时间:568ms	安徽省	合肥市	这里是日志信息......
2022-09-16 14:53:55.745716	[INFO]	barcode_service.py	响应时间:133ms	天津市	宝坻区	这里是日志信息......
2022-09-16 14:53:55.745716	[INFO]	barcode_service.py	响应时间:937ms	上海市	浦东新区	这里是日志信息......
2022-09-16 14:53:55.745716	[INFO]	user_manager.py	响应时间:86ms	天津市	和平区	这里是日志信息......
2022-09-16 14:53:55.745716	[INFO]	shop_manager.py	响应时间:6974ms	湖南省	常德市	这里是日志信息......
2022-09-16 14:53:55.745716	[INFO]	base_network.py	响应时间:131ms	上海市	浦东新区	这里是日志信息......
2022-09-16 14:53:55.745716	[INFO]	shop_manager.py	响应时间:299ms	上海市	浦东新区	这里是日志信息......
2022-09-16 14:53:55.745716	[INFO]	orders_service.py	响应时间:923ms	北京市	昌平区	这里是日志信息......
2022-09-16 14:53:55.745716	[INFO]	orders_service.py	响应时间:530ms	天津市	和平区	这里是日志信息......
2022-09-16 14:53:55.745716	[WARN]	orders_service.py	响应时间:851ms	湖南省	长沙市	这里是日志信息......
2022-09-16 14:53:55.745716	[INFO]	orders_service.py	响应时间:418ms	天津市	和平区	这里是日志信息......
2022-09-16 14:53:55.745716	[INFO]	goods_manager.py	响应时间:952ms	湖南省	张家界市	这里是日志信息......
2022-09-16 14:53:55.745716	[WARN]	goods_manager.py	响应时间:961ms	天津市	武清区	这里是日志信息......
2022-09-16 14:53:55.745716	[INFO]	event.py	响应时间:646ms	湖南省	常德市	这里是日志信息......
2022-09-16 14:53:55.745716	[INFO]	barcode_service.py	响应时间:4ms	重庆市	沙坪坝区	这里是日志信息......
2022-09-16 14:53:55.745716	[WARN]	orders_service.py	响应时间:269ms	上海市	浦东新区	这里是日志信息......
2022-09-16 14:53:55.745716	[WARN]	orders_service.py	响应时间:270ms	山东省	菏泽市	这里是日志信息......
2022-09-16 14:53:55.746714	[INFO]	event.py	响应时间:5417ms	山东省	青岛市	这里是日志信息......
2022-09-16 14:53:55.746714	[INFO]	shop_manager.py	响应时间:519ms	北京市	海淀区	这里是日志信息......
2022-09-16 14:53:55.746714	[INFO]	base_network.py	响应时间:63ms	天津市	和平区	这里是日志信息......
2022-09-16 14:53:55.746714	[INFO]	orders_service.py	响应时间:892ms	天津市	宝坻区	这里是日志信息......
2022-09-16 14:53:55.746714	[ERROR]	orders_service.py	响应时间:8222ms	广东省	广州市	这里是日志信息......
2022-09-16 14:53:55.746714	[INFO]	goods_manager.py	响应时间:945ms	北京市	海淀区	这里是日志信息......
2022-09-16 14:53:55.746714	[INFO]	event.py	响应时间:873ms	北京市	大兴区	这里是日志信息......
2022-09-16 14:53:55.746714	[INFO]	barcode_service.py	响应时间:485ms	安徽省	六安市	这里是日志信息......
2022-09-16 14:53:55.746714	[INFO]	shop_manager.py	响应时间:450ms	湖北省	武汉市	这里是日志信息......
2022-09-16 14:53:55.746714	[INFO]	event.py	响应时间:309ms	重庆市	沙坪坝区	这里是日志信息......
2022-09-16 14:53:55.746714	[INFO]	barcode_service.py	响应时间:398ms	浙江省	舟山市	这里是日志信息......
2022-09-16 14:53:55.746714	[INFO]	event.py	响应时间:379ms	安徽省	合肥市	这里是日志信息......
2022-09-16 14:53:55.746714	[INFO]	barcode_service.py	响应时间:783ms	湖北省	荆州市	这里是日志信息......
2022-09-16 14:53:55.746714	[INFO]	orders_service.py	响应时间:744ms	天津市	河东区	这里是日志信息......
2022-09-16 14:53:55.746714	[INFO]	barcode_service.py	响应时间:367ms	广东省	珠海市	这里是日志信息......
2022-09-16 14:53:55.746714	[INFO]	orders_service.py	响应时间:28ms	重庆市	九龙坡区	这里是日志信息......
2022-09-16 14:53:55.746714	[ERROR]	goods_manager.py	响应时间:708ms	湖北省	十堰市	这里是日志信息......
2022-09-16 14:53:55.746714	[INFO]	orders_service.py	响应时间:235ms	湖北省	荆州市	这里是日志信息......
2022-09-16 14:53:55.746714	[ERROR]	barcode_service.py	响应时间:959ms	重庆市	渝中区	这里是日志信息......
2022-09-16 14:53:55.746714	[INFO]	goods_manager.py	响应时间:289ms	江苏省	无锡市	这里是日志信息......
2022-09-16 14:53:55.746714	[INFO]	event.py	响应时间:684ms	浙江省	绍兴市	这里是日志信息......
2022-09-16 14:53:55.746714	[INFO]	barcode_service.py	响应时间:204ms	浙江省	金华市	这里是日志信息......
2022-09-16 14:53:55.746714	[INFO]	barcode_service.py	响应时间:241ms	上海市	浦东新区	这里是日志信息......
2022-09-16 14:53:55.746714	[INFO]	goods_manager.py	响应时间:632ms	浙江省	金华市	这里是日志信息......
2022-09-16 14:53:55.746714	[INFO]	orders_service.py	响应时间:468ms	重庆市	沙坪坝区	这里是日志信息......
2022-09-16 14:53:55.746714	[INFO]	goods_manager.py	响应时间:211ms	天津市	河西区	这里是日志信息......
2022-09-16 14:53:55.746714	[INFO]	goods_manager.py	响应时间:904ms	上海市	浦东新区	这里是日志信息......
2022-09-16 14:53:55.746714	[INFO]	orders_service.py	响应时间:559ms	重庆市	万州区	这里是日志信息......
2022-09-16 14:53:55.746714	[INFO]	event.py	响应时间:881ms	北京市	昌平区	这里是日志信息......
2022-09-16 14:53:55.746714	[INFO]	orders_service.py	响应时间:482ms	安徽省	合肥市	这里是日志信息......
2022-09-16 14:53:55.746714	[INFO]	base_network.py	响应时间:942ms	湖北省	武汉市	这里是日志信息......
2022-09-16 14:53:55.746714	[INFO]	orders_service.py	响应时间:531ms	湖南省	株洲市	这里是日志信息......
2022-09-16 14:53:55.746714	[INFO]	barcode_service.py	响应时间:103ms	湖北省	恩施土家族苗族自治州	这里是日志信息......
2022-09-16 14:53:55.746714	[INFO]	goods_manager.py	响应时间:725ms	湖南省	常德市	这里是日志信息......
2022-09-16 14:53:55.746714	[INFO]	shop_manager.py	响应时间:386ms	广东省	深圳市	这里是日志信息......
2022-09-16 14:53:55.746714	[INFO]	base_network.py	响应时间:488ms	安徽省	阜阳市	这里是日志信息......
2022-09-16 14:53:55.746714	[ERROR]	goods_manager.py	响应时间:915ms	广东省	广州市	这里是日志信息......
2022-09-16 14:53:55.746714	[INFO]	goods_manager.py	响应时间:434ms	湖南省	长沙市	这里是日志信息......
2022-09-16 14:53:55.746714	[INFO]	event.py	响应时间:968ms	上海市	杨浦区	这里是日志信息......
2022-09-16 14:53:55.746714	[INFO]	goods_manager.py	响应时间:493ms	北京市	怀柔区	这里是日志信息......
2022-09-16 14:53:55.746714	[INFO]	barcode_service.py	响应时间:215ms	江苏省	南京市	这里是日志信息......
2022-09-16 14:53:55.746714	[INFO]	event.py	响应时间:877ms	北京市	大兴区	这里是日志信息......
2022-09-16 14:53:55.746714	[INFO]	orders_service.py	响应时间:512ms	浙江省	丽水市	这里是日志信息......
2022-09-16 14:53:55.746714	[INFO]	shop_manager.py	响应时间:925ms	重庆市	万州区	这里是日志信息......
2022-09-16 14:53:55.746714	[INFO]	shop_manager.py	响应时间:661ms	重庆市	渝中区	这里是日志信息......
2022-09-16 14:53:55.746714	[ERROR]	event.py	响应时间:428ms	重庆市	九龙坡区	这里是日志信息......
2022-09-16 14:53:55.746714	[WARN]	user_manager.py	响应时间:775ms	浙江省	绍兴市	这里是日志信息......
2022-09-16 14:53:55.746714	[INFO]	goods_manager.py	响应时间:809ms	上海市	浦东新区	这里是日志信息......
2022-09-16 14:53:55.746714	[INFO]	event.py	响应时间:108ms	江苏省	南京市	这里是日志信息......
2022-09-16 14:53:55.746714	[INFO]	goods_manager.py	响应时间:992ms	湖南省	常德市	这里是日志信息......
2022-09-16 14:53:55.746714	[ERROR]	orders_service.py	响应时间:1508ms	上海市	黄浦区	这里是日志信息......
2022-09-16 14:53:55.746714	[INFO]	goods_manager.py	响应时间:374ms	上海市	浦东新区	这里是日志信息......
2022-09-16 14:53:55.746714	[WARN]	orders_service.py	响应时间:684ms	重庆市	万州区	这里是日志信息......
2022-09-16 14:53:55.746714	[INFO]	goods_manager.py	响应时间:537ms	湖北省	荆州市	这里是日志信息......
2022-09-16 14:53:55.746714	[INFO]	base_network.py	响应时间:165ms	广东省	广州市	这里是日志信息......
2022-09-16 14:53:55.746714	[INFO]	base_network.py	响应时间:838ms	北京市	怀柔区	这里是日志信息......
2022-09-16 14:53:55.746714	[INFO]	user_manager.py	响应时间:19ms	湖北省	荆州市	这里是日志信息......
2022-09-16 14:53:55.746714	[WARN]	orders_service.py	响应时间:39ms	北京市	大兴区	这里是日志信息......
2022-09-16 14:53:55.746714	[INFO]	event.py	响应时间:574ms	山东省	青岛市	这里是日志信息......
2022-09-16 14:53:55.746714	[INFO]	goods_manager.py	响应时间:642ms	湖南省	长沙市	这里是日志信息......
2022-09-16 14:53:55.746714	[ERROR]	orders_service.py	响应时间:60ms	山东省	青岛市	这里是日志信息......
2022-09-16 14:53:55.746714	[WARN]	user_manager.py	响应时间:97ms	湖北省	恩施土家族苗族自治州	这里是日志信息......
2022-09-16 14:53:55.746714	[INFO]	goods_manager.py	响应时间:89ms	上海市	宝山区	这里是日志信息......
2022-09-16 14:53:55.746714	[WARN]	orders_service.py	响应时间:731ms	上海市	宝山区	这里是日志信息......
2022-09-16 14:53:55.746714	[INFO]	orders_service.py	响应时间:794ms	北京市	朝阳区	这里是日志信息......
2022-09-16 14:53:55.746714	[INFO]	goods_manager.py	响应时间:150ms	山东省	济南市	这里是日志信息......
2022-09-16 14:53:55.746714	[INFO]	base_network.py	响应时间:984ms	湖南省	长沙市	这里是日志信息......
2022-09-16 14:53:55.746714	[INFO]	event.py	响应时间:768ms	山东省	菏泽市	这里是日志信息......
2022-09-16 14:53:55.746714	[INFO]	orders_service.py	响应时间:489ms	上海市	杨浦区	这里是日志信息......
2022-09-16 14:53:55.747721	[INFO]	event.py	响应时间:84ms	山东省	菏泽市	这里是日志信息......
2022-09-16 14:53:55.747721	[WARN]	base_network.py	响应时间:331ms	上海市	静安区	这里是日志信息......
2022-09-16 14:53:55.747721	[INFO]	goods_manager.py	响应时间:878ms	浙江省	嘉兴市	这里是日志信息......
2022-09-16 14:53:55.747721	[INFO]	event.py	响应时间:484ms	浙江省	舟山市	这里是日志信息......
2022-09-16 14:53:55.747721	[INFO]	base_network.py	响应时间:518ms	湖南省	长沙市	这里是日志信息......
2022-09-16 14:53:55.747721	[INFO]	user_manager.py	响应时间:756ms	山东省	青岛市	这里是日志信息......
2022-09-16 14:53:55.747721	[WARN]	user_manager.py	响应时间:694ms	湖南省	长沙市	这里是日志信息......
2022-09-16 14:53:55.747721	[WARN]	event.py	响应时间:394ms	天津市	宝坻区	这里是日志信息......
2022-09-16 14:53:55.747721	[INFO]	user_manager.py	响应时间:792ms	湖南省	张家界市	这里是日志信息......
2022-09-16 14:53:55.747721	[INFO]	user_manager.py	响应时间:622ms	湖北省	武汉市	这里是日志信息......
2022-09-16 14:53:55.747721	[INFO]	user_manager.py	响应时间:871ms	重庆市	南岸区	这里是日志信息......
2022-09-16 14:53:55.747721	[INFO]	event.py	响应时间:667ms	湖北省	武汉市	这里是日志信息......
2022-09-16 14:53:55.747721	[WARN]	goods_manager.py	响应时间:258ms	天津市	武清区	这里是日志信息......
2022-09-16 14:53:55.747721	[INFO]	event.py	响应时间:999ms	天津市	和平区	这里是日志信息......
2022-09-16 14:53:55.747721	[INFO]	user_manager.py	响应时间:362ms	山东省	青岛市	这里是日志信息......
2022-09-16 14:53:55.747721	[INFO]	event.py	响应时间:565ms	山东省	济南市	这里是日志信息......
2022-09-16 14:53:55.747721	[ERROR]	event.py	响应时间:545ms	广东省	深圳市	这里是日志信息......
2022-09-16 14:53:55.747721	[INFO]	user_manager.py	响应时间:834ms	山东省	青岛市	这里是日志信息......
2022-09-16 14:53:55.747721	[INFO]	barcode_service.py	响应时间:341ms	安徽省	六安市	这里是日志信息......
2022-09-16 14:53:55.747721	[INFO]	goods_manager.py	响应时间:270ms	重庆市	南岸区	这里是日志信息......
2022-09-16 14:53:55.747721	[INFO]	user_manager.py	响应时间:683ms	天津市	宝坻区	这里是日志信息......
2022-09-16 14:53:55.747721	[ERROR]	goods_manager.py	响应时间:944ms	湖北省	十堰市	这里是日志信息......
2022-09-16 14:53:55.747721	[WARN]	orders_service.py	响应时间:986ms	湖北省	十堰市	这里是日志信息......
2022-09-16 14:53:55.747721	[INFO]	barcode_service.py	响应时间:418ms	江苏省	常州市	这里是日志信息......
2022-09-16 14:53:55.747721	[INFO]	orders_service.py	响应时间:573ms	上海市	宝山区	这里是日志信息......
2022-09-16 14:53:55.747721	[INFO]	event.py	响应时间:280ms	湖北省	十堰市	这里是日志信息......
2022-09-16 14:53:55.747721	[INFO]	barcode_service.py	响应时间:886ms	北京市	朝阳区	这里是日志信息......
2022-09-16 14:53:55.747721	[INFO]	user_manager.py	响应时间:950ms	北京市	丰台区	这里是日志信息......
2022-09-16 14:53:55.747721	[INFO]	user_manager.py	响应时间:530ms	安徽省	合肥市	这里是日志信息......
2022-09-16 14:53:55.747721	[INFO]	orders_service.py	响应时间:232ms	山东省	济南市	这里是日志信息......
2022-09-16 14:53:55.747721	[INFO]	orders_service.py	响应时间:11ms	重庆市	万州区	这里是日志信息......
2022-09-16 14:53:55.747721	[INFO]	barcode_service.py	响应时间:150ms	上海市	浦东新区	这里是日志信息......
2022-09-16 14:53:55.747721	[INFO]	goods_manager.py	响应时间:56ms	北京市	大兴区	这里是日志信息......
2022-09-16 14:53:55.747721	[INFO]	goods_manager.py	响应时间:78ms	湖北省	武汉市	这里是日志信息......
2022-09-16 14:53:55.747721	[INFO]	user_manager.py	响应时间:173ms	北京市	朝阳区	这里是日志信息......
2022-09-16 14:53:55.747721	[INFO]	base_network.py	响应时间:2ms	重庆市	涪陵区	这里是日志信息......
2022-09-16 14:53:55.747721	[INFO]	event.py	响应时间:369ms	湖北省	荆州市	这里是日志信息......
2022-09-16 14:53:55.747721	[INFO]	user_manager.py	响应时间:165ms	北京市	大兴区	这里是日志信息......
2022-09-16 14:53:55.747721	[INFO]	event.py	响应时间:553ms	浙江省	杭州市	这里是日志信息......
2022-09-16 14:53:55.747721	[INFO]	event.py	响应时间:583ms	重庆市	九龙坡区	这里是日志信息......
2022-09-16 14:53:55.747721	[INFO]	event.py	响应时间:675ms	广东省	珠海市	这里是日志信息......
2022-09-16 14:53:55.747721	[INFO]	goods_manager.py	响应时间:667ms	北京市	海淀区	这里是日志信息......
2022-09-16 14:53:55.747721	[WARN]	goods_manager.py	响应时间:46ms	重庆市	涪陵区	这里是日志信息......
2022-09-16 14:53:55.747721	[INFO]	goods_manager.py	响应时间:75ms	重庆市	渝中区	这里是日志信息......
2022-09-16 14:53:55.747721	[INFO]	event.py	响应时间:307ms	江苏省	南京市	这里是日志信息......
2022-09-16 14:53:55.747721	[INFO]	base_network.py	响应时间:307ms	北京市	大兴区	这里是日志信息......
2022-09-16 14:53:55.747721	[INFO]	user_manager.py	响应时间:19ms	湖北省	荆州市	这里是日志信息......
2022-09-16 14:53:55.747721	[INFO]	event.py	响应时间:194ms	广东省	深圳市	这里是日志信息......
2022-09-16 14:53:55.747721	[INFO]	shop_manager.py	响应时间:192ms	重庆市	南岸区	这里是日志信息......
2022-09-16 14:53:55.747721	[INFO]	goods_manager.py	响应时间:605ms	天津市	宝坻区	这里是日志信息......
2022-09-16 14:53:55.747721	[INFO]	goods_manager.py	响应时间:468ms	重庆市	涪陵区	这里是日志信息......
2022-09-16 14:53:55.747721	[INFO]	orders_service.py	响应时间:958ms	重庆市	南岸区	这里是日志信息......
2022-09-16 14:53:55.747721	[INFO]	goods_manager.py	响应时间:382ms	安徽省	合肥市	这里是日志信息......
2022-09-16 14:53:55.747721	[WARN]	user_manager.py	响应时间:842ms	湖南省	长沙市	这里是日志信息......
2022-09-16 14:53:55.747721	[INFO]	base_network.py	响应时间:476ms	北京市	丰台区	这里是日志信息......
2022-09-16 14:53:55.747721	[INFO]	orders_service.py	响应时间:100ms	山东省	青岛市	这里是日志信息......
2022-09-16 14:53:55.747721	[INFO]	orders_service.py	响应时间:980ms	上海市	普陀区	这里是日志信息......
2022-09-16 14:53:55.747721	[INFO]	event.py	响应时间:321ms	北京市	大兴区	这里是日志信息......
2022-09-16 14:53:55.747721	[INFO]	base_network.py	响应时间:582ms	湖北省	恩施土家族苗族自治州	这里是日志信息......
2022-09-16 14:53:55.747721	[INFO]	user_manager.py	响应时间:310ms	天津市	宝坻区	这里是日志信息......
2022-09-16 14:53:55.747721	[WARN]	goods_manager.py	响应时间:809ms	浙江省	金华市	这里是日志信息......
2022-09-16 14:53:55.747721	[INFO]	goods_manager.py	响应时间:720ms	湖南省	张家界市	这里是日志信息......
2022-09-16 14:53:55.747721	[WARN]	user_manager.py	响应时间:3689ms	浙江省	丽水市	这里是日志信息......
2022-09-16 14:53:55.747721	[WARN]	barcode_service.py	响应时间:641ms	北京市	丰台区	这里是日志信息......
2022-09-16 14:53:55.747721	[INFO]	user_manager.py	响应时间:525ms	湖南省	张家界市	这里是日志信息......
2022-09-16 14:53:55.747721	[INFO]	goods_manager.py	响应时间:652ms	安徽省	芜湖市	这里是日志信息......
2022-09-16 14:53:55.747721	[WARN]	shop_manager.py	响应时间:362ms	安徽省	池州市	这里是日志信息......
2022-09-16 14:53:55.747721	[INFO]	shop_manager.py	响应时间:560ms	天津市	和平区	这里是日志信息......
2022-09-16 14:53:55.747721	[INFO]	orders_service.py	响应时间:796ms	天津市	河西区	这里是日志信息......
2022-09-16 14:53:55.747721	[INFO]	orders_service.py	响应时间:447ms	湖南省	长沙市	这里是日志信息......
2022-09-16 14:53:55.747721	[INFO]	goods_manager.py	响应时间:353ms	广东省	广州市	这里是日志信息......
2022-09-16 14:53:55.747721	[INFO]	goods_manager.py	响应时间:778ms	天津市	和平区	这里是日志信息......
2022-09-16 14:53:55.748714	[INFO]	goods_manager.py	响应时间:634ms	重庆市	沙坪坝区	这里是日志信息......
2022-09-16 14:53:55.748714	[ERROR]	user_manager.py	响应时间:300ms	山东省	青岛市	这里是日志信息......
2022-09-16 14:53:55.748714	[ERROR]	event.py	响应时间:792ms	湖北省	荆州市	这里是日志信息......
2022-09-16 14:53:55.748714	[INFO]	orders_service.py	响应时间:241ms	重庆市	南岸区	这里是日志信息......
2022-09-16 14:53:55.748714	[INFO]	orders_service.py	响应时间:308ms	天津市	宝坻区	这里是日志信息......
2022-09-16 14:53:55.748714	[INFO]	goods_manager.py	响应时间:7528ms	江苏省	苏州市	这里是日志信息......
2022-09-16 14:53:55.748714	[INFO]	base_network.py	响应时间:517ms	湖北省	十堰市	这里是日志信息......
2022-09-16 14:53:55.748714	[INFO]	orders_service.py	响应时间:422ms	湖北省	恩施土家族苗族自治州	这里是日志信息......
2022-09-16 14:53:55.748714	[INFO]	goods_manager.py	响应时间:391ms	安徽省	芜湖市	这里是日志信息......
2022-09-16 14:53:55.748714	[INFO]	orders_service.py	响应时间:744ms	天津市	武清区	这里是日志信息......
2022-09-16 14:53:55.748714	[INFO]	barcode_service.py	响应时间:205ms	湖南省	张家界市	这里是日志信息......
2022-09-16 14:53:55.748714	[INFO]	barcode_service.py	响应时间:319ms	湖北省	荆州市	这里是日志信息......
2022-09-16 14:53:55.748714	[INFO]	user_manager.py	响应时间:617ms	北京市	大兴区	这里是日志信息......
2022-09-16 14:53:55.748714	[INFO]	event.py	响应时间:247ms	浙江省	金华市	这里是日志信息......
2022-09-16 14:53:55.748714	[ERROR]	user_manager.py	响应时间:906ms	江苏省	常州市	这里是日志信息......
2022-09-16 14:53:55.748714	[INFO]	goods_manager.py	响应时间:440ms	天津市	武清区	这里是日志信息......
2022-09-16 14:53:55.748714	[ERROR]	shop_manager.py	响应时间:863ms	湖南省	株洲市	这里是日志信息......
2022-09-16 14:53:55.748714	[INFO]	barcode_service.py	响应时间:21ms	北京市	海淀区	这里是日志信息......
2022-09-16 14:53:55.748714	[INFO]	shop_manager.py	响应时间:62ms	山东省	菏泽市	这里是日志信息......
2022-09-16 14:53:55.748714	[INFO]	event.py	响应时间:365ms	重庆市	九龙坡区	这里是日志信息......
2022-09-16 14:53:55.748714	[INFO]	goods_manager.py	响应时间:682ms	山东省	青岛市	这里是日志信息......
2022-09-16 14:53:55.748714	[INFO]	barcode_service.py	响应时间:4602ms	天津市	河东区	这里是日志信息......
2022-09-16 14:53:55.748714	[INFO]	event.py	响应时间:245ms	北京市	海淀区	这里是日志信息......
2022-09-16 14:53:55.748714	[INFO]	orders_service.py	响应时间:986ms	广东省	深圳市	这里是日志信息......
2022-09-16 14:53:55.748714	[INFO]	event.py	响应时间:699ms	江苏省	无锡市	这里是日志信息......
2022-09-16 14:53:55.748714	[INFO]	goods_manager.py	响应时间:478ms	北京市	海淀区	这里是日志信息......
2022-09-16 14:53:55.748714	[ERROR]	goods_manager.py	响应时间:502ms	重庆市	万州区	这里是日志信息......
2022-09-16 14:53:55.748714	[INFO]	user_manager.py	响应时间:164ms	安徽省	合肥市	这里是日志信息......
2022-09-16 14:53:55.748714	[INFO]	event.py	响应时间:542ms	江苏省	苏州市	这里是日志信息......
2022-09-16 14:53:55.748714	[INFO]	orders_service.py	响应时间:313ms	安徽省	阜阳市	这里是日志信息......
2022-09-16 14:53:55.748714	[INFO]	goods_manager.py	响应时间:608ms	湖南省	长沙市	这里是日志信息......
2022-09-16 14:53:55.748714	[INFO]	goods_manager.py	响应时间:957ms	湖北省	武汉市	这里是日志信息......
2022-09-16 14:53:55.748714	[INFO]	barcode_service.py	响应时间:482ms	江苏省	无锡市	这里是日志信息......
2022-09-16 14:53:55.748714	[INFO]	goods_manager.py	响应时间:550ms	安徽省	合肥市	这里是日志信息......
2022-09-16 14:53:55.748714	[INFO]	orders_service.py	响应时间:563ms	江苏省	苏州市	这里是日志信息......
2022-09-16 14:53:55.748714	[ERROR]	event.py	响应时间:908ms	湖南省	益阳市	这里是日志信息......
2022-09-16 14:53:55.748714	[INFO]	barcode_service.py	响应时间:362ms	湖南省	长沙市	这里是日志信息......
2022-09-16 14:53:55.748714	[INFO]	base_network.py	响应时间:702ms	天津市	和平区	这里是日志信息......
2022-09-16 14:53:55.748714	[INFO]	event.py	响应时间:341ms	江苏省	苏州市	这里是日志信息......
2022-09-16 14:53:55.748714	[WARN]	base_network.py	响应时间:162ms	山东省	济南市	这里是日志信息......
2022-09-16 14:53:55.748714	[WARN]	base_network.py	响应时间:630ms	安徽省	芜湖市	这里是日志信息......
2022-09-16 14:53:55.748714	[INFO]	goods_manager.py	响应时间:651ms	湖南省	常德市	这里是日志信息......
2022-09-16 14:53:55.748714	[INFO]	user_manager.py	响应时间:119ms	安徽省	六安市	这里是日志信息......
2022-09-16 14:53:55.748714	[INFO]	event.py	响应时间:104ms	广东省	深圳市	这里是日志信息......
2022-09-16 14:53:55.748714	[INFO]	event.py	响应时间:54ms	江苏省	无锡市	这里是日志信息......
2022-09-16 14:53:55.748714	[WARN]	goods_manager.py	响应时间:940ms	浙江省	杭州市	这里是日志信息......
2022-09-16 14:53:55.748714	[INFO]	goods_manager.py	响应时间:261ms	北京市	丰台区	这里是日志信息......
2022-09-16 14:53:55.748714	[WARN]	goods_manager.py	响应时间:32ms	湖南省	长沙市	这里是日志信息......
2022-09-16 14:53:55.748714	[INFO]	orders_service.py	响应时间:85ms	安徽省	六安市	这里是日志信息......
2022-09-16 14:53:55.748714	[WARN]	orders_service.py	响应时间:932ms	广东省	深圳市	这里是日志信息......
2022-09-16 14:53:55.748714	[INFO]	event.py	响应时间:456ms	湖南省	长沙市	这里是日志信息......
2022-09-16 14:53:55.748714	[WARN]	user_manager.py	响应时间:964ms	湖南省	益阳市	这里是日志信息......
2022-09-16 14:53:55.748714	[INFO]	goods_manager.py	响应时间:1776ms	北京市	昌平区	这里是日志信息......
2022-09-16 14:53:55.748714	[INFO]	user_manager.py	响应时间:128ms	山东省	菏泽市	这里是日志信息......
2022-09-16 14:53:55.748714	[INFO]	barcode_service.py	响应时间:861ms	北京市	海淀区	这里是日志信息......
2022-09-16 14:53:55.748714	[INFO]	orders_service.py	响应时间:411ms	广东省	广州市	这里是日志信息......
2022-09-16 14:53:55.748714	[INFO]	shop_manager.py	响应时间:648ms	安徽省	合肥市	这里是日志信息......
2022-09-16 14:53:55.748714	[INFO]	orders_service.py	响应时间:208ms	湖北省	恩施土家族苗族自治州	这里是日志信息......
2022-09-16 14:53:55.748714	[INFO]	user_manager.py	响应时间:616ms	北京市	丰台区	这里是日志信息......
2022-09-16 14:53:55.748714	[INFO]	orders_service.py	响应时间:170ms	重庆市	沙坪坝区	这里是日志信息......
2022-09-16 14:53:55.748714	[INFO]	orders_service.py	响应时间:161ms	重庆市	万州区	这里是日志信息......
2022-09-16 14:53:55.748714	[WARN]	user_manager.py	响应时间:173ms	安徽省	池州市	这里是日志信息......
2022-09-16 14:53:55.748714	[INFO]	barcode_service.py	响应时间:201ms	上海市	宝山区	这里是日志信息......
2022-09-16 14:53:55.748714	[INFO]	barcode_service.py	响应时间:968ms	山东省	青岛市	这里是日志信息......
2022-09-16 14:53:55.748714	[INFO]	user_manager.py	响应时间:812ms	上海市	徐汇区	这里是日志信息......
2022-09-16 14:53:55.748714	[INFO]	event.py	响应时间:604ms	北京市	朝阳区	这里是日志信息......
2022-09-16 14:53:55.748714	[INFO]	orders_service.py	响应时间:825ms	上海市	黄浦区	这里是日志信息......
2022-09-16 14:53:55.748714	[INFO]	event.py	响应时间:839ms	北京市	大兴区	这里是日志信息......
2022-09-16 14:53:55.749721	[INFO]	goods_manager.py	响应时间:3424ms	山东省	菏泽市	这里是日志信息......
2022-09-16 14:53:55.749721	[INFO]	barcode_service.py	响应时间:48ms	湖南省	长沙市	这里是日志信息......
2022-09-16 14:53:55.749721	[INFO]	user_manager.py	响应时间:772ms	江苏省	宿迁市	这里是日志信息......
2022-09-16 14:53:55.749721	[INFO]	event.py	响应时间:926ms	湖北省	十堰市	这里是日志信息......
2022-09-16 14:53:55.749721	[WARN]	shop_manager.py	响应时间:328ms	湖北省	武汉市	这里是日志信息......
2022-09-16 14:53:55.749721	[INFO]	barcode_service.py	响应时间:199ms	湖北省	荆州市	这里是日志信息......
2022-09-16 14:53:55.749721	[INFO]	user_manager.py	响应时间:457ms	北京市	怀柔区	这里是日志信息......
2022-09-16 14:53:55.749721	[INFO]	orders_service.py	响应时间:538ms	安徽省	合肥市	这里是日志信息......
2022-09-16 14:53:55.749721	[WARN]	base_network.py	响应时间:7271ms	江苏省	苏州市	这里是日志信息......
2022-09-16 14:53:55.749721	[INFO]	goods_manager.py	响应时间:1694ms	浙江省	杭州市	这里是日志信息......
2022-09-16 14:53:55.749721	[INFO]	orders_service.py	响应时间:89ms	江苏省	张家港市	这里是日志信息......
2022-09-16 14:53:55.749721	[INFO]	barcode_service.py	响应时间:509ms	上海市	普陀区	这里是日志信息......
2022-09-16 14:53:55.749721	[INFO]	goods_manager.py	响应时间:111ms	上海市	黄浦区	这里是日志信息......
2022-09-16 14:53:55.749721	[WARN]	user_manager.py	响应时间:417ms	湖北省	恩施土家族苗族自治州	这里是日志信息......
2022-09-16 14:53:55.749721	[INFO]	orders_service.py	响应时间:669ms	安徽省	芜湖市	这里是日志信息......
2022-09-16 14:53:55.749721	[INFO]	base_network.py	响应时间:947ms	重庆市	涪陵区	这里是日志信息......
2022-09-16 14:53:55.749721	[INFO]	orders_service.py	响应时间:557ms	重庆市	南岸区	这里是日志信息......
2022-09-16 14:53:55.749721	[INFO]	orders_service.py	响应时间:535ms	天津市	河西区	这里是日志信息......
2022-09-16 14:53:55.749721	[INFO]	orders_service.py	响应时间:517ms	浙江省	金华市	这里是日志信息......
2022-09-16 14:53:55.749721	[INFO]	shop_manager.py	响应时间:375ms	湖南省	长沙市	这里是日志信息......
2022-09-16 14:53:55.749721	[INFO]	event.py	响应时间:873ms	安徽省	池州市	这里是日志信息......
2022-09-16 14:53:55.749721	[INFO]	shop_manager.py	响应时间:768ms	湖南省	株洲市	这里是日志信息......
2022-09-16 14:53:55.749721	[INFO]	orders_service.py	响应时间:701ms	上海市	静安区	这里是日志信息......
2022-09-16 14:53:55.749721	[INFO]	goods_manager.py	响应时间:120ms	北京市	昌平区	这里是日志信息......
2022-09-16 14:53:55.749721	[INFO]	goods_manager.py	响应时间:357ms	湖北省	恩施土家族苗族自治州	这里是日志信息......
2022-09-16 14:53:55.749721	[ERROR]	user_manager.py	响应时间:297ms	湖南省	常德市	这里是日志信息......
2022-09-16 14:53:55.749721	[WARN]	event.py	响应时间:5564ms	天津市	和平区	这里是日志信息......
2022-09-16 14:53:55.749721	[INFO]	barcode_service.py	响应时间:77ms	山东省	青岛市	这里是日志信息......
2022-09-16 14:53:55.749721	[INFO]	goods_manager.py	响应时间:86ms	天津市	和平区	这里是日志信息......
2022-09-16 14:53:55.749721	[INFO]	event.py	响应时间:321ms	江苏省	苏州市	这里是日志信息......
2022-09-16 14:53:55.749721	[INFO]	shop_manager.py	响应时间:305ms	上海市	徐汇区	这里是日志信息......
2022-09-16 14:53:55.749721	[INFO]	barcode_service.py	响应时间:252ms	北京市	朝阳区	这里是日志信息......
2022-09-16 14:53:55.749721	[INFO]	shop_manager.py	响应时间:364ms	天津市	宝坻区	这里是日志信息......
2022-09-16 14:53:55.749721	[INFO]	barcode_service.py	响应时间:634ms	山东省	青岛市	这里是日志信息......
2022-09-16 14:53:55.749721	[INFO]	goods_manager.py	响应时间:491ms	重庆市	九龙坡区	这里是日志信息......
2022-09-16 14:53:55.749721	[INFO]	event.py	响应时间:968ms	江苏省	南京市	这里是日志信息......
2022-09-16 14:53:55.749721	[INFO]	event.py	响应时间:385ms	重庆市	万州区	这里是日志信息......
2022-09-16 14:53:55.749721	[INFO]	orders_service.py	响应时间:958ms	天津市	武清区	这里是日志信息......
2022-09-16 14:53:55.749721	[INFO]	orders_service.py	响应时间:483ms	上海市	黄浦区	这里是日志信息......
2022-09-16 14:53:55.749721	[INFO]	goods_manager.py	响应时间:873ms	广东省	珠海市	这里是日志信息......
2022-09-16 14:53:55.749721	[INFO]	event.py	响应时间:163ms	湖南省	常德市	这里是日志信息......
2022-09-16 14:53:55.749721	[INFO]	goods_manager.py	响应时间:229ms	重庆市	沙坪坝区	这里是日志信息......
2022-09-16 14:53:55.749721	[INFO]	goods_manager.py	响应时间:456ms	浙江省	杭州市	这里是日志信息......
2022-09-16 14:53:55.749721	[WARN]	goods_manager.py	响应时间:504ms	安徽省	合肥市	这里是日志信息......
2022-09-16 14:53:55.749721	[INFO]	base_network.py	响应时间:408ms	上海市	普陀区	这里是日志信息......
2022-09-16 14:53:55.749721	[ERROR]	orders_service.py	响应时间:694ms	重庆市	涪陵区	这里是日志信息......
2022-09-16 14:53:55.749721	[INFO]	event.py	响应时间:3ms	浙江省	丽水市	这里是日志信息......
2022-09-16 14:53:55.749721	[INFO]	goods_manager.py	响应时间:386ms	江苏省	南京市	这里是日志信息......
2022-09-16 14:53:55.749721	[INFO]	orders_service.py	响应时间:851ms	山东省	青岛市	这里是日志信息......
2022-09-16 14:53:55.749721	[INFO]	event.py	响应时间:672ms	天津市	河西区	这里是日志信息......
2022-09-16 14:53:55.749721	[INFO]	base_network.py	响应时间:258ms	山东省	青岛市	这里是日志信息......
2022-09-16 14:53:55.749721	[INFO]	goods_manager.py	响应时间:906ms	广东省	深圳市	这里是日志信息......
2022-09-16 14:53:55.749721	[INFO]	barcode_service.py	响应时间:545ms	山东省	济南市	这里是日志信息......
2022-09-16 14:53:55.749721	[INFO]	user_manager.py	响应时间:536ms	上海市	普陀区	这里是日志信息......
2022-09-16 14:53:55.749721	[INFO]	orders_service.py	响应时间:674ms	湖北省	武汉市	这里是日志信息......
2022-09-16 14:53:55.749721	[INFO]	shop_manager.py	响应时间:699ms	广东省	广州市	这里是日志信息......
2022-09-16 14:53:55.749721	[INFO]	orders_service.py	响应时间:326ms	上海市	静安区	这里是日志信息......
2022-09-16 14:53:55.749721	[INFO]	orders_service.py	响应时间:951ms	江苏省	宿迁市	这里是日志信息......
2022-09-16 14:53:55.749721	[INFO]	goods_manager.py	响应时间:87ms	江苏省	南京市	这里是日志信息......
2022-09-16 14:53:55.749721	[INFO]	event.py	响应时间:50ms	安徽省	合肥市	这里是日志信息......
2022-09-16 14:53:55.749721	[ERROR]	event.py	响应时间:702ms	安徽省	合肥市	这里是日志信息......
2022-09-16 14:53:55.749721	[INFO]	event.py	响应时间:595ms	北京市	朝阳区	这里是日志信息......
2022-09-16 14:53:55.749721	[INFO]	orders_service.py	响应时间:626ms	浙江省	嘉兴市	这里是日志信息......
2022-09-16 14:53:55.749721	[INFO]	user_manager.py	响应时间:816ms	广东省	广州市	这里是日志信息......
2022-09-16 14:53:55.749721	[INFO]	user_manager.py	响应时间:572ms	重庆市	涪陵区	这里是日志信息......
2022-09-16 14:53:55.749721	[INFO]	barcode_service.py	响应时间:896ms	浙江省	绍兴市	这里是日志信息......
2022-09-16 14:53:55.750719	[WARN]	goods_manager.py	响应时间:503ms	山东省	青岛市	这里是日志信息......
2022-09-16 14:53:55.750719	[INFO]	shop_manager.py	响应时间:449ms	湖北省	武汉市	这里是日志信息......
2022-09-16 14:53:55.750719	[INFO]	barcode_service.py	响应时间:809ms	上海市	徐汇区	这里是日志信息......
2022-09-16 14:53:55.750719	[INFO]	event.py	响应时间:945ms	山东省	青岛市	这里是日志信息......
2022-09-16 14:53:55.750719	[INFO]	orders_service.py	响应时间:621ms	重庆市	万州区	这里是日志信息......
2022-09-16 14:53:55.750719	[INFO]	event.py	响应时间:71ms	北京市	海淀区	这里是日志信息......
2022-09-16 14:53:55.750719	[INFO]	user_manager.py	响应时间:725ms	天津市	河西区	这里是日志信息......
2022-09-16 14:53:55.750719	[INFO]	event.py	响应时间:617ms	安徽省	铜陵市	这里是日志信息......
2022-09-16 14:53:55.750719	[INFO]	goods_manager.py	响应时间:381ms	湖南省	益阳市	这里是日志信息......
2022-09-16 14:53:55.750719	[WARN]	event.py	响应时间:793ms	重庆市	南岸区	这里是日志信息......
2022-09-16 14:53:55.750719	[INFO]	user_manager.py	响应时间:497ms	北京市	海淀区	这里是日志信息......
2022-09-16 14:53:55.750719	[INFO]	event.py	响应时间:962ms	浙江省	绍兴市	这里是日志信息......
2022-09-16 14:53:55.750719	[ERROR]	event.py	响应时间:6468ms	重庆市	渝中区	这里是日志信息......
2022-09-16 14:53:55.750719	[INFO]	event.py	响应时间:5745ms	天津市	河西区	这里是日志信息......
2022-09-16 14:53:55.750719	[ERROR]	orders_service.py	响应时间:311ms	浙江省	舟山市	这里是日志信息......
2022-09-16 14:53:55.750719	[INFO]	event.py	响应时间:92ms	上海市	杨浦区	这里是日志信息......
2022-09-16 14:53:55.750719	[WARN]	event.py	响应时间:584ms	重庆市	九龙坡区	这里是日志信息......
2022-09-16 14:53:55.750719	[INFO]	event.py	响应时间:328ms	天津市	和平区	这里是日志信息......
2022-09-16 14:53:55.750719	[INFO]	goods_manager.py	响应时间:953ms	安徽省	阜阳市	这里是日志信息......
2022-09-16 14:53:55.750719	[INFO]	user_manager.py	响应时间:206ms	江苏省	宿迁市	这里是日志信息......
2022-09-16 14:53:55.750719	[INFO]	event.py	响应时间:711ms	湖北省	荆州市	这里是日志信息......
2022-09-16 14:53:55.750719	[INFO]	barcode_service.py	响应时间:10ms	广东省	深圳市	这里是日志信息......
2022-09-16 14:53:55.750719	[INFO]	orders_service.py	响应时间:121ms	湖南省	长沙市	这里是日志信息......
2022-09-16 14:53:55.750719	[INFO]	event.py	响应时间:590ms	北京市	朝阳区	这里是日志信息......
2022-09-16 14:53:55.750719	[INFO]	orders_service.py	响应时间:59ms	重庆市	万州区	这里是日志信息......
2022-09-16 14:53:55.750719	[INFO]	orders_service.py	响应时间:976ms	湖北省	恩施土家族苗族自治州	这里是日志信息......
2022-09-16 14:53:55.750719	[INFO]	user_manager.py	响应时间:761ms	广东省	广州市	这里是日志信息......
2022-09-16 14:53:55.750719	[INFO]	user_manager.py	响应时间:382ms	北京市	海淀区	这里是日志信息......
2022-09-16 14:53:55.750719	[INFO]	orders_service.py	响应时间:787ms	湖北省	荆州市	这里是日志信息......
2022-09-16 14:53:55.750719	[INFO]	orders_service.py	响应时间:298ms	浙江省	舟山市	这里是日志信息......
2022-09-16 14:53:55.750719	[INFO]	barcode_service.py	响应时间:517ms	安徽省	阜阳市	这里是日志信息......
2022-09-16 14:53:55.751708	[INFO]	event.py	响应时间:319ms	湖北省	武汉市	这里是日志信息......
2022-09-16 14:53:55.751708	[INFO]	goods_manager.py	响应时间:661ms	上海市	宝山区	这里是日志信息......
2022-09-16 14:53:55.751708	[INFO]	user_manager.py	响应时间:87ms	浙江省	金华市	这里是日志信息......
2022-09-16 14:53:55.751708	[INFO]	orders_service.py	响应时间:708ms	安徽省	池州市	这里是日志信息......
2022-09-16 14:53:55.751708	[INFO]	goods_manager.py	响应时间:219ms	安徽省	合肥市	这里是日志信息......
2022-09-16 14:53:55.751708	[WARN]	base_network.py	响应时间:660ms	广东省	深圳市	这里是日志信息......
2022-09-16 14:53:55.751708	[WARN]	shop_manager.py	响应时间:566ms	重庆市	南岸区	这里是日志信息......
2022-09-16 14:53:55.751708	[WARN]	orders_service.py	响应时间:882ms	湖南省	长沙市	这里是日志信息......
2022-09-16 14:53:55.751708	[INFO]	event.py	响应时间:690ms	山东省	青岛市	这里是日志信息......
2022-09-16 14:53:55.751708	[INFO]	goods_manager.py	响应时间:961ms	浙江省	杭州市	这里是日志信息......
2022-09-16 14:53:55.751708	[INFO]	event.py	响应时间:261ms	广东省	广州市	这里是日志信息......
2022-09-16 14:53:55.751708	[INFO]	user_manager.py	响应时间:418ms	江苏省	苏州市	这里是日志信息......
2022-09-16 14:53:55.751708	[INFO]	shop_manager.py	响应时间:649ms	浙江省	绍兴市	这里是日志信息......
2022-09-16 14:53:55.751708	[WARN]	user_manager.py	响应时间:787ms	湖北省	恩施土家族苗族自治州	这里是日志信息......
2022-09-16 14:53:55.751708	[ERROR]	event.py	响应时间:475ms	山东省	济南市	这里是日志信息......
2022-09-16 14:53:55.751708	[INFO]	barcode_service.py	响应时间:363ms	山东省	济南市	这里是日志信息......
2022-09-16 14:53:55.751708	[INFO]	base_network.py	响应时间:312ms	天津市	宝坻区	这里是日志信息......
2022-09-16 14:53:55.751708	[WARN]	goods_manager.py	响应时间:837ms	山东省	济南市	这里是日志信息......
2022-09-16 14:53:55.751708	[INFO]	orders_service.py	响应时间:438ms	山东省	青岛市	这里是日志信息......
2022-09-16 14:53:55.751708	[INFO]	orders_service.py	响应时间:90ms	湖北省	十堰市	这里是日志信息......
2022-09-16 14:53:55.751708	[INFO]	shop_manager.py	响应时间:613ms	天津市	河西区	这里是日志信息......
2022-09-16 14:53:55.751708	[INFO]	goods_manager.py	响应时间:848ms	天津市	河西区	这里是日志信息......
2022-09-16 14:53:55.751708	[INFO]	orders_service.py	响应时间:111ms	北京市	丰台区	这里是日志信息......
2022-09-16 14:53:55.751708	[INFO]	orders_service.py	响应时间:948ms	山东省	济南市	这里是日志信息......
2022-09-16 14:53:55.751708	[INFO]	goods_manager.py	响应时间:614ms	天津市	宝坻区	这里是日志信息......
2022-09-16 14:53:55.751708	[INFO]	event.py	响应时间:105ms	江苏省	南京市	这里是日志信息......
2022-09-16 14:53:55.751708	[INFO]	event.py	响应时间:857ms	湖北省	恩施土家族苗族自治州	这里是日志信息......
2022-09-16 14:53:55.751708	[INFO]	barcode_service.py	响应时间:900ms	湖北省	荆州市	这里是日志信息......
2022-09-16 14:53:55.751708	[INFO]	event.py	响应时间:983ms	山东省	菏泽市	这里是日志信息......
2022-09-16 14:53:55.751708	[WARN]	goods_manager.py	响应时间:574ms	山东省	青岛市	这里是日志信息......
2022-09-16 14:53:55.751708	[INFO]	orders_service.py	响应时间:549ms	江苏省	南京市	这里是日志信息......
2022-09-16 14:53:55.751708	[INFO]	base_network.py	响应时间:19ms	山东省	青岛市	这里是日志信息......
2022-09-16 14:53:55.751708	[INFO]	user_manager.py	响应时间:6655ms	湖南省	长沙市	这里是日志信息......
2022-09-16 14:53:55.751708	[INFO]	event.py	响应时间:7528ms	山东省	青岛市	这里是日志信息......
2022-09-16 14:53:55.751708	[INFO]	barcode_service.py	响应时间:79ms	江苏省	苏州市	这里是日志信息......
2022-09-16 14:53:55.751708	[INFO]	user_manager.py	响应时间:963ms	湖北省	荆州市	这里是日志信息......
2022-09-16 14:53:55.751708	[WARN]	orders_service.py	响应时间:629ms	广东省	广州市	这里是日志信息......
2022-09-16 14:53:55.751708	[INFO]	barcode_service.py	响应时间:910ms	安徽省	芜湖市	这里是日志信息......
2022-09-16 14:53:55.751708	[INFO]	barcode_service.py	响应时间:519ms	天津市	和平区	这里是日志信息......
2022-09-16 14:53:55.751708	[INFO]	goods_manager.py	响应时间:168ms	江苏省	苏州市	这里是日志信息......
2022-09-16 14:53:55.751708	[INFO]	orders_service.py	响应时间:477ms	浙江省	舟山市	这里是日志信息......
2022-09-16 14:53:55.751708	[INFO]	orders_service.py	响应时间:344ms	重庆市	渝中区	这里是日志信息......
2022-09-16 14:53:55.751708	[INFO]	orders_service.py	响应时间:174ms	天津市	和平区	这里是日志信息......
2022-09-16 14:53:55.751708	[INFO]	orders_service.py	响应时间:198ms	北京市	大兴区	这里是日志信息......
2022-09-16 14:53:55.751708	[INFO]	event.py	响应时间:958ms	北京市	怀柔区	这里是日志信息......
2022-09-16 14:53:55.751708	[INFO]	barcode_service.py	响应时间:612ms	湖南省	常德市	这里是日志信息......
2022-09-16 14:53:55.751708	[WARN]	user_manager.py	响应时间:975ms	江苏省	张家港市	这里是日志信息......
2022-09-16 14:53:55.751708	[INFO]	user_manager.py	响应时间:749ms	湖南省	长沙市	这里是日志信息......
2022-09-16 14:53:55.751708	[INFO]	user_manager.py	响应时间:360ms	北京市	怀柔区	这里是日志信息......
2022-09-16 14:53:55.751708	[INFO]	orders_service.py	响应时间:915ms	北京市	昌平区	这里是日志信息......
2022-09-16 14:53:55.751708	[INFO]	barcode_service.py	响应时间:226ms	安徽省	芜湖市	这里是日志信息......
2022-09-16 14:53:55.751708	[INFO]	orders_service.py	响应时间:769ms	山东省	济南市	这里是日志信息......
2022-09-16 14:53:55.751708	[INFO]	barcode_service.py	响应时间:60ms	江苏省	常州市	这里是日志信息......
2022-09-16 14:53:55.751708	[INFO]	orders_service.py	响应时间:274ms	江苏省	张家港市	这里是日志信息......
2022-09-16 14:53:55.751708	[INFO]	orders_service.py	响应时间:207ms	广东省	深圳市	这里是日志信息......
2022-09-16 14:53:55.751708	[INFO]	goods_manager.py	响应时间:530ms	湖北省	武汉市	这里是日志信息......
2022-09-16 14:53:55.751708	[INFO]	event.py	响应时间:337ms	北京市	海淀区	这里是日志信息......
2022-09-16 14:53:55.751708	[INFO]	base_network.py	响应时间:204ms	北京市	海淀区	这里是日志信息......
2022-09-16 14:53:55.751708	[INFO]	goods_manager.py	响应时间:686ms	安徽省	合肥市	这里是日志信息......
2022-09-16 14:53:55.751708	[INFO]	goods_manager.py	响应时间:143ms	湖北省	武汉市	这里是日志信息......
2022-09-16 14:53:55.751708	[INFO]	goods_manager.py	响应时间:67ms	广东省	深圳市	这里是日志信息......
2022-09-16 14:53:55.751708	[INFO]	barcode_service.py	响应时间:255ms	江苏省	苏州市	这里是日志信息......
2022-09-16 14:53:55.751708	[INFO]	event.py	响应时间:5629ms	广东省	珠海市	这里是日志信息......
2022-09-16 14:53:55.751708	[INFO]	goods_manager.py	响应时间:977ms	安徽省	芜湖市	这里是日志信息......
2022-09-16 14:53:55.751708	[WARN]	orders_service.py	响应时间:45ms	北京市	朝阳区	这里是日志信息......
2022-09-16 14:53:55.751708	[INFO]	event.py	响应时间:914ms	北京市	昌平区	这里是日志信息......
2022-09-16 14:53:55.751708	[INFO]	event.py	响应时间:251ms	上海市	普陀区	这里是日志信息......
2022-09-16 14:53:55.751708	[ERROR]	event.py	响应时间:201ms	上海市	杨浦区	这里是日志信息......
2022-09-16 14:53:55.751708	[WARN]	orders_service.py	响应时间:838ms	山东省	青岛市	这里是日志信息......
2022-09-16 14:53:55.751708	[INFO]	barcode_service.py	响应时间:5ms	浙江省	嘉兴市	这里是日志信息......
2022-09-16 14:53:55.751708	[INFO]	shop_manager.py	响应时间:429ms	重庆市	渝中区	这里是日志信息......
2022-09-16 14:53:55.751708	[INFO]	goods_manager.py	响应时间:816ms	湖北省	荆州市	这里是日志信息......
2022-09-16 14:53:55.751708	[WARN]	barcode_service.py	响应时间:348ms	江苏省	南京市	这里是日志信息......
2022-09-16 14:53:55.752716	[INFO]	goods_manager.py	响应时间:146ms	江苏省	宿迁市	这里是日志信息......
2022-09-16 14:53:55.752716	[INFO]	barcode_service.py	响应时间:933ms	湖北省	荆州市	这里是日志信息......
2022-09-16 14:53:55.752716	[INFO]	goods_manager.py	响应时间:618ms	北京市	昌平区	这里是日志信息......
2022-09-16 14:53:55.752716	[INFO]	barcode_service.py	响应时间:202ms	北京市	昌平区	这里是日志信息......
2022-09-16 14:53:55.752716	[INFO]	shop_manager.py	响应时间:8ms	天津市	和平区	这里是日志信息......
2022-09-16 14:53:55.752716	[INFO]	orders_service.py	响应时间:351ms	湖南省	益阳市	这里是日志信息......
2022-09-16 14:53:55.752716	[INFO]	shop_manager.py	响应时间:997ms	浙江省	丽水市	这里是日志信息......
2022-09-16 14:53:55.752716	[INFO]	event.py	响应时间:47ms	重庆市	渝中区	这里是日志信息......
2022-09-16 14:53:55.752716	[INFO]	base_network.py	响应时间:605ms	天津市	河西区	这里是日志信息......
2022-09-16 14:53:55.752716	[WARN]	event.py	响应时间:4984ms	安徽省	六安市	这里是日志信息......
2022-09-16 14:53:55.752716	[INFO]	orders_service.py	响应时间:424ms	重庆市	万州区	这里是日志信息......
2022-09-16 14:53:55.752716	[WARN]	goods_manager.py	响应时间:775ms	广东省	广州市	这里是日志信息......
2022-09-16 14:53:55.752716	[INFO]	user_manager.py	响应时间:240ms	湖北省	十堰市	这里是日志信息......
2022-09-16 14:53:55.752716	[INFO]	base_network.py	响应时间:344ms	北京市	丰台区	这里是日志信息......
