2022-09-16 14:53:56.756094	[INFO]	orders_service.py	响应时间:919ms	北京市	怀柔区	这里是日志信息......
2022-09-16 14:53:56.756094	[INFO]	event.py	响应时间:776ms	广东省	深圳市	这里是日志信息......
2022-09-16 14:53:56.756094	[WARN]	shop_manager.py	响应时间:236ms	浙江省	金华市	这里是日志信息......
2022-09-16 14:53:56.756094	[INFO]	orders_service.py	响应时间:991ms	重庆市	沙坪坝区	这里是日志信息......
2022-09-16 14:53:56.756094	[INFO]	event.py	响应时间:638ms	浙江省	嘉兴市	这里是日志信息......
2022-09-16 14:53:56.756094	[INFO]	barcode_service.py	响应时间:723ms	上海市	普陀区	这里是日志信息......
2022-09-16 14:53:56.756094	[INFO]	event.py	响应时间:484ms	天津市	和平区	这里是日志信息......
2022-09-16 14:53:56.756094	[INFO]	user_manager.py	响应时间:644ms	安徽省	合肥市	这里是日志信息......
2022-09-16 14:53:56.756094	[INFO]	user_manager.py	响应时间:903ms	上海市	静安区	这里是日志信息......
2022-09-16 14:53:56.756094	[INFO]	orders_service.py	响应时间:911ms	浙江省	舟山市	这里是日志信息......
2022-09-16 14:53:56.756094	[WARN]	user_manager.py	响应时间:991ms	山东省	济南市	这里是日志信息......
2022-09-16 14:53:56.756094	[INFO]	goods_manager.py	响应时间:505ms	重庆市	万州区	这里是日志信息......
2022-09-16 14:53:56.756094	[INFO]	base_network.py	响应时间:383ms	山东省	菏泽市	这里是日志信息......
2022-09-16 14:53:56.756094	[INFO]	shop_manager.py	响应时间:7960ms	天津市	武清区	这里是日志信息......
2022-09-16 14:53:56.756094	[INFO]	event.py	响应时间:791ms	湖南省	常德市	这里是日志信息......
2022-09-16 14:53:56.756094	[INFO]	goods_manager.py	响应时间:666ms	湖南省	长沙市	这里是日志信息......
2022-09-16 14:53:56.756094	[INFO]	event.py	响应时间:177ms	浙江省	舟山市	这里是日志信息......
2022-09-16 14:53:56.756094	[INFO]	event.py	响应时间:659ms	北京市	海淀区	这里是日志信息......
2022-09-16 14:53:56.756094	[INFO]	event.py	响应时间:687ms	山东省	菏泽市	这里是日志信息......
2022-09-16 14:53:56.756094	[INFO]	event.py	响应时间:132ms	湖北省	恩施土家族苗族自治州	这里是日志信息......
2022-09-16 14:53:56.756094	[WARN]	barcode_service.py	响应时间:844ms	山东省	济南市	这里是日志信息......
2022-09-16 14:53:56.756094	[INFO]	goods_manager.py	响应时间:250ms	安徽省	阜阳市	这里是日志信息......
2022-09-16 14:53:56.756094	[INFO]	orders_service.py	响应时间:200ms	北京市	海淀区	这里是日志信息......
2022-09-16 14:53:56.756094	[INFO]	shop_manager.py	响应时间:1852ms	天津市	宝坻区	这里是日志信息......
2022-09-16 14:53:56.756094	[WARN]	orders_service.py	响应时间:147ms	湖南省	长沙市	这里是日志信息......
2022-09-16 14:53:56.756094	[INFO]	base_network.py	响应时间:202ms	上海市	静安区	这里是日志信息......
2022-09-16 14:53:56.756094	[INFO]	barcode_service.py	响应时间:993ms	江苏省	南京市	这里是日志信息......
2022-09-16 14:53:56.756094	[INFO]	event.py	响应时间:551ms	重庆市	万州区	这里是日志信息......
2022-09-16 14:53:56.756094	[WARN]	orders_service.py	响应时间:459ms	重庆市	万州区	这里是日志信息......
2022-09-16 14:53:56.756094	[WARN]	barcode_service.py	响应时间:110ms	广东省	深圳市	这里是日志信息......
2022-09-16 14:53:56.757095	[WARN]	barcode_service.py	响应时间:373ms	湖南省	长沙市	这里是日志信息......
2022-09-16 14:53:56.757095	[INFO]	event.py	响应时间:992ms	重庆市	沙坪坝区	这里是日志信息......
2022-09-16 14:53:56.757095	[INFO]	goods_manager.py	响应时间:644ms	广东省	深圳市	这里是日志信息......
2022-09-16 14:53:56.757095	[INFO]	goods_manager.py	响应时间:548ms	安徽省	合肥市	这里是日志信息......
2022-09-16 14:53:56.757095	[INFO]	user_manager.py	响应时间:728ms	江苏省	苏州市	这里是日志信息......
2022-09-16 14:53:56.757095	[ERROR]	goods_manager.py	响应时间:889ms	上海市	静安区	这里是日志信息......
2022-09-16 14:53:56.757095	[INFO]	event.py	响应时间:302ms	安徽省	合肥市	这里是日志信息......
2022-09-16 14:53:56.757095	[INFO]	goods_manager.py	响应时间:636ms	天津市	河东区	这里是日志信息......
2022-09-16 14:53:56.757095	[INFO]	barcode_service.py	响应时间:356ms	重庆市	九龙坡区	这里是日志信息......
2022-09-16 14:53:56.757095	[INFO]	goods_manager.py	响应时间:747ms	上海市	宝山区	这里是日志信息......
2022-09-16 14:53:56.757095	[INFO]	orders_service.py	响应时间:89ms	北京市	昌平区	这里是日志信息......
2022-09-16 14:53:56.757095	[INFO]	goods_manager.py	响应时间:150ms	广东省	广州市	这里是日志信息......
2022-09-16 14:53:56.757095	[WARN]	event.py	响应时间:345ms	湖北省	武汉市	这里是日志信息......
2022-09-16 14:53:56.757095	[INFO]	goods_manager.py	响应时间:501ms	重庆市	涪陵区	这里是日志信息......
2022-09-16 14:53:56.757095	[ERROR]	orders_service.py	响应时间:603ms	广东省	深圳市	这里是日志信息......
2022-09-16 14:53:56.757095	[INFO]	orders_service.py	响应时间:854ms	湖南省	长沙市	这里是日志信息......
2022-09-16 14:53:56.757095	[INFO]	user_manager.py	响应时间:461ms	上海市	徐汇区	这里是日志信息......
2022-09-16 14:53:56.757095	[INFO]	orders_service.py	响应时间:212ms	浙江省	丽水市	这里是日志信息......
2022-09-16 14:53:56.757095	[INFO]	base_network.py	响应时间:127ms	浙江省	杭州市	这里是日志信息......
2022-09-16 14:53:56.757095	[INFO]	goods_manager.py	响应时间:394ms	湖北省	武汉市	这里是日志信息......
2022-09-16 14:53:56.757095	[INFO]	orders_service.py	响应时间:406ms	北京市	昌平区	这里是日志信息......
2022-09-16 14:53:56.757095	[INFO]	orders_service.py	响应时间:99ms	安徽省	合肥市	这里是日志信息......
2022-09-16 14:53:56.757095	[INFO]	goods_manager.py	响应时间:375ms	江苏省	苏州市	这里是日志信息......
2022-09-16 14:53:56.757095	[WARN]	goods_manager.py	响应时间:785ms	山东省	青岛市	这里是日志信息......
2022-09-16 14:53:56.757095	[INFO]	goods_manager.py	响应时间:999ms	天津市	河东区	这里是日志信息......
2022-09-16 14:53:56.757095	[INFO]	orders_service.py	响应时间:253ms	湖南省	张家界市	这里是日志信息......
2022-09-16 14:53:56.757095	[INFO]	orders_service.py	响应时间:979ms	浙江省	舟山市	这里是日志信息......
2022-09-16 14:53:56.757095	[INFO]	base_network.py	响应时间:435ms	江苏省	宿迁市	这里是日志信息......
2022-09-16 14:53:56.757095	[ERROR]	orders_service.py	响应时间:833ms	重庆市	九龙坡区	这里是日志信息......
2022-09-16 14:53:56.757095	[INFO]	event.py	响应时间:159ms	湖南省	株洲市	这里是日志信息......
2022-09-16 14:53:56.757095	[INFO]	goods_manager.py	响应时间:15ms	安徽省	阜阳市	这里是日志信息......
2022-09-16 14:53:56.757095	[WARN]	orders_service.py	响应时间:61ms	北京市	大兴区	这里是日志信息......
2022-09-16 14:53:56.757095	[INFO]	orders_service.py	响应时间:248ms	重庆市	九龙坡区	这里是日志信息......
2022-09-16 14:53:56.757095	[INFO]	event.py	响应时间:272ms	湖南省	长沙市	这里是日志信息......
2022-09-16 14:53:56.757095	[INFO]	goods_manager.py	响应时间:154ms	天津市	河西区	这里是日志信息......
2022-09-16 14:53:56.757095	[INFO]	barcode_service.py	响应时间:89ms	重庆市	九龙坡区	这里是日志信息......
2022-09-16 14:53:56.757095	[INFO]	goods_manager.py	响应时间:300ms	广东省	深圳市	这里是日志信息......
2022-09-16 14:53:56.757095	[INFO]	event.py	响应时间:214ms	上海市	普陀区	这里是日志信息......
2022-09-16 14:53:56.757095	[INFO]	event.py	响应时间:618ms	天津市	宝坻区	这里是日志信息......
2022-09-16 14:53:56.757095	[INFO]	goods_manager.py	响应时间:510ms	江苏省	宿迁市	这里是日志信息......
2022-09-16 14:53:56.757095	[INFO]	event.py	响应时间:948ms	广东省	广州市	这里是日志信息......
2022-09-16 14:53:56.757095	[WARN]	user_manager.py	响应时间:562ms	江苏省	无锡市	这里是日志信息......
2022-09-16 14:53:56.757095	[INFO]	orders_service.py	响应时间:415ms	广东省	广州市	这里是日志信息......
2022-09-16 14:53:56.757095	[INFO]	user_manager.py	响应时间:141ms	山东省	济南市	这里是日志信息......
2022-09-16 14:53:56.757095	[INFO]	barcode_service.py	响应时间:893ms	山东省	青岛市	这里是日志信息......
2022-09-16 14:53:56.757095	[INFO]	base_network.py	响应时间:586ms	湖南省	长沙市	这里是日志信息......
2022-09-16 14:53:56.757095	[INFO]	event.py	响应时间:715ms	浙江省	舟山市	这里是日志信息......
2022-09-16 14:53:56.757095	[WARN]	event.py	响应时间:217ms	重庆市	涪陵区	这里是日志信息......
2022-09-16 14:53:56.757095	[INFO]	shop_manager.py	响应时间:779ms	上海市	浦东新区	这里是日志信息......
2022-09-16 14:53:56.757095	[INFO]	barcode_service.py	响应时间:422ms	湖南省	张家界市	这里是日志信息......
2022-09-16 14:53:56.757095	[INFO]	event.py	响应时间:824ms	山东省	青岛市	这里是日志信息......
2022-09-16 14:53:56.757095	[INFO]	barcode_service.py	响应时间:733ms	浙江省	绍兴市	这里是日志信息......
2022-09-16 14:53:56.757095	[WARN]	orders_service.py	响应时间:869ms	浙江省	湖州市	这里是日志信息......
2022-09-16 14:53:56.757095	[WARN]	orders_service.py	响应时间:197ms	北京市	海淀区	这里是日志信息......
2022-09-16 14:53:56.757095	[INFO]	event.py	响应时间:858ms	北京市	大兴区	这里是日志信息......
2022-09-16 14:53:56.757095	[INFO]	event.py	响应时间:30ms	山东省	菏泽市	这里是日志信息......
2022-09-16 14:53:56.757095	[INFO]	orders_service.py	响应时间:779ms	北京市	丰台区	这里是日志信息......
2022-09-16 14:53:56.757095	[INFO]	barcode_service.py	响应时间:201ms	湖北省	十堰市	这里是日志信息......
2022-09-16 14:53:56.757095	[INFO]	event.py	响应时间:193ms	上海市	浦东新区	这里是日志信息......
2022-09-16 14:53:56.757095	[INFO]	orders_service.py	响应时间:694ms	山东省	菏泽市	这里是日志信息......
2022-09-16 14:53:56.757095	[INFO]	orders_service.py	响应时间:733ms	安徽省	池州市	这里是日志信息......
2022-09-16 14:53:56.757095	[WARN]	goods_manager.py	响应时间:637ms	重庆市	九龙坡区	这里是日志信息......
2022-09-16 14:53:56.757095	[INFO]	barcode_service.py	响应时间:820ms	北京市	朝阳区	这里是日志信息......
2022-09-16 14:53:56.758094	[INFO]	event.py	响应时间:913ms	天津市	和平区	这里是日志信息......
2022-09-16 14:53:56.758094	[INFO]	orders_service.py	响应时间:200ms	山东省	青岛市	这里是日志信息......
2022-09-16 14:53:56.758094	[WARN]	goods_manager.py	响应时间:399ms	北京市	海淀区	这里是日志信息......
2022-09-16 14:53:56.758094	[INFO]	goods_manager.py	响应时间:568ms	湖北省	十堰市	这里是日志信息......
2022-09-16 14:53:56.758094	[INFO]	orders_service.py	响应时间:722ms	广东省	深圳市	这里是日志信息......
2022-09-16 14:53:56.758094	[INFO]	user_manager.py	响应时间:89ms	湖北省	荆州市	这里是日志信息......
2022-09-16 14:53:56.758094	[INFO]	goods_manager.py	响应时间:462ms	湖南省	株洲市	这里是日志信息......
2022-09-16 14:53:56.758094	[INFO]	barcode_service.py	响应时间:734ms	天津市	宝坻区	这里是日志信息......
2022-09-16 14:53:56.758094	[INFO]	event.py	响应时间:999ms	重庆市	万州区	这里是日志信息......
2022-09-16 14:53:56.758094	[INFO]	user_manager.py	响应时间:314ms	安徽省	合肥市	这里是日志信息......
2022-09-16 14:53:56.758094	[INFO]	goods_manager.py	响应时间:524ms	湖北省	武汉市	这里是日志信息......
2022-09-16 14:53:56.758094	[INFO]	event.py	响应时间:260ms	上海市	宝山区	这里是日志信息......
2022-09-16 14:53:56.758094	[INFO]	shop_manager.py	响应时间:865ms	安徽省	阜阳市	这里是日志信息......
2022-09-16 14:53:56.758094	[INFO]	goods_manager.py	响应时间:361ms	广东省	珠海市	这里是日志信息......
2022-09-16 14:53:56.758094	[INFO]	event.py	响应时间:349ms	广东省	广州市	这里是日志信息......
2022-09-16 14:53:56.758094	[INFO]	goods_manager.py	响应时间:801ms	湖南省	长沙市	这里是日志信息......
2022-09-16 14:53:56.758094	[ERROR]	base_network.py	响应时间:231ms	北京市	昌平区	这里是日志信息......
2022-09-16 14:53:56.758094	[ERROR]	orders_service.py	响应时间:968ms	江苏省	南京市	这里是日志信息......
2022-09-16 14:53:56.758094	[WARN]	goods_manager.py	响应时间:381ms	江苏省	南京市	这里是日志信息......
2022-09-16 14:53:56.758094	[INFO]	goods_manager.py	响应时间:220ms	重庆市	沙坪坝区	这里是日志信息......
2022-09-16 14:53:56.758094	[INFO]	goods_manager.py	响应时间:600ms	上海市	杨浦区	这里是日志信息......
2022-09-16 14:53:56.758094	[INFO]	shop_manager.py	响应时间:978ms	江苏省	苏州市	这里是日志信息......
2022-09-16 14:53:56.758094	[INFO]	orders_service.py	响应时间:810ms	上海市	普陀区	这里是日志信息......
2022-09-16 14:53:56.758094	[INFO]	shop_manager.py	响应时间:553ms	江苏省	苏州市	这里是日志信息......
2022-09-16 14:53:56.758094	[INFO]	shop_manager.py	响应时间:279ms	天津市	河西区	这里是日志信息......
2022-09-16 14:53:56.758094	[INFO]	goods_manager.py	响应时间:781ms	广东省	广州市	这里是日志信息......
2022-09-16 14:53:56.758094	[INFO]	barcode_service.py	响应时间:979ms	安徽省	合肥市	这里是日志信息......
2022-09-16 14:53:56.758094	[INFO]	event.py	响应时间:580ms	江苏省	张家港市	这里是日志信息......
2022-09-16 14:53:56.758094	[INFO]	barcode_service.py	响应时间:375ms	湖北省	十堰市	这里是日志信息......
2022-09-16 14:53:56.758094	[WARN]	orders_service.py	响应时间:434ms	重庆市	九龙坡区	这里是日志信息......
2022-09-16 14:53:56.758094	[WARN]	goods_manager.py	响应时间:946ms	江苏省	苏州市	这里是日志信息......
2022-09-16 14:53:56.758094	[WARN]	base_network.py	响应时间:722ms	广东省	深圳市	这里是日志信息......
2022-09-16 14:53:56.758094	[INFO]	event.py	响应时间:21ms	江苏省	南京市	这里是日志信息......
2022-09-16 14:53:56.758094	[INFO]	barcode_service.py	响应时间:343ms	浙江省	杭州市	这里是日志信息......
2022-09-16 14:53:56.758094	[INFO]	orders_service.py	响应时间:567ms	江苏省	南京市	这里是日志信息......
2022-09-16 14:53:56.758094	[ERROR]	event.py	响应时间:178ms	湖北省	武汉市	这里是日志信息......
2022-09-16 14:53:56.758094	[INFO]	shop_manager.py	响应时间:718ms	江苏省	宿迁市	这里是日志信息......
2022-09-16 14:53:56.758094	[INFO]	goods_manager.py	响应时间:2192ms	湖南省	长沙市	这里是日志信息......
2022-09-16 14:53:56.758094	[WARN]	shop_manager.py	响应时间:280ms	湖南省	长沙市	这里是日志信息......
2022-09-16 14:53:56.758094	[INFO]	user_manager.py	响应时间:223ms	湖南省	长沙市	这里是日志信息......
2022-09-16 14:53:56.758094	[INFO]	goods_manager.py	响应时间:870ms	上海市	静安区	这里是日志信息......
2022-09-16 14:53:56.758094	[INFO]	goods_manager.py	响应时间:180ms	江苏省	苏州市	这里是日志信息......
2022-09-16 14:53:56.758094	[INFO]	event.py	响应时间:126ms	重庆市	南岸区	这里是日志信息......
2022-09-16 14:53:56.758094	[INFO]	event.py	响应时间:219ms	山东省	青岛市	这里是日志信息......
2022-09-16 14:53:56.758094	[INFO]	event.py	响应时间:144ms	浙江省	绍兴市	这里是日志信息......
2022-09-16 14:53:56.758094	[INFO]	shop_manager.py	响应时间:537ms	浙江省	舟山市	这里是日志信息......
2022-09-16 14:53:56.758094	[INFO]	barcode_service.py	响应时间:884ms	安徽省	阜阳市	这里是日志信息......
2022-09-16 14:53:56.758094	[INFO]	orders_service.py	响应时间:991ms	上海市	普陀区	这里是日志信息......
2022-09-16 14:53:56.758094	[INFO]	goods_manager.py	响应时间:494ms	重庆市	万州区	这里是日志信息......
2022-09-16 14:53:56.758094	[WARN]	event.py	响应时间:512ms	安徽省	铜陵市	这里是日志信息......
2022-09-16 14:53:56.758094	[INFO]	event.py	响应时间:866ms	安徽省	六安市	这里是日志信息......
2022-09-16 14:53:56.758094	[INFO]	user_manager.py	响应时间:787ms	安徽省	池州市	这里是日志信息......
2022-09-16 14:53:56.758094	[INFO]	orders_service.py	响应时间:316ms	重庆市	南岸区	这里是日志信息......
2022-09-16 14:53:56.758094	[WARN]	orders_service.py	响应时间:55ms	湖南省	长沙市	这里是日志信息......
2022-09-16 14:53:56.758094	[WARN]	orders_service.py	响应时间:259ms	广东省	深圳市	这里是日志信息......
2022-09-16 14:53:56.758094	[INFO]	event.py	响应时间:270ms	湖北省	武汉市	这里是日志信息......
2022-09-16 14:53:56.758094	[INFO]	event.py	响应时间:987ms	重庆市	九龙坡区	这里是日志信息......
2022-09-16 14:53:56.758094	[INFO]	user_manager.py	响应时间:592ms	北京市	怀柔区	这里是日志信息......
2022-09-16 14:53:56.758094	[INFO]	user_manager.py	响应时间:545ms	湖南省	长沙市	这里是日志信息......
2022-09-16 14:53:56.758094	[INFO]	event.py	响应时间:959ms	浙江省	嘉兴市	这里是日志信息......
2022-09-16 14:53:56.758094	[INFO]	goods_manager.py	响应时间:643ms	安徽省	合肥市	这里是日志信息......
2022-09-16 14:53:56.758094	[INFO]	orders_service.py	响应时间:993ms	湖北省	恩施土家族苗族自治州	这里是日志信息......
2022-09-16 14:53:56.758094	[INFO]	barcode_service.py	响应时间:141ms	广东省	广州市	这里是日志信息......
2022-09-16 14:53:56.758094	[INFO]	shop_manager.py	响应时间:349ms	山东省	菏泽市	这里是日志信息......
2022-09-16 14:53:56.758094	[INFO]	goods_manager.py	响应时间:623ms	江苏省	南京市	这里是日志信息......
2022-09-16 14:53:56.758094	[INFO]	event.py	响应时间:886ms	山东省	济南市	这里是日志信息......
2022-09-16 14:53:56.759094	[INFO]	goods_manager.py	响应时间:9330ms	江苏省	苏州市	这里是日志信息......
2022-09-16 14:53:56.759094	[INFO]	shop_manager.py	响应时间:699ms	北京市	大兴区	这里是日志信息......
2022-09-16 14:53:56.759094	[INFO]	base_network.py	响应时间:967ms	安徽省	芜湖市	这里是日志信息......
2022-09-16 14:53:56.759094	[INFO]	event.py	响应时间:189ms	北京市	丰台区	这里是日志信息......
2022-09-16 14:53:56.759094	[INFO]	barcode_service.py	响应时间:2288ms	山东省	青岛市	这里是日志信息......
2022-09-16 14:53:56.759094	[INFO]	goods_manager.py	响应时间:27ms	浙江省	丽水市	这里是日志信息......
2022-09-16 14:53:56.759094	[INFO]	base_network.py	响应时间:513ms	湖南省	益阳市	这里是日志信息......
2022-09-16 14:53:56.759094	[ERROR]	user_manager.py	响应时间:442ms	北京市	朝阳区	这里是日志信息......
2022-09-16 14:53:56.759094	[INFO]	user_manager.py	响应时间:372ms	湖南省	益阳市	这里是日志信息......
2022-09-16 14:53:56.759094	[INFO]	orders_service.py	响应时间:914ms	山东省	济南市	这里是日志信息......
2022-09-16 14:53:56.759094	[INFO]	event.py	响应时间:286ms	浙江省	金华市	这里是日志信息......
2022-09-16 14:53:56.759094	[INFO]	event.py	响应时间:262ms	浙江省	丽水市	这里是日志信息......
2022-09-16 14:53:56.759094	[INFO]	orders_service.py	响应时间:652ms	湖南省	张家界市	这里是日志信息......
2022-09-16 14:53:56.759094	[INFO]	event.py	响应时间:306ms	天津市	和平区	这里是日志信息......
2022-09-16 14:53:56.759094	[INFO]	goods_manager.py	响应时间:980ms	湖北省	恩施土家族苗族自治州	这里是日志信息......
2022-09-16 14:53:56.759094	[INFO]	barcode_service.py	响应时间:417ms	安徽省	阜阳市	这里是日志信息......
2022-09-16 14:53:56.759094	[INFO]	barcode_service.py	响应时间:185ms	天津市	武清区	这里是日志信息......
2022-09-16 14:53:56.759094	[WARN]	shop_manager.py	响应时间:32ms	浙江省	舟山市	这里是日志信息......
2022-09-16 14:53:56.759094	[WARN]	user_manager.py	响应时间:347ms	天津市	宝坻区	这里是日志信息......
2022-09-16 14:53:56.759094	[INFO]	user_manager.py	响应时间:221ms	江苏省	南京市	这里是日志信息......
2022-09-16 14:53:56.759094	[INFO]	goods_manager.py	响应时间:597ms	安徽省	阜阳市	这里是日志信息......
2022-09-16 14:53:56.759094	[INFO]	event.py	响应时间:698ms	山东省	菏泽市	这里是日志信息......
2022-09-16 14:53:56.759094	[INFO]	base_network.py	响应时间:882ms	广东省	深圳市	这里是日志信息......
2022-09-16 14:53:56.759094	[INFO]	barcode_service.py	响应时间:677ms	山东省	济南市	这里是日志信息......
2022-09-16 14:53:56.759094	[INFO]	orders_service.py	响应时间:412ms	山东省	济南市	这里是日志信息......
2022-09-16 14:53:56.759094	[INFO]	goods_manager.py	响应时间:736ms	安徽省	合肥市	这里是日志信息......
2022-09-16 14:53:56.759094	[INFO]	event.py	响应时间:259ms	浙江省	杭州市	这里是日志信息......
2022-09-16 14:53:56.759094	[INFO]	shop_manager.py	响应时间:467ms	重庆市	九龙坡区	这里是日志信息......
2022-09-16 14:53:56.759094	[INFO]	shop_manager.py	响应时间:360ms	上海市	宝山区	这里是日志信息......
2022-09-16 14:53:56.759094	[INFO]	user_manager.py	响应时间:9ms	江苏省	南京市	这里是日志信息......
2022-09-16 14:53:56.759094	[INFO]	orders_service.py	响应时间:168ms	天津市	武清区	这里是日志信息......
2022-09-16 14:53:56.759094	[INFO]	base_network.py	响应时间:858ms	重庆市	涪陵区	这里是日志信息......
2022-09-16 14:53:56.759094	[INFO]	orders_service.py	响应时间:405ms	江苏省	常州市	这里是日志信息......
2022-09-16 14:53:56.759094	[INFO]	base_network.py	响应时间:531ms	湖北省	武汉市	这里是日志信息......
2022-09-16 14:53:56.759094	[INFO]	user_manager.py	响应时间:571ms	天津市	宝坻区	这里是日志信息......
2022-09-16 14:53:56.759094	[WARN]	orders_service.py	响应时间:609ms	天津市	河西区	这里是日志信息......
2022-09-16 14:53:56.759094	[INFO]	orders_service.py	响应时间:113ms	湖南省	长沙市	这里是日志信息......
2022-09-16 14:53:56.759094	[INFO]	event.py	响应时间:761ms	浙江省	杭州市	这里是日志信息......
2022-09-16 14:53:56.759094	[INFO]	orders_service.py	响应时间:171ms	天津市	河西区	这里是日志信息......
2022-09-16 14:53:56.759094	[INFO]	event.py	响应时间:188ms	浙江省	绍兴市	这里是日志信息......
2022-09-16 14:53:56.759094	[WARN]	goods_manager.py	响应时间:666ms	湖北省	荆州市	这里是日志信息......
2022-09-16 14:53:56.759094	[INFO]	orders_service.py	响应时间:429ms	重庆市	南岸区	这里是日志信息......
2022-09-16 14:53:56.759094	[INFO]	orders_service.py	响应时间:526ms	重庆市	涪陵区	这里是日志信息......
2022-09-16 14:53:56.759094	[INFO]	goods_manager.py	响应时间:856ms	湖南省	长沙市	这里是日志信息......
2022-09-16 14:53:56.759094	[WARN]	orders_service.py	响应时间:124ms	湖北省	武汉市	这里是日志信息......
2022-09-16 14:53:56.759094	[WARN]	goods_manager.py	响应时间:381ms	湖南省	长沙市	这里是日志信息......
2022-09-16 14:53:56.759094	[WARN]	goods_manager.py	响应时间:977ms	重庆市	九龙坡区	这里是日志信息......
2022-09-16 14:53:56.759094	[INFO]	event.py	响应时间:218ms	湖南省	长沙市	这里是日志信息......
2022-09-16 14:53:56.759094	[WARN]	event.py	响应时间:484ms	江苏省	苏州市	这里是日志信息......
2022-09-16 14:53:56.759094	[WARN]	barcode_service.py	响应时间:923ms	上海市	黄浦区	这里是日志信息......
2022-09-16 14:53:56.759094	[INFO]	orders_service.py	响应时间:86ms	北京市	大兴区	这里是日志信息......
2022-09-16 14:53:56.759094	[INFO]	goods_manager.py	响应时间:281ms	天津市	宝坻区	这里是日志信息......
2022-09-16 14:53:56.759094	[INFO]	user_manager.py	响应时间:740ms	安徽省	阜阳市	这里是日志信息......
2022-09-16 14:53:56.759094	[INFO]	event.py	响应时间:64ms	安徽省	阜阳市	这里是日志信息......
2022-09-16 14:53:56.759094	[INFO]	orders_service.py	响应时间:450ms	浙江省	绍兴市	这里是日志信息......
2022-09-16 14:53:56.759094	[INFO]	event.py	响应时间:703ms	重庆市	九龙坡区	这里是日志信息......
2022-09-16 14:53:56.759094	[INFO]	goods_manager.py	响应时间:26ms	北京市	海淀区	这里是日志信息......
2022-09-16 14:53:56.759094	[INFO]	orders_service.py	响应时间:246ms	重庆市	万州区	这里是日志信息......
2022-09-16 14:53:56.759094	[INFO]	event.py	响应时间:868ms	北京市	怀柔区	这里是日志信息......
2022-09-16 14:53:56.759094	[INFO]	event.py	响应时间:424ms	北京市	怀柔区	这里是日志信息......
2022-09-16 14:53:56.759094	[INFO]	barcode_service.py	响应时间:692ms	重庆市	渝中区	这里是日志信息......
2022-09-16 14:53:56.759094	[INFO]	goods_manager.py	响应时间:412ms	江苏省	张家港市	这里是日志信息......
2022-09-16 14:53:56.759094	[INFO]	barcode_service.py	响应时间:949ms	山东省	济南市	这里是日志信息......
2022-09-16 14:53:56.759094	[INFO]	barcode_service.py	响应时间:857ms	安徽省	阜阳市	这里是日志信息......
2022-09-16 14:53:56.759094	[INFO]	event.py	响应时间:669ms	湖北省	武汉市	这里是日志信息......
2022-09-16 14:53:56.759094	[INFO]	goods_manager.py	响应时间:545ms	重庆市	涪陵区	这里是日志信息......
2022-09-16 14:53:56.759094	[INFO]	orders_service.py	响应时间:454ms	天津市	和平区	这里是日志信息......
2022-09-16 14:53:56.759094	[INFO]	user_manager.py	响应时间:448ms	重庆市	涪陵区	这里是日志信息......
2022-09-16 14:53:56.759094	[INFO]	base_network.py	响应时间:668ms	湖北省	武汉市	这里是日志信息......
2022-09-16 14:53:56.759094	[WARN]	goods_manager.py	响应时间:118ms	湖北省	恩施土家族苗族自治州	这里是日志信息......
2022-09-16 14:53:56.759094	[INFO]	orders_service.py	响应时间:448ms	安徽省	合肥市	这里是日志信息......
2022-09-16 14:53:56.759094	[INFO]	user_manager.py	响应时间:266ms	安徽省	六安市	这里是日志信息......
2022-09-16 14:53:56.759094	[INFO]	event.py	响应时间:769ms	重庆市	沙坪坝区	这里是日志信息......
2022-09-16 14:53:56.760095	[WARN]	orders_service.py	响应时间:761ms	湖北省	恩施土家族苗族自治州	这里是日志信息......
2022-09-16 14:53:56.760095	[ERROR]	orders_service.py	响应时间:358ms	湖北省	武汉市	这里是日志信息......
2022-09-16 14:53:56.760095	[INFO]	event.py	响应时间:98ms	天津市	河西区	这里是日志信息......
2022-09-16 14:53:56.760095	[INFO]	goods_manager.py	响应时间:383ms	山东省	青岛市	这里是日志信息......
2022-09-16 14:53:56.760095	[INFO]	event.py	响应时间:719ms	江苏省	南京市	这里是日志信息......
2022-09-16 14:53:56.760095	[INFO]	goods_manager.py	响应时间:27ms	山东省	菏泽市	这里是日志信息......
2022-09-16 14:53:56.760095	[INFO]	shop_manager.py	响应时间:591ms	重庆市	万州区	这里是日志信息......
2022-09-16 14:53:56.760095	[INFO]	event.py	响应时间:191ms	江苏省	张家港市	这里是日志信息......
2022-09-16 14:53:56.760095	[INFO]	shop_manager.py	响应时间:771ms	广东省	广州市	这里是日志信息......
2022-09-16 14:53:56.760095	[INFO]	goods_manager.py	响应时间:236ms	上海市	杨浦区	这里是日志信息......
2022-09-16 14:53:56.760095	[INFO]	orders_service.py	响应时间:774ms	北京市	海淀区	这里是日志信息......
2022-09-16 14:53:56.760095	[INFO]	goods_manager.py	响应时间:201ms	江苏省	南京市	这里是日志信息......
2022-09-16 14:53:56.760095	[INFO]	base_network.py	响应时间:461ms	北京市	海淀区	这里是日志信息......
2022-09-16 14:53:56.760095	[ERROR]	barcode_service.py	响应时间:986ms	重庆市	万州区	这里是日志信息......
2022-09-16 14:53:56.760095	[INFO]	shop_manager.py	响应时间:89ms	天津市	河东区	这里是日志信息......
2022-09-16 14:53:56.760095	[WARN]	goods_manager.py	响应时间:496ms	安徽省	合肥市	这里是日志信息......
2022-09-16 14:53:56.760095	[INFO]	goods_manager.py	响应时间:660ms	上海市	浦东新区	这里是日志信息......
2022-09-16 14:53:56.760095	[INFO]	goods_manager.py	响应时间:292ms	江苏省	南京市	这里是日志信息......
2022-09-16 14:53:56.760095	[INFO]	goods_manager.py	响应时间:806ms	浙江省	金华市	这里是日志信息......
2022-09-16 14:53:56.760095	[INFO]	event.py	响应时间:738ms	天津市	宝坻区	这里是日志信息......
2022-09-16 14:53:56.760095	[INFO]	goods_manager.py	响应时间:724ms	安徽省	合肥市	这里是日志信息......
2022-09-16 14:53:56.760095	[INFO]	user_manager.py	响应时间:917ms	北京市	怀柔区	这里是日志信息......
2022-09-16 14:53:56.760095	[INFO]	user_manager.py	响应时间:126ms	重庆市	涪陵区	这里是日志信息......
2022-09-16 14:53:56.760095	[INFO]	goods_manager.py	响应时间:754ms	湖北省	武汉市	这里是日志信息......
2022-09-16 14:53:56.760095	[ERROR]	event.py	响应时间:306ms	北京市	怀柔区	这里是日志信息......
2022-09-16 14:53:56.760095	[INFO]	event.py	响应时间:389ms	湖南省	长沙市	这里是日志信息......
2022-09-16 14:53:56.760095	[INFO]	event.py	响应时间:161ms	广东省	深圳市	这里是日志信息......
2022-09-16 14:53:56.760095	[INFO]	goods_manager.py	响应时间:723ms	山东省	青岛市	这里是日志信息......
2022-09-16 14:53:56.760095	[INFO]	goods_manager.py	响应时间:66ms	北京市	海淀区	这里是日志信息......
2022-09-16 14:53:56.760095	[INFO]	event.py	响应时间:727ms	湖北省	武汉市	这里是日志信息......
2022-09-16 14:53:56.760095	[WARN]	barcode_service.py	响应时间:328ms	北京市	怀柔区	这里是日志信息......
2022-09-16 14:53:56.760095	[WARN]	user_manager.py	响应时间:276ms	天津市	河西区	这里是日志信息......
2022-09-16 14:53:56.760095	[INFO]	orders_service.py	响应时间:730ms	山东省	菏泽市	这里是日志信息......
2022-09-16 14:53:56.760095	[INFO]	event.py	响应时间:107ms	广东省	深圳市	这里是日志信息......
2022-09-16 14:53:56.760095	[INFO]	event.py	响应时间:440ms	上海市	宝山区	这里是日志信息......
2022-09-16 14:53:56.760095	[WARN]	shop_manager.py	响应时间:477ms	江苏省	苏州市	这里是日志信息......
2022-09-16 14:53:56.760095	[INFO]	user_manager.py	响应时间:668ms	北京市	昌平区	这里是日志信息......
2022-09-16 14:53:56.760095	[INFO]	orders_service.py	响应时间:87ms	湖南省	长沙市	这里是日志信息......
2022-09-16 14:53:56.760095	[WARN]	shop_manager.py	响应时间:7ms	天津市	宝坻区	这里是日志信息......
2022-09-16 14:53:56.760095	[ERROR]	user_manager.py	响应时间:845ms	上海市	静安区	这里是日志信息......
2022-09-16 14:53:56.760095	[INFO]	event.py	响应时间:51ms	江苏省	宿迁市	这里是日志信息......
2022-09-16 14:53:56.760095	[INFO]	orders_service.py	响应时间:612ms	江苏省	张家港市	这里是日志信息......
2022-09-16 14:53:56.760095	[INFO]	user_manager.py	响应时间:924ms	重庆市	万州区	这里是日志信息......
2022-09-16 14:53:56.760095	[INFO]	event.py	响应时间:271ms	广东省	广州市	这里是日志信息......
2022-09-16 14:53:56.760095	[INFO]	shop_manager.py	响应时间:178ms	上海市	浦东新区	这里是日志信息......
2022-09-16 14:53:56.760095	[INFO]	user_manager.py	响应时间:529ms	广东省	深圳市	这里是日志信息......
2022-09-16 14:53:56.760095	[INFO]	orders_service.py	响应时间:632ms	山东省	青岛市	这里是日志信息......
2022-09-16 14:53:56.760095	[INFO]	event.py	响应时间:172ms	天津市	武清区	这里是日志信息......
2022-09-16 14:53:56.760095	[ERROR]	goods_manager.py	响应时间:279ms	北京市	怀柔区	这里是日志信息......
2022-09-16 14:53:56.760095	[INFO]	user_manager.py	响应时间:986ms	山东省	济南市	这里是日志信息......
2022-09-16 14:53:56.760095	[INFO]	orders_service.py	响应时间:947ms	上海市	静安区	这里是日志信息......
2022-09-16 14:53:56.760095	[INFO]	barcode_service.py	响应时间:642ms	天津市	河西区	这里是日志信息......
2022-09-16 14:53:56.760095	[INFO]	base_network.py	响应时间:259ms	北京市	怀柔区	这里是日志信息......
2022-09-16 14:53:56.760095	[INFO]	shop_manager.py	响应时间:867ms	湖南省	长沙市	这里是日志信息......
2022-09-16 14:53:56.760095	[INFO]	base_network.py	响应时间:132ms	广东省	深圳市	这里是日志信息......
2022-09-16 14:53:56.760095	[INFO]	user_manager.py	响应时间:217ms	山东省	青岛市	这里是日志信息......
2022-09-16 14:53:56.760095	[INFO]	event.py	响应时间:803ms	山东省	青岛市	这里是日志信息......
2022-09-16 14:53:56.760095	[INFO]	goods_manager.py	响应时间:874ms	重庆市	沙坪坝区	这里是日志信息......
2022-09-16 14:53:56.760095	[INFO]	event.py	响应时间:680ms	北京市	昌平区	这里是日志信息......
2022-09-16 14:53:56.760095	[WARN]	goods_manager.py	响应时间:48ms	山东省	青岛市	这里是日志信息......
2022-09-16 14:53:56.760095	[INFO]	orders_service.py	响应时间:989ms	安徽省	合肥市	这里是日志信息......
2022-09-16 14:53:56.760095	[INFO]	goods_manager.py	响应时间:621ms	重庆市	渝中区	这里是日志信息......
2022-09-16 14:53:56.760095	[INFO]	event.py	响应时间:225ms	北京市	怀柔区	这里是日志信息......
2022-09-16 14:53:56.760095	[INFO]	orders_service.py	响应时间:776ms	上海市	宝山区	这里是日志信息......
2022-09-16 14:53:56.760095	[WARN]	orders_service.py	响应时间:1286ms	湖北省	恩施土家族苗族自治州	这里是日志信息......
2022-09-16 14:53:56.760095	[INFO]	orders_service.py	响应时间:232ms	江苏省	南京市	这里是日志信息......
2022-09-16 14:53:56.760095	[INFO]	goods_manager.py	响应时间:318ms	天津市	和平区	这里是日志信息......
2022-09-16 14:53:56.760095	[INFO]	orders_service.py	响应时间:621ms	山东省	济南市	这里是日志信息......
2022-09-16 14:53:56.760095	[INFO]	barcode_service.py	响应时间:932ms	广东省	深圳市	这里是日志信息......
2022-09-16 14:53:56.760095	[INFO]	shop_manager.py	响应时间:526ms	广东省	广州市	这里是日志信息......
2022-09-16 14:53:56.760095	[INFO]	goods_manager.py	响应时间:933ms	湖北省	荆州市	这里是日志信息......
2022-09-16 14:53:56.761102	[INFO]	event.py	响应时间:182ms	上海市	黄浦区	这里是日志信息......
2022-09-16 14:53:56.761102	[INFO]	orders_service.py	响应时间:907ms	湖南省	长沙市	这里是日志信息......
2022-09-16 14:53:56.761102	[INFO]	barcode_service.py	响应时间:587ms	江苏省	南京市	这里是日志信息......
2022-09-16 14:53:56.761102	[INFO]	goods_manager.py	响应时间:658ms	天津市	宝坻区	这里是日志信息......
2022-09-16 14:53:56.761102	[INFO]	shop_manager.py	响应时间:9549ms	江苏省	苏州市	这里是日志信息......
2022-09-16 14:53:56.761102	[WARN]	goods_manager.py	响应时间:83ms	湖南省	长沙市	这里是日志信息......
2022-09-16 14:53:56.761102	[ERROR]	event.py	响应时间:214ms	北京市	怀柔区	这里是日志信息......
2022-09-16 14:53:56.761102	[INFO]	event.py	响应时间:427ms	北京市	怀柔区	这里是日志信息......
2022-09-16 14:53:56.761102	[INFO]	orders_service.py	响应时间:72ms	上海市	浦东新区	这里是日志信息......
2022-09-16 14:53:56.761102	[INFO]	orders_service.py	响应时间:895ms	天津市	武清区	这里是日志信息......
2022-09-16 14:53:56.761102	[INFO]	barcode_service.py	响应时间:285ms	天津市	武清区	这里是日志信息......
2022-09-16 14:53:56.761102	[INFO]	event.py	响应时间:15ms	江苏省	常州市	这里是日志信息......
2022-09-16 14:53:56.761102	[INFO]	orders_service.py	响应时间:94ms	北京市	朝阳区	这里是日志信息......
2022-09-16 14:53:56.761102	[INFO]	event.py	响应时间:811ms	江苏省	常州市	这里是日志信息......
2022-09-16 14:53:56.761102	[WARN]	orders_service.py	响应时间:927ms	浙江省	杭州市	这里是日志信息......
2022-09-16 14:53:56.761102	[INFO]	barcode_service.py	响应时间:683ms	浙江省	杭州市	这里是日志信息......
2022-09-16 14:53:56.761102	[INFO]	event.py	响应时间:618ms	山东省	济南市	这里是日志信息......
2022-09-16 14:53:56.761102	[INFO]	event.py	响应时间:686ms	山东省	济南市	这里是日志信息......
2022-09-16 14:53:56.761102	[INFO]	orders_service.py	响应时间:662ms	天津市	和平区	这里是日志信息......
2022-09-16 14:53:56.761102	[INFO]	event.py	响应时间:994ms	江苏省	南京市	这里是日志信息......
2022-09-16 14:53:56.761102	[INFO]	event.py	响应时间:731ms	湖北省	武汉市	这里是日志信息......
2022-09-16 14:53:56.761102	[INFO]	event.py	响应时间:957ms	重庆市	渝中区	这里是日志信息......
2022-09-16 14:53:56.761102	[INFO]	orders_service.py	响应时间:654ms	重庆市	渝中区	这里是日志信息......
2022-09-16 14:53:56.761102	[INFO]	orders_service.py	响应时间:377ms	天津市	武清区	这里是日志信息......
2022-09-16 14:53:56.761102	[WARN]	goods_manager.py	响应时间:92ms	湖北省	武汉市	这里是日志信息......
2022-09-16 14:53:56.761102	[INFO]	goods_manager.py	响应时间:784ms	浙江省	湖州市	这里是日志信息......
2022-09-16 14:53:56.761102	[INFO]	event.py	响应时间:441ms	浙江省	湖州市	这里是日志信息......
2022-09-16 14:53:56.761102	[INFO]	barcode_service.py	响应时间:882ms	广东省	珠海市	这里是日志信息......
2022-09-16 14:53:56.761102	[INFO]	event.py	响应时间:556ms	浙江省	舟山市	这里是日志信息......
2022-09-16 14:53:56.761102	[INFO]	orders_service.py	响应时间:674ms	上海市	宝山区	这里是日志信息......
2022-09-16 14:53:56.761102	[INFO]	shop_manager.py	响应时间:852ms	上海市	浦东新区	这里是日志信息......
2022-09-16 14:53:56.761102	[INFO]	orders_service.py	响应时间:470ms	湖北省	十堰市	这里是日志信息......
2022-09-16 14:53:56.761102	[INFO]	orders_service.py	响应时间:212ms	山东省	济南市	这里是日志信息......
2022-09-16 14:53:56.761102	[INFO]	event.py	响应时间:610ms	重庆市	九龙坡区	这里是日志信息......
2022-09-16 14:53:56.761102	[INFO]	goods_manager.py	响应时间:749ms	山东省	青岛市	这里是日志信息......
2022-09-16 14:53:56.761102	[INFO]	orders_service.py	响应时间:251ms	湖北省	恩施土家族苗族自治州	这里是日志信息......
2022-09-16 14:53:56.761102	[WARN]	shop_manager.py	响应时间:483ms	湖北省	十堰市	这里是日志信息......
2022-09-16 14:53:56.761102	[WARN]	base_network.py	响应时间:138ms	北京市	大兴区	这里是日志信息......
2022-09-16 14:53:56.761102	[INFO]	base_network.py	响应时间:627ms	上海市	杨浦区	这里是日志信息......
2022-09-16 14:53:56.761102	[INFO]	barcode_service.py	响应时间:717ms	湖北省	十堰市	这里是日志信息......
2022-09-16 14:53:56.761102	[WARN]	user_manager.py	响应时间:663ms	天津市	和平区	这里是日志信息......
2022-09-16 14:53:56.761102	[INFO]	user_manager.py	响应时间:570ms	上海市	宝山区	这里是日志信息......
2022-09-16 14:53:56.761102	[INFO]	barcode_service.py	响应时间:518ms	山东省	青岛市	这里是日志信息......
2022-09-16 14:53:56.761102	[INFO]	orders_service.py	响应时间:46ms	安徽省	阜阳市	这里是日志信息......
2022-09-16 14:53:56.761102	[INFO]	event.py	响应时间:332ms	重庆市	九龙坡区	这里是日志信息......
2022-09-16 14:53:56.761102	[INFO]	barcode_service.py	响应时间:412ms	天津市	河东区	这里是日志信息......
2022-09-16 14:53:56.761102	[WARN]	event.py	响应时间:59ms	江苏省	苏州市	这里是日志信息......
2022-09-16 14:53:56.761102	[INFO]	orders_service.py	响应时间:417ms	重庆市	涪陵区	这里是日志信息......
2022-09-16 14:53:56.761102	[INFO]	shop_manager.py	响应时间:921ms	北京市	丰台区	这里是日志信息......
2022-09-16 14:53:56.761102	[INFO]	base_network.py	响应时间:409ms	北京市	昌平区	这里是日志信息......
2022-09-16 14:53:56.761102	[WARN]	event.py	响应时间:5570ms	重庆市	涪陵区	这里是日志信息......
2022-09-16 14:53:56.761102	[INFO]	orders_service.py	响应时间:963ms	湖南省	株洲市	这里是日志信息......
2022-09-16 14:53:56.761102	[INFO]	goods_manager.py	响应时间:755ms	安徽省	合肥市	这里是日志信息......
2022-09-16 14:53:56.761102	[INFO]	orders_service.py	响应时间:7ms	浙江省	湖州市	这里是日志信息......
2022-09-16 14:53:56.761102	[INFO]	barcode_service.py	响应时间:115ms	江苏省	苏州市	这里是日志信息......
2022-09-16 14:53:56.761102	[WARN]	event.py	响应时间:437ms	安徽省	芜湖市	这里是日志信息......
2022-09-16 14:53:56.761102	[INFO]	barcode_service.py	响应时间:32ms	湖南省	张家界市	这里是日志信息......
2022-09-16 14:53:56.761102	[INFO]	shop_manager.py	响应时间:139ms	北京市	怀柔区	这里是日志信息......
2022-09-16 14:53:56.761102	[INFO]	event.py	响应时间:753ms	重庆市	南岸区	这里是日志信息......
2022-09-16 14:53:56.761102	[INFO]	user_manager.py	响应时间:558ms	天津市	和平区	这里是日志信息......
2022-09-16 14:53:56.761102	[INFO]	event.py	响应时间:798ms	湖北省	武汉市	这里是日志信息......
2022-09-16 14:53:56.761102	[INFO]	barcode_service.py	响应时间:2905ms	湖南省	益阳市	这里是日志信息......
2022-09-16 14:53:56.761102	[INFO]	barcode_service.py	响应时间:354ms	重庆市	涪陵区	这里是日志信息......
2022-09-16 14:53:56.761102	[INFO]	event.py	响应时间:436ms	浙江省	丽水市	这里是日志信息......
2022-09-16 14:53:56.761102	[INFO]	orders_service.py	响应时间:733ms	重庆市	万州区	这里是日志信息......
2022-09-16 14:53:56.761102	[INFO]	event.py	响应时间:447ms	山东省	青岛市	这里是日志信息......
2022-09-16 14:53:56.761102	[WARN]	goods_manager.py	响应时间:436ms	湖北省	恩施土家族苗族自治州	这里是日志信息......
2022-09-16 14:53:56.761102	[INFO]	user_manager.py	响应时间:774ms	天津市	宝坻区	这里是日志信息......
2022-09-16 14:53:56.761102	[WARN]	shop_manager.py	响应时间:543ms	湖南省	长沙市	这里是日志信息......
2022-09-16 14:53:56.761102	[INFO]	goods_manager.py	响应时间:89ms	湖北省	荆州市	这里是日志信息......
2022-09-16 14:53:56.761102	[INFO]	orders_service.py	响应时间:924ms	浙江省	绍兴市	这里是日志信息......
2022-09-16 14:53:56.761102	[WARN]	user_manager.py	响应时间:863ms	北京市	大兴区	这里是日志信息......
2022-09-16 14:53:56.761102	[INFO]	shop_manager.py	响应时间:826ms	山东省	菏泽市	这里是日志信息......
2022-09-16 14:53:56.761102	[ERROR]	event.py	响应时间:1977ms	上海市	黄浦区	这里是日志信息......
2022-09-16 14:53:56.762108	[INFO]	barcode_service.py	响应时间:553ms	湖南省	株洲市	这里是日志信息......
2022-09-16 14:53:56.762108	[INFO]	goods_manager.py	响应时间:468ms	湖南省	长沙市	这里是日志信息......
2022-09-16 14:53:56.762108	[INFO]	barcode_service.py	响应时间:518ms	广东省	深圳市	这里是日志信息......
2022-09-16 14:53:56.762108	[WARN]	goods_manager.py	响应时间:678ms	山东省	青岛市	这里是日志信息......
2022-09-16 14:53:56.762108	[INFO]	user_manager.py	响应时间:708ms	浙江省	嘉兴市	这里是日志信息......
2022-09-16 14:53:56.762108	[INFO]	barcode_service.py	响应时间:505ms	上海市	浦东新区	这里是日志信息......
2022-09-16 14:53:56.762108	[INFO]	event.py	响应时间:694ms	天津市	河东区	这里是日志信息......
2022-09-16 14:53:56.762108	[INFO]	goods_manager.py	响应时间:505ms	广东省	广州市	这里是日志信息......
2022-09-16 14:53:56.762108	[INFO]	event.py	响应时间:250ms	天津市	宝坻区	这里是日志信息......
2022-09-16 14:53:56.762108	[INFO]	orders_service.py	响应时间:592ms	浙江省	湖州市	这里是日志信息......
2022-09-16 14:53:56.762108	[WARN]	goods_manager.py	响应时间:184ms	湖南省	长沙市	这里是日志信息......
2022-09-16 14:53:56.762108	[WARN]	orders_service.py	响应时间:527ms	湖南省	长沙市	这里是日志信息......
2022-09-16 14:53:56.762108	[INFO]	event.py	响应时间:115ms	安徽省	六安市	这里是日志信息......
2022-09-16 14:53:56.762108	[INFO]	user_manager.py	响应时间:816ms	北京市	大兴区	这里是日志信息......
2022-09-16 14:53:56.762108	[INFO]	orders_service.py	响应时间:54ms	天津市	河东区	这里是日志信息......
2022-09-16 14:53:56.762108	[INFO]	base_network.py	响应时间:382ms	山东省	青岛市	这里是日志信息......
2022-09-16 14:53:56.762108	[INFO]	goods_manager.py	响应时间:735ms	广东省	深圳市	这里是日志信息......
2022-09-16 14:53:56.762108	[INFO]	goods_manager.py	响应时间:34ms	江苏省	常州市	这里是日志信息......
2022-09-16 14:53:56.762108	[INFO]	event.py	响应时间:114ms	浙江省	湖州市	这里是日志信息......
2022-09-16 14:53:56.762108	[INFO]	event.py	响应时间:392ms	浙江省	嘉兴市	这里是日志信息......
2022-09-16 14:53:56.762108	[INFO]	base_network.py	响应时间:774ms	重庆市	九龙坡区	这里是日志信息......
2022-09-16 14:53:56.762108	[INFO]	orders_service.py	响应时间:378ms	浙江省	丽水市	这里是日志信息......
2022-09-16 14:53:56.762108	[INFO]	barcode_service.py	响应时间:649ms	湖北省	武汉市	这里是日志信息......
2022-09-16 14:53:56.762108	[INFO]	event.py	响应时间:779ms	北京市	怀柔区	这里是日志信息......
2022-09-16 14:53:56.762108	[INFO]	goods_manager.py	响应时间:583ms	湖北省	武汉市	这里是日志信息......
2022-09-16 14:53:56.762108	[WARN]	barcode_service.py	响应时间:572ms	湖南省	长沙市	这里是日志信息......
2022-09-16 14:53:56.762108	[INFO]	goods_manager.py	响应时间:866ms	天津市	河西区	这里是日志信息......
2022-09-16 14:53:56.762108	[INFO]	goods_manager.py	响应时间:352ms	天津市	武清区	这里是日志信息......
2022-09-16 14:53:56.762108	[WARN]	goods_manager.py	响应时间:972ms	江苏省	苏州市	这里是日志信息......
2022-09-16 14:53:56.762108	[INFO]	barcode_service.py	响应时间:883ms	湖北省	武汉市	这里是日志信息......
2022-09-16 14:53:56.762108	[WARN]	orders_service.py	响应时间:727ms	天津市	河东区	这里是日志信息......
2022-09-16 14:53:56.762108	[INFO]	user_manager.py	响应时间:185ms	浙江省	舟山市	这里是日志信息......
2022-09-16 14:53:56.762108	[INFO]	goods_manager.py	响应时间:674ms	山东省	青岛市	这里是日志信息......
2022-09-16 14:53:56.762108	[INFO]	orders_service.py	响应时间:237ms	北京市	怀柔区	这里是日志信息......
2022-09-16 14:53:56.762108	[INFO]	event.py	响应时间:172ms	天津市	宝坻区	这里是日志信息......
2022-09-16 14:53:56.762108	[INFO]	event.py	响应时间:417ms	山东省	济南市	这里是日志信息......
2022-09-16 14:53:56.762108	[INFO]	orders_service.py	响应时间:732ms	北京市	海淀区	这里是日志信息......
2022-09-16 14:53:56.762108	[INFO]	user_manager.py	响应时间:473ms	上海市	浦东新区	这里是日志信息......
2022-09-16 14:53:56.762108	[INFO]	event.py	响应时间:404ms	湖北省	武汉市	这里是日志信息......
2022-09-16 14:53:56.762108	[INFO]	user_manager.py	响应时间:978ms	湖南省	长沙市	这里是日志信息......
2022-09-16 14:53:56.762108	[INFO]	event.py	响应时间:3778ms	广东省	深圳市	这里是日志信息......
2022-09-16 14:53:56.762108	[INFO]	goods_manager.py	响应时间:964ms	江苏省	宿迁市	这里是日志信息......
2022-09-16 14:53:56.762108	[INFO]	event.py	响应时间:542ms	浙江省	舟山市	这里是日志信息......
2022-09-16 14:53:56.762108	[INFO]	event.py	响应时间:164ms	安徽省	阜阳市	这里是日志信息......
2022-09-16 14:53:56.762108	[INFO]	goods_manager.py	响应时间:391ms	上海市	普陀区	这里是日志信息......
2022-09-16 14:53:56.762108	[INFO]	shop_manager.py	响应时间:402ms	江苏省	南京市	这里是日志信息......
2022-09-16 14:53:56.762108	[INFO]	event.py	响应时间:390ms	湖北省	荆州市	这里是日志信息......
2022-09-16 14:53:56.762108	[INFO]	goods_manager.py	响应时间:668ms	湖南省	株洲市	这里是日志信息......
2022-09-16 14:53:56.762108	[INFO]	goods_manager.py	响应时间:824ms	江苏省	苏州市	这里是日志信息......
2022-09-16 14:53:56.762108	[INFO]	orders_service.py	响应时间:546ms	湖北省	恩施土家族苗族自治州	这里是日志信息......
2022-09-16 14:53:56.762108	[INFO]	event.py	响应时间:332ms	重庆市	万州区	这里是日志信息......
2022-09-16 14:53:56.762108	[WARN]	orders_service.py	响应时间:329ms	广东省	广州市	这里是日志信息......
2022-09-16 14:53:56.762108	[INFO]	goods_manager.py	响应时间:836ms	安徽省	合肥市	这里是日志信息......
2022-09-16 14:53:56.762108	[INFO]	event.py	响应时间:223ms	天津市	河东区	这里是日志信息......
2022-09-16 14:53:56.762108	[INFO]	event.py	响应时间:92ms	湖南省	益阳市	这里是日志信息......
2022-09-16 14:53:56.762108	[INFO]	user_manager.py	响应时间:161ms	江苏省	张家港市	这里是日志信息......
2022-09-16 14:53:56.762108	[INFO]	goods_manager.py	响应时间:514ms	北京市	昌平区	这里是日志信息......
2022-09-16 14:53:56.762108	[INFO]	user_manager.py	响应时间:115ms	湖北省	武汉市	这里是日志信息......
2022-09-16 14:53:56.762108	[INFO]	orders_service.py	响应时间:253ms	广东省	广州市	这里是日志信息......
2022-09-16 14:53:56.762108	[INFO]	goods_manager.py	响应时间:399ms	上海市	宝山区	这里是日志信息......
2022-09-16 14:53:56.762108	[INFO]	orders_service.py	响应时间:951ms	北京市	大兴区	这里是日志信息......
2022-09-16 14:53:56.762108	[INFO]	shop_manager.py	响应时间:255ms	山东省	济南市	这里是日志信息......
2022-09-16 14:53:56.762108	[INFO]	event.py	响应时间:3536ms	北京市	海淀区	这里是日志信息......
2022-09-16 14:53:56.762108	[INFO]	goods_manager.py	响应时间:17ms	广东省	珠海市	这里是日志信息......
2022-09-16 14:53:56.762108	[INFO]	event.py	响应时间:991ms	浙江省	湖州市	这里是日志信息......
2022-09-16 14:53:56.762108	[INFO]	event.py	响应时间:554ms	重庆市	沙坪坝区	这里是日志信息......
2022-09-16 14:53:56.762108	[ERROR]	event.py	响应时间:183ms	重庆市	万州区	这里是日志信息......
2022-09-16 14:53:56.762108	[INFO]	barcode_service.py	响应时间:550ms	北京市	海淀区	这里是日志信息......
2022-09-16 14:53:56.763109	[INFO]	goods_manager.py	响应时间:480ms	上海市	浦东新区	这里是日志信息......
2022-09-16 14:53:56.763109	[INFO]	goods_manager.py	响应时间:567ms	浙江省	舟山市	这里是日志信息......
2022-09-16 14:53:56.763109	[INFO]	orders_service.py	响应时间:592ms	浙江省	丽水市	这里是日志信息......
2022-09-16 14:53:56.763109	[INFO]	event.py	响应时间:104ms	湖南省	张家界市	这里是日志信息......
2022-09-16 14:53:56.763109	[INFO]	event.py	响应时间:947ms	上海市	宝山区	这里是日志信息......
2022-09-16 14:53:56.763109	[INFO]	event.py	响应时间:97ms	上海市	黄浦区	这里是日志信息......
2022-09-16 14:53:56.763109	[INFO]	orders_service.py	响应时间:178ms	江苏省	南京市	这里是日志信息......
2022-09-16 14:53:56.763109	[INFO]	orders_service.py	响应时间:190ms	浙江省	金华市	这里是日志信息......
2022-09-16 14:53:56.763109	[INFO]	goods_manager.py	响应时间:628ms	广东省	深圳市	这里是日志信息......
2022-09-16 14:53:56.763109	[INFO]	goods_manager.py	响应时间:286ms	天津市	和平区	这里是日志信息......
2022-09-16 14:53:56.763109	[INFO]	event.py	响应时间:911ms	上海市	浦东新区	这里是日志信息......
2022-09-16 14:53:56.763109	[INFO]	orders_service.py	响应时间:799ms	江苏省	苏州市	这里是日志信息......
2022-09-16 14:53:56.763109	[INFO]	orders_service.py	响应时间:934ms	浙江省	湖州市	这里是日志信息......
2022-09-16 14:53:56.763109	[INFO]	event.py	响应时间:560ms	天津市	河西区	这里是日志信息......
2022-09-16 14:53:56.763109	[INFO]	goods_manager.py	响应时间:253ms	北京市	丰台区	这里是日志信息......
2022-09-16 14:53:56.763109	[INFO]	orders_service.py	响应时间:739ms	广东省	广州市	这里是日志信息......
2022-09-16 14:53:56.763109	[INFO]	event.py	响应时间:24ms	山东省	济南市	这里是日志信息......
2022-09-16 14:53:56.763109	[INFO]	goods_manager.py	响应时间:782ms	浙江省	杭州市	这里是日志信息......
2022-09-16 14:53:56.763109	[INFO]	user_manager.py	响应时间:655ms	山东省	菏泽市	这里是日志信息......
2022-09-16 14:53:56.763109	[INFO]	shop_manager.py	响应时间:462ms	天津市	和平区	这里是日志信息......
2022-09-16 14:53:56.763109	[INFO]	event.py	响应时间:770ms	广东省	珠海市	这里是日志信息......
2022-09-16 14:53:56.763109	[INFO]	base_network.py	响应时间:712ms	安徽省	阜阳市	这里是日志信息......
2022-09-16 14:53:56.763109	[INFO]	orders_service.py	响应时间:589ms	安徽省	合肥市	这里是日志信息......
2022-09-16 14:53:56.763109	[WARN]	base_network.py	响应时间:901ms	湖南省	长沙市	这里是日志信息......
2022-09-16 14:53:56.763109	[INFO]	event.py	响应时间:921ms	山东省	青岛市	这里是日志信息......
2022-09-16 14:53:56.763109	[INFO]	event.py	响应时间:580ms	天津市	宝坻区	这里是日志信息......
2022-09-16 14:53:56.763109	[INFO]	goods_manager.py	响应时间:904ms	上海市	宝山区	这里是日志信息......
2022-09-16 14:53:56.763109	[INFO]	shop_manager.py	响应时间:546ms	上海市	浦东新区	这里是日志信息......
2022-09-16 14:53:56.763109	[INFO]	event.py	响应时间:857ms	北京市	怀柔区	这里是日志信息......
2022-09-16 14:53:56.763109	[INFO]	goods_manager.py	响应时间:544ms	湖南省	长沙市	这里是日志信息......
2022-09-16 14:53:56.763109	[INFO]	orders_service.py	响应时间:1815ms	浙江省	丽水市	这里是日志信息......
2022-09-16 14:53:56.763109	[INFO]	barcode_service.py	响应时间:293ms	浙江省	杭州市	这里是日志信息......
2022-09-16 14:53:56.763109	[WARN]	orders_service.py	响应时间:28ms	重庆市	九龙坡区	这里是日志信息......
2022-09-16 14:53:56.763109	[INFO]	goods_manager.py	响应时间:173ms	重庆市	万州区	这里是日志信息......
2022-09-16 14:53:56.763109	[INFO]	shop_manager.py	响应时间:749ms	上海市	徐汇区	这里是日志信息......
2022-09-16 14:53:56.763109	[INFO]	shop_manager.py	响应时间:436ms	广东省	深圳市	这里是日志信息......
2022-09-16 14:53:56.763109	[INFO]	event.py	响应时间:298ms	上海市	浦东新区	这里是日志信息......
2022-09-16 14:53:56.763109	[INFO]	goods_manager.py	响应时间:632ms	北京市	朝阳区	这里是日志信息......
2022-09-16 14:53:56.763109	[INFO]	user_manager.py	响应时间:964ms	广东省	广州市	这里是日志信息......
2022-09-16 14:53:56.763109	[WARN]	goods_manager.py	响应时间:32ms	广东省	广州市	这里是日志信息......
2022-09-16 14:53:56.763109	[INFO]	barcode_service.py	响应时间:284ms	广东省	深圳市	这里是日志信息......
2022-09-16 14:53:56.763109	[WARN]	barcode_service.py	响应时间:7177ms	北京市	丰台区	这里是日志信息......
2022-09-16 14:53:56.763109	[INFO]	base_network.py	响应时间:262ms	山东省	济南市	这里是日志信息......
2022-09-16 14:53:56.763109	[INFO]	shop_manager.py	响应时间:699ms	广东省	深圳市	这里是日志信息......
2022-09-16 14:53:56.763109	[INFO]	user_manager.py	响应时间:519ms	浙江省	绍兴市	这里是日志信息......
2022-09-16 14:53:56.763109	[INFO]	shop_manager.py	响应时间:212ms	湖北省	十堰市	这里是日志信息......
2022-09-16 14:53:56.763109	[INFO]	user_manager.py	响应时间:994ms	湖南省	长沙市	这里是日志信息......
2022-09-16 14:53:56.763109	[INFO]	goods_manager.py	响应时间:104ms	浙江省	金华市	这里是日志信息......
2022-09-16 14:53:56.763109	[INFO]	orders_service.py	响应时间:524ms	湖南省	长沙市	这里是日志信息......
2022-09-16 14:53:56.763109	[INFO]	orders_service.py	响应时间:383ms	山东省	菏泽市	这里是日志信息......
2022-09-16 14:53:56.763109	[INFO]	user_manager.py	响应时间:694ms	湖南省	株洲市	这里是日志信息......
2022-09-16 14:53:56.763109	[WARN]	barcode_service.py	响应时间:564ms	重庆市	万州区	这里是日志信息......
2022-09-16 14:53:56.763109	[INFO]	event.py	响应时间:123ms	天津市	宝坻区	这里是日志信息......
2022-09-16 14:53:56.763109	[WARN]	orders_service.py	响应时间:908ms	重庆市	沙坪坝区	这里是日志信息......
2022-09-16 14:53:56.763109	[INFO]	event.py	响应时间:8528ms	浙江省	杭州市	这里是日志信息......
2022-09-16 14:53:56.763109	[INFO]	shop_manager.py	响应时间:553ms	重庆市	渝中区	这里是日志信息......
2022-09-16 14:53:56.763109	[INFO]	goods_manager.py	响应时间:115ms	天津市	河东区	这里是日志信息......
2022-09-16 14:53:56.763109	[INFO]	base_network.py	响应时间:470ms	天津市	宝坻区	这里是日志信息......
2022-09-16 14:53:56.763109	[INFO]	barcode_service.py	响应时间:60ms	广东省	珠海市	这里是日志信息......
2022-09-16 14:53:56.763109	[INFO]	event.py	响应时间:705ms	安徽省	六安市	这里是日志信息......
2022-09-16 14:53:56.763109	[INFO]	user_manager.py	响应时间:376ms	北京市	丰台区	这里是日志信息......
2022-09-16 14:53:56.763109	[WARN]	barcode_service.py	响应时间:542ms	浙江省	舟山市	这里是日志信息......
2022-09-16 14:53:56.763109	[INFO]	barcode_service.py	响应时间:771ms	安徽省	合肥市	这里是日志信息......
2022-09-16 14:53:56.763109	[INFO]	event.py	响应时间:414ms	安徽省	池州市	这里是日志信息......
2022-09-16 14:53:56.763109	[INFO]	base_network.py	响应时间:621ms	山东省	青岛市	这里是日志信息......
2022-09-16 14:53:56.763109	[INFO]	event.py	响应时间:354ms	江苏省	张家港市	这里是日志信息......
2022-09-16 14:53:56.763109	[INFO]	shop_manager.py	响应时间:451ms	湖北省	十堰市	这里是日志信息......
2022-09-16 14:53:56.763109	[INFO]	user_manager.py	响应时间:481ms	天津市	和平区	这里是日志信息......
2022-09-16 14:53:56.763109	[INFO]	shop_manager.py	响应时间:391ms	上海市	静安区	这里是日志信息......
2022-09-16 14:53:56.763109	[INFO]	event.py	响应时间:184ms	广东省	广州市	这里是日志信息......
2022-09-16 14:53:56.763109	[INFO]	goods_manager.py	响应时间:96ms	天津市	河西区	这里是日志信息......
2022-09-16 14:53:56.763109	[INFO]	event.py	响应时间:627ms	上海市	黄浦区	这里是日志信息......
2022-09-16 14:53:56.763109	[INFO]	orders_service.py	响应时间:539ms	湖南省	长沙市	这里是日志信息......
2022-09-16 14:53:56.764109	[WARN]	goods_manager.py	响应时间:40ms	浙江省	杭州市	这里是日志信息......
2022-09-16 14:53:56.764109	[WARN]	event.py	响应时间:273ms	上海市	杨浦区	这里是日志信息......
2022-09-16 14:53:56.764109	[INFO]	barcode_service.py	响应时间:837ms	天津市	武清区	这里是日志信息......
2022-09-16 14:53:56.764109	[INFO]	orders_service.py	响应时间:549ms	湖南省	株洲市	这里是日志信息......
2022-09-16 14:53:56.764109	[INFO]	barcode_service.py	响应时间:520ms	安徽省	合肥市	这里是日志信息......
2022-09-16 14:53:56.764109	[INFO]	orders_service.py	响应时间:58ms	湖北省	十堰市	这里是日志信息......
2022-09-16 14:53:56.764109	[INFO]	barcode_service.py	响应时间:290ms	湖北省	武汉市	这里是日志信息......
2022-09-16 14:53:56.764109	[INFO]	event.py	响应时间:1960ms	湖南省	长沙市	这里是日志信息......
2022-09-16 14:53:56.764109	[WARN]	goods_manager.py	响应时间:118ms	浙江省	杭州市	这里是日志信息......
2022-09-16 14:53:56.764109	[INFO]	event.py	响应时间:3417ms	天津市	和平区	这里是日志信息......
2022-09-16 14:53:56.764109	[INFO]	user_manager.py	响应时间:732ms	浙江省	湖州市	这里是日志信息......
2022-09-16 14:53:56.764109	[INFO]	barcode_service.py	响应时间:895ms	广东省	深圳市	这里是日志信息......
2022-09-16 14:53:56.764109	[INFO]	event.py	响应时间:560ms	重庆市	渝中区	这里是日志信息......
2022-09-16 14:53:56.764109	[INFO]	orders_service.py	响应时间:627ms	山东省	济南市	这里是日志信息......
2022-09-16 14:53:56.764109	[ERROR]	base_network.py	响应时间:405ms	山东省	济南市	这里是日志信息......
2022-09-16 14:53:56.764109	[INFO]	orders_service.py	响应时间:491ms	山东省	青岛市	这里是日志信息......
2022-09-16 14:53:56.764109	[INFO]	user_manager.py	响应时间:799ms	江苏省	南京市	这里是日志信息......
2022-09-16 14:53:56.764109	[INFO]	barcode_service.py	响应时间:222ms	上海市	普陀区	这里是日志信息......
2022-09-16 14:53:56.764109	[INFO]	event.py	响应时间:25ms	湖北省	恩施土家族苗族自治州	这里是日志信息......
2022-09-16 14:53:56.764109	[INFO]	orders_service.py	响应时间:471ms	重庆市	沙坪坝区	这里是日志信息......
2022-09-16 14:53:56.764109	[INFO]	orders_service.py	响应时间:546ms	北京市	大兴区	这里是日志信息......
2022-09-16 14:53:56.764109	[INFO]	orders_service.py	响应时间:397ms	江苏省	南京市	这里是日志信息......
2022-09-16 14:53:56.764109	[INFO]	orders_service.py	响应时间:247ms	山东省	青岛市	这里是日志信息......
2022-09-16 14:53:56.764109	[INFO]	event.py	响应时间:2ms	江苏省	南京市	这里是日志信息......
2022-09-16 14:53:56.764109	[WARN]	user_manager.py	响应时间:659ms	广东省	深圳市	这里是日志信息......
2022-09-16 14:53:56.764109	[INFO]	goods_manager.py	响应时间:87ms	天津市	河西区	这里是日志信息......
2022-09-16 14:53:56.764109	[INFO]	goods_manager.py	响应时间:611ms	湖北省	十堰市	这里是日志信息......
2022-09-16 14:53:56.764109	[INFO]	orders_service.py	响应时间:227ms	安徽省	合肥市	这里是日志信息......
2022-09-16 14:53:56.764109	[INFO]	event.py	响应时间:933ms	湖南省	长沙市	这里是日志信息......
2022-09-16 14:53:56.764109	[INFO]	barcode_service.py	响应时间:437ms	山东省	青岛市	这里是日志信息......
2022-09-16 14:53:56.764109	[INFO]	orders_service.py	响应时间:799ms	广东省	深圳市	这里是日志信息......
2022-09-16 14:53:56.764109	[INFO]	orders_service.py	响应时间:127ms	浙江省	舟山市	这里是日志信息......
2022-09-16 14:53:56.764109	[INFO]	event.py	响应时间:517ms	浙江省	湖州市	这里是日志信息......
2022-09-16 14:53:56.764109	[INFO]	shop_manager.py	响应时间:489ms	安徽省	阜阳市	这里是日志信息......
2022-09-16 14:53:56.764109	[WARN]	goods_manager.py	响应时间:727ms	重庆市	沙坪坝区	这里是日志信息......
2022-09-16 14:53:56.764109	[INFO]	goods_manager.py	响应时间:151ms	湖北省	荆州市	这里是日志信息......
2022-09-16 14:53:56.764109	[INFO]	user_manager.py	响应时间:992ms	上海市	杨浦区	这里是日志信息......
2022-09-16 14:53:56.764109	[INFO]	base_network.py	响应时间:765ms	浙江省	金华市	这里是日志信息......
2022-09-16 14:53:56.764109	[WARN]	goods_manager.py	响应时间:853ms	天津市	宝坻区	这里是日志信息......
2022-09-16 14:53:56.764109	[WARN]	event.py	响应时间:475ms	安徽省	池州市	这里是日志信息......
2022-09-16 14:53:56.764109	[INFO]	user_manager.py	响应时间:965ms	湖南省	长沙市	这里是日志信息......
2022-09-16 14:53:56.764109	[INFO]	base_network.py	响应时间:955ms	安徽省	铜陵市	这里是日志信息......
2022-09-16 14:53:56.764109	[INFO]	shop_manager.py	响应时间:788ms	安徽省	池州市	这里是日志信息......
2022-09-16 14:53:56.764109	[INFO]	event.py	响应时间:785ms	北京市	朝阳区	这里是日志信息......
2022-09-16 14:53:56.764109	[INFO]	user_manager.py	响应时间:614ms	重庆市	南岸区	这里是日志信息......
2022-09-16 14:53:56.764109	[WARN]	base_network.py	响应时间:973ms	天津市	河西区	这里是日志信息......
2022-09-16 14:53:56.764109	[INFO]	barcode_service.py	响应时间:126ms	浙江省	湖州市	这里是日志信息......
2022-09-16 14:53:56.764109	[INFO]	goods_manager.py	响应时间:585ms	重庆市	渝中区	这里是日志信息......
2022-09-16 14:53:56.764109	[INFO]	event.py	响应时间:472ms	江苏省	苏州市	这里是日志信息......
2022-09-16 14:53:56.764109	[ERROR]	orders_service.py	响应时间:5390ms	重庆市	渝中区	这里是日志信息......
2022-09-16 14:53:56.764109	[INFO]	base_network.py	响应时间:253ms	山东省	济南市	这里是日志信息......
2022-09-16 14:53:56.764109	[INFO]	event.py	响应时间:871ms	山东省	青岛市	这里是日志信息......
2022-09-16 14:53:56.764109	[INFO]	event.py	响应时间:525ms	山东省	青岛市	这里是日志信息......
2022-09-16 14:53:56.764109	[INFO]	event.py	响应时间:577ms	江苏省	南京市	这里是日志信息......
2022-09-16 14:53:56.764109	[ERROR]	orders_service.py	响应时间:783ms	重庆市	万州区	这里是日志信息......
2022-09-16 14:53:56.764109	[INFO]	shop_manager.py	响应时间:444ms	重庆市	涪陵区	这里是日志信息......
2022-09-16 14:53:56.764109	[INFO]	user_manager.py	响应时间:647ms	浙江省	金华市	这里是日志信息......
2022-09-16 14:53:56.764109	[INFO]	shop_manager.py	响应时间:178ms	浙江省	嘉兴市	这里是日志信息......
2022-09-16 14:53:56.764109	[WARN]	orders_service.py	响应时间:78ms	江苏省	张家港市	这里是日志信息......
2022-09-16 14:53:56.764109	[INFO]	orders_service.py	响应时间:540ms	北京市	海淀区	这里是日志信息......
2022-09-16 14:53:56.764109	[INFO]	event.py	响应时间:997ms	上海市	普陀区	这里是日志信息......
2022-09-16 14:53:56.764109	[INFO]	user_manager.py	响应时间:227ms	湖北省	武汉市	这里是日志信息......
2022-09-16 14:53:56.764109	[INFO]	base_network.py	响应时间:985ms	重庆市	南岸区	这里是日志信息......
2022-09-16 14:53:56.764109	[INFO]	user_manager.py	响应时间:591ms	浙江省	金华市	这里是日志信息......
2022-09-16 14:53:56.764109	[WARN]	orders_service.py	响应时间:150ms	湖北省	武汉市	这里是日志信息......
2022-09-16 14:53:56.764109	[WARN]	event.py	响应时间:534ms	上海市	浦东新区	这里是日志信息......
2022-09-16 14:53:56.764109	[INFO]	orders_service.py	响应时间:393ms	湖北省	武汉市	这里是日志信息......
2022-09-16 14:53:56.764109	[INFO]	shop_manager.py	响应时间:498ms	山东省	济南市	这里是日志信息......
2022-09-16 14:53:56.764109	[INFO]	orders_service.py	响应时间:632ms	安徽省	阜阳市	这里是日志信息......
2022-09-16 14:53:56.764109	[INFO]	user_manager.py	响应时间:633ms	湖南省	长沙市	这里是日志信息......
2022-09-16 14:53:56.765095	[INFO]	shop_manager.py	响应时间:904ms	上海市	宝山区	这里是日志信息......
2022-09-16 14:53:56.765095	[INFO]	orders_service.py	响应时间:979ms	重庆市	万州区	这里是日志信息......
2022-09-16 14:53:56.765095	[WARN]	goods_manager.py	响应时间:5300ms	浙江省	湖州市	这里是日志信息......
2022-09-16 14:53:56.765095	[INFO]	goods_manager.py	响应时间:600ms	广东省	广州市	这里是日志信息......
2022-09-16 14:53:56.765095	[ERROR]	orders_service.py	响应时间:701ms	山东省	青岛市	这里是日志信息......
2022-09-16 14:53:56.765095	[INFO]	base_network.py	响应时间:816ms	重庆市	南岸区	这里是日志信息......
2022-09-16 14:53:56.765095	[WARN]	orders_service.py	响应时间:335ms	上海市	杨浦区	这里是日志信息......
2022-09-16 14:53:56.765095	[INFO]	base_network.py	响应时间:7595ms	北京市	昌平区	这里是日志信息......
2022-09-16 14:53:56.765095	[INFO]	orders_service.py	响应时间:409ms	安徽省	池州市	这里是日志信息......
2022-09-16 14:53:56.765095	[INFO]	orders_service.py	响应时间:545ms	湖北省	武汉市	这里是日志信息......
2022-09-16 14:53:56.765095	[ERROR]	event.py	响应时间:3135ms	湖南省	张家界市	这里是日志信息......
2022-09-16 14:53:56.765095	[INFO]	event.py	响应时间:159ms	重庆市	南岸区	这里是日志信息......
2022-09-16 14:53:56.765095	[INFO]	event.py	响应时间:754ms	北京市	朝阳区	这里是日志信息......
2022-09-16 14:53:56.765095	[INFO]	goods_manager.py	响应时间:842ms	天津市	宝坻区	这里是日志信息......
2022-09-16 14:53:56.765095	[INFO]	event.py	响应时间:740ms	江苏省	无锡市	这里是日志信息......
2022-09-16 14:53:56.765095	[INFO]	orders_service.py	响应时间:8185ms	江苏省	南京市	这里是日志信息......
2022-09-16 14:53:56.765095	[WARN]	user_manager.py	响应时间:102ms	湖南省	常德市	这里是日志信息......
2022-09-16 14:53:56.765095	[INFO]	event.py	响应时间:69ms	天津市	河东区	这里是日志信息......
2022-09-16 14:53:56.765095	[INFO]	orders_service.py	响应时间:370ms	重庆市	九龙坡区	这里是日志信息......
2022-09-16 14:53:56.765095	[INFO]	goods_manager.py	响应时间:498ms	安徽省	合肥市	这里是日志信息......
2022-09-16 14:53:56.765095	[INFO]	shop_manager.py	响应时间:662ms	湖南省	长沙市	这里是日志信息......
2022-09-16 14:53:56.765095	[INFO]	orders_service.py	响应时间:419ms	重庆市	南岸区	这里是日志信息......
2022-09-16 14:53:56.765095	[INFO]	orders_service.py	响应时间:632ms	天津市	河西区	这里是日志信息......
2022-09-16 14:53:56.765095	[INFO]	event.py	响应时间:786ms	山东省	青岛市	这里是日志信息......
2022-09-16 14:53:56.765095	[INFO]	shop_manager.py	响应时间:880ms	重庆市	涪陵区	这里是日志信息......
2022-09-16 14:53:56.765095	[INFO]	orders_service.py	响应时间:3158ms	湖北省	武汉市	这里是日志信息......
2022-09-16 14:53:56.765095	[INFO]	base_network.py	响应时间:83ms	安徽省	六安市	这里是日志信息......
2022-09-16 14:53:56.765095	[INFO]	orders_service.py	响应时间:3398ms	重庆市	渝中区	这里是日志信息......
2022-09-16 14:53:56.765095	[INFO]	goods_manager.py	响应时间:844ms	重庆市	九龙坡区	这里是日志信息......
2022-09-16 14:53:56.765095	[INFO]	barcode_service.py	响应时间:348ms	上海市	普陀区	这里是日志信息......
2022-09-16 14:53:56.765095	[ERROR]	barcode_service.py	响应时间:850ms	安徽省	阜阳市	这里是日志信息......
2022-09-16 14:53:56.765095	[INFO]	goods_manager.py	响应时间:555ms	江苏省	无锡市	这里是日志信息......
2022-09-16 14:53:56.765095	[INFO]	event.py	响应时间:620ms	上海市	浦东新区	这里是日志信息......
2022-09-16 14:53:56.765095	[INFO]	base_network.py	响应时间:566ms	湖南省	益阳市	这里是日志信息......
2022-09-16 14:53:56.765095	[INFO]	event.py	响应时间:63ms	广东省	深圳市	这里是日志信息......
2022-09-16 14:53:56.765095	[WARN]	user_manager.py	响应时间:356ms	江苏省	南京市	这里是日志信息......
2022-09-16 14:53:56.765095	[INFO]	event.py	响应时间:395ms	湖南省	长沙市	这里是日志信息......
2022-09-16 14:53:56.765095	[INFO]	orders_service.py	响应时间:599ms	重庆市	万州区	这里是日志信息......
2022-09-16 14:53:56.765095	[WARN]	base_network.py	响应时间:865ms	浙江省	嘉兴市	这里是日志信息......
2022-09-16 14:53:56.765095	[INFO]	orders_service.py	响应时间:320ms	天津市	河西区	这里是日志信息......
2022-09-16 14:53:56.765095	[INFO]	user_manager.py	响应时间:449ms	浙江省	金华市	这里是日志信息......
2022-09-16 14:53:56.765095	[WARN]	base_network.py	响应时间:269ms	广东省	广州市	这里是日志信息......
2022-09-16 14:53:56.765095	[ERROR]	user_manager.py	响应时间:8689ms	湖南省	长沙市	这里是日志信息......
2022-09-16 14:53:56.765095	[INFO]	orders_service.py	响应时间:996ms	山东省	青岛市	这里是日志信息......
2022-09-16 14:53:56.765095	[INFO]	orders_service.py	响应时间:532ms	江苏省	南京市	这里是日志信息......
2022-09-16 14:53:56.765095	[INFO]	base_network.py	响应时间:454ms	重庆市	南岸区	这里是日志信息......
2022-09-16 14:53:56.765095	[WARN]	event.py	响应时间:996ms	浙江省	舟山市	这里是日志信息......
2022-09-16 14:53:56.765095	[INFO]	event.py	响应时间:257ms	山东省	济南市	这里是日志信息......
2022-09-16 14:53:56.765095	[INFO]	event.py	响应时间:416ms	北京市	朝阳区	这里是日志信息......
2022-09-16 14:53:56.765095	[INFO]	user_manager.py	响应时间:267ms	江苏省	张家港市	这里是日志信息......
2022-09-16 14:53:56.765095	[WARN]	goods_manager.py	响应时间:7844ms	湖南省	长沙市	这里是日志信息......
2022-09-16 14:53:56.765095	[INFO]	base_network.py	响应时间:387ms	上海市	静安区	这里是日志信息......
2022-09-16 14:53:56.765095	[INFO]	user_manager.py	响应时间:547ms	安徽省	铜陵市	这里是日志信息......
2022-09-16 14:53:56.765095	[INFO]	orders_service.py	响应时间:709ms	上海市	宝山区	这里是日志信息......
2022-09-16 14:53:56.765095	[INFO]	goods_manager.py	响应时间:500ms	江苏省	南京市	这里是日志信息......
2022-09-16 14:53:56.765095	[INFO]	orders_service.py	响应时间:873ms	浙江省	嘉兴市	这里是日志信息......
2022-09-16 14:53:56.765095	[INFO]	base_network.py	响应时间:170ms	江苏省	南京市	这里是日志信息......
2022-09-16 14:53:56.765095	[ERROR]	goods_manager.py	响应时间:319ms	上海市	宝山区	这里是日志信息......
2022-09-16 14:53:56.765095	[INFO]	event.py	响应时间:178ms	北京市	丰台区	这里是日志信息......
2022-09-16 14:53:56.765095	[INFO]	goods_manager.py	响应时间:194ms	湖北省	十堰市	这里是日志信息......
2022-09-16 14:53:56.765095	[INFO]	barcode_service.py	响应时间:335ms	重庆市	沙坪坝区	这里是日志信息......
2022-09-16 14:53:56.765095	[INFO]	orders_service.py	响应时间:100ms	湖北省	恩施土家族苗族自治州	这里是日志信息......
2022-09-16 14:53:56.765095	[INFO]	event.py	响应时间:988ms	湖北省	荆州市	这里是日志信息......
2022-09-16 14:53:56.765095	[INFO]	goods_manager.py	响应时间:636ms	浙江省	杭州市	这里是日志信息......
2022-09-16 14:53:56.765095	[INFO]	barcode_service.py	响应时间:897ms	湖北省	武汉市	这里是日志信息......
2022-09-16 14:53:56.765095	[INFO]	orders_service.py	响应时间:270ms	山东省	济南市	这里是日志信息......
2022-09-16 14:53:56.765095	[INFO]	barcode_service.py	响应时间:820ms	重庆市	沙坪坝区	这里是日志信息......
2022-09-16 14:53:56.765095	[INFO]	orders_service.py	响应时间:928ms	重庆市	万州区	这里是日志信息......
2022-09-16 14:53:56.765095	[INFO]	shop_manager.py	响应时间:941ms	湖北省	十堰市	这里是日志信息......
2022-09-16 14:53:56.765095	[INFO]	goods_manager.py	响应时间:644ms	广东省	广州市	这里是日志信息......
2022-09-16 14:53:56.765095	[INFO]	event.py	响应时间:886ms	广东省	深圳市	这里是日志信息......
2022-09-16 14:53:56.765095	[INFO]	user_manager.py	响应时间:171ms	重庆市	万州区	这里是日志信息......
2022-09-16 14:53:56.765095	[INFO]	orders_service.py	响应时间:829ms	山东省	济南市	这里是日志信息......
2022-09-16 14:53:56.765095	[WARN]	orders_service.py	响应时间:495ms	江苏省	南京市	这里是日志信息......
2022-09-16 14:53:56.766103	[INFO]	user_manager.py	响应时间:494ms	天津市	宝坻区	这里是日志信息......
2022-09-16 14:53:56.766103	[INFO]	event.py	响应时间:703ms	重庆市	沙坪坝区	这里是日志信息......
2022-09-16 14:53:56.766103	[INFO]	orders_service.py	响应时间:106ms	江苏省	南京市	这里是日志信息......
2022-09-16 14:53:56.766103	[INFO]	event.py	响应时间:302ms	浙江省	嘉兴市	这里是日志信息......
2022-09-16 14:53:56.766103	[INFO]	barcode_service.py	响应时间:599ms	广东省	珠海市	这里是日志信息......
2022-09-16 14:53:56.766103	[INFO]	goods_manager.py	响应时间:887ms	湖北省	武汉市	这里是日志信息......
2022-09-16 14:53:56.766103	[INFO]	barcode_service.py	响应时间:944ms	广东省	广州市	这里是日志信息......
2022-09-16 14:53:56.766103	[INFO]	user_manager.py	响应时间:261ms	湖北省	武汉市	这里是日志信息......
2022-09-16 14:53:56.766103	[WARN]	barcode_service.py	响应时间:763ms	湖北省	武汉市	这里是日志信息......
2022-09-16 14:53:56.766103	[INFO]	shop_manager.py	响应时间:729ms	湖南省	长沙市	这里是日志信息......
2022-09-16 14:53:56.766103	[INFO]	user_manager.py	响应时间:654ms	天津市	河东区	这里是日志信息......
2022-09-16 14:53:56.766103	[INFO]	barcode_service.py	响应时间:321ms	上海市	徐汇区	这里是日志信息......
2022-09-16 14:53:56.766103	[INFO]	orders_service.py	响应时间:631ms	天津市	武清区	这里是日志信息......
2022-09-16 14:53:56.766103	[INFO]	base_network.py	响应时间:158ms	上海市	浦东新区	这里是日志信息......
2022-09-16 14:53:56.766103	[INFO]	orders_service.py	响应时间:756ms	广东省	广州市	这里是日志信息......
2022-09-16 14:53:56.766103	[WARN]	barcode_service.py	响应时间:951ms	天津市	河东区	这里是日志信息......
2022-09-16 14:53:56.766103	[INFO]	user_manager.py	响应时间:234ms	湖南省	株洲市	这里是日志信息......
2022-09-16 14:53:56.766103	[WARN]	barcode_service.py	响应时间:488ms	湖北省	武汉市	这里是日志信息......
2022-09-16 14:53:56.766103	[WARN]	user_manager.py	响应时间:926ms	重庆市	渝中区	这里是日志信息......
2022-09-16 14:53:56.766103	[INFO]	orders_service.py	响应时间:775ms	上海市	黄浦区	这里是日志信息......
2022-09-16 14:53:56.766103	[INFO]	user_manager.py	响应时间:473ms	重庆市	万州区	这里是日志信息......
2022-09-16 14:53:56.766103	[INFO]	goods_manager.py	响应时间:618ms	湖南省	长沙市	这里是日志信息......
2022-09-16 14:53:56.766103	[INFO]	event.py	响应时间:95ms	广东省	广州市	这里是日志信息......
2022-09-16 14:53:56.766103	[WARN]	event.py	响应时间:404ms	山东省	济南市	这里是日志信息......
2022-09-16 14:53:56.766103	[WARN]	event.py	响应时间:435ms	山东省	青岛市	这里是日志信息......
2022-09-16 14:53:56.766103	[INFO]	orders_service.py	响应时间:542ms	天津市	武清区	这里是日志信息......
2022-09-16 14:53:56.766103	[WARN]	shop_manager.py	响应时间:360ms	安徽省	合肥市	这里是日志信息......
2022-09-16 14:53:56.766103	[WARN]	goods_manager.py	响应时间:250ms	浙江省	杭州市	这里是日志信息......
2022-09-16 14:53:56.766103	[WARN]	goods_manager.py	响应时间:494ms	北京市	朝阳区	这里是日志信息......
2022-09-16 14:53:56.766103	[INFO]	orders_service.py	响应时间:791ms	湖北省	荆州市	这里是日志信息......
2022-09-16 14:53:56.766103	[INFO]	event.py	响应时间:8121ms	安徽省	池州市	这里是日志信息......
2022-09-16 14:53:56.766103	[INFO]	user_manager.py	响应时间:282ms	山东省	菏泽市	这里是日志信息......
2022-09-16 14:53:56.766103	[INFO]	orders_service.py	响应时间:439ms	重庆市	涪陵区	这里是日志信息......
2022-09-16 14:53:56.766103	[INFO]	base_network.py	响应时间:327ms	上海市	普陀区	这里是日志信息......
2022-09-16 14:53:56.766103	[WARN]	event.py	响应时间:246ms	重庆市	九龙坡区	这里是日志信息......
2022-09-16 14:53:56.766103	[INFO]	orders_service.py	响应时间:954ms	北京市	丰台区	这里是日志信息......
2022-09-16 14:53:56.766103	[INFO]	shop_manager.py	响应时间:909ms	上海市	普陀区	这里是日志信息......
2022-09-16 14:53:56.766103	[WARN]	goods_manager.py	响应时间:283ms	安徽省	芜湖市	这里是日志信息......
2022-09-16 14:53:56.766103	[INFO]	event.py	响应时间:614ms	湖南省	株洲市	这里是日志信息......
2022-09-16 14:53:56.766103	[WARN]	orders_service.py	响应时间:421ms	广东省	深圳市	这里是日志信息......
2022-09-16 14:53:56.766103	[INFO]	orders_service.py	响应时间:298ms	重庆市	沙坪坝区	这里是日志信息......
2022-09-16 14:53:56.766103	[INFO]	shop_manager.py	响应时间:507ms	湖北省	十堰市	这里是日志信息......
2022-09-16 14:53:56.766103	[INFO]	goods_manager.py	响应时间:571ms	江苏省	常州市	这里是日志信息......
2022-09-16 14:53:56.766103	[INFO]	event.py	响应时间:858ms	北京市	朝阳区	这里是日志信息......
2022-09-16 14:53:56.766103	[WARN]	user_manager.py	响应时间:421ms	天津市	河东区	这里是日志信息......
2022-09-16 14:53:56.766103	[INFO]	event.py	响应时间:792ms	江苏省	南京市	这里是日志信息......
2022-09-16 14:53:56.766103	[INFO]	base_network.py	响应时间:470ms	浙江省	舟山市	这里是日志信息......
2022-09-16 14:53:56.766103	[WARN]	orders_service.py	响应时间:235ms	江苏省	无锡市	这里是日志信息......
2022-09-16 14:53:56.766103	[INFO]	event.py	响应时间:672ms	湖北省	恩施土家族苗族自治州	这里是日志信息......
2022-09-16 14:53:56.766103	[INFO]	user_manager.py	响应时间:230ms	湖南省	长沙市	这里是日志信息......
2022-09-16 14:53:56.766103	[INFO]	event.py	响应时间:680ms	天津市	河西区	这里是日志信息......
2022-09-16 14:53:56.766103	[INFO]	event.py	响应时间:7574ms	江苏省	苏州市	这里是日志信息......
2022-09-16 14:53:56.766103	[INFO]	event.py	响应时间:31ms	天津市	武清区	这里是日志信息......
2022-09-16 14:53:56.766103	[INFO]	event.py	响应时间:762ms	浙江省	杭州市	这里是日志信息......
2022-09-16 14:53:56.766103	[ERROR]	orders_service.py	响应时间:9859ms	安徽省	合肥市	这里是日志信息......
2022-09-16 14:53:56.766103	[INFO]	event.py	响应时间:549ms	上海市	黄浦区	这里是日志信息......
2022-09-16 14:53:56.766103	[INFO]	user_manager.py	响应时间:233ms	湖南省	张家界市	这里是日志信息......
2022-09-16 14:53:56.766103	[INFO]	event.py	响应时间:140ms	湖南省	长沙市	这里是日志信息......
2022-09-16 14:53:56.766103	[INFO]	orders_service.py	响应时间:142ms	浙江省	杭州市	这里是日志信息......
2022-09-16 14:53:56.766103	[INFO]	event.py	响应时间:786ms	北京市	怀柔区	这里是日志信息......
2022-09-16 14:53:56.766103	[INFO]	shop_manager.py	响应时间:695ms	天津市	宝坻区	这里是日志信息......
2022-09-16 14:53:56.766103	[INFO]	event.py	响应时间:287ms	山东省	青岛市	这里是日志信息......
2022-09-16 14:53:56.766103	[INFO]	orders_service.py	响应时间:334ms	山东省	济南市	这里是日志信息......
2022-09-16 14:53:56.766103	[WARN]	event.py	响应时间:764ms	上海市	浦东新区	这里是日志信息......
2022-09-16 14:53:56.766103	[ERROR]	event.py	响应时间:52ms	湖南省	长沙市	这里是日志信息......
2022-09-16 14:53:56.766103	[INFO]	goods_manager.py	响应时间:866ms	天津市	河西区	这里是日志信息......
2022-09-16 14:53:56.766103	[INFO]	shop_manager.py	响应时间:135ms	浙江省	杭州市	这里是日志信息......
2022-09-16 14:53:56.766103	[INFO]	barcode_service.py	响应时间:340ms	江苏省	无锡市	这里是日志信息......
2022-09-16 14:53:56.766103	[INFO]	shop_manager.py	响应时间:259ms	上海市	杨浦区	这里是日志信息......
2022-09-16 14:53:56.766103	[INFO]	shop_manager.py	响应时间:901ms	江苏省	南京市	这里是日志信息......
2022-09-16 14:53:56.766103	[INFO]	goods_manager.py	响应时间:915ms	湖北省	武汉市	这里是日志信息......
2022-09-16 14:53:56.766103	[INFO]	orders_service.py	响应时间:463ms	浙江省	湖州市	这里是日志信息......
2022-09-16 14:53:56.766103	[INFO]	goods_manager.py	响应时间:593ms	北京市	昌平区	这里是日志信息......
2022-09-16 14:53:56.767106	[WARN]	event.py	响应时间:527ms	广东省	广州市	这里是日志信息......
2022-09-16 14:53:56.767106	[WARN]	event.py	响应时间:147ms	天津市	河西区	这里是日志信息......
2022-09-16 14:53:56.767106	[INFO]	goods_manager.py	响应时间:952ms	上海市	浦东新区	这里是日志信息......
2022-09-16 14:53:56.767106	[WARN]	base_network.py	响应时间:296ms	重庆市	南岸区	这里是日志信息......
2022-09-16 14:53:56.767106	[INFO]	event.py	响应时间:305ms	山东省	济南市	这里是日志信息......
2022-09-16 14:53:56.767106	[INFO]	orders_service.py	响应时间:202ms	广东省	广州市	这里是日志信息......
2022-09-16 14:53:56.767106	[INFO]	barcode_service.py	响应时间:875ms	安徽省	芜湖市	这里是日志信息......
2022-09-16 14:53:56.767106	[WARN]	barcode_service.py	响应时间:961ms	江苏省	常州市	这里是日志信息......
2022-09-16 14:53:56.767106	[WARN]	event.py	响应时间:435ms	广东省	深圳市	这里是日志信息......
2022-09-16 14:53:56.767106	[INFO]	orders_service.py	响应时间:984ms	江苏省	苏州市	这里是日志信息......
2022-09-16 14:53:56.767106	[INFO]	orders_service.py	响应时间:9936ms	湖南省	长沙市	这里是日志信息......
2022-09-16 14:53:56.767106	[INFO]	shop_manager.py	响应时间:950ms	天津市	和平区	这里是日志信息......
2022-09-16 14:53:56.767106	[INFO]	barcode_service.py	响应时间:421ms	浙江省	绍兴市	这里是日志信息......
2022-09-16 14:53:56.767106	[WARN]	event.py	响应时间:90ms	湖北省	恩施土家族苗族自治州	这里是日志信息......
2022-09-16 14:53:56.767106	[INFO]	orders_service.py	响应时间:351ms	山东省	青岛市	这里是日志信息......
2022-09-16 14:53:56.767106	[WARN]	goods_manager.py	响应时间:42ms	重庆市	涪陵区	这里是日志信息......
2022-09-16 14:53:56.767106	[INFO]	goods_manager.py	响应时间:456ms	广东省	广州市	这里是日志信息......
2022-09-16 14:53:56.767106	[WARN]	orders_service.py	响应时间:364ms	安徽省	合肥市	这里是日志信息......
2022-09-16 14:53:56.767106	[INFO]	barcode_service.py	响应时间:36ms	北京市	昌平区	这里是日志信息......
2022-09-16 14:53:56.767106	[WARN]	orders_service.py	响应时间:621ms	广东省	广州市	这里是日志信息......
2022-09-16 14:53:56.767106	[INFO]	goods_manager.py	响应时间:834ms	天津市	武清区	这里是日志信息......
2022-09-16 14:53:56.767106	[INFO]	goods_manager.py	响应时间:249ms	重庆市	万州区	这里是日志信息......
2022-09-16 14:53:56.767106	[INFO]	barcode_service.py	响应时间:980ms	山东省	青岛市	这里是日志信息......
2022-09-16 14:53:56.767106	[INFO]	goods_manager.py	响应时间:242ms	湖北省	武汉市	这里是日志信息......
2022-09-16 14:53:56.767106	[WARN]	orders_service.py	响应时间:578ms	安徽省	合肥市	这里是日志信息......
2022-09-16 14:53:56.767106	[INFO]	base_network.py	响应时间:436ms	广东省	珠海市	这里是日志信息......
2022-09-16 14:53:56.767106	[INFO]	event.py	响应时间:502ms	浙江省	湖州市	这里是日志信息......
2022-09-16 14:53:56.767106	[INFO]	user_manager.py	响应时间:20ms	重庆市	万州区	这里是日志信息......
2022-09-16 14:53:56.767106	[INFO]	base_network.py	响应时间:509ms	湖北省	武汉市	这里是日志信息......
2022-09-16 14:53:56.767106	[INFO]	goods_manager.py	响应时间:639ms	北京市	昌平区	这里是日志信息......
2022-09-16 14:53:56.767106	[INFO]	user_manager.py	响应时间:690ms	重庆市	九龙坡区	这里是日志信息......
2022-09-16 14:53:56.767106	[INFO]	user_manager.py	响应时间:3546ms	重庆市	沙坪坝区	这里是日志信息......
2022-09-16 14:53:56.767106	[INFO]	event.py	响应时间:545ms	北京市	怀柔区	这里是日志信息......
2022-09-16 14:53:56.767106	[INFO]	base_network.py	响应时间:74ms	上海市	黄浦区	这里是日志信息......
2022-09-16 14:53:56.767106	[WARN]	goods_manager.py	响应时间:438ms	北京市	大兴区	这里是日志信息......
2022-09-16 14:53:56.767106	[INFO]	event.py	响应时间:464ms	山东省	济南市	这里是日志信息......
2022-09-16 14:53:56.767106	[INFO]	event.py	响应时间:854ms	广东省	珠海市	这里是日志信息......
2022-09-16 14:53:56.767106	[INFO]	goods_manager.py	响应时间:283ms	浙江省	嘉兴市	这里是日志信息......
2022-09-16 14:53:56.767106	[INFO]	barcode_service.py	响应时间:68ms	上海市	浦东新区	这里是日志信息......
2022-09-16 14:53:56.767106	[INFO]	goods_manager.py	响应时间:666ms	广东省	深圳市	这里是日志信息......
2022-09-16 14:53:56.767106	[INFO]	event.py	响应时间:385ms	湖南省	长沙市	这里是日志信息......
2022-09-16 14:53:56.767106	[INFO]	barcode_service.py	响应时间:351ms	上海市	浦东新区	这里是日志信息......
2022-09-16 14:53:56.767106	[INFO]	orders_service.py	响应时间:666ms	浙江省	舟山市	这里是日志信息......
2022-09-16 14:53:56.767106	[INFO]	event.py	响应时间:634ms	山东省	青岛市	这里是日志信息......
2022-09-16 14:53:56.767106	[WARN]	goods_manager.py	响应时间:290ms	天津市	河西区	这里是日志信息......
2022-09-16 14:53:56.767106	[INFO]	orders_service.py	响应时间:500ms	重庆市	万州区	这里是日志信息......
2022-09-16 14:53:56.767106	[WARN]	goods_manager.py	响应时间:674ms	安徽省	池州市	这里是日志信息......
2022-09-16 14:53:56.767106	[INFO]	orders_service.py	响应时间:625ms	山东省	青岛市	这里是日志信息......
2022-09-16 14:53:56.767106	[INFO]	event.py	响应时间:301ms	江苏省	南京市	这里是日志信息......
2022-09-16 14:53:56.767106	[INFO]	barcode_service.py	响应时间:597ms	浙江省	杭州市	这里是日志信息......
2022-09-16 14:53:56.767106	[INFO]	user_manager.py	响应时间:429ms	安徽省	阜阳市	这里是日志信息......
2022-09-16 14:53:56.767106	[INFO]	event.py	响应时间:814ms	上海市	杨浦区	这里是日志信息......
2022-09-16 14:53:56.767106	[WARN]	goods_manager.py	响应时间:694ms	山东省	菏泽市	这里是日志信息......
2022-09-16 14:53:56.767106	[INFO]	goods_manager.py	响应时间:731ms	重庆市	南岸区	这里是日志信息......
2022-09-16 14:53:56.767106	[INFO]	shop_manager.py	响应时间:170ms	广东省	深圳市	这里是日志信息......
2022-09-16 14:53:56.767106	[WARN]	shop_manager.py	响应时间:692ms	湖北省	武汉市	这里是日志信息......
2022-09-16 14:53:56.767106	[INFO]	barcode_service.py	响应时间:408ms	天津市	武清区	这里是日志信息......
2022-09-16 14:53:56.767106	[INFO]	event.py	响应时间:604ms	广东省	珠海市	这里是日志信息......
2022-09-16 14:53:56.767106	[INFO]	event.py	响应时间:414ms	浙江省	绍兴市	这里是日志信息......
2022-09-16 14:53:56.767106	[INFO]	event.py	响应时间:784ms	湖南省	长沙市	这里是日志信息......
2022-09-16 14:53:56.767106	[INFO]	orders_service.py	响应时间:110ms	湖北省	武汉市	这里是日志信息......
2022-09-16 14:53:56.767106	[ERROR]	shop_manager.py	响应时间:102ms	北京市	朝阳区	这里是日志信息......
2022-09-16 14:53:56.767106	[INFO]	orders_service.py	响应时间:973ms	天津市	河西区	这里是日志信息......
2022-09-16 14:53:56.767106	[INFO]	shop_manager.py	响应时间:942ms	浙江省	丽水市	这里是日志信息......
2022-09-16 14:53:56.767106	[INFO]	shop_manager.py	响应时间:113ms	广东省	广州市	这里是日志信息......
2022-09-16 14:53:56.767106	[INFO]	event.py	响应时间:444ms	浙江省	杭州市	这里是日志信息......
2022-09-16 14:53:56.767106	[INFO]	event.py	响应时间:217ms	浙江省	杭州市	这里是日志信息......
2022-09-16 14:53:56.767106	[INFO]	goods_manager.py	响应时间:565ms	山东省	青岛市	这里是日志信息......
2022-09-16 14:53:56.767106	[INFO]	shop_manager.py	响应时间:606ms	山东省	青岛市	这里是日志信息......
2022-09-16 14:53:56.768116	[INFO]	event.py	响应时间:852ms	安徽省	阜阳市	这里是日志信息......
2022-09-16 14:53:56.768116	[WARN]	barcode_service.py	响应时间:834ms	浙江省	丽水市	这里是日志信息......
2022-09-16 14:53:56.768116	[INFO]	user_manager.py	响应时间:812ms	湖北省	荆州市	这里是日志信息......
2022-09-16 14:53:56.768116	[WARN]	goods_manager.py	响应时间:1710ms	上海市	宝山区	这里是日志信息......
2022-09-16 14:53:56.768116	[INFO]	base_network.py	响应时间:12ms	上海市	浦东新区	这里是日志信息......
2022-09-16 14:53:56.768116	[INFO]	orders_service.py	响应时间:880ms	湖南省	长沙市	这里是日志信息......
2022-09-16 14:53:56.768116	[INFO]	user_manager.py	响应时间:488ms	安徽省	合肥市	这里是日志信息......
2022-09-16 14:53:56.768116	[INFO]	orders_service.py	响应时间:164ms	江苏省	南京市	这里是日志信息......
2022-09-16 14:53:56.768116	[INFO]	goods_manager.py	响应时间:516ms	上海市	浦东新区	这里是日志信息......
2022-09-16 14:53:56.768116	[WARN]	goods_manager.py	响应时间:470ms	天津市	宝坻区	这里是日志信息......
2022-09-16 14:53:56.768116	[INFO]	base_network.py	响应时间:244ms	天津市	河东区	这里是日志信息......
2022-09-16 14:53:56.768116	[INFO]	orders_service.py	响应时间:716ms	江苏省	宿迁市	这里是日志信息......
2022-09-16 14:53:56.768116	[INFO]	goods_manager.py	响应时间:288ms	江苏省	南京市	这里是日志信息......
2022-09-16 14:53:56.768116	[INFO]	goods_manager.py	响应时间:30ms	北京市	昌平区	这里是日志信息......
2022-09-16 14:53:56.768116	[INFO]	orders_service.py	响应时间:383ms	湖北省	武汉市	这里是日志信息......
2022-09-16 14:53:56.768116	[INFO]	event.py	响应时间:199ms	上海市	杨浦区	这里是日志信息......
2022-09-16 14:53:56.768116	[INFO]	orders_service.py	响应时间:831ms	浙江省	绍兴市	这里是日志信息......
2022-09-16 14:53:56.768116	[INFO]	barcode_service.py	响应时间:302ms	湖北省	武汉市	这里是日志信息......
2022-09-16 14:53:56.768116	[INFO]	event.py	响应时间:170ms	广东省	广州市	这里是日志信息......
2022-09-16 14:53:56.768116	[WARN]	orders_service.py	响应时间:246ms	北京市	昌平区	这里是日志信息......
2022-09-16 14:53:56.768116	[INFO]	base_network.py	响应时间:51ms	江苏省	常州市	这里是日志信息......
2022-09-16 14:53:56.768116	[INFO]	event.py	响应时间:682ms	山东省	济南市	这里是日志信息......
2022-09-16 14:53:56.768116	[INFO]	goods_manager.py	响应时间:3163ms	广东省	深圳市	这里是日志信息......
2022-09-16 14:53:56.768116	[INFO]	goods_manager.py	响应时间:964ms	重庆市	涪陵区	这里是日志信息......
2022-09-16 14:53:56.768116	[INFO]	goods_manager.py	响应时间:250ms	山东省	济南市	这里是日志信息......
2022-09-16 14:53:56.768116	[INFO]	orders_service.py	响应时间:816ms	浙江省	丽水市	这里是日志信息......
2022-09-16 14:53:56.768116	[WARN]	barcode_service.py	响应时间:647ms	浙江省	嘉兴市	这里是日志信息......
2022-09-16 14:53:56.768116	[ERROR]	event.py	响应时间:344ms	安徽省	合肥市	这里是日志信息......
2022-09-16 14:53:56.768116	[INFO]	orders_service.py	响应时间:72ms	浙江省	舟山市	这里是日志信息......
2022-09-16 14:53:56.768116	[ERROR]	barcode_service.py	响应时间:702ms	重庆市	涪陵区	这里是日志信息......
2022-09-16 14:53:56.768116	[INFO]	event.py	响应时间:90ms	天津市	宝坻区	这里是日志信息......
2022-09-16 14:53:56.768116	[INFO]	user_manager.py	响应时间:388ms	湖南省	张家界市	这里是日志信息......
2022-09-16 14:53:56.768116	[INFO]	barcode_service.py	响应时间:945ms	江苏省	苏州市	这里是日志信息......
2022-09-16 14:53:56.768116	[INFO]	orders_service.py	响应时间:386ms	天津市	武清区	这里是日志信息......
2022-09-16 14:53:56.768116	[INFO]	goods_manager.py	响应时间:145ms	浙江省	金华市	这里是日志信息......
2022-09-16 14:53:56.768116	[INFO]	barcode_service.py	响应时间:985ms	天津市	河西区	这里是日志信息......
2022-09-16 14:53:56.768116	[INFO]	goods_manager.py	响应时间:830ms	湖南省	长沙市	这里是日志信息......
2022-09-16 14:53:56.768116	[INFO]	event.py	响应时间:962ms	湖北省	十堰市	这里是日志信息......
2022-09-16 14:53:56.768116	[INFO]	orders_service.py	响应时间:264ms	天津市	河东区	这里是日志信息......
2022-09-16 14:53:56.768116	[INFO]	event.py	响应时间:705ms	山东省	济南市	这里是日志信息......
2022-09-16 14:53:56.768116	[INFO]	goods_manager.py	响应时间:186ms	天津市	和平区	这里是日志信息......
2022-09-16 14:53:56.768116	[INFO]	barcode_service.py	响应时间:707ms	重庆市	万州区	这里是日志信息......
2022-09-16 14:53:56.768116	[INFO]	orders_service.py	响应时间:66ms	湖北省	十堰市	这里是日志信息......
2022-09-16 14:53:56.768116	[INFO]	orders_service.py	响应时间:530ms	广东省	珠海市	这里是日志信息......
2022-09-16 14:53:56.768116	[INFO]	event.py	响应时间:392ms	安徽省	六安市	这里是日志信息......
2022-09-16 14:53:56.768116	[INFO]	event.py	响应时间:145ms	江苏省	无锡市	这里是日志信息......
2022-09-16 14:53:56.768116	[INFO]	orders_service.py	响应时间:731ms	江苏省	南京市	这里是日志信息......
2022-09-16 14:53:56.768116	[INFO]	barcode_service.py	响应时间:355ms	广东省	珠海市	这里是日志信息......
2022-09-16 14:53:56.768116	[INFO]	event.py	响应时间:747ms	江苏省	苏州市	这里是日志信息......
2022-09-16 14:53:56.768116	[INFO]	event.py	响应时间:56ms	山东省	济南市	这里是日志信息......
2022-09-16 14:53:56.768116	[ERROR]	base_network.py	响应时间:479ms	江苏省	苏州市	这里是日志信息......
2022-09-16 14:53:56.768116	[INFO]	shop_manager.py	响应时间:325ms	湖北省	武汉市	这里是日志信息......
2022-09-16 14:53:56.768116	[INFO]	goods_manager.py	响应时间:705ms	湖南省	常德市	这里是日志信息......
2022-09-16 14:53:56.768116	[INFO]	goods_manager.py	响应时间:715ms	湖北省	武汉市	这里是日志信息......
2022-09-16 14:53:56.768116	[INFO]	goods_manager.py	响应时间:881ms	北京市	海淀区	这里是日志信息......
2022-09-16 14:53:56.768116	[INFO]	event.py	响应时间:331ms	广东省	珠海市	这里是日志信息......
2022-09-16 14:53:56.768116	[INFO]	barcode_service.py	响应时间:677ms	重庆市	涪陵区	这里是日志信息......
2022-09-16 14:53:56.768116	[INFO]	orders_service.py	响应时间:728ms	上海市	浦东新区	这里是日志信息......
2022-09-16 14:53:56.768116	[WARN]	base_network.py	响应时间:515ms	浙江省	嘉兴市	这里是日志信息......
2022-09-16 14:53:56.768116	[INFO]	event.py	响应时间:99ms	湖南省	益阳市	这里是日志信息......
2022-09-16 14:53:56.768116	[INFO]	user_manager.py	响应时间:204ms	江苏省	南京市	这里是日志信息......
2022-09-16 14:53:56.768116	[INFO]	event.py	响应时间:753ms	重庆市	渝中区	这里是日志信息......
2022-09-16 14:53:56.768116	[WARN]	orders_service.py	响应时间:265ms	天津市	河西区	这里是日志信息......
2022-09-16 14:53:56.768116	[INFO]	event.py	响应时间:192ms	上海市	宝山区	这里是日志信息......
2022-09-16 14:53:56.768116	[WARN]	goods_manager.py	响应时间:523ms	北京市	朝阳区	这里是日志信息......
2022-09-16 14:53:56.768116	[INFO]	orders_service.py	响应时间:499ms	江苏省	南京市	这里是日志信息......
2022-09-16 14:53:56.768116	[INFO]	barcode_service.py	响应时间:822ms	北京市	怀柔区	这里是日志信息......
2022-09-16 14:53:56.768116	[WARN]	user_manager.py	响应时间:494ms	重庆市	南岸区	这里是日志信息......
2022-09-16 14:53:56.769106	[INFO]	goods_manager.py	响应时间:109ms	安徽省	六安市	这里是日志信息......
2022-09-16 14:53:56.769106	[ERROR]	barcode_service.py	响应时间:592ms	广东省	深圳市	这里是日志信息......
2022-09-16 14:53:56.769106	[WARN]	barcode_service.py	响应时间:824ms	上海市	静安区	这里是日志信息......
2022-09-16 14:53:56.769106	[INFO]	base_network.py	响应时间:681ms	湖南省	长沙市	这里是日志信息......
2022-09-16 14:53:56.769106	[INFO]	user_manager.py	响应时间:861ms	安徽省	芜湖市	这里是日志信息......
2022-09-16 14:53:56.769106	[INFO]	goods_manager.py	响应时间:10ms	安徽省	铜陵市	这里是日志信息......
2022-09-16 14:53:56.769106	[INFO]	goods_manager.py	响应时间:589ms	山东省	青岛市	这里是日志信息......
2022-09-16 14:53:56.769106	[ERROR]	barcode_service.py	响应时间:760ms	广东省	珠海市	这里是日志信息......
2022-09-16 14:53:56.769106	[WARN]	goods_manager.py	响应时间:24ms	安徽省	合肥市	这里是日志信息......
2022-09-16 14:53:56.769106	[INFO]	orders_service.py	响应时间:726ms	天津市	宝坻区	这里是日志信息......
2022-09-16 14:53:56.769106	[INFO]	barcode_service.py	响应时间:730ms	山东省	青岛市	这里是日志信息......
2022-09-16 14:53:56.769106	[INFO]	event.py	响应时间:953ms	江苏省	宿迁市	这里是日志信息......
2022-09-16 14:53:56.769106	[INFO]	orders_service.py	响应时间:553ms	重庆市	万州区	这里是日志信息......
2022-09-16 14:53:56.769106	[INFO]	user_manager.py	响应时间:327ms	山东省	济南市	这里是日志信息......
2022-09-16 14:53:56.769106	[INFO]	event.py	响应时间:489ms	江苏省	南京市	这里是日志信息......
2022-09-16 14:53:56.769106	[INFO]	orders_service.py	响应时间:455ms	江苏省	无锡市	这里是日志信息......
2022-09-16 14:53:56.769106	[INFO]	user_manager.py	响应时间:359ms	江苏省	宿迁市	这里是日志信息......
2022-09-16 14:53:56.769106	[INFO]	event.py	响应时间:898ms	湖南省	长沙市	这里是日志信息......
2022-09-16 14:53:56.769106	[INFO]	shop_manager.py	响应时间:317ms	江苏省	南京市	这里是日志信息......
2022-09-16 14:53:56.769106	[WARN]	shop_manager.py	响应时间:378ms	浙江省	丽水市	这里是日志信息......
2022-09-16 14:53:56.769106	[WARN]	barcode_service.py	响应时间:372ms	浙江省	金华市	这里是日志信息......
2022-09-16 14:53:56.769106	[WARN]	base_network.py	响应时间:37ms	北京市	海淀区	这里是日志信息......
2022-09-16 14:53:56.769106	[INFO]	goods_manager.py	响应时间:656ms	湖北省	武汉市	这里是日志信息......
2022-09-16 14:53:56.769106	[WARN]	goods_manager.py	响应时间:270ms	上海市	普陀区	这里是日志信息......
2022-09-16 14:53:56.769106	[INFO]	event.py	响应时间:689ms	湖北省	荆州市	这里是日志信息......
2022-09-16 14:53:56.769106	[INFO]	shop_manager.py	响应时间:309ms	北京市	怀柔区	这里是日志信息......
2022-09-16 14:53:56.769106	[INFO]	orders_service.py	响应时间:141ms	山东省	青岛市	这里是日志信息......
2022-09-16 14:53:56.769106	[INFO]	event.py	响应时间:153ms	湖南省	长沙市	这里是日志信息......
2022-09-16 14:53:56.769106	[INFO]	user_manager.py	响应时间:43ms	湖南省	长沙市	这里是日志信息......
2022-09-16 14:53:56.769106	[WARN]	shop_manager.py	响应时间:453ms	重庆市	渝中区	这里是日志信息......
2022-09-16 14:53:56.769106	[INFO]	barcode_service.py	响应时间:713ms	重庆市	渝中区	这里是日志信息......
2022-09-16 14:53:56.769106	[INFO]	goods_manager.py	响应时间:308ms	湖北省	武汉市	这里是日志信息......
2022-09-16 14:53:56.769106	[INFO]	goods_manager.py	响应时间:158ms	北京市	怀柔区	这里是日志信息......
2022-09-16 14:53:56.769106	[INFO]	orders_service.py	响应时间:971ms	上海市	普陀区	这里是日志信息......
2022-09-16 14:53:56.769106	[WARN]	base_network.py	响应时间:964ms	湖北省	荆州市	这里是日志信息......
2022-09-16 14:53:56.769106	[INFO]	orders_service.py	响应时间:934ms	湖南省	长沙市	这里是日志信息......
2022-09-16 14:53:56.769106	[INFO]	orders_service.py	响应时间:775ms	天津市	河东区	这里是日志信息......
2022-09-16 14:53:56.769106	[INFO]	event.py	响应时间:92ms	重庆市	万州区	这里是日志信息......
2022-09-16 14:53:56.769106	[INFO]	goods_manager.py	响应时间:994ms	安徽省	芜湖市	这里是日志信息......
2022-09-16 14:53:56.769106	[INFO]	user_manager.py	响应时间:523ms	上海市	黄浦区	这里是日志信息......
2022-09-16 14:53:56.769106	[INFO]	orders_service.py	响应时间:702ms	山东省	青岛市	这里是日志信息......
2022-09-16 14:53:56.769106	[INFO]	orders_service.py	响应时间:655ms	江苏省	南京市	这里是日志信息......
2022-09-16 14:53:56.769106	[INFO]	goods_manager.py	响应时间:879ms	湖北省	武汉市	这里是日志信息......
2022-09-16 14:53:56.769106	[INFO]	event.py	响应时间:307ms	广东省	深圳市	这里是日志信息......
2022-09-16 14:53:56.769106	[ERROR]	orders_service.py	响应时间:174ms	湖北省	十堰市	这里是日志信息......
2022-09-16 14:53:56.769106	[WARN]	orders_service.py	响应时间:697ms	天津市	武清区	这里是日志信息......
2022-09-16 14:53:56.769106	[INFO]	shop_manager.py	响应时间:93ms	广东省	深圳市	这里是日志信息......
2022-09-16 14:53:56.769106	[INFO]	user_manager.py	响应时间:765ms	天津市	武清区	这里是日志信息......
2022-09-16 14:53:56.769106	[WARN]	barcode_service.py	响应时间:495ms	重庆市	南岸区	这里是日志信息......
2022-09-16 14:53:56.769106	[WARN]	base_network.py	响应时间:568ms	湖南省	长沙市	这里是日志信息......
2022-09-16 14:53:56.769106	[WARN]	event.py	响应时间:520ms	北京市	昌平区	这里是日志信息......
2022-09-16 14:53:56.769106	[INFO]	event.py	响应时间:237ms	安徽省	合肥市	这里是日志信息......
2022-09-16 14:53:56.769106	[INFO]	goods_manager.py	响应时间:240ms	重庆市	沙坪坝区	这里是日志信息......
2022-09-16 14:53:56.769106	[INFO]	base_network.py	响应时间:608ms	广东省	深圳市	这里是日志信息......
2022-09-16 14:53:56.769106	[INFO]	orders_service.py	响应时间:4ms	安徽省	芜湖市	这里是日志信息......
2022-09-16 14:53:56.769106	[INFO]	orders_service.py	响应时间:603ms	湖南省	长沙市	这里是日志信息......
2022-09-16 14:53:56.769106	[INFO]	orders_service.py	响应时间:333ms	浙江省	丽水市	这里是日志信息......
2022-09-16 14:53:56.769106	[ERROR]	event.py	响应时间:719ms	天津市	河西区	这里是日志信息......
2022-09-16 14:53:56.769106	[INFO]	goods_manager.py	响应时间:868ms	湖北省	武汉市	这里是日志信息......
2022-09-16 14:53:56.769106	[INFO]	shop_manager.py	响应时间:398ms	江苏省	南京市	这里是日志信息......
2022-09-16 14:53:56.769106	[INFO]	base_network.py	响应时间:933ms	北京市	大兴区	这里是日志信息......
2022-09-16 14:53:56.769106	[INFO]	barcode_service.py	响应时间:716ms	重庆市	九龙坡区	这里是日志信息......
2022-09-16 14:53:56.769106	[INFO]	shop_manager.py	响应时间:307ms	安徽省	合肥市	这里是日志信息......
2022-09-16 14:53:56.769106	[WARN]	barcode_service.py	响应时间:192ms	湖南省	长沙市	这里是日志信息......
2022-09-16 14:53:56.769106	[INFO]	user_manager.py	响应时间:279ms	浙江省	丽水市	这里是日志信息......
2022-09-16 14:53:56.769106	[INFO]	goods_manager.py	响应时间:100ms	湖北省	武汉市	这里是日志信息......
2022-09-16 14:53:56.769106	[INFO]	goods_manager.py	响应时间:674ms	湖北省	武汉市	这里是日志信息......
2022-09-16 14:53:56.769106	[INFO]	barcode_service.py	响应时间:488ms	北京市	昌平区	这里是日志信息......
2022-09-16 14:53:56.770099	[INFO]	barcode_service.py	响应时间:990ms	安徽省	芜湖市	这里是日志信息......
2022-09-16 14:53:56.770099	[INFO]	event.py	响应时间:928ms	江苏省	常州市	这里是日志信息......
2022-09-16 14:53:56.770099	[WARN]	orders_service.py	响应时间:265ms	重庆市	南岸区	这里是日志信息......
2022-09-16 14:53:56.770099	[INFO]	orders_service.py	响应时间:983ms	山东省	菏泽市	这里是日志信息......
2022-09-16 14:53:56.770099	[INFO]	orders_service.py	响应时间:307ms	安徽省	合肥市	这里是日志信息......
2022-09-16 14:53:56.770099	[INFO]	orders_service.py	响应时间:827ms	安徽省	芜湖市	这里是日志信息......
2022-09-16 14:53:56.770099	[INFO]	shop_manager.py	响应时间:56ms	安徽省	阜阳市	这里是日志信息......
2022-09-16 14:53:56.770099	[INFO]	orders_service.py	响应时间:67ms	北京市	海淀区	这里是日志信息......
2022-09-16 14:53:56.770099	[WARN]	orders_service.py	响应时间:350ms	浙江省	杭州市	这里是日志信息......
2022-09-16 14:53:56.770099	[WARN]	barcode_service.py	响应时间:338ms	天津市	河东区	这里是日志信息......
2022-09-16 14:53:56.770099	[INFO]	orders_service.py	响应时间:5ms	安徽省	铜陵市	这里是日志信息......
2022-09-16 14:53:56.770099	[INFO]	event.py	响应时间:92ms	上海市	浦东新区	这里是日志信息......
2022-09-16 14:53:56.770099	[INFO]	shop_manager.py	响应时间:564ms	浙江省	湖州市	这里是日志信息......
2022-09-16 14:53:56.770099	[INFO]	orders_service.py	响应时间:693ms	北京市	海淀区	这里是日志信息......
2022-09-16 14:53:56.770099	[INFO]	barcode_service.py	响应时间:941ms	北京市	海淀区	这里是日志信息......
2022-09-16 14:53:56.770099	[INFO]	event.py	响应时间:467ms	广东省	广州市	这里是日志信息......
2022-09-16 14:53:56.770099	[INFO]	shop_manager.py	响应时间:216ms	湖南省	长沙市	这里是日志信息......
2022-09-16 14:53:56.770099	[INFO]	orders_service.py	响应时间:589ms	安徽省	阜阳市	这里是日志信息......
2022-09-16 14:53:56.770099	[INFO]	shop_manager.py	响应时间:530ms	广东省	深圳市	这里是日志信息......
2022-09-16 14:53:56.770099	[INFO]	user_manager.py	响应时间:3216ms	上海市	浦东新区	这里是日志信息......
2022-09-16 14:53:56.770099	[INFO]	barcode_service.py	响应时间:851ms	湖北省	武汉市	这里是日志信息......
2022-09-16 14:53:56.770099	[INFO]	event.py	响应时间:595ms	浙江省	湖州市	这里是日志信息......
2022-09-16 14:53:56.770099	[INFO]	goods_manager.py	响应时间:972ms	上海市	黄浦区	这里是日志信息......
2022-09-16 14:53:56.770099	[INFO]	shop_manager.py	响应时间:422ms	安徽省	合肥市	这里是日志信息......
2022-09-16 14:53:56.770099	[INFO]	goods_manager.py	响应时间:183ms	湖南省	长沙市	这里是日志信息......
2022-09-16 14:53:56.770099	[INFO]	user_manager.py	响应时间:199ms	上海市	宝山区	这里是日志信息......
2022-09-16 14:53:56.770099	[INFO]	orders_service.py	响应时间:498ms	安徽省	合肥市	这里是日志信息......
2022-09-16 14:53:56.770099	[INFO]	orders_service.py	响应时间:830ms	山东省	济南市	这里是日志信息......
2022-09-16 14:53:56.770099	[INFO]	base_network.py	响应时间:768ms	安徽省	合肥市	这里是日志信息......
2022-09-16 14:53:56.770099	[INFO]	goods_manager.py	响应时间:20ms	浙江省	舟山市	这里是日志信息......
2022-09-16 14:53:56.770099	[INFO]	user_manager.py	响应时间:267ms	重庆市	沙坪坝区	这里是日志信息......
2022-09-16 14:53:56.770099	[INFO]	goods_manager.py	响应时间:171ms	上海市	浦东新区	这里是日志信息......
2022-09-16 14:53:56.770099	[INFO]	orders_service.py	响应时间:370ms	北京市	怀柔区	这里是日志信息......
2022-09-16 14:53:56.770099	[INFO]	orders_service.py	响应时间:370ms	浙江省	金华市	这里是日志信息......
2022-09-16 14:53:56.770099	[WARN]	shop_manager.py	响应时间:345ms	湖南省	常德市	这里是日志信息......
2022-09-16 14:53:56.770099	[INFO]	user_manager.py	响应时间:3ms	北京市	丰台区	这里是日志信息......
2022-09-16 14:53:56.770099	[INFO]	goods_manager.py	响应时间:191ms	浙江省	杭州市	这里是日志信息......
2022-09-16 14:53:56.770099	[INFO]	orders_service.py	响应时间:993ms	重庆市	万州区	这里是日志信息......
2022-09-16 14:53:56.770099	[INFO]	orders_service.py	响应时间:545ms	山东省	青岛市	这里是日志信息......
2022-09-16 14:53:56.770099	[INFO]	shop_manager.py	响应时间:296ms	浙江省	嘉兴市	这里是日志信息......
2022-09-16 14:53:56.770099	[INFO]	event.py	响应时间:918ms	江苏省	南京市	这里是日志信息......
2022-09-16 14:53:56.770099	[INFO]	user_manager.py	响应时间:932ms	安徽省	合肥市	这里是日志信息......
2022-09-16 14:53:56.770099	[INFO]	user_manager.py	响应时间:4562ms	重庆市	涪陵区	这里是日志信息......
2022-09-16 14:53:56.770099	[INFO]	shop_manager.py	响应时间:865ms	江苏省	南京市	这里是日志信息......
2022-09-16 14:53:56.770099	[INFO]	base_network.py	响应时间:413ms	江苏省	宿迁市	这里是日志信息......
2022-09-16 14:53:56.770099	[INFO]	base_network.py	响应时间:299ms	北京市	海淀区	这里是日志信息......
2022-09-16 14:53:56.770099	[INFO]	user_manager.py	响应时间:120ms	湖南省	益阳市	这里是日志信息......
2022-09-16 14:53:56.770099	[INFO]	user_manager.py	响应时间:351ms	山东省	济南市	这里是日志信息......
2022-09-16 14:53:56.770099	[INFO]	goods_manager.py	响应时间:566ms	山东省	青岛市	这里是日志信息......
2022-09-16 14:53:56.770099	[WARN]	goods_manager.py	响应时间:27ms	广东省	广州市	这里是日志信息......
2022-09-16 14:53:56.770099	[INFO]	goods_manager.py	响应时间:388ms	上海市	浦东新区	这里是日志信息......
2022-09-16 14:53:56.770099	[INFO]	barcode_service.py	响应时间:246ms	广东省	广州市	这里是日志信息......
2022-09-16 14:53:56.770099	[INFO]	event.py	响应时间:306ms	湖北省	武汉市	这里是日志信息......
2022-09-16 14:53:56.770099	[ERROR]	orders_service.py	响应时间:9637ms	天津市	宝坻区	这里是日志信息......
2022-09-16 14:53:56.770099	[INFO]	goods_manager.py	响应时间:944ms	安徽省	合肥市	这里是日志信息......
2022-09-16 14:53:56.770099	[INFO]	event.py	响应时间:969ms	浙江省	杭州市	这里是日志信息......
2022-09-16 14:53:56.770099	[INFO]	orders_service.py	响应时间:605ms	江苏省	南京市	这里是日志信息......
2022-09-16 14:53:56.770099	[INFO]	barcode_service.py	响应时间:895ms	重庆市	南岸区	这里是日志信息......
2022-09-16 14:53:56.770099	[INFO]	barcode_service.py	响应时间:659ms	浙江省	金华市	这里是日志信息......
2022-09-16 14:53:56.770099	[INFO]	orders_service.py	响应时间:694ms	重庆市	万州区	这里是日志信息......
2022-09-16 14:53:56.770099	[INFO]	goods_manager.py	响应时间:600ms	天津市	武清区	这里是日志信息......
2022-09-16 14:53:56.770099	[INFO]	goods_manager.py	响应时间:4ms	广东省	深圳市	这里是日志信息......
2022-09-16 14:53:56.770099	[INFO]	event.py	响应时间:512ms	上海市	普陀区	这里是日志信息......
2022-09-16 14:53:56.770099	[INFO]	user_manager.py	响应时间:509ms	江苏省	南京市	这里是日志信息......
2022-09-16 14:53:56.770099	[INFO]	goods_manager.py	响应时间:981ms	湖南省	常德市	这里是日志信息......
2022-09-16 14:53:56.770099	[INFO]	orders_service.py	响应时间:234ms	上海市	静安区	这里是日志信息......
2022-09-16 14:53:56.770099	[INFO]	orders_service.py	响应时间:220ms	湖北省	恩施土家族苗族自治州	这里是日志信息......
2022-09-16 14:53:56.770099	[INFO]	event.py	响应时间:34ms	北京市	海淀区	这里是日志信息......
2022-09-16 14:53:56.770099	[INFO]	event.py	响应时间:599ms	湖北省	恩施土家族苗族自治州	这里是日志信息......
2022-09-16 14:53:56.770099	[WARN]	goods_manager.py	响应时间:397ms	湖北省	武汉市	这里是日志信息......
2022-09-16 14:53:56.770099	[INFO]	event.py	响应时间:242ms	上海市	浦东新区	这里是日志信息......
2022-09-16 14:53:56.770099	[INFO]	goods_manager.py	响应时间:732ms	湖北省	武汉市	这里是日志信息......
2022-09-16 14:53:56.771105	[WARN]	base_network.py	响应时间:235ms	广东省	深圳市	这里是日志信息......
2022-09-16 14:53:56.771105	[INFO]	orders_service.py	响应时间:703ms	重庆市	沙坪坝区	这里是日志信息......
2022-09-16 14:53:56.771105	[INFO]	goods_manager.py	响应时间:642ms	上海市	黄浦区	这里是日志信息......
2022-09-16 14:53:56.771105	[INFO]	barcode_service.py	响应时间:828ms	安徽省	合肥市	这里是日志信息......
2022-09-16 14:53:56.771105	[INFO]	goods_manager.py	响应时间:245ms	江苏省	宿迁市	这里是日志信息......
2022-09-16 14:53:56.771105	[INFO]	event.py	响应时间:932ms	广东省	广州市	这里是日志信息......
2022-09-16 14:53:56.771105	[INFO]	event.py	响应时间:12ms	浙江省	绍兴市	这里是日志信息......
2022-09-16 14:53:56.771105	[INFO]	shop_manager.py	响应时间:969ms	山东省	菏泽市	这里是日志信息......
2022-09-16 14:53:56.771105	[INFO]	barcode_service.py	响应时间:792ms	北京市	昌平区	这里是日志信息......
2022-09-16 14:53:56.771105	[INFO]	barcode_service.py	响应时间:338ms	天津市	和平区	这里是日志信息......
2022-09-16 14:53:56.771105	[INFO]	event.py	响应时间:995ms	江苏省	南京市	这里是日志信息......
2022-09-16 14:53:56.771105	[INFO]	orders_service.py	响应时间:844ms	上海市	静安区	这里是日志信息......
