2022-09-16 17:15:51.872079	[INFO]	user_manager.py	响应时间:710ms	江苏省	无锡市	这里是日志信息......
2022-09-16 17:15:51.872079	[INFO]	event.py	响应时间:634ms	山东省	青岛市	这里是日志信息......
2022-09-16 17:15:51.872079	[INFO]	event.py	响应时间:656ms	天津市	河东区	这里是日志信息......
2022-09-16 17:15:51.872079	[INFO]	user_manager.py	响应时间:4332ms	广东省	深圳市	这里是日志信息......
2022-09-16 17:15:51.872079	[INFO]	orders_service.py	响应时间:291ms	山东省	菏泽市	这里是日志信息......
2022-09-16 17:15:51.872079	[INFO]	event.py	响应时间:816ms	江苏省	苏州市	这里是日志信息......
2022-09-16 17:15:51.872079	[WARN]	barcode_service.py	响应时间:953ms	安徽省	阜阳市	这里是日志信息......
2022-09-16 17:15:51.872079	[INFO]	orders_service.py	响应时间:200ms	上海市	黄浦区	这里是日志信息......
2022-09-16 17:15:51.872079	[INFO]	goods_manager.py	响应时间:306ms	上海市	徐汇区	这里是日志信息......
2022-09-16 17:15:51.872079	[ERROR]	event.py	响应时间:759ms	江苏省	宿迁市	这里是日志信息......
2022-09-16 17:15:51.872079	[INFO]	barcode_service.py	响应时间:703ms	湖北省	武汉市	这里是日志信息......
2022-09-16 17:15:51.872079	[INFO]	user_manager.py	响应时间:475ms	江苏省	南京市	这里是日志信息......
2022-09-16 17:15:51.872079	[WARN]	event.py	响应时间:338ms	安徽省	合肥市	这里是日志信息......
2022-09-16 17:15:51.872079	[INFO]	orders_service.py	响应时间:408ms	重庆市	万州区	这里是日志信息......
2022-09-16 17:15:51.872079	[INFO]	orders_service.py	响应时间:33ms	天津市	宝坻区	这里是日志信息......
2022-09-16 17:15:51.872079	[INFO]	goods_manager.py	响应时间:328ms	天津市	武清区	这里是日志信息......
2022-09-16 17:15:51.872079	[INFO]	barcode_service.py	响应时间:878ms	安徽省	合肥市	这里是日志信息......
2022-09-16 17:15:51.872079	[INFO]	goods_manager.py	响应时间:365ms	重庆市	沙坪坝区	这里是日志信息......
2022-09-16 17:15:51.873066	[INFO]	goods_manager.py	响应时间:274ms	天津市	宝坻区	这里是日志信息......
2022-09-16 17:15:51.873066	[INFO]	orders_service.py	响应时间:14ms	重庆市	沙坪坝区	这里是日志信息......
2022-09-16 17:15:51.873066	[INFO]	user_manager.py	响应时间:306ms	天津市	宝坻区	这里是日志信息......
2022-09-16 17:15:51.873066	[INFO]	user_manager.py	响应时间:577ms	湖北省	武汉市	这里是日志信息......
2022-09-16 17:15:51.873066	[INFO]	event.py	响应时间:601ms	湖北省	武汉市	这里是日志信息......
2022-09-16 17:15:51.873066	[INFO]	goods_manager.py	响应时间:420ms	安徽省	阜阳市	这里是日志信息......
2022-09-16 17:15:51.873066	[INFO]	goods_manager.py	响应时间:252ms	山东省	青岛市	这里是日志信息......
2022-09-16 17:15:51.873066	[INFO]	event.py	响应时间:527ms	湖南省	张家界市	这里是日志信息......
2022-09-16 17:15:51.873066	[INFO]	event.py	响应时间:223ms	北京市	朝阳区	这里是日志信息......
2022-09-16 17:15:51.873066	[INFO]	goods_manager.py	响应时间:572ms	安徽省	六安市	这里是日志信息......
2022-09-16 17:15:51.873066	[INFO]	event.py	响应时间:362ms	安徽省	阜阳市	这里是日志信息......
2022-09-16 17:15:51.873066	[INFO]	goods_manager.py	响应时间:194ms	上海市	静安区	这里是日志信息......
2022-09-16 17:15:51.873066	[INFO]	shop_manager.py	响应时间:403ms	山东省	青岛市	这里是日志信息......
2022-09-16 17:15:51.873066	[INFO]	goods_manager.py	响应时间:327ms	北京市	海淀区	这里是日志信息......
2022-09-16 17:15:51.873066	[INFO]	event.py	响应时间:828ms	浙江省	丽水市	这里是日志信息......
2022-09-16 17:15:51.873066	[INFO]	goods_manager.py	响应时间:132ms	广东省	深圳市	这里是日志信息......
2022-09-16 17:15:51.873066	[WARN]	event.py	响应时间:373ms	浙江省	杭州市	这里是日志信息......
2022-09-16 17:15:51.873066	[INFO]	event.py	响应时间:946ms	上海市	浦东新区	这里是日志信息......
2022-09-16 17:15:51.873066	[INFO]	base_network.py	响应时间:491ms	北京市	朝阳区	这里是日志信息......
2022-09-16 17:15:51.873066	[INFO]	orders_service.py	响应时间:392ms	天津市	宝坻区	这里是日志信息......
2022-09-16 17:15:51.873066	[INFO]	barcode_service.py	响应时间:745ms	广东省	广州市	这里是日志信息......
2022-09-16 17:15:51.873066	[INFO]	shop_manager.py	响应时间:3ms	湖北省	十堰市	这里是日志信息......
2022-09-16 17:15:51.873066	[INFO]	event.py	响应时间:704ms	上海市	黄浦区	这里是日志信息......
2022-09-16 17:15:51.873066	[INFO]	event.py	响应时间:905ms	天津市	武清区	这里是日志信息......
2022-09-16 17:15:51.873066	[ERROR]	barcode_service.py	响应时间:645ms	湖北省	武汉市	这里是日志信息......
2022-09-16 17:15:51.873066	[INFO]	event.py	响应时间:286ms	江苏省	宿迁市	这里是日志信息......
2022-09-16 17:15:51.873066	[INFO]	event.py	响应时间:770ms	浙江省	舟山市	这里是日志信息......
2022-09-16 17:15:51.873066	[WARN]	event.py	响应时间:816ms	湖北省	武汉市	这里是日志信息......
2022-09-16 17:15:51.873066	[INFO]	orders_service.py	响应时间:666ms	北京市	昌平区	这里是日志信息......
2022-09-16 17:15:51.873066	[ERROR]	event.py	响应时间:376ms	天津市	河西区	这里是日志信息......
2022-09-16 17:15:51.873066	[ERROR]	barcode_service.py	响应时间:888ms	安徽省	合肥市	这里是日志信息......
2022-09-16 17:15:51.873066	[INFO]	goods_manager.py	响应时间:326ms	湖北省	十堰市	这里是日志信息......
2022-09-16 17:15:51.873066	[INFO]	orders_service.py	响应时间:343ms	北京市	怀柔区	这里是日志信息......
2022-09-16 17:15:51.873066	[INFO]	event.py	响应时间:684ms	浙江省	丽水市	这里是日志信息......
2022-09-16 17:15:51.873066	[INFO]	base_network.py	响应时间:499ms	北京市	怀柔区	这里是日志信息......
2022-09-16 17:15:51.873066	[WARN]	orders_service.py	响应时间:775ms	上海市	黄浦区	这里是日志信息......
2022-09-16 17:15:51.873066	[INFO]	goods_manager.py	响应时间:344ms	重庆市	九龙坡区	这里是日志信息......
2022-09-16 17:15:51.873066	[INFO]	event.py	响应时间:965ms	重庆市	渝中区	这里是日志信息......
2022-09-16 17:15:51.873066	[INFO]	shop_manager.py	响应时间:536ms	天津市	河西区	这里是日志信息......
2022-09-16 17:15:51.873066	[INFO]	goods_manager.py	响应时间:645ms	安徽省	芜湖市	这里是日志信息......
2022-09-16 17:15:51.873066	[INFO]	user_manager.py	响应时间:296ms	天津市	河东区	这里是日志信息......
2022-09-16 17:15:51.873066	[INFO]	shop_manager.py	响应时间:331ms	上海市	浦东新区	这里是日志信息......
2022-09-16 17:15:51.873066	[INFO]	base_network.py	响应时间:963ms	山东省	济南市	这里是日志信息......
2022-09-16 17:15:51.873066	[INFO]	user_manager.py	响应时间:582ms	湖南省	长沙市	这里是日志信息......
2022-09-16 17:15:51.873066	[INFO]	event.py	响应时间:570ms	广东省	广州市	这里是日志信息......
2022-09-16 17:15:51.873066	[INFO]	orders_service.py	响应时间:365ms	安徽省	合肥市	这里是日志信息......
2022-09-16 17:15:51.873066	[INFO]	barcode_service.py	响应时间:98ms	广东省	广州市	这里是日志信息......
2022-09-16 17:15:51.873066	[INFO]	goods_manager.py	响应时间:759ms	湖北省	武汉市	这里是日志信息......
2022-09-16 17:15:51.873066	[INFO]	goods_manager.py	响应时间:562ms	江苏省	南京市	这里是日志信息......
2022-09-16 17:15:51.873066	[INFO]	goods_manager.py	响应时间:556ms	浙江省	杭州市	这里是日志信息......
2022-09-16 17:15:51.873066	[INFO]	event.py	响应时间:256ms	浙江省	绍兴市	这里是日志信息......
2022-09-16 17:15:51.873066	[ERROR]	event.py	响应时间:278ms	北京市	昌平区	这里是日志信息......
2022-09-16 17:15:51.873066	[INFO]	orders_service.py	响应时间:730ms	山东省	济南市	这里是日志信息......
2022-09-16 17:15:51.873066	[INFO]	user_manager.py	响应时间:97ms	广东省	广州市	这里是日志信息......
2022-09-16 17:15:51.873066	[WARN]	barcode_service.py	响应时间:664ms	重庆市	九龙坡区	这里是日志信息......
2022-09-16 17:15:51.873066	[INFO]	shop_manager.py	响应时间:427ms	安徽省	合肥市	这里是日志信息......
2022-09-16 17:15:51.873066	[INFO]	event.py	响应时间:638ms	湖南省	长沙市	这里是日志信息......
2022-09-16 17:15:51.873066	[WARN]	orders_service.py	响应时间:469ms	天津市	宝坻区	这里是日志信息......
2022-09-16 17:15:51.873066	[INFO]	barcode_service.py	响应时间:643ms	广东省	广州市	这里是日志信息......
2022-09-16 17:15:51.873066	[INFO]	base_network.py	响应时间:131ms	上海市	静安区	这里是日志信息......
2022-09-16 17:15:51.873066	[INFO]	event.py	响应时间:575ms	湖北省	恩施土家族苗族自治州	这里是日志信息......
2022-09-16 17:15:51.873066	[INFO]	event.py	响应时间:625ms	安徽省	阜阳市	这里是日志信息......
2022-09-16 17:15:51.873066	[INFO]	event.py	响应时间:275ms	上海市	浦东新区	这里是日志信息......
2022-09-16 17:15:51.873066	[INFO]	shop_manager.py	响应时间:236ms	天津市	武清区	这里是日志信息......
2022-09-16 17:15:51.873066	[INFO]	orders_service.py	响应时间:866ms	山东省	青岛市	这里是日志信息......
2022-09-16 17:15:51.874066	[INFO]	event.py	响应时间:687ms	安徽省	合肥市	这里是日志信息......
2022-09-16 17:15:51.874066	[INFO]	event.py	响应时间:613ms	山东省	青岛市	这里是日志信息......
2022-09-16 17:15:51.874066	[INFO]	user_manager.py	响应时间:730ms	天津市	河东区	这里是日志信息......
2022-09-16 17:15:51.874066	[INFO]	orders_service.py	响应时间:829ms	浙江省	丽水市	这里是日志信息......
2022-09-16 17:15:51.874066	[INFO]	orders_service.py	响应时间:680ms	重庆市	万州区	这里是日志信息......
2022-09-16 17:15:51.874066	[WARN]	event.py	响应时间:129ms	浙江省	湖州市	这里是日志信息......
2022-09-16 17:15:51.874066	[INFO]	orders_service.py	响应时间:5779ms	湖北省	十堰市	这里是日志信息......
2022-09-16 17:15:51.874066	[INFO]	event.py	响应时间:85ms	重庆市	渝中区	这里是日志信息......
2022-09-16 17:15:51.874066	[INFO]	orders_service.py	响应时间:34ms	湖南省	长沙市	这里是日志信息......
2022-09-16 17:15:51.874066	[INFO]	event.py	响应时间:940ms	浙江省	杭州市	这里是日志信息......
2022-09-16 17:15:51.874066	[INFO]	goods_manager.py	响应时间:625ms	湖南省	常德市	这里是日志信息......
2022-09-16 17:15:51.874066	[INFO]	base_network.py	响应时间:324ms	上海市	黄浦区	这里是日志信息......
2022-09-16 17:15:51.874066	[INFO]	event.py	响应时间:746ms	上海市	杨浦区	这里是日志信息......
2022-09-16 17:15:51.874066	[INFO]	orders_service.py	响应时间:857ms	北京市	昌平区	这里是日志信息......
2022-09-16 17:15:51.874066	[INFO]	user_manager.py	响应时间:19ms	重庆市	渝中区	这里是日志信息......
2022-09-16 17:15:51.874066	[INFO]	orders_service.py	响应时间:138ms	北京市	海淀区	这里是日志信息......
2022-09-16 17:15:51.874066	[INFO]	barcode_service.py	响应时间:56ms	北京市	朝阳区	这里是日志信息......
2022-09-16 17:15:51.874066	[INFO]	user_manager.py	响应时间:675ms	天津市	河西区	这里是日志信息......
2022-09-16 17:15:51.874066	[INFO]	goods_manager.py	响应时间:493ms	天津市	河东区	这里是日志信息......
2022-09-16 17:15:51.874066	[INFO]	goods_manager.py	响应时间:407ms	广东省	广州市	这里是日志信息......
2022-09-16 17:15:51.874066	[WARN]	goods_manager.py	响应时间:58ms	湖南省	长沙市	这里是日志信息......
2022-09-16 17:15:51.874066	[INFO]	event.py	响应时间:128ms	上海市	静安区	这里是日志信息......
2022-09-16 17:15:51.874066	[INFO]	goods_manager.py	响应时间:114ms	广东省	珠海市	这里是日志信息......
2022-09-16 17:15:51.874066	[INFO]	user_manager.py	响应时间:204ms	北京市	海淀区	这里是日志信息......
2022-09-16 17:15:51.874066	[INFO]	goods_manager.py	响应时间:430ms	湖南省	株洲市	这里是日志信息......
2022-09-16 17:15:51.874066	[INFO]	barcode_service.py	响应时间:608ms	湖南省	长沙市	这里是日志信息......
2022-09-16 17:15:51.874066	[INFO]	goods_manager.py	响应时间:65ms	安徽省	合肥市	这里是日志信息......
2022-09-16 17:15:51.874066	[INFO]	event.py	响应时间:280ms	北京市	怀柔区	这里是日志信息......
2022-09-16 17:15:51.874066	[WARN]	goods_manager.py	响应时间:908ms	浙江省	杭州市	这里是日志信息......
2022-09-16 17:15:51.874066	[INFO]	goods_manager.py	响应时间:869ms	浙江省	丽水市	这里是日志信息......
2022-09-16 17:15:51.874066	[INFO]	event.py	响应时间:261ms	广东省	深圳市	这里是日志信息......
2022-09-16 17:15:51.874066	[INFO]	barcode_service.py	响应时间:699ms	湖北省	武汉市	这里是日志信息......
2022-09-16 17:15:51.874066	[INFO]	event.py	响应时间:2ms	上海市	徐汇区	这里是日志信息......
2022-09-16 17:15:51.874066	[INFO]	event.py	响应时间:865ms	重庆市	沙坪坝区	这里是日志信息......
2022-09-16 17:15:51.874066	[INFO]	base_network.py	响应时间:397ms	广东省	珠海市	这里是日志信息......
2022-09-16 17:15:51.874066	[INFO]	event.py	响应时间:897ms	重庆市	九龙坡区	这里是日志信息......
2022-09-16 17:15:51.874066	[INFO]	shop_manager.py	响应时间:270ms	湖南省	长沙市	这里是日志信息......
2022-09-16 17:15:51.874066	[INFO]	base_network.py	响应时间:829ms	江苏省	无锡市	这里是日志信息......
2022-09-16 17:15:51.874066	[WARN]	barcode_service.py	响应时间:812ms	上海市	黄浦区	这里是日志信息......
2022-09-16 17:15:51.874066	[INFO]	orders_service.py	响应时间:708ms	北京市	朝阳区	这里是日志信息......
2022-09-16 17:15:51.874066	[INFO]	barcode_service.py	响应时间:515ms	北京市	朝阳区	这里是日志信息......
2022-09-16 17:15:51.874066	[INFO]	event.py	响应时间:942ms	天津市	河东区	这里是日志信息......
2022-09-16 17:15:51.874066	[INFO]	goods_manager.py	响应时间:558ms	上海市	普陀区	这里是日志信息......
2022-09-16 17:15:51.874066	[INFO]	goods_manager.py	响应时间:570ms	湖北省	武汉市	这里是日志信息......
2022-09-16 17:15:51.874066	[INFO]	event.py	响应时间:225ms	江苏省	无锡市	这里是日志信息......
2022-09-16 17:15:51.874066	[ERROR]	goods_manager.py	响应时间:571ms	江苏省	苏州市	这里是日志信息......
2022-09-16 17:15:51.875073	[INFO]	barcode_service.py	响应时间:234ms	天津市	河西区	这里是日志信息......
2022-09-16 17:15:51.875073	[INFO]	orders_service.py	响应时间:234ms	山东省	济南市	这里是日志信息......
2022-09-16 17:15:51.875073	[INFO]	goods_manager.py	响应时间:617ms	江苏省	宿迁市	这里是日志信息......
2022-09-16 17:15:51.875073	[INFO]	user_manager.py	响应时间:798ms	广东省	深圳市	这里是日志信息......
2022-09-16 17:15:51.875073	[INFO]	event.py	响应时间:618ms	北京市	怀柔区	这里是日志信息......
2022-09-16 17:15:51.875073	[INFO]	barcode_service.py	响应时间:25ms	广东省	深圳市	这里是日志信息......
2022-09-16 17:15:51.875073	[INFO]	orders_service.py	响应时间:112ms	天津市	河东区	这里是日志信息......
2022-09-16 17:15:51.875073	[INFO]	orders_service.py	响应时间:873ms	湖北省	武汉市	这里是日志信息......
2022-09-16 17:15:51.875073	[INFO]	goods_manager.py	响应时间:568ms	北京市	丰台区	这里是日志信息......
2022-09-16 17:15:51.875073	[WARN]	base_network.py	响应时间:610ms	北京市	昌平区	这里是日志信息......
2022-09-16 17:15:51.875073	[INFO]	barcode_service.py	响应时间:676ms	上海市	徐汇区	这里是日志信息......
2022-09-16 17:15:51.875073	[INFO]	orders_service.py	响应时间:280ms	北京市	丰台区	这里是日志信息......
2022-09-16 17:15:51.875073	[INFO]	base_network.py	响应时间:631ms	安徽省	六安市	这里是日志信息......
2022-09-16 17:15:51.875073	[INFO]	event.py	响应时间:349ms	重庆市	万州区	这里是日志信息......
2022-09-16 17:15:51.875073	[INFO]	shop_manager.py	响应时间:634ms	安徽省	合肥市	这里是日志信息......
2022-09-16 17:15:51.875073	[INFO]	event.py	响应时间:809ms	山东省	青岛市	这里是日志信息......
2022-09-16 17:15:51.875073	[INFO]	event.py	响应时间:237ms	广东省	广州市	这里是日志信息......
2022-09-16 17:15:51.875073	[WARN]	goods_manager.py	响应时间:551ms	广东省	深圳市	这里是日志信息......
2022-09-16 17:15:51.875073	[INFO]	event.py	响应时间:149ms	山东省	青岛市	这里是日志信息......
2022-09-16 17:15:51.875073	[INFO]	goods_manager.py	响应时间:845ms	浙江省	杭州市	这里是日志信息......
2022-09-16 17:15:51.875073	[INFO]	goods_manager.py	响应时间:89ms	北京市	丰台区	这里是日志信息......
2022-09-16 17:15:51.875073	[WARN]	base_network.py	响应时间:506ms	浙江省	绍兴市	这里是日志信息......
2022-09-16 17:15:51.875073	[INFO]	goods_manager.py	响应时间:113ms	湖北省	十堰市	这里是日志信息......
2022-09-16 17:15:51.875073	[INFO]	shop_manager.py	响应时间:361ms	安徽省	铜陵市	这里是日志信息......
2022-09-16 17:15:51.875073	[INFO]	event.py	响应时间:735ms	天津市	和平区	这里是日志信息......
2022-09-16 17:15:51.875073	[INFO]	goods_manager.py	响应时间:209ms	江苏省	南京市	这里是日志信息......
2022-09-16 17:15:51.875073	[INFO]	base_network.py	响应时间:417ms	浙江省	绍兴市	这里是日志信息......
2022-09-16 17:15:51.875073	[INFO]	orders_service.py	响应时间:141ms	天津市	和平区	这里是日志信息......
2022-09-16 17:15:51.875073	[WARN]	orders_service.py	响应时间:749ms	山东省	济南市	这里是日志信息......
2022-09-16 17:15:51.875073	[INFO]	user_manager.py	响应时间:617ms	广东省	广州市	这里是日志信息......
2022-09-16 17:15:51.875073	[INFO]	goods_manager.py	响应时间:429ms	广东省	广州市	这里是日志信息......
2022-09-16 17:15:51.875073	[INFO]	barcode_service.py	响应时间:653ms	浙江省	丽水市	这里是日志信息......
2022-09-16 17:15:51.875073	[INFO]	goods_manager.py	响应时间:436ms	浙江省	金华市	这里是日志信息......
2022-09-16 17:15:51.875073	[INFO]	orders_service.py	响应时间:190ms	山东省	济南市	这里是日志信息......
2022-09-16 17:15:51.875073	[INFO]	goods_manager.py	响应时间:67ms	重庆市	渝中区	这里是日志信息......
2022-09-16 17:15:51.875073	[INFO]	barcode_service.py	响应时间:650ms	浙江省	丽水市	这里是日志信息......
2022-09-16 17:15:51.875073	[INFO]	orders_service.py	响应时间:276ms	安徽省	芜湖市	这里是日志信息......
2022-09-16 17:15:51.875073	[INFO]	goods_manager.py	响应时间:615ms	山东省	济南市	这里是日志信息......
2022-09-16 17:15:51.875073	[INFO]	goods_manager.py	响应时间:508ms	上海市	杨浦区	这里是日志信息......
2022-09-16 17:15:51.875073	[INFO]	goods_manager.py	响应时间:216ms	天津市	宝坻区	这里是日志信息......
2022-09-16 17:15:51.875073	[INFO]	event.py	响应时间:4173ms	湖北省	武汉市	这里是日志信息......
2022-09-16 17:15:51.875073	[INFO]	event.py	响应时间:179ms	湖北省	荆州市	这里是日志信息......
2022-09-16 17:15:51.875073	[INFO]	user_manager.py	响应时间:331ms	安徽省	阜阳市	这里是日志信息......
2022-09-16 17:15:51.875073	[INFO]	event.py	响应时间:718ms	安徽省	铜陵市	这里是日志信息......
2022-09-16 17:15:51.875073	[INFO]	base_network.py	响应时间:868ms	浙江省	湖州市	这里是日志信息......
2022-09-16 17:15:51.875073	[INFO]	event.py	响应时间:397ms	江苏省	南京市	这里是日志信息......
2022-09-16 17:15:51.875073	[INFO]	shop_manager.py	响应时间:474ms	广东省	广州市	这里是日志信息......
2022-09-16 17:15:51.875073	[INFO]	orders_service.py	响应时间:229ms	湖北省	恩施土家族苗族自治州	这里是日志信息......
2022-09-16 17:15:51.875073	[INFO]	event.py	响应时间:631ms	江苏省	南京市	这里是日志信息......
2022-09-16 17:15:51.875073	[INFO]	event.py	响应时间:886ms	北京市	海淀区	这里是日志信息......
2022-09-16 17:15:51.875073	[INFO]	barcode_service.py	响应时间:790ms	江苏省	苏州市	这里是日志信息......
2022-09-16 17:15:51.875073	[INFO]	barcode_service.py	响应时间:859ms	上海市	浦东新区	这里是日志信息......
2022-09-16 17:15:51.875073	[INFO]	event.py	响应时间:379ms	北京市	海淀区	这里是日志信息......
2022-09-16 17:15:51.875073	[INFO]	barcode_service.py	响应时间:45ms	天津市	武清区	这里是日志信息......
2022-09-16 17:15:51.875073	[INFO]	event.py	响应时间:575ms	山东省	青岛市	这里是日志信息......
2022-09-16 17:15:51.875073	[INFO]	goods_manager.py	响应时间:10ms	浙江省	绍兴市	这里是日志信息......
2022-09-16 17:15:51.875073	[INFO]	barcode_service.py	响应时间:297ms	安徽省	六安市	这里是日志信息......
2022-09-16 17:15:51.875073	[WARN]	orders_service.py	响应时间:768ms	浙江省	绍兴市	这里是日志信息......
2022-09-16 17:15:51.875073	[INFO]	event.py	响应时间:508ms	山东省	济南市	这里是日志信息......
2022-09-16 17:15:51.875073	[INFO]	barcode_service.py	响应时间:912ms	上海市	静安区	这里是日志信息......
2022-09-16 17:15:51.875073	[INFO]	user_manager.py	响应时间:564ms	安徽省	铜陵市	这里是日志信息......
2022-09-16 17:15:51.875073	[INFO]	barcode_service.py	响应时间:744ms	天津市	宝坻区	这里是日志信息......
2022-09-16 17:15:51.875073	[INFO]	shop_manager.py	响应时间:581ms	上海市	普陀区	这里是日志信息......
2022-09-16 17:15:51.875073	[INFO]	barcode_service.py	响应时间:385ms	北京市	昌平区	这里是日志信息......
2022-09-16 17:15:51.875073	[INFO]	event.py	响应时间:192ms	天津市	和平区	这里是日志信息......
2022-09-16 17:15:51.875073	[INFO]	event.py	响应时间:15ms	湖南省	株洲市	这里是日志信息......
2022-09-16 17:15:51.875073	[WARN]	goods_manager.py	响应时间:484ms	上海市	静安区	这里是日志信息......
2022-09-16 17:15:51.876073	[INFO]	goods_manager.py	响应时间:647ms	安徽省	池州市	这里是日志信息......
2022-09-16 17:15:51.876073	[INFO]	orders_service.py	响应时间:736ms	天津市	武清区	这里是日志信息......
2022-09-16 17:15:51.876073	[WARN]	user_manager.py	响应时间:520ms	浙江省	嘉兴市	这里是日志信息......
2022-09-16 17:15:51.876073	[WARN]	base_network.py	响应时间:679ms	天津市	和平区	这里是日志信息......
2022-09-16 17:15:51.876073	[INFO]	shop_manager.py	响应时间:881ms	湖南省	张家界市	这里是日志信息......
2022-09-16 17:15:51.876073	[INFO]	user_manager.py	响应时间:4160ms	安徽省	合肥市	这里是日志信息......
2022-09-16 17:15:51.876073	[INFO]	barcode_service.py	响应时间:358ms	江苏省	南京市	这里是日志信息......
2022-09-16 17:15:51.876073	[WARN]	orders_service.py	响应时间:7420ms	湖南省	长沙市	这里是日志信息......
2022-09-16 17:15:51.876073	[INFO]	event.py	响应时间:26ms	北京市	大兴区	这里是日志信息......
2022-09-16 17:15:51.876073	[INFO]	event.py	响应时间:859ms	北京市	朝阳区	这里是日志信息......
2022-09-16 17:15:51.876073	[INFO]	orders_service.py	响应时间:443ms	浙江省	丽水市	这里是日志信息......
2022-09-16 17:15:51.876073	[INFO]	orders_service.py	响应时间:900ms	浙江省	绍兴市	这里是日志信息......
2022-09-16 17:15:51.876073	[INFO]	goods_manager.py	响应时间:643ms	江苏省	宿迁市	这里是日志信息......
2022-09-16 17:15:51.876073	[INFO]	base_network.py	响应时间:9037ms	江苏省	苏州市	这里是日志信息......
2022-09-16 17:15:51.876073	[INFO]	orders_service.py	响应时间:338ms	上海市	徐汇区	这里是日志信息......
2022-09-16 17:15:51.876073	[INFO]	shop_manager.py	响应时间:92ms	湖南省	长沙市	这里是日志信息......
2022-09-16 17:15:51.876073	[WARN]	goods_manager.py	响应时间:329ms	重庆市	万州区	这里是日志信息......
2022-09-16 17:15:51.876073	[INFO]	orders_service.py	响应时间:231ms	浙江省	嘉兴市	这里是日志信息......
2022-09-16 17:15:51.876073	[INFO]	event.py	响应时间:278ms	浙江省	金华市	这里是日志信息......
2022-09-16 17:15:51.876073	[INFO]	goods_manager.py	响应时间:9680ms	浙江省	舟山市	这里是日志信息......
2022-09-16 17:15:51.876073	[INFO]	goods_manager.py	响应时间:268ms	上海市	浦东新区	这里是日志信息......
2022-09-16 17:15:51.876073	[INFO]	barcode_service.py	响应时间:858ms	浙江省	金华市	这里是日志信息......
2022-09-16 17:15:51.876073	[INFO]	event.py	响应时间:693ms	广东省	深圳市	这里是日志信息......
2022-09-16 17:15:51.876073	[WARN]	barcode_service.py	响应时间:407ms	湖南省	常德市	这里是日志信息......
2022-09-16 17:15:51.876073	[INFO]	goods_manager.py	响应时间:605ms	湖南省	益阳市	这里是日志信息......
2022-09-16 17:15:51.876073	[INFO]	event.py	响应时间:92ms	山东省	青岛市	这里是日志信息......
2022-09-16 17:15:51.876073	[INFO]	goods_manager.py	响应时间:431ms	湖南省	常德市	这里是日志信息......
2022-09-16 17:15:51.876073	[ERROR]	goods_manager.py	响应时间:148ms	广东省	珠海市	这里是日志信息......
2022-09-16 17:15:51.876073	[INFO]	user_manager.py	响应时间:979ms	安徽省	合肥市	这里是日志信息......
2022-09-16 17:15:51.876073	[INFO]	shop_manager.py	响应时间:850ms	广东省	广州市	这里是日志信息......
2022-09-16 17:15:51.876073	[INFO]	orders_service.py	响应时间:185ms	北京市	海淀区	这里是日志信息......
2022-09-16 17:15:51.876073	[INFO]	shop_manager.py	响应时间:412ms	浙江省	嘉兴市	这里是日志信息......
2022-09-16 17:15:51.876073	[INFO]	orders_service.py	响应时间:991ms	安徽省	铜陵市	这里是日志信息......
2022-09-16 17:15:51.876073	[INFO]	event.py	响应时间:774ms	湖南省	长沙市	这里是日志信息......
2022-09-16 17:15:51.876073	[INFO]	goods_manager.py	响应时间:253ms	江苏省	苏州市	这里是日志信息......
2022-09-16 17:15:51.876073	[INFO]	user_manager.py	响应时间:868ms	湖南省	长沙市	这里是日志信息......
2022-09-16 17:15:51.876073	[ERROR]	event.py	响应时间:504ms	江苏省	无锡市	这里是日志信息......
2022-09-16 17:15:51.876073	[INFO]	orders_service.py	响应时间:953ms	上海市	普陀区	这里是日志信息......
2022-09-16 17:15:51.876073	[INFO]	orders_service.py	响应时间:535ms	湖北省	十堰市	这里是日志信息......
2022-09-16 17:15:51.876073	[INFO]	goods_manager.py	响应时间:467ms	北京市	朝阳区	这里是日志信息......
2022-09-16 17:15:51.876073	[WARN]	barcode_service.py	响应时间:993ms	湖南省	常德市	这里是日志信息......
2022-09-16 17:15:51.876073	[INFO]	base_network.py	响应时间:118ms	安徽省	芜湖市	这里是日志信息......
2022-09-16 17:15:51.876073	[INFO]	goods_manager.py	响应时间:324ms	山东省	济南市	这里是日志信息......
2022-09-16 17:15:51.876073	[INFO]	goods_manager.py	响应时间:274ms	山东省	菏泽市	这里是日志信息......
2022-09-16 17:15:51.876073	[ERROR]	goods_manager.py	响应时间:71ms	上海市	普陀区	这里是日志信息......
2022-09-16 17:15:51.876073	[INFO]	event.py	响应时间:662ms	北京市	大兴区	这里是日志信息......
2022-09-16 17:15:51.876073	[ERROR]	orders_service.py	响应时间:86ms	安徽省	六安市	这里是日志信息......
2022-09-16 17:15:51.876073	[INFO]	user_manager.py	响应时间:152ms	江苏省	常州市	这里是日志信息......
2022-09-16 17:15:51.876073	[INFO]	base_network.py	响应时间:930ms	浙江省	舟山市	这里是日志信息......
2022-09-16 17:15:51.876073	[WARN]	orders_service.py	响应时间:729ms	上海市	黄浦区	这里是日志信息......
2022-09-16 17:15:51.876073	[WARN]	event.py	响应时间:118ms	安徽省	合肥市	这里是日志信息......
2022-09-16 17:15:51.876073	[INFO]	user_manager.py	响应时间:293ms	北京市	海淀区	这里是日志信息......
2022-09-16 17:15:51.876073	[INFO]	event.py	响应时间:877ms	安徽省	六安市	这里是日志信息......
2022-09-16 17:15:51.876073	[INFO]	barcode_service.py	响应时间:149ms	广东省	深圳市	这里是日志信息......
2022-09-16 17:15:51.876073	[INFO]	event.py	响应时间:178ms	安徽省	阜阳市	这里是日志信息......
2022-09-16 17:15:51.876073	[INFO]	shop_manager.py	响应时间:396ms	山东省	青岛市	这里是日志信息......
2022-09-16 17:15:51.876073	[ERROR]	event.py	响应时间:706ms	广东省	广州市	这里是日志信息......
2022-09-16 17:15:51.876073	[WARN]	goods_manager.py	响应时间:102ms	山东省	青岛市	这里是日志信息......
2022-09-16 17:15:51.876073	[INFO]	orders_service.py	响应时间:504ms	广东省	深圳市	这里是日志信息......
2022-09-16 17:15:51.876073	[INFO]	event.py	响应时间:877ms	山东省	济南市	这里是日志信息......
2022-09-16 17:15:51.876073	[INFO]	orders_service.py	响应时间:440ms	重庆市	渝中区	这里是日志信息......
2022-09-16 17:15:51.876073	[INFO]	orders_service.py	响应时间:8066ms	江苏省	南京市	这里是日志信息......
2022-09-16 17:15:51.876073	[INFO]	user_manager.py	响应时间:169ms	山东省	菏泽市	这里是日志信息......
2022-09-16 17:15:51.876073	[INFO]	event.py	响应时间:75ms	浙江省	杭州市	这里是日志信息......
2022-09-16 17:15:51.876073	[INFO]	event.py	响应时间:738ms	安徽省	铜陵市	这里是日志信息......
2022-09-16 17:15:51.876073	[INFO]	event.py	响应时间:863ms	天津市	河西区	这里是日志信息......
2022-09-16 17:15:51.876073	[INFO]	user_manager.py	响应时间:918ms	上海市	黄浦区	这里是日志信息......
2022-09-16 17:15:51.876073	[INFO]	orders_service.py	响应时间:536ms	江苏省	南京市	这里是日志信息......
2022-09-16 17:15:51.876073	[INFO]	goods_manager.py	响应时间:516ms	重庆市	九龙坡区	这里是日志信息......
2022-09-16 17:15:51.876073	[INFO]	goods_manager.py	响应时间:373ms	湖北省	武汉市	这里是日志信息......
2022-09-16 17:15:51.876073	[WARN]	goods_manager.py	响应时间:706ms	上海市	杨浦区	这里是日志信息......
2022-09-16 17:15:51.876073	[INFO]	barcode_service.py	响应时间:448ms	湖北省	荆州市	这里是日志信息......
2022-09-16 17:15:51.877074	[INFO]	goods_manager.py	响应时间:574ms	重庆市	涪陵区	这里是日志信息......
2022-09-16 17:15:51.877074	[WARN]	event.py	响应时间:104ms	广东省	深圳市	这里是日志信息......
2022-09-16 17:15:51.877074	[INFO]	barcode_service.py	响应时间:273ms	重庆市	万州区	这里是日志信息......
2022-09-16 17:15:51.877074	[INFO]	barcode_service.py	响应时间:580ms	广东省	珠海市	这里是日志信息......
2022-09-16 17:15:51.877074	[WARN]	user_manager.py	响应时间:500ms	上海市	普陀区	这里是日志信息......
2022-09-16 17:15:51.877074	[INFO]	event.py	响应时间:369ms	广东省	深圳市	这里是日志信息......
2022-09-16 17:15:51.877074	[ERROR]	goods_manager.py	响应时间:764ms	湖北省	荆州市	这里是日志信息......
2022-09-16 17:15:51.877074	[INFO]	event.py	响应时间:802ms	重庆市	渝中区	这里是日志信息......
2022-09-16 17:15:51.877074	[WARN]	event.py	响应时间:796ms	北京市	丰台区	这里是日志信息......
2022-09-16 17:15:51.877074	[WARN]	event.py	响应时间:377ms	浙江省	绍兴市	这里是日志信息......
2022-09-16 17:15:51.877074	[WARN]	event.py	响应时间:755ms	江苏省	宿迁市	这里是日志信息......
2022-09-16 17:15:51.877074	[INFO]	orders_service.py	响应时间:762ms	天津市	河东区	这里是日志信息......
2022-09-16 17:15:51.877074	[INFO]	orders_service.py	响应时间:521ms	浙江省	杭州市	这里是日志信息......
2022-09-16 17:15:51.877074	[INFO]	event.py	响应时间:135ms	江苏省	南京市	这里是日志信息......
2022-09-16 17:15:51.877074	[INFO]	shop_manager.py	响应时间:879ms	湖北省	武汉市	这里是日志信息......
2022-09-16 17:15:51.877074	[INFO]	user_manager.py	响应时间:914ms	天津市	河西区	这里是日志信息......
2022-09-16 17:15:51.877074	[INFO]	goods_manager.py	响应时间:714ms	重庆市	涪陵区	这里是日志信息......
2022-09-16 17:15:51.877074	[INFO]	goods_manager.py	响应时间:394ms	上海市	宝山区	这里是日志信息......
2022-09-16 17:15:51.877074	[WARN]	event.py	响应时间:546ms	湖南省	张家界市	这里是日志信息......
2022-09-16 17:15:51.877074	[ERROR]	event.py	响应时间:629ms	江苏省	无锡市	这里是日志信息......
2022-09-16 17:15:51.877074	[INFO]	barcode_service.py	响应时间:683ms	湖南省	张家界市	这里是日志信息......
2022-09-16 17:15:51.877074	[WARN]	orders_service.py	响应时间:575ms	天津市	宝坻区	这里是日志信息......
2022-09-16 17:15:51.877074	[INFO]	base_network.py	响应时间:748ms	广东省	广州市	这里是日志信息......
2022-09-16 17:15:51.877074	[INFO]	orders_service.py	响应时间:368ms	江苏省	宿迁市	这里是日志信息......
2022-09-16 17:15:51.877074	[WARN]	barcode_service.py	响应时间:542ms	上海市	杨浦区	这里是日志信息......
2022-09-16 17:15:51.877074	[INFO]	goods_manager.py	响应时间:234ms	天津市	武清区	这里是日志信息......
2022-09-16 17:15:51.877074	[INFO]	event.py	响应时间:950ms	湖北省	十堰市	这里是日志信息......
2022-09-16 17:15:51.877074	[INFO]	event.py	响应时间:906ms	湖北省	恩施土家族苗族自治州	这里是日志信息......
2022-09-16 17:15:51.877074	[WARN]	barcode_service.py	响应时间:830ms	浙江省	金华市	这里是日志信息......
2022-09-16 17:15:51.877074	[INFO]	base_network.py	响应时间:359ms	湖北省	荆州市	这里是日志信息......
2022-09-16 17:15:51.877074	[INFO]	shop_manager.py	响应时间:17ms	江苏省	张家港市	这里是日志信息......
2022-09-16 17:15:51.877074	[ERROR]	user_manager.py	响应时间:317ms	浙江省	嘉兴市	这里是日志信息......
2022-09-16 17:15:51.877074	[INFO]	goods_manager.py	响应时间:652ms	江苏省	无锡市	这里是日志信息......
2022-09-16 17:15:51.877074	[INFO]	orders_service.py	响应时间:833ms	北京市	海淀区	这里是日志信息......
2022-09-16 17:15:51.877074	[INFO]	goods_manager.py	响应时间:147ms	重庆市	渝中区	这里是日志信息......
2022-09-16 17:15:51.877074	[INFO]	orders_service.py	响应时间:734ms	天津市	和平区	这里是日志信息......
2022-09-16 17:15:51.877074	[INFO]	barcode_service.py	响应时间:417ms	湖北省	武汉市	这里是日志信息......
2022-09-16 17:15:51.877074	[INFO]	event.py	响应时间:409ms	广东省	深圳市	这里是日志信息......
2022-09-16 17:15:51.877074	[INFO]	goods_manager.py	响应时间:363ms	北京市	怀柔区	这里是日志信息......
2022-09-16 17:15:51.877074	[INFO]	base_network.py	响应时间:236ms	湖南省	常德市	这里是日志信息......
2022-09-16 17:15:51.877074	[INFO]	event.py	响应时间:428ms	天津市	河西区	这里是日志信息......
2022-09-16 17:15:51.877074	[INFO]	shop_manager.py	响应时间:799ms	湖南省	长沙市	这里是日志信息......
2022-09-16 17:15:51.877074	[INFO]	goods_manager.py	响应时间:494ms	湖南省	长沙市	这里是日志信息......
2022-09-16 17:15:51.877074	[INFO]	goods_manager.py	响应时间:754ms	北京市	大兴区	这里是日志信息......
2022-09-16 17:15:51.877074	[INFO]	event.py	响应时间:405ms	北京市	大兴区	这里是日志信息......
2022-09-16 17:15:51.877074	[INFO]	goods_manager.py	响应时间:827ms	山东省	菏泽市	这里是日志信息......
2022-09-16 17:15:51.877074	[INFO]	base_network.py	响应时间:101ms	上海市	浦东新区	这里是日志信息......
2022-09-16 17:15:51.877074	[INFO]	orders_service.py	响应时间:708ms	重庆市	涪陵区	这里是日志信息......
2022-09-16 17:15:51.877074	[INFO]	user_manager.py	响应时间:652ms	天津市	河东区	这里是日志信息......
2022-09-16 17:15:51.877074	[INFO]	user_manager.py	响应时间:75ms	湖北省	十堰市	这里是日志信息......
2022-09-16 17:15:51.877074	[INFO]	event.py	响应时间:488ms	湖北省	武汉市	这里是日志信息......
2022-09-16 17:15:51.877074	[INFO]	shop_manager.py	响应时间:371ms	湖南省	张家界市	这里是日志信息......
2022-09-16 17:15:51.877074	[INFO]	base_network.py	响应时间:691ms	重庆市	万州区	这里是日志信息......
2022-09-16 17:15:51.877074	[INFO]	orders_service.py	响应时间:521ms	安徽省	合肥市	这里是日志信息......
2022-09-16 17:15:51.877074	[INFO]	orders_service.py	响应时间:54ms	重庆市	涪陵区	这里是日志信息......
2022-09-16 17:15:51.877074	[INFO]	event.py	响应时间:858ms	浙江省	绍兴市	这里是日志信息......
2022-09-16 17:15:51.877074	[INFO]	goods_manager.py	响应时间:20ms	山东省	青岛市	这里是日志信息......
2022-09-16 17:15:51.877074	[INFO]	shop_manager.py	响应时间:39ms	安徽省	池州市	这里是日志信息......
2022-09-16 17:15:51.877074	[WARN]	event.py	响应时间:311ms	湖南省	长沙市	这里是日志信息......
2022-09-16 17:15:51.877074	[WARN]	event.py	响应时间:493ms	重庆市	渝中区	这里是日志信息......
2022-09-16 17:15:51.877074	[INFO]	event.py	响应时间:580ms	浙江省	舟山市	这里是日志信息......
2022-09-16 17:15:51.877074	[INFO]	barcode_service.py	响应时间:350ms	江苏省	无锡市	这里是日志信息......
2022-09-16 17:15:51.877074	[INFO]	shop_manager.py	响应时间:710ms	广东省	广州市	这里是日志信息......
2022-09-16 17:15:51.877074	[INFO]	orders_service.py	响应时间:436ms	湖北省	恩施土家族苗族自治州	这里是日志信息......
2022-09-16 17:15:51.877074	[WARN]	goods_manager.py	响应时间:997ms	上海市	普陀区	这里是日志信息......
2022-09-16 17:15:51.877074	[INFO]	barcode_service.py	响应时间:577ms	湖北省	武汉市	这里是日志信息......
2022-09-16 17:15:51.877074	[INFO]	base_network.py	响应时间:753ms	北京市	怀柔区	这里是日志信息......
2022-09-16 17:15:51.877074	[INFO]	goods_manager.py	响应时间:75ms	山东省	青岛市	这里是日志信息......
2022-09-16 17:15:51.877074	[INFO]	user_manager.py	响应时间:981ms	山东省	青岛市	这里是日志信息......
2022-09-16 17:15:51.877074	[INFO]	user_manager.py	响应时间:518ms	广东省	广州市	这里是日志信息......
2022-09-16 17:15:51.878080	[ERROR]	event.py	响应时间:385ms	湖南省	常德市	这里是日志信息......
2022-09-16 17:15:51.878080	[INFO]	event.py	响应时间:869ms	天津市	武清区	这里是日志信息......
2022-09-16 17:15:51.878080	[INFO]	user_manager.py	响应时间:268ms	天津市	河西区	这里是日志信息......
2022-09-16 17:15:51.878080	[INFO]	event.py	响应时间:601ms	浙江省	杭州市	这里是日志信息......
2022-09-16 17:15:51.878080	[INFO]	user_manager.py	响应时间:628ms	湖南省	益阳市	这里是日志信息......
2022-09-16 17:15:51.878080	[INFO]	orders_service.py	响应时间:167ms	江苏省	常州市	这里是日志信息......
2022-09-16 17:15:51.878080	[INFO]	base_network.py	响应时间:893ms	安徽省	合肥市	这里是日志信息......
2022-09-16 17:15:51.878080	[INFO]	event.py	响应时间:648ms	北京市	海淀区	这里是日志信息......
2022-09-16 17:15:51.878080	[INFO]	user_manager.py	响应时间:683ms	安徽省	阜阳市	这里是日志信息......
2022-09-16 17:15:51.878080	[INFO]	event.py	响应时间:214ms	天津市	和平区	这里是日志信息......
2022-09-16 17:15:51.878080	[ERROR]	orders_service.py	响应时间:937ms	安徽省	六安市	这里是日志信息......
2022-09-16 17:15:51.878080	[INFO]	goods_manager.py	响应时间:869ms	湖北省	十堰市	这里是日志信息......
2022-09-16 17:15:51.878080	[WARN]	goods_manager.py	响应时间:404ms	湖北省	十堰市	这里是日志信息......
2022-09-16 17:15:51.878080	[INFO]	orders_service.py	响应时间:878ms	北京市	海淀区	这里是日志信息......
2022-09-16 17:15:51.878080	[INFO]	event.py	响应时间:514ms	天津市	河西区	这里是日志信息......
2022-09-16 17:15:51.878080	[INFO]	event.py	响应时间:251ms	江苏省	苏州市	这里是日志信息......
2022-09-16 17:15:51.878080	[INFO]	barcode_service.py	响应时间:693ms	天津市	宝坻区	这里是日志信息......
2022-09-16 17:15:51.878080	[INFO]	base_network.py	响应时间:378ms	江苏省	南京市	这里是日志信息......
2022-09-16 17:15:51.878080	[INFO]	orders_service.py	响应时间:611ms	湖南省	益阳市	这里是日志信息......
2022-09-16 17:15:51.878080	[INFO]	event.py	响应时间:692ms	天津市	武清区	这里是日志信息......
2022-09-16 17:15:51.878080	[INFO]	barcode_service.py	响应时间:1744ms	浙江省	绍兴市	这里是日志信息......
2022-09-16 17:15:51.878080	[INFO]	user_manager.py	响应时间:802ms	山东省	青岛市	这里是日志信息......
2022-09-16 17:15:51.878080	[ERROR]	orders_service.py	响应时间:5774ms	北京市	昌平区	这里是日志信息......
2022-09-16 17:15:51.878080	[INFO]	goods_manager.py	响应时间:628ms	安徽省	六安市	这里是日志信息......
2022-09-16 17:15:51.878080	[INFO]	event.py	响应时间:743ms	上海市	浦东新区	这里是日志信息......
2022-09-16 17:15:51.878080	[INFO]	event.py	响应时间:17ms	江苏省	南京市	这里是日志信息......
2022-09-16 17:15:51.878080	[WARN]	goods_manager.py	响应时间:885ms	湖南省	长沙市	这里是日志信息......
2022-09-16 17:15:51.878080	[INFO]	barcode_service.py	响应时间:879ms	湖北省	荆州市	这里是日志信息......
2022-09-16 17:15:51.878080	[INFO]	base_network.py	响应时间:168ms	湖南省	长沙市	这里是日志信息......
2022-09-16 17:15:51.878080	[WARN]	orders_service.py	响应时间:696ms	重庆市	渝中区	这里是日志信息......
2022-09-16 17:15:51.878080	[INFO]	event.py	响应时间:738ms	江苏省	南京市	这里是日志信息......
2022-09-16 17:15:51.878080	[WARN]	goods_manager.py	响应时间:382ms	广东省	广州市	这里是日志信息......
2022-09-16 17:15:51.878080	[INFO]	orders_service.py	响应时间:845ms	安徽省	合肥市	这里是日志信息......
2022-09-16 17:15:51.878080	[INFO]	event.py	响应时间:273ms	天津市	河西区	这里是日志信息......
2022-09-16 17:15:51.878080	[INFO]	event.py	响应时间:707ms	浙江省	绍兴市	这里是日志信息......
2022-09-16 17:15:51.878080	[INFO]	base_network.py	响应时间:716ms	浙江省	舟山市	这里是日志信息......
2022-09-16 17:15:51.878080	[INFO]	event.py	响应时间:866ms	天津市	河东区	这里是日志信息......
2022-09-16 17:15:51.878080	[INFO]	goods_manager.py	响应时间:452ms	湖南省	株洲市	这里是日志信息......
2022-09-16 17:15:51.878080	[INFO]	event.py	响应时间:303ms	重庆市	万州区	这里是日志信息......
2022-09-16 17:15:51.878080	[INFO]	goods_manager.py	响应时间:125ms	湖北省	武汉市	这里是日志信息......
2022-09-16 17:15:51.878080	[WARN]	event.py	响应时间:966ms	广东省	深圳市	这里是日志信息......
2022-09-16 17:15:51.878080	[INFO]	event.py	响应时间:640ms	湖南省	长沙市	这里是日志信息......
2022-09-16 17:15:51.878080	[INFO]	shop_manager.py	响应时间:572ms	天津市	和平区	这里是日志信息......
2022-09-16 17:15:51.878080	[INFO]	user_manager.py	响应时间:580ms	广东省	广州市	这里是日志信息......
2022-09-16 17:15:51.878080	[INFO]	base_network.py	响应时间:633ms	湖北省	武汉市	这里是日志信息......
2022-09-16 17:15:51.878080	[INFO]	event.py	响应时间:889ms	江苏省	苏州市	这里是日志信息......
2022-09-16 17:15:51.878080	[INFO]	goods_manager.py	响应时间:330ms	上海市	静安区	这里是日志信息......
2022-09-16 17:15:51.878080	[WARN]	goods_manager.py	响应时间:672ms	浙江省	杭州市	这里是日志信息......
2022-09-16 17:15:51.878080	[WARN]	goods_manager.py	响应时间:170ms	江苏省	南京市	这里是日志信息......
2022-09-16 17:15:51.878080	[INFO]	event.py	响应时间:819ms	湖北省	武汉市	这里是日志信息......
2022-09-16 17:15:51.878080	[INFO]	orders_service.py	响应时间:742ms	湖南省	长沙市	这里是日志信息......
2022-09-16 17:15:51.878080	[INFO]	goods_manager.py	响应时间:111ms	安徽省	阜阳市	这里是日志信息......
2022-09-16 17:15:51.878080	[INFO]	event.py	响应时间:193ms	重庆市	渝中区	这里是日志信息......
2022-09-16 17:15:51.878080	[INFO]	shop_manager.py	响应时间:708ms	天津市	宝坻区	这里是日志信息......
2022-09-16 17:15:51.878080	[WARN]	user_manager.py	响应时间:566ms	重庆市	沙坪坝区	这里是日志信息......
2022-09-16 17:15:51.878080	[INFO]	event.py	响应时间:951ms	重庆市	九龙坡区	这里是日志信息......
2022-09-16 17:15:51.878080	[INFO]	shop_manager.py	响应时间:657ms	广东省	深圳市	这里是日志信息......
2022-09-16 17:15:51.878080	[INFO]	user_manager.py	响应时间:150ms	江苏省	南京市	这里是日志信息......
2022-09-16 17:15:51.878080	[INFO]	event.py	响应时间:234ms	湖南省	益阳市	这里是日志信息......
2022-09-16 17:15:51.878080	[INFO]	barcode_service.py	响应时间:247ms	上海市	普陀区	这里是日志信息......
2022-09-16 17:15:51.878080	[INFO]	event.py	响应时间:22ms	上海市	黄浦区	这里是日志信息......
2022-09-16 17:15:51.878080	[INFO]	event.py	响应时间:28ms	上海市	浦东新区	这里是日志信息......
2022-09-16 17:15:51.878080	[INFO]	shop_manager.py	响应时间:545ms	北京市	昌平区	这里是日志信息......
2022-09-16 17:15:51.878080	[INFO]	barcode_service.py	响应时间:863ms	北京市	怀柔区	这里是日志信息......
2022-09-16 17:15:51.878080	[INFO]	user_manager.py	响应时间:335ms	天津市	河东区	这里是日志信息......
2022-09-16 17:15:51.878080	[INFO]	event.py	响应时间:253ms	天津市	河东区	这里是日志信息......
2022-09-16 17:15:51.878080	[INFO]	event.py	响应时间:435ms	湖北省	武汉市	这里是日志信息......
2022-09-16 17:15:51.878080	[WARN]	event.py	响应时间:655ms	江苏省	无锡市	这里是日志信息......
2022-09-16 17:15:51.878080	[WARN]	event.py	响应时间:942ms	浙江省	嘉兴市	这里是日志信息......
2022-09-16 17:15:51.878080	[INFO]	user_manager.py	响应时间:32ms	重庆市	涪陵区	这里是日志信息......
2022-09-16 17:15:51.878080	[INFO]	barcode_service.py	响应时间:750ms	湖北省	武汉市	这里是日志信息......
2022-09-16 17:15:51.879067	[INFO]	event.py	响应时间:102ms	山东省	济南市	这里是日志信息......
2022-09-16 17:15:51.879067	[INFO]	goods_manager.py	响应时间:518ms	安徽省	铜陵市	这里是日志信息......
2022-09-16 17:15:51.879067	[INFO]	event.py	响应时间:540ms	天津市	河西区	这里是日志信息......
2022-09-16 17:15:51.879067	[INFO]	base_network.py	响应时间:864ms	重庆市	九龙坡区	这里是日志信息......
2022-09-16 17:15:51.879067	[INFO]	orders_service.py	响应时间:112ms	天津市	河西区	这里是日志信息......
2022-09-16 17:15:51.879067	[INFO]	event.py	响应时间:450ms	湖北省	恩施土家族苗族自治州	这里是日志信息......
2022-09-16 17:15:51.879067	[INFO]	event.py	响应时间:894ms	浙江省	金华市	这里是日志信息......
2022-09-16 17:15:51.879067	[INFO]	orders_service.py	响应时间:975ms	广东省	深圳市	这里是日志信息......
2022-09-16 17:15:51.879067	[INFO]	goods_manager.py	响应时间:548ms	山东省	青岛市	这里是日志信息......
2022-09-16 17:15:51.879067	[INFO]	event.py	响应时间:685ms	北京市	海淀区	这里是日志信息......
2022-09-16 17:15:51.879067	[INFO]	event.py	响应时间:49ms	湖南省	长沙市	这里是日志信息......
2022-09-16 17:15:51.879067	[INFO]	orders_service.py	响应时间:671ms	重庆市	万州区	这里是日志信息......
2022-09-16 17:15:51.879067	[INFO]	base_network.py	响应时间:69ms	江苏省	张家港市	这里是日志信息......
2022-09-16 17:15:51.879067	[INFO]	goods_manager.py	响应时间:599ms	浙江省	舟山市	这里是日志信息......
2022-09-16 17:15:51.879067	[INFO]	user_manager.py	响应时间:265ms	湖北省	武汉市	这里是日志信息......
2022-09-16 17:15:51.879067	[INFO]	user_manager.py	响应时间:714ms	浙江省	绍兴市	这里是日志信息......
2022-09-16 17:15:51.879067	[ERROR]	event.py	响应时间:7635ms	广东省	深圳市	这里是日志信息......
2022-09-16 17:15:51.879067	[INFO]	user_manager.py	响应时间:928ms	江苏省	宿迁市	这里是日志信息......
2022-09-16 17:15:51.879067	[INFO]	orders_service.py	响应时间:305ms	浙江省	湖州市	这里是日志信息......
2022-09-16 17:15:51.879067	[INFO]	event.py	响应时间:641ms	广东省	深圳市	这里是日志信息......
2022-09-16 17:15:51.879067	[INFO]	goods_manager.py	响应时间:916ms	重庆市	万州区	这里是日志信息......
2022-09-16 17:15:51.879067	[INFO]	barcode_service.py	响应时间:920ms	北京市	海淀区	这里是日志信息......
2022-09-16 17:15:51.879067	[INFO]	event.py	响应时间:232ms	上海市	杨浦区	这里是日志信息......
2022-09-16 17:15:51.879067	[INFO]	barcode_service.py	响应时间:268ms	天津市	河东区	这里是日志信息......
2022-09-16 17:15:51.879067	[WARN]	shop_manager.py	响应时间:339ms	上海市	徐汇区	这里是日志信息......
2022-09-16 17:15:51.879067	[INFO]	barcode_service.py	响应时间:446ms	广东省	深圳市	这里是日志信息......
2022-09-16 17:15:51.879067	[INFO]	orders_service.py	响应时间:485ms	江苏省	常州市	这里是日志信息......
2022-09-16 17:15:51.879067	[INFO]	event.py	响应时间:409ms	湖北省	武汉市	这里是日志信息......
2022-09-16 17:15:51.879067	[INFO]	event.py	响应时间:256ms	江苏省	苏州市	这里是日志信息......
2022-09-16 17:15:51.879067	[INFO]	event.py	响应时间:447ms	安徽省	阜阳市	这里是日志信息......
2022-09-16 17:15:51.879067	[INFO]	event.py	响应时间:175ms	广东省	深圳市	这里是日志信息......
2022-09-16 17:15:51.879067	[INFO]	event.py	响应时间:682ms	安徽省	合肥市	这里是日志信息......
2022-09-16 17:15:51.879067	[INFO]	goods_manager.py	响应时间:650ms	重庆市	渝中区	这里是日志信息......
2022-09-16 17:15:51.879067	[INFO]	user_manager.py	响应时间:131ms	湖北省	恩施土家族苗族自治州	这里是日志信息......
2022-09-16 17:15:51.879067	[INFO]	barcode_service.py	响应时间:958ms	重庆市	沙坪坝区	这里是日志信息......
2022-09-16 17:15:51.879067	[INFO]	orders_service.py	响应时间:222ms	山东省	济南市	这里是日志信息......
2022-09-16 17:15:51.879067	[INFO]	user_manager.py	响应时间:774ms	北京市	大兴区	这里是日志信息......
2022-09-16 17:15:51.879067	[INFO]	goods_manager.py	响应时间:672ms	湖北省	荆州市	这里是日志信息......
2022-09-16 17:15:51.879067	[INFO]	shop_manager.py	响应时间:410ms	安徽省	合肥市	这里是日志信息......
2022-09-16 17:15:51.879067	[INFO]	goods_manager.py	响应时间:731ms	北京市	丰台区	这里是日志信息......
2022-09-16 17:15:51.879067	[INFO]	orders_service.py	响应时间:538ms	北京市	朝阳区	这里是日志信息......
2022-09-16 17:15:51.879067	[INFO]	goods_manager.py	响应时间:102ms	江苏省	常州市	这里是日志信息......
2022-09-16 17:15:51.879067	[ERROR]	goods_manager.py	响应时间:4527ms	浙江省	绍兴市	这里是日志信息......
2022-09-16 17:15:51.879067	[INFO]	shop_manager.py	响应时间:724ms	安徽省	合肥市	这里是日志信息......
2022-09-16 17:15:51.879067	[INFO]	orders_service.py	响应时间:1341ms	江苏省	南京市	这里是日志信息......
2022-09-16 17:15:51.879067	[INFO]	barcode_service.py	响应时间:4810ms	天津市	河东区	这里是日志信息......
2022-09-16 17:15:51.879067	[INFO]	orders_service.py	响应时间:254ms	浙江省	绍兴市	这里是日志信息......
2022-09-16 17:15:51.879067	[INFO]	user_manager.py	响应时间:977ms	江苏省	南京市	这里是日志信息......
2022-09-16 17:15:51.879067	[INFO]	barcode_service.py	响应时间:175ms	安徽省	六安市	这里是日志信息......
2022-09-16 17:15:51.879067	[INFO]	goods_manager.py	响应时间:578ms	山东省	济南市	这里是日志信息......
2022-09-16 17:15:51.879067	[ERROR]	event.py	响应时间:579ms	北京市	海淀区	这里是日志信息......
2022-09-16 17:15:51.879067	[WARN]	event.py	响应时间:161ms	北京市	丰台区	这里是日志信息......
2022-09-16 17:15:51.879067	[INFO]	base_network.py	响应时间:120ms	广东省	广州市	这里是日志信息......
2022-09-16 17:15:51.879067	[INFO]	event.py	响应时间:832ms	安徽省	阜阳市	这里是日志信息......
2022-09-16 17:15:51.879067	[INFO]	user_manager.py	响应时间:712ms	重庆市	渝中区	这里是日志信息......
2022-09-16 17:15:51.879067	[ERROR]	shop_manager.py	响应时间:477ms	江苏省	南京市	这里是日志信息......
2022-09-16 17:15:51.879067	[INFO]	event.py	响应时间:125ms	广东省	广州市	这里是日志信息......
2022-09-16 17:15:51.879067	[INFO]	goods_manager.py	响应时间:253ms	上海市	杨浦区	这里是日志信息......
2022-09-16 17:15:51.879067	[INFO]	event.py	响应时间:580ms	广东省	深圳市	这里是日志信息......
2022-09-16 17:15:51.879067	[INFO]	base_network.py	响应时间:837ms	上海市	普陀区	这里是日志信息......
2022-09-16 17:15:51.879067	[INFO]	orders_service.py	响应时间:299ms	山东省	青岛市	这里是日志信息......
2022-09-16 17:15:51.879067	[INFO]	event.py	响应时间:252ms	天津市	宝坻区	这里是日志信息......
2022-09-16 17:15:51.879067	[INFO]	event.py	响应时间:423ms	北京市	海淀区	这里是日志信息......
2022-09-16 17:15:51.879067	[INFO]	goods_manager.py	响应时间:316ms	广东省	广州市	这里是日志信息......
2022-09-16 17:15:51.879067	[INFO]	goods_manager.py	响应时间:807ms	江苏省	常州市	这里是日志信息......
2022-09-16 17:15:51.879067	[INFO]	event.py	响应时间:576ms	湖北省	武汉市	这里是日志信息......
2022-09-16 17:15:51.879067	[INFO]	event.py	响应时间:988ms	天津市	河东区	这里是日志信息......
2022-09-16 17:15:51.879067	[INFO]	base_network.py	响应时间:122ms	重庆市	万州区	这里是日志信息......
2022-09-16 17:15:51.879067	[INFO]	barcode_service.py	响应时间:9420ms	山东省	济南市	这里是日志信息......
2022-09-16 17:15:51.879067	[INFO]	user_manager.py	响应时间:336ms	山东省	青岛市	这里是日志信息......
2022-09-16 17:15:51.880068	[ERROR]	shop_manager.py	响应时间:713ms	广东省	珠海市	这里是日志信息......
2022-09-16 17:15:51.880068	[INFO]	orders_service.py	响应时间:531ms	安徽省	阜阳市	这里是日志信息......
2022-09-16 17:15:51.880068	[INFO]	barcode_service.py	响应时间:149ms	湖北省	武汉市	这里是日志信息......
2022-09-16 17:15:51.880068	[WARN]	barcode_service.py	响应时间:51ms	天津市	和平区	这里是日志信息......
2022-09-16 17:15:51.880068	[INFO]	orders_service.py	响应时间:289ms	湖南省	张家界市	这里是日志信息......
2022-09-16 17:15:51.880068	[INFO]	shop_manager.py	响应时间:726ms	湖南省	长沙市	这里是日志信息......
2022-09-16 17:15:51.880068	[INFO]	event.py	响应时间:86ms	山东省	青岛市	这里是日志信息......
2022-09-16 17:15:51.880068	[WARN]	orders_service.py	响应时间:529ms	湖南省	长沙市	这里是日志信息......
2022-09-16 17:15:51.880068	[INFO]	goods_manager.py	响应时间:460ms	浙江省	杭州市	这里是日志信息......
2022-09-16 17:15:51.880068	[INFO]	barcode_service.py	响应时间:730ms	湖南省	益阳市	这里是日志信息......
2022-09-16 17:15:51.880068	[INFO]	orders_service.py	响应时间:57ms	湖南省	长沙市	这里是日志信息......
2022-09-16 17:15:51.880068	[WARN]	goods_manager.py	响应时间:80ms	广东省	广州市	这里是日志信息......
2022-09-16 17:15:51.880068	[INFO]	event.py	响应时间:401ms	湖北省	荆州市	这里是日志信息......
2022-09-16 17:15:51.880068	[INFO]	event.py	响应时间:10ms	湖南省	长沙市	这里是日志信息......
2022-09-16 17:15:51.880068	[INFO]	orders_service.py	响应时间:11ms	湖北省	武汉市	这里是日志信息......
2022-09-16 17:15:51.880068	[WARN]	orders_service.py	响应时间:446ms	山东省	青岛市	这里是日志信息......
2022-09-16 17:15:51.880068	[INFO]	base_network.py	响应时间:268ms	安徽省	合肥市	这里是日志信息......
2022-09-16 17:15:51.880068	[WARN]	goods_manager.py	响应时间:825ms	湖北省	武汉市	这里是日志信息......
2022-09-16 17:15:51.880068	[INFO]	user_manager.py	响应时间:314ms	湖北省	十堰市	这里是日志信息......
2022-09-16 17:15:51.880068	[WARN]	event.py	响应时间:154ms	天津市	武清区	这里是日志信息......
2022-09-16 17:15:51.880068	[INFO]	orders_service.py	响应时间:738ms	山东省	青岛市	这里是日志信息......
2022-09-16 17:15:51.880068	[INFO]	user_manager.py	响应时间:292ms	上海市	徐汇区	这里是日志信息......
2022-09-16 17:15:51.880068	[WARN]	event.py	响应时间:787ms	江苏省	无锡市	这里是日志信息......
2022-09-16 17:15:51.880068	[INFO]	orders_service.py	响应时间:606ms	广东省	广州市	这里是日志信息......
2022-09-16 17:15:51.880068	[INFO]	event.py	响应时间:13ms	湖北省	武汉市	这里是日志信息......
2022-09-16 17:15:51.880068	[INFO]	goods_manager.py	响应时间:294ms	浙江省	丽水市	这里是日志信息......
2022-09-16 17:15:51.880068	[WARN]	event.py	响应时间:666ms	江苏省	苏州市	这里是日志信息......
2022-09-16 17:15:51.880068	[WARN]	goods_manager.py	响应时间:29ms	江苏省	苏州市	这里是日志信息......
2022-09-16 17:15:51.880068	[INFO]	base_network.py	响应时间:107ms	安徽省	池州市	这里是日志信息......
2022-09-16 17:15:51.880068	[INFO]	goods_manager.py	响应时间:383ms	上海市	浦东新区	这里是日志信息......
2022-09-16 17:15:51.880068	[INFO]	goods_manager.py	响应时间:136ms	浙江省	嘉兴市	这里是日志信息......
2022-09-16 17:15:51.880068	[INFO]	goods_manager.py	响应时间:147ms	天津市	河西区	这里是日志信息......
2022-09-16 17:15:51.880068	[WARN]	user_manager.py	响应时间:6547ms	山东省	菏泽市	这里是日志信息......
2022-09-16 17:15:51.880068	[INFO]	event.py	响应时间:537ms	江苏省	苏州市	这里是日志信息......
2022-09-16 17:15:51.880068	[INFO]	event.py	响应时间:502ms	天津市	武清区	这里是日志信息......
2022-09-16 17:15:51.880068	[INFO]	barcode_service.py	响应时间:69ms	浙江省	绍兴市	这里是日志信息......
2022-09-16 17:15:51.880068	[INFO]	orders_service.py	响应时间:775ms	广东省	深圳市	这里是日志信息......
2022-09-16 17:15:51.880068	[INFO]	shop_manager.py	响应时间:299ms	山东省	菏泽市	这里是日志信息......
2022-09-16 17:15:51.880068	[INFO]	event.py	响应时间:837ms	江苏省	苏州市	这里是日志信息......
2022-09-16 17:15:51.880068	[WARN]	orders_service.py	响应时间:801ms	安徽省	合肥市	这里是日志信息......
2022-09-16 17:15:51.880068	[INFO]	base_network.py	响应时间:870ms	天津市	河西区	这里是日志信息......
2022-09-16 17:15:51.880068	[INFO]	event.py	响应时间:501ms	北京市	海淀区	这里是日志信息......
2022-09-16 17:15:51.880068	[INFO]	orders_service.py	响应时间:95ms	北京市	海淀区	这里是日志信息......
2022-09-16 17:15:51.880068	[INFO]	orders_service.py	响应时间:232ms	北京市	丰台区	这里是日志信息......
2022-09-16 17:15:51.880068	[INFO]	goods_manager.py	响应时间:603ms	江苏省	苏州市	这里是日志信息......
2022-09-16 17:15:51.880068	[INFO]	goods_manager.py	响应时间:961ms	湖北省	武汉市	这里是日志信息......
2022-09-16 17:15:51.880068	[WARN]	orders_service.py	响应时间:720ms	山东省	青岛市	这里是日志信息......
2022-09-16 17:15:51.880068	[INFO]	goods_manager.py	响应时间:885ms	湖南省	长沙市	这里是日志信息......
2022-09-16 17:15:51.880068	[INFO]	goods_manager.py	响应时间:902ms	重庆市	九龙坡区	这里是日志信息......
2022-09-16 17:15:51.880068	[WARN]	user_manager.py	响应时间:62ms	重庆市	万州区	这里是日志信息......
2022-09-16 17:15:51.880068	[INFO]	goods_manager.py	响应时间:2469ms	安徽省	芜湖市	这里是日志信息......
2022-09-16 17:15:51.880068	[INFO]	barcode_service.py	响应时间:141ms	山东省	青岛市	这里是日志信息......
2022-09-16 17:15:51.880068	[INFO]	barcode_service.py	响应时间:723ms	山东省	济南市	这里是日志信息......
2022-09-16 17:15:51.880068	[INFO]	goods_manager.py	响应时间:27ms	安徽省	芜湖市	这里是日志信息......
2022-09-16 17:15:51.880068	[INFO]	user_manager.py	响应时间:531ms	上海市	宝山区	这里是日志信息......
2022-09-16 17:15:51.880068	[INFO]	goods_manager.py	响应时间:764ms	江苏省	常州市	这里是日志信息......
2022-09-16 17:15:51.880068	[INFO]	event.py	响应时间:188ms	天津市	和平区	这里是日志信息......
2022-09-16 17:15:51.880068	[INFO]	goods_manager.py	响应时间:710ms	重庆市	渝中区	这里是日志信息......
2022-09-16 17:15:51.880068	[INFO]	orders_service.py	响应时间:864ms	江苏省	无锡市	这里是日志信息......
2022-09-16 17:15:51.880068	[INFO]	user_manager.py	响应时间:483ms	天津市	和平区	这里是日志信息......
2022-09-16 17:15:51.880068	[INFO]	goods_manager.py	响应时间:526ms	湖北省	荆州市	这里是日志信息......
2022-09-16 17:15:51.880068	[WARN]	event.py	响应时间:208ms	浙江省	杭州市	这里是日志信息......
2022-09-16 17:15:51.880068	[INFO]	event.py	响应时间:30ms	湖南省	张家界市	这里是日志信息......
2022-09-16 17:15:51.880068	[WARN]	event.py	响应时间:33ms	北京市	怀柔区	这里是日志信息......
2022-09-16 17:15:51.880068	[INFO]	base_network.py	响应时间:167ms	北京市	朝阳区	这里是日志信息......
2022-09-16 17:15:51.880068	[WARN]	orders_service.py	响应时间:811ms	山东省	青岛市	这里是日志信息......
2022-09-16 17:15:51.880068	[INFO]	base_network.py	响应时间:486ms	山东省	青岛市	这里是日志信息......
2022-09-16 17:15:51.880068	[INFO]	orders_service.py	响应时间:213ms	湖南省	长沙市	这里是日志信息......
2022-09-16 17:15:51.880068	[INFO]	base_network.py	响应时间:449ms	安徽省	池州市	这里是日志信息......
2022-09-16 17:15:51.880068	[WARN]	orders_service.py	响应时间:649ms	上海市	杨浦区	这里是日志信息......
2022-09-16 17:15:51.880068	[INFO]	goods_manager.py	响应时间:558ms	山东省	青岛市	这里是日志信息......
2022-09-16 17:15:51.880068	[INFO]	barcode_service.py	响应时间:404ms	浙江省	杭州市	这里是日志信息......
2022-09-16 17:15:51.880068	[INFO]	user_manager.py	响应时间:365ms	广东省	广州市	这里是日志信息......
2022-09-16 17:15:51.881081	[INFO]	event.py	响应时间:784ms	上海市	普陀区	这里是日志信息......
2022-09-16 17:15:51.881081	[INFO]	event.py	响应时间:685ms	山东省	济南市	这里是日志信息......
2022-09-16 17:15:51.881081	[INFO]	goods_manager.py	响应时间:984ms	湖北省	武汉市	这里是日志信息......
2022-09-16 17:15:51.881081	[INFO]	base_network.py	响应时间:567ms	湖南省	益阳市	这里是日志信息......
2022-09-16 17:15:51.881081	[INFO]	barcode_service.py	响应时间:430ms	重庆市	渝中区	这里是日志信息......
2022-09-16 17:15:51.881081	[INFO]	barcode_service.py	响应时间:270ms	北京市	海淀区	这里是日志信息......
2022-09-16 17:15:51.881081	[INFO]	event.py	响应时间:939ms	湖南省	长沙市	这里是日志信息......
2022-09-16 17:15:51.881081	[INFO]	event.py	响应时间:648ms	北京市	昌平区	这里是日志信息......
2022-09-16 17:15:51.881081	[INFO]	orders_service.py	响应时间:618ms	北京市	大兴区	这里是日志信息......
2022-09-16 17:15:51.881081	[INFO]	user_manager.py	响应时间:458ms	北京市	海淀区	这里是日志信息......
2022-09-16 17:15:51.881081	[INFO]	base_network.py	响应时间:590ms	湖北省	武汉市	这里是日志信息......
2022-09-16 17:15:51.881081	[INFO]	shop_manager.py	响应时间:597ms	安徽省	合肥市	这里是日志信息......
2022-09-16 17:15:51.881081	[INFO]	event.py	响应时间:968ms	山东省	青岛市	这里是日志信息......
2022-09-16 17:15:51.881081	[INFO]	orders_service.py	响应时间:254ms	山东省	青岛市	这里是日志信息......
2022-09-16 17:15:51.881081	[INFO]	user_manager.py	响应时间:651ms	上海市	静安区	这里是日志信息......
2022-09-16 17:15:51.881081	[INFO]	user_manager.py	响应时间:413ms	湖北省	荆州市	这里是日志信息......
2022-09-16 17:15:51.881081	[INFO]	orders_service.py	响应时间:647ms	安徽省	池州市	这里是日志信息......
2022-09-16 17:15:51.881081	[INFO]	user_manager.py	响应时间:320ms	天津市	河东区	这里是日志信息......
2022-09-16 17:15:51.881081	[INFO]	user_manager.py	响应时间:860ms	天津市	和平区	这里是日志信息......
2022-09-16 17:15:51.881081	[INFO]	base_network.py	响应时间:235ms	北京市	怀柔区	这里是日志信息......
2022-09-16 17:15:51.881081	[INFO]	orders_service.py	响应时间:857ms	江苏省	南京市	这里是日志信息......
2022-09-16 17:15:51.881081	[INFO]	user_manager.py	响应时间:828ms	重庆市	万州区	这里是日志信息......
2022-09-16 17:15:51.881081	[INFO]	goods_manager.py	响应时间:78ms	江苏省	常州市	这里是日志信息......
2022-09-16 17:15:51.881081	[INFO]	user_manager.py	响应时间:629ms	广东省	深圳市	这里是日志信息......
2022-09-16 17:15:51.881081	[INFO]	base_network.py	响应时间:86ms	山东省	济南市	这里是日志信息......
2022-09-16 17:15:51.881081	[INFO]	goods_manager.py	响应时间:413ms	上海市	浦东新区	这里是日志信息......
2022-09-16 17:15:51.881081	[INFO]	shop_manager.py	响应时间:504ms	重庆市	万州区	这里是日志信息......
2022-09-16 17:15:51.881081	[WARN]	orders_service.py	响应时间:48ms	湖北省	武汉市	这里是日志信息......
2022-09-16 17:15:51.881081	[INFO]	goods_manager.py	响应时间:335ms	浙江省	绍兴市	这里是日志信息......
2022-09-16 17:15:51.881081	[INFO]	orders_service.py	响应时间:9230ms	山东省	青岛市	这里是日志信息......
2022-09-16 17:15:51.881081	[INFO]	event.py	响应时间:866ms	天津市	和平区	这里是日志信息......
2022-09-16 17:15:51.881081	[WARN]	orders_service.py	响应时间:306ms	上海市	徐汇区	这里是日志信息......
2022-09-16 17:15:51.881081	[INFO]	base_network.py	响应时间:239ms	上海市	宝山区	这里是日志信息......
2022-09-16 17:15:51.881081	[INFO]	user_manager.py	响应时间:938ms	湖北省	武汉市	这里是日志信息......
2022-09-16 17:15:51.881081	[INFO]	barcode_service.py	响应时间:586ms	上海市	浦东新区	这里是日志信息......
2022-09-16 17:15:51.881081	[INFO]	orders_service.py	响应时间:3695ms	重庆市	渝中区	这里是日志信息......
2022-09-16 17:15:51.881081	[INFO]	goods_manager.py	响应时间:305ms	北京市	怀柔区	这里是日志信息......
2022-09-16 17:15:51.881081	[INFO]	goods_manager.py	响应时间:601ms	安徽省	六安市	这里是日志信息......
2022-09-16 17:15:51.881081	[INFO]	orders_service.py	响应时间:357ms	湖北省	武汉市	这里是日志信息......
2022-09-16 17:15:51.881081	[INFO]	goods_manager.py	响应时间:193ms	山东省	济南市	这里是日志信息......
2022-09-16 17:15:51.881081	[INFO]	user_manager.py	响应时间:283ms	湖南省	长沙市	这里是日志信息......
2022-09-16 17:15:51.881081	[INFO]	user_manager.py	响应时间:194ms	重庆市	万州区	这里是日志信息......
2022-09-16 17:15:51.881081	[INFO]	event.py	响应时间:815ms	上海市	浦东新区	这里是日志信息......
2022-09-16 17:15:51.881081	[INFO]	user_manager.py	响应时间:591ms	安徽省	池州市	这里是日志信息......
2022-09-16 17:15:51.881081	[INFO]	shop_manager.py	响应时间:923ms	山东省	济南市	这里是日志信息......
2022-09-16 17:15:51.881081	[WARN]	user_manager.py	响应时间:428ms	广东省	深圳市	这里是日志信息......
2022-09-16 17:15:51.881081	[INFO]	goods_manager.py	响应时间:961ms	北京市	朝阳区	这里是日志信息......
2022-09-16 17:15:51.881081	[INFO]	user_manager.py	响应时间:9ms	广东省	深圳市	这里是日志信息......
2022-09-16 17:15:51.881081	[INFO]	orders_service.py	响应时间:822ms	天津市	河东区	这里是日志信息......
2022-09-16 17:15:51.881081	[INFO]	shop_manager.py	响应时间:240ms	山东省	济南市	这里是日志信息......
2022-09-16 17:15:51.881081	[WARN]	orders_service.py	响应时间:715ms	江苏省	常州市	这里是日志信息......
2022-09-16 17:15:51.881081	[INFO]	orders_service.py	响应时间:326ms	重庆市	万州区	这里是日志信息......
2022-09-16 17:15:51.881081	[INFO]	event.py	响应时间:3322ms	浙江省	金华市	这里是日志信息......
2022-09-16 17:15:51.881081	[INFO]	base_network.py	响应时间:762ms	上海市	浦东新区	这里是日志信息......
2022-09-16 17:15:51.881081	[INFO]	event.py	响应时间:216ms	安徽省	合肥市	这里是日志信息......
2022-09-16 17:15:51.881081	[INFO]	barcode_service.py	响应时间:529ms	北京市	大兴区	这里是日志信息......
2022-09-16 17:15:51.881081	[WARN]	goods_manager.py	响应时间:255ms	北京市	大兴区	这里是日志信息......
2022-09-16 17:15:51.881081	[INFO]	shop_manager.py	响应时间:746ms	山东省	青岛市	这里是日志信息......
2022-09-16 17:15:51.881081	[INFO]	orders_service.py	响应时间:214ms	湖北省	十堰市	这里是日志信息......
2022-09-16 17:15:51.881081	[WARN]	barcode_service.py	响应时间:2ms	湖北省	恩施土家族苗族自治州	这里是日志信息......
2022-09-16 17:15:51.881081	[INFO]	event.py	响应时间:356ms	重庆市	渝中区	这里是日志信息......
2022-09-16 17:15:51.881081	[INFO]	shop_manager.py	响应时间:726ms	湖南省	长沙市	这里是日志信息......
2022-09-16 17:15:51.881081	[WARN]	user_manager.py	响应时间:700ms	江苏省	常州市	这里是日志信息......
2022-09-16 17:15:51.881081	[INFO]	goods_manager.py	响应时间:435ms	湖南省	益阳市	这里是日志信息......
2022-09-16 17:15:51.881081	[INFO]	goods_manager.py	响应时间:2207ms	北京市	朝阳区	这里是日志信息......
2022-09-16 17:15:51.881081	[INFO]	goods_manager.py	响应时间:68ms	安徽省	合肥市	这里是日志信息......
2022-09-16 17:15:51.881081	[INFO]	orders_service.py	响应时间:265ms	浙江省	杭州市	这里是日志信息......
2022-09-16 17:15:51.881081	[INFO]	event.py	响应时间:561ms	江苏省	苏州市	这里是日志信息......
2022-09-16 17:15:51.881081	[ERROR]	goods_manager.py	响应时间:167ms	湖南省	长沙市	这里是日志信息......
2022-09-16 17:15:51.881081	[INFO]	event.py	响应时间:532ms	北京市	大兴区	这里是日志信息......
2022-09-16 17:15:51.881081	[INFO]	event.py	响应时间:234ms	天津市	和平区	这里是日志信息......
2022-09-16 17:15:51.882081	[INFO]	base_network.py	响应时间:186ms	广东省	广州市	这里是日志信息......
2022-09-16 17:15:51.882081	[INFO]	event.py	响应时间:368ms	浙江省	湖州市	这里是日志信息......
2022-09-16 17:15:51.882081	[INFO]	barcode_service.py	响应时间:84ms	湖南省	长沙市	这里是日志信息......
2022-09-16 17:15:51.882081	[INFO]	event.py	响应时间:165ms	北京市	大兴区	这里是日志信息......
2022-09-16 17:15:51.882081	[INFO]	user_manager.py	响应时间:727ms	湖北省	武汉市	这里是日志信息......
2022-09-16 17:15:51.882081	[INFO]	goods_manager.py	响应时间:179ms	上海市	静安区	这里是日志信息......
2022-09-16 17:15:51.882081	[INFO]	orders_service.py	响应时间:947ms	江苏省	宿迁市	这里是日志信息......
2022-09-16 17:15:51.882081	[INFO]	barcode_service.py	响应时间:841ms	山东省	济南市	这里是日志信息......
2022-09-16 17:15:51.882081	[ERROR]	user_manager.py	响应时间:324ms	安徽省	六安市	这里是日志信息......
2022-09-16 17:15:51.882081	[INFO]	event.py	响应时间:764ms	广东省	广州市	这里是日志信息......
2022-09-16 17:15:51.882081	[INFO]	orders_service.py	响应时间:17ms	广东省	广州市	这里是日志信息......
2022-09-16 17:15:51.882081	[INFO]	base_network.py	响应时间:127ms	重庆市	九龙坡区	这里是日志信息......
2022-09-16 17:15:51.882081	[INFO]	barcode_service.py	响应时间:348ms	湖北省	荆州市	这里是日志信息......
2022-09-16 17:15:51.882081	[INFO]	goods_manager.py	响应时间:698ms	江苏省	张家港市	这里是日志信息......
2022-09-16 17:15:51.882081	[WARN]	event.py	响应时间:68ms	天津市	河西区	这里是日志信息......
2022-09-16 17:15:51.882081	[INFO]	event.py	响应时间:196ms	安徽省	合肥市	这里是日志信息......
2022-09-16 17:15:51.882081	[INFO]	event.py	响应时间:800ms	上海市	宝山区	这里是日志信息......
2022-09-16 17:15:51.882081	[INFO]	event.py	响应时间:262ms	上海市	普陀区	这里是日志信息......
2022-09-16 17:15:51.882081	[INFO]	base_network.py	响应时间:450ms	广东省	深圳市	这里是日志信息......
2022-09-16 17:15:51.882081	[ERROR]	event.py	响应时间:982ms	广东省	广州市	这里是日志信息......
2022-09-16 17:15:51.882081	[INFO]	shop_manager.py	响应时间:787ms	安徽省	阜阳市	这里是日志信息......
2022-09-16 17:15:51.882081	[INFO]	user_manager.py	响应时间:494ms	湖北省	恩施土家族苗族自治州	这里是日志信息......
2022-09-16 17:15:51.882081	[WARN]	user_manager.py	响应时间:2ms	广东省	深圳市	这里是日志信息......
2022-09-16 17:15:51.882081	[INFO]	base_network.py	响应时间:315ms	江苏省	常州市	这里是日志信息......
2022-09-16 17:15:51.882081	[INFO]	barcode_service.py	响应时间:311ms	上海市	黄浦区	这里是日志信息......
2022-09-16 17:15:51.882081	[INFO]	base_network.py	响应时间:837ms	山东省	济南市	这里是日志信息......
2022-09-16 17:15:51.882081	[INFO]	event.py	响应时间:888ms	湖南省	张家界市	这里是日志信息......
2022-09-16 17:15:51.882081	[INFO]	orders_service.py	响应时间:272ms	北京市	丰台区	这里是日志信息......
2022-09-16 17:15:51.882081	[INFO]	goods_manager.py	响应时间:447ms	湖北省	武汉市	这里是日志信息......
2022-09-16 17:15:51.882081	[INFO]	base_network.py	响应时间:358ms	广东省	广州市	这里是日志信息......
2022-09-16 17:15:51.882081	[WARN]	orders_service.py	响应时间:552ms	北京市	大兴区	这里是日志信息......
2022-09-16 17:15:51.882081	[WARN]	shop_manager.py	响应时间:631ms	广东省	深圳市	这里是日志信息......
2022-09-16 17:15:51.882081	[INFO]	goods_manager.py	响应时间:801ms	浙江省	金华市	这里是日志信息......
2022-09-16 17:15:51.882081	[ERROR]	orders_service.py	响应时间:749ms	浙江省	湖州市	这里是日志信息......
2022-09-16 17:15:51.882081	[INFO]	orders_service.py	响应时间:834ms	湖北省	武汉市	这里是日志信息......
2022-09-16 17:15:51.882081	[INFO]	goods_manager.py	响应时间:91ms	北京市	丰台区	这里是日志信息......
2022-09-16 17:15:51.882081	[INFO]	goods_manager.py	响应时间:162ms	广东省	广州市	这里是日志信息......
2022-09-16 17:15:51.882081	[INFO]	base_network.py	响应时间:273ms	湖南省	长沙市	这里是日志信息......
2022-09-16 17:15:51.882081	[INFO]	event.py	响应时间:719ms	广东省	深圳市	这里是日志信息......
2022-09-16 17:15:51.882081	[INFO]	user_manager.py	响应时间:879ms	山东省	青岛市	这里是日志信息......
2022-09-16 17:15:51.882081	[INFO]	barcode_service.py	响应时间:415ms	重庆市	九龙坡区	这里是日志信息......
2022-09-16 17:15:51.882081	[INFO]	goods_manager.py	响应时间:955ms	山东省	菏泽市	这里是日志信息......
2022-09-16 17:15:51.882081	[ERROR]	event.py	响应时间:426ms	江苏省	南京市	这里是日志信息......
2022-09-16 17:15:51.882081	[INFO]	goods_manager.py	响应时间:350ms	重庆市	万州区	这里是日志信息......
2022-09-16 17:15:51.882081	[INFO]	goods_manager.py	响应时间:495ms	浙江省	嘉兴市	这里是日志信息......
2022-09-16 17:15:51.882081	[INFO]	orders_service.py	响应时间:411ms	上海市	杨浦区	这里是日志信息......
2022-09-16 17:15:51.882081	[INFO]	event.py	响应时间:110ms	上海市	杨浦区	这里是日志信息......
2022-09-16 17:15:51.882081	[INFO]	orders_service.py	响应时间:922ms	江苏省	苏州市	这里是日志信息......
2022-09-16 17:15:51.882081	[ERROR]	orders_service.py	响应时间:428ms	山东省	青岛市	这里是日志信息......
2022-09-16 17:15:51.882081	[INFO]	barcode_service.py	响应时间:573ms	北京市	大兴区	这里是日志信息......
2022-09-16 17:15:51.882081	[INFO]	event.py	响应时间:160ms	山东省	济南市	这里是日志信息......
2022-09-16 17:15:51.882081	[INFO]	goods_manager.py	响应时间:483ms	重庆市	万州区	这里是日志信息......
2022-09-16 17:15:51.882081	[INFO]	user_manager.py	响应时间:982ms	上海市	浦东新区	这里是日志信息......
2022-09-16 17:15:51.882081	[INFO]	event.py	响应时间:433ms	广东省	深圳市	这里是日志信息......
2022-09-16 17:15:51.882081	[WARN]	event.py	响应时间:128ms	湖北省	十堰市	这里是日志信息......
2022-09-16 17:15:51.882081	[WARN]	orders_service.py	响应时间:589ms	重庆市	万州区	这里是日志信息......
2022-09-16 17:15:51.882081	[INFO]	goods_manager.py	响应时间:968ms	江苏省	南京市	这里是日志信息......
2022-09-16 17:15:51.882081	[WARN]	event.py	响应时间:418ms	广东省	广州市	这里是日志信息......
2022-09-16 17:15:51.882081	[INFO]	user_manager.py	响应时间:396ms	湖南省	益阳市	这里是日志信息......
2022-09-16 17:15:51.882081	[INFO]	goods_manager.py	响应时间:44ms	江苏省	南京市	这里是日志信息......
2022-09-16 17:15:51.882081	[INFO]	event.py	响应时间:460ms	天津市	河西区	这里是日志信息......
2022-09-16 17:15:51.882081	[INFO]	orders_service.py	响应时间:607ms	上海市	黄浦区	这里是日志信息......
2022-09-16 17:15:51.882081	[INFO]	barcode_service.py	响应时间:682ms	广东省	深圳市	这里是日志信息......
2022-09-16 17:15:51.882081	[INFO]	user_manager.py	响应时间:918ms	湖南省	常德市	这里是日志信息......
2022-09-16 17:15:51.882081	[INFO]	orders_service.py	响应时间:568ms	湖南省	长沙市	这里是日志信息......
2022-09-16 17:15:51.882081	[INFO]	orders_service.py	响应时间:369ms	湖北省	十堰市	这里是日志信息......
2022-09-16 17:15:51.882081	[INFO]	base_network.py	响应时间:229ms	江苏省	苏州市	这里是日志信息......
2022-09-16 17:15:51.882081	[INFO]	event.py	响应时间:348ms	江苏省	南京市	这里是日志信息......
2022-09-16 17:15:51.882081	[ERROR]	event.py	响应时间:2296ms	天津市	宝坻区	这里是日志信息......
2022-09-16 17:15:51.882081	[INFO]	event.py	响应时间:844ms	山东省	济南市	这里是日志信息......
2022-09-16 17:15:51.882081	[INFO]	event.py	响应时间:78ms	北京市	昌平区	这里是日志信息......
2022-09-16 17:15:51.883068	[INFO]	user_manager.py	响应时间:217ms	上海市	浦东新区	这里是日志信息......
2022-09-16 17:15:51.883068	[INFO]	event.py	响应时间:189ms	广东省	珠海市	这里是日志信息......
2022-09-16 17:15:51.883068	[INFO]	event.py	响应时间:612ms	浙江省	舟山市	这里是日志信息......
2022-09-16 17:15:51.883068	[INFO]	barcode_service.py	响应时间:122ms	江苏省	宿迁市	这里是日志信息......
2022-09-16 17:15:51.883068	[INFO]	goods_manager.py	响应时间:5301ms	天津市	和平区	这里是日志信息......
2022-09-16 17:15:51.883068	[INFO]	goods_manager.py	响应时间:391ms	广东省	深圳市	这里是日志信息......
2022-09-16 17:15:51.883068	[ERROR]	goods_manager.py	响应时间:878ms	天津市	河东区	这里是日志信息......
2022-09-16 17:15:51.883068	[INFO]	event.py	响应时间:310ms	重庆市	万州区	这里是日志信息......
2022-09-16 17:15:51.883068	[INFO]	base_network.py	响应时间:349ms	广东省	珠海市	这里是日志信息......
2022-09-16 17:15:51.883068	[INFO]	event.py	响应时间:894ms	江苏省	宿迁市	这里是日志信息......
2022-09-16 17:15:51.883068	[INFO]	user_manager.py	响应时间:730ms	上海市	浦东新区	这里是日志信息......
2022-09-16 17:15:51.883068	[INFO]	event.py	响应时间:211ms	广东省	深圳市	这里是日志信息......
2022-09-16 17:15:51.883068	[INFO]	goods_manager.py	响应时间:258ms	山东省	青岛市	这里是日志信息......
2022-09-16 17:15:51.883068	[INFO]	goods_manager.py	响应时间:321ms	湖南省	长沙市	这里是日志信息......
2022-09-16 17:15:51.883068	[WARN]	goods_manager.py	响应时间:398ms	安徽省	阜阳市	这里是日志信息......
2022-09-16 17:15:51.883068	[INFO]	orders_service.py	响应时间:561ms	江苏省	南京市	这里是日志信息......
2022-09-16 17:15:51.883068	[INFO]	orders_service.py	响应时间:199ms	广东省	珠海市	这里是日志信息......
2022-09-16 17:15:51.883068	[ERROR]	event.py	响应时间:605ms	湖南省	常德市	这里是日志信息......
2022-09-16 17:15:51.883068	[INFO]	barcode_service.py	响应时间:375ms	广东省	深圳市	这里是日志信息......
2022-09-16 17:15:51.883068	[INFO]	goods_manager.py	响应时间:305ms	山东省	济南市	这里是日志信息......
2022-09-16 17:15:51.883068	[INFO]	event.py	响应时间:523ms	山东省	青岛市	这里是日志信息......
2022-09-16 17:15:51.883068	[WARN]	goods_manager.py	响应时间:526ms	湖南省	长沙市	这里是日志信息......
2022-09-16 17:15:51.883068	[INFO]	event.py	响应时间:3391ms	北京市	海淀区	这里是日志信息......
2022-09-16 17:15:51.883068	[WARN]	event.py	响应时间:938ms	湖北省	武汉市	这里是日志信息......
2022-09-16 17:15:51.883068	[INFO]	base_network.py	响应时间:678ms	湖南省	张家界市	这里是日志信息......
2022-09-16 17:15:51.883068	[WARN]	orders_service.py	响应时间:420ms	山东省	青岛市	这里是日志信息......
2022-09-16 17:15:51.883068	[INFO]	event.py	响应时间:4146ms	湖北省	恩施土家族苗族自治州	这里是日志信息......
2022-09-16 17:15:51.883068	[ERROR]	goods_manager.py	响应时间:55ms	重庆市	涪陵区	这里是日志信息......
2022-09-16 17:15:51.883068	[INFO]	orders_service.py	响应时间:117ms	天津市	和平区	这里是日志信息......
2022-09-16 17:15:51.883068	[INFO]	goods_manager.py	响应时间:752ms	山东省	青岛市	这里是日志信息......
2022-09-16 17:15:51.883068	[INFO]	shop_manager.py	响应时间:651ms	广东省	广州市	这里是日志信息......
2022-09-16 17:15:51.883068	[INFO]	base_network.py	响应时间:329ms	浙江省	绍兴市	这里是日志信息......
2022-09-16 17:15:51.883068	[INFO]	goods_manager.py	响应时间:787ms	江苏省	苏州市	这里是日志信息......
2022-09-16 17:15:51.883068	[INFO]	barcode_service.py	响应时间:733ms	重庆市	涪陵区	这里是日志信息......
2022-09-16 17:15:51.883068	[WARN]	barcode_service.py	响应时间:108ms	天津市	河东区	这里是日志信息......
2022-09-16 17:15:51.883068	[INFO]	user_manager.py	响应时间:39ms	山东省	菏泽市	这里是日志信息......
2022-09-16 17:15:51.883068	[INFO]	event.py	响应时间:224ms	上海市	杨浦区	这里是日志信息......
2022-09-16 17:15:51.883068	[INFO]	base_network.py	响应时间:546ms	湖南省	张家界市	这里是日志信息......
2022-09-16 17:15:51.883068	[INFO]	orders_service.py	响应时间:111ms	广东省	广州市	这里是日志信息......
2022-09-16 17:15:51.883068	[INFO]	event.py	响应时间:999ms	重庆市	万州区	这里是日志信息......
2022-09-16 17:15:51.883068	[INFO]	user_manager.py	响应时间:916ms	重庆市	南岸区	这里是日志信息......
2022-09-16 17:15:51.883068	[INFO]	shop_manager.py	响应时间:861ms	江苏省	南京市	这里是日志信息......
2022-09-16 17:15:51.883068	[INFO]	event.py	响应时间:637ms	湖北省	荆州市	这里是日志信息......
2022-09-16 17:15:51.883068	[WARN]	user_manager.py	响应时间:97ms	湖南省	株洲市	这里是日志信息......
2022-09-16 17:15:51.883068	[INFO]	user_manager.py	响应时间:956ms	湖北省	武汉市	这里是日志信息......
2022-09-16 17:15:51.883068	[ERROR]	orders_service.py	响应时间:373ms	北京市	昌平区	这里是日志信息......
2022-09-16 17:15:51.883068	[INFO]	shop_manager.py	响应时间:525ms	浙江省	绍兴市	这里是日志信息......
2022-09-16 17:15:51.883068	[WARN]	barcode_service.py	响应时间:573ms	湖南省	长沙市	这里是日志信息......
2022-09-16 17:15:51.883068	[INFO]	base_network.py	响应时间:318ms	重庆市	南岸区	这里是日志信息......
2022-09-16 17:15:51.883068	[WARN]	event.py	响应时间:226ms	重庆市	渝中区	这里是日志信息......
2022-09-16 17:15:51.883068	[WARN]	orders_service.py	响应时间:1159ms	重庆市	南岸区	这里是日志信息......
2022-09-16 17:15:51.883068	[INFO]	user_manager.py	响应时间:481ms	江苏省	常州市	这里是日志信息......
2022-09-16 17:15:51.883068	[INFO]	orders_service.py	响应时间:611ms	广东省	珠海市	这里是日志信息......
2022-09-16 17:15:51.883068	[WARN]	goods_manager.py	响应时间:737ms	江苏省	苏州市	这里是日志信息......
2022-09-16 17:15:51.883068	[INFO]	barcode_service.py	响应时间:515ms	浙江省	杭州市	这里是日志信息......
2022-09-16 17:15:51.883068	[INFO]	orders_service.py	响应时间:993ms	北京市	海淀区	这里是日志信息......
2022-09-16 17:15:51.883068	[INFO]	goods_manager.py	响应时间:691ms	湖北省	十堰市	这里是日志信息......
2022-09-16 17:15:51.883068	[INFO]	event.py	响应时间:661ms	上海市	浦东新区	这里是日志信息......
2022-09-16 17:15:51.883068	[WARN]	user_manager.py	响应时间:182ms	山东省	菏泽市	这里是日志信息......
2022-09-16 17:15:51.883068	[INFO]	goods_manager.py	响应时间:621ms	山东省	菏泽市	这里是日志信息......
2022-09-16 17:15:51.883068	[INFO]	base_network.py	响应时间:867ms	湖南省	张家界市	这里是日志信息......
2022-09-16 17:15:51.883068	[INFO]	barcode_service.py	响应时间:61ms	山东省	济南市	这里是日志信息......
2022-09-16 17:15:51.883068	[INFO]	event.py	响应时间:684ms	重庆市	涪陵区	这里是日志信息......
2022-09-16 17:15:51.883068	[INFO]	goods_manager.py	响应时间:439ms	广东省	广州市	这里是日志信息......
2022-09-16 17:15:51.883068	[INFO]	base_network.py	响应时间:533ms	天津市	河东区	这里是日志信息......
2022-09-16 17:15:51.883068	[INFO]	event.py	响应时间:153ms	山东省	青岛市	这里是日志信息......
2022-09-16 17:15:51.883068	[INFO]	goods_manager.py	响应时间:732ms	北京市	朝阳区	这里是日志信息......
2022-09-16 17:15:51.883068	[INFO]	user_manager.py	响应时间:125ms	广东省	深圳市	这里是日志信息......
2022-09-16 17:15:51.883068	[INFO]	shop_manager.py	响应时间:544ms	上海市	浦东新区	这里是日志信息......
2022-09-16 17:15:51.883068	[INFO]	orders_service.py	响应时间:66ms	重庆市	南岸区	这里是日志信息......
2022-09-16 17:15:51.883068	[INFO]	orders_service.py	响应时间:367ms	湖北省	恩施土家族苗族自治州	这里是日志信息......
2022-09-16 17:15:51.884081	[INFO]	goods_manager.py	响应时间:709ms	重庆市	沙坪坝区	这里是日志信息......
2022-09-16 17:15:51.884081	[INFO]	goods_manager.py	响应时间:713ms	安徽省	芜湖市	这里是日志信息......
2022-09-16 17:15:51.884081	[INFO]	event.py	响应时间:44ms	浙江省	舟山市	这里是日志信息......
2022-09-16 17:15:51.884081	[INFO]	event.py	响应时间:905ms	湖南省	长沙市	这里是日志信息......
2022-09-16 17:15:51.884081	[INFO]	orders_service.py	响应时间:651ms	江苏省	宿迁市	这里是日志信息......
2022-09-16 17:15:51.884081	[WARN]	orders_service.py	响应时间:516ms	安徽省	阜阳市	这里是日志信息......
2022-09-16 17:15:51.884081	[ERROR]	base_network.py	响应时间:5690ms	江苏省	南京市	这里是日志信息......
2022-09-16 17:15:51.884081	[INFO]	orders_service.py	响应时间:299ms	浙江省	杭州市	这里是日志信息......
2022-09-16 17:15:51.884081	[INFO]	goods_manager.py	响应时间:476ms	天津市	河东区	这里是日志信息......
2022-09-16 17:15:51.884081	[WARN]	shop_manager.py	响应时间:357ms	重庆市	涪陵区	这里是日志信息......
2022-09-16 17:15:51.884081	[INFO]	orders_service.py	响应时间:949ms	山东省	菏泽市	这里是日志信息......
2022-09-16 17:15:51.884081	[INFO]	orders_service.py	响应时间:668ms	湖南省	株洲市	这里是日志信息......
2022-09-16 17:15:51.884081	[WARN]	event.py	响应时间:462ms	浙江省	舟山市	这里是日志信息......
2022-09-16 17:15:51.884081	[INFO]	event.py	响应时间:664ms	浙江省	湖州市	这里是日志信息......
2022-09-16 17:15:51.884081	[INFO]	goods_manager.py	响应时间:479ms	山东省	菏泽市	这里是日志信息......
2022-09-16 17:15:51.884081	[INFO]	event.py	响应时间:718ms	江苏省	苏州市	这里是日志信息......
2022-09-16 17:15:51.884081	[INFO]	barcode_service.py	响应时间:588ms	江苏省	南京市	这里是日志信息......
2022-09-16 17:15:51.884081	[INFO]	orders_service.py	响应时间:456ms	江苏省	常州市	这里是日志信息......
2022-09-16 17:15:51.884081	[INFO]	barcode_service.py	响应时间:949ms	天津市	河东区	这里是日志信息......
2022-09-16 17:15:51.884081	[INFO]	goods_manager.py	响应时间:820ms	山东省	青岛市	这里是日志信息......
2022-09-16 17:15:51.884081	[INFO]	orders_service.py	响应时间:341ms	浙江省	绍兴市	这里是日志信息......
2022-09-16 17:15:51.884081	[INFO]	orders_service.py	响应时间:16ms	北京市	海淀区	这里是日志信息......
2022-09-16 17:15:51.884081	[INFO]	orders_service.py	响应时间:974ms	湖北省	荆州市	这里是日志信息......
2022-09-16 17:15:51.884081	[INFO]	orders_service.py	响应时间:959ms	湖北省	荆州市	这里是日志信息......
2022-09-16 17:15:51.884081	[INFO]	barcode_service.py	响应时间:276ms	北京市	丰台区	这里是日志信息......
2022-09-16 17:15:51.884081	[INFO]	goods_manager.py	响应时间:673ms	天津市	和平区	这里是日志信息......
2022-09-16 17:15:51.884081	[INFO]	goods_manager.py	响应时间:217ms	浙江省	杭州市	这里是日志信息......
2022-09-16 17:15:51.884081	[INFO]	base_network.py	响应时间:308ms	江苏省	苏州市	这里是日志信息......
2022-09-16 17:15:51.884081	[INFO]	base_network.py	响应时间:519ms	山东省	菏泽市	这里是日志信息......
2022-09-16 17:15:51.884081	[INFO]	goods_manager.py	响应时间:844ms	浙江省	嘉兴市	这里是日志信息......
2022-09-16 17:15:51.884081	[INFO]	goods_manager.py	响应时间:754ms	浙江省	湖州市	这里是日志信息......
2022-09-16 17:15:51.884081	[INFO]	user_manager.py	响应时间:662ms	北京市	大兴区	这里是日志信息......
2022-09-16 17:15:51.884081	[INFO]	orders_service.py	响应时间:720ms	天津市	武清区	这里是日志信息......
2022-09-16 17:15:51.884081	[INFO]	orders_service.py	响应时间:525ms	安徽省	阜阳市	这里是日志信息......
2022-09-16 17:15:51.884081	[INFO]	event.py	响应时间:978ms	山东省	青岛市	这里是日志信息......
2022-09-16 17:15:51.884081	[INFO]	barcode_service.py	响应时间:155ms	江苏省	南京市	这里是日志信息......
2022-09-16 17:15:51.884081	[WARN]	shop_manager.py	响应时间:40ms	湖南省	长沙市	这里是日志信息......
2022-09-16 17:15:51.884081	[INFO]	shop_manager.py	响应时间:253ms	北京市	大兴区	这里是日志信息......
2022-09-16 17:15:51.884081	[INFO]	orders_service.py	响应时间:454ms	浙江省	绍兴市	这里是日志信息......
2022-09-16 17:15:51.884081	[INFO]	base_network.py	响应时间:29ms	安徽省	铜陵市	这里是日志信息......
2022-09-16 17:15:51.884081	[INFO]	orders_service.py	响应时间:537ms	湖北省	十堰市	这里是日志信息......
2022-09-16 17:15:51.884081	[WARN]	event.py	响应时间:172ms	浙江省	丽水市	这里是日志信息......
2022-09-16 17:15:51.884081	[INFO]	barcode_service.py	响应时间:814ms	安徽省	阜阳市	这里是日志信息......
2022-09-16 17:15:51.884081	[INFO]	goods_manager.py	响应时间:706ms	上海市	杨浦区	这里是日志信息......
2022-09-16 17:15:51.884081	[INFO]	barcode_service.py	响应时间:966ms	江苏省	苏州市	这里是日志信息......
2022-09-16 17:15:51.884081	[INFO]	event.py	响应时间:503ms	湖北省	十堰市	这里是日志信息......
2022-09-16 17:15:51.884081	[INFO]	goods_manager.py	响应时间:143ms	江苏省	苏州市	这里是日志信息......
2022-09-16 17:15:51.884081	[INFO]	barcode_service.py	响应时间:683ms	广东省	珠海市	这里是日志信息......
2022-09-16 17:15:51.884081	[INFO]	user_manager.py	响应时间:690ms	天津市	和平区	这里是日志信息......
2022-09-16 17:15:51.884081	[INFO]	event.py	响应时间:317ms	天津市	河西区	这里是日志信息......
2022-09-16 17:15:51.884081	[INFO]	goods_manager.py	响应时间:588ms	浙江省	湖州市	这里是日志信息......
2022-09-16 17:15:51.884081	[INFO]	event.py	响应时间:860ms	天津市	和平区	这里是日志信息......
2022-09-16 17:15:51.884081	[INFO]	user_manager.py	响应时间:217ms	山东省	济南市	这里是日志信息......
2022-09-16 17:15:51.884081	[INFO]	barcode_service.py	响应时间:727ms	湖南省	长沙市	这里是日志信息......
2022-09-16 17:15:51.884081	[INFO]	barcode_service.py	响应时间:845ms	天津市	宝坻区	这里是日志信息......
2022-09-16 17:15:51.884081	[INFO]	user_manager.py	响应时间:756ms	江苏省	南京市	这里是日志信息......
2022-09-16 17:15:51.884081	[INFO]	barcode_service.py	响应时间:365ms	广东省	深圳市	这里是日志信息......
2022-09-16 17:15:51.884081	[INFO]	goods_manager.py	响应时间:240ms	广东省	深圳市	这里是日志信息......
2022-09-16 17:15:51.884081	[INFO]	user_manager.py	响应时间:112ms	湖南省	长沙市	这里是日志信息......
2022-09-16 17:15:51.884081	[INFO]	barcode_service.py	响应时间:733ms	浙江省	湖州市	这里是日志信息......
2022-09-16 17:15:51.884081	[INFO]	base_network.py	响应时间:850ms	北京市	海淀区	这里是日志信息......
2022-09-16 17:15:51.884081	[ERROR]	user_manager.py	响应时间:798ms	广东省	广州市	这里是日志信息......
2022-09-16 17:15:51.884081	[INFO]	orders_service.py	响应时间:466ms	北京市	大兴区	这里是日志信息......
2022-09-16 17:15:51.884081	[INFO]	barcode_service.py	响应时间:204ms	广东省	珠海市	这里是日志信息......
2022-09-16 17:15:51.884081	[INFO]	event.py	响应时间:32ms	浙江省	湖州市	这里是日志信息......
2022-09-16 17:15:51.884081	[INFO]	user_manager.py	响应时间:451ms	江苏省	苏州市	这里是日志信息......
2022-09-16 17:15:51.884081	[INFO]	orders_service.py	响应时间:975ms	湖南省	长沙市	这里是日志信息......
2022-09-16 17:15:51.884081	[INFO]	goods_manager.py	响应时间:296ms	重庆市	南岸区	这里是日志信息......
2022-09-16 17:15:51.884081	[WARN]	barcode_service.py	响应时间:936ms	浙江省	杭州市	这里是日志信息......
2022-09-16 17:15:51.884081	[INFO]	user_manager.py	响应时间:744ms	广东省	深圳市	这里是日志信息......
2022-09-16 17:15:51.884081	[INFO]	event.py	响应时间:66ms	湖南省	长沙市	这里是日志信息......
2022-09-16 17:15:51.884081	[INFO]	orders_service.py	响应时间:172ms	广东省	广州市	这里是日志信息......
2022-09-16 17:15:51.885082	[INFO]	event.py	响应时间:475ms	天津市	武清区	这里是日志信息......
2022-09-16 17:15:51.885082	[INFO]	orders_service.py	响应时间:499ms	北京市	海淀区	这里是日志信息......
2022-09-16 17:15:51.885082	[INFO]	orders_service.py	响应时间:228ms	江苏省	南京市	这里是日志信息......
2022-09-16 17:15:51.885082	[INFO]	user_manager.py	响应时间:124ms	天津市	河西区	这里是日志信息......
2022-09-16 17:15:51.885082	[INFO]	shop_manager.py	响应时间:217ms	湖南省	张家界市	这里是日志信息......
2022-09-16 17:15:51.885082	[INFO]	orders_service.py	响应时间:818ms	天津市	武清区	这里是日志信息......
2022-09-16 17:15:51.885082	[INFO]	orders_service.py	响应时间:868ms	湖南省	长沙市	这里是日志信息......
2022-09-16 17:15:51.885082	[WARN]	goods_manager.py	响应时间:122ms	天津市	和平区	这里是日志信息......
2022-09-16 17:15:51.885082	[INFO]	event.py	响应时间:192ms	安徽省	合肥市	这里是日志信息......
2022-09-16 17:15:51.885082	[INFO]	user_manager.py	响应时间:345ms	山东省	济南市	这里是日志信息......
2022-09-16 17:15:51.885082	[INFO]	goods_manager.py	响应时间:186ms	湖北省	十堰市	这里是日志信息......
2022-09-16 17:15:51.885082	[INFO]	orders_service.py	响应时间:658ms	重庆市	沙坪坝区	这里是日志信息......
2022-09-16 17:15:51.885082	[INFO]	event.py	响应时间:222ms	上海市	黄浦区	这里是日志信息......
2022-09-16 17:15:51.885082	[INFO]	barcode_service.py	响应时间:620ms	湖南省	株洲市	这里是日志信息......
2022-09-16 17:15:51.885082	[INFO]	event.py	响应时间:820ms	上海市	浦东新区	这里是日志信息......
2022-09-16 17:15:51.885082	[WARN]	shop_manager.py	响应时间:507ms	安徽省	阜阳市	这里是日志信息......
2022-09-16 17:15:51.885082	[INFO]	goods_manager.py	响应时间:943ms	江苏省	南京市	这里是日志信息......
2022-09-16 17:15:51.885082	[WARN]	goods_manager.py	响应时间:307ms	山东省	青岛市	这里是日志信息......
2022-09-16 17:15:51.885082	[INFO]	shop_manager.py	响应时间:846ms	湖北省	武汉市	这里是日志信息......
2022-09-16 17:15:51.885082	[INFO]	base_network.py	响应时间:415ms	广东省	珠海市	这里是日志信息......
2022-09-16 17:15:51.885082	[WARN]	event.py	响应时间:140ms	浙江省	绍兴市	这里是日志信息......
2022-09-16 17:15:51.885082	[INFO]	orders_service.py	响应时间:498ms	浙江省	绍兴市	这里是日志信息......
2022-09-16 17:15:51.885082	[INFO]	event.py	响应时间:103ms	湖南省	益阳市	这里是日志信息......
2022-09-16 17:15:51.885082	[INFO]	orders_service.py	响应时间:540ms	山东省	济南市	这里是日志信息......
2022-09-16 17:15:51.885082	[INFO]	base_network.py	响应时间:199ms	湖北省	荆州市	这里是日志信息......
2022-09-16 17:15:51.885082	[INFO]	orders_service.py	响应时间:799ms	湖南省	长沙市	这里是日志信息......
2022-09-16 17:15:51.885082	[INFO]	user_manager.py	响应时间:813ms	江苏省	常州市	这里是日志信息......
2022-09-16 17:15:51.885082	[INFO]	goods_manager.py	响应时间:777ms	安徽省	阜阳市	这里是日志信息......
2022-09-16 17:15:51.885082	[INFO]	user_manager.py	响应时间:114ms	江苏省	无锡市	这里是日志信息......
2022-09-16 17:15:51.885082	[INFO]	goods_manager.py	响应时间:592ms	浙江省	杭州市	这里是日志信息......
2022-09-16 17:15:51.885082	[INFO]	orders_service.py	响应时间:378ms	广东省	深圳市	这里是日志信息......
2022-09-16 17:15:51.885082	[INFO]	goods_manager.py	响应时间:333ms	北京市	海淀区	这里是日志信息......
2022-09-16 17:15:51.885082	[INFO]	orders_service.py	响应时间:798ms	广东省	深圳市	这里是日志信息......
2022-09-16 17:15:51.885082	[INFO]	event.py	响应时间:207ms	广东省	深圳市	这里是日志信息......
2022-09-16 17:15:51.885082	[INFO]	event.py	响应时间:282ms	湖南省	长沙市	这里是日志信息......
2022-09-16 17:15:51.885082	[INFO]	event.py	响应时间:368ms	重庆市	渝中区	这里是日志信息......
2022-09-16 17:15:51.885082	[INFO]	user_manager.py	响应时间:471ms	天津市	河西区	这里是日志信息......
2022-09-16 17:15:51.885082	[INFO]	barcode_service.py	响应时间:602ms	上海市	浦东新区	这里是日志信息......
2022-09-16 17:15:51.885082	[INFO]	barcode_service.py	响应时间:980ms	广东省	深圳市	这里是日志信息......
2022-09-16 17:15:51.885082	[ERROR]	goods_manager.py	响应时间:152ms	江苏省	南京市	这里是日志信息......
2022-09-16 17:15:51.885082	[INFO]	user_manager.py	响应时间:993ms	上海市	宝山区	这里是日志信息......
2022-09-16 17:15:51.885082	[INFO]	user_manager.py	响应时间:303ms	重庆市	涪陵区	这里是日志信息......
2022-09-16 17:15:51.885082	[INFO]	event.py	响应时间:349ms	江苏省	苏州市	这里是日志信息......
2022-09-16 17:15:51.885082	[INFO]	orders_service.py	响应时间:883ms	湖北省	十堰市	这里是日志信息......
2022-09-16 17:15:51.885082	[WARN]	goods_manager.py	响应时间:79ms	浙江省	金华市	这里是日志信息......
2022-09-16 17:15:51.885082	[WARN]	event.py	响应时间:78ms	天津市	和平区	这里是日志信息......
2022-09-16 17:15:51.885082	[INFO]	goods_manager.py	响应时间:162ms	天津市	宝坻区	这里是日志信息......
2022-09-16 17:15:51.885082	[INFO]	orders_service.py	响应时间:425ms	湖南省	株洲市	这里是日志信息......
2022-09-16 17:15:51.885082	[INFO]	user_manager.py	响应时间:749ms	北京市	怀柔区	这里是日志信息......
2022-09-16 17:15:51.885082	[INFO]	goods_manager.py	响应时间:302ms	湖北省	武汉市	这里是日志信息......
2022-09-16 17:15:51.885082	[INFO]	event.py	响应时间:1628ms	天津市	河东区	这里是日志信息......
2022-09-16 17:15:51.885082	[INFO]	orders_service.py	响应时间:113ms	北京市	昌平区	这里是日志信息......
2022-09-16 17:15:51.885082	[WARN]	barcode_service.py	响应时间:449ms	湖北省	恩施土家族苗族自治州	这里是日志信息......
2022-09-16 17:15:51.885082	[INFO]	event.py	响应时间:166ms	湖南省	益阳市	这里是日志信息......
2022-09-16 17:15:51.885082	[INFO]	event.py	响应时间:289ms	浙江省	嘉兴市	这里是日志信息......
2022-09-16 17:15:51.885082	[INFO]	orders_service.py	响应时间:280ms	湖南省	长沙市	这里是日志信息......
2022-09-16 17:15:51.885082	[INFO]	barcode_service.py	响应时间:358ms	湖北省	恩施土家族苗族自治州	这里是日志信息......
2022-09-16 17:15:51.885082	[INFO]	goods_manager.py	响应时间:964ms	安徽省	池州市	这里是日志信息......
2022-09-16 17:15:51.885082	[INFO]	event.py	响应时间:448ms	江苏省	南京市	这里是日志信息......
2022-09-16 17:15:51.885082	[INFO]	user_manager.py	响应时间:320ms	湖南省	长沙市	这里是日志信息......
2022-09-16 17:15:51.885082	[INFO]	event.py	响应时间:166ms	天津市	和平区	这里是日志信息......
2022-09-16 17:15:51.885082	[INFO]	goods_manager.py	响应时间:748ms	广东省	广州市	这里是日志信息......
2022-09-16 17:15:51.885082	[INFO]	shop_manager.py	响应时间:815ms	北京市	海淀区	这里是日志信息......
2022-09-16 17:15:51.885082	[INFO]	shop_manager.py	响应时间:187ms	上海市	静安区	这里是日志信息......
2022-09-16 17:15:51.885082	[INFO]	goods_manager.py	响应时间:486ms	上海市	杨浦区	这里是日志信息......
2022-09-16 17:15:51.885082	[INFO]	orders_service.py	响应时间:4802ms	广东省	珠海市	这里是日志信息......
2022-09-16 17:15:51.885082	[INFO]	event.py	响应时间:260ms	浙江省	绍兴市	这里是日志信息......
2022-09-16 17:15:51.885082	[INFO]	shop_manager.py	响应时间:417ms	广东省	广州市	这里是日志信息......
2022-09-16 17:15:51.885082	[INFO]	goods_manager.py	响应时间:758ms	天津市	河东区	这里是日志信息......
2022-09-16 17:15:51.886082	[INFO]	event.py	响应时间:709ms	广东省	深圳市	这里是日志信息......
2022-09-16 17:15:51.886082	[INFO]	base_network.py	响应时间:505ms	天津市	武清区	这里是日志信息......
2022-09-16 17:15:51.886082	[INFO]	orders_service.py	响应时间:332ms	江苏省	苏州市	这里是日志信息......
2022-09-16 17:15:51.886082	[INFO]	orders_service.py	响应时间:789ms	北京市	怀柔区	这里是日志信息......
2022-09-16 17:15:51.886082	[INFO]	goods_manager.py	响应时间:457ms	山东省	济南市	这里是日志信息......
2022-09-16 17:15:51.886082	[INFO]	barcode_service.py	响应时间:237ms	北京市	昌平区	这里是日志信息......
2022-09-16 17:15:51.886082	[INFO]	barcode_service.py	响应时间:421ms	安徽省	池州市	这里是日志信息......
2022-09-16 17:15:51.886082	[INFO]	base_network.py	响应时间:22ms	广东省	广州市	这里是日志信息......
2022-09-16 17:15:51.886082	[INFO]	event.py	响应时间:96ms	湖南省	长沙市	这里是日志信息......
2022-09-16 17:15:51.886082	[ERROR]	orders_service.py	响应时间:904ms	湖北省	荆州市	这里是日志信息......
2022-09-16 17:15:51.886082	[INFO]	event.py	响应时间:987ms	湖北省	武汉市	这里是日志信息......
2022-09-16 17:15:51.886082	[INFO]	event.py	响应时间:517ms	广东省	深圳市	这里是日志信息......
2022-09-16 17:15:51.886082	[INFO]	barcode_service.py	响应时间:203ms	江苏省	无锡市	这里是日志信息......
2022-09-16 17:15:51.886082	[INFO]	event.py	响应时间:176ms	广东省	深圳市	这里是日志信息......
2022-09-16 17:15:51.886082	[INFO]	user_manager.py	响应时间:563ms	北京市	大兴区	这里是日志信息......
2022-09-16 17:15:51.886082	[INFO]	user_manager.py	响应时间:792ms	湖北省	武汉市	这里是日志信息......
2022-09-16 17:15:51.886082	[INFO]	event.py	响应时间:541ms	安徽省	六安市	这里是日志信息......
2022-09-16 17:15:51.886082	[INFO]	barcode_service.py	响应时间:335ms	江苏省	南京市	这里是日志信息......
2022-09-16 17:15:51.886082	[WARN]	barcode_service.py	响应时间:215ms	天津市	宝坻区	这里是日志信息......
2022-09-16 17:15:51.886082	[INFO]	barcode_service.py	响应时间:757ms	安徽省	池州市	这里是日志信息......
2022-09-16 17:15:51.886082	[INFO]	event.py	响应时间:521ms	湖北省	荆州市	这里是日志信息......
2022-09-16 17:15:51.886082	[WARN]	event.py	响应时间:307ms	天津市	和平区	这里是日志信息......
2022-09-16 17:15:51.886082	[INFO]	goods_manager.py	响应时间:954ms	安徽省	六安市	这里是日志信息......
2022-09-16 17:15:51.886082	[INFO]	orders_service.py	响应时间:929ms	广东省	广州市	这里是日志信息......
2022-09-16 17:15:51.886082	[ERROR]	event.py	响应时间:343ms	江苏省	常州市	这里是日志信息......
2022-09-16 17:15:51.886082	[INFO]	barcode_service.py	响应时间:717ms	北京市	海淀区	这里是日志信息......
2022-09-16 17:15:51.886082	[INFO]	event.py	响应时间:613ms	江苏省	张家港市	这里是日志信息......
2022-09-16 17:15:51.886082	[INFO]	event.py	响应时间:564ms	广东省	深圳市	这里是日志信息......
2022-09-16 17:15:51.886082	[ERROR]	event.py	响应时间:752ms	天津市	武清区	这里是日志信息......
2022-09-16 17:15:51.886082	[INFO]	user_manager.py	响应时间:33ms	浙江省	杭州市	这里是日志信息......
2022-09-16 17:15:51.886082	[INFO]	event.py	响应时间:983ms	安徽省	阜阳市	这里是日志信息......
2022-09-16 17:15:51.886082	[INFO]	goods_manager.py	响应时间:358ms	湖北省	十堰市	这里是日志信息......
2022-09-16 17:15:51.886082	[WARN]	barcode_service.py	响应时间:992ms	湖南省	长沙市	这里是日志信息......
2022-09-16 17:15:51.886082	[INFO]	shop_manager.py	响应时间:169ms	广东省	深圳市	这里是日志信息......
2022-09-16 17:15:51.886082	[ERROR]	goods_manager.py	响应时间:6659ms	重庆市	万州区	这里是日志信息......
2022-09-16 17:15:51.886082	[WARN]	user_manager.py	响应时间:920ms	山东省	济南市	这里是日志信息......
2022-09-16 17:15:51.886082	[INFO]	goods_manager.py	响应时间:215ms	湖北省	武汉市	这里是日志信息......
2022-09-16 17:15:51.886082	[INFO]	orders_service.py	响应时间:215ms	重庆市	南岸区	这里是日志信息......
2022-09-16 17:15:51.886082	[INFO]	user_manager.py	响应时间:13ms	江苏省	苏州市	这里是日志信息......
2022-09-16 17:15:51.886082	[INFO]	event.py	响应时间:339ms	湖北省	武汉市	这里是日志信息......
2022-09-16 17:15:51.886082	[WARN]	event.py	响应时间:367ms	北京市	怀柔区	这里是日志信息......
2022-09-16 17:15:51.886082	[INFO]	shop_manager.py	响应时间:990ms	湖北省	武汉市	这里是日志信息......
2022-09-16 17:15:51.886082	[INFO]	user_manager.py	响应时间:393ms	江苏省	南京市	这里是日志信息......
2022-09-16 17:15:51.886082	[INFO]	user_manager.py	响应时间:938ms	山东省	济南市	这里是日志信息......
2022-09-16 17:15:51.886082	[INFO]	barcode_service.py	响应时间:830ms	重庆市	九龙坡区	这里是日志信息......
2022-09-16 17:15:51.886082	[INFO]	goods_manager.py	响应时间:452ms	浙江省	湖州市	这里是日志信息......
2022-09-16 17:15:51.886082	[ERROR]	user_manager.py	响应时间:91ms	安徽省	合肥市	这里是日志信息......
2022-09-16 17:15:51.886082	[INFO]	base_network.py	响应时间:125ms	浙江省	杭州市	这里是日志信息......
2022-09-16 17:15:51.886082	[WARN]	user_manager.py	响应时间:543ms	广东省	深圳市	这里是日志信息......
2022-09-16 17:15:51.886082	[INFO]	event.py	响应时间:326ms	广东省	深圳市	这里是日志信息......
2022-09-16 17:15:51.886082	[INFO]	orders_service.py	响应时间:887ms	浙江省	嘉兴市	这里是日志信息......
2022-09-16 17:15:51.886082	[INFO]	shop_manager.py	响应时间:722ms	天津市	和平区	这里是日志信息......
2022-09-16 17:15:51.886082	[INFO]	orders_service.py	响应时间:315ms	广东省	深圳市	这里是日志信息......
2022-09-16 17:15:51.886082	[INFO]	orders_service.py	响应时间:635ms	天津市	宝坻区	这里是日志信息......
2022-09-16 17:15:51.886082	[INFO]	barcode_service.py	响应时间:286ms	湖南省	长沙市	这里是日志信息......
2022-09-16 17:15:51.886082	[INFO]	goods_manager.py	响应时间:237ms	天津市	和平区	这里是日志信息......
2022-09-16 17:15:51.886082	[INFO]	event.py	响应时间:673ms	重庆市	万州区	这里是日志信息......
2022-09-16 17:15:51.886082	[INFO]	goods_manager.py	响应时间:666ms	湖南省	长沙市	这里是日志信息......
2022-09-16 17:15:51.886082	[INFO]	goods_manager.py	响应时间:717ms	广东省	广州市	这里是日志信息......
2022-09-16 17:15:51.886082	[INFO]	event.py	响应时间:236ms	湖南省	张家界市	这里是日志信息......
2022-09-16 17:15:51.886082	[INFO]	event.py	响应时间:806ms	山东省	菏泽市	这里是日志信息......
2022-09-16 17:15:51.886082	[INFO]	goods_manager.py	响应时间:439ms	湖南省	张家界市	这里是日志信息......
2022-09-16 17:15:51.886082	[INFO]	event.py	响应时间:790ms	天津市	河东区	这里是日志信息......
2022-09-16 17:15:51.886082	[INFO]	orders_service.py	响应时间:465ms	湖北省	荆州市	这里是日志信息......
2022-09-16 17:15:51.887082	[INFO]	base_network.py	响应时间:114ms	安徽省	合肥市	这里是日志信息......
2022-09-16 17:15:51.887082	[INFO]	orders_service.py	响应时间:394ms	广东省	深圳市	这里是日志信息......
2022-09-16 17:15:51.887082	[WARN]	goods_manager.py	响应时间:405ms	重庆市	九龙坡区	这里是日志信息......
2022-09-16 17:15:51.887082	[INFO]	goods_manager.py	响应时间:421ms	天津市	武清区	这里是日志信息......
2022-09-16 17:15:51.887082	[INFO]	base_network.py	响应时间:833ms	天津市	河东区	这里是日志信息......
2022-09-16 17:15:51.887082	[INFO]	barcode_service.py	响应时间:764ms	上海市	浦东新区	这里是日志信息......
2022-09-16 17:15:51.887082	[WARN]	goods_manager.py	响应时间:927ms	上海市	宝山区	这里是日志信息......
2022-09-16 17:15:51.887082	[WARN]	base_network.py	响应时间:693ms	湖北省	武汉市	这里是日志信息......
2022-09-16 17:15:51.887082	[ERROR]	barcode_service.py	响应时间:62ms	浙江省	杭州市	这里是日志信息......
2022-09-16 17:15:51.887082	[INFO]	user_manager.py	响应时间:72ms	上海市	浦东新区	这里是日志信息......
2022-09-16 17:15:51.887082	[INFO]	event.py	响应时间:724ms	重庆市	沙坪坝区	这里是日志信息......
2022-09-16 17:15:51.887082	[INFO]	orders_service.py	响应时间:733ms	湖南省	长沙市	这里是日志信息......
2022-09-16 17:15:51.887082	[INFO]	barcode_service.py	响应时间:640ms	重庆市	南岸区	这里是日志信息......
2022-09-16 17:15:51.887082	[INFO]	event.py	响应时间:130ms	湖南省	长沙市	这里是日志信息......
2022-09-16 17:15:51.887082	[INFO]	goods_manager.py	响应时间:885ms	江苏省	张家港市	这里是日志信息......
2022-09-16 17:15:51.887082	[INFO]	orders_service.py	响应时间:234ms	天津市	宝坻区	这里是日志信息......
2022-09-16 17:15:51.887082	[INFO]	barcode_service.py	响应时间:337ms	上海市	浦东新区	这里是日志信息......
2022-09-16 17:15:51.887082	[INFO]	base_network.py	响应时间:816ms	山东省	济南市	这里是日志信息......
2022-09-16 17:15:51.887082	[INFO]	orders_service.py	响应时间:789ms	江苏省	苏州市	这里是日志信息......
2022-09-16 17:15:51.887082	[INFO]	event.py	响应时间:30ms	上海市	黄浦区	这里是日志信息......
2022-09-16 17:15:51.887082	[INFO]	user_manager.py	响应时间:262ms	北京市	大兴区	这里是日志信息......
2022-09-16 17:15:51.887082	[INFO]	orders_service.py	响应时间:274ms	湖北省	武汉市	这里是日志信息......
2022-09-16 17:15:51.887082	[INFO]	barcode_service.py	响应时间:939ms	山东省	济南市	这里是日志信息......
2022-09-16 17:15:51.887082	[INFO]	orders_service.py	响应时间:49ms	江苏省	宿迁市	这里是日志信息......
2022-09-16 17:15:51.887082	[INFO]	orders_service.py	响应时间:169ms	重庆市	渝中区	这里是日志信息......
2022-09-16 17:15:51.887082	[INFO]	user_manager.py	响应时间:355ms	安徽省	芜湖市	这里是日志信息......
2022-09-16 17:15:51.887082	[INFO]	barcode_service.py	响应时间:656ms	湖南省	常德市	这里是日志信息......
2022-09-16 17:15:51.887082	[INFO]	event.py	响应时间:7ms	湖北省	武汉市	这里是日志信息......
2022-09-16 17:15:51.887082	[INFO]	base_network.py	响应时间:687ms	湖北省	武汉市	这里是日志信息......
2022-09-16 17:15:51.887082	[INFO]	base_network.py	响应时间:629ms	安徽省	合肥市	这里是日志信息......
2022-09-16 17:15:51.887082	[INFO]	base_network.py	响应时间:806ms	湖南省	长沙市	这里是日志信息......
2022-09-16 17:15:51.887082	[INFO]	user_manager.py	响应时间:114ms	安徽省	铜陵市	这里是日志信息......
2022-09-16 17:15:51.887082	[INFO]	base_network.py	响应时间:34ms	上海市	浦东新区	这里是日志信息......
2022-09-16 17:15:51.887082	[INFO]	event.py	响应时间:649ms	湖南省	长沙市	这里是日志信息......
2022-09-16 17:15:51.887082	[INFO]	orders_service.py	响应时间:313ms	湖北省	武汉市	这里是日志信息......
2022-09-16 17:15:51.887082	[INFO]	event.py	响应时间:144ms	湖南省	长沙市	这里是日志信息......
2022-09-16 17:15:51.887082	[INFO]	event.py	响应时间:469ms	湖南省	长沙市	这里是日志信息......
2022-09-16 17:15:51.887082	[INFO]	goods_manager.py	响应时间:955ms	浙江省	嘉兴市	这里是日志信息......
2022-09-16 17:15:51.887082	[INFO]	goods_manager.py	响应时间:722ms	天津市	武清区	这里是日志信息......
2022-09-16 17:15:51.887082	[INFO]	user_manager.py	响应时间:880ms	北京市	大兴区	这里是日志信息......
2022-09-16 17:15:51.887082	[INFO]	orders_service.py	响应时间:492ms	湖南省	株洲市	这里是日志信息......
2022-09-16 17:15:51.887082	[WARN]	base_network.py	响应时间:222ms	山东省	济南市	这里是日志信息......
2022-09-16 17:15:51.887082	[INFO]	goods_manager.py	响应时间:949ms	广东省	广州市	这里是日志信息......
2022-09-16 17:15:51.887082	[WARN]	goods_manager.py	响应时间:497ms	上海市	宝山区	这里是日志信息......
2022-09-16 17:15:51.887082	[INFO]	orders_service.py	响应时间:706ms	安徽省	池州市	这里是日志信息......
2022-09-16 17:15:51.887082	[WARN]	event.py	响应时间:982ms	湖南省	益阳市	这里是日志信息......
2022-09-16 17:15:51.887082	[INFO]	barcode_service.py	响应时间:684ms	重庆市	南岸区	这里是日志信息......
2022-09-16 17:15:51.887082	[INFO]	orders_service.py	响应时间:288ms	湖南省	长沙市	这里是日志信息......
2022-09-16 17:15:51.887082	[INFO]	barcode_service.py	响应时间:302ms	重庆市	南岸区	这里是日志信息......
2022-09-16 17:15:51.887082	[INFO]	barcode_service.py	响应时间:468ms	湖南省	长沙市	这里是日志信息......
2022-09-16 17:15:51.887082	[INFO]	shop_manager.py	响应时间:822ms	安徽省	池州市	这里是日志信息......
2022-09-16 17:15:51.887082	[INFO]	orders_service.py	响应时间:259ms	山东省	青岛市	这里是日志信息......
2022-09-16 17:15:51.887082	[INFO]	goods_manager.py	响应时间:9ms	北京市	朝阳区	这里是日志信息......
2022-09-16 17:15:51.887082	[INFO]	orders_service.py	响应时间:834ms	湖北省	荆州市	这里是日志信息......
