2022-09-16 17:15:54.929044	[INFO]	user_manager.py	响应时间:8559ms	重庆市	万州区	这里是日志信息......
2022-09-16 17:15:54.929044	[INFO]	event.py	响应时间:43ms	江苏省	南京市	这里是日志信息......
2022-09-16 17:15:54.929044	[INFO]	goods_manager.py	响应时间:78ms	湖南省	株洲市	这里是日志信息......
2022-09-16 17:15:54.929044	[WARN]	event.py	响应时间:696ms	广东省	深圳市	这里是日志信息......
2022-09-16 17:15:54.929044	[INFO]	user_manager.py	响应时间:267ms	天津市	和平区	这里是日志信息......
2022-09-16 17:15:54.929044	[INFO]	shop_manager.py	响应时间:699ms	湖北省	荆州市	这里是日志信息......
2022-09-16 17:15:54.929044	[INFO]	goods_manager.py	响应时间:494ms	浙江省	嘉兴市	这里是日志信息......
2022-09-16 17:15:54.929044	[INFO]	goods_manager.py	响应时间:125ms	安徽省	合肥市	这里是日志信息......
2022-09-16 17:15:54.929044	[INFO]	orders_service.py	响应时间:301ms	广东省	广州市	这里是日志信息......
2022-09-16 17:15:54.929044	[INFO]	orders_service.py	响应时间:79ms	重庆市	万州区	这里是日志信息......
2022-09-16 17:15:54.929044	[INFO]	event.py	响应时间:293ms	安徽省	铜陵市	这里是日志信息......
2022-09-16 17:15:54.929044	[INFO]	event.py	响应时间:298ms	天津市	河东区	这里是日志信息......
2022-09-16 17:15:54.929044	[INFO]	orders_service.py	响应时间:548ms	湖南省	长沙市	这里是日志信息......
2022-09-16 17:15:54.929044	[INFO]	barcode_service.py	响应时间:902ms	天津市	和平区	这里是日志信息......
2022-09-16 17:15:54.930050	[INFO]	barcode_service.py	响应时间:919ms	湖北省	武汉市	这里是日志信息......
2022-09-16 17:15:54.930050	[INFO]	shop_manager.py	响应时间:995ms	天津市	河东区	这里是日志信息......
2022-09-16 17:15:54.930050	[INFO]	event.py	响应时间:554ms	湖北省	武汉市	这里是日志信息......
2022-09-16 17:15:54.930050	[INFO]	orders_service.py	响应时间:629ms	北京市	海淀区	这里是日志信息......
2022-09-16 17:15:54.930050	[INFO]	orders_service.py	响应时间:662ms	重庆市	南岸区	这里是日志信息......
2022-09-16 17:15:54.930050	[INFO]	event.py	响应时间:754ms	江苏省	张家港市	这里是日志信息......
2022-09-16 17:15:54.930050	[INFO]	shop_manager.py	响应时间:228ms	安徽省	合肥市	这里是日志信息......
2022-09-16 17:15:54.930050	[INFO]	barcode_service.py	响应时间:846ms	山东省	青岛市	这里是日志信息......
2022-09-16 17:15:54.930050	[INFO]	event.py	响应时间:861ms	重庆市	沙坪坝区	这里是日志信息......
2022-09-16 17:15:54.930050	[INFO]	goods_manager.py	响应时间:985ms	上海市	浦东新区	这里是日志信息......
2022-09-16 17:15:54.930050	[INFO]	orders_service.py	响应时间:889ms	安徽省	芜湖市	这里是日志信息......
2022-09-16 17:15:54.930050	[ERROR]	goods_manager.py	响应时间:913ms	湖北省	武汉市	这里是日志信息......
2022-09-16 17:15:54.930050	[WARN]	user_manager.py	响应时间:297ms	安徽省	合肥市	这里是日志信息......
2022-09-16 17:15:54.930050	[INFO]	barcode_service.py	响应时间:834ms	浙江省	湖州市	这里是日志信息......
2022-09-16 17:15:54.930050	[INFO]	goods_manager.py	响应时间:692ms	上海市	普陀区	这里是日志信息......
2022-09-16 17:15:54.930050	[ERROR]	user_manager.py	响应时间:775ms	山东省	青岛市	这里是日志信息......
2022-09-16 17:15:54.930050	[WARN]	event.py	响应时间:935ms	湖南省	株洲市	这里是日志信息......
2022-09-16 17:15:54.930050	[INFO]	goods_manager.py	响应时间:342ms	上海市	普陀区	这里是日志信息......
2022-09-16 17:15:54.930050	[INFO]	goods_manager.py	响应时间:556ms	重庆市	万州区	这里是日志信息......
2022-09-16 17:15:54.930050	[INFO]	goods_manager.py	响应时间:185ms	上海市	杨浦区	这里是日志信息......
2022-09-16 17:15:54.930050	[INFO]	goods_manager.py	响应时间:5296ms	重庆市	沙坪坝区	这里是日志信息......
2022-09-16 17:15:54.930050	[ERROR]	orders_service.py	响应时间:966ms	江苏省	宿迁市	这里是日志信息......
2022-09-16 17:15:54.930050	[INFO]	user_manager.py	响应时间:268ms	湖南省	长沙市	这里是日志信息......
2022-09-16 17:15:54.930050	[INFO]	event.py	响应时间:378ms	山东省	菏泽市	这里是日志信息......
2022-09-16 17:15:54.930050	[INFO]	event.py	响应时间:574ms	天津市	河西区	这里是日志信息......
2022-09-16 17:15:54.930050	[ERROR]	goods_manager.py	响应时间:548ms	安徽省	铜陵市	这里是日志信息......
2022-09-16 17:15:54.930050	[INFO]	user_manager.py	响应时间:150ms	北京市	大兴区	这里是日志信息......
2022-09-16 17:15:54.930050	[WARN]	event.py	响应时间:876ms	湖南省	长沙市	这里是日志信息......
2022-09-16 17:15:54.931033	[INFO]	orders_service.py	响应时间:712ms	浙江省	杭州市	这里是日志信息......
2022-09-16 17:15:54.931033	[INFO]	shop_manager.py	响应时间:640ms	上海市	宝山区	这里是日志信息......
2022-09-16 17:15:54.931033	[INFO]	event.py	响应时间:7261ms	山东省	青岛市	这里是日志信息......
2022-09-16 17:15:54.931033	[INFO]	event.py	响应时间:202ms	重庆市	沙坪坝区	这里是日志信息......
2022-09-16 17:15:54.931033	[INFO]	user_manager.py	响应时间:7866ms	北京市	怀柔区	这里是日志信息......
2022-09-16 17:15:54.931033	[WARN]	user_manager.py	响应时间:978ms	湖北省	荆州市	这里是日志信息......
2022-09-16 17:15:54.931033	[INFO]	shop_manager.py	响应时间:150ms	安徽省	芜湖市	这里是日志信息......
2022-09-16 17:15:54.931033	[INFO]	base_network.py	响应时间:106ms	湖北省	武汉市	这里是日志信息......
2022-09-16 17:15:54.931033	[ERROR]	user_manager.py	响应时间:1444ms	广东省	珠海市	这里是日志信息......
2022-09-16 17:15:54.931033	[INFO]	event.py	响应时间:132ms	安徽省	池州市	这里是日志信息......
2022-09-16 17:15:54.931033	[WARN]	goods_manager.py	响应时间:710ms	天津市	和平区	这里是日志信息......
2022-09-16 17:15:54.931033	[INFO]	user_manager.py	响应时间:424ms	上海市	普陀区	这里是日志信息......
2022-09-16 17:15:54.931033	[INFO]	user_manager.py	响应时间:987ms	山东省	济南市	这里是日志信息......
2022-09-16 17:15:54.931033	[INFO]	shop_manager.py	响应时间:783ms	山东省	青岛市	这里是日志信息......
2022-09-16 17:15:54.931033	[INFO]	goods_manager.py	响应时间:815ms	天津市	河东区	这里是日志信息......
2022-09-16 17:15:54.931033	[INFO]	goods_manager.py	响应时间:778ms	上海市	宝山区	这里是日志信息......
2022-09-16 17:15:54.931033	[INFO]	event.py	响应时间:194ms	江苏省	南京市	这里是日志信息......
2022-09-16 17:15:54.931033	[INFO]	goods_manager.py	响应时间:914ms	重庆市	渝中区	这里是日志信息......
2022-09-16 17:15:54.931033	[ERROR]	orders_service.py	响应时间:342ms	上海市	杨浦区	这里是日志信息......
2022-09-16 17:15:54.931033	[INFO]	orders_service.py	响应时间:247ms	浙江省	嘉兴市	这里是日志信息......
2022-09-16 17:15:54.931033	[INFO]	goods_manager.py	响应时间:31ms	湖北省	恩施土家族苗族自治州	这里是日志信息......
2022-09-16 17:15:54.931033	[INFO]	shop_manager.py	响应时间:272ms	北京市	海淀区	这里是日志信息......
2022-09-16 17:15:54.931033	[INFO]	barcode_service.py	响应时间:643ms	山东省	菏泽市	这里是日志信息......
2022-09-16 17:15:54.931033	[INFO]	event.py	响应时间:649ms	浙江省	绍兴市	这里是日志信息......
2022-09-16 17:15:54.931033	[INFO]	goods_manager.py	响应时间:327ms	北京市	大兴区	这里是日志信息......
2022-09-16 17:15:54.931033	[INFO]	barcode_service.py	响应时间:717ms	浙江省	绍兴市	这里是日志信息......
2022-09-16 17:15:54.931033	[INFO]	goods_manager.py	响应时间:39ms	江苏省	张家港市	这里是日志信息......
2022-09-16 17:15:54.931033	[INFO]	user_manager.py	响应时间:721ms	上海市	徐汇区	这里是日志信息......
2022-09-16 17:15:54.931033	[INFO]	orders_service.py	响应时间:540ms	重庆市	万州区	这里是日志信息......
2022-09-16 17:15:54.931033	[INFO]	base_network.py	响应时间:676ms	江苏省	宿迁市	这里是日志信息......
2022-09-16 17:15:54.931033	[INFO]	user_manager.py	响应时间:4172ms	广东省	深圳市	这里是日志信息......
2022-09-16 17:15:54.931033	[INFO]	goods_manager.py	响应时间:512ms	湖南省	长沙市	这里是日志信息......
2022-09-16 17:15:54.931033	[WARN]	user_manager.py	响应时间:938ms	安徽省	合肥市	这里是日志信息......
2022-09-16 17:15:54.931033	[INFO]	shop_manager.py	响应时间:127ms	北京市	海淀区	这里是日志信息......
2022-09-16 17:15:54.931033	[WARN]	event.py	响应时间:61ms	安徽省	合肥市	这里是日志信息......
2022-09-16 17:15:54.931033	[WARN]	goods_manager.py	响应时间:392ms	上海市	浦东新区	这里是日志信息......
2022-09-16 17:15:54.931033	[INFO]	barcode_service.py	响应时间:741ms	北京市	朝阳区	这里是日志信息......
2022-09-16 17:15:54.931033	[WARN]	orders_service.py	响应时间:625ms	浙江省	杭州市	这里是日志信息......
2022-09-16 17:15:54.931033	[INFO]	shop_manager.py	响应时间:268ms	江苏省	南京市	这里是日志信息......
2022-09-16 17:15:54.931033	[INFO]	base_network.py	响应时间:561ms	湖南省	长沙市	这里是日志信息......
2022-09-16 17:15:54.931033	[ERROR]	goods_manager.py	响应时间:696ms	安徽省	池州市	这里是日志信息......
2022-09-16 17:15:54.931033	[INFO]	orders_service.py	响应时间:920ms	湖北省	十堰市	这里是日志信息......
2022-09-16 17:15:54.931033	[INFO]	shop_manager.py	响应时间:370ms	湖北省	恩施土家族苗族自治州	这里是日志信息......
2022-09-16 17:15:54.931033	[INFO]	orders_service.py	响应时间:906ms	天津市	武清区	这里是日志信息......
2022-09-16 17:15:54.931033	[INFO]	event.py	响应时间:364ms	北京市	海淀区	这里是日志信息......
2022-09-16 17:15:54.931033	[INFO]	goods_manager.py	响应时间:991ms	山东省	济南市	这里是日志信息......
2022-09-16 17:15:54.932045	[INFO]	user_manager.py	响应时间:837ms	重庆市	万州区	这里是日志信息......
2022-09-16 17:15:54.932045	[INFO]	user_manager.py	响应时间:467ms	北京市	昌平区	这里是日志信息......
2022-09-16 17:15:54.932045	[INFO]	event.py	响应时间:288ms	广东省	珠海市	这里是日志信息......
2022-09-16 17:15:54.932045	[WARN]	barcode_service.py	响应时间:431ms	湖北省	武汉市	这里是日志信息......
2022-09-16 17:15:54.932045	[INFO]	user_manager.py	响应时间:118ms	广东省	广州市	这里是日志信息......
2022-09-16 17:15:54.932045	[INFO]	event.py	响应时间:190ms	广东省	深圳市	这里是日志信息......
2022-09-16 17:15:54.932045	[INFO]	user_manager.py	响应时间:547ms	上海市	宝山区	这里是日志信息......
2022-09-16 17:15:54.932045	[INFO]	goods_manager.py	响应时间:370ms	山东省	青岛市	这里是日志信息......
2022-09-16 17:15:54.932045	[INFO]	user_manager.py	响应时间:442ms	北京市	朝阳区	这里是日志信息......
2022-09-16 17:15:54.932045	[INFO]	shop_manager.py	响应时间:610ms	上海市	普陀区	这里是日志信息......
2022-09-16 17:15:54.932045	[WARN]	orders_service.py	响应时间:301ms	天津市	河西区	这里是日志信息......
2022-09-16 17:15:54.932045	[INFO]	goods_manager.py	响应时间:483ms	江苏省	南京市	这里是日志信息......
2022-09-16 17:15:54.932045	[INFO]	base_network.py	响应时间:88ms	湖南省	张家界市	这里是日志信息......
2022-09-16 17:15:54.932045	[INFO]	user_manager.py	响应时间:773ms	广东省	珠海市	这里是日志信息......
2022-09-16 17:15:54.932045	[INFO]	event.py	响应时间:457ms	浙江省	湖州市	这里是日志信息......
2022-09-16 17:15:54.932045	[INFO]	orders_service.py	响应时间:743ms	江苏省	张家港市	这里是日志信息......
2022-09-16 17:15:54.932045	[INFO]	event.py	响应时间:107ms	湖南省	长沙市	这里是日志信息......
2022-09-16 17:15:54.932045	[INFO]	event.py	响应时间:646ms	上海市	浦东新区	这里是日志信息......
2022-09-16 17:15:54.932045	[INFO]	orders_service.py	响应时间:112ms	安徽省	铜陵市	这里是日志信息......
2022-09-16 17:15:54.932045	[INFO]	shop_manager.py	响应时间:79ms	山东省	济南市	这里是日志信息......
2022-09-16 17:15:54.932045	[ERROR]	event.py	响应时间:667ms	湖南省	张家界市	这里是日志信息......
2022-09-16 17:15:54.932045	[INFO]	barcode_service.py	响应时间:715ms	浙江省	绍兴市	这里是日志信息......
2022-09-16 17:15:54.932045	[INFO]	orders_service.py	响应时间:27ms	湖北省	恩施土家族苗族自治州	这里是日志信息......
2022-09-16 17:15:54.932045	[INFO]	orders_service.py	响应时间:752ms	安徽省	合肥市	这里是日志信息......
2022-09-16 17:15:54.932045	[INFO]	shop_manager.py	响应时间:76ms	江苏省	无锡市	这里是日志信息......
2022-09-16 17:15:54.932045	[WARN]	event.py	响应时间:882ms	浙江省	金华市	这里是日志信息......
2022-09-16 17:15:54.932045	[INFO]	goods_manager.py	响应时间:858ms	重庆市	涪陵区	这里是日志信息......
2022-09-16 17:15:54.932045	[INFO]	orders_service.py	响应时间:928ms	上海市	普陀区	这里是日志信息......
2022-09-16 17:15:54.932045	[INFO]	user_manager.py	响应时间:178ms	江苏省	南京市	这里是日志信息......
2022-09-16 17:15:54.932045	[INFO]	orders_service.py	响应时间:399ms	安徽省	池州市	这里是日志信息......
2022-09-16 17:15:54.932045	[WARN]	base_network.py	响应时间:942ms	湖北省	武汉市	这里是日志信息......
2022-09-16 17:15:54.932045	[INFO]	shop_manager.py	响应时间:844ms	山东省	青岛市	这里是日志信息......
2022-09-16 17:15:54.932045	[INFO]	goods_manager.py	响应时间:406ms	江苏省	苏州市	这里是日志信息......
2022-09-16 17:15:54.932045	[INFO]	event.py	响应时间:630ms	天津市	宝坻区	这里是日志信息......
2022-09-16 17:15:54.932045	[INFO]	orders_service.py	响应时间:525ms	广东省	广州市	这里是日志信息......
2022-09-16 17:15:54.932045	[INFO]	barcode_service.py	响应时间:744ms	山东省	菏泽市	这里是日志信息......
2022-09-16 17:15:54.932045	[INFO]	shop_manager.py	响应时间:894ms	广东省	广州市	这里是日志信息......
2022-09-16 17:15:54.932045	[ERROR]	user_manager.py	响应时间:874ms	浙江省	杭州市	这里是日志信息......
2022-09-16 17:15:54.932045	[INFO]	orders_service.py	响应时间:661ms	江苏省	常州市	这里是日志信息......
2022-09-16 17:15:54.932045	[INFO]	event.py	响应时间:127ms	重庆市	南岸区	这里是日志信息......
2022-09-16 17:15:54.932045	[INFO]	orders_service.py	响应时间:635ms	广东省	广州市	这里是日志信息......
2022-09-16 17:15:54.932045	[INFO]	user_manager.py	响应时间:63ms	重庆市	渝中区	这里是日志信息......
2022-09-16 17:15:54.932045	[INFO]	event.py	响应时间:598ms	山东省	青岛市	这里是日志信息......
2022-09-16 17:15:54.932045	[INFO]	user_manager.py	响应时间:763ms	北京市	大兴区	这里是日志信息......
2022-09-16 17:15:54.932045	[INFO]	orders_service.py	响应时间:287ms	天津市	河西区	这里是日志信息......
2022-09-16 17:15:54.932045	[INFO]	goods_manager.py	响应时间:294ms	山东省	济南市	这里是日志信息......
2022-09-16 17:15:54.932045	[WARN]	base_network.py	响应时间:119ms	天津市	武清区	这里是日志信息......
2022-09-16 17:15:54.932045	[INFO]	event.py	响应时间:578ms	湖南省	益阳市	这里是日志信息......
2022-09-16 17:15:54.932045	[INFO]	user_manager.py	响应时间:180ms	湖南省	长沙市	这里是日志信息......
2022-09-16 17:15:54.932045	[INFO]	goods_manager.py	响应时间:272ms	湖南省	长沙市	这里是日志信息......
2022-09-16 17:15:54.932045	[INFO]	barcode_service.py	响应时间:345ms	山东省	青岛市	这里是日志信息......
2022-09-16 17:15:54.932045	[INFO]	shop_manager.py	响应时间:133ms	天津市	河东区	这里是日志信息......
2022-09-16 17:15:54.932045	[INFO]	orders_service.py	响应时间:886ms	浙江省	湖州市	这里是日志信息......
2022-09-16 17:15:54.932045	[INFO]	orders_service.py	响应时间:466ms	浙江省	嘉兴市	这里是日志信息......
2022-09-16 17:15:54.932045	[INFO]	event.py	响应时间:154ms	天津市	和平区	这里是日志信息......
2022-09-16 17:15:54.932045	[INFO]	event.py	响应时间:243ms	广东省	广州市	这里是日志信息......
2022-09-16 17:15:54.932045	[WARN]	barcode_service.py	响应时间:832ms	湖南省	长沙市	这里是日志信息......
2022-09-16 17:15:54.932045	[INFO]	barcode_service.py	响应时间:874ms	湖北省	恩施土家族苗族自治州	这里是日志信息......
2022-09-16 17:15:54.932045	[INFO]	event.py	响应时间:226ms	上海市	静安区	这里是日志信息......
2022-09-16 17:15:54.932045	[INFO]	goods_manager.py	响应时间:401ms	山东省	青岛市	这里是日志信息......
2022-09-16 17:15:54.932045	[INFO]	goods_manager.py	响应时间:9125ms	上海市	浦东新区	这里是日志信息......
2022-09-16 17:15:54.932045	[WARN]	event.py	响应时间:755ms	浙江省	丽水市	这里是日志信息......
2022-09-16 17:15:54.932045	[WARN]	orders_service.py	响应时间:158ms	浙江省	杭州市	这里是日志信息......
2022-09-16 17:15:54.932045	[ERROR]	orders_service.py	响应时间:236ms	浙江省	嘉兴市	这里是日志信息......
2022-09-16 17:15:54.932045	[INFO]	orders_service.py	响应时间:72ms	重庆市	沙坪坝区	这里是日志信息......
2022-09-16 17:15:54.932045	[INFO]	goods_manager.py	响应时间:198ms	山东省	青岛市	这里是日志信息......
2022-09-16 17:15:54.932045	[INFO]	orders_service.py	响应时间:478ms	湖南省	张家界市	这里是日志信息......
2022-09-16 17:15:54.932045	[INFO]	barcode_service.py	响应时间:622ms	重庆市	涪陵区	这里是日志信息......
2022-09-16 17:15:54.932045	[INFO]	barcode_service.py	响应时间:490ms	安徽省	铜陵市	这里是日志信息......
2022-09-16 17:15:54.933039	[INFO]	user_manager.py	响应时间:879ms	北京市	丰台区	这里是日志信息......
2022-09-16 17:15:54.933039	[INFO]	orders_service.py	响应时间:538ms	山东省	济南市	这里是日志信息......
2022-09-16 17:15:54.933039	[INFO]	goods_manager.py	响应时间:741ms	重庆市	南岸区	这里是日志信息......
2022-09-16 17:15:54.933039	[INFO]	goods_manager.py	响应时间:940ms	浙江省	金华市	这里是日志信息......
2022-09-16 17:15:54.933039	[INFO]	goods_manager.py	响应时间:60ms	湖北省	武汉市	这里是日志信息......
2022-09-16 17:15:54.933039	[INFO]	goods_manager.py	响应时间:48ms	天津市	河西区	这里是日志信息......
2022-09-16 17:15:54.933039	[WARN]	orders_service.py	响应时间:684ms	广东省	广州市	这里是日志信息......
2022-09-16 17:15:54.933039	[INFO]	orders_service.py	响应时间:363ms	重庆市	涪陵区	这里是日志信息......
2022-09-16 17:15:54.933039	[INFO]	goods_manager.py	响应时间:108ms	广东省	珠海市	这里是日志信息......
2022-09-16 17:15:54.933039	[INFO]	goods_manager.py	响应时间:850ms	重庆市	万州区	这里是日志信息......
2022-09-16 17:15:54.933039	[INFO]	goods_manager.py	响应时间:2257ms	安徽省	六安市	这里是日志信息......
2022-09-16 17:15:54.933039	[ERROR]	barcode_service.py	响应时间:938ms	上海市	浦东新区	这里是日志信息......
2022-09-16 17:15:54.933039	[INFO]	event.py	响应时间:60ms	北京市	大兴区	这里是日志信息......
2022-09-16 17:15:54.933039	[INFO]	event.py	响应时间:81ms	天津市	河西区	这里是日志信息......
2022-09-16 17:15:54.933039	[INFO]	barcode_service.py	响应时间:610ms	北京市	大兴区	这里是日志信息......
2022-09-16 17:15:54.933039	[INFO]	goods_manager.py	响应时间:36ms	广东省	深圳市	这里是日志信息......
2022-09-16 17:15:54.933039	[INFO]	user_manager.py	响应时间:145ms	广东省	深圳市	这里是日志信息......
2022-09-16 17:15:54.933039	[INFO]	orders_service.py	响应时间:668ms	湖南省	益阳市	这里是日志信息......
2022-09-16 17:15:54.933039	[INFO]	goods_manager.py	响应时间:42ms	天津市	武清区	这里是日志信息......
2022-09-16 17:15:54.933039	[INFO]	barcode_service.py	响应时间:913ms	天津市	和平区	这里是日志信息......
2022-09-16 17:15:54.933039	[INFO]	base_network.py	响应时间:1ms	安徽省	六安市	这里是日志信息......
2022-09-16 17:15:54.933039	[INFO]	user_manager.py	响应时间:73ms	湖南省	长沙市	这里是日志信息......
2022-09-16 17:15:54.933039	[INFO]	event.py	响应时间:293ms	北京市	海淀区	这里是日志信息......
2022-09-16 17:15:54.933039	[INFO]	goods_manager.py	响应时间:883ms	山东省	济南市	这里是日志信息......
2022-09-16 17:15:54.933039	[ERROR]	goods_manager.py	响应时间:999ms	天津市	武清区	这里是日志信息......
2022-09-16 17:15:54.933039	[INFO]	user_manager.py	响应时间:138ms	安徽省	合肥市	这里是日志信息......
2022-09-16 17:15:54.933039	[INFO]	event.py	响应时间:1000ms	安徽省	池州市	这里是日志信息......
2022-09-16 17:15:54.933039	[INFO]	event.py	响应时间:202ms	湖北省	荆州市	这里是日志信息......
2022-09-16 17:15:54.933039	[INFO]	goods_manager.py	响应时间:40ms	山东省	济南市	这里是日志信息......
2022-09-16 17:15:54.933039	[INFO]	orders_service.py	响应时间:920ms	广东省	广州市	这里是日志信息......
2022-09-16 17:15:54.933039	[INFO]	event.py	响应时间:920ms	广东省	广州市	这里是日志信息......
2022-09-16 17:15:54.933039	[INFO]	orders_service.py	响应时间:288ms	重庆市	渝中区	这里是日志信息......
2022-09-16 17:15:54.933039	[INFO]	event.py	响应时间:981ms	湖南省	长沙市	这里是日志信息......
2022-09-16 17:15:54.933039	[INFO]	orders_service.py	响应时间:739ms	山东省	青岛市	这里是日志信息......
2022-09-16 17:15:54.933039	[INFO]	user_manager.py	响应时间:324ms	上海市	浦东新区	这里是日志信息......
2022-09-16 17:15:54.933039	[INFO]	shop_manager.py	响应时间:8665ms	天津市	和平区	这里是日志信息......
2022-09-16 17:15:54.933039	[INFO]	barcode_service.py	响应时间:126ms	广东省	广州市	这里是日志信息......
2022-09-16 17:15:54.933039	[INFO]	event.py	响应时间:943ms	安徽省	阜阳市	这里是日志信息......
2022-09-16 17:15:54.933039	[INFO]	event.py	响应时间:463ms	上海市	浦东新区	这里是日志信息......
2022-09-16 17:15:54.933039	[INFO]	goods_manager.py	响应时间:950ms	天津市	宝坻区	这里是日志信息......
2022-09-16 17:15:54.933039	[ERROR]	orders_service.py	响应时间:866ms	北京市	大兴区	这里是日志信息......
2022-09-16 17:15:54.933039	[INFO]	shop_manager.py	响应时间:345ms	浙江省	金华市	这里是日志信息......
2022-09-16 17:15:54.933039	[INFO]	shop_manager.py	响应时间:143ms	重庆市	九龙坡区	这里是日志信息......
2022-09-16 17:15:54.933039	[INFO]	barcode_service.py	响应时间:509ms	山东省	青岛市	这里是日志信息......
2022-09-16 17:15:54.933039	[INFO]	orders_service.py	响应时间:676ms	山东省	青岛市	这里是日志信息......
2022-09-16 17:15:54.933039	[WARN]	orders_service.py	响应时间:161ms	北京市	海淀区	这里是日志信息......
2022-09-16 17:15:54.933039	[INFO]	event.py	响应时间:312ms	北京市	海淀区	这里是日志信息......
2022-09-16 17:15:54.933039	[INFO]	user_manager.py	响应时间:742ms	安徽省	芜湖市	这里是日志信息......
2022-09-16 17:15:54.933039	[WARN]	event.py	响应时间:78ms	湖北省	武汉市	这里是日志信息......
2022-09-16 17:15:54.933039	[ERROR]	event.py	响应时间:645ms	上海市	浦东新区	这里是日志信息......
2022-09-16 17:15:54.933039	[WARN]	event.py	响应时间:153ms	北京市	大兴区	这里是日志信息......
2022-09-16 17:15:54.933039	[INFO]	goods_manager.py	响应时间:290ms	湖南省	长沙市	这里是日志信息......
2022-09-16 17:15:54.933039	[INFO]	goods_manager.py	响应时间:914ms	上海市	徐汇区	这里是日志信息......
2022-09-16 17:15:54.933039	[INFO]	goods_manager.py	响应时间:218ms	北京市	丰台区	这里是日志信息......
2022-09-16 17:15:54.933039	[INFO]	user_manager.py	响应时间:233ms	安徽省	合肥市	这里是日志信息......
2022-09-16 17:15:54.933039	[INFO]	user_manager.py	响应时间:125ms	山东省	青岛市	这里是日志信息......
2022-09-16 17:15:54.933039	[INFO]	goods_manager.py	响应时间:629ms	天津市	河东区	这里是日志信息......
2022-09-16 17:15:54.933039	[INFO]	event.py	响应时间:840ms	重庆市	沙坪坝区	这里是日志信息......
2022-09-16 17:15:54.933039	[INFO]	barcode_service.py	响应时间:937ms	江苏省	南京市	这里是日志信息......
2022-09-16 17:15:54.933039	[INFO]	orders_service.py	响应时间:661ms	湖北省	武汉市	这里是日志信息......
2022-09-16 17:15:54.933039	[INFO]	barcode_service.py	响应时间:708ms	广东省	广州市	这里是日志信息......
2022-09-16 17:15:54.933039	[INFO]	orders_service.py	响应时间:68ms	北京市	朝阳区	这里是日志信息......
2022-09-16 17:15:54.933039	[INFO]	event.py	响应时间:367ms	重庆市	渝中区	这里是日志信息......
2022-09-16 17:15:54.933039	[INFO]	event.py	响应时间:333ms	江苏省	无锡市	这里是日志信息......
2022-09-16 17:15:54.933039	[INFO]	orders_service.py	响应时间:5927ms	江苏省	南京市	这里是日志信息......
2022-09-16 17:15:54.933039	[INFO]	goods_manager.py	响应时间:668ms	广东省	珠海市	这里是日志信息......
2022-09-16 17:15:54.933039	[ERROR]	event.py	响应时间:57ms	江苏省	南京市	这里是日志信息......
2022-09-16 17:15:54.933039	[INFO]	event.py	响应时间:722ms	上海市	静安区	这里是日志信息......
2022-09-16 17:15:54.933039	[INFO]	base_network.py	响应时间:208ms	天津市	宝坻区	这里是日志信息......
2022-09-16 17:15:54.933039	[INFO]	user_manager.py	响应时间:482ms	重庆市	南岸区	这里是日志信息......
2022-09-16 17:15:54.933039	[INFO]	barcode_service.py	响应时间:2414ms	上海市	黄浦区	这里是日志信息......
2022-09-16 17:15:54.933039	[WARN]	goods_manager.py	响应时间:66ms	广东省	深圳市	这里是日志信息......
2022-09-16 17:15:54.933039	[INFO]	event.py	响应时间:680ms	天津市	河东区	这里是日志信息......
2022-09-16 17:15:54.933039	[INFO]	goods_manager.py	响应时间:946ms	山东省	济南市	这里是日志信息......
2022-09-16 17:15:54.933039	[INFO]	goods_manager.py	响应时间:416ms	安徽省	芜湖市	这里是日志信息......
2022-09-16 17:15:54.933039	[WARN]	event.py	响应时间:491ms	浙江省	丽水市	这里是日志信息......
2022-09-16 17:15:54.934045	[WARN]	goods_manager.py	响应时间:281ms	安徽省	合肥市	这里是日志信息......
2022-09-16 17:15:54.934045	[ERROR]	event.py	响应时间:7510ms	山东省	青岛市	这里是日志信息......
2022-09-16 17:15:54.934045	[INFO]	event.py	响应时间:728ms	重庆市	九龙坡区	这里是日志信息......
2022-09-16 17:15:54.934045	[INFO]	orders_service.py	响应时间:633ms	广东省	深圳市	这里是日志信息......
2022-09-16 17:15:54.934045	[INFO]	event.py	响应时间:110ms	江苏省	苏州市	这里是日志信息......
2022-09-16 17:15:54.934045	[INFO]	shop_manager.py	响应时间:918ms	安徽省	阜阳市	这里是日志信息......
2022-09-16 17:15:54.934045	[INFO]	base_network.py	响应时间:126ms	上海市	浦东新区	这里是日志信息......
2022-09-16 17:15:54.934045	[INFO]	shop_manager.py	响应时间:486ms	广东省	广州市	这里是日志信息......
2022-09-16 17:15:54.934045	[INFO]	orders_service.py	响应时间:657ms	广东省	深圳市	这里是日志信息......
2022-09-16 17:15:54.934045	[INFO]	goods_manager.py	响应时间:204ms	湖北省	武汉市	这里是日志信息......
2022-09-16 17:15:54.934045	[INFO]	event.py	响应时间:757ms	浙江省	嘉兴市	这里是日志信息......
2022-09-16 17:15:54.934045	[INFO]	goods_manager.py	响应时间:860ms	上海市	浦东新区	这里是日志信息......
2022-09-16 17:15:54.934045	[INFO]	shop_manager.py	响应时间:907ms	湖南省	益阳市	这里是日志信息......
2022-09-16 17:15:54.934045	[INFO]	orders_service.py	响应时间:277ms	上海市	黄浦区	这里是日志信息......
2022-09-16 17:15:54.934045	[INFO]	event.py	响应时间:707ms	山东省	菏泽市	这里是日志信息......
2022-09-16 17:15:54.934045	[INFO]	orders_service.py	响应时间:38ms	广东省	广州市	这里是日志信息......
2022-09-16 17:15:54.934045	[WARN]	orders_service.py	响应时间:3ms	安徽省	阜阳市	这里是日志信息......
2022-09-16 17:15:54.934045	[INFO]	barcode_service.py	响应时间:11ms	重庆市	九龙坡区	这里是日志信息......
2022-09-16 17:15:54.934045	[INFO]	orders_service.py	响应时间:863ms	北京市	大兴区	这里是日志信息......
2022-09-16 17:15:54.934045	[WARN]	base_network.py	响应时间:850ms	江苏省	苏州市	这里是日志信息......
2022-09-16 17:15:54.934045	[INFO]	base_network.py	响应时间:111ms	湖北省	武汉市	这里是日志信息......
2022-09-16 17:15:54.934045	[INFO]	barcode_service.py	响应时间:128ms	山东省	济南市	这里是日志信息......
2022-09-16 17:15:54.934045	[INFO]	base_network.py	响应时间:841ms	上海市	杨浦区	这里是日志信息......
2022-09-16 17:15:54.934045	[INFO]	user_manager.py	响应时间:337ms	天津市	和平区	这里是日志信息......
2022-09-16 17:15:54.934045	[INFO]	base_network.py	响应时间:470ms	重庆市	万州区	这里是日志信息......
2022-09-16 17:15:54.934045	[INFO]	orders_service.py	响应时间:539ms	山东省	青岛市	这里是日志信息......
2022-09-16 17:15:54.934045	[WARN]	orders_service.py	响应时间:475ms	上海市	杨浦区	这里是日志信息......
2022-09-16 17:15:54.934045	[INFO]	base_network.py	响应时间:93ms	重庆市	南岸区	这里是日志信息......
2022-09-16 17:15:54.934045	[WARN]	base_network.py	响应时间:38ms	天津市	宝坻区	这里是日志信息......
2022-09-16 17:15:54.934045	[INFO]	event.py	响应时间:667ms	浙江省	湖州市	这里是日志信息......
2022-09-16 17:15:54.934045	[INFO]	user_manager.py	响应时间:537ms	山东省	济南市	这里是日志信息......
2022-09-16 17:15:54.934045	[INFO]	goods_manager.py	响应时间:251ms	湖北省	恩施土家族苗族自治州	这里是日志信息......
2022-09-16 17:15:54.934045	[INFO]	orders_service.py	响应时间:676ms	重庆市	九龙坡区	这里是日志信息......
2022-09-16 17:15:54.934045	[INFO]	goods_manager.py	响应时间:348ms	天津市	河东区	这里是日志信息......
2022-09-16 17:15:54.934045	[INFO]	event.py	响应时间:775ms	北京市	怀柔区	这里是日志信息......
2022-09-16 17:15:54.934045	[ERROR]	user_manager.py	响应时间:949ms	江苏省	宿迁市	这里是日志信息......
2022-09-16 17:15:54.934045	[INFO]	event.py	响应时间:508ms	上海市	杨浦区	这里是日志信息......
2022-09-16 17:15:54.934045	[INFO]	event.py	响应时间:738ms	湖北省	恩施土家族苗族自治州	这里是日志信息......
2022-09-16 17:15:54.934045	[INFO]	orders_service.py	响应时间:372ms	天津市	和平区	这里是日志信息......
2022-09-16 17:15:54.934045	[INFO]	orders_service.py	响应时间:290ms	北京市	昌平区	这里是日志信息......
2022-09-16 17:15:54.934045	[INFO]	orders_service.py	响应时间:601ms	重庆市	涪陵区	这里是日志信息......
2022-09-16 17:15:54.934045	[INFO]	event.py	响应时间:562ms	江苏省	常州市	这里是日志信息......
2022-09-16 17:15:54.934045	[INFO]	orders_service.py	响应时间:6214ms	浙江省	绍兴市	这里是日志信息......
2022-09-16 17:15:54.934045	[WARN]	base_network.py	响应时间:70ms	湖北省	荆州市	这里是日志信息......
2022-09-16 17:15:54.934045	[ERROR]	goods_manager.py	响应时间:256ms	安徽省	合肥市	这里是日志信息......
2022-09-16 17:15:54.934045	[INFO]	orders_service.py	响应时间:116ms	湖北省	武汉市	这里是日志信息......
2022-09-16 17:15:54.934045	[WARN]	orders_service.py	响应时间:596ms	湖北省	恩施土家族苗族自治州	这里是日志信息......
2022-09-16 17:15:54.934045	[ERROR]	orders_service.py	响应时间:985ms	广东省	深圳市	这里是日志信息......
2022-09-16 17:15:54.934045	[INFO]	goods_manager.py	响应时间:437ms	广东省	深圳市	这里是日志信息......
2022-09-16 17:15:54.934045	[INFO]	barcode_service.py	响应时间:202ms	江苏省	南京市	这里是日志信息......
2022-09-16 17:15:54.934045	[INFO]	orders_service.py	响应时间:579ms	湖北省	武汉市	这里是日志信息......
2022-09-16 17:15:54.934045	[INFO]	goods_manager.py	响应时间:27ms	江苏省	常州市	这里是日志信息......
2022-09-16 17:15:54.934045	[INFO]	goods_manager.py	响应时间:897ms	安徽省	合肥市	这里是日志信息......
2022-09-16 17:15:54.934045	[INFO]	shop_manager.py	响应时间:237ms	浙江省	舟山市	这里是日志信息......
2022-09-16 17:15:54.934045	[INFO]	orders_service.py	响应时间:777ms	上海市	黄浦区	这里是日志信息......
2022-09-16 17:15:54.934045	[INFO]	orders_service.py	响应时间:991ms	上海市	宝山区	这里是日志信息......
2022-09-16 17:15:54.934045	[INFO]	goods_manager.py	响应时间:128ms	浙江省	舟山市	这里是日志信息......
2022-09-16 17:15:54.934045	[INFO]	event.py	响应时间:278ms	广东省	深圳市	这里是日志信息......
2022-09-16 17:15:54.934045	[INFO]	orders_service.py	响应时间:579ms	湖南省	长沙市	这里是日志信息......
2022-09-16 17:15:54.934045	[INFO]	event.py	响应时间:20ms	湖北省	荆州市	这里是日志信息......
2022-09-16 17:15:54.934045	[INFO]	user_manager.py	响应时间:602ms	山东省	青岛市	这里是日志信息......
2022-09-16 17:15:54.934045	[INFO]	user_manager.py	响应时间:214ms	山东省	青岛市	这里是日志信息......
2022-09-16 17:15:54.934045	[ERROR]	user_manager.py	响应时间:525ms	上海市	浦东新区	这里是日志信息......
2022-09-16 17:15:54.934045	[INFO]	goods_manager.py	响应时间:619ms	北京市	丰台区	这里是日志信息......
2022-09-16 17:15:54.934045	[INFO]	user_manager.py	响应时间:6359ms	浙江省	金华市	这里是日志信息......
2022-09-16 17:15:54.934045	[INFO]	event.py	响应时间:164ms	北京市	昌平区	这里是日志信息......
2022-09-16 17:15:54.934045	[INFO]	user_manager.py	响应时间:69ms	天津市	宝坻区	这里是日志信息......
2022-09-16 17:15:54.935045	[WARN]	goods_manager.py	响应时间:412ms	湖南省	长沙市	这里是日志信息......
2022-09-16 17:15:54.935045	[INFO]	user_manager.py	响应时间:966ms	广东省	珠海市	这里是日志信息......
2022-09-16 17:15:54.935045	[INFO]	goods_manager.py	响应时间:386ms	上海市	黄浦区	这里是日志信息......
2022-09-16 17:15:54.935045	[INFO]	goods_manager.py	响应时间:835ms	安徽省	阜阳市	这里是日志信息......
2022-09-16 17:15:54.935045	[INFO]	shop_manager.py	响应时间:633ms	广东省	深圳市	这里是日志信息......
2022-09-16 17:15:54.935045	[INFO]	barcode_service.py	响应时间:306ms	广东省	深圳市	这里是日志信息......
2022-09-16 17:15:54.935045	[INFO]	orders_service.py	响应时间:669ms	北京市	朝阳区	这里是日志信息......
2022-09-16 17:15:54.935045	[INFO]	shop_manager.py	响应时间:707ms	北京市	丰台区	这里是日志信息......
2022-09-16 17:15:54.935045	[INFO]	orders_service.py	响应时间:712ms	江苏省	南京市	这里是日志信息......
2022-09-16 17:15:54.935045	[INFO]	event.py	响应时间:293ms	安徽省	合肥市	这里是日志信息......
2022-09-16 17:15:54.935045	[INFO]	orders_service.py	响应时间:693ms	北京市	丰台区	这里是日志信息......
2022-09-16 17:15:54.935045	[INFO]	orders_service.py	响应时间:445ms	湖北省	恩施土家族苗族自治州	这里是日志信息......
2022-09-16 17:15:54.935045	[INFO]	orders_service.py	响应时间:134ms	天津市	和平区	这里是日志信息......
2022-09-16 17:15:54.935045	[INFO]	goods_manager.py	响应时间:295ms	江苏省	常州市	这里是日志信息......
2022-09-16 17:15:54.935045	[INFO]	barcode_service.py	响应时间:435ms	天津市	武清区	这里是日志信息......
2022-09-16 17:15:54.935045	[WARN]	shop_manager.py	响应时间:849ms	天津市	宝坻区	这里是日志信息......
2022-09-16 17:15:54.935045	[INFO]	orders_service.py	响应时间:404ms	山东省	青岛市	这里是日志信息......
2022-09-16 17:15:54.935045	[INFO]	goods_manager.py	响应时间:816ms	北京市	海淀区	这里是日志信息......
2022-09-16 17:15:54.935045	[ERROR]	goods_manager.py	响应时间:414ms	上海市	宝山区	这里是日志信息......
2022-09-16 17:15:54.935045	[INFO]	user_manager.py	响应时间:226ms	安徽省	合肥市	这里是日志信息......
2022-09-16 17:15:54.935045	[INFO]	base_network.py	响应时间:448ms	湖北省	十堰市	这里是日志信息......
2022-09-16 17:15:54.935045	[INFO]	barcode_service.py	响应时间:709ms	上海市	浦东新区	这里是日志信息......
2022-09-16 17:15:54.935045	[INFO]	orders_service.py	响应时间:806ms	江苏省	南京市	这里是日志信息......
2022-09-16 17:15:54.935045	[INFO]	orders_service.py	响应时间:432ms	湖北省	武汉市	这里是日志信息......
2022-09-16 17:15:54.935045	[INFO]	goods_manager.py	响应时间:117ms	天津市	武清区	这里是日志信息......
2022-09-16 17:15:54.935045	[INFO]	orders_service.py	响应时间:706ms	北京市	大兴区	这里是日志信息......
2022-09-16 17:15:54.935045	[INFO]	goods_manager.py	响应时间:11ms	上海市	徐汇区	这里是日志信息......
2022-09-16 17:15:54.935045	[INFO]	base_network.py	响应时间:751ms	湖北省	武汉市	这里是日志信息......
2022-09-16 17:15:54.935045	[INFO]	base_network.py	响应时间:570ms	浙江省	杭州市	这里是日志信息......
2022-09-16 17:15:54.935045	[INFO]	goods_manager.py	响应时间:726ms	上海市	静安区	这里是日志信息......
2022-09-16 17:15:54.935045	[INFO]	orders_service.py	响应时间:643ms	江苏省	苏州市	这里是日志信息......
2022-09-16 17:15:54.935045	[INFO]	orders_service.py	响应时间:289ms	北京市	海淀区	这里是日志信息......
2022-09-16 17:15:54.935045	[INFO]	event.py	响应时间:664ms	安徽省	池州市	这里是日志信息......
2022-09-16 17:15:54.935045	[INFO]	user_manager.py	响应时间:5ms	上海市	浦东新区	这里是日志信息......
2022-09-16 17:15:54.935045	[INFO]	orders_service.py	响应时间:309ms	重庆市	涪陵区	这里是日志信息......
2022-09-16 17:15:54.935045	[INFO]	goods_manager.py	响应时间:44ms	江苏省	张家港市	这里是日志信息......
2022-09-16 17:15:54.935045	[INFO]	orders_service.py	响应时间:430ms	重庆市	万州区	这里是日志信息......
2022-09-16 17:15:54.935045	[WARN]	user_manager.py	响应时间:766ms	广东省	深圳市	这里是日志信息......
2022-09-16 17:15:54.935045	[INFO]	barcode_service.py	响应时间:769ms	天津市	宝坻区	这里是日志信息......
2022-09-16 17:15:54.935045	[INFO]	base_network.py	响应时间:44ms	天津市	武清区	这里是日志信息......
2022-09-16 17:15:54.935045	[INFO]	goods_manager.py	响应时间:167ms	江苏省	苏州市	这里是日志信息......
2022-09-16 17:15:54.935045	[INFO]	orders_service.py	响应时间:726ms	重庆市	万州区	这里是日志信息......
2022-09-16 17:15:54.935045	[WARN]	orders_service.py	响应时间:332ms	湖南省	长沙市	这里是日志信息......
2022-09-16 17:15:54.935045	[INFO]	goods_manager.py	响应时间:295ms	江苏省	张家港市	这里是日志信息......
2022-09-16 17:15:54.935045	[INFO]	event.py	响应时间:65ms	安徽省	铜陵市	这里是日志信息......
2022-09-16 17:15:54.935045	[WARN]	event.py	响应时间:869ms	湖北省	武汉市	这里是日志信息......
2022-09-16 17:15:54.935045	[INFO]	barcode_service.py	响应时间:437ms	湖南省	长沙市	这里是日志信息......
2022-09-16 17:15:54.935045	[INFO]	goods_manager.py	响应时间:33ms	重庆市	沙坪坝区	这里是日志信息......
2022-09-16 17:15:54.935045	[WARN]	goods_manager.py	响应时间:418ms	湖北省	恩施土家族苗族自治州	这里是日志信息......
2022-09-16 17:15:54.935045	[INFO]	goods_manager.py	响应时间:793ms	湖南省	长沙市	这里是日志信息......
2022-09-16 17:15:54.935045	[INFO]	goods_manager.py	响应时间:289ms	浙江省	嘉兴市	这里是日志信息......
2022-09-16 17:15:54.935045	[INFO]	orders_service.py	响应时间:335ms	天津市	武清区	这里是日志信息......
2022-09-16 17:15:54.935045	[INFO]	goods_manager.py	响应时间:413ms	山东省	青岛市	这里是日志信息......
2022-09-16 17:15:54.935045	[INFO]	goods_manager.py	响应时间:5861ms	广东省	广州市	这里是日志信息......
2022-09-16 17:15:54.935045	[INFO]	event.py	响应时间:679ms	北京市	朝阳区	这里是日志信息......
2022-09-16 17:15:54.935045	[INFO]	event.py	响应时间:964ms	浙江省	杭州市	这里是日志信息......
2022-09-16 17:15:54.935045	[ERROR]	base_network.py	响应时间:940ms	江苏省	无锡市	这里是日志信息......
2022-09-16 17:15:54.935045	[INFO]	user_manager.py	响应时间:119ms	广东省	广州市	这里是日志信息......
2022-09-16 17:15:54.935045	[INFO]	event.py	响应时间:961ms	江苏省	南京市	这里是日志信息......
2022-09-16 17:15:54.935045	[INFO]	event.py	响应时间:987ms	江苏省	张家港市	这里是日志信息......
2022-09-16 17:15:54.935045	[ERROR]	shop_manager.py	响应时间:512ms	江苏省	无锡市	这里是日志信息......
2022-09-16 17:15:54.935045	[INFO]	orders_service.py	响应时间:545ms	江苏省	南京市	这里是日志信息......
2022-09-16 17:15:54.935045	[INFO]	orders_service.py	响应时间:350ms	天津市	宝坻区	这里是日志信息......
2022-09-16 17:15:54.935045	[INFO]	barcode_service.py	响应时间:71ms	山东省	菏泽市	这里是日志信息......
2022-09-16 17:15:54.935045	[INFO]	user_manager.py	响应时间:248ms	北京市	昌平区	这里是日志信息......
2022-09-16 17:15:54.935045	[INFO]	event.py	响应时间:27ms	天津市	武清区	这里是日志信息......
2022-09-16 17:15:54.935045	[INFO]	orders_service.py	响应时间:388ms	浙江省	金华市	这里是日志信息......
2022-09-16 17:15:54.935045	[INFO]	goods_manager.py	响应时间:167ms	广东省	深圳市	这里是日志信息......
2022-09-16 17:15:54.935045	[WARN]	goods_manager.py	响应时间:803ms	北京市	昌平区	这里是日志信息......
2022-09-16 17:15:54.935045	[INFO]	goods_manager.py	响应时间:536ms	安徽省	合肥市	这里是日志信息......
2022-09-16 17:15:54.935045	[INFO]	user_manager.py	响应时间:650ms	安徽省	芜湖市	这里是日志信息......
2022-09-16 17:15:54.935045	[INFO]	user_manager.py	响应时间:27ms	上海市	普陀区	这里是日志信息......
2022-09-16 17:15:54.935045	[INFO]	goods_manager.py	响应时间:660ms	上海市	浦东新区	这里是日志信息......
2022-09-16 17:15:54.935045	[INFO]	base_network.py	响应时间:133ms	安徽省	合肥市	这里是日志信息......
2022-09-16 17:15:54.936045	[WARN]	event.py	响应时间:748ms	上海市	徐汇区	这里是日志信息......
2022-09-16 17:15:54.936045	[INFO]	base_network.py	响应时间:245ms	湖南省	长沙市	这里是日志信息......
2022-09-16 17:15:54.936045	[INFO]	goods_manager.py	响应时间:470ms	广东省	广州市	这里是日志信息......
2022-09-16 17:15:54.936045	[INFO]	shop_manager.py	响应时间:55ms	重庆市	万州区	这里是日志信息......
2022-09-16 17:15:54.936045	[WARN]	orders_service.py	响应时间:195ms	安徽省	合肥市	这里是日志信息......
2022-09-16 17:15:54.936045	[INFO]	goods_manager.py	响应时间:722ms	上海市	浦东新区	这里是日志信息......
2022-09-16 17:15:54.936045	[INFO]	goods_manager.py	响应时间:450ms	安徽省	芜湖市	这里是日志信息......
2022-09-16 17:15:54.936045	[INFO]	event.py	响应时间:765ms	重庆市	九龙坡区	这里是日志信息......
2022-09-16 17:15:54.936045	[INFO]	user_manager.py	响应时间:445ms	湖南省	株洲市	这里是日志信息......
2022-09-16 17:15:54.936045	[INFO]	barcode_service.py	响应时间:704ms	北京市	丰台区	这里是日志信息......
2022-09-16 17:15:54.936045	[INFO]	user_manager.py	响应时间:265ms	安徽省	六安市	这里是日志信息......
2022-09-16 17:15:54.936045	[WARN]	goods_manager.py	响应时间:563ms	湖南省	株洲市	这里是日志信息......
2022-09-16 17:15:54.936045	[INFO]	event.py	响应时间:856ms	安徽省	阜阳市	这里是日志信息......
2022-09-16 17:15:54.936045	[INFO]	event.py	响应时间:106ms	广东省	广州市	这里是日志信息......
2022-09-16 17:15:54.936045	[INFO]	goods_manager.py	响应时间:823ms	浙江省	绍兴市	这里是日志信息......
2022-09-16 17:15:54.936045	[ERROR]	goods_manager.py	响应时间:892ms	广东省	广州市	这里是日志信息......
2022-09-16 17:15:54.936045	[INFO]	shop_manager.py	响应时间:783ms	天津市	宝坻区	这里是日志信息......
2022-09-16 17:15:54.936045	[INFO]	base_network.py	响应时间:147ms	山东省	济南市	这里是日志信息......
2022-09-16 17:15:54.936045	[INFO]	goods_manager.py	响应时间:243ms	上海市	浦东新区	这里是日志信息......
2022-09-16 17:15:54.936045	[INFO]	shop_manager.py	响应时间:6042ms	重庆市	南岸区	这里是日志信息......
2022-09-16 17:15:54.936045	[ERROR]	barcode_service.py	响应时间:985ms	广东省	深圳市	这里是日志信息......
2022-09-16 17:15:54.936045	[INFO]	event.py	响应时间:667ms	湖北省	十堰市	这里是日志信息......
2022-09-16 17:15:54.936045	[INFO]	event.py	响应时间:317ms	浙江省	丽水市	这里是日志信息......
2022-09-16 17:15:54.936045	[INFO]	base_network.py	响应时间:673ms	广东省	深圳市	这里是日志信息......
2022-09-16 17:15:54.936045	[INFO]	event.py	响应时间:186ms	重庆市	渝中区	这里是日志信息......
2022-09-16 17:15:54.936045	[INFO]	goods_manager.py	响应时间:68ms	湖南省	长沙市	这里是日志信息......
2022-09-16 17:15:54.936045	[INFO]	goods_manager.py	响应时间:103ms	北京市	怀柔区	这里是日志信息......
2022-09-16 17:15:54.936045	[WARN]	orders_service.py	响应时间:725ms	北京市	丰台区	这里是日志信息......
2022-09-16 17:15:54.936045	[WARN]	goods_manager.py	响应时间:590ms	湖南省	长沙市	这里是日志信息......
2022-09-16 17:15:54.936045	[INFO]	orders_service.py	响应时间:446ms	湖南省	益阳市	这里是日志信息......
2022-09-16 17:15:54.936045	[INFO]	shop_manager.py	响应时间:149ms	北京市	海淀区	这里是日志信息......
2022-09-16 17:15:54.936045	[INFO]	base_network.py	响应时间:36ms	广东省	广州市	这里是日志信息......
2022-09-16 17:15:54.936045	[INFO]	orders_service.py	响应时间:683ms	重庆市	南岸区	这里是日志信息......
2022-09-16 17:15:54.936045	[INFO]	goods_manager.py	响应时间:667ms	北京市	怀柔区	这里是日志信息......
2022-09-16 17:15:54.936045	[INFO]	orders_service.py	响应时间:5616ms	上海市	徐汇区	这里是日志信息......
2022-09-16 17:15:54.936045	[INFO]	orders_service.py	响应时间:587ms	湖北省	十堰市	这里是日志信息......
2022-09-16 17:15:54.936045	[INFO]	goods_manager.py	响应时间:183ms	山东省	济南市	这里是日志信息......
2022-09-16 17:15:54.936045	[INFO]	goods_manager.py	响应时间:954ms	湖北省	武汉市	这里是日志信息......
2022-09-16 17:15:54.936045	[INFO]	event.py	响应时间:124ms	天津市	河西区	这里是日志信息......
2022-09-16 17:15:54.936045	[INFO]	base_network.py	响应时间:993ms	广东省	珠海市	这里是日志信息......
2022-09-16 17:15:54.936045	[WARN]	barcode_service.py	响应时间:101ms	湖南省	张家界市	这里是日志信息......
2022-09-16 17:15:54.936045	[INFO]	user_manager.py	响应时间:1104ms	广东省	广州市	这里是日志信息......
2022-09-16 17:15:54.936045	[INFO]	barcode_service.py	响应时间:619ms	天津市	河西区	这里是日志信息......
2022-09-16 17:15:54.936045	[INFO]	barcode_service.py	响应时间:645ms	江苏省	苏州市	这里是日志信息......
2022-09-16 17:15:54.936045	[INFO]	shop_manager.py	响应时间:983ms	北京市	海淀区	这里是日志信息......
2022-09-16 17:15:54.936045	[ERROR]	goods_manager.py	响应时间:579ms	江苏省	南京市	这里是日志信息......
2022-09-16 17:15:54.936045	[INFO]	goods_manager.py	响应时间:393ms	北京市	海淀区	这里是日志信息......
2022-09-16 17:15:54.936045	[INFO]	goods_manager.py	响应时间:267ms	上海市	杨浦区	这里是日志信息......
2022-09-16 17:15:54.936045	[INFO]	orders_service.py	响应时间:889ms	浙江省	舟山市	这里是日志信息......
2022-09-16 17:15:54.936045	[INFO]	orders_service.py	响应时间:777ms	山东省	济南市	这里是日志信息......
2022-09-16 17:15:54.936045	[WARN]	orders_service.py	响应时间:909ms	湖北省	武汉市	这里是日志信息......
2022-09-16 17:15:54.936045	[INFO]	barcode_service.py	响应时间:569ms	上海市	普陀区	这里是日志信息......
2022-09-16 17:15:54.936045	[WARN]	base_network.py	响应时间:879ms	安徽省	合肥市	这里是日志信息......
2022-09-16 17:15:54.936045	[INFO]	goods_manager.py	响应时间:9204ms	北京市	大兴区	这里是日志信息......
2022-09-16 17:15:54.936045	[WARN]	goods_manager.py	响应时间:358ms	湖南省	长沙市	这里是日志信息......
2022-09-16 17:15:54.936045	[INFO]	event.py	响应时间:713ms	浙江省	杭州市	这里是日志信息......
2022-09-16 17:15:54.936045	[INFO]	user_manager.py	响应时间:658ms	安徽省	池州市	这里是日志信息......
2022-09-16 17:15:54.936045	[INFO]	shop_manager.py	响应时间:6163ms	广东省	广州市	这里是日志信息......
2022-09-16 17:15:54.936045	[INFO]	goods_manager.py	响应时间:802ms	浙江省	杭州市	这里是日志信息......
2022-09-16 17:15:54.936045	[WARN]	base_network.py	响应时间:307ms	浙江省	嘉兴市	这里是日志信息......
2022-09-16 17:15:54.936045	[INFO]	event.py	响应时间:15ms	上海市	普陀区	这里是日志信息......
2022-09-16 17:15:54.936045	[INFO]	event.py	响应时间:956ms	江苏省	苏州市	这里是日志信息......
2022-09-16 17:15:54.936045	[INFO]	event.py	响应时间:173ms	江苏省	无锡市	这里是日志信息......
2022-09-16 17:15:54.936045	[INFO]	user_manager.py	响应时间:97ms	天津市	武清区	这里是日志信息......
2022-09-16 17:15:54.936045	[INFO]	event.py	响应时间:774ms	天津市	河西区	这里是日志信息......
2022-09-16 17:15:54.936045	[INFO]	barcode_service.py	响应时间:531ms	湖南省	长沙市	这里是日志信息......
2022-09-16 17:15:54.936045	[WARN]	goods_manager.py	响应时间:499ms	天津市	河东区	这里是日志信息......
2022-09-16 17:15:54.936045	[INFO]	event.py	响应时间:727ms	重庆市	万州区	这里是日志信息......
2022-09-16 17:15:54.936045	[INFO]	event.py	响应时间:295ms	安徽省	铜陵市	这里是日志信息......
2022-09-16 17:15:54.936045	[ERROR]	orders_service.py	响应时间:9220ms	广东省	珠海市	这里是日志信息......
2022-09-16 17:15:54.936045	[INFO]	event.py	响应时间:852ms	北京市	昌平区	这里是日志信息......
2022-09-16 17:15:54.936045	[INFO]	goods_manager.py	响应时间:536ms	重庆市	九龙坡区	这里是日志信息......
2022-09-16 17:15:54.937040	[INFO]	user_manager.py	响应时间:619ms	北京市	海淀区	这里是日志信息......
2022-09-16 17:15:54.937040	[INFO]	event.py	响应时间:563ms	北京市	昌平区	这里是日志信息......
2022-09-16 17:15:54.937040	[INFO]	event.py	响应时间:686ms	安徽省	合肥市	这里是日志信息......
2022-09-16 17:15:54.937040	[INFO]	orders_service.py	响应时间:363ms	浙江省	丽水市	这里是日志信息......
2022-09-16 17:15:54.937040	[INFO]	base_network.py	响应时间:295ms	湖北省	恩施土家族苗族自治州	这里是日志信息......
2022-09-16 17:15:54.937040	[INFO]	shop_manager.py	响应时间:7441ms	重庆市	沙坪坝区	这里是日志信息......
2022-09-16 17:15:54.937040	[INFO]	user_manager.py	响应时间:763ms	北京市	海淀区	这里是日志信息......
2022-09-16 17:15:54.937040	[INFO]	event.py	响应时间:24ms	上海市	普陀区	这里是日志信息......
2022-09-16 17:15:54.937040	[INFO]	user_manager.py	响应时间:702ms	北京市	海淀区	这里是日志信息......
2022-09-16 17:15:54.937040	[INFO]	event.py	响应时间:920ms	湖北省	武汉市	这里是日志信息......
2022-09-16 17:15:54.937040	[INFO]	orders_service.py	响应时间:670ms	广东省	珠海市	这里是日志信息......
2022-09-16 17:15:54.937040	[INFO]	goods_manager.py	响应时间:545ms	山东省	济南市	这里是日志信息......
2022-09-16 17:15:54.937040	[INFO]	orders_service.py	响应时间:477ms	浙江省	舟山市	这里是日志信息......
2022-09-16 17:15:54.937040	[INFO]	goods_manager.py	响应时间:485ms	广东省	深圳市	这里是日志信息......
2022-09-16 17:15:54.937040	[INFO]	event.py	响应时间:43ms	天津市	河西区	这里是日志信息......
2022-09-16 17:15:54.937040	[INFO]	event.py	响应时间:340ms	浙江省	金华市	这里是日志信息......
2022-09-16 17:15:54.937040	[WARN]	orders_service.py	响应时间:765ms	安徽省	芜湖市	这里是日志信息......
2022-09-16 17:15:54.937040	[INFO]	goods_manager.py	响应时间:731ms	安徽省	合肥市	这里是日志信息......
2022-09-16 17:15:54.937040	[WARN]	goods_manager.py	响应时间:292ms	重庆市	南岸区	这里是日志信息......
2022-09-16 17:15:54.937040	[WARN]	base_network.py	响应时间:9004ms	浙江省	丽水市	这里是日志信息......
2022-09-16 17:15:54.937040	[INFO]	goods_manager.py	响应时间:535ms	安徽省	池州市	这里是日志信息......
2022-09-16 17:15:54.937040	[INFO]	event.py	响应时间:269ms	安徽省	合肥市	这里是日志信息......
2022-09-16 17:15:54.937040	[INFO]	event.py	响应时间:671ms	湖南省	长沙市	这里是日志信息......
2022-09-16 17:15:54.937040	[INFO]	event.py	响应时间:576ms	山东省	青岛市	这里是日志信息......
2022-09-16 17:15:54.937040	[INFO]	barcode_service.py	响应时间:587ms	湖南省	长沙市	这里是日志信息......
2022-09-16 17:15:54.937040	[INFO]	base_network.py	响应时间:585ms	山东省	济南市	这里是日志信息......
2022-09-16 17:15:54.937040	[INFO]	goods_manager.py	响应时间:626ms	广东省	深圳市	这里是日志信息......
2022-09-16 17:15:54.937040	[INFO]	goods_manager.py	响应时间:218ms	天津市	和平区	这里是日志信息......
2022-09-16 17:15:54.937040	[INFO]	goods_manager.py	响应时间:232ms	北京市	海淀区	这里是日志信息......
2022-09-16 17:15:54.937040	[INFO]	goods_manager.py	响应时间:720ms	湖北省	武汉市	这里是日志信息......
2022-09-16 17:15:54.937040	[INFO]	event.py	响应时间:336ms	安徽省	阜阳市	这里是日志信息......
2022-09-16 17:15:54.937040	[WARN]	goods_manager.py	响应时间:405ms	上海市	徐汇区	这里是日志信息......
2022-09-16 17:15:54.937040	[INFO]	barcode_service.py	响应时间:301ms	安徽省	池州市	这里是日志信息......
2022-09-16 17:15:54.937040	[INFO]	event.py	响应时间:8063ms	北京市	昌平区	这里是日志信息......
2022-09-16 17:15:54.937040	[INFO]	orders_service.py	响应时间:198ms	重庆市	万州区	这里是日志信息......
2022-09-16 17:15:54.937040	[INFO]	user_manager.py	响应时间:556ms	重庆市	南岸区	这里是日志信息......
2022-09-16 17:15:54.937040	[INFO]	orders_service.py	响应时间:253ms	安徽省	阜阳市	这里是日志信息......
2022-09-16 17:15:54.937040	[INFO]	event.py	响应时间:21ms	重庆市	万州区	这里是日志信息......
2022-09-16 17:15:54.937040	[INFO]	orders_service.py	响应时间:746ms	江苏省	张家港市	这里是日志信息......
2022-09-16 17:15:54.937040	[INFO]	user_manager.py	响应时间:1000ms	湖北省	十堰市	这里是日志信息......
2022-09-16 17:15:54.937040	[WARN]	orders_service.py	响应时间:275ms	上海市	静安区	这里是日志信息......
2022-09-16 17:15:54.937040	[WARN]	base_network.py	响应时间:199ms	安徽省	池州市	这里是日志信息......
2022-09-16 17:15:54.937040	[INFO]	orders_service.py	响应时间:62ms	重庆市	渝中区	这里是日志信息......
2022-09-16 17:15:54.937040	[INFO]	orders_service.py	响应时间:31ms	湖北省	荆州市	这里是日志信息......
2022-09-16 17:15:54.937040	[INFO]	user_manager.py	响应时间:287ms	湖南省	长沙市	这里是日志信息......
2022-09-16 17:15:54.937040	[INFO]	event.py	响应时间:380ms	山东省	济南市	这里是日志信息......
2022-09-16 17:15:54.937040	[INFO]	orders_service.py	响应时间:786ms	浙江省	舟山市	这里是日志信息......
2022-09-16 17:15:54.937040	[INFO]	goods_manager.py	响应时间:128ms	湖南省	长沙市	这里是日志信息......
2022-09-16 17:15:54.937040	[INFO]	orders_service.py	响应时间:292ms	天津市	和平区	这里是日志信息......
2022-09-16 17:15:54.937040	[INFO]	user_manager.py	响应时间:503ms	江苏省	苏州市	这里是日志信息......
2022-09-16 17:15:54.937040	[INFO]	event.py	响应时间:634ms	北京市	海淀区	这里是日志信息......
2022-09-16 17:15:54.937040	[WARN]	orders_service.py	响应时间:339ms	江苏省	无锡市	这里是日志信息......
2022-09-16 17:15:54.937040	[INFO]	shop_manager.py	响应时间:583ms	天津市	宝坻区	这里是日志信息......
2022-09-16 17:15:54.937040	[INFO]	shop_manager.py	响应时间:872ms	广东省	深圳市	这里是日志信息......
2022-09-16 17:15:54.937040	[INFO]	goods_manager.py	响应时间:656ms	安徽省	池州市	这里是日志信息......
2022-09-16 17:15:54.937040	[INFO]	shop_manager.py	响应时间:725ms	安徽省	铜陵市	这里是日志信息......
2022-09-16 17:15:54.937040	[INFO]	user_manager.py	响应时间:569ms	安徽省	阜阳市	这里是日志信息......
2022-09-16 17:15:54.937040	[INFO]	shop_manager.py	响应时间:18ms	广东省	珠海市	这里是日志信息......
2022-09-16 17:15:54.937040	[INFO]	user_manager.py	响应时间:578ms	北京市	海淀区	这里是日志信息......
2022-09-16 17:15:54.937040	[WARN]	orders_service.py	响应时间:6235ms	北京市	海淀区	这里是日志信息......
2022-09-16 17:15:54.937040	[ERROR]	orders_service.py	响应时间:6778ms	安徽省	芜湖市	这里是日志信息......
2022-09-16 17:15:54.937040	[INFO]	barcode_service.py	响应时间:121ms	湖南省	长沙市	这里是日志信息......
2022-09-16 17:15:54.937040	[INFO]	orders_service.py	响应时间:428ms	浙江省	金华市	这里是日志信息......
2022-09-16 17:15:54.937040	[INFO]	event.py	响应时间:784ms	上海市	普陀区	这里是日志信息......
2022-09-16 17:15:54.937040	[INFO]	event.py	响应时间:371ms	广东省	广州市	这里是日志信息......
2022-09-16 17:15:54.937040	[INFO]	orders_service.py	响应时间:641ms	北京市	海淀区	这里是日志信息......
2022-09-16 17:15:54.937040	[INFO]	base_network.py	响应时间:914ms	北京市	怀柔区	这里是日志信息......
2022-09-16 17:15:54.937040	[INFO]	event.py	响应时间:793ms	浙江省	丽水市	这里是日志信息......
2022-09-16 17:15:54.937040	[INFO]	orders_service.py	响应时间:80ms	浙江省	湖州市	这里是日志信息......
2022-09-16 17:15:54.937040	[INFO]	orders_service.py	响应时间:8251ms	湖北省	武汉市	这里是日志信息......
2022-09-16 17:15:54.937040	[INFO]	user_manager.py	响应时间:452ms	山东省	青岛市	这里是日志信息......
2022-09-16 17:15:54.937040	[WARN]	barcode_service.py	响应时间:607ms	浙江省	舟山市	这里是日志信息......
2022-09-16 17:15:54.937040	[INFO]	shop_manager.py	响应时间:491ms	山东省	菏泽市	这里是日志信息......
2022-09-16 17:15:54.938046	[INFO]	orders_service.py	响应时间:770ms	山东省	青岛市	这里是日志信息......
2022-09-16 17:15:54.938046	[INFO]	goods_manager.py	响应时间:345ms	安徽省	合肥市	这里是日志信息......
2022-09-16 17:15:54.938046	[INFO]	event.py	响应时间:31ms	湖北省	武汉市	这里是日志信息......
2022-09-16 17:15:54.938046	[WARN]	goods_manager.py	响应时间:382ms	湖北省	恩施土家族苗族自治州	这里是日志信息......
2022-09-16 17:15:54.938046	[INFO]	goods_manager.py	响应时间:347ms	湖南省	常德市	这里是日志信息......
2022-09-16 17:15:54.938046	[INFO]	barcode_service.py	响应时间:485ms	湖北省	十堰市	这里是日志信息......
2022-09-16 17:15:54.938046	[WARN]	user_manager.py	响应时间:3ms	江苏省	南京市	这里是日志信息......
2022-09-16 17:15:54.938046	[INFO]	goods_manager.py	响应时间:626ms	湖南省	张家界市	这里是日志信息......
2022-09-16 17:15:54.938046	[INFO]	orders_service.py	响应时间:547ms	天津市	河东区	这里是日志信息......
2022-09-16 17:15:54.938046	[WARN]	event.py	响应时间:557ms	北京市	丰台区	这里是日志信息......
2022-09-16 17:15:54.938046	[INFO]	base_network.py	响应时间:8725ms	湖南省	长沙市	这里是日志信息......
2022-09-16 17:15:54.938046	[INFO]	barcode_service.py	响应时间:628ms	山东省	青岛市	这里是日志信息......
2022-09-16 17:15:54.938046	[INFO]	event.py	响应时间:600ms	重庆市	涪陵区	这里是日志信息......
2022-09-16 17:15:54.938046	[WARN]	barcode_service.py	响应时间:610ms	安徽省	阜阳市	这里是日志信息......
2022-09-16 17:15:54.938046	[INFO]	base_network.py	响应时间:776ms	北京市	昌平区	这里是日志信息......
2022-09-16 17:15:54.938046	[INFO]	orders_service.py	响应时间:898ms	广东省	深圳市	这里是日志信息......
2022-09-16 17:15:54.938046	[INFO]	event.py	响应时间:54ms	湖南省	长沙市	这里是日志信息......
2022-09-16 17:15:54.938046	[INFO]	user_manager.py	响应时间:755ms	湖北省	武汉市	这里是日志信息......
2022-09-16 17:15:54.938046	[INFO]	orders_service.py	响应时间:487ms	湖北省	武汉市	这里是日志信息......
2022-09-16 17:15:54.938046	[INFO]	orders_service.py	响应时间:715ms	安徽省	合肥市	这里是日志信息......
2022-09-16 17:15:54.938046	[INFO]	user_manager.py	响应时间:578ms	江苏省	张家港市	这里是日志信息......
2022-09-16 17:15:54.938046	[INFO]	goods_manager.py	响应时间:541ms	天津市	宝坻区	这里是日志信息......
2022-09-16 17:15:54.938046	[WARN]	event.py	响应时间:3976ms	北京市	大兴区	这里是日志信息......
2022-09-16 17:15:54.938046	[INFO]	event.py	响应时间:331ms	重庆市	南岸区	这里是日志信息......
2022-09-16 17:15:54.938046	[INFO]	orders_service.py	响应时间:627ms	广东省	深圳市	这里是日志信息......
2022-09-16 17:15:54.938046	[INFO]	goods_manager.py	响应时间:477ms	湖南省	株洲市	这里是日志信息......
2022-09-16 17:15:54.938046	[INFO]	event.py	响应时间:630ms	江苏省	南京市	这里是日志信息......
2022-09-16 17:15:54.938046	[INFO]	goods_manager.py	响应时间:859ms	广东省	珠海市	这里是日志信息......
2022-09-16 17:15:54.938046	[INFO]	goods_manager.py	响应时间:236ms	广东省	深圳市	这里是日志信息......
2022-09-16 17:15:54.938046	[INFO]	orders_service.py	响应时间:212ms	湖南省	常德市	这里是日志信息......
2022-09-16 17:15:54.938046	[INFO]	base_network.py	响应时间:873ms	湖北省	十堰市	这里是日志信息......
2022-09-16 17:15:54.938046	[INFO]	shop_manager.py	响应时间:128ms	安徽省	合肥市	这里是日志信息......
2022-09-16 17:15:54.938046	[INFO]	goods_manager.py	响应时间:947ms	安徽省	芜湖市	这里是日志信息......
2022-09-16 17:15:54.938046	[INFO]	event.py	响应时间:118ms	江苏省	无锡市	这里是日志信息......
2022-09-16 17:15:54.938046	[INFO]	event.py	响应时间:134ms	江苏省	苏州市	这里是日志信息......
2022-09-16 17:15:54.938046	[INFO]	goods_manager.py	响应时间:110ms	浙江省	杭州市	这里是日志信息......
2022-09-16 17:15:54.938046	[INFO]	orders_service.py	响应时间:506ms	安徽省	阜阳市	这里是日志信息......
2022-09-16 17:15:54.938046	[WARN]	barcode_service.py	响应时间:809ms	广东省	广州市	这里是日志信息......
2022-09-16 17:15:54.938046	[INFO]	event.py	响应时间:545ms	浙江省	杭州市	这里是日志信息......
2022-09-16 17:15:54.938046	[INFO]	goods_manager.py	响应时间:136ms	湖北省	武汉市	这里是日志信息......
2022-09-16 17:15:54.938046	[INFO]	event.py	响应时间:450ms	重庆市	沙坪坝区	这里是日志信息......
2022-09-16 17:15:54.938046	[INFO]	event.py	响应时间:248ms	湖北省	武汉市	这里是日志信息......
2022-09-16 17:15:54.938046	[WARN]	user_manager.py	响应时间:241ms	天津市	和平区	这里是日志信息......
2022-09-16 17:15:54.938046	[ERROR]	user_manager.py	响应时间:222ms	重庆市	万州区	这里是日志信息......
2022-09-16 17:15:54.938046	[INFO]	event.py	响应时间:649ms	广东省	深圳市	这里是日志信息......
2022-09-16 17:15:54.938046	[INFO]	event.py	响应时间:14ms	江苏省	苏州市	这里是日志信息......
2022-09-16 17:15:54.938046	[INFO]	event.py	响应时间:969ms	浙江省	湖州市	这里是日志信息......
2022-09-16 17:15:54.938046	[INFO]	event.py	响应时间:285ms	浙江省	绍兴市	这里是日志信息......
2022-09-16 17:15:54.938046	[INFO]	event.py	响应时间:760ms	湖南省	长沙市	这里是日志信息......
2022-09-16 17:15:54.938046	[INFO]	event.py	响应时间:430ms	安徽省	合肥市	这里是日志信息......
2022-09-16 17:15:54.938046	[INFO]	goods_manager.py	响应时间:357ms	湖北省	恩施土家族苗族自治州	这里是日志信息......
2022-09-16 17:15:54.938046	[INFO]	event.py	响应时间:59ms	重庆市	南岸区	这里是日志信息......
2022-09-16 17:15:54.938046	[INFO]	goods_manager.py	响应时间:4ms	湖北省	十堰市	这里是日志信息......
2022-09-16 17:15:54.938046	[INFO]	base_network.py	响应时间:157ms	山东省	青岛市	这里是日志信息......
2022-09-16 17:15:54.938046	[INFO]	goods_manager.py	响应时间:719ms	湖北省	武汉市	这里是日志信息......
2022-09-16 17:15:54.938046	[INFO]	shop_manager.py	响应时间:572ms	天津市	武清区	这里是日志信息......
2022-09-16 17:15:54.938046	[INFO]	base_network.py	响应时间:321ms	湖南省	长沙市	这里是日志信息......
2022-09-16 17:15:54.938046	[INFO]	user_manager.py	响应时间:493ms	山东省	青岛市	这里是日志信息......
2022-09-16 17:15:54.938046	[INFO]	orders_service.py	响应时间:810ms	浙江省	丽水市	这里是日志信息......
2022-09-16 17:15:54.938046	[INFO]	barcode_service.py	响应时间:29ms	湖南省	长沙市	这里是日志信息......
2022-09-16 17:15:54.938046	[INFO]	user_manager.py	响应时间:800ms	山东省	济南市	这里是日志信息......
2022-09-16 17:15:54.938046	[ERROR]	goods_manager.py	响应时间:353ms	上海市	浦东新区	这里是日志信息......
2022-09-16 17:15:54.938046	[INFO]	barcode_service.py	响应时间:635ms	上海市	静安区	这里是日志信息......
2022-09-16 17:15:54.938046	[INFO]	user_manager.py	响应时间:102ms	广东省	深圳市	这里是日志信息......
2022-09-16 17:15:54.938046	[WARN]	barcode_service.py	响应时间:760ms	重庆市	涪陵区	这里是日志信息......
2022-09-16 17:15:54.938046	[WARN]	orders_service.py	响应时间:578ms	湖北省	荆州市	这里是日志信息......
2022-09-16 17:15:54.938046	[INFO]	shop_manager.py	响应时间:533ms	山东省	青岛市	这里是日志信息......
2022-09-16 17:15:54.938046	[INFO]	orders_service.py	响应时间:554ms	上海市	浦东新区	这里是日志信息......
2022-09-16 17:15:54.938046	[ERROR]	orders_service.py	响应时间:933ms	湖北省	武汉市	这里是日志信息......
2022-09-16 17:15:54.938046	[INFO]	orders_service.py	响应时间:374ms	山东省	济南市	这里是日志信息......
2022-09-16 17:15:54.938046	[INFO]	goods_manager.py	响应时间:454ms	天津市	河西区	这里是日志信息......
2022-09-16 17:15:54.938046	[WARN]	base_network.py	响应时间:854ms	山东省	济南市	这里是日志信息......
2022-09-16 17:15:54.938046	[INFO]	barcode_service.py	响应时间:562ms	上海市	浦东新区	这里是日志信息......
2022-09-16 17:15:54.938046	[INFO]	goods_manager.py	响应时间:913ms	湖北省	武汉市	这里是日志信息......
2022-09-16 17:15:54.939046	[INFO]	goods_manager.py	响应时间:612ms	江苏省	宿迁市	这里是日志信息......
2022-09-16 17:15:54.939046	[WARN]	goods_manager.py	响应时间:379ms	湖北省	十堰市	这里是日志信息......
2022-09-16 17:15:54.939046	[WARN]	orders_service.py	响应时间:143ms	天津市	宝坻区	这里是日志信息......
2022-09-16 17:15:54.939046	[INFO]	goods_manager.py	响应时间:936ms	上海市	浦东新区	这里是日志信息......
2022-09-16 17:15:54.939046	[ERROR]	event.py	响应时间:751ms	重庆市	南岸区	这里是日志信息......
2022-09-16 17:15:54.939046	[INFO]	event.py	响应时间:738ms	湖北省	武汉市	这里是日志信息......
2022-09-16 17:15:54.939046	[INFO]	orders_service.py	响应时间:295ms	广东省	广州市	这里是日志信息......
2022-09-16 17:15:54.939046	[INFO]	shop_manager.py	响应时间:115ms	江苏省	南京市	这里是日志信息......
2022-09-16 17:15:54.939046	[INFO]	goods_manager.py	响应时间:817ms	江苏省	无锡市	这里是日志信息......
2022-09-16 17:15:54.939046	[WARN]	orders_service.py	响应时间:645ms	重庆市	万州区	这里是日志信息......
2022-09-16 17:15:54.939046	[INFO]	event.py	响应时间:113ms	山东省	济南市	这里是日志信息......
2022-09-16 17:15:54.939046	[ERROR]	orders_service.py	响应时间:157ms	北京市	大兴区	这里是日志信息......
2022-09-16 17:15:54.939046	[INFO]	goods_manager.py	响应时间:874ms	湖北省	荆州市	这里是日志信息......
2022-09-16 17:15:54.939046	[INFO]	barcode_service.py	响应时间:95ms	广东省	珠海市	这里是日志信息......
2022-09-16 17:15:54.939046	[INFO]	orders_service.py	响应时间:104ms	广东省	深圳市	这里是日志信息......
2022-09-16 17:15:54.939046	[INFO]	shop_manager.py	响应时间:129ms	重庆市	涪陵区	这里是日志信息......
2022-09-16 17:15:54.939046	[INFO]	orders_service.py	响应时间:763ms	天津市	宝坻区	这里是日志信息......
2022-09-16 17:15:54.939046	[INFO]	orders_service.py	响应时间:611ms	浙江省	嘉兴市	这里是日志信息......
2022-09-16 17:15:54.939046	[WARN]	event.py	响应时间:701ms	重庆市	南岸区	这里是日志信息......
2022-09-16 17:15:54.939046	[INFO]	goods_manager.py	响应时间:673ms	浙江省	嘉兴市	这里是日志信息......
2022-09-16 17:15:54.939046	[INFO]	barcode_service.py	响应时间:648ms	安徽省	阜阳市	这里是日志信息......
2022-09-16 17:15:54.939046	[INFO]	event.py	响应时间:466ms	湖南省	长沙市	这里是日志信息......
2022-09-16 17:15:54.939046	[INFO]	goods_manager.py	响应时间:308ms	湖南省	张家界市	这里是日志信息......
2022-09-16 17:15:54.939046	[INFO]	shop_manager.py	响应时间:520ms	湖南省	株洲市	这里是日志信息......
2022-09-16 17:15:54.939046	[INFO]	orders_service.py	响应时间:475ms	重庆市	九龙坡区	这里是日志信息......
2022-09-16 17:15:54.939046	[INFO]	event.py	响应时间:703ms	湖北省	十堰市	这里是日志信息......
2022-09-16 17:15:54.939046	[INFO]	orders_service.py	响应时间:48ms	天津市	河西区	这里是日志信息......
2022-09-16 17:15:54.939046	[WARN]	event.py	响应时间:116ms	安徽省	芜湖市	这里是日志信息......
2022-09-16 17:15:54.939046	[INFO]	event.py	响应时间:23ms	重庆市	万州区	这里是日志信息......
2022-09-16 17:15:54.939046	[INFO]	goods_manager.py	响应时间:394ms	江苏省	苏州市	这里是日志信息......
2022-09-16 17:15:54.939046	[INFO]	event.py	响应时间:92ms	湖南省	常德市	这里是日志信息......
2022-09-16 17:15:54.939046	[INFO]	barcode_service.py	响应时间:27ms	湖北省	武汉市	这里是日志信息......
2022-09-16 17:15:54.939046	[INFO]	event.py	响应时间:857ms	重庆市	渝中区	这里是日志信息......
2022-09-16 17:15:54.939046	[WARN]	orders_service.py	响应时间:694ms	湖北省	恩施土家族苗族自治州	这里是日志信息......
2022-09-16 17:15:54.939046	[INFO]	barcode_service.py	响应时间:2218ms	上海市	普陀区	这里是日志信息......
2022-09-16 17:15:54.939046	[INFO]	orders_service.py	响应时间:878ms	天津市	武清区	这里是日志信息......
2022-09-16 17:15:54.939046	[INFO]	event.py	响应时间:77ms	浙江省	金华市	这里是日志信息......
2022-09-16 17:15:54.939046	[INFO]	goods_manager.py	响应时间:446ms	山东省	青岛市	这里是日志信息......
2022-09-16 17:15:54.939046	[INFO]	orders_service.py	响应时间:965ms	北京市	海淀区	这里是日志信息......
2022-09-16 17:15:54.939046	[INFO]	orders_service.py	响应时间:607ms	浙江省	湖州市	这里是日志信息......
2022-09-16 17:15:54.939046	[INFO]	event.py	响应时间:248ms	广东省	广州市	这里是日志信息......
2022-09-16 17:15:54.939046	[INFO]	base_network.py	响应时间:100ms	北京市	丰台区	这里是日志信息......
2022-09-16 17:15:54.939046	[INFO]	barcode_service.py	响应时间:915ms	山东省	青岛市	这里是日志信息......
2022-09-16 17:15:54.939046	[INFO]	event.py	响应时间:609ms	北京市	怀柔区	这里是日志信息......
2022-09-16 17:15:54.939046	[INFO]	event.py	响应时间:586ms	北京市	朝阳区	这里是日志信息......
2022-09-16 17:15:54.939046	[INFO]	orders_service.py	响应时间:677ms	湖北省	恩施土家族苗族自治州	这里是日志信息......
2022-09-16 17:15:54.939046	[INFO]	event.py	响应时间:441ms	天津市	河西区	这里是日志信息......
2022-09-16 17:15:54.939046	[INFO]	barcode_service.py	响应时间:386ms	安徽省	芜湖市	这里是日志信息......
2022-09-16 17:15:54.939046	[INFO]	goods_manager.py	响应时间:410ms	北京市	海淀区	这里是日志信息......
2022-09-16 17:15:54.939046	[INFO]	shop_manager.py	响应时间:848ms	湖北省	武汉市	这里是日志信息......
2022-09-16 17:15:54.939046	[INFO]	event.py	响应时间:803ms	湖南省	长沙市	这里是日志信息......
2022-09-16 17:15:54.939046	[INFO]	user_manager.py	响应时间:171ms	上海市	普陀区	这里是日志信息......
2022-09-16 17:15:54.939046	[INFO]	goods_manager.py	响应时间:774ms	江苏省	张家港市	这里是日志信息......
2022-09-16 17:15:54.939046	[INFO]	base_network.py	响应时间:645ms	安徽省	阜阳市	这里是日志信息......
2022-09-16 17:15:54.939046	[INFO]	shop_manager.py	响应时间:141ms	广东省	广州市	这里是日志信息......
2022-09-16 17:15:54.939046	[WARN]	orders_service.py	响应时间:487ms	山东省	菏泽市	这里是日志信息......
2022-09-16 17:15:54.939046	[INFO]	goods_manager.py	响应时间:195ms	天津市	河东区	这里是日志信息......
2022-09-16 17:15:54.939046	[INFO]	event.py	响应时间:677ms	广东省	深圳市	这里是日志信息......
2022-09-16 17:15:54.939046	[WARN]	goods_manager.py	响应时间:389ms	山东省	青岛市	这里是日志信息......
2022-09-16 17:15:54.939046	[INFO]	event.py	响应时间:174ms	湖南省	长沙市	这里是日志信息......
2022-09-16 17:15:54.939046	[INFO]	orders_service.py	响应时间:527ms	天津市	和平区	这里是日志信息......
2022-09-16 17:15:54.939046	[INFO]	barcode_service.py	响应时间:300ms	湖南省	株洲市	这里是日志信息......
2022-09-16 17:15:54.939046	[INFO]	goods_manager.py	响应时间:83ms	上海市	静安区	这里是日志信息......
2022-09-16 17:15:54.939046	[INFO]	orders_service.py	响应时间:244ms	浙江省	舟山市	这里是日志信息......
2022-09-16 17:15:54.939046	[INFO]	event.py	响应时间:287ms	天津市	和平区	这里是日志信息......
2022-09-16 17:15:54.939046	[INFO]	barcode_service.py	响应时间:985ms	上海市	浦东新区	这里是日志信息......
2022-09-16 17:15:54.939046	[INFO]	event.py	响应时间:948ms	北京市	海淀区	这里是日志信息......
2022-09-16 17:15:54.939046	[INFO]	shop_manager.py	响应时间:809ms	广东省	深圳市	这里是日志信息......
2022-09-16 17:15:54.939046	[INFO]	goods_manager.py	响应时间:814ms	湖北省	十堰市	这里是日志信息......
2022-09-16 17:15:54.939046	[INFO]	base_network.py	响应时间:371ms	浙江省	湖州市	这里是日志信息......
2022-09-16 17:15:54.939046	[INFO]	user_manager.py	响应时间:143ms	广东省	深圳市	这里是日志信息......
2022-09-16 17:15:54.939046	[INFO]	base_network.py	响应时间:923ms	湖北省	武汉市	这里是日志信息......
2022-09-16 17:15:54.939046	[INFO]	barcode_service.py	响应时间:754ms	湖北省	武汉市	这里是日志信息......
2022-09-16 17:15:54.939046	[INFO]	orders_service.py	响应时间:903ms	上海市	黄浦区	这里是日志信息......
2022-09-16 17:15:54.939046	[WARN]	orders_service.py	响应时间:944ms	浙江省	杭州市	这里是日志信息......
2022-09-16 17:15:54.940047	[INFO]	barcode_service.py	响应时间:111ms	江苏省	南京市	这里是日志信息......
2022-09-16 17:15:54.940047	[INFO]	base_network.py	响应时间:698ms	安徽省	池州市	这里是日志信息......
2022-09-16 17:15:54.940047	[INFO]	user_manager.py	响应时间:223ms	湖北省	恩施土家族苗族自治州	这里是日志信息......
2022-09-16 17:15:54.940047	[INFO]	orders_service.py	响应时间:787ms	湖北省	武汉市	这里是日志信息......
2022-09-16 17:15:54.940047	[INFO]	orders_service.py	响应时间:8677ms	重庆市	南岸区	这里是日志信息......
2022-09-16 17:15:54.940047	[INFO]	goods_manager.py	响应时间:64ms	湖北省	武汉市	这里是日志信息......
2022-09-16 17:15:54.940047	[ERROR]	orders_service.py	响应时间:731ms	浙江省	绍兴市	这里是日志信息......
2022-09-16 17:15:54.940047	[INFO]	event.py	响应时间:784ms	广东省	广州市	这里是日志信息......
2022-09-16 17:15:54.940047	[INFO]	orders_service.py	响应时间:515ms	天津市	河东区	这里是日志信息......
2022-09-16 17:15:54.940047	[INFO]	orders_service.py	响应时间:768ms	重庆市	沙坪坝区	这里是日志信息......
2022-09-16 17:15:54.940047	[INFO]	orders_service.py	响应时间:316ms	安徽省	铜陵市	这里是日志信息......
2022-09-16 17:15:54.940047	[ERROR]	user_manager.py	响应时间:4580ms	重庆市	九龙坡区	这里是日志信息......
2022-09-16 17:15:54.940047	[INFO]	orders_service.py	响应时间:561ms	山东省	青岛市	这里是日志信息......
2022-09-16 17:15:54.940047	[INFO]	goods_manager.py	响应时间:695ms	广东省	深圳市	这里是日志信息......
2022-09-16 17:15:54.940047	[WARN]	shop_manager.py	响应时间:834ms	北京市	海淀区	这里是日志信息......
2022-09-16 17:15:54.940047	[INFO]	shop_manager.py	响应时间:87ms	天津市	和平区	这里是日志信息......
2022-09-16 17:15:54.940047	[WARN]	event.py	响应时间:834ms	广东省	广州市	这里是日志信息......
2022-09-16 17:15:54.940047	[INFO]	shop_manager.py	响应时间:183ms	重庆市	渝中区	这里是日志信息......
2022-09-16 17:15:54.940047	[INFO]	event.py	响应时间:321ms	湖北省	武汉市	这里是日志信息......
2022-09-16 17:15:54.940047	[INFO]	event.py	响应时间:544ms	重庆市	九龙坡区	这里是日志信息......
2022-09-16 17:15:54.940047	[INFO]	goods_manager.py	响应时间:664ms	湖南省	长沙市	这里是日志信息......
2022-09-16 17:15:54.940047	[INFO]	goods_manager.py	响应时间:604ms	重庆市	万州区	这里是日志信息......
2022-09-16 17:15:54.940047	[INFO]	goods_manager.py	响应时间:910ms	广东省	广州市	这里是日志信息......
2022-09-16 17:15:54.940047	[INFO]	goods_manager.py	响应时间:622ms	浙江省	湖州市	这里是日志信息......
2022-09-16 17:15:54.940047	[INFO]	base_network.py	响应时间:326ms	湖南省	长沙市	这里是日志信息......
2022-09-16 17:15:54.940047	[ERROR]	goods_manager.py	响应时间:900ms	湖南省	张家界市	这里是日志信息......
2022-09-16 17:15:54.940047	[INFO]	shop_manager.py	响应时间:904ms	浙江省	杭州市	这里是日志信息......
2022-09-16 17:15:54.940047	[INFO]	goods_manager.py	响应时间:5343ms	广东省	深圳市	这里是日志信息......
2022-09-16 17:15:54.940047	[INFO]	shop_manager.py	响应时间:353ms	浙江省	杭州市	这里是日志信息......
2022-09-16 17:15:54.940047	[INFO]	event.py	响应时间:604ms	重庆市	渝中区	这里是日志信息......
2022-09-16 17:15:54.940047	[INFO]	event.py	响应时间:992ms	湖南省	株洲市	这里是日志信息......
2022-09-16 17:15:54.940047	[INFO]	orders_service.py	响应时间:899ms	广东省	深圳市	这里是日志信息......
2022-09-16 17:15:54.940047	[INFO]	event.py	响应时间:940ms	安徽省	池州市	这里是日志信息......
2022-09-16 17:15:54.940047	[INFO]	goods_manager.py	响应时间:216ms	广东省	珠海市	这里是日志信息......
2022-09-16 17:15:54.940047	[INFO]	goods_manager.py	响应时间:456ms	安徽省	阜阳市	这里是日志信息......
2022-09-16 17:15:54.940047	[INFO]	event.py	响应时间:240ms	安徽省	阜阳市	这里是日志信息......
2022-09-16 17:15:54.940047	[INFO]	goods_manager.py	响应时间:373ms	重庆市	万州区	这里是日志信息......
2022-09-16 17:15:54.940047	[INFO]	barcode_service.py	响应时间:436ms	天津市	河东区	这里是日志信息......
2022-09-16 17:15:54.940047	[INFO]	orders_service.py	响应时间:435ms	湖北省	武汉市	这里是日志信息......
2022-09-16 17:15:54.940047	[WARN]	barcode_service.py	响应时间:731ms	湖南省	常德市	这里是日志信息......
2022-09-16 17:15:54.940047	[INFO]	orders_service.py	响应时间:878ms	浙江省	丽水市	这里是日志信息......
2022-09-16 17:15:54.940047	[INFO]	goods_manager.py	响应时间:251ms	上海市	宝山区	这里是日志信息......
2022-09-16 17:15:54.940047	[INFO]	user_manager.py	响应时间:657ms	天津市	宝坻区	这里是日志信息......
2022-09-16 17:15:54.940047	[INFO]	event.py	响应时间:185ms	湖南省	长沙市	这里是日志信息......
2022-09-16 17:15:54.940047	[INFO]	barcode_service.py	响应时间:583ms	重庆市	万州区	这里是日志信息......
2022-09-16 17:15:54.940047	[INFO]	goods_manager.py	响应时间:211ms	天津市	河东区	这里是日志信息......
2022-09-16 17:15:54.940047	[INFO]	event.py	响应时间:478ms	浙江省	杭州市	这里是日志信息......
2022-09-16 17:15:54.940047	[INFO]	barcode_service.py	响应时间:630ms	山东省	济南市	这里是日志信息......
2022-09-16 17:15:54.940047	[INFO]	shop_manager.py	响应时间:39ms	广东省	深圳市	这里是日志信息......
2022-09-16 17:15:54.940047	[INFO]	user_manager.py	响应时间:91ms	安徽省	合肥市	这里是日志信息......
2022-09-16 17:15:54.940047	[INFO]	base_network.py	响应时间:999ms	上海市	普陀区	这里是日志信息......
2022-09-16 17:15:54.940047	[WARN]	goods_manager.py	响应时间:314ms	山东省	青岛市	这里是日志信息......
2022-09-16 17:15:54.940047	[INFO]	barcode_service.py	响应时间:764ms	湖北省	恩施土家族苗族自治州	这里是日志信息......
2022-09-16 17:15:54.940047	[ERROR]	goods_manager.py	响应时间:636ms	浙江省	丽水市	这里是日志信息......
2022-09-16 17:15:54.940047	[WARN]	orders_service.py	响应时间:792ms	湖北省	武汉市	这里是日志信息......
2022-09-16 17:15:54.940047	[WARN]	barcode_service.py	响应时间:483ms	湖北省	恩施土家族苗族自治州	这里是日志信息......
2022-09-16 17:15:54.940047	[WARN]	event.py	响应时间:211ms	江苏省	苏州市	这里是日志信息......
2022-09-16 17:15:54.940047	[INFO]	event.py	响应时间:556ms	湖北省	十堰市	这里是日志信息......
2022-09-16 17:15:54.940047	[INFO]	event.py	响应时间:315ms	湖南省	长沙市	这里是日志信息......
2022-09-16 17:15:54.940047	[WARN]	orders_service.py	响应时间:454ms	湖南省	长沙市	这里是日志信息......
2022-09-16 17:15:54.940047	[INFO]	event.py	响应时间:482ms	江苏省	南京市	这里是日志信息......
2022-09-16 17:15:54.940047	[INFO]	event.py	响应时间:232ms	上海市	徐汇区	这里是日志信息......
2022-09-16 17:15:54.940047	[INFO]	barcode_service.py	响应时间:5255ms	江苏省	南京市	这里是日志信息......
2022-09-16 17:15:54.940047	[INFO]	event.py	响应时间:863ms	广东省	广州市	这里是日志信息......
2022-09-16 17:15:54.940047	[INFO]	user_manager.py	响应时间:911ms	北京市	丰台区	这里是日志信息......
2022-09-16 17:15:54.940047	[WARN]	orders_service.py	响应时间:271ms	天津市	河西区	这里是日志信息......
2022-09-16 17:15:54.940047	[INFO]	orders_service.py	响应时间:987ms	山东省	青岛市	这里是日志信息......
2022-09-16 17:15:54.940047	[INFO]	user_manager.py	响应时间:909ms	重庆市	渝中区	这里是日志信息......
2022-09-16 17:15:54.940047	[INFO]	goods_manager.py	响应时间:735ms	重庆市	渝中区	这里是日志信息......
2022-09-16 17:15:54.940047	[INFO]	barcode_service.py	响应时间:935ms	重庆市	渝中区	这里是日志信息......
2022-09-16 17:15:54.940047	[INFO]	event.py	响应时间:204ms	广东省	深圳市	这里是日志信息......
2022-09-16 17:15:54.940047	[INFO]	shop_manager.py	响应时间:39ms	上海市	杨浦区	这里是日志信息......
2022-09-16 17:15:54.941047	[INFO]	goods_manager.py	响应时间:443ms	湖北省	武汉市	这里是日志信息......
2022-09-16 17:15:54.941047	[INFO]	base_network.py	响应时间:655ms	江苏省	南京市	这里是日志信息......
2022-09-16 17:15:54.941047	[INFO]	base_network.py	响应时间:7ms	安徽省	合肥市	这里是日志信息......
2022-09-16 17:15:54.941047	[WARN]	shop_manager.py	响应时间:225ms	湖北省	荆州市	这里是日志信息......
2022-09-16 17:15:54.941047	[INFO]	goods_manager.py	响应时间:361ms	浙江省	舟山市	这里是日志信息......
2022-09-16 17:15:54.941047	[INFO]	base_network.py	响应时间:733ms	湖北省	恩施土家族苗族自治州	这里是日志信息......
2022-09-16 17:15:54.941047	[WARN]	barcode_service.py	响应时间:4056ms	上海市	宝山区	这里是日志信息......
2022-09-16 17:15:54.941047	[INFO]	orders_service.py	响应时间:937ms	湖南省	长沙市	这里是日志信息......
2022-09-16 17:15:54.941047	[WARN]	goods_manager.py	响应时间:57ms	浙江省	绍兴市	这里是日志信息......
2022-09-16 17:15:54.941047	[INFO]	user_manager.py	响应时间:788ms	湖北省	十堰市	这里是日志信息......
2022-09-16 17:15:54.941047	[INFO]	event.py	响应时间:258ms	湖南省	长沙市	这里是日志信息......
2022-09-16 17:15:54.941047	[WARN]	goods_manager.py	响应时间:715ms	广东省	深圳市	这里是日志信息......
2022-09-16 17:15:54.941047	[INFO]	goods_manager.py	响应时间:165ms	重庆市	渝中区	这里是日志信息......
2022-09-16 17:15:54.941047	[WARN]	goods_manager.py	响应时间:304ms	北京市	昌平区	这里是日志信息......
2022-09-16 17:15:54.941047	[INFO]	shop_manager.py	响应时间:261ms	上海市	浦东新区	这里是日志信息......
2022-09-16 17:15:54.941047	[INFO]	user_manager.py	响应时间:171ms	广东省	广州市	这里是日志信息......
2022-09-16 17:15:54.941047	[INFO]	orders_service.py	响应时间:141ms	湖南省	益阳市	这里是日志信息......
2022-09-16 17:15:54.941047	[INFO]	barcode_service.py	响应时间:566ms	北京市	海淀区	这里是日志信息......
2022-09-16 17:15:54.941047	[INFO]	base_network.py	响应时间:9830ms	江苏省	张家港市	这里是日志信息......
2022-09-16 17:15:54.941047	[INFO]	event.py	响应时间:428ms	山东省	济南市	这里是日志信息......
2022-09-16 17:15:54.941047	[INFO]	orders_service.py	响应时间:762ms	天津市	和平区	这里是日志信息......
2022-09-16 17:15:54.941047	[INFO]	user_manager.py	响应时间:138ms	上海市	徐汇区	这里是日志信息......
2022-09-16 17:15:54.941047	[INFO]	goods_manager.py	响应时间:189ms	天津市	宝坻区	这里是日志信息......
2022-09-16 17:15:54.941047	[INFO]	event.py	响应时间:107ms	江苏省	常州市	这里是日志信息......
2022-09-16 17:15:54.941047	[INFO]	event.py	响应时间:969ms	上海市	静安区	这里是日志信息......
2022-09-16 17:15:54.941047	[INFO]	user_manager.py	响应时间:538ms	浙江省	杭州市	这里是日志信息......
2022-09-16 17:15:54.941047	[WARN]	orders_service.py	响应时间:255ms	天津市	河东区	这里是日志信息......
2022-09-16 17:15:54.941047	[INFO]	goods_manager.py	响应时间:917ms	山东省	济南市	这里是日志信息......
2022-09-16 17:15:54.941047	[INFO]	event.py	响应时间:9516ms	上海市	浦东新区	这里是日志信息......
2022-09-16 17:15:54.941047	[INFO]	orders_service.py	响应时间:195ms	北京市	丰台区	这里是日志信息......
2022-09-16 17:15:54.941047	[ERROR]	event.py	响应时间:357ms	广东省	深圳市	这里是日志信息......
2022-09-16 17:15:54.941047	[INFO]	barcode_service.py	响应时间:648ms	山东省	青岛市	这里是日志信息......
2022-09-16 17:15:54.941047	[INFO]	orders_service.py	响应时间:494ms	上海市	黄浦区	这里是日志信息......
2022-09-16 17:15:54.941047	[INFO]	base_network.py	响应时间:280ms	湖南省	长沙市	这里是日志信息......
2022-09-16 17:15:54.941047	[INFO]	shop_manager.py	响应时间:994ms	江苏省	南京市	这里是日志信息......
2022-09-16 17:15:54.941047	[INFO]	event.py	响应时间:723ms	上海市	宝山区	这里是日志信息......
2022-09-16 17:15:54.941047	[INFO]	goods_manager.py	响应时间:32ms	重庆市	九龙坡区	这里是日志信息......
2022-09-16 17:15:54.941047	[INFO]	shop_manager.py	响应时间:662ms	安徽省	阜阳市	这里是日志信息......
2022-09-16 17:15:54.941047	[INFO]	orders_service.py	响应时间:193ms	山东省	济南市	这里是日志信息......
2022-09-16 17:15:54.941047	[INFO]	user_manager.py	响应时间:212ms	重庆市	沙坪坝区	这里是日志信息......
2022-09-16 17:15:54.941047	[INFO]	event.py	响应时间:736ms	湖南省	长沙市	这里是日志信息......
2022-09-16 17:15:54.941047	[INFO]	goods_manager.py	响应时间:113ms	浙江省	湖州市	这里是日志信息......
2022-09-16 17:15:54.941047	[INFO]	base_network.py	响应时间:977ms	浙江省	杭州市	这里是日志信息......
2022-09-16 17:15:54.941047	[INFO]	event.py	响应时间:483ms	北京市	昌平区	这里是日志信息......
2022-09-16 17:15:54.941047	[INFO]	orders_service.py	响应时间:802ms	重庆市	万州区	这里是日志信息......
2022-09-16 17:15:54.941047	[INFO]	user_manager.py	响应时间:140ms	上海市	黄浦区	这里是日志信息......
2022-09-16 17:15:54.941047	[INFO]	orders_service.py	响应时间:870ms	山东省	青岛市	这里是日志信息......
2022-09-16 17:15:54.941047	[INFO]	user_manager.py	响应时间:868ms	上海市	浦东新区	这里是日志信息......
2022-09-16 17:15:54.941047	[INFO]	goods_manager.py	响应时间:801ms	上海市	浦东新区	这里是日志信息......
2022-09-16 17:15:54.941047	[INFO]	goods_manager.py	响应时间:748ms	浙江省	杭州市	这里是日志信息......
2022-09-16 17:15:54.941047	[INFO]	orders_service.py	响应时间:396ms	上海市	静安区	这里是日志信息......
2022-09-16 17:15:54.941047	[INFO]	shop_manager.py	响应时间:256ms	湖南省	长沙市	这里是日志信息......
2022-09-16 17:15:54.941047	[INFO]	event.py	响应时间:363ms	湖北省	恩施土家族苗族自治州	这里是日志信息......
2022-09-16 17:15:54.941047	[INFO]	barcode_service.py	响应时间:844ms	重庆市	南岸区	这里是日志信息......
2022-09-16 17:15:54.941047	[INFO]	event.py	响应时间:851ms	安徽省	铜陵市	这里是日志信息......
2022-09-16 17:15:54.941047	[INFO]	event.py	响应时间:237ms	江苏省	南京市	这里是日志信息......
2022-09-16 17:15:54.941047	[INFO]	barcode_service.py	响应时间:676ms	广东省	广州市	这里是日志信息......
2022-09-16 17:15:54.941047	[INFO]	event.py	响应时间:611ms	湖北省	十堰市	这里是日志信息......
2022-09-16 17:15:54.941047	[INFO]	event.py	响应时间:188ms	上海市	普陀区	这里是日志信息......
2022-09-16 17:15:54.941047	[INFO]	event.py	响应时间:83ms	安徽省	六安市	这里是日志信息......
2022-09-16 17:15:54.941047	[INFO]	base_network.py	响应时间:480ms	重庆市	涪陵区	这里是日志信息......
2022-09-16 17:15:54.941047	[INFO]	base_network.py	响应时间:899ms	浙江省	金华市	这里是日志信息......
2022-09-16 17:15:54.941047	[INFO]	barcode_service.py	响应时间:823ms	湖北省	十堰市	这里是日志信息......
2022-09-16 17:15:54.941047	[WARN]	event.py	响应时间:541ms	广东省	深圳市	这里是日志信息......
2022-09-16 17:15:54.941047	[INFO]	goods_manager.py	响应时间:861ms	湖北省	恩施土家族苗族自治州	这里是日志信息......
2022-09-16 17:15:54.941047	[INFO]	barcode_service.py	响应时间:4776ms	广东省	广州市	这里是日志信息......
2022-09-16 17:15:54.941047	[INFO]	orders_service.py	响应时间:893ms	山东省	济南市	这里是日志信息......
2022-09-16 17:15:54.941047	[INFO]	orders_service.py	响应时间:300ms	安徽省	合肥市	这里是日志信息......
2022-09-16 17:15:54.941047	[INFO]	barcode_service.py	响应时间:150ms	安徽省	芜湖市	这里是日志信息......
2022-09-16 17:15:54.941047	[WARN]	barcode_service.py	响应时间:483ms	江苏省	南京市	这里是日志信息......
2022-09-16 17:15:54.941047	[INFO]	event.py	响应时间:349ms	上海市	黄浦区	这里是日志信息......
2022-09-16 17:15:54.941047	[INFO]	event.py	响应时间:438ms	山东省	青岛市	这里是日志信息......
2022-09-16 17:15:54.941047	[INFO]	shop_manager.py	响应时间:358ms	北京市	朝阳区	这里是日志信息......
2022-09-16 17:15:54.942041	[INFO]	base_network.py	响应时间:436ms	广东省	珠海市	这里是日志信息......
2022-09-16 17:15:54.942041	[ERROR]	orders_service.py	响应时间:642ms	湖南省	长沙市	这里是日志信息......
2022-09-16 17:15:54.942041	[INFO]	barcode_service.py	响应时间:360ms	湖北省	荆州市	这里是日志信息......
2022-09-16 17:15:54.942041	[INFO]	event.py	响应时间:427ms	北京市	朝阳区	这里是日志信息......
2022-09-16 17:15:54.942041	[INFO]	goods_manager.py	响应时间:35ms	江苏省	常州市	这里是日志信息......
2022-09-16 17:15:54.942041	[INFO]	barcode_service.py	响应时间:174ms	北京市	海淀区	这里是日志信息......
2022-09-16 17:15:54.942041	[INFO]	goods_manager.py	响应时间:155ms	江苏省	南京市	这里是日志信息......
2022-09-16 17:15:54.942041	[INFO]	event.py	响应时间:756ms	湖南省	长沙市	这里是日志信息......
2022-09-16 17:15:54.942041	[ERROR]	event.py	响应时间:436ms	重庆市	万州区	这里是日志信息......
2022-09-16 17:15:54.942041	[WARN]	event.py	响应时间:415ms	上海市	杨浦区	这里是日志信息......
2022-09-16 17:15:54.942041	[WARN]	goods_manager.py	响应时间:675ms	山东省	青岛市	这里是日志信息......
2022-09-16 17:15:54.942041	[INFO]	shop_manager.py	响应时间:255ms	北京市	朝阳区	这里是日志信息......
2022-09-16 17:15:54.942041	[INFO]	orders_service.py	响应时间:321ms	湖南省	株洲市	这里是日志信息......
2022-09-16 17:15:54.942041	[WARN]	orders_service.py	响应时间:907ms	重庆市	万州区	这里是日志信息......
2022-09-16 17:15:54.942041	[INFO]	goods_manager.py	响应时间:381ms	安徽省	合肥市	这里是日志信息......
2022-09-16 17:15:54.942041	[INFO]	orders_service.py	响应时间:166ms	广东省	深圳市	这里是日志信息......
2022-09-16 17:15:54.942041	[INFO]	event.py	响应时间:409ms	上海市	浦东新区	这里是日志信息......
2022-09-16 17:15:54.942041	[ERROR]	event.py	响应时间:522ms	重庆市	涪陵区	这里是日志信息......
2022-09-16 17:15:54.942041	[INFO]	orders_service.py	响应时间:678ms	浙江省	杭州市	这里是日志信息......
2022-09-16 17:15:54.942041	[INFO]	event.py	响应时间:264ms	天津市	武清区	这里是日志信息......
2022-09-16 17:15:54.942041	[ERROR]	event.py	响应时间:263ms	山东省	青岛市	这里是日志信息......
2022-09-16 17:15:54.942041	[INFO]	event.py	响应时间:203ms	上海市	杨浦区	这里是日志信息......
2022-09-16 17:15:54.942041	[WARN]	event.py	响应时间:784ms	江苏省	苏州市	这里是日志信息......
2022-09-16 17:15:54.942041	[INFO]	goods_manager.py	响应时间:971ms	浙江省	丽水市	这里是日志信息......
2022-09-16 17:15:54.942041	[INFO]	event.py	响应时间:744ms	北京市	海淀区	这里是日志信息......
2022-09-16 17:15:54.942041	[INFO]	user_manager.py	响应时间:422ms	广东省	广州市	这里是日志信息......
2022-09-16 17:15:54.942041	[WARN]	event.py	响应时间:1927ms	重庆市	九龙坡区	这里是日志信息......
2022-09-16 17:15:54.942041	[INFO]	orders_service.py	响应时间:3068ms	安徽省	阜阳市	这里是日志信息......
2022-09-16 17:15:54.942041	[INFO]	shop_manager.py	响应时间:131ms	安徽省	合肥市	这里是日志信息......
2022-09-16 17:15:54.942041	[INFO]	shop_manager.py	响应时间:213ms	浙江省	杭州市	这里是日志信息......
2022-09-16 17:15:54.942041	[INFO]	barcode_service.py	响应时间:307ms	广东省	深圳市	这里是日志信息......
2022-09-16 17:15:54.942041	[ERROR]	event.py	响应时间:534ms	广东省	广州市	这里是日志信息......
2022-09-16 17:15:54.942041	[INFO]	goods_manager.py	响应时间:545ms	浙江省	湖州市	这里是日志信息......
2022-09-16 17:15:54.942041	[INFO]	goods_manager.py	响应时间:317ms	北京市	怀柔区	这里是日志信息......
2022-09-16 17:15:54.942041	[WARN]	goods_manager.py	响应时间:57ms	广东省	珠海市	这里是日志信息......
2022-09-16 17:15:54.942041	[INFO]	goods_manager.py	响应时间:526ms	北京市	海淀区	这里是日志信息......
2022-09-16 17:15:54.942041	[WARN]	barcode_service.py	响应时间:991ms	天津市	武清区	这里是日志信息......
2022-09-16 17:15:54.942041	[INFO]	goods_manager.py	响应时间:104ms	广东省	深圳市	这里是日志信息......
2022-09-16 17:15:54.942041	[ERROR]	shop_manager.py	响应时间:561ms	广东省	广州市	这里是日志信息......
2022-09-16 17:15:54.942041	[INFO]	orders_service.py	响应时间:242ms	江苏省	宿迁市	这里是日志信息......
2022-09-16 17:15:54.942041	[INFO]	event.py	响应时间:769ms	北京市	怀柔区	这里是日志信息......
2022-09-16 17:15:54.942041	[INFO]	user_manager.py	响应时间:969ms	上海市	静安区	这里是日志信息......
2022-09-16 17:15:54.942041	[INFO]	goods_manager.py	响应时间:409ms	重庆市	万州区	这里是日志信息......
2022-09-16 17:15:54.942041	[INFO]	goods_manager.py	响应时间:53ms	山东省	青岛市	这里是日志信息......
2022-09-16 17:15:54.942041	[INFO]	orders_service.py	响应时间:313ms	江苏省	无锡市	这里是日志信息......
2022-09-16 17:15:54.942041	[INFO]	shop_manager.py	响应时间:875ms	重庆市	南岸区	这里是日志信息......
2022-09-16 17:15:54.942041	[INFO]	user_manager.py	响应时间:812ms	重庆市	涪陵区	这里是日志信息......
2022-09-16 17:15:54.942041	[WARN]	orders_service.py	响应时间:471ms	江苏省	苏州市	这里是日志信息......
2022-09-16 17:15:54.942041	[INFO]	orders_service.py	响应时间:914ms	江苏省	南京市	这里是日志信息......
2022-09-16 17:15:54.942041	[INFO]	orders_service.py	响应时间:514ms	北京市	海淀区	这里是日志信息......
2022-09-16 17:15:54.942041	[INFO]	event.py	响应时间:197ms	北京市	怀柔区	这里是日志信息......
2022-09-16 17:15:54.942041	[INFO]	base_network.py	响应时间:184ms	北京市	海淀区	这里是日志信息......
2022-09-16 17:15:54.942041	[INFO]	event.py	响应时间:544ms	重庆市	涪陵区	这里是日志信息......
2022-09-16 17:15:54.942041	[ERROR]	shop_manager.py	响应时间:21ms	天津市	武清区	这里是日志信息......
2022-09-16 17:15:54.942041	[INFO]	goods_manager.py	响应时间:673ms	安徽省	合肥市	这里是日志信息......
2022-09-16 17:15:54.942041	[INFO]	barcode_service.py	响应时间:414ms	安徽省	阜阳市	这里是日志信息......
2022-09-16 17:15:54.942041	[INFO]	barcode_service.py	响应时间:47ms	安徽省	芜湖市	这里是日志信息......
2022-09-16 17:15:54.942041	[INFO]	orders_service.py	响应时间:78ms	上海市	浦东新区	这里是日志信息......
2022-09-16 17:15:54.942041	[WARN]	barcode_service.py	响应时间:964ms	江苏省	苏州市	这里是日志信息......
2022-09-16 17:15:54.942041	[INFO]	goods_manager.py	响应时间:630ms	上海市	黄浦区	这里是日志信息......
2022-09-16 17:15:54.942041	[INFO]	event.py	响应时间:7757ms	山东省	济南市	这里是日志信息......
2022-09-16 17:15:54.942041	[INFO]	user_manager.py	响应时间:423ms	山东省	济南市	这里是日志信息......
2022-09-16 17:15:54.942041	[WARN]	barcode_service.py	响应时间:718ms	湖北省	武汉市	这里是日志信息......
2022-09-16 17:15:54.942041	[INFO]	goods_manager.py	响应时间:134ms	浙江省	嘉兴市	这里是日志信息......
2022-09-16 17:15:54.942041	[ERROR]	orders_service.py	响应时间:641ms	重庆市	九龙坡区	这里是日志信息......
2022-09-16 17:15:54.942041	[INFO]	goods_manager.py	响应时间:453ms	安徽省	合肥市	这里是日志信息......
2022-09-16 17:15:54.942041	[INFO]	user_manager.py	响应时间:489ms	山东省	青岛市	这里是日志信息......
2022-09-16 17:15:54.942041	[INFO]	event.py	响应时间:375ms	重庆市	九龙坡区	这里是日志信息......
2022-09-16 17:15:54.942041	[INFO]	orders_service.py	响应时间:760ms	天津市	河西区	这里是日志信息......
2022-09-16 17:15:54.942041	[ERROR]	orders_service.py	响应时间:121ms	浙江省	舟山市	这里是日志信息......
2022-09-16 17:15:54.942041	[INFO]	event.py	响应时间:391ms	上海市	徐汇区	这里是日志信息......
2022-09-16 17:15:54.942041	[INFO]	goods_manager.py	响应时间:901ms	北京市	海淀区	这里是日志信息......
2022-09-16 17:15:54.943047	[INFO]	goods_manager.py	响应时间:722ms	浙江省	嘉兴市	这里是日志信息......
2022-09-16 17:15:54.943047	[INFO]	goods_manager.py	响应时间:903ms	安徽省	池州市	这里是日志信息......
2022-09-16 17:15:54.943047	[INFO]	shop_manager.py	响应时间:511ms	山东省	青岛市	这里是日志信息......
2022-09-16 17:15:54.943047	[INFO]	goods_manager.py	响应时间:576ms	天津市	河东区	这里是日志信息......
2022-09-16 17:15:54.943047	[INFO]	event.py	响应时间:363ms	广东省	广州市	这里是日志信息......
2022-09-16 17:15:54.943047	[INFO]	shop_manager.py	响应时间:917ms	天津市	武清区	这里是日志信息......
2022-09-16 17:15:54.943047	[INFO]	event.py	响应时间:318ms	山东省	济南市	这里是日志信息......
2022-09-16 17:15:54.943047	[INFO]	base_network.py	响应时间:728ms	广东省	深圳市	这里是日志信息......
2022-09-16 17:15:54.943047	[INFO]	orders_service.py	响应时间:787ms	上海市	浦东新区	这里是日志信息......
2022-09-16 17:15:54.943047	[INFO]	event.py	响应时间:906ms	江苏省	南京市	这里是日志信息......
2022-09-16 17:15:54.943047	[INFO]	user_manager.py	响应时间:626ms	安徽省	六安市	这里是日志信息......
2022-09-16 17:15:54.943047	[INFO]	orders_service.py	响应时间:663ms	山东省	菏泽市	这里是日志信息......
2022-09-16 17:15:54.943047	[INFO]	user_manager.py	响应时间:934ms	湖北省	武汉市	这里是日志信息......
2022-09-16 17:15:54.943047	[INFO]	event.py	响应时间:157ms	江苏省	南京市	这里是日志信息......
2022-09-16 17:15:54.943047	[INFO]	base_network.py	响应时间:834ms	重庆市	沙坪坝区	这里是日志信息......
2022-09-16 17:15:54.943047	[INFO]	user_manager.py	响应时间:942ms	天津市	和平区	这里是日志信息......
2022-09-16 17:15:54.943047	[INFO]	event.py	响应时间:414ms	山东省	菏泽市	这里是日志信息......
2022-09-16 17:15:54.943047	[WARN]	goods_manager.py	响应时间:634ms	上海市	静安区	这里是日志信息......
2022-09-16 17:15:54.943047	[WARN]	event.py	响应时间:1ms	山东省	青岛市	这里是日志信息......
2022-09-16 17:15:54.943047	[INFO]	goods_manager.py	响应时间:948ms	浙江省	舟山市	这里是日志信息......
2022-09-16 17:15:54.943047	[WARN]	event.py	响应时间:897ms	江苏省	无锡市	这里是日志信息......
2022-09-16 17:15:54.943047	[INFO]	shop_manager.py	响应时间:527ms	山东省	青岛市	这里是日志信息......
2022-09-16 17:15:54.943047	[INFO]	event.py	响应时间:85ms	浙江省	舟山市	这里是日志信息......
2022-09-16 17:15:54.943047	[INFO]	goods_manager.py	响应时间:616ms	湖南省	长沙市	这里是日志信息......
2022-09-16 17:15:54.943047	[WARN]	event.py	响应时间:865ms	安徽省	池州市	这里是日志信息......
2022-09-16 17:15:54.943047	[WARN]	event.py	响应时间:485ms	安徽省	池州市	这里是日志信息......
2022-09-16 17:15:54.943047	[INFO]	orders_service.py	响应时间:962ms	浙江省	金华市	这里是日志信息......
2022-09-16 17:15:54.943047	[INFO]	shop_manager.py	响应时间:43ms	广东省	广州市	这里是日志信息......
2022-09-16 17:15:54.943047	[INFO]	orders_service.py	响应时间:79ms	上海市	静安区	这里是日志信息......
2022-09-16 17:15:54.943047	[INFO]	goods_manager.py	响应时间:306ms	安徽省	芜湖市	这里是日志信息......
2022-09-16 17:15:54.943047	[INFO]	barcode_service.py	响应时间:860ms	北京市	昌平区	这里是日志信息......
2022-09-16 17:15:54.943047	[INFO]	barcode_service.py	响应时间:699ms	湖南省	长沙市	这里是日志信息......
2022-09-16 17:15:54.943047	[INFO]	orders_service.py	响应时间:254ms	湖北省	武汉市	这里是日志信息......
2022-09-16 17:15:54.943047	[INFO]	event.py	响应时间:478ms	上海市	浦东新区	这里是日志信息......
2022-09-16 17:15:54.943047	[WARN]	barcode_service.py	响应时间:444ms	山东省	济南市	这里是日志信息......
2022-09-16 17:15:54.943047	[WARN]	orders_service.py	响应时间:446ms	安徽省	芜湖市	这里是日志信息......
2022-09-16 17:15:54.943047	[INFO]	user_manager.py	响应时间:83ms	上海市	宝山区	这里是日志信息......
2022-09-16 17:15:54.943047	[INFO]	orders_service.py	响应时间:100ms	湖南省	长沙市	这里是日志信息......
2022-09-16 17:15:54.943047	[INFO]	goods_manager.py	响应时间:306ms	北京市	海淀区	这里是日志信息......
2022-09-16 17:15:54.943047	[INFO]	orders_service.py	响应时间:123ms	江苏省	苏州市	这里是日志信息......
2022-09-16 17:15:54.943047	[WARN]	orders_service.py	响应时间:203ms	天津市	宝坻区	这里是日志信息......
2022-09-16 17:15:54.943047	[WARN]	event.py	响应时间:915ms	浙江省	嘉兴市	这里是日志信息......
2022-09-16 17:15:54.943047	[INFO]	event.py	响应时间:456ms	安徽省	合肥市	这里是日志信息......
2022-09-16 17:15:54.943047	[INFO]	base_network.py	响应时间:720ms	浙江省	杭州市	这里是日志信息......
2022-09-16 17:15:54.943047	[INFO]	base_network.py	响应时间:348ms	天津市	河东区	这里是日志信息......
2022-09-16 17:15:54.943047	[INFO]	goods_manager.py	响应时间:129ms	上海市	徐汇区	这里是日志信息......
2022-09-16 17:15:54.943047	[INFO]	base_network.py	响应时间:802ms	山东省	青岛市	这里是日志信息......
2022-09-16 17:15:54.943047	[INFO]	user_manager.py	响应时间:975ms	天津市	和平区	这里是日志信息......
2022-09-16 17:15:54.943047	[INFO]	base_network.py	响应时间:546ms	湖南省	长沙市	这里是日志信息......
2022-09-16 17:15:54.943047	[INFO]	user_manager.py	响应时间:521ms	湖南省	长沙市	这里是日志信息......
2022-09-16 17:15:54.943047	[INFO]	event.py	响应时间:7338ms	山东省	济南市	这里是日志信息......
2022-09-16 17:15:54.943047	[INFO]	orders_service.py	响应时间:115ms	广东省	珠海市	这里是日志信息......
2022-09-16 17:15:54.943047	[INFO]	shop_manager.py	响应时间:318ms	江苏省	张家港市	这里是日志信息......
2022-09-16 17:15:54.943047	[INFO]	orders_service.py	响应时间:403ms	安徽省	合肥市	这里是日志信息......
2022-09-16 17:15:54.943047	[WARN]	goods_manager.py	响应时间:398ms	天津市	河东区	这里是日志信息......
2022-09-16 17:15:54.943047	[INFO]	orders_service.py	响应时间:572ms	天津市	武清区	这里是日志信息......
2022-09-16 17:15:54.943047	[INFO]	orders_service.py	响应时间:700ms	重庆市	万州区	这里是日志信息......
2022-09-16 17:15:54.943047	[WARN]	user_manager.py	响应时间:122ms	山东省	济南市	这里是日志信息......
2022-09-16 17:15:54.943047	[INFO]	event.py	响应时间:385ms	湖北省	十堰市	这里是日志信息......
2022-09-16 17:15:54.943047	[INFO]	orders_service.py	响应时间:572ms	天津市	宝坻区	这里是日志信息......
2022-09-16 17:15:54.943047	[WARN]	barcode_service.py	响应时间:851ms	天津市	河东区	这里是日志信息......
2022-09-16 17:15:54.943047	[INFO]	barcode_service.py	响应时间:348ms	湖北省	十堰市	这里是日志信息......
2022-09-16 17:15:54.943047	[INFO]	orders_service.py	响应时间:552ms	安徽省	阜阳市	这里是日志信息......
2022-09-16 17:15:54.943047	[INFO]	event.py	响应时间:765ms	江苏省	南京市	这里是日志信息......
2022-09-16 17:15:54.943047	[INFO]	barcode_service.py	响应时间:151ms	江苏省	南京市	这里是日志信息......
2022-09-16 17:15:54.943047	[INFO]	event.py	响应时间:321ms	湖南省	长沙市	这里是日志信息......
2022-09-16 17:15:54.943047	[INFO]	user_manager.py	响应时间:133ms	湖南省	张家界市	这里是日志信息......
2022-09-16 17:15:54.943047	[INFO]	event.py	响应时间:47ms	广东省	深圳市	这里是日志信息......
2022-09-16 17:15:54.943047	[WARN]	user_manager.py	响应时间:752ms	北京市	昌平区	这里是日志信息......
2022-09-16 17:15:54.943047	[INFO]	barcode_service.py	响应时间:452ms	上海市	宝山区	这里是日志信息......
2022-09-16 17:15:54.944047	[INFO]	goods_manager.py	响应时间:713ms	湖北省	荆州市	这里是日志信息......
2022-09-16 17:15:54.944047	[INFO]	orders_service.py	响应时间:52ms	江苏省	南京市	这里是日志信息......
2022-09-16 17:15:54.944047	[INFO]	event.py	响应时间:111ms	上海市	浦东新区	这里是日志信息......
2022-09-16 17:15:54.944047	[INFO]	goods_manager.py	响应时间:880ms	广东省	深圳市	这里是日志信息......
2022-09-16 17:15:54.944047	[INFO]	orders_service.py	响应时间:814ms	山东省	青岛市	这里是日志信息......
2022-09-16 17:15:54.944047	[WARN]	user_manager.py	响应时间:690ms	湖北省	武汉市	这里是日志信息......
2022-09-16 17:15:54.944047	[INFO]	event.py	响应时间:448ms	天津市	宝坻区	这里是日志信息......
2022-09-16 17:15:54.944047	[INFO]	orders_service.py	响应时间:780ms	湖南省	常德市	这里是日志信息......
2022-09-16 17:15:54.944047	[INFO]	goods_manager.py	响应时间:270ms	湖北省	荆州市	这里是日志信息......
2022-09-16 17:15:54.944047	[INFO]	orders_service.py	响应时间:797ms	江苏省	南京市	这里是日志信息......
2022-09-16 17:15:54.944047	[INFO]	user_manager.py	响应时间:664ms	山东省	菏泽市	这里是日志信息......
2022-09-16 17:15:54.944047	[INFO]	user_manager.py	响应时间:408ms	湖北省	武汉市	这里是日志信息......
2022-09-16 17:15:54.944047	[INFO]	orders_service.py	响应时间:584ms	天津市	和平区	这里是日志信息......
2022-09-16 17:15:54.944047	[INFO]	shop_manager.py	响应时间:931ms	湖北省	恩施土家族苗族自治州	这里是日志信息......
2022-09-16 17:15:54.944047	[INFO]	event.py	响应时间:207ms	湖南省	益阳市	这里是日志信息......
2022-09-16 17:15:54.944047	[INFO]	base_network.py	响应时间:408ms	北京市	昌平区	这里是日志信息......
2022-09-16 17:15:54.944047	[INFO]	orders_service.py	响应时间:230ms	浙江省	舟山市	这里是日志信息......
2022-09-16 17:15:54.944047	[INFO]	barcode_service.py	响应时间:76ms	北京市	丰台区	这里是日志信息......
2022-09-16 17:15:54.944047	[INFO]	user_manager.py	响应时间:600ms	湖南省	长沙市	这里是日志信息......
2022-09-16 17:15:54.944047	[INFO]	goods_manager.py	响应时间:373ms	浙江省	杭州市	这里是日志信息......
2022-09-16 17:15:54.944047	[INFO]	event.py	响应时间:911ms	山东省	济南市	这里是日志信息......
2022-09-16 17:15:54.944047	[INFO]	user_manager.py	响应时间:29ms	北京市	海淀区	这里是日志信息......
2022-09-16 17:15:54.944047	[ERROR]	shop_manager.py	响应时间:623ms	广东省	深圳市	这里是日志信息......
2022-09-16 17:15:54.944047	[ERROR]	orders_service.py	响应时间:110ms	江苏省	无锡市	这里是日志信息......
2022-09-16 17:15:54.944047	[INFO]	shop_manager.py	响应时间:217ms	广东省	广州市	这里是日志信息......
2022-09-16 17:15:54.944047	[INFO]	orders_service.py	响应时间:543ms	江苏省	张家港市	这里是日志信息......
2022-09-16 17:15:54.944047	[INFO]	orders_service.py	响应时间:741ms	湖南省	长沙市	这里是日志信息......
2022-09-16 17:15:54.944047	[INFO]	goods_manager.py	响应时间:603ms	安徽省	合肥市	这里是日志信息......
2022-09-16 17:15:54.945038	[INFO]	base_network.py	响应时间:913ms	山东省	菏泽市	这里是日志信息......
2022-09-16 17:15:54.945038	[WARN]	orders_service.py	响应时间:321ms	北京市	大兴区	这里是日志信息......
2022-09-16 17:15:54.945038	[INFO]	goods_manager.py	响应时间:590ms	天津市	河东区	这里是日志信息......
2022-09-16 17:15:54.945038	[INFO]	event.py	响应时间:878ms	安徽省	阜阳市	这里是日志信息......
2022-09-16 17:15:54.945038	[INFO]	event.py	响应时间:804ms	上海市	宝山区	这里是日志信息......
2022-09-16 17:15:54.945038	[INFO]	event.py	响应时间:270ms	广东省	珠海市	这里是日志信息......
2022-09-16 17:15:54.945038	[INFO]	orders_service.py	响应时间:110ms	安徽省	铜陵市	这里是日志信息......
2022-09-16 17:15:54.945038	[INFO]	goods_manager.py	响应时间:54ms	重庆市	万州区	这里是日志信息......
2022-09-16 17:15:54.945038	[INFO]	event.py	响应时间:967ms	安徽省	铜陵市	这里是日志信息......
2022-09-16 17:15:54.945038	[INFO]	user_manager.py	响应时间:164ms	北京市	海淀区	这里是日志信息......
2022-09-16 17:15:54.945038	[INFO]	event.py	响应时间:624ms	山东省	济南市	这里是日志信息......
2022-09-16 17:15:54.945038	[INFO]	goods_manager.py	响应时间:708ms	浙江省	嘉兴市	这里是日志信息......
2022-09-16 17:15:54.945038	[INFO]	orders_service.py	响应时间:285ms	安徽省	阜阳市	这里是日志信息......
2022-09-16 17:15:54.945038	[ERROR]	base_network.py	响应时间:951ms	浙江省	杭州市	这里是日志信息......
2022-09-16 17:15:54.945038	[INFO]	shop_manager.py	响应时间:647ms	湖南省	长沙市	这里是日志信息......
2022-09-16 17:15:54.945038	[INFO]	shop_manager.py	响应时间:983ms	安徽省	合肥市	这里是日志信息......
2022-09-16 17:15:54.945038	[INFO]	event.py	响应时间:515ms	北京市	昌平区	这里是日志信息......
2022-09-16 17:15:54.945038	[INFO]	orders_service.py	响应时间:929ms	湖北省	武汉市	这里是日志信息......
2022-09-16 17:15:54.945038	[INFO]	orders_service.py	响应时间:292ms	天津市	和平区	这里是日志信息......
2022-09-16 17:15:54.945038	[ERROR]	barcode_service.py	响应时间:825ms	广东省	深圳市	这里是日志信息......
2022-09-16 17:15:54.945038	[INFO]	goods_manager.py	响应时间:635ms	安徽省	阜阳市	这里是日志信息......
2022-09-16 17:15:54.945038	[WARN]	event.py	响应时间:678ms	广东省	广州市	这里是日志信息......
2022-09-16 17:15:54.945038	[INFO]	barcode_service.py	响应时间:402ms	湖南省	长沙市	这里是日志信息......
2022-09-16 17:15:54.945038	[INFO]	base_network.py	响应时间:571ms	安徽省	芜湖市	这里是日志信息......
2022-09-16 17:15:54.945038	[WARN]	user_manager.py	响应时间:839ms	上海市	宝山区	这里是日志信息......
2022-09-16 17:15:54.945038	[WARN]	user_manager.py	响应时间:1398ms	天津市	武清区	这里是日志信息......
2022-09-16 17:15:54.945038	[WARN]	user_manager.py	响应时间:8ms	湖北省	荆州市	这里是日志信息......
2022-09-16 17:15:54.945038	[INFO]	base_network.py	响应时间:357ms	上海市	黄浦区	这里是日志信息......
2022-09-16 17:15:54.945038	[INFO]	event.py	响应时间:317ms	上海市	徐汇区	这里是日志信息......
2022-09-16 17:15:54.945038	[INFO]	user_manager.py	响应时间:198ms	广东省	深圳市	这里是日志信息......
2022-09-16 17:15:54.945038	[INFO]	orders_service.py	响应时间:106ms	重庆市	万州区	这里是日志信息......
2022-09-16 17:15:54.945038	[INFO]	user_manager.py	响应时间:271ms	山东省	青岛市	这里是日志信息......
2022-09-16 17:15:54.945038	[WARN]	barcode_service.py	响应时间:320ms	浙江省	杭州市	这里是日志信息......
2022-09-16 17:15:54.945038	[WARN]	event.py	响应时间:916ms	北京市	海淀区	这里是日志信息......
2022-09-16 17:15:54.945038	[INFO]	base_network.py	响应时间:699ms	天津市	河东区	这里是日志信息......
2022-09-16 17:15:54.945038	[INFO]	orders_service.py	响应时间:839ms	天津市	河东区	这里是日志信息......
2022-09-16 17:15:54.945038	[INFO]	goods_manager.py	响应时间:107ms	浙江省	舟山市	这里是日志信息......
2022-09-16 17:15:54.945038	[WARN]	event.py	响应时间:191ms	浙江省	杭州市	这里是日志信息......
2022-09-16 17:15:54.945038	[INFO]	goods_manager.py	响应时间:650ms	湖北省	荆州市	这里是日志信息......
2022-09-16 17:15:54.945038	[INFO]	event.py	响应时间:209ms	广东省	深圳市	这里是日志信息......
2022-09-16 17:15:54.945038	[INFO]	event.py	响应时间:97ms	天津市	宝坻区	这里是日志信息......
