2022-09-16 17:15:50.855169	[INFO]	orders_service.py	响应时间:782ms	山东省	青岛市	这里是日志信息......
2022-09-16 17:15:50.855169	[INFO]	barcode_service.py	响应时间:500ms	江苏省	无锡市	这里是日志信息......
2022-09-16 17:15:50.855169	[WARN]	base_network.py	响应时间:616ms	安徽省	六安市	这里是日志信息......
2022-09-16 17:15:50.855169	[INFO]	event.py	响应时间:10ms	上海市	杨浦区	这里是日志信息......
2022-09-16 17:15:50.855169	[INFO]	event.py	响应时间:37ms	山东省	济南市	这里是日志信息......
2022-09-16 17:15:50.855169	[INFO]	goods_manager.py	响应时间:666ms	江苏省	宿迁市	这里是日志信息......
2022-09-16 17:15:50.855169	[INFO]	orders_service.py	响应时间:659ms	重庆市	万州区	这里是日志信息......
2022-09-16 17:15:50.855169	[WARN]	user_manager.py	响应时间:354ms	江苏省	南京市	这里是日志信息......
2022-09-16 17:15:50.855169	[INFO]	orders_service.py	响应时间:782ms	湖南省	常德市	这里是日志信息......
2022-09-16 17:15:50.855169	[INFO]	goods_manager.py	响应时间:896ms	北京市	朝阳区	这里是日志信息......
2022-09-16 17:15:50.855169	[INFO]	orders_service.py	响应时间:142ms	山东省	菏泽市	这里是日志信息......
2022-09-16 17:15:50.855169	[INFO]	barcode_service.py	响应时间:178ms	重庆市	涪陵区	这里是日志信息......
2022-09-16 17:15:50.855169	[INFO]	goods_manager.py	响应时间:453ms	江苏省	南京市	这里是日志信息......
2022-09-16 17:15:50.855169	[WARN]	barcode_service.py	响应时间:530ms	安徽省	阜阳市	这里是日志信息......
2022-09-16 17:15:50.855169	[INFO]	orders_service.py	响应时间:649ms	天津市	和平区	这里是日志信息......
2022-09-16 17:15:50.855169	[INFO]	shop_manager.py	响应时间:560ms	上海市	普陀区	这里是日志信息......
2022-09-16 17:15:50.855169	[INFO]	barcode_service.py	响应时间:544ms	山东省	济南市	这里是日志信息......
2022-09-16 17:15:50.855169	[INFO]	orders_service.py	响应时间:160ms	江苏省	张家港市	这里是日志信息......
2022-09-16 17:15:50.855169	[INFO]	event.py	响应时间:900ms	安徽省	六安市	这里是日志信息......
2022-09-16 17:15:50.855169	[WARN]	goods_manager.py	响应时间:9220ms	湖北省	武汉市	这里是日志信息......
2022-09-16 17:15:50.855169	[WARN]	goods_manager.py	响应时间:695ms	湖北省	武汉市	这里是日志信息......
2022-09-16 17:15:50.855169	[INFO]	orders_service.py	响应时间:498ms	广东省	深圳市	这里是日志信息......
2022-09-16 17:15:50.855169	[ERROR]	goods_manager.py	响应时间:572ms	江苏省	无锡市	这里是日志信息......
2022-09-16 17:15:50.855169	[INFO]	base_network.py	响应时间:894ms	广东省	广州市	这里是日志信息......
2022-09-16 17:15:50.855169	[INFO]	orders_service.py	响应时间:277ms	安徽省	合肥市	这里是日志信息......
2022-09-16 17:15:50.855169	[INFO]	shop_manager.py	响应时间:392ms	天津市	武清区	这里是日志信息......
2022-09-16 17:15:50.855169	[INFO]	event.py	响应时间:169ms	北京市	海淀区	这里是日志信息......
2022-09-16 17:15:50.855169	[INFO]	orders_service.py	响应时间:978ms	上海市	浦东新区	这里是日志信息......
2022-09-16 17:15:50.855169	[INFO]	shop_manager.py	响应时间:281ms	浙江省	杭州市	这里是日志信息......
2022-09-16 17:15:50.855169	[INFO]	goods_manager.py	响应时间:252ms	重庆市	万州区	这里是日志信息......
2022-09-16 17:15:50.855169	[ERROR]	event.py	响应时间:82ms	山东省	菏泽市	这里是日志信息......
2022-09-16 17:15:50.855169	[INFO]	barcode_service.py	响应时间:981ms	安徽省	池州市	这里是日志信息......
2022-09-16 17:15:50.855169	[INFO]	shop_manager.py	响应时间:865ms	上海市	普陀区	这里是日志信息......
2022-09-16 17:15:50.856169	[INFO]	event.py	响应时间:3469ms	浙江省	绍兴市	这里是日志信息......
2022-09-16 17:15:50.856169	[INFO]	event.py	响应时间:0ms	重庆市	万州区	这里是日志信息......
2022-09-16 17:15:50.856169	[INFO]	goods_manager.py	响应时间:102ms	重庆市	万州区	这里是日志信息......
2022-09-16 17:15:50.856169	[INFO]	goods_manager.py	响应时间:364ms	安徽省	合肥市	这里是日志信息......
2022-09-16 17:15:50.856169	[WARN]	barcode_service.py	响应时间:1000ms	江苏省	南京市	这里是日志信息......
2022-09-16 17:15:50.856169	[INFO]	goods_manager.py	响应时间:280ms	广东省	深圳市	这里是日志信息......
2022-09-16 17:15:50.856169	[INFO]	orders_service.py	响应时间:29ms	浙江省	湖州市	这里是日志信息......
2022-09-16 17:15:50.856169	[INFO]	barcode_service.py	响应时间:979ms	上海市	黄浦区	这里是日志信息......
2022-09-16 17:15:50.856169	[INFO]	event.py	响应时间:958ms	湖北省	荆州市	这里是日志信息......
2022-09-16 17:15:50.856169	[INFO]	event.py	响应时间:832ms	广东省	广州市	这里是日志信息......
2022-09-16 17:15:50.856169	[INFO]	orders_service.py	响应时间:980ms	北京市	昌平区	这里是日志信息......
2022-09-16 17:15:50.856169	[WARN]	goods_manager.py	响应时间:400ms	山东省	青岛市	这里是日志信息......
2022-09-16 17:15:50.856169	[ERROR]	barcode_service.py	响应时间:493ms	重庆市	万州区	这里是日志信息......
2022-09-16 17:15:50.856169	[INFO]	orders_service.py	响应时间:615ms	山东省	青岛市	这里是日志信息......
2022-09-16 17:15:50.856169	[INFO]	orders_service.py	响应时间:320ms	广东省	深圳市	这里是日志信息......
2022-09-16 17:15:50.856169	[INFO]	event.py	响应时间:301ms	重庆市	涪陵区	这里是日志信息......
2022-09-16 17:15:50.856169	[INFO]	orders_service.py	响应时间:944ms	山东省	济南市	这里是日志信息......
2022-09-16 17:15:50.856169	[ERROR]	barcode_service.py	响应时间:1418ms	江苏省	无锡市	这里是日志信息......
2022-09-16 17:15:50.856169	[INFO]	base_network.py	响应时间:125ms	安徽省	芜湖市	这里是日志信息......
2022-09-16 17:15:50.856169	[INFO]	barcode_service.py	响应时间:587ms	山东省	济南市	这里是日志信息......
2022-09-16 17:15:50.856169	[INFO]	barcode_service.py	响应时间:196ms	安徽省	合肥市	这里是日志信息......
2022-09-16 17:15:50.856169	[WARN]	user_manager.py	响应时间:1000ms	浙江省	舟山市	这里是日志信息......
2022-09-16 17:15:50.856169	[INFO]	goods_manager.py	响应时间:135ms	浙江省	舟山市	这里是日志信息......
2022-09-16 17:15:50.856169	[INFO]	user_manager.py	响应时间:718ms	上海市	宝山区	这里是日志信息......
2022-09-16 17:15:50.856169	[INFO]	goods_manager.py	响应时间:666ms	天津市	宝坻区	这里是日志信息......
2022-09-16 17:15:50.856169	[INFO]	orders_service.py	响应时间:941ms	安徽省	芜湖市	这里是日志信息......
2022-09-16 17:15:50.856169	[WARN]	event.py	响应时间:58ms	安徽省	合肥市	这里是日志信息......
2022-09-16 17:15:50.856169	[INFO]	goods_manager.py	响应时间:436ms	北京市	昌平区	这里是日志信息......
2022-09-16 17:15:50.856169	[INFO]	user_manager.py	响应时间:464ms	湖南省	长沙市	这里是日志信息......
2022-09-16 17:15:50.856169	[INFO]	barcode_service.py	响应时间:746ms	湖南省	长沙市	这里是日志信息......
2022-09-16 17:15:50.856169	[INFO]	orders_service.py	响应时间:354ms	江苏省	南京市	这里是日志信息......
2022-09-16 17:15:50.856169	[INFO]	event.py	响应时间:952ms	湖北省	武汉市	这里是日志信息......
2022-09-16 17:15:50.856169	[INFO]	shop_manager.py	响应时间:801ms	重庆市	万州区	这里是日志信息......
2022-09-16 17:15:50.856169	[INFO]	goods_manager.py	响应时间:203ms	北京市	朝阳区	这里是日志信息......
2022-09-16 17:15:50.856169	[INFO]	user_manager.py	响应时间:933ms	湖北省	武汉市	这里是日志信息......
2022-09-16 17:15:50.856169	[WARN]	event.py	响应时间:249ms	安徽省	池州市	这里是日志信息......
2022-09-16 17:15:50.856169	[INFO]	orders_service.py	响应时间:8434ms	天津市	河东区	这里是日志信息......
2022-09-16 17:15:50.856169	[INFO]	barcode_service.py	响应时间:95ms	江苏省	苏州市	这里是日志信息......
2022-09-16 17:15:50.856169	[INFO]	event.py	响应时间:811ms	山东省	青岛市	这里是日志信息......
2022-09-16 17:15:50.856169	[INFO]	event.py	响应时间:145ms	浙江省	丽水市	这里是日志信息......
2022-09-16 17:15:50.856169	[INFO]	goods_manager.py	响应时间:658ms	湖南省	长沙市	这里是日志信息......
2022-09-16 17:15:50.856169	[INFO]	goods_manager.py	响应时间:80ms	湖南省	长沙市	这里是日志信息......
2022-09-16 17:15:50.856169	[INFO]	event.py	响应时间:344ms	广东省	深圳市	这里是日志信息......
2022-09-16 17:15:50.856169	[INFO]	shop_manager.py	响应时间:563ms	天津市	武清区	这里是日志信息......
2022-09-16 17:15:50.856169	[ERROR]	orders_service.py	响应时间:702ms	安徽省	合肥市	这里是日志信息......
2022-09-16 17:15:50.856169	[WARN]	event.py	响应时间:610ms	湖南省	株洲市	这里是日志信息......
2022-09-16 17:15:50.856169	[INFO]	user_manager.py	响应时间:959ms	北京市	海淀区	这里是日志信息......
2022-09-16 17:15:50.856169	[INFO]	shop_manager.py	响应时间:345ms	山东省	青岛市	这里是日志信息......
2022-09-16 17:15:50.856169	[INFO]	event.py	响应时间:616ms	江苏省	苏州市	这里是日志信息......
2022-09-16 17:15:50.856169	[INFO]	orders_service.py	响应时间:395ms	湖北省	荆州市	这里是日志信息......
2022-09-16 17:15:50.856169	[INFO]	event.py	响应时间:685ms	湖北省	武汉市	这里是日志信息......
2022-09-16 17:15:50.856169	[INFO]	barcode_service.py	响应时间:396ms	江苏省	南京市	这里是日志信息......
2022-09-16 17:15:50.856169	[INFO]	orders_service.py	响应时间:998ms	广东省	广州市	这里是日志信息......
2022-09-16 17:15:50.856169	[INFO]	shop_manager.py	响应时间:715ms	广东省	深圳市	这里是日志信息......
2022-09-16 17:15:50.856169	[INFO]	base_network.py	响应时间:650ms	江苏省	苏州市	这里是日志信息......
2022-09-16 17:15:50.856169	[INFO]	user_manager.py	响应时间:574ms	湖南省	长沙市	这里是日志信息......
2022-09-16 17:15:50.856169	[INFO]	goods_manager.py	响应时间:406ms	安徽省	六安市	这里是日志信息......
2022-09-16 17:15:50.856169	[INFO]	barcode_service.py	响应时间:535ms	浙江省	绍兴市	这里是日志信息......
2022-09-16 17:15:50.856169	[INFO]	orders_service.py	响应时间:406ms	广东省	深圳市	这里是日志信息......
2022-09-16 17:15:50.856169	[INFO]	event.py	响应时间:41ms	江苏省	张家港市	这里是日志信息......
2022-09-16 17:15:50.856169	[INFO]	event.py	响应时间:725ms	湖北省	荆州市	这里是日志信息......
2022-09-16 17:15:50.856169	[INFO]	event.py	响应时间:533ms	北京市	丰台区	这里是日志信息......
2022-09-16 17:15:50.856169	[WARN]	user_manager.py	响应时间:199ms	天津市	宝坻区	这里是日志信息......
2022-09-16 17:15:50.856169	[WARN]	goods_manager.py	响应时间:49ms	湖北省	恩施土家族苗族自治州	这里是日志信息......
2022-09-16 17:15:50.856169	[WARN]	goods_manager.py	响应时间:64ms	重庆市	沙坪坝区	这里是日志信息......
2022-09-16 17:15:50.856169	[INFO]	base_network.py	响应时间:705ms	广东省	深圳市	这里是日志信息......
2022-09-16 17:15:50.857169	[WARN]	event.py	响应时间:525ms	山东省	青岛市	这里是日志信息......
2022-09-16 17:15:50.857169	[INFO]	event.py	响应时间:815ms	浙江省	绍兴市	这里是日志信息......
2022-09-16 17:15:50.857169	[INFO]	event.py	响应时间:985ms	浙江省	杭州市	这里是日志信息......
2022-09-16 17:15:50.857169	[WARN]	orders_service.py	响应时间:511ms	湖南省	长沙市	这里是日志信息......
2022-09-16 17:15:50.857169	[INFO]	base_network.py	响应时间:486ms	上海市	浦东新区	这里是日志信息......
2022-09-16 17:15:50.857169	[INFO]	orders_service.py	响应时间:923ms	山东省	菏泽市	这里是日志信息......
2022-09-16 17:15:50.857169	[INFO]	orders_service.py	响应时间:668ms	上海市	浦东新区	这里是日志信息......
2022-09-16 17:15:50.857169	[INFO]	base_network.py	响应时间:765ms	湖北省	恩施土家族苗族自治州	这里是日志信息......
2022-09-16 17:15:50.857169	[INFO]	user_manager.py	响应时间:366ms	北京市	朝阳区	这里是日志信息......
2022-09-16 17:15:50.857169	[WARN]	goods_manager.py	响应时间:908ms	湖北省	武汉市	这里是日志信息......
2022-09-16 17:15:50.857169	[INFO]	base_network.py	响应时间:997ms	山东省	菏泽市	这里是日志信息......
2022-09-16 17:15:50.857169	[INFO]	event.py	响应时间:912ms	湖北省	荆州市	这里是日志信息......
2022-09-16 17:15:50.857169	[INFO]	event.py	响应时间:0ms	浙江省	舟山市	这里是日志信息......
2022-09-16 17:15:50.857169	[INFO]	goods_manager.py	响应时间:77ms	湖北省	武汉市	这里是日志信息......
2022-09-16 17:15:50.857169	[INFO]	barcode_service.py	响应时间:107ms	北京市	昌平区	这里是日志信息......
2022-09-16 17:15:50.857169	[WARN]	orders_service.py	响应时间:60ms	江苏省	宿迁市	这里是日志信息......
2022-09-16 17:15:50.857169	[INFO]	base_network.py	响应时间:577ms	广东省	深圳市	这里是日志信息......
2022-09-16 17:15:50.857169	[INFO]	event.py	响应时间:30ms	山东省	菏泽市	这里是日志信息......
2022-09-16 17:15:50.857169	[INFO]	goods_manager.py	响应时间:376ms	安徽省	合肥市	这里是日志信息......
2022-09-16 17:15:50.857169	[WARN]	orders_service.py	响应时间:1677ms	北京市	朝阳区	这里是日志信息......
2022-09-16 17:15:50.857169	[INFO]	orders_service.py	响应时间:19ms	安徽省	铜陵市	这里是日志信息......
2022-09-16 17:15:50.857169	[INFO]	event.py	响应时间:201ms	北京市	丰台区	这里是日志信息......
2022-09-16 17:15:50.857169	[INFO]	goods_manager.py	响应时间:953ms	上海市	普陀区	这里是日志信息......
2022-09-16 17:15:50.857169	[WARN]	base_network.py	响应时间:321ms	江苏省	常州市	这里是日志信息......
2022-09-16 17:15:50.857169	[INFO]	event.py	响应时间:345ms	浙江省	绍兴市	这里是日志信息......
2022-09-16 17:15:50.857169	[INFO]	user_manager.py	响应时间:926ms	上海市	普陀区	这里是日志信息......
2022-09-16 17:15:50.857169	[INFO]	goods_manager.py	响应时间:258ms	山东省	青岛市	这里是日志信息......
2022-09-16 17:15:50.857169	[INFO]	event.py	响应时间:237ms	江苏省	苏州市	这里是日志信息......
2022-09-16 17:15:50.857169	[INFO]	orders_service.py	响应时间:882ms	上海市	杨浦区	这里是日志信息......
2022-09-16 17:15:50.857169	[INFO]	event.py	响应时间:387ms	湖北省	恩施土家族苗族自治州	这里是日志信息......
2022-09-16 17:15:50.857169	[INFO]	user_manager.py	响应时间:334ms	天津市	武清区	这里是日志信息......
2022-09-16 17:15:50.857169	[INFO]	barcode_service.py	响应时间:601ms	北京市	大兴区	这里是日志信息......
2022-09-16 17:15:50.857169	[WARN]	goods_manager.py	响应时间:237ms	安徽省	合肥市	这里是日志信息......
2022-09-16 17:15:50.857169	[INFO]	user_manager.py	响应时间:352ms	天津市	宝坻区	这里是日志信息......
2022-09-16 17:15:50.857169	[INFO]	user_manager.py	响应时间:843ms	江苏省	苏州市	这里是日志信息......
2022-09-16 17:15:50.857169	[INFO]	barcode_service.py	响应时间:422ms	山东省	青岛市	这里是日志信息......
2022-09-16 17:15:50.857169	[INFO]	orders_service.py	响应时间:416ms	天津市	河东区	这里是日志信息......
2022-09-16 17:15:50.857169	[INFO]	base_network.py	响应时间:900ms	湖南省	长沙市	这里是日志信息......
2022-09-16 17:15:50.857169	[WARN]	goods_manager.py	响应时间:169ms	上海市	徐汇区	这里是日志信息......
2022-09-16 17:15:50.857169	[WARN]	base_network.py	响应时间:780ms	北京市	丰台区	这里是日志信息......
2022-09-16 17:15:50.857169	[INFO]	orders_service.py	响应时间:193ms	山东省	济南市	这里是日志信息......
2022-09-16 17:15:50.857169	[INFO]	base_network.py	响应时间:5ms	江苏省	张家港市	这里是日志信息......
2022-09-16 17:15:50.857169	[WARN]	orders_service.py	响应时间:263ms	江苏省	南京市	这里是日志信息......
2022-09-16 17:15:50.857169	[INFO]	event.py	响应时间:296ms	湖南省	长沙市	这里是日志信息......
2022-09-16 17:15:50.857169	[INFO]	base_network.py	响应时间:214ms	浙江省	杭州市	这里是日志信息......
2022-09-16 17:15:50.857169	[INFO]	user_manager.py	响应时间:470ms	江苏省	南京市	这里是日志信息......
2022-09-16 17:15:50.857169	[INFO]	event.py	响应时间:232ms	浙江省	舟山市	这里是日志信息......
2022-09-16 17:15:50.857169	[INFO]	goods_manager.py	响应时间:708ms	北京市	昌平区	这里是日志信息......
2022-09-16 17:15:50.857169	[INFO]	event.py	响应时间:67ms	山东省	济南市	这里是日志信息......
2022-09-16 17:15:50.857169	[WARN]	shop_manager.py	响应时间:852ms	湖南省	株洲市	这里是日志信息......
2022-09-16 17:15:50.857169	[INFO]	event.py	响应时间:561ms	安徽省	六安市	这里是日志信息......
2022-09-16 17:15:50.857169	[INFO]	barcode_service.py	响应时间:293ms	安徽省	池州市	这里是日志信息......
2022-09-16 17:15:50.857169	[INFO]	shop_manager.py	响应时间:974ms	安徽省	六安市	这里是日志信息......
2022-09-16 17:15:50.857169	[INFO]	event.py	响应时间:532ms	北京市	大兴区	这里是日志信息......
2022-09-16 17:15:50.857169	[WARN]	goods_manager.py	响应时间:603ms	浙江省	杭州市	这里是日志信息......
2022-09-16 17:15:50.857169	[INFO]	base_network.py	响应时间:884ms	重庆市	万州区	这里是日志信息......
2022-09-16 17:15:50.857169	[INFO]	orders_service.py	响应时间:2809ms	广东省	深圳市	这里是日志信息......
2022-09-16 17:15:50.857169	[INFO]	goods_manager.py	响应时间:509ms	山东省	济南市	这里是日志信息......
2022-09-16 17:15:50.857169	[ERROR]	event.py	响应时间:384ms	山东省	青岛市	这里是日志信息......
2022-09-16 17:15:50.857169	[INFO]	barcode_service.py	响应时间:333ms	山东省	青岛市	这里是日志信息......
2022-09-16 17:15:50.857169	[INFO]	goods_manager.py	响应时间:715ms	江苏省	南京市	这里是日志信息......
2022-09-16 17:15:50.857169	[INFO]	barcode_service.py	响应时间:184ms	浙江省	嘉兴市	这里是日志信息......
2022-09-16 17:15:50.857169	[INFO]	barcode_service.py	响应时间:606ms	天津市	河西区	这里是日志信息......
2022-09-16 17:15:50.857169	[WARN]	orders_service.py	响应时间:730ms	山东省	青岛市	这里是日志信息......
2022-09-16 17:15:50.857169	[WARN]	event.py	响应时间:675ms	上海市	静安区	这里是日志信息......
2022-09-16 17:15:50.857169	[ERROR]	event.py	响应时间:668ms	湖北省	恩施土家族苗族自治州	这里是日志信息......
2022-09-16 17:15:50.857169	[INFO]	barcode_service.py	响应时间:155ms	北京市	大兴区	这里是日志信息......
2022-09-16 17:15:50.857169	[INFO]	barcode_service.py	响应时间:50ms	上海市	静安区	这里是日志信息......
2022-09-16 17:15:50.858169	[INFO]	goods_manager.py	响应时间:456ms	上海市	杨浦区	这里是日志信息......
2022-09-16 17:15:50.858169	[INFO]	goods_manager.py	响应时间:79ms	湖南省	长沙市	这里是日志信息......
2022-09-16 17:15:50.858169	[WARN]	goods_manager.py	响应时间:52ms	江苏省	南京市	这里是日志信息......
2022-09-16 17:15:50.858169	[INFO]	orders_service.py	响应时间:852ms	浙江省	嘉兴市	这里是日志信息......
2022-09-16 17:15:50.858169	[INFO]	barcode_service.py	响应时间:180ms	安徽省	池州市	这里是日志信息......
2022-09-16 17:15:50.858169	[INFO]	orders_service.py	响应时间:880ms	江苏省	张家港市	这里是日志信息......
2022-09-16 17:15:50.858169	[INFO]	goods_manager.py	响应时间:871ms	重庆市	九龙坡区	这里是日志信息......
2022-09-16 17:15:50.858169	[INFO]	event.py	响应时间:451ms	江苏省	常州市	这里是日志信息......
2022-09-16 17:15:50.858169	[INFO]	event.py	响应时间:468ms	重庆市	万州区	这里是日志信息......
2022-09-16 17:15:50.858169	[INFO]	event.py	响应时间:700ms	重庆市	万州区	这里是日志信息......
2022-09-16 17:15:50.858169	[INFO]	barcode_service.py	响应时间:974ms	江苏省	南京市	这里是日志信息......
2022-09-16 17:15:50.858169	[INFO]	orders_service.py	响应时间:53ms	北京市	朝阳区	这里是日志信息......
2022-09-16 17:15:50.858169	[WARN]	event.py	响应时间:469ms	北京市	海淀区	这里是日志信息......
2022-09-16 17:15:50.858169	[WARN]	barcode_service.py	响应时间:765ms	天津市	宝坻区	这里是日志信息......
2022-09-16 17:15:50.858169	[INFO]	orders_service.py	响应时间:980ms	山东省	菏泽市	这里是日志信息......
2022-09-16 17:15:50.858169	[INFO]	goods_manager.py	响应时间:648ms	湖北省	武汉市	这里是日志信息......
2022-09-16 17:15:50.858169	[INFO]	user_manager.py	响应时间:960ms	江苏省	无锡市	这里是日志信息......
2022-09-16 17:15:50.858169	[INFO]	user_manager.py	响应时间:325ms	天津市	河西区	这里是日志信息......
2022-09-16 17:15:50.858169	[ERROR]	base_network.py	响应时间:861ms	广东省	广州市	这里是日志信息......
2022-09-16 17:15:50.858169	[INFO]	orders_service.py	响应时间:0ms	湖南省	常德市	这里是日志信息......
2022-09-16 17:15:50.858169	[WARN]	user_manager.py	响应时间:7ms	江苏省	南京市	这里是日志信息......
2022-09-16 17:15:50.858169	[INFO]	orders_service.py	响应时间:584ms	安徽省	阜阳市	这里是日志信息......
2022-09-16 17:15:50.858169	[INFO]	orders_service.py	响应时间:523ms	浙江省	绍兴市	这里是日志信息......
2022-09-16 17:15:50.858169	[WARN]	event.py	响应时间:270ms	湖南省	常德市	这里是日志信息......
2022-09-16 17:15:50.858169	[INFO]	goods_manager.py	响应时间:19ms	山东省	济南市	这里是日志信息......
2022-09-16 17:15:50.858169	[INFO]	orders_service.py	响应时间:178ms	重庆市	九龙坡区	这里是日志信息......
2022-09-16 17:15:50.858169	[INFO]	shop_manager.py	响应时间:437ms	广东省	广州市	这里是日志信息......
2022-09-16 17:15:50.858169	[WARN]	goods_manager.py	响应时间:723ms	湖北省	武汉市	这里是日志信息......
2022-09-16 17:15:50.858169	[INFO]	barcode_service.py	响应时间:901ms	天津市	河东区	这里是日志信息......
2022-09-16 17:15:50.858169	[INFO]	shop_manager.py	响应时间:280ms	湖北省	武汉市	这里是日志信息......
2022-09-16 17:15:50.858169	[INFO]	orders_service.py	响应时间:858ms	重庆市	万州区	这里是日志信息......
2022-09-16 17:15:50.858169	[INFO]	base_network.py	响应时间:469ms	安徽省	池州市	这里是日志信息......
2022-09-16 17:15:50.858169	[INFO]	orders_service.py	响应时间:325ms	江苏省	宿迁市	这里是日志信息......
2022-09-16 17:15:50.858169	[INFO]	orders_service.py	响应时间:507ms	浙江省	湖州市	这里是日志信息......
2022-09-16 17:15:50.858169	[INFO]	event.py	响应时间:899ms	湖北省	武汉市	这里是日志信息......
2022-09-16 17:15:50.858169	[INFO]	base_network.py	响应时间:5245ms	上海市	宝山区	这里是日志信息......
2022-09-16 17:15:50.858169	[WARN]	shop_manager.py	响应时间:548ms	湖南省	张家界市	这里是日志信息......
2022-09-16 17:15:50.858169	[INFO]	orders_service.py	响应时间:718ms	北京市	海淀区	这里是日志信息......
2022-09-16 17:15:50.858169	[INFO]	base_network.py	响应时间:18ms	山东省	菏泽市	这里是日志信息......
2022-09-16 17:15:50.858169	[INFO]	user_manager.py	响应时间:304ms	湖南省	常德市	这里是日志信息......
2022-09-16 17:15:50.858169	[INFO]	event.py	响应时间:4811ms	江苏省	南京市	这里是日志信息......
2022-09-16 17:15:50.858169	[WARN]	event.py	响应时间:70ms	安徽省	阜阳市	这里是日志信息......
2022-09-16 17:15:50.858169	[INFO]	barcode_service.py	响应时间:573ms	安徽省	阜阳市	这里是日志信息......
2022-09-16 17:15:50.858169	[INFO]	user_manager.py	响应时间:443ms	江苏省	张家港市	这里是日志信息......
2022-09-16 17:15:50.858169	[WARN]	orders_service.py	响应时间:347ms	重庆市	渝中区	这里是日志信息......
2022-09-16 17:15:50.858169	[INFO]	event.py	响应时间:546ms	北京市	海淀区	这里是日志信息......
2022-09-16 17:15:50.858169	[INFO]	event.py	响应时间:603ms	上海市	黄浦区	这里是日志信息......
2022-09-16 17:15:50.858169	[WARN]	orders_service.py	响应时间:280ms	安徽省	合肥市	这里是日志信息......
2022-09-16 17:15:50.858169	[WARN]	orders_service.py	响应时间:474ms	重庆市	九龙坡区	这里是日志信息......
2022-09-16 17:15:50.858169	[INFO]	event.py	响应时间:0ms	重庆市	九龙坡区	这里是日志信息......
2022-09-16 17:15:50.858169	[INFO]	event.py	响应时间:344ms	广东省	广州市	这里是日志信息......
2022-09-16 17:15:50.858169	[INFO]	barcode_service.py	响应时间:695ms	山东省	菏泽市	这里是日志信息......
2022-09-16 17:15:50.858169	[INFO]	goods_manager.py	响应时间:946ms	广东省	珠海市	这里是日志信息......
2022-09-16 17:15:50.858169	[INFO]	barcode_service.py	响应时间:145ms	广东省	珠海市	这里是日志信息......
2022-09-16 17:15:50.858169	[INFO]	event.py	响应时间:4241ms	重庆市	涪陵区	这里是日志信息......
2022-09-16 17:15:50.858169	[WARN]	barcode_service.py	响应时间:87ms	上海市	宝山区	这里是日志信息......
2022-09-16 17:15:50.858169	[WARN]	event.py	响应时间:278ms	上海市	普陀区	这里是日志信息......
2022-09-16 17:15:50.858169	[INFO]	user_manager.py	响应时间:636ms	湖北省	十堰市	这里是日志信息......
2022-09-16 17:15:50.858169	[INFO]	event.py	响应时间:6592ms	江苏省	苏州市	这里是日志信息......
2022-09-16 17:15:50.858169	[INFO]	goods_manager.py	响应时间:2925ms	江苏省	南京市	这里是日志信息......
2022-09-16 17:15:50.858169	[INFO]	event.py	响应时间:205ms	浙江省	舟山市	这里是日志信息......
2022-09-16 17:15:50.858169	[INFO]	orders_service.py	响应时间:878ms	江苏省	常州市	这里是日志信息......
2022-09-16 17:15:50.858169	[INFO]	barcode_service.py	响应时间:78ms	广东省	广州市	这里是日志信息......
2022-09-16 17:15:50.858169	[INFO]	barcode_service.py	响应时间:562ms	湖南省	长沙市	这里是日志信息......
2022-09-16 17:15:50.858169	[INFO]	shop_manager.py	响应时间:800ms	湖南省	长沙市	这里是日志信息......
2022-09-16 17:15:50.858169	[INFO]	shop_manager.py	响应时间:161ms	湖北省	武汉市	这里是日志信息......
2022-09-16 17:15:50.858169	[INFO]	orders_service.py	响应时间:98ms	安徽省	合肥市	这里是日志信息......
2022-09-16 17:15:50.858169	[INFO]	orders_service.py	响应时间:984ms	广东省	深圳市	这里是日志信息......
2022-09-16 17:15:50.858169	[INFO]	event.py	响应时间:364ms	重庆市	万州区	这里是日志信息......
2022-09-16 17:15:50.858169	[WARN]	barcode_service.py	响应时间:775ms	浙江省	绍兴市	这里是日志信息......
2022-09-16 17:15:50.858169	[INFO]	orders_service.py	响应时间:641ms	重庆市	沙坪坝区	这里是日志信息......
2022-09-16 17:15:50.858169	[INFO]	user_manager.py	响应时间:152ms	江苏省	南京市	这里是日志信息......
2022-09-16 17:15:50.858169	[WARN]	event.py	响应时间:77ms	湖南省	长沙市	这里是日志信息......
2022-09-16 17:15:50.859182	[INFO]	goods_manager.py	响应时间:156ms	北京市	朝阳区	这里是日志信息......
2022-09-16 17:15:50.859182	[INFO]	orders_service.py	响应时间:715ms	安徽省	池州市	这里是日志信息......
2022-09-16 17:15:50.859182	[INFO]	barcode_service.py	响应时间:552ms	山东省	济南市	这里是日志信息......
2022-09-16 17:15:50.859182	[INFO]	event.py	响应时间:677ms	湖南省	长沙市	这里是日志信息......
2022-09-16 17:15:50.859182	[INFO]	event.py	响应时间:803ms	天津市	宝坻区	这里是日志信息......
2022-09-16 17:15:50.859182	[WARN]	base_network.py	响应时间:110ms	江苏省	苏州市	这里是日志信息......
2022-09-16 17:15:50.859182	[INFO]	goods_manager.py	响应时间:206ms	上海市	宝山区	这里是日志信息......
2022-09-16 17:15:50.859182	[INFO]	orders_service.py	响应时间:748ms	山东省	济南市	这里是日志信息......
2022-09-16 17:15:50.859182	[WARN]	event.py	响应时间:962ms	湖北省	荆州市	这里是日志信息......
2022-09-16 17:15:50.859182	[INFO]	orders_service.py	响应时间:877ms	北京市	怀柔区	这里是日志信息......
2022-09-16 17:15:50.859182	[INFO]	base_network.py	响应时间:840ms	上海市	杨浦区	这里是日志信息......
2022-09-16 17:15:50.859182	[INFO]	event.py	响应时间:104ms	江苏省	苏州市	这里是日志信息......
2022-09-16 17:15:50.859182	[INFO]	event.py	响应时间:137ms	上海市	杨浦区	这里是日志信息......
2022-09-16 17:15:50.859182	[INFO]	event.py	响应时间:230ms	江苏省	南京市	这里是日志信息......
2022-09-16 17:15:50.859182	[WARN]	orders_service.py	响应时间:648ms	湖南省	张家界市	这里是日志信息......
2022-09-16 17:15:50.859182	[INFO]	goods_manager.py	响应时间:131ms	重庆市	万州区	这里是日志信息......
2022-09-16 17:15:50.859182	[INFO]	barcode_service.py	响应时间:83ms	重庆市	九龙坡区	这里是日志信息......
2022-09-16 17:15:50.859182	[INFO]	orders_service.py	响应时间:448ms	湖北省	武汉市	这里是日志信息......
2022-09-16 17:15:50.859182	[INFO]	event.py	响应时间:717ms	北京市	丰台区	这里是日志信息......
2022-09-16 17:15:50.859182	[INFO]	user_manager.py	响应时间:770ms	浙江省	嘉兴市	这里是日志信息......
2022-09-16 17:15:50.859182	[INFO]	base_network.py	响应时间:370ms	重庆市	九龙坡区	这里是日志信息......
2022-09-16 17:15:50.859182	[INFO]	event.py	响应时间:355ms	天津市	河东区	这里是日志信息......
2022-09-16 17:15:50.859182	[ERROR]	user_manager.py	响应时间:524ms	上海市	杨浦区	这里是日志信息......
2022-09-16 17:15:50.859182	[INFO]	shop_manager.py	响应时间:396ms	北京市	怀柔区	这里是日志信息......
2022-09-16 17:15:50.859182	[INFO]	event.py	响应时间:734ms	湖南省	株洲市	这里是日志信息......
2022-09-16 17:15:50.859182	[INFO]	event.py	响应时间:233ms	山东省	济南市	这里是日志信息......
2022-09-16 17:15:50.859182	[INFO]	event.py	响应时间:94ms	天津市	河东区	这里是日志信息......
2022-09-16 17:15:50.859182	[INFO]	goods_manager.py	响应时间:526ms	安徽省	阜阳市	这里是日志信息......
2022-09-16 17:15:50.859182	[WARN]	event.py	响应时间:500ms	湖南省	株洲市	这里是日志信息......
2022-09-16 17:15:50.859182	[INFO]	base_network.py	响应时间:455ms	广东省	深圳市	这里是日志信息......
2022-09-16 17:15:50.859182	[WARN]	event.py	响应时间:495ms	浙江省	舟山市	这里是日志信息......
2022-09-16 17:15:50.859182	[INFO]	event.py	响应时间:783ms	浙江省	丽水市	这里是日志信息......
2022-09-16 17:15:50.859182	[INFO]	goods_manager.py	响应时间:152ms	广东省	广州市	这里是日志信息......
2022-09-16 17:15:50.859182	[INFO]	event.py	响应时间:482ms	安徽省	阜阳市	这里是日志信息......
2022-09-16 17:15:50.859182	[WARN]	orders_service.py	响应时间:606ms	湖南省	长沙市	这里是日志信息......
2022-09-16 17:15:50.859182	[INFO]	goods_manager.py	响应时间:730ms	重庆市	九龙坡区	这里是日志信息......
2022-09-16 17:15:50.859182	[INFO]	event.py	响应时间:484ms	湖南省	长沙市	这里是日志信息......
2022-09-16 17:15:50.859182	[INFO]	shop_manager.py	响应时间:258ms	浙江省	丽水市	这里是日志信息......
2022-09-16 17:15:50.859182	[INFO]	orders_service.py	响应时间:20ms	天津市	河东区	这里是日志信息......
2022-09-16 17:15:50.859182	[INFO]	orders_service.py	响应时间:153ms	湖北省	武汉市	这里是日志信息......
2022-09-16 17:15:50.859182	[INFO]	shop_manager.py	响应时间:48ms	重庆市	南岸区	这里是日志信息......
2022-09-16 17:15:50.859182	[INFO]	orders_service.py	响应时间:674ms	山东省	青岛市	这里是日志信息......
2022-09-16 17:15:50.859182	[INFO]	base_network.py	响应时间:55ms	安徽省	合肥市	这里是日志信息......
2022-09-16 17:15:50.859182	[ERROR]	orders_service.py	响应时间:639ms	山东省	青岛市	这里是日志信息......
2022-09-16 17:15:50.859182	[INFO]	event.py	响应时间:672ms	山东省	济南市	这里是日志信息......
2022-09-16 17:15:50.859182	[WARN]	event.py	响应时间:155ms	江苏省	宿迁市	这里是日志信息......
2022-09-16 17:15:50.859182	[INFO]	orders_service.py	响应时间:695ms	山东省	济南市	这里是日志信息......
2022-09-16 17:15:50.859182	[WARN]	orders_service.py	响应时间:525ms	天津市	武清区	这里是日志信息......
2022-09-16 17:15:50.859182	[INFO]	orders_service.py	响应时间:560ms	湖南省	张家界市	这里是日志信息......
2022-09-16 17:15:50.859182	[INFO]	orders_service.py	响应时间:888ms	江苏省	张家港市	这里是日志信息......
2022-09-16 17:15:50.859182	[WARN]	goods_manager.py	响应时间:804ms	山东省	青岛市	这里是日志信息......
2022-09-16 17:15:50.859182	[WARN]	goods_manager.py	响应时间:865ms	上海市	浦东新区	这里是日志信息......
2022-09-16 17:15:50.859182	[INFO]	barcode_service.py	响应时间:496ms	江苏省	无锡市	这里是日志信息......
2022-09-16 17:15:50.859182	[INFO]	event.py	响应时间:0ms	山东省	青岛市	这里是日志信息......
2022-09-16 17:15:50.859182	[INFO]	orders_service.py	响应时间:51ms	江苏省	无锡市	这里是日志信息......
2022-09-16 17:15:50.859182	[INFO]	orders_service.py	响应时间:217ms	山东省	青岛市	这里是日志信息......
2022-09-16 17:15:50.859182	[INFO]	barcode_service.py	响应时间:929ms	湖南省	常德市	这里是日志信息......
2022-09-16 17:15:50.859182	[INFO]	barcode_service.py	响应时间:793ms	浙江省	杭州市	这里是日志信息......
2022-09-16 17:15:50.859182	[WARN]	event.py	响应时间:739ms	浙江省	杭州市	这里是日志信息......
2022-09-16 17:15:50.859182	[INFO]	event.py	响应时间:305ms	上海市	黄浦区	这里是日志信息......
2022-09-16 17:15:50.859182	[INFO]	user_manager.py	响应时间:109ms	湖北省	荆州市	这里是日志信息......
2022-09-16 17:15:50.859182	[INFO]	event.py	响应时间:888ms	安徽省	阜阳市	这里是日志信息......
2022-09-16 17:15:50.859182	[INFO]	orders_service.py	响应时间:221ms	天津市	宝坻区	这里是日志信息......
2022-09-16 17:15:50.859182	[INFO]	shop_manager.py	响应时间:214ms	江苏省	苏州市	这里是日志信息......
2022-09-16 17:15:50.859182	[INFO]	event.py	响应时间:667ms	北京市	昌平区	这里是日志信息......
2022-09-16 17:15:50.859182	[INFO]	shop_manager.py	响应时间:975ms	北京市	昌平区	这里是日志信息......
2022-09-16 17:15:50.859182	[INFO]	shop_manager.py	响应时间:403ms	山东省	青岛市	这里是日志信息......
2022-09-16 17:15:50.860183	[ERROR]	event.py	响应时间:114ms	上海市	徐汇区	这里是日志信息......
2022-09-16 17:15:50.860183	[INFO]	event.py	响应时间:461ms	湖南省	株洲市	这里是日志信息......
2022-09-16 17:15:50.860183	[INFO]	orders_service.py	响应时间:345ms	重庆市	万州区	这里是日志信息......
2022-09-16 17:15:50.860183	[INFO]	shop_manager.py	响应时间:362ms	北京市	朝阳区	这里是日志信息......
2022-09-16 17:15:50.860183	[INFO]	user_manager.py	响应时间:662ms	湖北省	武汉市	这里是日志信息......
2022-09-16 17:15:50.860183	[INFO]	base_network.py	响应时间:465ms	广东省	广州市	这里是日志信息......
2022-09-16 17:15:50.860183	[INFO]	user_manager.py	响应时间:29ms	重庆市	渝中区	这里是日志信息......
2022-09-16 17:15:50.860183	[INFO]	user_manager.py	响应时间:365ms	山东省	青岛市	这里是日志信息......
2022-09-16 17:15:50.860183	[INFO]	orders_service.py	响应时间:644ms	江苏省	南京市	这里是日志信息......
2022-09-16 17:15:50.860183	[INFO]	barcode_service.py	响应时间:464ms	湖南省	张家界市	这里是日志信息......
2022-09-16 17:15:50.860183	[INFO]	barcode_service.py	响应时间:496ms	天津市	武清区	这里是日志信息......
2022-09-16 17:15:50.860183	[INFO]	barcode_service.py	响应时间:447ms	重庆市	九龙坡区	这里是日志信息......
2022-09-16 17:15:50.860183	[WARN]	goods_manager.py	响应时间:590ms	湖南省	株洲市	这里是日志信息......
2022-09-16 17:15:50.860183	[INFO]	goods_manager.py	响应时间:171ms	广东省	深圳市	这里是日志信息......
2022-09-16 17:15:50.860183	[INFO]	orders_service.py	响应时间:324ms	广东省	广州市	这里是日志信息......
2022-09-16 17:15:50.860183	[INFO]	orders_service.py	响应时间:157ms	广东省	深圳市	这里是日志信息......
2022-09-16 17:15:50.860183	[INFO]	barcode_service.py	响应时间:289ms	北京市	大兴区	这里是日志信息......
2022-09-16 17:15:50.860183	[INFO]	event.py	响应时间:518ms	湖南省	长沙市	这里是日志信息......
2022-09-16 17:15:50.860183	[INFO]	user_manager.py	响应时间:877ms	北京市	朝阳区	这里是日志信息......
2022-09-16 17:15:50.860183	[INFO]	event.py	响应时间:841ms	广东省	广州市	这里是日志信息......
2022-09-16 17:15:50.860183	[INFO]	event.py	响应时间:162ms	天津市	河东区	这里是日志信息......
2022-09-16 17:15:50.860183	[WARN]	goods_manager.py	响应时间:943ms	浙江省	杭州市	这里是日志信息......
2022-09-16 17:15:50.860183	[INFO]	event.py	响应时间:131ms	天津市	河西区	这里是日志信息......
2022-09-16 17:15:50.860183	[INFO]	orders_service.py	响应时间:699ms	北京市	丰台区	这里是日志信息......
2022-09-16 17:15:50.860183	[INFO]	shop_manager.py	响应时间:179ms	上海市	徐汇区	这里是日志信息......
2022-09-16 17:15:50.860183	[WARN]	goods_manager.py	响应时间:394ms	江苏省	张家港市	这里是日志信息......
2022-09-16 17:15:50.860183	[INFO]	orders_service.py	响应时间:468ms	江苏省	苏州市	这里是日志信息......
2022-09-16 17:15:50.860183	[INFO]	event.py	响应时间:318ms	山东省	济南市	这里是日志信息......
2022-09-16 17:15:50.860183	[INFO]	event.py	响应时间:104ms	浙江省	湖州市	这里是日志信息......
2022-09-16 17:15:50.860183	[INFO]	user_manager.py	响应时间:742ms	湖南省	长沙市	这里是日志信息......
2022-09-16 17:15:50.860183	[INFO]	goods_manager.py	响应时间:114ms	天津市	宝坻区	这里是日志信息......
2022-09-16 17:15:50.860183	[INFO]	event.py	响应时间:655ms	安徽省	阜阳市	这里是日志信息......
2022-09-16 17:15:50.860183	[INFO]	barcode_service.py	响应时间:376ms	重庆市	万州区	这里是日志信息......
2022-09-16 17:15:50.860183	[INFO]	goods_manager.py	响应时间:622ms	安徽省	铜陵市	这里是日志信息......
2022-09-16 17:15:50.860183	[INFO]	goods_manager.py	响应时间:128ms	江苏省	南京市	这里是日志信息......
2022-09-16 17:15:50.860183	[INFO]	orders_service.py	响应时间:912ms	湖北省	恩施土家族苗族自治州	这里是日志信息......
2022-09-16 17:15:50.860183	[INFO]	shop_manager.py	响应时间:659ms	北京市	朝阳区	这里是日志信息......
2022-09-16 17:15:50.860183	[INFO]	goods_manager.py	响应时间:473ms	山东省	菏泽市	这里是日志信息......
2022-09-16 17:15:50.860183	[INFO]	user_manager.py	响应时间:98ms	北京市	朝阳区	这里是日志信息......
2022-09-16 17:15:50.860183	[INFO]	base_network.py	响应时间:857ms	浙江省	舟山市	这里是日志信息......
2022-09-16 17:15:50.860183	[INFO]	goods_manager.py	响应时间:159ms	浙江省	绍兴市	这里是日志信息......
2022-09-16 17:15:50.860183	[INFO]	goods_manager.py	响应时间:480ms	天津市	宝坻区	这里是日志信息......
2022-09-16 17:15:50.860183	[INFO]	user_manager.py	响应时间:820ms	江苏省	宿迁市	这里是日志信息......
2022-09-16 17:15:50.860183	[WARN]	goods_manager.py	响应时间:816ms	上海市	宝山区	这里是日志信息......
2022-09-16 17:15:50.860183	[INFO]	event.py	响应时间:659ms	浙江省	丽水市	这里是日志信息......
2022-09-16 17:15:50.860183	[INFO]	base_network.py	响应时间:142ms	上海市	杨浦区	这里是日志信息......
2022-09-16 17:15:50.860183	[WARN]	event.py	响应时间:145ms	浙江省	绍兴市	这里是日志信息......
2022-09-16 17:15:50.860183	[INFO]	orders_service.py	响应时间:787ms	浙江省	丽水市	这里是日志信息......
2022-09-16 17:15:50.860183	[INFO]	goods_manager.py	响应时间:910ms	山东省	菏泽市	这里是日志信息......
2022-09-16 17:15:50.860183	[INFO]	orders_service.py	响应时间:150ms	湖北省	荆州市	这里是日志信息......
2022-09-16 17:15:50.860183	[INFO]	barcode_service.py	响应时间:559ms	浙江省	湖州市	这里是日志信息......
2022-09-16 17:15:50.860183	[INFO]	user_manager.py	响应时间:775ms	广东省	深圳市	这里是日志信息......
2022-09-16 17:15:50.860183	[INFO]	user_manager.py	响应时间:399ms	湖北省	武汉市	这里是日志信息......
2022-09-16 17:15:50.860183	[INFO]	barcode_service.py	响应时间:601ms	湖南省	长沙市	这里是日志信息......
2022-09-16 17:15:50.860183	[INFO]	event.py	响应时间:686ms	浙江省	杭州市	这里是日志信息......
2022-09-16 17:15:50.860183	[INFO]	goods_manager.py	响应时间:272ms	山东省	青岛市	这里是日志信息......
2022-09-16 17:15:50.860183	[INFO]	event.py	响应时间:373ms	重庆市	渝中区	这里是日志信息......
2022-09-16 17:15:50.860183	[INFO]	event.py	响应时间:455ms	广东省	广州市	这里是日志信息......
2022-09-16 17:15:50.860183	[INFO]	orders_service.py	响应时间:857ms	湖南省	长沙市	这里是日志信息......
2022-09-16 17:15:50.860183	[INFO]	barcode_service.py	响应时间:906ms	重庆市	涪陵区	这里是日志信息......
2022-09-16 17:15:50.860183	[WARN]	event.py	响应时间:102ms	上海市	杨浦区	这里是日志信息......
2022-09-16 17:15:50.860183	[INFO]	user_manager.py	响应时间:925ms	湖北省	武汉市	这里是日志信息......
2022-09-16 17:15:50.860183	[INFO]	event.py	响应时间:567ms	北京市	丰台区	这里是日志信息......
2022-09-16 17:15:50.860183	[INFO]	orders_service.py	响应时间:732ms	天津市	河东区	这里是日志信息......
2022-09-16 17:15:50.860183	[INFO]	orders_service.py	响应时间:826ms	天津市	宝坻区	这里是日志信息......
2022-09-16 17:15:50.860183	[WARN]	goods_manager.py	响应时间:788ms	安徽省	合肥市	这里是日志信息......
2022-09-16 17:15:50.860183	[INFO]	user_manager.py	响应时间:384ms	山东省	济南市	这里是日志信息......
2022-09-16 17:15:50.860183	[INFO]	event.py	响应时间:132ms	江苏省	苏州市	这里是日志信息......
2022-09-16 17:15:50.860183	[INFO]	orders_service.py	响应时间:584ms	湖南省	株洲市	这里是日志信息......
2022-09-16 17:15:50.860183	[INFO]	barcode_service.py	响应时间:534ms	重庆市	渝中区	这里是日志信息......
2022-09-16 17:15:50.860183	[INFO]	barcode_service.py	响应时间:500ms	安徽省	合肥市	这里是日志信息......
2022-09-16 17:15:50.860183	[INFO]	barcode_service.py	响应时间:462ms	重庆市	九龙坡区	这里是日志信息......
2022-09-16 17:15:50.861183	[INFO]	event.py	响应时间:204ms	湖北省	武汉市	这里是日志信息......
2022-09-16 17:15:50.861183	[INFO]	goods_manager.py	响应时间:9944ms	北京市	海淀区	这里是日志信息......
2022-09-16 17:15:50.861183	[INFO]	barcode_service.py	响应时间:601ms	浙江省	杭州市	这里是日志信息......
2022-09-16 17:15:50.861183	[INFO]	event.py	响应时间:750ms	重庆市	渝中区	这里是日志信息......
2022-09-16 17:15:50.861183	[INFO]	base_network.py	响应时间:891ms	湖北省	武汉市	这里是日志信息......
2022-09-16 17:15:50.861183	[INFO]	goods_manager.py	响应时间:110ms	广东省	广州市	这里是日志信息......
2022-09-16 17:15:50.861183	[INFO]	orders_service.py	响应时间:213ms	湖南省	株洲市	这里是日志信息......
2022-09-16 17:15:50.861183	[INFO]	event.py	响应时间:91ms	浙江省	金华市	这里是日志信息......
2022-09-16 17:15:50.861183	[INFO]	shop_manager.py	响应时间:953ms	安徽省	芜湖市	这里是日志信息......
2022-09-16 17:15:50.861183	[INFO]	barcode_service.py	响应时间:935ms	天津市	河东区	这里是日志信息......
2022-09-16 17:15:50.861183	[INFO]	base_network.py	响应时间:886ms	湖南省	长沙市	这里是日志信息......
2022-09-16 17:15:50.861183	[INFO]	orders_service.py	响应时间:444ms	湖北省	武汉市	这里是日志信息......
2022-09-16 17:15:50.861183	[INFO]	event.py	响应时间:1000ms	湖南省	张家界市	这里是日志信息......
2022-09-16 17:15:50.861183	[INFO]	orders_service.py	响应时间:406ms	山东省	青岛市	这里是日志信息......
2022-09-16 17:15:50.861183	[INFO]	barcode_service.py	响应时间:690ms	江苏省	宿迁市	这里是日志信息......
2022-09-16 17:15:50.861183	[INFO]	orders_service.py	响应时间:962ms	重庆市	渝中区	这里是日志信息......
2022-09-16 17:15:50.861183	[INFO]	barcode_service.py	响应时间:639ms	湖北省	武汉市	这里是日志信息......
2022-09-16 17:15:50.861183	[INFO]	user_manager.py	响应时间:738ms	江苏省	宿迁市	这里是日志信息......
2022-09-16 17:15:50.861183	[INFO]	user_manager.py	响应时间:906ms	安徽省	六安市	这里是日志信息......
2022-09-16 17:15:50.861183	[INFO]	event.py	响应时间:602ms	山东省	青岛市	这里是日志信息......
2022-09-16 17:15:50.861183	[INFO]	shop_manager.py	响应时间:67ms	安徽省	阜阳市	这里是日志信息......
2022-09-16 17:15:50.861183	[WARN]	shop_manager.py	响应时间:930ms	湖南省	常德市	这里是日志信息......
2022-09-16 17:15:50.861183	[ERROR]	orders_service.py	响应时间:952ms	天津市	和平区	这里是日志信息......
2022-09-16 17:15:50.861183	[INFO]	event.py	响应时间:278ms	浙江省	湖州市	这里是日志信息......
2022-09-16 17:15:50.861183	[WARN]	orders_service.py	响应时间:584ms	上海市	黄浦区	这里是日志信息......
2022-09-16 17:15:50.861183	[INFO]	orders_service.py	响应时间:615ms	广东省	深圳市	这里是日志信息......
2022-09-16 17:15:50.861183	[INFO]	barcode_service.py	响应时间:731ms	安徽省	铜陵市	这里是日志信息......
2022-09-16 17:15:50.861183	[INFO]	user_manager.py	响应时间:85ms	广东省	广州市	这里是日志信息......
2022-09-16 17:15:50.861183	[INFO]	goods_manager.py	响应时间:268ms	湖南省	长沙市	这里是日志信息......
2022-09-16 17:15:50.861183	[ERROR]	barcode_service.py	响应时间:380ms	浙江省	金华市	这里是日志信息......
2022-09-16 17:15:50.861183	[INFO]	orders_service.py	响应时间:259ms	重庆市	渝中区	这里是日志信息......
2022-09-16 17:15:50.861183	[INFO]	event.py	响应时间:318ms	浙江省	丽水市	这里是日志信息......
2022-09-16 17:15:50.861183	[INFO]	event.py	响应时间:175ms	广东省	深圳市	这里是日志信息......
2022-09-16 17:15:50.861183	[INFO]	barcode_service.py	响应时间:221ms	上海市	杨浦区	这里是日志信息......
2022-09-16 17:15:50.861183	[INFO]	orders_service.py	响应时间:624ms	重庆市	渝中区	这里是日志信息......
2022-09-16 17:15:50.861183	[INFO]	base_network.py	响应时间:438ms	江苏省	张家港市	这里是日志信息......
2022-09-16 17:15:50.861183	[INFO]	event.py	响应时间:580ms	江苏省	无锡市	这里是日志信息......
2022-09-16 17:15:50.861183	[INFO]	event.py	响应时间:853ms	安徽省	合肥市	这里是日志信息......
2022-09-16 17:15:50.861183	[INFO]	base_network.py	响应时间:563ms	天津市	宝坻区	这里是日志信息......
2022-09-16 17:15:50.861183	[INFO]	barcode_service.py	响应时间:224ms	广东省	深圳市	这里是日志信息......
2022-09-16 17:15:50.861183	[INFO]	barcode_service.py	响应时间:509ms	安徽省	六安市	这里是日志信息......
2022-09-16 17:15:50.861183	[WARN]	event.py	响应时间:1000ms	重庆市	渝中区	这里是日志信息......
2022-09-16 17:15:50.861183	[WARN]	goods_manager.py	响应时间:717ms	广东省	深圳市	这里是日志信息......
2022-09-16 17:15:50.861183	[ERROR]	goods_manager.py	响应时间:36ms	安徽省	池州市	这里是日志信息......
2022-09-16 17:15:50.861183	[INFO]	shop_manager.py	响应时间:908ms	湖北省	武汉市	这里是日志信息......
2022-09-16 17:15:50.861183	[INFO]	goods_manager.py	响应时间:382ms	湖南省	株洲市	这里是日志信息......
2022-09-16 17:15:50.861183	[INFO]	barcode_service.py	响应时间:260ms	广东省	珠海市	这里是日志信息......
2022-09-16 17:15:50.861183	[INFO]	goods_manager.py	响应时间:628ms	山东省	菏泽市	这里是日志信息......
2022-09-16 17:15:50.861183	[ERROR]	user_manager.py	响应时间:73ms	重庆市	渝中区	这里是日志信息......
2022-09-16 17:15:50.861183	[INFO]	event.py	响应时间:308ms	湖南省	长沙市	这里是日志信息......
2022-09-16 17:15:50.861183	[INFO]	goods_manager.py	响应时间:179ms	湖北省	荆州市	这里是日志信息......
2022-09-16 17:15:50.861183	[INFO]	goods_manager.py	响应时间:36ms	浙江省	丽水市	这里是日志信息......
2022-09-16 17:15:50.861183	[INFO]	goods_manager.py	响应时间:27ms	湖北省	武汉市	这里是日志信息......
2022-09-16 17:15:50.861183	[INFO]	goods_manager.py	响应时间:766ms	安徽省	池州市	这里是日志信息......
2022-09-16 17:15:50.861183	[INFO]	event.py	响应时间:814ms	北京市	海淀区	这里是日志信息......
2022-09-16 17:15:50.861183	[INFO]	orders_service.py	响应时间:50ms	北京市	丰台区	这里是日志信息......
2022-09-16 17:15:50.861183	[INFO]	user_manager.py	响应时间:20ms	北京市	昌平区	这里是日志信息......
2022-09-16 17:15:50.861183	[INFO]	barcode_service.py	响应时间:949ms	上海市	浦东新区	这里是日志信息......
2022-09-16 17:15:50.861183	[INFO]	user_manager.py	响应时间:571ms	安徽省	合肥市	这里是日志信息......
2022-09-16 17:15:50.861183	[INFO]	goods_manager.py	响应时间:470ms	江苏省	常州市	这里是日志信息......
2022-09-16 17:15:50.861183	[WARN]	base_network.py	响应时间:822ms	浙江省	舟山市	这里是日志信息......
2022-09-16 17:15:50.861183	[WARN]	barcode_service.py	响应时间:674ms	湖北省	武汉市	这里是日志信息......
2022-09-16 17:15:50.861183	[INFO]	barcode_service.py	响应时间:322ms	重庆市	万州区	这里是日志信息......
2022-09-16 17:15:50.861183	[INFO]	orders_service.py	响应时间:169ms	湖南省	株洲市	这里是日志信息......
2022-09-16 17:15:50.861183	[INFO]	event.py	响应时间:223ms	广东省	深圳市	这里是日志信息......
2022-09-16 17:15:50.861183	[INFO]	orders_service.py	响应时间:542ms	江苏省	无锡市	这里是日志信息......
2022-09-16 17:15:50.861183	[INFO]	orders_service.py	响应时间:296ms	江苏省	张家港市	这里是日志信息......
2022-09-16 17:15:50.861183	[INFO]	event.py	响应时间:44ms	广东省	深圳市	这里是日志信息......
2022-09-16 17:15:50.861183	[INFO]	goods_manager.py	响应时间:116ms	江苏省	苏州市	这里是日志信息......
2022-09-16 17:15:50.861183	[INFO]	goods_manager.py	响应时间:42ms	上海市	静安区	这里是日志信息......
2022-09-16 17:15:50.862183	[INFO]	orders_service.py	响应时间:465ms	江苏省	南京市	这里是日志信息......
2022-09-16 17:15:50.862183	[INFO]	event.py	响应时间:634ms	山东省	青岛市	这里是日志信息......
2022-09-16 17:15:50.862183	[INFO]	event.py	响应时间:87ms	湖北省	恩施土家族苗族自治州	这里是日志信息......
2022-09-16 17:15:50.862183	[INFO]	barcode_service.py	响应时间:211ms	上海市	黄浦区	这里是日志信息......
2022-09-16 17:15:50.862183	[INFO]	shop_manager.py	响应时间:765ms	北京市	海淀区	这里是日志信息......
2022-09-16 17:15:50.862183	[INFO]	event.py	响应时间:964ms	北京市	怀柔区	这里是日志信息......
2022-09-16 17:15:50.862183	[INFO]	event.py	响应时间:871ms	重庆市	九龙坡区	这里是日志信息......
2022-09-16 17:15:50.862183	[INFO]	barcode_service.py	响应时间:987ms	山东省	青岛市	这里是日志信息......
2022-09-16 17:15:50.862183	[INFO]	event.py	响应时间:422ms	安徽省	合肥市	这里是日志信息......
2022-09-16 17:15:50.862183	[WARN]	orders_service.py	响应时间:599ms	天津市	宝坻区	这里是日志信息......
2022-09-16 17:15:50.862183	[INFO]	goods_manager.py	响应时间:214ms	上海市	普陀区	这里是日志信息......
2022-09-16 17:15:50.862183	[INFO]	orders_service.py	响应时间:195ms	湖南省	张家界市	这里是日志信息......
2022-09-16 17:15:50.862183	[INFO]	orders_service.py	响应时间:508ms	湖北省	武汉市	这里是日志信息......
2022-09-16 17:15:50.862183	[INFO]	orders_service.py	响应时间:6364ms	广东省	珠海市	这里是日志信息......
2022-09-16 17:15:50.862183	[INFO]	goods_manager.py	响应时间:307ms	山东省	青岛市	这里是日志信息......
2022-09-16 17:15:50.862183	[INFO]	event.py	响应时间:490ms	湖北省	武汉市	这里是日志信息......
2022-09-16 17:15:50.862183	[WARN]	base_network.py	响应时间:557ms	天津市	河西区	这里是日志信息......
2022-09-16 17:15:50.862183	[INFO]	shop_manager.py	响应时间:4033ms	天津市	宝坻区	这里是日志信息......
2022-09-16 17:15:50.862183	[INFO]	orders_service.py	响应时间:622ms	北京市	海淀区	这里是日志信息......
2022-09-16 17:15:50.862183	[WARN]	orders_service.py	响应时间:289ms	湖北省	恩施土家族苗族自治州	这里是日志信息......
2022-09-16 17:15:50.862183	[INFO]	event.py	响应时间:664ms	江苏省	南京市	这里是日志信息......
2022-09-16 17:15:50.862183	[INFO]	shop_manager.py	响应时间:536ms	广东省	深圳市	这里是日志信息......
2022-09-16 17:15:50.862183	[INFO]	event.py	响应时间:712ms	湖南省	长沙市	这里是日志信息......
2022-09-16 17:15:50.862183	[INFO]	goods_manager.py	响应时间:524ms	湖北省	武汉市	这里是日志信息......
2022-09-16 17:15:50.862183	[INFO]	barcode_service.py	响应时间:6811ms	北京市	海淀区	这里是日志信息......
2022-09-16 17:15:50.862183	[INFO]	orders_service.py	响应时间:698ms	浙江省	丽水市	这里是日志信息......
2022-09-16 17:15:50.862183	[INFO]	event.py	响应时间:818ms	广东省	深圳市	这里是日志信息......
2022-09-16 17:15:50.862183	[INFO]	goods_manager.py	响应时间:821ms	上海市	静安区	这里是日志信息......
2022-09-16 17:15:50.862183	[INFO]	orders_service.py	响应时间:935ms	湖南省	张家界市	这里是日志信息......
2022-09-16 17:15:50.862183	[INFO]	goods_manager.py	响应时间:426ms	北京市	朝阳区	这里是日志信息......
2022-09-16 17:15:50.862183	[WARN]	orders_service.py	响应时间:799ms	安徽省	铜陵市	这里是日志信息......
2022-09-16 17:15:50.862183	[INFO]	event.py	响应时间:70ms	广东省	广州市	这里是日志信息......
2022-09-16 17:15:50.862183	[INFO]	goods_manager.py	响应时间:68ms	山东省	青岛市	这里是日志信息......
2022-09-16 17:15:50.862183	[INFO]	base_network.py	响应时间:482ms	北京市	昌平区	这里是日志信息......
2022-09-16 17:15:50.862183	[INFO]	user_manager.py	响应时间:43ms	山东省	青岛市	这里是日志信息......
2022-09-16 17:15:50.862183	[INFO]	orders_service.py	响应时间:877ms	广东省	深圳市	这里是日志信息......
2022-09-16 17:15:50.862183	[INFO]	event.py	响应时间:241ms	北京市	怀柔区	这里是日志信息......
2022-09-16 17:15:50.862183	[WARN]	event.py	响应时间:453ms	安徽省	阜阳市	这里是日志信息......
2022-09-16 17:15:50.862183	[INFO]	event.py	响应时间:534ms	浙江省	杭州市	这里是日志信息......
2022-09-16 17:15:50.862183	[INFO]	goods_manager.py	响应时间:582ms	湖北省	武汉市	这里是日志信息......
2022-09-16 17:15:50.862183	[INFO]	barcode_service.py	响应时间:138ms	浙江省	舟山市	这里是日志信息......
2022-09-16 17:15:50.862183	[INFO]	user_manager.py	响应时间:334ms	山东省	济南市	这里是日志信息......
2022-09-16 17:15:50.862183	[INFO]	barcode_service.py	响应时间:329ms	天津市	河西区	这里是日志信息......
2022-09-16 17:15:50.862183	[INFO]	orders_service.py	响应时间:492ms	山东省	青岛市	这里是日志信息......
2022-09-16 17:15:50.862183	[INFO]	goods_manager.py	响应时间:971ms	浙江省	杭州市	这里是日志信息......
2022-09-16 17:15:50.862183	[INFO]	barcode_service.py	响应时间:712ms	广东省	广州市	这里是日志信息......
2022-09-16 17:15:50.862183	[INFO]	user_manager.py	响应时间:541ms	重庆市	南岸区	这里是日志信息......
2022-09-16 17:15:50.862183	[INFO]	shop_manager.py	响应时间:851ms	天津市	河东区	这里是日志信息......
2022-09-16 17:15:50.862183	[INFO]	shop_manager.py	响应时间:505ms	浙江省	杭州市	这里是日志信息......
2022-09-16 17:15:50.862183	[INFO]	orders_service.py	响应时间:37ms	湖南省	常德市	这里是日志信息......
2022-09-16 17:15:50.862183	[INFO]	base_network.py	响应时间:950ms	安徽省	阜阳市	这里是日志信息......
2022-09-16 17:15:50.862183	[INFO]	goods_manager.py	响应时间:506ms	天津市	河东区	这里是日志信息......
2022-09-16 17:15:50.862183	[INFO]	orders_service.py	响应时间:261ms	天津市	河西区	这里是日志信息......
2022-09-16 17:15:50.862183	[INFO]	orders_service.py	响应时间:9855ms	山东省	济南市	这里是日志信息......
2022-09-16 17:15:50.862183	[INFO]	orders_service.py	响应时间:403ms	广东省	珠海市	这里是日志信息......
2022-09-16 17:15:50.862183	[INFO]	orders_service.py	响应时间:414ms	江苏省	南京市	这里是日志信息......
2022-09-16 17:15:50.862183	[INFO]	event.py	响应时间:925ms	浙江省	杭州市	这里是日志信息......
2022-09-16 17:15:50.862183	[INFO]	user_manager.py	响应时间:654ms	江苏省	苏州市	这里是日志信息......
2022-09-16 17:15:50.862183	[WARN]	orders_service.py	响应时间:45ms	浙江省	杭州市	这里是日志信息......
2022-09-16 17:15:50.862183	[INFO]	barcode_service.py	响应时间:9525ms	北京市	海淀区	这里是日志信息......
2022-09-16 17:15:50.862183	[INFO]	goods_manager.py	响应时间:120ms	湖南省	株洲市	这里是日志信息......
2022-09-16 17:15:50.862183	[INFO]	event.py	响应时间:486ms	上海市	徐汇区	这里是日志信息......
2022-09-16 17:15:50.862183	[INFO]	barcode_service.py	响应时间:22ms	湖南省	张家界市	这里是日志信息......
2022-09-16 17:15:50.862183	[WARN]	event.py	响应时间:593ms	江苏省	南京市	这里是日志信息......
2022-09-16 17:15:50.862183	[INFO]	base_network.py	响应时间:289ms	湖北省	十堰市	这里是日志信息......
2022-09-16 17:15:50.862183	[INFO]	base_network.py	响应时间:909ms	湖北省	恩施土家族苗族自治州	这里是日志信息......
2022-09-16 17:15:50.862183	[INFO]	user_manager.py	响应时间:863ms	上海市	浦东新区	这里是日志信息......
2022-09-16 17:15:50.862183	[WARN]	user_manager.py	响应时间:995ms	广东省	广州市	这里是日志信息......
2022-09-16 17:15:50.862183	[INFO]	orders_service.py	响应时间:432ms	湖北省	十堰市	这里是日志信息......
2022-09-16 17:15:50.862183	[INFO]	user_manager.py	响应时间:359ms	湖北省	武汉市	这里是日志信息......
2022-09-16 17:15:50.863183	[INFO]	event.py	响应时间:278ms	湖南省	长沙市	这里是日志信息......
2022-09-16 17:15:50.863183	[INFO]	shop_manager.py	响应时间:246ms	江苏省	常州市	这里是日志信息......
2022-09-16 17:15:50.863183	[INFO]	goods_manager.py	响应时间:475ms	山东省	济南市	这里是日志信息......
2022-09-16 17:15:50.863183	[INFO]	orders_service.py	响应时间:129ms	北京市	昌平区	这里是日志信息......
2022-09-16 17:15:50.863183	[INFO]	goods_manager.py	响应时间:366ms	广东省	广州市	这里是日志信息......
2022-09-16 17:15:50.863183	[ERROR]	event.py	响应时间:130ms	江苏省	南京市	这里是日志信息......
2022-09-16 17:15:50.863183	[INFO]	barcode_service.py	响应时间:99ms	浙江省	杭州市	这里是日志信息......
2022-09-16 17:15:50.863183	[INFO]	event.py	响应时间:15ms	北京市	昌平区	这里是日志信息......
2022-09-16 17:15:50.863183	[INFO]	barcode_service.py	响应时间:632ms	江苏省	南京市	这里是日志信息......
2022-09-16 17:15:50.863183	[INFO]	event.py	响应时间:556ms	湖南省	益阳市	这里是日志信息......
2022-09-16 17:15:50.863183	[INFO]	orders_service.py	响应时间:598ms	山东省	菏泽市	这里是日志信息......
2022-09-16 17:15:50.863183	[INFO]	orders_service.py	响应时间:762ms	湖南省	株洲市	这里是日志信息......
2022-09-16 17:15:50.863183	[INFO]	goods_manager.py	响应时间:106ms	安徽省	阜阳市	这里是日志信息......
2022-09-16 17:15:50.863183	[INFO]	event.py	响应时间:406ms	重庆市	南岸区	这里是日志信息......
2022-09-16 17:15:50.863183	[INFO]	orders_service.py	响应时间:2009ms	江苏省	南京市	这里是日志信息......
2022-09-16 17:15:50.863183	[WARN]	orders_service.py	响应时间:164ms	湖北省	武汉市	这里是日志信息......
2022-09-16 17:15:50.863183	[INFO]	orders_service.py	响应时间:688ms	湖南省	张家界市	这里是日志信息......
2022-09-16 17:15:50.863183	[INFO]	orders_service.py	响应时间:756ms	山东省	青岛市	这里是日志信息......
2022-09-16 17:15:50.863183	[INFO]	event.py	响应时间:828ms	重庆市	涪陵区	这里是日志信息......
2022-09-16 17:15:50.863183	[INFO]	barcode_service.py	响应时间:181ms	湖南省	益阳市	这里是日志信息......
2022-09-16 17:15:50.863183	[INFO]	user_manager.py	响应时间:844ms	湖北省	荆州市	这里是日志信息......
2022-09-16 17:15:50.863183	[ERROR]	orders_service.py	响应时间:678ms	湖北省	武汉市	这里是日志信息......
2022-09-16 17:15:50.863183	[INFO]	user_manager.py	响应时间:376ms	湖北省	十堰市	这里是日志信息......
2022-09-16 17:15:50.863183	[INFO]	orders_service.py	响应时间:525ms	江苏省	宿迁市	这里是日志信息......
2022-09-16 17:15:50.863183	[INFO]	orders_service.py	响应时间:402ms	天津市	河西区	这里是日志信息......
2022-09-16 17:15:50.863183	[ERROR]	shop_manager.py	响应时间:436ms	天津市	武清区	这里是日志信息......
2022-09-16 17:15:50.863183	[INFO]	barcode_service.py	响应时间:78ms	山东省	济南市	这里是日志信息......
2022-09-16 17:15:50.863183	[INFO]	barcode_service.py	响应时间:465ms	江苏省	南京市	这里是日志信息......
2022-09-16 17:15:50.863183	[INFO]	event.py	响应时间:4250ms	广东省	广州市	这里是日志信息......
2022-09-16 17:15:50.863183	[INFO]	barcode_service.py	响应时间:891ms	北京市	朝阳区	这里是日志信息......
2022-09-16 17:15:50.863183	[INFO]	goods_manager.py	响应时间:420ms	江苏省	无锡市	这里是日志信息......
2022-09-16 17:15:50.863183	[INFO]	event.py	响应时间:405ms	湖北省	十堰市	这里是日志信息......
2022-09-16 17:15:50.863183	[INFO]	event.py	响应时间:17ms	安徽省	阜阳市	这里是日志信息......
2022-09-16 17:15:50.863183	[WARN]	event.py	响应时间:189ms	湖南省	长沙市	这里是日志信息......
2022-09-16 17:15:50.863183	[INFO]	barcode_service.py	响应时间:340ms	重庆市	涪陵区	这里是日志信息......
2022-09-16 17:15:50.863183	[WARN]	goods_manager.py	响应时间:51ms	上海市	黄浦区	这里是日志信息......
2022-09-16 17:15:50.863183	[INFO]	base_network.py	响应时间:750ms	江苏省	苏州市	这里是日志信息......
2022-09-16 17:15:50.863183	[INFO]	event.py	响应时间:816ms	山东省	青岛市	这里是日志信息......
2022-09-16 17:15:50.863183	[INFO]	barcode_service.py	响应时间:415ms	重庆市	渝中区	这里是日志信息......
2022-09-16 17:15:50.863183	[INFO]	event.py	响应时间:565ms	重庆市	万州区	这里是日志信息......
2022-09-16 17:15:50.863183	[ERROR]	event.py	响应时间:30ms	浙江省	金华市	这里是日志信息......
2022-09-16 17:15:50.863183	[INFO]	barcode_service.py	响应时间:93ms	湖南省	长沙市	这里是日志信息......
2022-09-16 17:15:50.863183	[INFO]	user_manager.py	响应时间:987ms	天津市	河东区	这里是日志信息......
2022-09-16 17:15:50.863183	[INFO]	user_manager.py	响应时间:583ms	湖北省	荆州市	这里是日志信息......
2022-09-16 17:15:50.863183	[INFO]	base_network.py	响应时间:960ms	山东省	青岛市	这里是日志信息......
2022-09-16 17:15:50.863183	[INFO]	orders_service.py	响应时间:152ms	重庆市	涪陵区	这里是日志信息......
2022-09-16 17:15:50.863183	[INFO]	orders_service.py	响应时间:62ms	山东省	青岛市	这里是日志信息......
2022-09-16 17:15:50.863183	[INFO]	shop_manager.py	响应时间:990ms	北京市	朝阳区	这里是日志信息......
2022-09-16 17:15:50.863183	[WARN]	event.py	响应时间:249ms	北京市	丰台区	这里是日志信息......
2022-09-16 17:15:50.863183	[INFO]	goods_manager.py	响应时间:479ms	北京市	昌平区	这里是日志信息......
2022-09-16 17:15:50.863183	[INFO]	event.py	响应时间:956ms	安徽省	阜阳市	这里是日志信息......
2022-09-16 17:15:50.863183	[WARN]	base_network.py	响应时间:849ms	安徽省	合肥市	这里是日志信息......
2022-09-16 17:15:50.863183	[INFO]	orders_service.py	响应时间:272ms	安徽省	池州市	这里是日志信息......
2022-09-16 17:15:50.863183	[INFO]	shop_manager.py	响应时间:286ms	湖北省	武汉市	这里是日志信息......
2022-09-16 17:15:50.863183	[ERROR]	goods_manager.py	响应时间:962ms	北京市	大兴区	这里是日志信息......
2022-09-16 17:15:50.863183	[INFO]	event.py	响应时间:27ms	山东省	济南市	这里是日志信息......
2022-09-16 17:15:50.863183	[INFO]	goods_manager.py	响应时间:328ms	湖北省	武汉市	这里是日志信息......
2022-09-16 17:15:50.863183	[INFO]	event.py	响应时间:245ms	湖北省	恩施土家族苗族自治州	这里是日志信息......
2022-09-16 17:15:50.863183	[INFO]	event.py	响应时间:476ms	上海市	静安区	这里是日志信息......
2022-09-16 17:15:50.863183	[WARN]	orders_service.py	响应时间:8715ms	湖南省	长沙市	这里是日志信息......
2022-09-16 17:15:50.863183	[INFO]	goods_manager.py	响应时间:384ms	重庆市	涪陵区	这里是日志信息......
2022-09-16 17:15:50.863183	[INFO]	goods_manager.py	响应时间:465ms	安徽省	合肥市	这里是日志信息......
2022-09-16 17:15:50.863183	[INFO]	event.py	响应时间:938ms	北京市	怀柔区	这里是日志信息......
2022-09-16 17:15:50.863183	[INFO]	event.py	响应时间:213ms	山东省	济南市	这里是日志信息......
2022-09-16 17:15:50.863183	[INFO]	orders_service.py	响应时间:204ms	江苏省	张家港市	这里是日志信息......
2022-09-16 17:15:50.863183	[INFO]	orders_service.py	响应时间:771ms	上海市	黄浦区	这里是日志信息......
2022-09-16 17:15:50.863183	[INFO]	event.py	响应时间:291ms	广东省	深圳市	这里是日志信息......
2022-09-16 17:15:50.863183	[INFO]	orders_service.py	响应时间:502ms	湖南省	长沙市	这里是日志信息......
2022-09-16 17:15:50.863183	[INFO]	goods_manager.py	响应时间:888ms	湖北省	十堰市	这里是日志信息......
2022-09-16 17:15:50.864177	[WARN]	shop_manager.py	响应时间:13ms	江苏省	南京市	这里是日志信息......
2022-09-16 17:15:50.864177	[INFO]	event.py	响应时间:599ms	安徽省	铜陵市	这里是日志信息......
2022-09-16 17:15:50.864177	[INFO]	goods_manager.py	响应时间:889ms	湖北省	荆州市	这里是日志信息......
2022-09-16 17:15:50.864177	[INFO]	orders_service.py	响应时间:860ms	江苏省	苏州市	这里是日志信息......
2022-09-16 17:15:50.864177	[INFO]	event.py	响应时间:462ms	湖南省	长沙市	这里是日志信息......
2022-09-16 17:15:50.864177	[INFO]	base_network.py	响应时间:703ms	北京市	怀柔区	这里是日志信息......
2022-09-16 17:15:50.864177	[INFO]	user_manager.py	响应时间:592ms	天津市	宝坻区	这里是日志信息......
2022-09-16 17:15:50.864177	[INFO]	shop_manager.py	响应时间:370ms	江苏省	南京市	这里是日志信息......
2022-09-16 17:15:50.864177	[INFO]	orders_service.py	响应时间:409ms	安徽省	铜陵市	这里是日志信息......
2022-09-16 17:15:50.864177	[INFO]	user_manager.py	响应时间:508ms	重庆市	万州区	这里是日志信息......
2022-09-16 17:15:50.864177	[INFO]	orders_service.py	响应时间:763ms	江苏省	常州市	这里是日志信息......
2022-09-16 17:15:50.864177	[INFO]	event.py	响应时间:832ms	浙江省	杭州市	这里是日志信息......
2022-09-16 17:15:50.864177	[INFO]	event.py	响应时间:94ms	北京市	昌平区	这里是日志信息......
2022-09-16 17:15:50.864177	[INFO]	orders_service.py	响应时间:620ms	湖南省	张家界市	这里是日志信息......
2022-09-16 17:15:50.864177	[INFO]	goods_manager.py	响应时间:756ms	浙江省	金华市	这里是日志信息......
2022-09-16 17:15:50.864177	[INFO]	barcode_service.py	响应时间:247ms	山东省	济南市	这里是日志信息......
2022-09-16 17:15:50.864177	[INFO]	goods_manager.py	响应时间:708ms	广东省	广州市	这里是日志信息......
2022-09-16 17:15:50.864177	[INFO]	event.py	响应时间:195ms	重庆市	南岸区	这里是日志信息......
2022-09-16 17:15:50.864177	[ERROR]	event.py	响应时间:9688ms	重庆市	万州区	这里是日志信息......
2022-09-16 17:15:50.864177	[WARN]	orders_service.py	响应时间:131ms	重庆市	沙坪坝区	这里是日志信息......
2022-09-16 17:15:50.864177	[INFO]	event.py	响应时间:584ms	北京市	海淀区	这里是日志信息......
2022-09-16 17:15:50.864177	[INFO]	barcode_service.py	响应时间:957ms	湖北省	荆州市	这里是日志信息......
2022-09-16 17:15:50.864177	[INFO]	base_network.py	响应时间:981ms	北京市	海淀区	这里是日志信息......
2022-09-16 17:15:50.864177	[INFO]	base_network.py	响应时间:428ms	湖南省	长沙市	这里是日志信息......
2022-09-16 17:15:50.864177	[INFO]	shop_manager.py	响应时间:177ms	天津市	武清区	这里是日志信息......
2022-09-16 17:15:50.864177	[INFO]	shop_manager.py	响应时间:501ms	湖北省	荆州市	这里是日志信息......
2022-09-16 17:15:50.864177	[INFO]	shop_manager.py	响应时间:927ms	上海市	杨浦区	这里是日志信息......
2022-09-16 17:15:50.864177	[WARN]	shop_manager.py	响应时间:4366ms	山东省	青岛市	这里是日志信息......
2022-09-16 17:15:50.864177	[INFO]	event.py	响应时间:796ms	山东省	济南市	这里是日志信息......
2022-09-16 17:15:50.864177	[INFO]	event.py	响应时间:574ms	广东省	广州市	这里是日志信息......
2022-09-16 17:15:50.864177	[INFO]	barcode_service.py	响应时间:723ms	广东省	珠海市	这里是日志信息......
2022-09-16 17:15:50.864177	[INFO]	orders_service.py	响应时间:640ms	上海市	浦东新区	这里是日志信息......
2022-09-16 17:15:50.864177	[INFO]	base_network.py	响应时间:267ms	湖北省	十堰市	这里是日志信息......
2022-09-16 17:15:50.864177	[INFO]	orders_service.py	响应时间:28ms	安徽省	芜湖市	这里是日志信息......
2022-09-16 17:15:50.864177	[WARN]	orders_service.py	响应时间:300ms	浙江省	金华市	这里是日志信息......
2022-09-16 17:15:50.864177	[INFO]	base_network.py	响应时间:745ms	天津市	河东区	这里是日志信息......
2022-09-16 17:15:50.864177	[INFO]	goods_manager.py	响应时间:733ms	重庆市	南岸区	这里是日志信息......
2022-09-16 17:15:50.864177	[INFO]	goods_manager.py	响应时间:800ms	浙江省	金华市	这里是日志信息......
2022-09-16 17:15:50.864177	[INFO]	orders_service.py	响应时间:312ms	北京市	怀柔区	这里是日志信息......
2022-09-16 17:15:50.864177	[INFO]	user_manager.py	响应时间:816ms	湖北省	武汉市	这里是日志信息......
2022-09-16 17:15:50.864177	[ERROR]	goods_manager.py	响应时间:662ms	天津市	宝坻区	这里是日志信息......
2022-09-16 17:15:50.864177	[INFO]	barcode_service.py	响应时间:522ms	湖北省	十堰市	这里是日志信息......
2022-09-16 17:15:50.864177	[INFO]	user_manager.py	响应时间:439ms	湖南省	张家界市	这里是日志信息......
2022-09-16 17:15:50.864177	[INFO]	event.py	响应时间:884ms	江苏省	张家港市	这里是日志信息......
2022-09-16 17:15:50.864177	[INFO]	event.py	响应时间:80ms	广东省	广州市	这里是日志信息......
2022-09-16 17:15:50.864177	[INFO]	user_manager.py	响应时间:241ms	天津市	和平区	这里是日志信息......
2022-09-16 17:15:50.864177	[INFO]	orders_service.py	响应时间:436ms	天津市	和平区	这里是日志信息......
2022-09-16 17:15:50.864177	[INFO]	orders_service.py	响应时间:132ms	天津市	武清区	这里是日志信息......
2022-09-16 17:15:50.864177	[INFO]	goods_manager.py	响应时间:942ms	重庆市	沙坪坝区	这里是日志信息......
2022-09-16 17:15:50.864177	[INFO]	user_manager.py	响应时间:810ms	湖南省	益阳市	这里是日志信息......
2022-09-16 17:15:50.864177	[ERROR]	goods_manager.py	响应时间:663ms	湖北省	武汉市	这里是日志信息......
2022-09-16 17:15:50.864177	[INFO]	goods_manager.py	响应时间:340ms	湖北省	十堰市	这里是日志信息......
2022-09-16 17:15:50.864177	[INFO]	goods_manager.py	响应时间:982ms	北京市	怀柔区	这里是日志信息......
2022-09-16 17:15:50.864177	[INFO]	user_manager.py	响应时间:25ms	山东省	青岛市	这里是日志信息......
2022-09-16 17:15:50.864177	[INFO]	orders_service.py	响应时间:75ms	北京市	丰台区	这里是日志信息......
2022-09-16 17:15:50.864177	[INFO]	orders_service.py	响应时间:640ms	广东省	广州市	这里是日志信息......
2022-09-16 17:15:50.864177	[INFO]	shop_manager.py	响应时间:104ms	安徽省	阜阳市	这里是日志信息......
2022-09-16 17:15:50.864177	[INFO]	goods_manager.py	响应时间:41ms	天津市	河东区	这里是日志信息......
2022-09-16 17:15:50.864177	[INFO]	orders_service.py	响应时间:929ms	湖南省	长沙市	这里是日志信息......
2022-09-16 17:15:50.864177	[INFO]	barcode_service.py	响应时间:983ms	天津市	和平区	这里是日志信息......
2022-09-16 17:15:50.864177	[INFO]	event.py	响应时间:454ms	浙江省	湖州市	这里是日志信息......
2022-09-16 17:15:50.864177	[INFO]	base_network.py	响应时间:888ms	天津市	和平区	这里是日志信息......
2022-09-16 17:15:50.864177	[INFO]	orders_service.py	响应时间:731ms	上海市	普陀区	这里是日志信息......
2022-09-16 17:15:50.864177	[INFO]	barcode_service.py	响应时间:818ms	浙江省	湖州市	这里是日志信息......
2022-09-16 17:15:50.864177	[INFO]	base_network.py	响应时间:290ms	湖北省	恩施土家族苗族自治州	这里是日志信息......
2022-09-16 17:15:50.864177	[INFO]	event.py	响应时间:248ms	山东省	济南市	这里是日志信息......
2022-09-16 17:15:50.864177	[INFO]	orders_service.py	响应时间:303ms	湖南省	长沙市	这里是日志信息......
2022-09-16 17:15:50.864177	[INFO]	goods_manager.py	响应时间:579ms	湖北省	恩施土家族苗族自治州	这里是日志信息......
2022-09-16 17:15:50.864177	[WARN]	goods_manager.py	响应时间:630ms	浙江省	丽水市	这里是日志信息......
2022-09-16 17:15:50.864177	[INFO]	goods_manager.py	响应时间:611ms	山东省	青岛市	这里是日志信息......
2022-09-16 17:15:50.865169	[ERROR]	orders_service.py	响应时间:375ms	江苏省	苏州市	这里是日志信息......
2022-09-16 17:15:50.865169	[WARN]	orders_service.py	响应时间:717ms	山东省	青岛市	这里是日志信息......
2022-09-16 17:15:50.865169	[INFO]	event.py	响应时间:894ms	天津市	河西区	这里是日志信息......
2022-09-16 17:15:50.865169	[INFO]	event.py	响应时间:881ms	浙江省	嘉兴市	这里是日志信息......
2022-09-16 17:15:50.865169	[INFO]	event.py	响应时间:404ms	安徽省	合肥市	这里是日志信息......
2022-09-16 17:15:50.865169	[INFO]	orders_service.py	响应时间:923ms	上海市	静安区	这里是日志信息......
2022-09-16 17:15:50.865169	[ERROR]	goods_manager.py	响应时间:637ms	北京市	昌平区	这里是日志信息......
2022-09-16 17:15:50.865169	[INFO]	event.py	响应时间:406ms	湖北省	武汉市	这里是日志信息......
2022-09-16 17:15:50.865169	[ERROR]	orders_service.py	响应时间:821ms	重庆市	万州区	这里是日志信息......
2022-09-16 17:15:50.865169	[INFO]	orders_service.py	响应时间:212ms	北京市	昌平区	这里是日志信息......
2022-09-16 17:15:50.865169	[INFO]	goods_manager.py	响应时间:663ms	湖南省	常德市	这里是日志信息......
2022-09-16 17:15:50.865169	[INFO]	event.py	响应时间:288ms	浙江省	丽水市	这里是日志信息......
2022-09-16 17:15:50.865169	[INFO]	barcode_service.py	响应时间:376ms	湖北省	武汉市	这里是日志信息......
2022-09-16 17:15:50.865169	[INFO]	orders_service.py	响应时间:420ms	江苏省	常州市	这里是日志信息......
2022-09-16 17:15:50.865169	[ERROR]	user_manager.py	响应时间:712ms	天津市	武清区	这里是日志信息......
2022-09-16 17:15:50.865169	[INFO]	event.py	响应时间:225ms	江苏省	南京市	这里是日志信息......
2022-09-16 17:15:50.865169	[INFO]	event.py	响应时间:23ms	北京市	怀柔区	这里是日志信息......
2022-09-16 17:15:50.865169	[INFO]	orders_service.py	响应时间:708ms	重庆市	沙坪坝区	这里是日志信息......
2022-09-16 17:15:50.865169	[INFO]	barcode_service.py	响应时间:394ms	天津市	河西区	这里是日志信息......
2022-09-16 17:15:50.865169	[INFO]	event.py	响应时间:804ms	安徽省	池州市	这里是日志信息......
2022-09-16 17:15:50.865169	[INFO]	event.py	响应时间:776ms	浙江省	湖州市	这里是日志信息......
2022-09-16 17:15:50.865169	[INFO]	orders_service.py	响应时间:893ms	江苏省	张家港市	这里是日志信息......
2022-09-16 17:15:50.865169	[INFO]	shop_manager.py	响应时间:121ms	浙江省	舟山市	这里是日志信息......
2022-09-16 17:15:50.865169	[INFO]	goods_manager.py	响应时间:544ms	江苏省	苏州市	这里是日志信息......
2022-09-16 17:15:50.865169	[INFO]	event.py	响应时间:58ms	北京市	海淀区	这里是日志信息......
2022-09-16 17:15:50.865169	[INFO]	user_manager.py	响应时间:449ms	北京市	昌平区	这里是日志信息......
2022-09-16 17:15:50.865169	[INFO]	orders_service.py	响应时间:879ms	广东省	珠海市	这里是日志信息......
2022-09-16 17:15:50.865169	[INFO]	event.py	响应时间:195ms	重庆市	万州区	这里是日志信息......
2022-09-16 17:15:50.865169	[WARN]	goods_manager.py	响应时间:478ms	重庆市	渝中区	这里是日志信息......
2022-09-16 17:15:50.865169	[INFO]	event.py	响应时间:649ms	湖南省	长沙市	这里是日志信息......
2022-09-16 17:15:50.865169	[INFO]	base_network.py	响应时间:4209ms	安徽省	铜陵市	这里是日志信息......
2022-09-16 17:15:50.865169	[INFO]	goods_manager.py	响应时间:654ms	安徽省	芜湖市	这里是日志信息......
2022-09-16 17:15:50.865169	[INFO]	orders_service.py	响应时间:787ms	上海市	浦东新区	这里是日志信息......
2022-09-16 17:15:50.865169	[INFO]	orders_service.py	响应时间:31ms	天津市	河西区	这里是日志信息......
2022-09-16 17:15:50.865169	[WARN]	barcode_service.py	响应时间:173ms	湖北省	荆州市	这里是日志信息......
2022-09-16 17:15:50.865169	[WARN]	orders_service.py	响应时间:40ms	浙江省	杭州市	这里是日志信息......
2022-09-16 17:15:50.865169	[INFO]	orders_service.py	响应时间:450ms	浙江省	杭州市	这里是日志信息......
2022-09-16 17:15:50.865169	[INFO]	event.py	响应时间:342ms	湖南省	益阳市	这里是日志信息......
2022-09-16 17:15:50.865169	[INFO]	goods_manager.py	响应时间:398ms	广东省	广州市	这里是日志信息......
2022-09-16 17:15:50.865169	[INFO]	user_manager.py	响应时间:257ms	北京市	丰台区	这里是日志信息......
2022-09-16 17:15:50.865169	[WARN]	orders_service.py	响应时间:470ms	天津市	和平区	这里是日志信息......
2022-09-16 17:15:50.865169	[INFO]	barcode_service.py	响应时间:538ms	广东省	深圳市	这里是日志信息......
2022-09-16 17:15:50.865169	[INFO]	shop_manager.py	响应时间:924ms	山东省	菏泽市	这里是日志信息......
2022-09-16 17:15:50.865169	[INFO]	goods_manager.py	响应时间:81ms	广东省	深圳市	这里是日志信息......
2022-09-16 17:15:50.865169	[INFO]	event.py	响应时间:530ms	湖北省	荆州市	这里是日志信息......
2022-09-16 17:15:50.865169	[INFO]	event.py	响应时间:789ms	湖南省	长沙市	这里是日志信息......
2022-09-16 17:15:50.865169	[INFO]	orders_service.py	响应时间:661ms	湖南省	长沙市	这里是日志信息......
2022-09-16 17:15:50.865169	[INFO]	event.py	响应时间:158ms	江苏省	张家港市	这里是日志信息......
2022-09-16 17:15:50.865169	[INFO]	orders_service.py	响应时间:879ms	上海市	宝山区	这里是日志信息......
2022-09-16 17:15:50.865169	[INFO]	event.py	响应时间:364ms	上海市	普陀区	这里是日志信息......
2022-09-16 17:15:50.865169	[WARN]	event.py	响应时间:955ms	江苏省	无锡市	这里是日志信息......
2022-09-16 17:15:50.865169	[WARN]	event.py	响应时间:222ms	浙江省	丽水市	这里是日志信息......
2022-09-16 17:15:50.865169	[INFO]	barcode_service.py	响应时间:414ms	江苏省	张家港市	这里是日志信息......
2022-09-16 17:15:50.865169	[INFO]	event.py	响应时间:420ms	上海市	宝山区	这里是日志信息......
2022-09-16 17:15:50.865169	[INFO]	event.py	响应时间:508ms	天津市	武清区	这里是日志信息......
2022-09-16 17:15:50.865169	[INFO]	user_manager.py	响应时间:740ms	上海市	徐汇区	这里是日志信息......
2022-09-16 17:15:50.865169	[INFO]	event.py	响应时间:974ms	天津市	河西区	这里是日志信息......
2022-09-16 17:15:50.865169	[INFO]	shop_manager.py	响应时间:4967ms	浙江省	杭州市	这里是日志信息......
2022-09-16 17:15:50.865169	[INFO]	user_manager.py	响应时间:971ms	上海市	浦东新区	这里是日志信息......
2022-09-16 17:15:50.865169	[INFO]	event.py	响应时间:18ms	山东省	青岛市	这里是日志信息......
2022-09-16 17:15:50.865169	[INFO]	user_manager.py	响应时间:237ms	安徽省	六安市	这里是日志信息......
2022-09-16 17:15:50.865169	[INFO]	base_network.py	响应时间:226ms	湖北省	武汉市	这里是日志信息......
2022-09-16 17:15:50.865169	[INFO]	base_network.py	响应时间:351ms	上海市	静安区	这里是日志信息......
2022-09-16 17:15:50.865169	[INFO]	event.py	响应时间:311ms	安徽省	芜湖市	这里是日志信息......
2022-09-16 17:15:50.865169	[INFO]	goods_manager.py	响应时间:538ms	广东省	广州市	这里是日志信息......
2022-09-16 17:15:50.865169	[INFO]	user_manager.py	响应时间:288ms	天津市	宝坻区	这里是日志信息......
2022-09-16 17:15:50.865169	[INFO]	barcode_service.py	响应时间:29ms	湖南省	长沙市	这里是日志信息......
2022-09-16 17:15:50.865169	[INFO]	event.py	响应时间:560ms	山东省	青岛市	这里是日志信息......
2022-09-16 17:15:50.865169	[INFO]	orders_service.py	响应时间:505ms	天津市	宝坻区	这里是日志信息......
2022-09-16 17:15:50.865169	[INFO]	goods_manager.py	响应时间:340ms	山东省	菏泽市	这里是日志信息......
2022-09-16 17:15:50.865169	[INFO]	user_manager.py	响应时间:318ms	重庆市	沙坪坝区	这里是日志信息......
2022-09-16 17:15:50.865169	[INFO]	event.py	响应时间:289ms	天津市	和平区	这里是日志信息......
2022-09-16 17:15:50.866178	[INFO]	barcode_service.py	响应时间:830ms	天津市	宝坻区	这里是日志信息......
2022-09-16 17:15:50.866178	[INFO]	shop_manager.py	响应时间:200ms	广东省	广州市	这里是日志信息......
2022-09-16 17:15:50.866178	[INFO]	event.py	响应时间:635ms	湖北省	十堰市	这里是日志信息......
2022-09-16 17:15:50.866178	[INFO]	event.py	响应时间:913ms	浙江省	丽水市	这里是日志信息......
2022-09-16 17:15:50.866178	[ERROR]	goods_manager.py	响应时间:249ms	安徽省	六安市	这里是日志信息......
2022-09-16 17:15:50.866178	[INFO]	barcode_service.py	响应时间:29ms	重庆市	九龙坡区	这里是日志信息......
2022-09-16 17:15:50.866178	[INFO]	goods_manager.py	响应时间:501ms	北京市	海淀区	这里是日志信息......
2022-09-16 17:15:50.866178	[INFO]	event.py	响应时间:800ms	江苏省	苏州市	这里是日志信息......
2022-09-16 17:15:50.866178	[WARN]	barcode_service.py	响应时间:210ms	上海市	普陀区	这里是日志信息......
2022-09-16 17:15:50.866178	[INFO]	goods_manager.py	响应时间:273ms	浙江省	金华市	这里是日志信息......
2022-09-16 17:15:50.866178	[INFO]	event.py	响应时间:60ms	天津市	河西区	这里是日志信息......
2022-09-16 17:15:50.866178	[WARN]	barcode_service.py	响应时间:456ms	江苏省	常州市	这里是日志信息......
2022-09-16 17:15:50.866178	[INFO]	event.py	响应时间:250ms	安徽省	池州市	这里是日志信息......
2022-09-16 17:15:50.866178	[INFO]	orders_service.py	响应时间:387ms	山东省	济南市	这里是日志信息......
2022-09-16 17:15:50.866178	[INFO]	goods_manager.py	响应时间:578ms	江苏省	南京市	这里是日志信息......
2022-09-16 17:15:50.866178	[INFO]	orders_service.py	响应时间:867ms	安徽省	六安市	这里是日志信息......
2022-09-16 17:15:50.866178	[INFO]	goods_manager.py	响应时间:931ms	江苏省	南京市	这里是日志信息......
2022-09-16 17:15:50.866178	[INFO]	barcode_service.py	响应时间:414ms	北京市	朝阳区	这里是日志信息......
2022-09-16 17:15:50.866178	[INFO]	event.py	响应时间:92ms	安徽省	阜阳市	这里是日志信息......
2022-09-16 17:15:50.866178	[INFO]	goods_manager.py	响应时间:761ms	江苏省	苏州市	这里是日志信息......
2022-09-16 17:15:50.866178	[WARN]	orders_service.py	响应时间:434ms	广东省	广州市	这里是日志信息......
2022-09-16 17:15:50.866178	[INFO]	orders_service.py	响应时间:20ms	安徽省	阜阳市	这里是日志信息......
2022-09-16 17:15:50.866178	[INFO]	orders_service.py	响应时间:787ms	湖南省	张家界市	这里是日志信息......
2022-09-16 17:15:50.866178	[INFO]	event.py	响应时间:177ms	湖南省	长沙市	这里是日志信息......
2022-09-16 17:15:50.866178	[INFO]	orders_service.py	响应时间:533ms	湖北省	武汉市	这里是日志信息......
2022-09-16 17:15:50.866178	[INFO]	user_manager.py	响应时间:687ms	广东省	广州市	这里是日志信息......
2022-09-16 17:15:50.866178	[WARN]	goods_manager.py	响应时间:930ms	北京市	怀柔区	这里是日志信息......
2022-09-16 17:15:50.866178	[INFO]	goods_manager.py	响应时间:27ms	广东省	深圳市	这里是日志信息......
2022-09-16 17:15:50.866178	[INFO]	goods_manager.py	响应时间:864ms	广东省	深圳市	这里是日志信息......
2022-09-16 17:15:50.866178	[INFO]	base_network.py	响应时间:505ms	湖南省	长沙市	这里是日志信息......
2022-09-16 17:15:50.866178	[INFO]	event.py	响应时间:54ms	安徽省	合肥市	这里是日志信息......
2022-09-16 17:15:50.866178	[INFO]	goods_manager.py	响应时间:442ms	江苏省	苏州市	这里是日志信息......
2022-09-16 17:15:50.866178	[INFO]	orders_service.py	响应时间:232ms	湖南省	常德市	这里是日志信息......
2022-09-16 17:15:50.866178	[WARN]	goods_manager.py	响应时间:984ms	北京市	怀柔区	这里是日志信息......
2022-09-16 17:15:50.866178	[INFO]	goods_manager.py	响应时间:851ms	天津市	和平区	这里是日志信息......
2022-09-16 17:15:50.866178	[INFO]	goods_manager.py	响应时间:272ms	重庆市	九龙坡区	这里是日志信息......
2022-09-16 17:15:50.866178	[INFO]	goods_manager.py	响应时间:615ms	江苏省	南京市	这里是日志信息......
2022-09-16 17:15:50.866178	[INFO]	user_manager.py	响应时间:551ms	山东省	青岛市	这里是日志信息......
2022-09-16 17:15:50.866178	[WARN]	orders_service.py	响应时间:749ms	安徽省	合肥市	这里是日志信息......
2022-09-16 17:15:50.866178	[INFO]	orders_service.py	响应时间:565ms	广东省	深圳市	这里是日志信息......
2022-09-16 17:15:50.866178	[INFO]	goods_manager.py	响应时间:252ms	湖南省	益阳市	这里是日志信息......
2022-09-16 17:15:50.866178	[INFO]	shop_manager.py	响应时间:639ms	湖南省	株洲市	这里是日志信息......
2022-09-16 17:15:50.866178	[INFO]	event.py	响应时间:726ms	广东省	广州市	这里是日志信息......
2022-09-16 17:15:50.866178	[INFO]	user_manager.py	响应时间:415ms	广东省	广州市	这里是日志信息......
2022-09-16 17:15:50.866178	[INFO]	goods_manager.py	响应时间:528ms	江苏省	张家港市	这里是日志信息......
2022-09-16 17:15:50.866178	[INFO]	barcode_service.py	响应时间:41ms	广东省	深圳市	这里是日志信息......
2022-09-16 17:15:50.866178	[INFO]	orders_service.py	响应时间:469ms	上海市	普陀区	这里是日志信息......
2022-09-16 17:15:50.866178	[INFO]	goods_manager.py	响应时间:967ms	湖南省	长沙市	这里是日志信息......
2022-09-16 17:15:50.866178	[INFO]	shop_manager.py	响应时间:8ms	山东省	济南市	这里是日志信息......
2022-09-16 17:15:50.866178	[INFO]	barcode_service.py	响应时间:405ms	江苏省	南京市	这里是日志信息......
2022-09-16 17:15:50.866178	[INFO]	shop_manager.py	响应时间:8441ms	山东省	济南市	这里是日志信息......
2022-09-16 17:15:50.866178	[INFO]	orders_service.py	响应时间:146ms	安徽省	芜湖市	这里是日志信息......
2022-09-16 17:15:50.866178	[INFO]	event.py	响应时间:916ms	湖北省	恩施土家族苗族自治州	这里是日志信息......
2022-09-16 17:15:50.866178	[INFO]	event.py	响应时间:251ms	浙江省	绍兴市	这里是日志信息......
2022-09-16 17:15:50.866178	[INFO]	event.py	响应时间:4823ms	安徽省	芜湖市	这里是日志信息......
2022-09-16 17:15:50.866178	[INFO]	event.py	响应时间:98ms	重庆市	九龙坡区	这里是日志信息......
2022-09-16 17:15:50.866178	[INFO]	barcode_service.py	响应时间:885ms	安徽省	铜陵市	这里是日志信息......
2022-09-16 17:15:50.866178	[ERROR]	event.py	响应时间:669ms	山东省	青岛市	这里是日志信息......
2022-09-16 17:15:50.866178	[INFO]	goods_manager.py	响应时间:507ms	江苏省	苏州市	这里是日志信息......
2022-09-16 17:15:50.866178	[INFO]	event.py	响应时间:259ms	安徽省	合肥市	这里是日志信息......
2022-09-16 17:15:50.866178	[INFO]	barcode_service.py	响应时间:286ms	广东省	深圳市	这里是日志信息......
2022-09-16 17:15:50.866178	[INFO]	orders_service.py	响应时间:365ms	天津市	河西区	这里是日志信息......
2022-09-16 17:15:50.866178	[INFO]	orders_service.py	响应时间:879ms	湖北省	武汉市	这里是日志信息......
2022-09-16 17:15:50.866178	[INFO]	event.py	响应时间:244ms	天津市	河东区	这里是日志信息......
2022-09-16 17:15:50.866178	[INFO]	event.py	响应时间:893ms	山东省	青岛市	这里是日志信息......
2022-09-16 17:15:50.866178	[INFO]	goods_manager.py	响应时间:771ms	上海市	黄浦区	这里是日志信息......
2022-09-16 17:15:50.866178	[INFO]	orders_service.py	响应时间:78ms	湖北省	十堰市	这里是日志信息......
2022-09-16 17:15:50.866178	[INFO]	goods_manager.py	响应时间:717ms	北京市	昌平区	这里是日志信息......
2022-09-16 17:15:50.866178	[INFO]	orders_service.py	响应时间:193ms	重庆市	渝中区	这里是日志信息......
2022-09-16 17:15:50.866178	[INFO]	event.py	响应时间:589ms	安徽省	池州市	这里是日志信息......
2022-09-16 17:15:50.866178	[INFO]	orders_service.py	响应时间:547ms	山东省	青岛市	这里是日志信息......
2022-09-16 17:15:50.867171	[INFO]	event.py	响应时间:177ms	上海市	宝山区	这里是日志信息......
2022-09-16 17:15:50.867171	[WARN]	event.py	响应时间:725ms	湖南省	长沙市	这里是日志信息......
2022-09-16 17:15:50.867171	[INFO]	event.py	响应时间:118ms	江苏省	苏州市	这里是日志信息......
2022-09-16 17:15:50.867171	[WARN]	goods_manager.py	响应时间:762ms	湖北省	武汉市	这里是日志信息......
2022-09-16 17:15:50.867171	[INFO]	event.py	响应时间:87ms	湖南省	长沙市	这里是日志信息......
2022-09-16 17:15:50.867171	[INFO]	goods_manager.py	响应时间:237ms	山东省	青岛市	这里是日志信息......
2022-09-16 17:15:50.867171	[INFO]	orders_service.py	响应时间:763ms	山东省	青岛市	这里是日志信息......
2022-09-16 17:15:50.867171	[INFO]	base_network.py	响应时间:367ms	安徽省	阜阳市	这里是日志信息......
2022-09-16 17:15:50.867171	[INFO]	barcode_service.py	响应时间:9ms	安徽省	合肥市	这里是日志信息......
2022-09-16 17:15:50.867171	[INFO]	orders_service.py	响应时间:137ms	北京市	怀柔区	这里是日志信息......
2022-09-16 17:15:50.867171	[INFO]	user_manager.py	响应时间:98ms	重庆市	九龙坡区	这里是日志信息......
2022-09-16 17:15:50.867171	[INFO]	event.py	响应时间:709ms	上海市	杨浦区	这里是日志信息......
2022-09-16 17:15:50.867171	[INFO]	goods_manager.py	响应时间:979ms	山东省	济南市	这里是日志信息......
2022-09-16 17:15:50.867171	[INFO]	goods_manager.py	响应时间:725ms	安徽省	池州市	这里是日志信息......
2022-09-16 17:15:50.867171	[INFO]	barcode_service.py	响应时间:521ms	广东省	广州市	这里是日志信息......
2022-09-16 17:15:50.867171	[INFO]	barcode_service.py	响应时间:411ms	山东省	济南市	这里是日志信息......
2022-09-16 17:15:50.867171	[INFO]	event.py	响应时间:676ms	湖北省	武汉市	这里是日志信息......
2022-09-16 17:15:50.867171	[INFO]	barcode_service.py	响应时间:463ms	浙江省	湖州市	这里是日志信息......
2022-09-16 17:15:50.867171	[INFO]	shop_manager.py	响应时间:52ms	山东省	济南市	这里是日志信息......
2022-09-16 17:15:50.867171	[INFO]	event.py	响应时间:836ms	上海市	黄浦区	这里是日志信息......
2022-09-16 17:15:50.867171	[INFO]	goods_manager.py	响应时间:4542ms	广东省	深圳市	这里是日志信息......
2022-09-16 17:15:50.867171	[INFO]	goods_manager.py	响应时间:28ms	北京市	海淀区	这里是日志信息......
2022-09-16 17:15:50.867171	[INFO]	base_network.py	响应时间:796ms	广东省	深圳市	这里是日志信息......
2022-09-16 17:15:50.867171	[ERROR]	goods_manager.py	响应时间:233ms	上海市	徐汇区	这里是日志信息......
2022-09-16 17:15:50.867171	[INFO]	orders_service.py	响应时间:700ms	广东省	广州市	这里是日志信息......
2022-09-16 17:15:50.867171	[INFO]	user_manager.py	响应时间:76ms	天津市	武清区	这里是日志信息......
2022-09-16 17:15:50.867171	[INFO]	event.py	响应时间:378ms	广东省	广州市	这里是日志信息......
2022-09-16 17:15:50.867171	[INFO]	user_manager.py	响应时间:900ms	山东省	青岛市	这里是日志信息......
2022-09-16 17:15:50.867171	[INFO]	shop_manager.py	响应时间:259ms	安徽省	合肥市	这里是日志信息......
2022-09-16 17:15:50.867171	[INFO]	user_manager.py	响应时间:976ms	北京市	海淀区	这里是日志信息......
2022-09-16 17:15:50.867171	[INFO]	orders_service.py	响应时间:760ms	山东省	菏泽市	这里是日志信息......
2022-09-16 17:15:50.867171	[INFO]	orders_service.py	响应时间:325ms	山东省	济南市	这里是日志信息......
2022-09-16 17:15:50.867171	[INFO]	orders_service.py	响应时间:29ms	北京市	丰台区	这里是日志信息......
2022-09-16 17:15:50.867171	[INFO]	event.py	响应时间:306ms	江苏省	南京市	这里是日志信息......
2022-09-16 17:15:50.867171	[WARN]	user_manager.py	响应时间:82ms	上海市	徐汇区	这里是日志信息......
2022-09-16 17:15:50.867171	[INFO]	user_manager.py	响应时间:646ms	山东省	青岛市	这里是日志信息......
2022-09-16 17:15:50.867171	[INFO]	barcode_service.py	响应时间:49ms	北京市	怀柔区	这里是日志信息......
2022-09-16 17:15:50.867171	[INFO]	event.py	响应时间:75ms	湖北省	武汉市	这里是日志信息......
2022-09-16 17:15:50.867171	[INFO]	orders_service.py	响应时间:999ms	北京市	海淀区	这里是日志信息......
2022-09-16 17:15:50.867171	[INFO]	event.py	响应时间:53ms	天津市	河东区	这里是日志信息......
2022-09-16 17:15:50.867171	[INFO]	event.py	响应时间:383ms	天津市	宝坻区	这里是日志信息......
2022-09-16 17:15:50.867171	[INFO]	orders_service.py	响应时间:879ms	江苏省	南京市	这里是日志信息......
2022-09-16 17:15:50.867171	[INFO]	base_network.py	响应时间:957ms	山东省	济南市	这里是日志信息......
2022-09-16 17:15:50.867171	[INFO]	goods_manager.py	响应时间:417ms	重庆市	九龙坡区	这里是日志信息......
2022-09-16 17:15:50.867171	[INFO]	user_manager.py	响应时间:211ms	重庆市	万州区	这里是日志信息......
2022-09-16 17:15:50.867171	[INFO]	user_manager.py	响应时间:681ms	湖南省	长沙市	这里是日志信息......
2022-09-16 17:15:50.867171	[WARN]	orders_service.py	响应时间:163ms	天津市	河西区	这里是日志信息......
2022-09-16 17:15:50.867171	[INFO]	orders_service.py	响应时间:93ms	重庆市	万州区	这里是日志信息......
2022-09-16 17:15:50.867171	[WARN]	goods_manager.py	响应时间:322ms	安徽省	阜阳市	这里是日志信息......
2022-09-16 17:15:50.867171	[INFO]	event.py	响应时间:157ms	安徽省	六安市	这里是日志信息......
2022-09-16 17:15:50.867171	[INFO]	event.py	响应时间:5ms	安徽省	阜阳市	这里是日志信息......
2022-09-16 17:15:50.867171	[INFO]	orders_service.py	响应时间:654ms	北京市	怀柔区	这里是日志信息......
2022-09-16 17:15:50.867171	[INFO]	goods_manager.py	响应时间:426ms	湖北省	武汉市	这里是日志信息......
2022-09-16 17:15:50.867171	[INFO]	event.py	响应时间:950ms	广东省	深圳市	这里是日志信息......
2022-09-16 17:15:50.867171	[INFO]	user_manager.py	响应时间:305ms	湖南省	长沙市	这里是日志信息......
2022-09-16 17:15:50.867171	[INFO]	orders_service.py	响应时间:790ms	重庆市	涪陵区	这里是日志信息......
2022-09-16 17:15:50.867171	[INFO]	user_manager.py	响应时间:670ms	江苏省	南京市	这里是日志信息......
2022-09-16 17:15:50.867171	[INFO]	event.py	响应时间:66ms	山东省	青岛市	这里是日志信息......
2022-09-16 17:15:50.867171	[INFO]	user_manager.py	响应时间:112ms	天津市	河东区	这里是日志信息......
2022-09-16 17:15:50.867171	[INFO]	shop_manager.py	响应时间:870ms	广东省	广州市	这里是日志信息......
2022-09-16 17:15:50.867171	[WARN]	goods_manager.py	响应时间:20ms	山东省	青岛市	这里是日志信息......
2022-09-16 17:15:50.867171	[INFO]	user_manager.py	响应时间:591ms	安徽省	合肥市	这里是日志信息......
2022-09-16 17:15:50.867171	[INFO]	goods_manager.py	响应时间:620ms	湖南省	长沙市	这里是日志信息......
2022-09-16 17:15:50.867171	[INFO]	shop_manager.py	响应时间:788ms	天津市	宝坻区	这里是日志信息......
2022-09-16 17:15:50.867171	[WARN]	event.py	响应时间:300ms	湖南省	长沙市	这里是日志信息......
2022-09-16 17:15:50.867171	[INFO]	user_manager.py	响应时间:57ms	安徽省	阜阳市	这里是日志信息......
2022-09-16 17:15:50.867171	[INFO]	goods_manager.py	响应时间:611ms	安徽省	合肥市	这里是日志信息......
2022-09-16 17:15:50.867171	[INFO]	orders_service.py	响应时间:509ms	上海市	宝山区	这里是日志信息......
2022-09-16 17:15:50.868172	[INFO]	orders_service.py	响应时间:992ms	江苏省	苏州市	这里是日志信息......
2022-09-16 17:15:50.868172	[INFO]	orders_service.py	响应时间:588ms	湖北省	十堰市	这里是日志信息......
2022-09-16 17:15:50.868172	[INFO]	event.py	响应时间:233ms	北京市	朝阳区	这里是日志信息......
2022-09-16 17:15:50.868172	[INFO]	shop_manager.py	响应时间:6ms	山东省	济南市	这里是日志信息......
2022-09-16 17:15:50.868172	[INFO]	event.py	响应时间:674ms	安徽省	阜阳市	这里是日志信息......
2022-09-16 17:15:50.868172	[INFO]	orders_service.py	响应时间:293ms	天津市	和平区	这里是日志信息......
2022-09-16 17:15:50.868172	[INFO]	goods_manager.py	响应时间:477ms	广东省	深圳市	这里是日志信息......
2022-09-16 17:15:50.868172	[INFO]	event.py	响应时间:820ms	上海市	静安区	这里是日志信息......
2022-09-16 17:15:50.868172	[INFO]	orders_service.py	响应时间:810ms	安徽省	阜阳市	这里是日志信息......
2022-09-16 17:15:50.868172	[INFO]	event.py	响应时间:704ms	浙江省	金华市	这里是日志信息......
2022-09-16 17:15:50.868172	[INFO]	goods_manager.py	响应时间:815ms	湖北省	荆州市	这里是日志信息......
2022-09-16 17:15:50.868172	[INFO]	orders_service.py	响应时间:981ms	上海市	黄浦区	这里是日志信息......
2022-09-16 17:15:50.868172	[INFO]	event.py	响应时间:599ms	江苏省	宿迁市	这里是日志信息......
2022-09-16 17:15:50.868172	[INFO]	event.py	响应时间:82ms	重庆市	万州区	这里是日志信息......
2022-09-16 17:15:50.868172	[WARN]	goods_manager.py	响应时间:404ms	湖北省	十堰市	这里是日志信息......
2022-09-16 17:15:50.868172	[INFO]	goods_manager.py	响应时间:519ms	山东省	济南市	这里是日志信息......
2022-09-16 17:15:50.868172	[INFO]	event.py	响应时间:382ms	山东省	济南市	这里是日志信息......
2022-09-16 17:15:50.868172	[INFO]	user_manager.py	响应时间:857ms	湖北省	恩施土家族苗族自治州	这里是日志信息......
2022-09-16 17:15:50.868172	[INFO]	base_network.py	响应时间:353ms	安徽省	阜阳市	这里是日志信息......
2022-09-16 17:15:50.868172	[INFO]	event.py	响应时间:404ms	上海市	浦东新区	这里是日志信息......
2022-09-16 17:15:50.868172	[INFO]	goods_manager.py	响应时间:673ms	北京市	怀柔区	这里是日志信息......
2022-09-16 17:15:50.868172	[INFO]	orders_service.py	响应时间:969ms	重庆市	渝中区	这里是日志信息......
2022-09-16 17:15:50.868172	[INFO]	event.py	响应时间:725ms	北京市	海淀区	这里是日志信息......
2022-09-16 17:15:50.868172	[INFO]	goods_manager.py	响应时间:531ms	上海市	杨浦区	这里是日志信息......
2022-09-16 17:15:50.868172	[INFO]	goods_manager.py	响应时间:622ms	北京市	海淀区	这里是日志信息......
2022-09-16 17:15:50.868172	[INFO]	base_network.py	响应时间:4350ms	浙江省	湖州市	这里是日志信息......
2022-09-16 17:15:50.868172	[INFO]	barcode_service.py	响应时间:182ms	江苏省	南京市	这里是日志信息......
2022-09-16 17:15:50.868172	[WARN]	base_network.py	响应时间:489ms	广东省	广州市	这里是日志信息......
2022-09-16 17:15:50.868172	[INFO]	event.py	响应时间:302ms	天津市	河东区	这里是日志信息......
2022-09-16 17:15:50.868172	[INFO]	goods_manager.py	响应时间:466ms	重庆市	沙坪坝区	这里是日志信息......
2022-09-16 17:15:50.868172	[INFO]	event.py	响应时间:645ms	北京市	大兴区	这里是日志信息......
2022-09-16 17:15:50.868172	[INFO]	goods_manager.py	响应时间:274ms	山东省	菏泽市	这里是日志信息......
2022-09-16 17:15:50.868172	[WARN]	event.py	响应时间:222ms	上海市	宝山区	这里是日志信息......
2022-09-16 17:15:50.868172	[INFO]	orders_service.py	响应时间:686ms	安徽省	六安市	这里是日志信息......
2022-09-16 17:15:50.868172	[INFO]	goods_manager.py	响应时间:233ms	天津市	宝坻区	这里是日志信息......
2022-09-16 17:15:50.868172	[INFO]	barcode_service.py	响应时间:147ms	江苏省	常州市	这里是日志信息......
2022-09-16 17:15:50.868172	[ERROR]	goods_manager.py	响应时间:8370ms	江苏省	南京市	这里是日志信息......
2022-09-16 17:15:50.868172	[INFO]	orders_service.py	响应时间:723ms	广东省	深圳市	这里是日志信息......
2022-09-16 17:15:50.868172	[WARN]	event.py	响应时间:826ms	山东省	菏泽市	这里是日志信息......
2022-09-16 17:15:50.868172	[INFO]	orders_service.py	响应时间:652ms	江苏省	南京市	这里是日志信息......
2022-09-16 17:15:50.868172	[INFO]	event.py	响应时间:43ms	广东省	深圳市	这里是日志信息......
2022-09-16 17:15:50.868172	[INFO]	goods_manager.py	响应时间:308ms	重庆市	涪陵区	这里是日志信息......
2022-09-16 17:15:50.868172	[INFO]	event.py	响应时间:915ms	广东省	深圳市	这里是日志信息......
2022-09-16 17:15:50.868172	[INFO]	event.py	响应时间:416ms	上海市	徐汇区	这里是日志信息......
2022-09-16 17:15:50.868172	[INFO]	barcode_service.py	响应时间:633ms	浙江省	杭州市	这里是日志信息......
2022-09-16 17:15:50.868172	[WARN]	orders_service.py	响应时间:398ms	江苏省	南京市	这里是日志信息......
2022-09-16 17:15:50.868172	[INFO]	event.py	响应时间:798ms	重庆市	沙坪坝区	这里是日志信息......
2022-09-16 17:15:50.868172	[INFO]	barcode_service.py	响应时间:828ms	湖南省	株洲市	这里是日志信息......
2022-09-16 17:15:50.868172	[INFO]	event.py	响应时间:998ms	安徽省	六安市	这里是日志信息......
2022-09-16 17:15:50.868172	[INFO]	goods_manager.py	响应时间:438ms	江苏省	南京市	这里是日志信息......
2022-09-16 17:15:50.868172	[INFO]	event.py	响应时间:675ms	广东省	广州市	这里是日志信息......
2022-09-16 17:15:50.868172	[INFO]	orders_service.py	响应时间:9ms	重庆市	涪陵区	这里是日志信息......
2022-09-16 17:15:50.868172	[INFO]	goods_manager.py	响应时间:4873ms	浙江省	丽水市	这里是日志信息......
2022-09-16 17:15:50.868172	[INFO]	base_network.py	响应时间:2ms	浙江省	舟山市	这里是日志信息......
2022-09-16 17:15:50.868172	[INFO]	event.py	响应时间:150ms	山东省	青岛市	这里是日志信息......
2022-09-16 17:15:50.868172	[INFO]	goods_manager.py	响应时间:227ms	湖北省	武汉市	这里是日志信息......
2022-09-16 17:15:50.868172	[INFO]	goods_manager.py	响应时间:789ms	湖南省	长沙市	这里是日志信息......
2022-09-16 17:15:50.868172	[INFO]	barcode_service.py	响应时间:497ms	浙江省	绍兴市	这里是日志信息......
2022-09-16 17:15:50.868172	[INFO]	orders_service.py	响应时间:509ms	山东省	菏泽市	这里是日志信息......
2022-09-16 17:15:50.868172	[INFO]	shop_manager.py	响应时间:904ms	浙江省	嘉兴市	这里是日志信息......
2022-09-16 17:15:50.868172	[WARN]	event.py	响应时间:343ms	广东省	广州市	这里是日志信息......
2022-09-16 17:15:50.868172	[WARN]	orders_service.py	响应时间:140ms	山东省	青岛市	这里是日志信息......
2022-09-16 17:15:50.868172	[INFO]	event.py	响应时间:584ms	浙江省	杭州市	这里是日志信息......
2022-09-16 17:15:50.868172	[INFO]	base_network.py	响应时间:2306ms	江苏省	张家港市	这里是日志信息......
2022-09-16 17:15:50.868172	[INFO]	shop_manager.py	响应时间:806ms	重庆市	万州区	这里是日志信息......
2022-09-16 17:15:50.868172	[INFO]	goods_manager.py	响应时间:850ms	重庆市	九龙坡区	这里是日志信息......
2022-09-16 17:15:50.868172	[INFO]	user_manager.py	响应时间:294ms	浙江省	嘉兴市	这里是日志信息......
2022-09-16 17:15:50.868172	[INFO]	event.py	响应时间:981ms	上海市	浦东新区	这里是日志信息......
2022-09-16 17:15:50.868172	[INFO]	event.py	响应时间:113ms	北京市	朝阳区	这里是日志信息......
2022-09-16 17:15:50.868172	[INFO]	orders_service.py	响应时间:291ms	安徽省	池州市	这里是日志信息......
2022-09-16 17:15:50.869184	[INFO]	orders_service.py	响应时间:231ms	湖南省	株洲市	这里是日志信息......
2022-09-16 17:15:50.869184	[WARN]	user_manager.py	响应时间:496ms	广东省	广州市	这里是日志信息......
2022-09-16 17:15:50.869184	[INFO]	base_network.py	响应时间:818ms	上海市	浦东新区	这里是日志信息......
2022-09-16 17:15:50.869184	[INFO]	event.py	响应时间:4973ms	上海市	黄浦区	这里是日志信息......
2022-09-16 17:15:50.869184	[INFO]	event.py	响应时间:984ms	江苏省	宿迁市	这里是日志信息......
2022-09-16 17:15:50.869184	[INFO]	event.py	响应时间:527ms	天津市	河西区	这里是日志信息......
2022-09-16 17:15:50.869184	[ERROR]	event.py	响应时间:555ms	重庆市	万州区	这里是日志信息......
2022-09-16 17:15:50.869184	[INFO]	event.py	响应时间:591ms	江苏省	常州市	这里是日志信息......
2022-09-16 17:15:50.869184	[WARN]	orders_service.py	响应时间:271ms	重庆市	涪陵区	这里是日志信息......
2022-09-16 17:15:50.869184	[WARN]	goods_manager.py	响应时间:670ms	天津市	河东区	这里是日志信息......
2022-09-16 17:15:50.869184	[INFO]	event.py	响应时间:986ms	江苏省	无锡市	这里是日志信息......
2022-09-16 17:15:50.869184	[INFO]	barcode_service.py	响应时间:979ms	上海市	杨浦区	这里是日志信息......
2022-09-16 17:15:50.869184	[INFO]	orders_service.py	响应时间:4723ms	江苏省	宿迁市	这里是日志信息......
2022-09-16 17:15:50.869184	[INFO]	user_manager.py	响应时间:563ms	上海市	静安区	这里是日志信息......
2022-09-16 17:15:50.869184	[INFO]	event.py	响应时间:158ms	天津市	宝坻区	这里是日志信息......
2022-09-16 17:15:50.869184	[INFO]	goods_manager.py	响应时间:73ms	北京市	大兴区	这里是日志信息......
2022-09-16 17:15:50.869184	[INFO]	orders_service.py	响应时间:684ms	山东省	青岛市	这里是日志信息......
2022-09-16 17:15:50.869184	[WARN]	orders_service.py	响应时间:816ms	江苏省	苏州市	这里是日志信息......
2022-09-16 17:15:50.869184	[INFO]	event.py	响应时间:918ms	上海市	杨浦区	这里是日志信息......
2022-09-16 17:15:50.869184	[INFO]	goods_manager.py	响应时间:340ms	浙江省	杭州市	这里是日志信息......
2022-09-16 17:15:50.869184	[INFO]	goods_manager.py	响应时间:707ms	湖南省	长沙市	这里是日志信息......
2022-09-16 17:15:50.869184	[INFO]	event.py	响应时间:989ms	天津市	宝坻区	这里是日志信息......
2022-09-16 17:15:50.869184	[INFO]	orders_service.py	响应时间:189ms	江苏省	常州市	这里是日志信息......
2022-09-16 17:15:50.869184	[INFO]	event.py	响应时间:788ms	上海市	黄浦区	这里是日志信息......
2022-09-16 17:15:50.869184	[INFO]	orders_service.py	响应时间:836ms	上海市	浦东新区	这里是日志信息......
2022-09-16 17:15:50.869184	[INFO]	orders_service.py	响应时间:487ms	湖北省	武汉市	这里是日志信息......
2022-09-16 17:15:50.869184	[ERROR]	goods_manager.py	响应时间:572ms	安徽省	芜湖市	这里是日志信息......
2022-09-16 17:15:50.869184	[INFO]	orders_service.py	响应时间:53ms	江苏省	苏州市	这里是日志信息......
2022-09-16 17:15:50.869184	[INFO]	orders_service.py	响应时间:920ms	重庆市	万州区	这里是日志信息......
2022-09-16 17:15:50.869184	[INFO]	goods_manager.py	响应时间:702ms	山东省	青岛市	这里是日志信息......
2022-09-16 17:15:50.869184	[INFO]	shop_manager.py	响应时间:434ms	广东省	深圳市	这里是日志信息......
2022-09-16 17:15:50.869184	[INFO]	orders_service.py	响应时间:468ms	江苏省	无锡市	这里是日志信息......
2022-09-16 17:15:50.869184	[INFO]	orders_service.py	响应时间:657ms	湖北省	武汉市	这里是日志信息......
2022-09-16 17:15:50.869184	[INFO]	goods_manager.py	响应时间:938ms	重庆市	渝中区	这里是日志信息......
2022-09-16 17:15:50.869184	[INFO]	barcode_service.py	响应时间:192ms	天津市	武清区	这里是日志信息......
2022-09-16 17:15:50.869184	[INFO]	event.py	响应时间:856ms	湖北省	恩施土家族苗族自治州	这里是日志信息......
2022-09-16 17:15:50.869184	[INFO]	barcode_service.py	响应时间:948ms	重庆市	万州区	这里是日志信息......
2022-09-16 17:15:50.869184	[INFO]	base_network.py	响应时间:950ms	山东省	青岛市	这里是日志信息......
2022-09-16 17:15:50.869184	[INFO]	event.py	响应时间:912ms	安徽省	阜阳市	这里是日志信息......
2022-09-16 17:15:50.869184	[INFO]	goods_manager.py	响应时间:753ms	江苏省	南京市	这里是日志信息......
2022-09-16 17:15:50.869184	[INFO]	event.py	响应时间:909ms	山东省	菏泽市	这里是日志信息......
2022-09-16 17:15:50.869184	[INFO]	event.py	响应时间:634ms	湖南省	益阳市	这里是日志信息......
2022-09-16 17:15:50.869184	[INFO]	orders_service.py	响应时间:932ms	湖南省	长沙市	这里是日志信息......
2022-09-16 17:15:50.869184	[INFO]	shop_manager.py	响应时间:706ms	江苏省	苏州市	这里是日志信息......
2022-09-16 17:15:50.869184	[WARN]	goods_manager.py	响应时间:713ms	广东省	珠海市	这里是日志信息......
2022-09-16 17:15:50.869184	[INFO]	orders_service.py	响应时间:354ms	广东省	广州市	这里是日志信息......
2022-09-16 17:15:50.869184	[INFO]	base_network.py	响应时间:238ms	浙江省	杭州市	这里是日志信息......
2022-09-16 17:15:50.869184	[INFO]	base_network.py	响应时间:6200ms	广东省	广州市	这里是日志信息......
2022-09-16 17:15:50.869184	[INFO]	orders_service.py	响应时间:843ms	江苏省	宿迁市	这里是日志信息......
2022-09-16 17:15:50.869184	[INFO]	barcode_service.py	响应时间:302ms	山东省	菏泽市	这里是日志信息......
2022-09-16 17:15:50.869184	[INFO]	base_network.py	响应时间:859ms	安徽省	阜阳市	这里是日志信息......
2022-09-16 17:15:50.869184	[INFO]	user_manager.py	响应时间:977ms	天津市	和平区	这里是日志信息......
2022-09-16 17:15:50.869184	[INFO]	base_network.py	响应时间:627ms	安徽省	阜阳市	这里是日志信息......
2022-09-16 17:15:50.869184	[WARN]	shop_manager.py	响应时间:799ms	江苏省	南京市	这里是日志信息......
2022-09-16 17:15:50.869184	[INFO]	goods_manager.py	响应时间:748ms	浙江省	湖州市	这里是日志信息......
2022-09-16 17:15:50.869184	[INFO]	orders_service.py	响应时间:131ms	湖北省	武汉市	这里是日志信息......
2022-09-16 17:15:50.869184	[WARN]	orders_service.py	响应时间:9ms	重庆市	万州区	这里是日志信息......
2022-09-16 17:15:50.869184	[INFO]	goods_manager.py	响应时间:312ms	山东省	济南市	这里是日志信息......
2022-09-16 17:15:50.869184	[WARN]	event.py	响应时间:268ms	湖北省	武汉市	这里是日志信息......
2022-09-16 17:15:50.869184	[INFO]	user_manager.py	响应时间:8730ms	浙江省	金华市	这里是日志信息......
2022-09-16 17:15:50.869184	[INFO]	goods_manager.py	响应时间:805ms	安徽省	六安市	这里是日志信息......
2022-09-16 17:15:50.869184	[WARN]	goods_manager.py	响应时间:976ms	山东省	济南市	这里是日志信息......
2022-09-16 17:15:50.869184	[INFO]	event.py	响应时间:583ms	江苏省	苏州市	这里是日志信息......
2022-09-16 17:15:50.869184	[INFO]	event.py	响应时间:702ms	北京市	昌平区	这里是日志信息......
2022-09-16 17:15:50.869184	[INFO]	barcode_service.py	响应时间:695ms	北京市	海淀区	这里是日志信息......
2022-09-16 17:15:50.869184	[INFO]	orders_service.py	响应时间:702ms	浙江省	绍兴市	这里是日志信息......
2022-09-16 17:15:50.869184	[INFO]	shop_manager.py	响应时间:786ms	天津市	河东区	这里是日志信息......
2022-09-16 17:15:50.869184	[WARN]	event.py	响应时间:761ms	北京市	朝阳区	这里是日志信息......
2022-09-16 17:15:50.869184	[INFO]	event.py	响应时间:853ms	浙江省	舟山市	这里是日志信息......
2022-09-16 17:15:50.869184	[ERROR]	event.py	响应时间:8282ms	广东省	珠海市	这里是日志信息......
2022-09-16 17:15:50.869184	[INFO]	base_network.py	响应时间:285ms	安徽省	池州市	这里是日志信息......
2022-09-16 17:15:50.870185	[WARN]	goods_manager.py	响应时间:637ms	湖南省	株洲市	这里是日志信息......
2022-09-16 17:15:50.870185	[INFO]	user_manager.py	响应时间:718ms	北京市	海淀区	这里是日志信息......
2022-09-16 17:15:50.870185	[INFO]	event.py	响应时间:502ms	广东省	广州市	这里是日志信息......
2022-09-16 17:15:50.870185	[INFO]	orders_service.py	响应时间:179ms	天津市	武清区	这里是日志信息......
2022-09-16 17:15:50.870185	[INFO]	base_network.py	响应时间:44ms	湖北省	荆州市	这里是日志信息......
2022-09-16 17:15:50.870185	[INFO]	goods_manager.py	响应时间:20ms	安徽省	池州市	这里是日志信息......
2022-09-16 17:15:50.870185	[ERROR]	orders_service.py	响应时间:794ms	江苏省	南京市	这里是日志信息......
2022-09-16 17:15:50.870185	[INFO]	orders_service.py	响应时间:297ms	广东省	深圳市	这里是日志信息......
2022-09-16 17:15:50.870185	[INFO]	orders_service.py	响应时间:214ms	安徽省	合肥市	这里是日志信息......
2022-09-16 17:15:50.870185	[INFO]	orders_service.py	响应时间:365ms	安徽省	合肥市	这里是日志信息......
2022-09-16 17:15:50.870185	[INFO]	shop_manager.py	响应时间:551ms	浙江省	丽水市	这里是日志信息......
2022-09-16 17:15:50.870185	[INFO]	event.py	响应时间:728ms	广东省	珠海市	这里是日志信息......
2022-09-16 17:15:50.870185	[INFO]	goods_manager.py	响应时间:82ms	天津市	宝坻区	这里是日志信息......
2022-09-16 17:15:50.870185	[INFO]	shop_manager.py	响应时间:735ms	北京市	怀柔区	这里是日志信息......
