2022-09-16 14:53:58.790382	[INFO]	barcode_service.py	响应时间:538ms	重庆市	万州区	这里是日志信息......
2022-09-16 14:53:58.790382	[INFO]	base_network.py	响应时间:588ms	山东省	济南市	这里是日志信息......
2022-09-16 14:53:58.790382	[WARN]	user_manager.py	响应时间:316ms	广东省	深圳市	这里是日志信息......
2022-09-16 14:53:58.790382	[INFO]	base_network.py	响应时间:845ms	安徽省	合肥市	这里是日志信息......
2022-09-16 14:53:58.790382	[INFO]	barcode_service.py	响应时间:12ms	江苏省	南京市	这里是日志信息......
2022-09-16 14:53:58.790382	[INFO]	base_network.py	响应时间:797ms	广东省	广州市	这里是日志信息......
2022-09-16 14:53:58.790382	[WARN]	event.py	响应时间:890ms	浙江省	杭州市	这里是日志信息......
2022-09-16 14:53:58.790382	[INFO]	orders_service.py	响应时间:46ms	湖北省	武汉市	这里是日志信息......
2022-09-16 14:53:58.790382	[INFO]	user_manager.py	响应时间:517ms	上海市	杨浦区	这里是日志信息......
2022-09-16 14:53:58.790382	[INFO]	orders_service.py	响应时间:700ms	湖北省	武汉市	这里是日志信息......
2022-09-16 14:53:58.791371	[INFO]	orders_service.py	响应时间:499ms	重庆市	渝中区	这里是日志信息......
2022-09-16 14:53:58.791371	[INFO]	orders_service.py	响应时间:296ms	湖北省	荆州市	这里是日志信息......
2022-09-16 14:53:58.791371	[ERROR]	orders_service.py	响应时间:954ms	天津市	河东区	这里是日志信息......
2022-09-16 14:53:58.791371	[INFO]	event.py	响应时间:632ms	北京市	丰台区	这里是日志信息......
2022-09-16 14:53:58.791371	[INFO]	event.py	响应时间:302ms	安徽省	合肥市	这里是日志信息......
2022-09-16 14:53:58.791371	[INFO]	goods_manager.py	响应时间:124ms	安徽省	合肥市	这里是日志信息......
2022-09-16 14:53:58.791371	[INFO]	orders_service.py	响应时间:134ms	湖南省	长沙市	这里是日志信息......
2022-09-16 14:53:58.791371	[INFO]	orders_service.py	响应时间:818ms	广东省	珠海市	这里是日志信息......
2022-09-16 14:53:58.791371	[INFO]	base_network.py	响应时间:866ms	天津市	和平区	这里是日志信息......
2022-09-16 14:53:58.791371	[INFO]	orders_service.py	响应时间:800ms	湖南省	长沙市	这里是日志信息......
2022-09-16 14:53:58.791371	[INFO]	goods_manager.py	响应时间:1000ms	上海市	普陀区	这里是日志信息......
2022-09-16 14:53:58.791371	[INFO]	event.py	响应时间:5933ms	上海市	浦东新区	这里是日志信息......
2022-09-16 14:53:58.791371	[INFO]	goods_manager.py	响应时间:995ms	重庆市	涪陵区	这里是日志信息......
2022-09-16 14:53:58.791371	[INFO]	user_manager.py	响应时间:726ms	湖南省	长沙市	这里是日志信息......
2022-09-16 14:53:58.791371	[INFO]	event.py	响应时间:871ms	安徽省	阜阳市	这里是日志信息......
2022-09-16 14:53:58.791371	[INFO]	event.py	响应时间:518ms	安徽省	合肥市	这里是日志信息......
2022-09-16 14:53:58.791371	[INFO]	barcode_service.py	响应时间:405ms	湖北省	十堰市	这里是日志信息......
2022-09-16 14:53:58.791371	[INFO]	user_manager.py	响应时间:340ms	江苏省	南京市	这里是日志信息......
2022-09-16 14:53:58.791371	[WARN]	event.py	响应时间:876ms	浙江省	丽水市	这里是日志信息......
2022-09-16 14:53:58.791371	[INFO]	goods_manager.py	响应时间:427ms	重庆市	涪陵区	这里是日志信息......
2022-09-16 14:53:58.791371	[INFO]	base_network.py	响应时间:279ms	广东省	深圳市	这里是日志信息......
2022-09-16 14:53:58.791371	[INFO]	orders_service.py	响应时间:477ms	重庆市	涪陵区	这里是日志信息......
2022-09-16 14:53:58.791371	[INFO]	goods_manager.py	响应时间:87ms	天津市	宝坻区	这里是日志信息......
2022-09-16 14:53:58.791371	[INFO]	user_manager.py	响应时间:3915ms	北京市	朝阳区	这里是日志信息......
2022-09-16 14:53:58.791371	[INFO]	orders_service.py	响应时间:602ms	江苏省	南京市	这里是日志信息......
2022-09-16 14:53:58.791371	[INFO]	user_manager.py	响应时间:476ms	上海市	杨浦区	这里是日志信息......
2022-09-16 14:53:58.791371	[INFO]	barcode_service.py	响应时间:923ms	湖北省	十堰市	这里是日志信息......
2022-09-16 14:53:58.791371	[INFO]	shop_manager.py	响应时间:907ms	江苏省	南京市	这里是日志信息......
2022-09-16 14:53:58.791371	[INFO]	orders_service.py	响应时间:794ms	山东省	济南市	这里是日志信息......
2022-09-16 14:53:58.791371	[INFO]	barcode_service.py	响应时间:669ms	浙江省	杭州市	这里是日志信息......
2022-09-16 14:53:58.791371	[INFO]	goods_manager.py	响应时间:793ms	重庆市	涪陵区	这里是日志信息......
2022-09-16 14:53:58.791371	[INFO]	event.py	响应时间:266ms	重庆市	南岸区	这里是日志信息......
2022-09-16 14:53:58.791371	[WARN]	barcode_service.py	响应时间:775ms	江苏省	苏州市	这里是日志信息......
2022-09-16 14:53:58.791371	[INFO]	goods_manager.py	响应时间:165ms	湖北省	荆州市	这里是日志信息......
2022-09-16 14:53:58.791371	[WARN]	goods_manager.py	响应时间:940ms	天津市	河东区	这里是日志信息......
2022-09-16 14:53:58.791371	[WARN]	orders_service.py	响应时间:280ms	山东省	菏泽市	这里是日志信息......
2022-09-16 14:53:58.791371	[INFO]	event.py	响应时间:976ms	浙江省	丽水市	这里是日志信息......
2022-09-16 14:53:58.791371	[INFO]	orders_service.py	响应时间:305ms	湖南省	常德市	这里是日志信息......
2022-09-16 14:53:58.791371	[WARN]	barcode_service.py	响应时间:275ms	广东省	深圳市	这里是日志信息......
2022-09-16 14:53:58.791371	[INFO]	event.py	响应时间:346ms	江苏省	苏州市	这里是日志信息......
2022-09-16 14:53:58.791371	[INFO]	event.py	响应时间:248ms	上海市	黄浦区	这里是日志信息......
2022-09-16 14:53:58.791371	[INFO]	barcode_service.py	响应时间:522ms	广东省	珠海市	这里是日志信息......
2022-09-16 14:53:58.791371	[INFO]	event.py	响应时间:85ms	北京市	朝阳区	这里是日志信息......
2022-09-16 14:53:58.791371	[INFO]	barcode_service.py	响应时间:310ms	湖北省	武汉市	这里是日志信息......
2022-09-16 14:53:58.791371	[INFO]	orders_service.py	响应时间:518ms	北京市	海淀区	这里是日志信息......
2022-09-16 14:53:58.791371	[INFO]	goods_manager.py	响应时间:142ms	江苏省	张家港市	这里是日志信息......
2022-09-16 14:53:58.791371	[INFO]	shop_manager.py	响应时间:797ms	山东省	济南市	这里是日志信息......
2022-09-16 14:53:58.791371	[INFO]	orders_service.py	响应时间:620ms	广东省	广州市	这里是日志信息......
2022-09-16 14:53:58.791371	[INFO]	event.py	响应时间:158ms	浙江省	金华市	这里是日志信息......
2022-09-16 14:53:58.791371	[WARN]	event.py	响应时间:513ms	上海市	静安区	这里是日志信息......
2022-09-16 14:53:58.791371	[INFO]	event.py	响应时间:684ms	广东省	广州市	这里是日志信息......
2022-09-16 14:53:58.791371	[WARN]	user_manager.py	响应时间:676ms	上海市	杨浦区	这里是日志信息......
2022-09-16 14:53:58.791371	[INFO]	shop_manager.py	响应时间:225ms	广东省	珠海市	这里是日志信息......
2022-09-16 14:53:58.791371	[INFO]	goods_manager.py	响应时间:629ms	湖北省	武汉市	这里是日志信息......
2022-09-16 14:53:58.791371	[INFO]	event.py	响应时间:136ms	上海市	黄浦区	这里是日志信息......
2022-09-16 14:53:58.791371	[INFO]	barcode_service.py	响应时间:816ms	安徽省	合肥市	这里是日志信息......
2022-09-16 14:53:58.791371	[INFO]	orders_service.py	响应时间:634ms	广东省	深圳市	这里是日志信息......
2022-09-16 14:53:58.791371	[WARN]	event.py	响应时间:710ms	江苏省	张家港市	这里是日志信息......
2022-09-16 14:53:58.791371	[ERROR]	base_network.py	响应时间:722ms	重庆市	沙坪坝区	这里是日志信息......
2022-09-16 14:53:58.791371	[INFO]	user_manager.py	响应时间:554ms	上海市	普陀区	这里是日志信息......
2022-09-16 14:53:58.791371	[INFO]	barcode_service.py	响应时间:136ms	山东省	济南市	这里是日志信息......
2022-09-16 14:53:58.791371	[ERROR]	goods_manager.py	响应时间:260ms	天津市	河西区	这里是日志信息......
2022-09-16 14:53:58.791371	[INFO]	goods_manager.py	响应时间:4793ms	重庆市	万州区	这里是日志信息......
2022-09-16 14:53:58.791371	[INFO]	base_network.py	响应时间:3ms	广东省	深圳市	这里是日志信息......
2022-09-16 14:53:58.791371	[INFO]	orders_service.py	响应时间:317ms	上海市	宝山区	这里是日志信息......
2022-09-16 14:53:58.792370	[INFO]	base_network.py	响应时间:959ms	浙江省	嘉兴市	这里是日志信息......
2022-09-16 14:53:58.792370	[INFO]	event.py	响应时间:2242ms	浙江省	杭州市	这里是日志信息......
2022-09-16 14:53:58.792370	[INFO]	barcode_service.py	响应时间:439ms	天津市	宝坻区	这里是日志信息......
2022-09-16 14:53:58.792370	[INFO]	base_network.py	响应时间:673ms	湖北省	恩施土家族苗族自治州	这里是日志信息......
2022-09-16 14:53:58.792370	[INFO]	goods_manager.py	响应时间:163ms	天津市	河东区	这里是日志信息......
2022-09-16 14:53:58.792370	[INFO]	event.py	响应时间:429ms	上海市	静安区	这里是日志信息......
2022-09-16 14:53:58.792370	[INFO]	barcode_service.py	响应时间:115ms	湖北省	十堰市	这里是日志信息......
2022-09-16 14:53:58.792370	[INFO]	event.py	响应时间:458ms	湖北省	十堰市	这里是日志信息......
2022-09-16 14:53:58.792370	[INFO]	orders_service.py	响应时间:686ms	湖南省	长沙市	这里是日志信息......
2022-09-16 14:53:58.792370	[INFO]	shop_manager.py	响应时间:279ms	江苏省	常州市	这里是日志信息......
2022-09-16 14:53:58.792370	[INFO]	event.py	响应时间:510ms	北京市	海淀区	这里是日志信息......
2022-09-16 14:53:58.792370	[INFO]	barcode_service.py	响应时间:8ms	广东省	珠海市	这里是日志信息......
2022-09-16 14:53:58.792370	[INFO]	orders_service.py	响应时间:95ms	湖北省	武汉市	这里是日志信息......
2022-09-16 14:53:58.792370	[ERROR]	shop_manager.py	响应时间:641ms	重庆市	万州区	这里是日志信息......
2022-09-16 14:53:58.792370	[WARN]	event.py	响应时间:583ms	湖南省	长沙市	这里是日志信息......
2022-09-16 14:53:58.792370	[INFO]	event.py	响应时间:730ms	安徽省	池州市	这里是日志信息......
2022-09-16 14:53:58.792370	[INFO]	base_network.py	响应时间:535ms	湖南省	长沙市	这里是日志信息......
2022-09-16 14:53:58.792370	[INFO]	barcode_service.py	响应时间:939ms	湖北省	武汉市	这里是日志信息......
2022-09-16 14:53:58.792370	[WARN]	event.py	响应时间:562ms	天津市	宝坻区	这里是日志信息......
2022-09-16 14:53:58.792370	[INFO]	orders_service.py	响应时间:807ms	上海市	普陀区	这里是日志信息......
2022-09-16 14:53:58.792370	[INFO]	goods_manager.py	响应时间:45ms	安徽省	芜湖市	这里是日志信息......
2022-09-16 14:53:58.792370	[INFO]	user_manager.py	响应时间:662ms	湖北省	武汉市	这里是日志信息......
2022-09-16 14:53:58.792370	[INFO]	event.py	响应时间:533ms	湖北省	荆州市	这里是日志信息......
2022-09-16 14:53:58.792370	[INFO]	barcode_service.py	响应时间:536ms	山东省	济南市	这里是日志信息......
2022-09-16 14:53:58.792370	[INFO]	orders_service.py	响应时间:74ms	江苏省	宿迁市	这里是日志信息......
2022-09-16 14:53:58.792370	[INFO]	base_network.py	响应时间:414ms	湖北省	武汉市	这里是日志信息......
2022-09-16 14:53:58.792370	[WARN]	event.py	响应时间:426ms	江苏省	南京市	这里是日志信息......
2022-09-16 14:53:58.792370	[INFO]	goods_manager.py	响应时间:748ms	天津市	河西区	这里是日志信息......
2022-09-16 14:53:58.792370	[INFO]	orders_service.py	响应时间:558ms	天津市	武清区	这里是日志信息......
2022-09-16 14:53:58.792370	[INFO]	barcode_service.py	响应时间:632ms	湖南省	长沙市	这里是日志信息......
2022-09-16 14:53:58.792370	[INFO]	user_manager.py	响应时间:395ms	广东省	广州市	这里是日志信息......
2022-09-16 14:53:58.792370	[INFO]	user_manager.py	响应时间:435ms	天津市	武清区	这里是日志信息......
2022-09-16 14:53:58.792370	[INFO]	event.py	响应时间:272ms	天津市	武清区	这里是日志信息......
2022-09-16 14:53:58.792370	[INFO]	orders_service.py	响应时间:579ms	山东省	青岛市	这里是日志信息......
2022-09-16 14:53:58.792370	[INFO]	user_manager.py	响应时间:481ms	湖北省	武汉市	这里是日志信息......
2022-09-16 14:53:58.792370	[INFO]	event.py	响应时间:756ms	山东省	青岛市	这里是日志信息......
2022-09-16 14:53:58.792370	[INFO]	orders_service.py	响应时间:927ms	天津市	和平区	这里是日志信息......
2022-09-16 14:53:58.792370	[INFO]	shop_manager.py	响应时间:686ms	安徽省	合肥市	这里是日志信息......
2022-09-16 14:53:58.792370	[INFO]	event.py	响应时间:129ms	天津市	武清区	这里是日志信息......
2022-09-16 14:53:58.792370	[INFO]	goods_manager.py	响应时间:172ms	重庆市	涪陵区	这里是日志信息......
2022-09-16 14:53:58.792370	[INFO]	user_manager.py	响应时间:72ms	浙江省	绍兴市	这里是日志信息......
2022-09-16 14:53:58.792370	[INFO]	event.py	响应时间:618ms	天津市	武清区	这里是日志信息......
2022-09-16 14:53:58.792370	[WARN]	shop_manager.py	响应时间:951ms	安徽省	合肥市	这里是日志信息......
2022-09-16 14:53:58.792370	[INFO]	barcode_service.py	响应时间:72ms	广东省	深圳市	这里是日志信息......
2022-09-16 14:53:58.792370	[INFO]	event.py	响应时间:517ms	安徽省	合肥市	这里是日志信息......
2022-09-16 14:53:58.792370	[INFO]	event.py	响应时间:235ms	重庆市	涪陵区	这里是日志信息......
2022-09-16 14:53:58.792370	[INFO]	event.py	响应时间:924ms	天津市	和平区	这里是日志信息......
2022-09-16 14:53:58.792370	[ERROR]	orders_service.py	响应时间:683ms	湖北省	武汉市	这里是日志信息......
2022-09-16 14:53:58.792370	[ERROR]	base_network.py	响应时间:653ms	山东省	济南市	这里是日志信息......
2022-09-16 14:53:58.792370	[INFO]	goods_manager.py	响应时间:696ms	上海市	宝山区	这里是日志信息......
2022-09-16 14:53:58.792370	[WARN]	shop_manager.py	响应时间:152ms	山东省	青岛市	这里是日志信息......
2022-09-16 14:53:58.792370	[WARN]	barcode_service.py	响应时间:540ms	广东省	珠海市	这里是日志信息......
2022-09-16 14:53:58.792370	[INFO]	base_network.py	响应时间:870ms	天津市	河东区	这里是日志信息......
2022-09-16 14:53:58.792370	[INFO]	shop_manager.py	响应时间:945ms	湖南省	常德市	这里是日志信息......
2022-09-16 14:53:58.792370	[INFO]	base_network.py	响应时间:352ms	广东省	深圳市	这里是日志信息......
2022-09-16 14:53:58.792370	[INFO]	base_network.py	响应时间:815ms	安徽省	阜阳市	这里是日志信息......
2022-09-16 14:53:58.792370	[INFO]	orders_service.py	响应时间:851ms	江苏省	张家港市	这里是日志信息......
2022-09-16 14:53:58.792370	[INFO]	shop_manager.py	响应时间:409ms	上海市	浦东新区	这里是日志信息......
2022-09-16 14:53:58.792370	[INFO]	goods_manager.py	响应时间:692ms	山东省	青岛市	这里是日志信息......
2022-09-16 14:53:58.792370	[INFO]	goods_manager.py	响应时间:763ms	上海市	普陀区	这里是日志信息......
2022-09-16 14:53:58.792370	[WARN]	event.py	响应时间:397ms	重庆市	万州区	这里是日志信息......
2022-09-16 14:53:58.792370	[INFO]	barcode_service.py	响应时间:910ms	天津市	武清区	这里是日志信息......
2022-09-16 14:53:58.792370	[INFO]	event.py	响应时间:398ms	北京市	海淀区	这里是日志信息......
2022-09-16 14:53:58.792370	[WARN]	goods_manager.py	响应时间:431ms	湖南省	益阳市	这里是日志信息......
2022-09-16 14:53:58.792370	[INFO]	shop_manager.py	响应时间:397ms	江苏省	苏州市	这里是日志信息......
2022-09-16 14:53:58.792370	[ERROR]	orders_service.py	响应时间:694ms	广东省	广州市	这里是日志信息......
2022-09-16 14:53:58.792370	[WARN]	goods_manager.py	响应时间:803ms	安徽省	芜湖市	这里是日志信息......
2022-09-16 14:53:58.792370	[WARN]	event.py	响应时间:939ms	上海市	杨浦区	这里是日志信息......
2022-09-16 14:53:58.792370	[INFO]	goods_manager.py	响应时间:376ms	上海市	杨浦区	这里是日志信息......
2022-09-16 14:53:58.792370	[INFO]	shop_manager.py	响应时间:591ms	江苏省	常州市	这里是日志信息......
2022-09-16 14:53:58.792370	[INFO]	orders_service.py	响应时间:139ms	浙江省	舟山市	这里是日志信息......
2022-09-16 14:53:58.793370	[INFO]	barcode_service.py	响应时间:103ms	安徽省	芜湖市	这里是日志信息......
2022-09-16 14:53:58.793370	[INFO]	orders_service.py	响应时间:264ms	上海市	静安区	这里是日志信息......
2022-09-16 14:53:58.793370	[INFO]	event.py	响应时间:26ms	广东省	珠海市	这里是日志信息......
2022-09-16 14:53:58.793370	[INFO]	orders_service.py	响应时间:480ms	广东省	珠海市	这里是日志信息......
2022-09-16 14:53:58.793370	[INFO]	user_manager.py	响应时间:310ms	湖北省	武汉市	这里是日志信息......
2022-09-16 14:53:58.793370	[INFO]	orders_service.py	响应时间:492ms	北京市	海淀区	这里是日志信息......
2022-09-16 14:53:58.793370	[INFO]	orders_service.py	响应时间:504ms	安徽省	阜阳市	这里是日志信息......
2022-09-16 14:53:58.793370	[INFO]	orders_service.py	响应时间:176ms	浙江省	杭州市	这里是日志信息......
2022-09-16 14:53:58.793370	[INFO]	user_manager.py	响应时间:42ms	北京市	朝阳区	这里是日志信息......
2022-09-16 14:53:58.793370	[INFO]	event.py	响应时间:770ms	北京市	昌平区	这里是日志信息......
2022-09-16 14:53:58.793370	[INFO]	barcode_service.py	响应时间:552ms	广东省	深圳市	这里是日志信息......
2022-09-16 14:53:58.793370	[INFO]	orders_service.py	响应时间:945ms	安徽省	阜阳市	这里是日志信息......
2022-09-16 14:53:58.793370	[INFO]	orders_service.py	响应时间:110ms	广东省	深圳市	这里是日志信息......
2022-09-16 14:53:58.793370	[INFO]	user_manager.py	响应时间:103ms	湖南省	长沙市	这里是日志信息......
2022-09-16 14:53:58.793370	[INFO]	goods_manager.py	响应时间:567ms	山东省	菏泽市	这里是日志信息......
2022-09-16 14:53:58.793370	[INFO]	shop_manager.py	响应时间:740ms	湖北省	武汉市	这里是日志信息......
2022-09-16 14:53:58.793370	[WARN]	event.py	响应时间:195ms	重庆市	万州区	这里是日志信息......
2022-09-16 14:53:58.793370	[INFO]	barcode_service.py	响应时间:179ms	湖南省	长沙市	这里是日志信息......
2022-09-16 14:53:58.793370	[INFO]	shop_manager.py	响应时间:210ms	山东省	青岛市	这里是日志信息......
2022-09-16 14:53:58.793370	[ERROR]	event.py	响应时间:117ms	重庆市	万州区	这里是日志信息......
2022-09-16 14:53:58.793370	[INFO]	base_network.py	响应时间:191ms	湖南省	长沙市	这里是日志信息......
2022-09-16 14:53:58.793370	[INFO]	event.py	响应时间:350ms	重庆市	沙坪坝区	这里是日志信息......
2022-09-16 14:53:58.793370	[INFO]	user_manager.py	响应时间:844ms	北京市	海淀区	这里是日志信息......
2022-09-16 14:53:58.793370	[INFO]	event.py	响应时间:564ms	湖南省	长沙市	这里是日志信息......
2022-09-16 14:53:58.793370	[INFO]	event.py	响应时间:826ms	天津市	宝坻区	这里是日志信息......
2022-09-16 14:53:58.793370	[INFO]	goods_manager.py	响应时间:75ms	重庆市	南岸区	这里是日志信息......
2022-09-16 14:53:58.793370	[INFO]	barcode_service.py	响应时间:558ms	重庆市	沙坪坝区	这里是日志信息......
2022-09-16 14:53:58.793370	[INFO]	event.py	响应时间:770ms	重庆市	南岸区	这里是日志信息......
2022-09-16 14:53:58.793370	[INFO]	event.py	响应时间:877ms	湖北省	武汉市	这里是日志信息......
2022-09-16 14:53:58.793370	[WARN]	goods_manager.py	响应时间:448ms	浙江省	舟山市	这里是日志信息......
2022-09-16 14:53:58.793370	[ERROR]	barcode_service.py	响应时间:483ms	北京市	大兴区	这里是日志信息......
2022-09-16 14:53:58.793370	[INFO]	goods_manager.py	响应时间:511ms	北京市	朝阳区	这里是日志信息......
2022-09-16 14:53:58.793370	[INFO]	goods_manager.py	响应时间:165ms	天津市	河东区	这里是日志信息......
2022-09-16 14:53:58.793370	[INFO]	orders_service.py	响应时间:705ms	天津市	和平区	这里是日志信息......
2022-09-16 14:53:58.793370	[WARN]	goods_manager.py	响应时间:266ms	安徽省	芜湖市	这里是日志信息......
2022-09-16 14:53:58.793370	[INFO]	barcode_service.py	响应时间:722ms	北京市	丰台区	这里是日志信息......
2022-09-16 14:53:58.793370	[INFO]	event.py	响应时间:591ms	湖北省	武汉市	这里是日志信息......
2022-09-16 14:53:58.793370	[INFO]	goods_manager.py	响应时间:751ms	湖南省	长沙市	这里是日志信息......
2022-09-16 14:53:58.793370	[INFO]	shop_manager.py	响应时间:807ms	上海市	宝山区	这里是日志信息......
2022-09-16 14:53:58.793370	[INFO]	barcode_service.py	响应时间:919ms	浙江省	丽水市	这里是日志信息......
2022-09-16 14:53:58.793370	[INFO]	barcode_service.py	响应时间:1747ms	天津市	河西区	这里是日志信息......
2022-09-16 14:53:58.793370	[INFO]	event.py	响应时间:1ms	北京市	大兴区	这里是日志信息......
2022-09-16 14:53:58.793370	[INFO]	orders_service.py	响应时间:787ms	上海市	静安区	这里是日志信息......
2022-09-16 14:53:58.793370	[INFO]	barcode_service.py	响应时间:263ms	江苏省	张家港市	这里是日志信息......
2022-09-16 14:53:58.793370	[WARN]	event.py	响应时间:107ms	山东省	济南市	这里是日志信息......
2022-09-16 14:53:58.793370	[INFO]	event.py	响应时间:765ms	山东省	济南市	这里是日志信息......
2022-09-16 14:53:58.793370	[INFO]	goods_manager.py	响应时间:276ms	湖北省	恩施土家族苗族自治州	这里是日志信息......
2022-09-16 14:53:58.793370	[INFO]	goods_manager.py	响应时间:56ms	山东省	青岛市	这里是日志信息......
2022-09-16 14:53:58.793370	[INFO]	event.py	响应时间:48ms	天津市	河东区	这里是日志信息......
2022-09-16 14:53:58.793370	[INFO]	goods_manager.py	响应时间:430ms	广东省	珠海市	这里是日志信息......
2022-09-16 14:53:58.793370	[INFO]	goods_manager.py	响应时间:423ms	湖南省	张家界市	这里是日志信息......
2022-09-16 14:53:58.793370	[INFO]	goods_manager.py	响应时间:409ms	北京市	海淀区	这里是日志信息......
2022-09-16 14:53:58.793370	[INFO]	barcode_service.py	响应时间:21ms	重庆市	渝中区	这里是日志信息......
2022-09-16 14:53:58.793370	[WARN]	event.py	响应时间:268ms	安徽省	池州市	这里是日志信息......
2022-09-16 14:53:58.793370	[INFO]	orders_service.py	响应时间:274ms	湖南省	长沙市	这里是日志信息......
2022-09-16 14:53:58.793370	[WARN]	user_manager.py	响应时间:831ms	天津市	宝坻区	这里是日志信息......
2022-09-16 14:53:58.793370	[WARN]	orders_service.py	响应时间:484ms	山东省	青岛市	这里是日志信息......
2022-09-16 14:53:58.793370	[INFO]	goods_manager.py	响应时间:521ms	北京市	海淀区	这里是日志信息......
2022-09-16 14:53:58.793370	[INFO]	user_manager.py	响应时间:213ms	广东省	广州市	这里是日志信息......
2022-09-16 14:53:58.793370	[INFO]	event.py	响应时间:764ms	湖北省	武汉市	这里是日志信息......
2022-09-16 14:53:58.793370	[INFO]	event.py	响应时间:393ms	湖北省	恩施土家族苗族自治州	这里是日志信息......
2022-09-16 14:53:58.793370	[INFO]	orders_service.py	响应时间:503ms	山东省	济南市	这里是日志信息......
2022-09-16 14:53:58.793370	[INFO]	event.py	响应时间:585ms	北京市	昌平区	这里是日志信息......
2022-09-16 14:53:58.793370	[INFO]	shop_manager.py	响应时间:957ms	江苏省	南京市	这里是日志信息......
2022-09-16 14:53:58.793370	[INFO]	user_manager.py	响应时间:46ms	广东省	广州市	这里是日志信息......
2022-09-16 14:53:58.793370	[INFO]	barcode_service.py	响应时间:498ms	湖北省	武汉市	这里是日志信息......
2022-09-16 14:53:58.793370	[INFO]	orders_service.py	响应时间:871ms	湖北省	恩施土家族苗族自治州	这里是日志信息......
2022-09-16 14:53:58.793370	[WARN]	goods_manager.py	响应时间:616ms	重庆市	南岸区	这里是日志信息......
2022-09-16 14:53:58.793370	[WARN]	goods_manager.py	响应时间:555ms	湖北省	恩施土家族苗族自治州	这里是日志信息......
2022-09-16 14:53:58.793370	[ERROR]	goods_manager.py	响应时间:575ms	上海市	宝山区	这里是日志信息......
2022-09-16 14:53:58.793370	[INFO]	event.py	响应时间:496ms	江苏省	南京市	这里是日志信息......
2022-09-16 14:53:58.794366	[WARN]	event.py	响应时间:637ms	湖南省	株洲市	这里是日志信息......
2022-09-16 14:53:58.794366	[INFO]	event.py	响应时间:55ms	山东省	青岛市	这里是日志信息......
2022-09-16 14:53:58.794366	[INFO]	base_network.py	响应时间:805ms	江苏省	张家港市	这里是日志信息......
2022-09-16 14:53:58.794366	[INFO]	user_manager.py	响应时间:290ms	重庆市	南岸区	这里是日志信息......
2022-09-16 14:53:58.794366	[INFO]	barcode_service.py	响应时间:519ms	北京市	海淀区	这里是日志信息......
2022-09-16 14:53:58.794366	[INFO]	goods_manager.py	响应时间:171ms	湖南省	株洲市	这里是日志信息......
2022-09-16 14:53:58.794366	[WARN]	event.py	响应时间:81ms	湖南省	长沙市	这里是日志信息......
2022-09-16 14:53:58.794366	[INFO]	orders_service.py	响应时间:193ms	湖南省	长沙市	这里是日志信息......
2022-09-16 14:53:58.794366	[INFO]	orders_service.py	响应时间:845ms	北京市	丰台区	这里是日志信息......
2022-09-16 14:53:58.794366	[INFO]	event.py	响应时间:701ms	上海市	徐汇区	这里是日志信息......
2022-09-16 14:53:58.794366	[INFO]	orders_service.py	响应时间:107ms	安徽省	阜阳市	这里是日志信息......
2022-09-16 14:53:58.794366	[WARN]	barcode_service.py	响应时间:180ms	广东省	广州市	这里是日志信息......
2022-09-16 14:53:58.794366	[INFO]	orders_service.py	响应时间:113ms	天津市	河西区	这里是日志信息......
2022-09-16 14:53:58.794366	[INFO]	orders_service.py	响应时间:417ms	湖南省	张家界市	这里是日志信息......
2022-09-16 14:53:58.794366	[INFO]	orders_service.py	响应时间:447ms	上海市	浦东新区	这里是日志信息......
2022-09-16 14:53:58.794366	[INFO]	user_manager.py	响应时间:523ms	天津市	河东区	这里是日志信息......
2022-09-16 14:53:58.794366	[INFO]	user_manager.py	响应时间:126ms	重庆市	万州区	这里是日志信息......
2022-09-16 14:53:58.794366	[INFO]	event.py	响应时间:430ms	湖南省	张家界市	这里是日志信息......
2022-09-16 14:53:58.794366	[INFO]	event.py	响应时间:629ms	湖南省	株洲市	这里是日志信息......
2022-09-16 14:53:58.794366	[INFO]	user_manager.py	响应时间:863ms	安徽省	铜陵市	这里是日志信息......
2022-09-16 14:53:58.794366	[INFO]	event.py	响应时间:905ms	北京市	海淀区	这里是日志信息......
2022-09-16 14:53:58.794366	[INFO]	event.py	响应时间:965ms	湖南省	长沙市	这里是日志信息......
2022-09-16 14:53:58.794366	[INFO]	shop_manager.py	响应时间:8128ms	江苏省	南京市	这里是日志信息......
2022-09-16 14:53:58.794366	[INFO]	orders_service.py	响应时间:682ms	湖南省	长沙市	这里是日志信息......
2022-09-16 14:53:58.794366	[INFO]	event.py	响应时间:843ms	江苏省	南京市	这里是日志信息......
2022-09-16 14:53:58.794366	[INFO]	event.py	响应时间:554ms	安徽省	阜阳市	这里是日志信息......
2022-09-16 14:53:58.794366	[INFO]	base_network.py	响应时间:159ms	湖北省	武汉市	这里是日志信息......
2022-09-16 14:53:58.794366	[INFO]	event.py	响应时间:115ms	安徽省	芜湖市	这里是日志信息......
2022-09-16 14:53:58.794366	[INFO]	orders_service.py	响应时间:129ms	天津市	宝坻区	这里是日志信息......
2022-09-16 14:53:58.794366	[INFO]	barcode_service.py	响应时间:698ms	浙江省	金华市	这里是日志信息......
2022-09-16 14:53:58.794366	[INFO]	goods_manager.py	响应时间:656ms	上海市	普陀区	这里是日志信息......
2022-09-16 14:53:58.794366	[INFO]	goods_manager.py	响应时间:749ms	北京市	丰台区	这里是日志信息......
2022-09-16 14:53:58.794366	[INFO]	shop_manager.py	响应时间:804ms	重庆市	万州区	这里是日志信息......
2022-09-16 14:53:58.794366	[INFO]	orders_service.py	响应时间:313ms	浙江省	绍兴市	这里是日志信息......
2022-09-16 14:53:58.794366	[INFO]	shop_manager.py	响应时间:220ms	湖南省	长沙市	这里是日志信息......
2022-09-16 14:53:58.794366	[INFO]	base_network.py	响应时间:537ms	上海市	浦东新区	这里是日志信息......
2022-09-16 14:53:58.794366	[INFO]	event.py	响应时间:393ms	湖北省	武汉市	这里是日志信息......
2022-09-16 14:53:58.794366	[INFO]	barcode_service.py	响应时间:415ms	广东省	珠海市	这里是日志信息......
2022-09-16 14:53:58.794366	[INFO]	goods_manager.py	响应时间:603ms	北京市	大兴区	这里是日志信息......
2022-09-16 14:53:58.794366	[INFO]	shop_manager.py	响应时间:306ms	山东省	济南市	这里是日志信息......
2022-09-16 14:53:58.794366	[INFO]	shop_manager.py	响应时间:622ms	北京市	朝阳区	这里是日志信息......
2022-09-16 14:53:58.794366	[INFO]	event.py	响应时间:804ms	江苏省	南京市	这里是日志信息......
2022-09-16 14:53:58.794366	[INFO]	orders_service.py	响应时间:716ms	重庆市	南岸区	这里是日志信息......
2022-09-16 14:53:58.794366	[WARN]	event.py	响应时间:312ms	湖北省	武汉市	这里是日志信息......
2022-09-16 14:53:58.794366	[INFO]	user_manager.py	响应时间:923ms	山东省	青岛市	这里是日志信息......
2022-09-16 14:53:58.794366	[INFO]	shop_manager.py	响应时间:191ms	浙江省	舟山市	这里是日志信息......
2022-09-16 14:53:58.794366	[INFO]	event.py	响应时间:920ms	北京市	海淀区	这里是日志信息......
2022-09-16 14:53:58.794366	[INFO]	shop_manager.py	响应时间:679ms	天津市	武清区	这里是日志信息......
2022-09-16 14:53:58.794366	[INFO]	orders_service.py	响应时间:920ms	江苏省	无锡市	这里是日志信息......
2022-09-16 14:53:58.794366	[INFO]	event.py	响应时间:995ms	浙江省	杭州市	这里是日志信息......
2022-09-16 14:53:58.794366	[INFO]	event.py	响应时间:249ms	山东省	菏泽市	这里是日志信息......
2022-09-16 14:53:58.794366	[INFO]	user_manager.py	响应时间:568ms	天津市	武清区	这里是日志信息......
2022-09-16 14:53:58.794366	[INFO]	event.py	响应时间:947ms	北京市	怀柔区	这里是日志信息......
2022-09-16 14:53:58.794366	[INFO]	base_network.py	响应时间:305ms	山东省	青岛市	这里是日志信息......
2022-09-16 14:53:58.794366	[INFO]	orders_service.py	响应时间:1ms	北京市	海淀区	这里是日志信息......
2022-09-16 14:53:58.794366	[INFO]	shop_manager.py	响应时间:1128ms	广东省	深圳市	这里是日志信息......
2022-09-16 14:53:58.794366	[WARN]	event.py	响应时间:595ms	山东省	菏泽市	这里是日志信息......
2022-09-16 14:53:58.794366	[ERROR]	orders_service.py	响应时间:875ms	江苏省	张家港市	这里是日志信息......
2022-09-16 14:53:58.794366	[INFO]	event.py	响应时间:242ms	湖南省	常德市	这里是日志信息......
2022-09-16 14:53:58.794366	[INFO]	event.py	响应时间:109ms	上海市	浦东新区	这里是日志信息......
2022-09-16 14:53:58.794366	[INFO]	goods_manager.py	响应时间:16ms	重庆市	南岸区	这里是日志信息......
2022-09-16 14:53:58.794366	[WARN]	orders_service.py	响应时间:254ms	湖北省	武汉市	这里是日志信息......
2022-09-16 14:53:58.794366	[INFO]	orders_service.py	响应时间:348ms	山东省	济南市	这里是日志信息......
2022-09-16 14:53:58.794366	[INFO]	event.py	响应时间:890ms	北京市	朝阳区	这里是日志信息......
2022-09-16 14:53:58.794366	[INFO]	user_manager.py	响应时间:27ms	上海市	徐汇区	这里是日志信息......
2022-09-16 14:53:58.794366	[INFO]	goods_manager.py	响应时间:857ms	重庆市	九龙坡区	这里是日志信息......
2022-09-16 14:53:58.794366	[INFO]	goods_manager.py	响应时间:296ms	广东省	深圳市	这里是日志信息......
2022-09-16 14:53:58.794366	[INFO]	goods_manager.py	响应时间:820ms	湖南省	长沙市	这里是日志信息......
2022-09-16 14:53:58.794366	[INFO]	orders_service.py	响应时间:899ms	湖北省	武汉市	这里是日志信息......
2022-09-16 14:53:58.794366	[WARN]	goods_manager.py	响应时间:375ms	湖南省	常德市	这里是日志信息......
2022-09-16 14:53:58.794366	[INFO]	event.py	响应时间:319ms	上海市	静安区	这里是日志信息......
2022-09-16 14:53:58.794366	[INFO]	shop_manager.py	响应时间:988ms	安徽省	合肥市	这里是日志信息......
2022-09-16 14:53:58.795371	[INFO]	orders_service.py	响应时间:718ms	江苏省	常州市	这里是日志信息......
2022-09-16 14:53:58.795371	[INFO]	event.py	响应时间:76ms	上海市	浦东新区	这里是日志信息......
2022-09-16 14:53:58.795371	[INFO]	event.py	响应时间:577ms	广东省	广州市	这里是日志信息......
2022-09-16 14:53:58.795371	[INFO]	orders_service.py	响应时间:654ms	广东省	深圳市	这里是日志信息......
2022-09-16 14:53:58.795371	[INFO]	user_manager.py	响应时间:1267ms	湖南省	长沙市	这里是日志信息......
2022-09-16 14:53:58.795371	[INFO]	goods_manager.py	响应时间:130ms	北京市	朝阳区	这里是日志信息......
2022-09-16 14:53:58.795371	[WARN]	goods_manager.py	响应时间:761ms	重庆市	九龙坡区	这里是日志信息......
2022-09-16 14:53:58.795371	[INFO]	goods_manager.py	响应时间:857ms	安徽省	铜陵市	这里是日志信息......
2022-09-16 14:53:58.795371	[INFO]	barcode_service.py	响应时间:102ms	湖南省	长沙市	这里是日志信息......
2022-09-16 14:53:58.795371	[INFO]	goods_manager.py	响应时间:575ms	上海市	徐汇区	这里是日志信息......
2022-09-16 14:53:58.795371	[INFO]	goods_manager.py	响应时间:113ms	北京市	海淀区	这里是日志信息......
2022-09-16 14:53:58.795371	[INFO]	goods_manager.py	响应时间:203ms	广东省	深圳市	这里是日志信息......
2022-09-16 14:53:58.795371	[INFO]	base_network.py	响应时间:70ms	山东省	青岛市	这里是日志信息......
2022-09-16 14:53:58.795371	[INFO]	event.py	响应时间:926ms	重庆市	万州区	这里是日志信息......
2022-09-16 14:53:58.795371	[INFO]	event.py	响应时间:415ms	上海市	黄浦区	这里是日志信息......
2022-09-16 14:53:58.795371	[INFO]	shop_manager.py	响应时间:561ms	湖北省	荆州市	这里是日志信息......
2022-09-16 14:53:58.795371	[INFO]	event.py	响应时间:504ms	重庆市	九龙坡区	这里是日志信息......
2022-09-16 14:53:58.795371	[INFO]	goods_manager.py	响应时间:671ms	湖南省	长沙市	这里是日志信息......
2022-09-16 14:53:58.795371	[INFO]	barcode_service.py	响应时间:273ms	湖北省	十堰市	这里是日志信息......
2022-09-16 14:53:58.795371	[INFO]	goods_manager.py	响应时间:509ms	北京市	海淀区	这里是日志信息......
2022-09-16 14:53:58.795371	[WARN]	base_network.py	响应时间:190ms	上海市	杨浦区	这里是日志信息......
2022-09-16 14:53:58.795371	[WARN]	barcode_service.py	响应时间:622ms	天津市	武清区	这里是日志信息......
2022-09-16 14:53:58.795371	[INFO]	base_network.py	响应时间:468ms	江苏省	常州市	这里是日志信息......
2022-09-16 14:53:58.795371	[INFO]	orders_service.py	响应时间:808ms	上海市	徐汇区	这里是日志信息......
2022-09-16 14:53:58.795371	[WARN]	shop_manager.py	响应时间:134ms	安徽省	六安市	这里是日志信息......
2022-09-16 14:53:58.795371	[INFO]	base_network.py	响应时间:907ms	山东省	济南市	这里是日志信息......
2022-09-16 14:53:58.795371	[INFO]	event.py	响应时间:747ms	广东省	深圳市	这里是日志信息......
2022-09-16 14:53:58.795371	[INFO]	orders_service.py	响应时间:933ms	浙江省	金华市	这里是日志信息......
2022-09-16 14:53:58.795371	[INFO]	base_network.py	响应时间:816ms	安徽省	合肥市	这里是日志信息......
2022-09-16 14:53:58.795371	[INFO]	goods_manager.py	响应时间:581ms	天津市	武清区	这里是日志信息......
2022-09-16 14:53:58.795371	[INFO]	goods_manager.py	响应时间:837ms	浙江省	绍兴市	这里是日志信息......
2022-09-16 14:53:58.795371	[INFO]	event.py	响应时间:17ms	重庆市	万州区	这里是日志信息......
2022-09-16 14:53:58.795371	[ERROR]	goods_manager.py	响应时间:789ms	安徽省	阜阳市	这里是日志信息......
2022-09-16 14:53:58.795371	[WARN]	base_network.py	响应时间:99ms	安徽省	合肥市	这里是日志信息......
2022-09-16 14:53:58.795371	[INFO]	shop_manager.py	响应时间:235ms	北京市	昌平区	这里是日志信息......
2022-09-16 14:53:58.795371	[INFO]	event.py	响应时间:826ms	湖北省	荆州市	这里是日志信息......
2022-09-16 14:53:58.795371	[INFO]	barcode_service.py	响应时间:955ms	湖南省	张家界市	这里是日志信息......
2022-09-16 14:53:58.795371	[INFO]	base_network.py	响应时间:305ms	北京市	朝阳区	这里是日志信息......
2022-09-16 14:53:58.795371	[INFO]	goods_manager.py	响应时间:746ms	湖南省	长沙市	这里是日志信息......
2022-09-16 14:53:58.795371	[WARN]	shop_manager.py	响应时间:273ms	浙江省	绍兴市	这里是日志信息......
2022-09-16 14:53:58.795371	[INFO]	user_manager.py	响应时间:722ms	安徽省	六安市	这里是日志信息......
2022-09-16 14:53:58.795371	[INFO]	goods_manager.py	响应时间:424ms	湖北省	武汉市	这里是日志信息......
2022-09-16 14:53:58.795371	[INFO]	barcode_service.py	响应时间:21ms	天津市	和平区	这里是日志信息......
2022-09-16 14:53:58.795371	[WARN]	orders_service.py	响应时间:554ms	安徽省	铜陵市	这里是日志信息......
2022-09-16 14:53:58.795371	[INFO]	user_manager.py	响应时间:847ms	江苏省	南京市	这里是日志信息......
2022-09-16 14:53:58.795371	[INFO]	event.py	响应时间:823ms	安徽省	芜湖市	这里是日志信息......
2022-09-16 14:53:58.795371	[INFO]	goods_manager.py	响应时间:536ms	上海市	浦东新区	这里是日志信息......
2022-09-16 14:53:58.795371	[INFO]	event.py	响应时间:315ms	北京市	昌平区	这里是日志信息......
2022-09-16 14:53:58.795371	[INFO]	orders_service.py	响应时间:310ms	湖北省	武汉市	这里是日志信息......
2022-09-16 14:53:58.795371	[INFO]	goods_manager.py	响应时间:825ms	山东省	菏泽市	这里是日志信息......
2022-09-16 14:53:58.795371	[INFO]	event.py	响应时间:753ms	江苏省	南京市	这里是日志信息......
2022-09-16 14:53:58.795371	[INFO]	barcode_service.py	响应时间:860ms	安徽省	铜陵市	这里是日志信息......
2022-09-16 14:53:58.795371	[INFO]	goods_manager.py	响应时间:931ms	湖南省	长沙市	这里是日志信息......
2022-09-16 14:53:58.795371	[INFO]	shop_manager.py	响应时间:551ms	重庆市	万州区	这里是日志信息......
2022-09-16 14:53:58.795371	[INFO]	goods_manager.py	响应时间:419ms	湖北省	武汉市	这里是日志信息......
2022-09-16 14:53:58.795371	[INFO]	event.py	响应时间:623ms	天津市	河西区	这里是日志信息......
2022-09-16 14:53:58.795371	[INFO]	goods_manager.py	响应时间:425ms	北京市	海淀区	这里是日志信息......
2022-09-16 14:53:58.795371	[INFO]	goods_manager.py	响应时间:989ms	天津市	武清区	这里是日志信息......
2022-09-16 14:53:58.795371	[INFO]	base_network.py	响应时间:447ms	江苏省	苏州市	这里是日志信息......
2022-09-16 14:53:58.795371	[INFO]	barcode_service.py	响应时间:127ms	重庆市	南岸区	这里是日志信息......
2022-09-16 14:53:58.795371	[INFO]	goods_manager.py	响应时间:238ms	江苏省	常州市	这里是日志信息......
2022-09-16 14:53:58.795371	[INFO]	shop_manager.py	响应时间:15ms	重庆市	万州区	这里是日志信息......
2022-09-16 14:53:58.795371	[INFO]	event.py	响应时间:927ms	湖北省	十堰市	这里是日志信息......
2022-09-16 14:53:58.795371	[INFO]	base_network.py	响应时间:165ms	湖南省	长沙市	这里是日志信息......
2022-09-16 14:53:58.795371	[INFO]	user_manager.py	响应时间:405ms	重庆市	九龙坡区	这里是日志信息......
2022-09-16 14:53:58.795371	[INFO]	barcode_service.py	响应时间:589ms	安徽省	阜阳市	这里是日志信息......
2022-09-16 14:53:58.795371	[INFO]	goods_manager.py	响应时间:455ms	广东省	珠海市	这里是日志信息......
2022-09-16 14:53:58.795371	[ERROR]	goods_manager.py	响应时间:924ms	浙江省	嘉兴市	这里是日志信息......
2022-09-16 14:53:58.795371	[INFO]	event.py	响应时间:125ms	北京市	海淀区	这里是日志信息......
2022-09-16 14:53:58.795371	[INFO]	event.py	响应时间:869ms	重庆市	万州区	这里是日志信息......
2022-09-16 14:53:58.795371	[INFO]	event.py	响应时间:214ms	湖北省	武汉市	这里是日志信息......
2022-09-16 14:53:58.795371	[WARN]	orders_service.py	响应时间:507ms	山东省	济南市	这里是日志信息......
2022-09-16 14:53:58.795371	[INFO]	goods_manager.py	响应时间:751ms	湖北省	武汉市	这里是日志信息......
2022-09-16 14:53:58.795371	[WARN]	orders_service.py	响应时间:128ms	湖南省	长沙市	这里是日志信息......
2022-09-16 14:53:58.795371	[INFO]	barcode_service.py	响应时间:81ms	浙江省	湖州市	这里是日志信息......
2022-09-16 14:53:58.796371	[INFO]	base_network.py	响应时间:211ms	山东省	济南市	这里是日志信息......
2022-09-16 14:53:58.796371	[INFO]	event.py	响应时间:73ms	广东省	深圳市	这里是日志信息......
2022-09-16 14:53:58.796371	[INFO]	goods_manager.py	响应时间:342ms	浙江省	舟山市	这里是日志信息......
2022-09-16 14:53:58.796371	[ERROR]	orders_service.py	响应时间:7564ms	浙江省	绍兴市	这里是日志信息......
2022-09-16 14:53:58.796371	[INFO]	barcode_service.py	响应时间:389ms	湖南省	益阳市	这里是日志信息......
2022-09-16 14:53:58.796371	[INFO]	orders_service.py	响应时间:215ms	天津市	宝坻区	这里是日志信息......
2022-09-16 14:53:58.796371	[INFO]	base_network.py	响应时间:921ms	广东省	珠海市	这里是日志信息......
2022-09-16 14:53:58.796371	[INFO]	event.py	响应时间:501ms	广东省	珠海市	这里是日志信息......
2022-09-16 14:53:58.796371	[WARN]	shop_manager.py	响应时间:266ms	上海市	浦东新区	这里是日志信息......
2022-09-16 14:53:58.796371	[WARN]	goods_manager.py	响应时间:991ms	重庆市	万州区	这里是日志信息......
2022-09-16 14:53:58.796371	[INFO]	barcode_service.py	响应时间:922ms	山东省	济南市	这里是日志信息......
2022-09-16 14:53:58.796371	[INFO]	user_manager.py	响应时间:680ms	安徽省	池州市	这里是日志信息......
2022-09-16 14:53:58.796371	[INFO]	goods_manager.py	响应时间:723ms	重庆市	南岸区	这里是日志信息......
2022-09-16 14:53:58.796371	[WARN]	goods_manager.py	响应时间:211ms	山东省	济南市	这里是日志信息......
2022-09-16 14:53:58.796371	[INFO]	event.py	响应时间:972ms	上海市	宝山区	这里是日志信息......
2022-09-16 14:53:58.796371	[INFO]	user_manager.py	响应时间:516ms	湖北省	荆州市	这里是日志信息......
2022-09-16 14:53:58.796371	[WARN]	shop_manager.py	响应时间:676ms	北京市	海淀区	这里是日志信息......
2022-09-16 14:53:58.796371	[INFO]	event.py	响应时间:616ms	山东省	济南市	这里是日志信息......
2022-09-16 14:53:58.796371	[WARN]	goods_manager.py	响应时间:216ms	湖北省	荆州市	这里是日志信息......
2022-09-16 14:53:58.796371	[WARN]	barcode_service.py	响应时间:293ms	山东省	青岛市	这里是日志信息......
2022-09-16 14:53:58.796371	[INFO]	goods_manager.py	响应时间:285ms	湖北省	恩施土家族苗族自治州	这里是日志信息......
2022-09-16 14:53:58.796371	[INFO]	event.py	响应时间:928ms	重庆市	万州区	这里是日志信息......
2022-09-16 14:53:58.796371	[WARN]	orders_service.py	响应时间:12ms	江苏省	常州市	这里是日志信息......
2022-09-16 14:53:58.796371	[INFO]	orders_service.py	响应时间:95ms	北京市	海淀区	这里是日志信息......
2022-09-16 14:53:58.796371	[INFO]	orders_service.py	响应时间:554ms	浙江省	金华市	这里是日志信息......
2022-09-16 14:53:58.796371	[INFO]	base_network.py	响应时间:471ms	天津市	宝坻区	这里是日志信息......
2022-09-16 14:53:58.796371	[INFO]	event.py	响应时间:851ms	北京市	海淀区	这里是日志信息......
2022-09-16 14:53:58.796371	[INFO]	orders_service.py	响应时间:464ms	广东省	珠海市	这里是日志信息......
2022-09-16 14:53:58.796371	[INFO]	event.py	响应时间:971ms	江苏省	南京市	这里是日志信息......
2022-09-16 14:53:58.796371	[INFO]	event.py	响应时间:769ms	天津市	宝坻区	这里是日志信息......
2022-09-16 14:53:58.796371	[INFO]	orders_service.py	响应时间:396ms	山东省	青岛市	这里是日志信息......
2022-09-16 14:53:58.796371	[WARN]	shop_manager.py	响应时间:634ms	湖南省	长沙市	这里是日志信息......
2022-09-16 14:53:58.796371	[INFO]	event.py	响应时间:966ms	湖南省	常德市	这里是日志信息......
2022-09-16 14:53:58.796371	[INFO]	event.py	响应时间:989ms	湖南省	长沙市	这里是日志信息......
2022-09-16 14:53:58.796371	[WARN]	orders_service.py	响应时间:522ms	浙江省	绍兴市	这里是日志信息......
2022-09-16 14:53:58.796371	[INFO]	base_network.py	响应时间:513ms	江苏省	南京市	这里是日志信息......
2022-09-16 14:53:58.796371	[INFO]	goods_manager.py	响应时间:639ms	上海市	静安区	这里是日志信息......
2022-09-16 14:53:58.796371	[INFO]	event.py	响应时间:463ms	江苏省	苏州市	这里是日志信息......
2022-09-16 14:53:58.796371	[INFO]	event.py	响应时间:629ms	湖南省	长沙市	这里是日志信息......
2022-09-16 14:53:58.796371	[INFO]	goods_manager.py	响应时间:900ms	北京市	朝阳区	这里是日志信息......
2022-09-16 14:53:58.796371	[INFO]	orders_service.py	响应时间:912ms	安徽省	芜湖市	这里是日志信息......
2022-09-16 14:53:58.796371	[INFO]	orders_service.py	响应时间:752ms	浙江省	绍兴市	这里是日志信息......
2022-09-16 14:53:58.796371	[WARN]	goods_manager.py	响应时间:910ms	江苏省	南京市	这里是日志信息......
2022-09-16 14:53:58.796371	[INFO]	goods_manager.py	响应时间:764ms	上海市	宝山区	这里是日志信息......
2022-09-16 14:53:58.796371	[INFO]	event.py	响应时间:704ms	湖北省	十堰市	这里是日志信息......
2022-09-16 14:53:58.796371	[INFO]	user_manager.py	响应时间:998ms	浙江省	金华市	这里是日志信息......
2022-09-16 14:53:58.796371	[INFO]	event.py	响应时间:589ms	上海市	浦东新区	这里是日志信息......
2022-09-16 14:53:58.796371	[INFO]	orders_service.py	响应时间:616ms	上海市	浦东新区	这里是日志信息......
2022-09-16 14:53:58.796371	[INFO]	shop_manager.py	响应时间:537ms	安徽省	合肥市	这里是日志信息......
2022-09-16 14:53:58.796371	[INFO]	event.py	响应时间:995ms	北京市	朝阳区	这里是日志信息......
2022-09-16 14:53:58.796371	[INFO]	base_network.py	响应时间:626ms	北京市	怀柔区	这里是日志信息......
2022-09-16 14:53:58.796371	[INFO]	orders_service.py	响应时间:600ms	山东省	菏泽市	这里是日志信息......
2022-09-16 14:53:58.796371	[INFO]	event.py	响应时间:315ms	上海市	徐汇区	这里是日志信息......
2022-09-16 14:53:58.796371	[INFO]	barcode_service.py	响应时间:804ms	天津市	宝坻区	这里是日志信息......
2022-09-16 14:53:58.796371	[INFO]	user_manager.py	响应时间:30ms	湖北省	武汉市	这里是日志信息......
2022-09-16 14:53:58.796371	[INFO]	orders_service.py	响应时间:881ms	重庆市	南岸区	这里是日志信息......
2022-09-16 14:53:58.796371	[INFO]	goods_manager.py	响应时间:614ms	浙江省	丽水市	这里是日志信息......
2022-09-16 14:53:58.796371	[INFO]	barcode_service.py	响应时间:568ms	山东省	菏泽市	这里是日志信息......
2022-09-16 14:53:58.796371	[INFO]	orders_service.py	响应时间:174ms	湖南省	张家界市	这里是日志信息......
2022-09-16 14:53:58.796371	[INFO]	event.py	响应时间:2ms	山东省	济南市	这里是日志信息......
2022-09-16 14:53:58.796371	[INFO]	goods_manager.py	响应时间:207ms	湖南省	长沙市	这里是日志信息......
2022-09-16 14:53:58.796371	[INFO]	goods_manager.py	响应时间:792ms	安徽省	阜阳市	这里是日志信息......
2022-09-16 14:53:58.796371	[INFO]	goods_manager.py	响应时间:865ms	广东省	深圳市	这里是日志信息......
2022-09-16 14:53:58.796371	[INFO]	event.py	响应时间:729ms	北京市	昌平区	这里是日志信息......
2022-09-16 14:53:58.796371	[INFO]	orders_service.py	响应时间:2423ms	浙江省	绍兴市	这里是日志信息......
2022-09-16 14:53:58.796371	[ERROR]	event.py	响应时间:166ms	广东省	深圳市	这里是日志信息......
2022-09-16 14:53:58.796371	[INFO]	barcode_service.py	响应时间:957ms	江苏省	常州市	这里是日志信息......
2022-09-16 14:53:58.796371	[INFO]	orders_service.py	响应时间:996ms	上海市	黄浦区	这里是日志信息......
2022-09-16 14:53:58.797364	[INFO]	orders_service.py	响应时间:140ms	上海市	浦东新区	这里是日志信息......
2022-09-16 14:53:58.797364	[WARN]	user_manager.py	响应时间:472ms	湖北省	十堰市	这里是日志信息......
2022-09-16 14:53:58.797364	[INFO]	barcode_service.py	响应时间:707ms	上海市	徐汇区	这里是日志信息......
2022-09-16 14:53:58.797364	[INFO]	event.py	响应时间:733ms	重庆市	万州区	这里是日志信息......
2022-09-16 14:53:58.797364	[INFO]	user_manager.py	响应时间:277ms	重庆市	渝中区	这里是日志信息......
2022-09-16 14:53:58.797364	[INFO]	goods_manager.py	响应时间:103ms	浙江省	舟山市	这里是日志信息......
2022-09-16 14:53:58.797364	[INFO]	event.py	响应时间:942ms	广东省	珠海市	这里是日志信息......
2022-09-16 14:53:58.797364	[INFO]	orders_service.py	响应时间:738ms	山东省	青岛市	这里是日志信息......
2022-09-16 14:53:58.797364	[WARN]	goods_manager.py	响应时间:476ms	山东省	菏泽市	这里是日志信息......
2022-09-16 14:53:58.797364	[INFO]	goods_manager.py	响应时间:749ms	天津市	武清区	这里是日志信息......
2022-09-16 14:53:58.797364	[INFO]	barcode_service.py	响应时间:769ms	广东省	广州市	这里是日志信息......
2022-09-16 14:53:58.797364	[INFO]	base_network.py	响应时间:818ms	安徽省	合肥市	这里是日志信息......
2022-09-16 14:53:58.797364	[INFO]	goods_manager.py	响应时间:855ms	北京市	丰台区	这里是日志信息......
2022-09-16 14:53:58.797364	[INFO]	goods_manager.py	响应时间:634ms	湖南省	长沙市	这里是日志信息......
2022-09-16 14:53:58.797364	[INFO]	barcode_service.py	响应时间:799ms	北京市	海淀区	这里是日志信息......
2022-09-16 14:53:58.797364	[INFO]	goods_manager.py	响应时间:676ms	浙江省	杭州市	这里是日志信息......
2022-09-16 14:53:58.797364	[WARN]	goods_manager.py	响应时间:638ms	天津市	河西区	这里是日志信息......
2022-09-16 14:53:58.797364	[INFO]	event.py	响应时间:351ms	广东省	深圳市	这里是日志信息......
2022-09-16 14:53:58.797364	[WARN]	orders_service.py	响应时间:34ms	山东省	青岛市	这里是日志信息......
2022-09-16 14:53:58.797364	[WARN]	orders_service.py	响应时间:213ms	北京市	昌平区	这里是日志信息......
2022-09-16 14:53:58.797364	[INFO]	shop_manager.py	响应时间:104ms	湖南省	长沙市	这里是日志信息......
2022-09-16 14:53:58.797364	[INFO]	event.py	响应时间:59ms	安徽省	芜湖市	这里是日志信息......
2022-09-16 14:53:58.797364	[INFO]	event.py	响应时间:108ms	北京市	大兴区	这里是日志信息......
2022-09-16 14:53:58.797364	[INFO]	event.py	响应时间:2360ms	广东省	珠海市	这里是日志信息......
2022-09-16 14:53:58.797364	[INFO]	orders_service.py	响应时间:290ms	湖北省	十堰市	这里是日志信息......
2022-09-16 14:53:58.797364	[INFO]	goods_manager.py	响应时间:584ms	浙江省	绍兴市	这里是日志信息......
2022-09-16 14:53:58.797364	[WARN]	goods_manager.py	响应时间:680ms	广东省	广州市	这里是日志信息......
2022-09-16 14:53:58.797364	[WARN]	orders_service.py	响应时间:72ms	山东省	青岛市	这里是日志信息......
2022-09-16 14:53:58.797364	[INFO]	orders_service.py	响应时间:2ms	山东省	青岛市	这里是日志信息......
2022-09-16 14:53:58.797364	[INFO]	event.py	响应时间:798ms	重庆市	九龙坡区	这里是日志信息......
2022-09-16 14:53:58.797364	[INFO]	goods_manager.py	响应时间:8ms	广东省	深圳市	这里是日志信息......
2022-09-16 14:53:58.797364	[INFO]	event.py	响应时间:519ms	山东省	青岛市	这里是日志信息......
2022-09-16 14:53:58.797364	[ERROR]	event.py	响应时间:661ms	上海市	浦东新区	这里是日志信息......
2022-09-16 14:53:58.797364	[INFO]	barcode_service.py	响应时间:24ms	浙江省	绍兴市	这里是日志信息......
2022-09-16 14:53:58.797364	[INFO]	orders_service.py	响应时间:409ms	安徽省	铜陵市	这里是日志信息......
2022-09-16 14:53:58.797364	[INFO]	goods_manager.py	响应时间:840ms	浙江省	湖州市	这里是日志信息......
2022-09-16 14:53:58.797364	[INFO]	base_network.py	响应时间:538ms	山东省	济南市	这里是日志信息......
2022-09-16 14:53:58.797364	[INFO]	event.py	响应时间:633ms	江苏省	无锡市	这里是日志信息......
2022-09-16 14:53:58.797364	[INFO]	event.py	响应时间:385ms	山东省	青岛市	这里是日志信息......
2022-09-16 14:53:58.797364	[INFO]	orders_service.py	响应时间:821ms	广东省	深圳市	这里是日志信息......
2022-09-16 14:53:58.797364	[INFO]	event.py	响应时间:381ms	浙江省	杭州市	这里是日志信息......
2022-09-16 14:53:58.797364	[INFO]	event.py	响应时间:755ms	浙江省	嘉兴市	这里是日志信息......
2022-09-16 14:53:58.797364	[INFO]	orders_service.py	响应时间:238ms	重庆市	沙坪坝区	这里是日志信息......
2022-09-16 14:53:58.797364	[INFO]	event.py	响应时间:876ms	广东省	广州市	这里是日志信息......
2022-09-16 14:53:58.797364	[WARN]	shop_manager.py	响应时间:75ms	浙江省	丽水市	这里是日志信息......
2022-09-16 14:53:58.797364	[INFO]	user_manager.py	响应时间:625ms	天津市	和平区	这里是日志信息......
2022-09-16 14:53:58.797364	[INFO]	orders_service.py	响应时间:829ms	江苏省	苏州市	这里是日志信息......
2022-09-16 14:53:58.797364	[INFO]	goods_manager.py	响应时间:619ms	重庆市	沙坪坝区	这里是日志信息......
2022-09-16 14:53:58.797364	[INFO]	event.py	响应时间:699ms	山东省	济南市	这里是日志信息......
2022-09-16 14:53:58.797364	[WARN]	event.py	响应时间:1ms	湖南省	株洲市	这里是日志信息......
2022-09-16 14:53:58.797364	[WARN]	user_manager.py	响应时间:268ms	天津市	武清区	这里是日志信息......
2022-09-16 14:53:58.797364	[INFO]	orders_service.py	响应时间:612ms	江苏省	苏州市	这里是日志信息......
2022-09-16 14:53:58.797364	[WARN]	event.py	响应时间:284ms	江苏省	无锡市	这里是日志信息......
2022-09-16 14:53:58.797364	[INFO]	barcode_service.py	响应时间:527ms	山东省	青岛市	这里是日志信息......
2022-09-16 14:53:58.797364	[INFO]	shop_manager.py	响应时间:59ms	山东省	青岛市	这里是日志信息......
2022-09-16 14:53:58.797364	[WARN]	goods_manager.py	响应时间:923ms	湖南省	常德市	这里是日志信息......
2022-09-16 14:53:58.797364	[INFO]	goods_manager.py	响应时间:903ms	广东省	深圳市	这里是日志信息......
2022-09-16 14:53:58.797364	[INFO]	base_network.py	响应时间:725ms	山东省	青岛市	这里是日志信息......
2022-09-16 14:53:58.797364	[INFO]	base_network.py	响应时间:684ms	天津市	和平区	这里是日志信息......
2022-09-16 14:53:58.797364	[INFO]	goods_manager.py	响应时间:189ms	北京市	海淀区	这里是日志信息......
2022-09-16 14:53:58.797364	[INFO]	orders_service.py	响应时间:203ms	安徽省	芜湖市	这里是日志信息......
2022-09-16 14:53:58.797364	[INFO]	event.py	响应时间:338ms	北京市	海淀区	这里是日志信息......
2022-09-16 14:53:58.797364	[INFO]	orders_service.py	响应时间:932ms	江苏省	苏州市	这里是日志信息......
2022-09-16 14:53:58.797364	[INFO]	shop_manager.py	响应时间:647ms	湖南省	长沙市	这里是日志信息......
2022-09-16 14:53:58.797364	[WARN]	event.py	响应时间:32ms	山东省	青岛市	这里是日志信息......
2022-09-16 14:53:58.797364	[INFO]	event.py	响应时间:51ms	浙江省	嘉兴市	这里是日志信息......
2022-09-16 14:53:58.797364	[INFO]	event.py	响应时间:128ms	湖北省	武汉市	这里是日志信息......
2022-09-16 14:53:58.797364	[WARN]	event.py	响应时间:242ms	安徽省	合肥市	这里是日志信息......
2022-09-16 14:53:58.797364	[INFO]	shop_manager.py	响应时间:247ms	湖北省	十堰市	这里是日志信息......
2022-09-16 14:53:58.797364	[WARN]	event.py	响应时间:262ms	江苏省	苏州市	这里是日志信息......
2022-09-16 14:53:58.797364	[INFO]	orders_service.py	响应时间:370ms	湖北省	恩施土家族苗族自治州	这里是日志信息......
2022-09-16 14:53:58.797364	[INFO]	user_manager.py	响应时间:858ms	山东省	青岛市	这里是日志信息......
2022-09-16 14:53:58.797364	[INFO]	orders_service.py	响应时间:418ms	江苏省	南京市	这里是日志信息......
2022-09-16 14:53:58.797364	[INFO]	user_manager.py	响应时间:61ms	广东省	广州市	这里是日志信息......
2022-09-16 14:53:58.797364	[INFO]	orders_service.py	响应时间:2131ms	江苏省	无锡市	这里是日志信息......
2022-09-16 14:53:58.798365	[INFO]	orders_service.py	响应时间:349ms	安徽省	合肥市	这里是日志信息......
2022-09-16 14:53:58.798365	[INFO]	user_manager.py	响应时间:320ms	安徽省	阜阳市	这里是日志信息......
2022-09-16 14:53:58.798365	[INFO]	event.py	响应时间:648ms	湖北省	武汉市	这里是日志信息......
2022-09-16 14:53:58.798365	[INFO]	orders_service.py	响应时间:641ms	山东省	青岛市	这里是日志信息......
2022-09-16 14:53:58.798365	[INFO]	barcode_service.py	响应时间:793ms	安徽省	六安市	这里是日志信息......
2022-09-16 14:53:58.798365	[INFO]	event.py	响应时间:474ms	山东省	青岛市	这里是日志信息......
2022-09-16 14:53:58.798365	[INFO]	barcode_service.py	响应时间:586ms	浙江省	杭州市	这里是日志信息......
2022-09-16 14:53:58.798365	[INFO]	event.py	响应时间:35ms	上海市	普陀区	这里是日志信息......
2022-09-16 14:53:58.798365	[INFO]	event.py	响应时间:670ms	山东省	济南市	这里是日志信息......
2022-09-16 14:53:58.798365	[INFO]	barcode_service.py	响应时间:550ms	湖南省	长沙市	这里是日志信息......
2022-09-16 14:53:58.798365	[WARN]	shop_manager.py	响应时间:554ms	北京市	怀柔区	这里是日志信息......
2022-09-16 14:53:58.798365	[INFO]	barcode_service.py	响应时间:155ms	重庆市	沙坪坝区	这里是日志信息......
2022-09-16 14:53:58.798365	[INFO]	orders_service.py	响应时间:907ms	天津市	河东区	这里是日志信息......
2022-09-16 14:53:58.798365	[INFO]	orders_service.py	响应时间:882ms	重庆市	沙坪坝区	这里是日志信息......
2022-09-16 14:53:58.798365	[INFO]	orders_service.py	响应时间:731ms	安徽省	合肥市	这里是日志信息......
2022-09-16 14:53:58.798365	[INFO]	base_network.py	响应时间:797ms	江苏省	南京市	这里是日志信息......
2022-09-16 14:53:58.798365	[INFO]	event.py	响应时间:504ms	安徽省	阜阳市	这里是日志信息......
2022-09-16 14:53:58.798365	[WARN]	user_manager.py	响应时间:753ms	山东省	青岛市	这里是日志信息......
2022-09-16 14:53:58.798365	[INFO]	goods_manager.py	响应时间:279ms	广东省	广州市	这里是日志信息......
2022-09-16 14:53:58.798365	[INFO]	barcode_service.py	响应时间:788ms	湖北省	武汉市	这里是日志信息......
2022-09-16 14:53:58.798365	[INFO]	event.py	响应时间:668ms	湖北省	十堰市	这里是日志信息......
2022-09-16 14:53:58.798365	[WARN]	event.py	响应时间:658ms	天津市	武清区	这里是日志信息......
2022-09-16 14:53:58.798365	[WARN]	shop_manager.py	响应时间:886ms	山东省	菏泽市	这里是日志信息......
2022-09-16 14:53:58.798365	[ERROR]	event.py	响应时间:987ms	重庆市	南岸区	这里是日志信息......
2022-09-16 14:53:58.798365	[INFO]	event.py	响应时间:898ms	广东省	深圳市	这里是日志信息......
2022-09-16 14:53:58.798365	[INFO]	event.py	响应时间:387ms	山东省	济南市	这里是日志信息......
2022-09-16 14:53:58.798365	[INFO]	base_network.py	响应时间:923ms	天津市	宝坻区	这里是日志信息......
2022-09-16 14:53:58.798365	[INFO]	event.py	响应时间:613ms	江苏省	苏州市	这里是日志信息......
2022-09-16 14:53:58.798365	[INFO]	user_manager.py	响应时间:449ms	天津市	宝坻区	这里是日志信息......
2022-09-16 14:53:58.798365	[INFO]	orders_service.py	响应时间:784ms	广东省	深圳市	这里是日志信息......
2022-09-16 14:53:58.798365	[INFO]	shop_manager.py	响应时间:528ms	江苏省	苏州市	这里是日志信息......
2022-09-16 14:53:58.798365	[INFO]	event.py	响应时间:872ms	重庆市	沙坪坝区	这里是日志信息......
2022-09-16 14:53:58.798365	[INFO]	goods_manager.py	响应时间:952ms	江苏省	苏州市	这里是日志信息......
2022-09-16 14:53:58.798365	[INFO]	goods_manager.py	响应时间:309ms	山东省	青岛市	这里是日志信息......
2022-09-16 14:53:58.798365	[INFO]	barcode_service.py	响应时间:559ms	北京市	海淀区	这里是日志信息......
2022-09-16 14:53:58.798365	[INFO]	orders_service.py	响应时间:232ms	天津市	武清区	这里是日志信息......
2022-09-16 14:53:58.798365	[INFO]	orders_service.py	响应时间:602ms	湖南省	长沙市	这里是日志信息......
2022-09-16 14:53:58.798365	[INFO]	orders_service.py	响应时间:502ms	山东省	青岛市	这里是日志信息......
2022-09-16 14:53:58.798365	[INFO]	event.py	响应时间:531ms	天津市	宝坻区	这里是日志信息......
2022-09-16 14:53:58.798365	[INFO]	shop_manager.py	响应时间:360ms	天津市	和平区	这里是日志信息......
2022-09-16 14:53:58.798365	[INFO]	goods_manager.py	响应时间:798ms	上海市	杨浦区	这里是日志信息......
2022-09-16 14:53:58.798365	[INFO]	orders_service.py	响应时间:675ms	天津市	河东区	这里是日志信息......
2022-09-16 14:53:58.798365	[INFO]	shop_manager.py	响应时间:827ms	江苏省	南京市	这里是日志信息......
2022-09-16 14:53:58.798365	[INFO]	orders_service.py	响应时间:176ms	安徽省	合肥市	这里是日志信息......
2022-09-16 14:53:58.798365	[INFO]	base_network.py	响应时间:415ms	上海市	普陀区	这里是日志信息......
2022-09-16 14:53:58.798365	[INFO]	shop_manager.py	响应时间:968ms	浙江省	嘉兴市	这里是日志信息......
2022-09-16 14:53:58.798365	[INFO]	shop_manager.py	响应时间:753ms	天津市	河西区	这里是日志信息......
2022-09-16 14:53:58.798365	[INFO]	user_manager.py	响应时间:213ms	湖北省	恩施土家族苗族自治州	这里是日志信息......
2022-09-16 14:53:58.798365	[INFO]	event.py	响应时间:86ms	山东省	菏泽市	这里是日志信息......
2022-09-16 14:53:58.798365	[INFO]	base_network.py	响应时间:571ms	山东省	菏泽市	这里是日志信息......
2022-09-16 14:53:58.798365	[INFO]	goods_manager.py	响应时间:555ms	安徽省	芜湖市	这里是日志信息......
2022-09-16 14:53:58.798365	[INFO]	goods_manager.py	响应时间:738ms	安徽省	铜陵市	这里是日志信息......
2022-09-16 14:53:58.798365	[INFO]	orders_service.py	响应时间:231ms	北京市	丰台区	这里是日志信息......
2022-09-16 14:53:58.798365	[INFO]	base_network.py	响应时间:955ms	浙江省	嘉兴市	这里是日志信息......
2022-09-16 14:53:58.798365	[INFO]	event.py	响应时间:19ms	浙江省	舟山市	这里是日志信息......
2022-09-16 14:53:58.798365	[WARN]	orders_service.py	响应时间:246ms	安徽省	合肥市	这里是日志信息......
2022-09-16 14:53:58.798365	[INFO]	orders_service.py	响应时间:196ms	浙江省	舟山市	这里是日志信息......
2022-09-16 14:53:58.798365	[WARN]	event.py	响应时间:49ms	天津市	河西区	这里是日志信息......
2022-09-16 14:53:58.798365	[INFO]	user_manager.py	响应时间:689ms	山东省	菏泽市	这里是日志信息......
2022-09-16 14:53:58.798365	[INFO]	event.py	响应时间:549ms	山东省	青岛市	这里是日志信息......
2022-09-16 14:53:58.798365	[INFO]	event.py	响应时间:866ms	湖北省	荆州市	这里是日志信息......
2022-09-16 14:53:58.798365	[INFO]	orders_service.py	响应时间:746ms	湖南省	株洲市	这里是日志信息......
2022-09-16 14:53:58.798365	[INFO]	orders_service.py	响应时间:821ms	上海市	浦东新区	这里是日志信息......
2022-09-16 14:53:58.798365	[INFO]	goods_manager.py	响应时间:469ms	重庆市	沙坪坝区	这里是日志信息......
2022-09-16 14:53:58.798365	[INFO]	orders_service.py	响应时间:900ms	山东省	菏泽市	这里是日志信息......
2022-09-16 14:53:58.798365	[INFO]	event.py	响应时间:331ms	山东省	青岛市	这里是日志信息......
2022-09-16 14:53:58.798365	[INFO]	event.py	响应时间:840ms	山东省	济南市	这里是日志信息......
2022-09-16 14:53:58.798365	[WARN]	base_network.py	响应时间:329ms	湖北省	武汉市	这里是日志信息......
2022-09-16 14:53:58.798365	[INFO]	barcode_service.py	响应时间:588ms	天津市	武清区	这里是日志信息......
2022-09-16 14:53:58.798365	[INFO]	goods_manager.py	响应时间:884ms	湖北省	十堰市	这里是日志信息......
2022-09-16 14:53:58.798365	[ERROR]	orders_service.py	响应时间:277ms	山东省	青岛市	这里是日志信息......
2022-09-16 14:53:58.798365	[INFO]	event.py	响应时间:4849ms	湖北省	武汉市	这里是日志信息......
2022-09-16 14:53:58.798365	[INFO]	event.py	响应时间:791ms	北京市	丰台区	这里是日志信息......
2022-09-16 14:53:58.798365	[INFO]	event.py	响应时间:605ms	湖南省	长沙市	这里是日志信息......
2022-09-16 14:53:58.798365	[INFO]	user_manager.py	响应时间:939ms	安徽省	合肥市	这里是日志信息......
2022-09-16 14:53:58.799373	[WARN]	barcode_service.py	响应时间:733ms	浙江省	绍兴市	这里是日志信息......
2022-09-16 14:53:58.799373	[INFO]	orders_service.py	响应时间:3588ms	湖北省	武汉市	这里是日志信息......
2022-09-16 14:53:58.799373	[INFO]	user_manager.py	响应时间:416ms	湖北省	荆州市	这里是日志信息......
2022-09-16 14:53:58.799373	[WARN]	shop_manager.py	响应时间:769ms	上海市	浦东新区	这里是日志信息......
2022-09-16 14:53:58.799373	[INFO]	goods_manager.py	响应时间:265ms	山东省	济南市	这里是日志信息......
2022-09-16 14:53:58.799373	[INFO]	orders_service.py	响应时间:470ms	广东省	广州市	这里是日志信息......
2022-09-16 14:53:58.799373	[INFO]	user_manager.py	响应时间:265ms	北京市	朝阳区	这里是日志信息......
2022-09-16 14:53:58.799373	[ERROR]	goods_manager.py	响应时间:338ms	北京市	丰台区	这里是日志信息......
2022-09-16 14:53:58.799373	[INFO]	goods_manager.py	响应时间:373ms	天津市	宝坻区	这里是日志信息......
2022-09-16 14:53:58.799373	[INFO]	event.py	响应时间:516ms	浙江省	舟山市	这里是日志信息......
2022-09-16 14:53:58.799373	[INFO]	goods_manager.py	响应时间:353ms	天津市	宝坻区	这里是日志信息......
2022-09-16 14:53:58.799373	[INFO]	base_network.py	响应时间:8119ms	广东省	深圳市	这里是日志信息......
2022-09-16 14:53:58.799373	[INFO]	user_manager.py	响应时间:289ms	重庆市	万州区	这里是日志信息......
2022-09-16 14:53:58.799373	[INFO]	event.py	响应时间:910ms	北京市	朝阳区	这里是日志信息......
2022-09-16 14:53:58.799373	[INFO]	event.py	响应时间:896ms	江苏省	张家港市	这里是日志信息......
2022-09-16 14:53:58.799373	[INFO]	goods_manager.py	响应时间:334ms	广东省	深圳市	这里是日志信息......
2022-09-16 14:53:58.799373	[INFO]	goods_manager.py	响应时间:415ms	上海市	徐汇区	这里是日志信息......
2022-09-16 14:53:58.799373	[INFO]	orders_service.py	响应时间:310ms	天津市	河西区	这里是日志信息......
2022-09-16 14:53:58.799373	[ERROR]	event.py	响应时间:8730ms	安徽省	池州市	这里是日志信息......
2022-09-16 14:53:58.799373	[INFO]	shop_manager.py	响应时间:794ms	重庆市	万州区	这里是日志信息......
2022-09-16 14:53:58.799373	[ERROR]	orders_service.py	响应时间:178ms	山东省	青岛市	这里是日志信息......
2022-09-16 14:53:58.799373	[ERROR]	orders_service.py	响应时间:167ms	重庆市	渝中区	这里是日志信息......
2022-09-16 14:53:58.799373	[INFO]	shop_manager.py	响应时间:750ms	广东省	广州市	这里是日志信息......
2022-09-16 14:53:58.799373	[INFO]	event.py	响应时间:541ms	湖北省	荆州市	这里是日志信息......
2022-09-16 14:53:58.799373	[INFO]	event.py	响应时间:17ms	江苏省	苏州市	这里是日志信息......
2022-09-16 14:53:58.799373	[INFO]	barcode_service.py	响应时间:393ms	北京市	怀柔区	这里是日志信息......
2022-09-16 14:53:58.799373	[INFO]	barcode_service.py	响应时间:286ms	湖南省	长沙市	这里是日志信息......
2022-09-16 14:53:58.799373	[WARN]	goods_manager.py	响应时间:546ms	江苏省	苏州市	这里是日志信息......
2022-09-16 14:53:58.799373	[INFO]	shop_manager.py	响应时间:316ms	湖北省	武汉市	这里是日志信息......
2022-09-16 14:53:58.799373	[INFO]	orders_service.py	响应时间:199ms	浙江省	杭州市	这里是日志信息......
2022-09-16 14:53:58.799373	[INFO]	base_network.py	响应时间:71ms	湖北省	武汉市	这里是日志信息......
2022-09-16 14:53:58.799373	[INFO]	goods_manager.py	响应时间:940ms	湖南省	长沙市	这里是日志信息......
2022-09-16 14:53:58.799373	[INFO]	orders_service.py	响应时间:725ms	江苏省	张家港市	这里是日志信息......
2022-09-16 14:53:58.799373	[WARN]	barcode_service.py	响应时间:141ms	江苏省	张家港市	这里是日志信息......
2022-09-16 14:53:58.799373	[INFO]	base_network.py	响应时间:965ms	天津市	和平区	这里是日志信息......
2022-09-16 14:53:58.799373	[INFO]	barcode_service.py	响应时间:821ms	浙江省	丽水市	这里是日志信息......
2022-09-16 14:53:58.799373	[INFO]	event.py	响应时间:410ms	上海市	普陀区	这里是日志信息......
2022-09-16 14:53:58.799373	[INFO]	orders_service.py	响应时间:389ms	山东省	青岛市	这里是日志信息......
2022-09-16 14:53:58.799373	[INFO]	orders_service.py	响应时间:174ms	天津市	武清区	这里是日志信息......
2022-09-16 14:53:58.799373	[INFO]	orders_service.py	响应时间:280ms	广东省	广州市	这里是日志信息......
2022-09-16 14:53:58.799373	[INFO]	goods_manager.py	响应时间:793ms	湖南省	张家界市	这里是日志信息......
2022-09-16 14:53:58.799373	[INFO]	goods_manager.py	响应时间:180ms	湖北省	武汉市	这里是日志信息......
2022-09-16 14:53:58.799373	[INFO]	barcode_service.py	响应时间:990ms	上海市	徐汇区	这里是日志信息......
2022-09-16 14:53:58.799373	[INFO]	goods_manager.py	响应时间:854ms	重庆市	九龙坡区	这里是日志信息......
2022-09-16 14:53:58.799373	[WARN]	shop_manager.py	响应时间:803ms	广东省	广州市	这里是日志信息......
2022-09-16 14:53:58.799373	[WARN]	shop_manager.py	响应时间:475ms	湖南省	长沙市	这里是日志信息......
2022-09-16 14:53:58.799373	[ERROR]	goods_manager.py	响应时间:433ms	广东省	深圳市	这里是日志信息......
2022-09-16 14:53:58.799373	[INFO]	shop_manager.py	响应时间:480ms	上海市	浦东新区	这里是日志信息......
2022-09-16 14:53:58.799373	[INFO]	goods_manager.py	响应时间:982ms	湖南省	常德市	这里是日志信息......
2022-09-16 14:53:58.799373	[INFO]	event.py	响应时间:4ms	重庆市	万州区	这里是日志信息......
2022-09-16 14:53:58.799373	[INFO]	event.py	响应时间:441ms	北京市	海淀区	这里是日志信息......
2022-09-16 14:53:58.799373	[INFO]	orders_service.py	响应时间:623ms	北京市	丰台区	这里是日志信息......
2022-09-16 14:53:58.799373	[INFO]	goods_manager.py	响应时间:751ms	湖南省	长沙市	这里是日志信息......
2022-09-16 14:53:58.799373	[INFO]	event.py	响应时间:864ms	安徽省	合肥市	这里是日志信息......
2022-09-16 14:53:58.799373	[INFO]	orders_service.py	响应时间:200ms	山东省	青岛市	这里是日志信息......
2022-09-16 14:53:58.799373	[INFO]	goods_manager.py	响应时间:716ms	湖北省	恩施土家族苗族自治州	这里是日志信息......
2022-09-16 14:53:58.799373	[INFO]	base_network.py	响应时间:238ms	湖北省	武汉市	这里是日志信息......
2022-09-16 14:53:58.799373	[WARN]	event.py	响应时间:895ms	山东省	青岛市	这里是日志信息......
2022-09-16 14:53:58.799373	[INFO]	shop_manager.py	响应时间:747ms	广东省	珠海市	这里是日志信息......
2022-09-16 14:53:58.799373	[INFO]	event.py	响应时间:95ms	上海市	浦东新区	这里是日志信息......
2022-09-16 14:53:58.799373	[INFO]	orders_service.py	响应时间:380ms	重庆市	沙坪坝区	这里是日志信息......
2022-09-16 14:53:58.799373	[INFO]	base_network.py	响应时间:636ms	湖南省	株洲市	这里是日志信息......
2022-09-16 14:53:58.799373	[WARN]	goods_manager.py	响应时间:0ms	浙江省	绍兴市	这里是日志信息......
2022-09-16 14:53:58.799373	[WARN]	event.py	响应时间:681ms	山东省	菏泽市	这里是日志信息......
2022-09-16 14:53:58.799373	[INFO]	user_manager.py	响应时间:330ms	江苏省	无锡市	这里是日志信息......
2022-09-16 14:53:58.799373	[INFO]	barcode_service.py	响应时间:34ms	天津市	武清区	这里是日志信息......
2022-09-16 14:53:58.799373	[INFO]	base_network.py	响应时间:207ms	湖北省	武汉市	这里是日志信息......
2022-09-16 14:53:58.799373	[INFO]	goods_manager.py	响应时间:821ms	北京市	海淀区	这里是日志信息......
2022-09-16 14:53:58.799373	[INFO]	barcode_service.py	响应时间:203ms	安徽省	池州市	这里是日志信息......
2022-09-16 14:53:58.799373	[INFO]	goods_manager.py	响应时间:702ms	浙江省	绍兴市	这里是日志信息......
2022-09-16 14:53:58.799373	[INFO]	goods_manager.py	响应时间:819ms	上海市	杨浦区	这里是日志信息......
2022-09-16 14:53:58.799373	[WARN]	orders_service.py	响应时间:855ms	浙江省	嘉兴市	这里是日志信息......
2022-09-16 14:53:58.799373	[INFO]	shop_manager.py	响应时间:779ms	安徽省	芜湖市	这里是日志信息......
2022-09-16 14:53:58.800372	[INFO]	goods_manager.py	响应时间:598ms	安徽省	合肥市	这里是日志信息......
2022-09-16 14:53:58.800372	[INFO]	orders_service.py	响应时间:494ms	安徽省	铜陵市	这里是日志信息......
2022-09-16 14:53:58.800372	[INFO]	goods_manager.py	响应时间:29ms	浙江省	杭州市	这里是日志信息......
2022-09-16 14:53:58.800372	[WARN]	shop_manager.py	响应时间:797ms	上海市	静安区	这里是日志信息......
2022-09-16 14:53:58.800372	[INFO]	goods_manager.py	响应时间:243ms	浙江省	舟山市	这里是日志信息......
2022-09-16 14:53:58.800372	[INFO]	orders_service.py	响应时间:938ms	浙江省	湖州市	这里是日志信息......
2022-09-16 14:53:58.800372	[INFO]	user_manager.py	响应时间:38ms	重庆市	万州区	这里是日志信息......
2022-09-16 14:53:58.800372	[INFO]	orders_service.py	响应时间:545ms	湖南省	长沙市	这里是日志信息......
2022-09-16 14:53:58.800372	[INFO]	barcode_service.py	响应时间:837ms	重庆市	涪陵区	这里是日志信息......
2022-09-16 14:53:58.800372	[INFO]	user_manager.py	响应时间:701ms	北京市	海淀区	这里是日志信息......
2022-09-16 14:53:58.800372	[INFO]	event.py	响应时间:50ms	安徽省	六安市	这里是日志信息......
2022-09-16 14:53:58.800372	[INFO]	event.py	响应时间:816ms	湖北省	荆州市	这里是日志信息......
2022-09-16 14:53:58.800372	[INFO]	barcode_service.py	响应时间:844ms	上海市	徐汇区	这里是日志信息......
2022-09-16 14:53:58.800372	[INFO]	event.py	响应时间:863ms	安徽省	合肥市	这里是日志信息......
2022-09-16 14:53:58.800372	[INFO]	orders_service.py	响应时间:55ms	山东省	济南市	这里是日志信息......
2022-09-16 14:53:58.800372	[INFO]	event.py	响应时间:225ms	浙江省	金华市	这里是日志信息......
2022-09-16 14:53:58.800372	[WARN]	orders_service.py	响应时间:351ms	重庆市	九龙坡区	这里是日志信息......
2022-09-16 14:53:58.800372	[INFO]	goods_manager.py	响应时间:415ms	广东省	深圳市	这里是日志信息......
2022-09-16 14:53:58.800372	[INFO]	orders_service.py	响应时间:93ms	湖北省	十堰市	这里是日志信息......
2022-09-16 14:53:58.800372	[INFO]	event.py	响应时间:154ms	江苏省	苏州市	这里是日志信息......
2022-09-16 14:53:58.800372	[INFO]	orders_service.py	响应时间:46ms	浙江省	金华市	这里是日志信息......
2022-09-16 14:53:58.800372	[INFO]	event.py	响应时间:375ms	浙江省	舟山市	这里是日志信息......
2022-09-16 14:53:58.800372	[INFO]	event.py	响应时间:80ms	安徽省	合肥市	这里是日志信息......
2022-09-16 14:53:58.800372	[INFO]	user_manager.py	响应时间:387ms	江苏省	南京市	这里是日志信息......
2022-09-16 14:53:58.800372	[INFO]	shop_manager.py	响应时间:285ms	上海市	徐汇区	这里是日志信息......
2022-09-16 14:53:58.800372	[INFO]	goods_manager.py	响应时间:29ms	江苏省	南京市	这里是日志信息......
2022-09-16 14:53:58.800372	[WARN]	orders_service.py	响应时间:591ms	天津市	河西区	这里是日志信息......
2022-09-16 14:53:58.800372	[INFO]	goods_manager.py	响应时间:434ms	安徽省	六安市	这里是日志信息......
2022-09-16 14:53:58.800372	[INFO]	barcode_service.py	响应时间:419ms	天津市	武清区	这里是日志信息......
2022-09-16 14:53:58.800372	[WARN]	event.py	响应时间:95ms	上海市	浦东新区	这里是日志信息......
2022-09-16 14:53:58.800372	[INFO]	event.py	响应时间:503ms	重庆市	万州区	这里是日志信息......
2022-09-16 14:53:58.800372	[INFO]	event.py	响应时间:585ms	安徽省	合肥市	这里是日志信息......
2022-09-16 14:53:58.800372	[INFO]	user_manager.py	响应时间:152ms	江苏省	南京市	这里是日志信息......
2022-09-16 14:53:58.800372	[INFO]	orders_service.py	响应时间:983ms	湖北省	武汉市	这里是日志信息......
2022-09-16 14:53:58.800372	[INFO]	base_network.py	响应时间:208ms	上海市	杨浦区	这里是日志信息......
2022-09-16 14:53:58.800372	[INFO]	event.py	响应时间:826ms	天津市	武清区	这里是日志信息......
2022-09-16 14:53:58.800372	[INFO]	event.py	响应时间:167ms	广东省	深圳市	这里是日志信息......
2022-09-16 14:53:58.800372	[INFO]	event.py	响应时间:786ms	重庆市	万州区	这里是日志信息......
2022-09-16 14:53:58.800372	[WARN]	base_network.py	响应时间:529ms	北京市	朝阳区	这里是日志信息......
2022-09-16 14:53:58.800372	[INFO]	event.py	响应时间:419ms	湖南省	长沙市	这里是日志信息......
2022-09-16 14:53:58.800372	[WARN]	shop_manager.py	响应时间:47ms	天津市	宝坻区	这里是日志信息......
2022-09-16 14:53:58.800372	[INFO]	event.py	响应时间:311ms	安徽省	合肥市	这里是日志信息......
2022-09-16 14:53:58.800372	[INFO]	shop_manager.py	响应时间:577ms	江苏省	南京市	这里是日志信息......
2022-09-16 14:53:58.800372	[ERROR]	base_network.py	响应时间:460ms	天津市	河东区	这里是日志信息......
2022-09-16 14:53:58.800372	[INFO]	base_network.py	响应时间:564ms	广东省	深圳市	这里是日志信息......
2022-09-16 14:53:58.800372	[INFO]	orders_service.py	响应时间:281ms	重庆市	万州区	这里是日志信息......
2022-09-16 14:53:58.800372	[INFO]	user_manager.py	响应时间:63ms	浙江省	嘉兴市	这里是日志信息......
2022-09-16 14:53:58.800372	[INFO]	barcode_service.py	响应时间:131ms	上海市	普陀区	这里是日志信息......
2022-09-16 14:53:58.800372	[WARN]	shop_manager.py	响应时间:36ms	山东省	济南市	这里是日志信息......
2022-09-16 14:53:58.800372	[INFO]	event.py	响应时间:800ms	广东省	广州市	这里是日志信息......
2022-09-16 14:53:58.800372	[INFO]	orders_service.py	响应时间:323ms	浙江省	杭州市	这里是日志信息......
2022-09-16 14:53:58.800372	[INFO]	barcode_service.py	响应时间:830ms	北京市	海淀区	这里是日志信息......
2022-09-16 14:53:58.800372	[WARN]	event.py	响应时间:217ms	江苏省	宿迁市	这里是日志信息......
2022-09-16 14:53:58.800372	[INFO]	barcode_service.py	响应时间:201ms	安徽省	合肥市	这里是日志信息......
2022-09-16 14:53:58.800372	[INFO]	barcode_service.py	响应时间:305ms	北京市	大兴区	这里是日志信息......
2022-09-16 14:53:58.800372	[INFO]	barcode_service.py	响应时间:596ms	安徽省	池州市	这里是日志信息......
2022-09-16 14:53:58.800372	[INFO]	barcode_service.py	响应时间:757ms	山东省	济南市	这里是日志信息......
2022-09-16 14:53:58.800372	[INFO]	shop_manager.py	响应时间:978ms	湖南省	长沙市	这里是日志信息......
2022-09-16 14:53:58.800372	[WARN]	barcode_service.py	响应时间:655ms	江苏省	苏州市	这里是日志信息......
2022-09-16 14:53:58.800372	[INFO]	event.py	响应时间:963ms	安徽省	合肥市	这里是日志信息......
2022-09-16 14:53:58.800372	[INFO]	event.py	响应时间:279ms	重庆市	涪陵区	这里是日志信息......
2022-09-16 14:53:58.800372	[INFO]	user_manager.py	响应时间:320ms	江苏省	南京市	这里是日志信息......
2022-09-16 14:53:58.800372	[INFO]	base_network.py	响应时间:721ms	上海市	杨浦区	这里是日志信息......
2022-09-16 14:53:58.800372	[INFO]	shop_manager.py	响应时间:809ms	山东省	济南市	这里是日志信息......
2022-09-16 14:53:58.800372	[WARN]	orders_service.py	响应时间:271ms	安徽省	阜阳市	这里是日志信息......
2022-09-16 14:53:58.800372	[INFO]	orders_service.py	响应时间:757ms	重庆市	涪陵区	这里是日志信息......
2022-09-16 14:53:58.800372	[WARN]	user_manager.py	响应时间:519ms	湖南省	长沙市	这里是日志信息......
2022-09-16 14:53:58.800372	[INFO]	event.py	响应时间:851ms	湖南省	张家界市	这里是日志信息......
2022-09-16 14:53:58.800372	[INFO]	event.py	响应时间:425ms	北京市	海淀区	这里是日志信息......
2022-09-16 14:53:58.800372	[WARN]	goods_manager.py	响应时间:813ms	湖北省	恩施土家族苗族自治州	这里是日志信息......
2022-09-16 14:53:58.800372	[INFO]	event.py	响应时间:646ms	浙江省	嘉兴市	这里是日志信息......
2022-09-16 14:53:58.800372	[INFO]	orders_service.py	响应时间:901ms	上海市	杨浦区	这里是日志信息......
2022-09-16 14:53:58.800372	[INFO]	orders_service.py	响应时间:653ms	北京市	海淀区	这里是日志信息......
2022-09-16 14:53:58.800372	[INFO]	goods_manager.py	响应时间:598ms	山东省	济南市	这里是日志信息......
2022-09-16 14:53:58.801365	[ERROR]	user_manager.py	响应时间:543ms	上海市	浦东新区	这里是日志信息......
2022-09-16 14:53:58.801365	[ERROR]	shop_manager.py	响应时间:3916ms	重庆市	南岸区	这里是日志信息......
2022-09-16 14:53:58.801365	[INFO]	orders_service.py	响应时间:506ms	安徽省	六安市	这里是日志信息......
2022-09-16 14:53:58.801365	[INFO]	goods_manager.py	响应时间:315ms	广东省	深圳市	这里是日志信息......
2022-09-16 14:53:58.801365	[INFO]	shop_manager.py	响应时间:598ms	山东省	青岛市	这里是日志信息......
2022-09-16 14:53:58.801365	[ERROR]	goods_manager.py	响应时间:33ms	上海市	黄浦区	这里是日志信息......
2022-09-16 14:53:58.801365	[INFO]	event.py	响应时间:432ms	上海市	徐汇区	这里是日志信息......
2022-09-16 14:53:58.801365	[INFO]	user_manager.py	响应时间:946ms	天津市	宝坻区	这里是日志信息......
2022-09-16 14:53:58.801365	[INFO]	goods_manager.py	响应时间:111ms	安徽省	铜陵市	这里是日志信息......
2022-09-16 14:53:58.801365	[WARN]	barcode_service.py	响应时间:853ms	浙江省	绍兴市	这里是日志信息......
2022-09-16 14:53:58.801365	[INFO]	goods_manager.py	响应时间:621ms	北京市	昌平区	这里是日志信息......
2022-09-16 14:53:58.801365	[WARN]	event.py	响应时间:883ms	广东省	深圳市	这里是日志信息......
2022-09-16 14:53:58.801365	[INFO]	orders_service.py	响应时间:850ms	上海市	浦东新区	这里是日志信息......
2022-09-16 14:53:58.801365	[INFO]	event.py	响应时间:131ms	北京市	丰台区	这里是日志信息......
2022-09-16 14:53:58.801365	[INFO]	user_manager.py	响应时间:323ms	广东省	深圳市	这里是日志信息......
2022-09-16 14:53:58.801365	[INFO]	barcode_service.py	响应时间:49ms	江苏省	宿迁市	这里是日志信息......
2022-09-16 14:53:58.801365	[INFO]	orders_service.py	响应时间:910ms	广东省	广州市	这里是日志信息......
2022-09-16 14:53:58.801365	[INFO]	orders_service.py	响应时间:533ms	湖南省	株洲市	这里是日志信息......
2022-09-16 14:53:58.801365	[INFO]	base_network.py	响应时间:874ms	上海市	浦东新区	这里是日志信息......
2022-09-16 14:53:58.801365	[INFO]	orders_service.py	响应时间:363ms	重庆市	九龙坡区	这里是日志信息......
2022-09-16 14:53:58.801365	[INFO]	barcode_service.py	响应时间:784ms	湖南省	长沙市	这里是日志信息......
2022-09-16 14:53:58.801365	[INFO]	barcode_service.py	响应时间:63ms	湖北省	十堰市	这里是日志信息......
2022-09-16 14:53:58.801365	[INFO]	user_manager.py	响应时间:786ms	湖南省	长沙市	这里是日志信息......
2022-09-16 14:53:58.801365	[INFO]	event.py	响应时间:401ms	浙江省	杭州市	这里是日志信息......
2022-09-16 14:53:58.801365	[INFO]	shop_manager.py	响应时间:46ms	上海市	浦东新区	这里是日志信息......
2022-09-16 14:53:58.801365	[WARN]	event.py	响应时间:359ms	湖南省	张家界市	这里是日志信息......
2022-09-16 14:53:58.801365	[ERROR]	user_manager.py	响应时间:343ms	湖南省	长沙市	这里是日志信息......
2022-09-16 14:53:58.801365	[INFO]	event.py	响应时间:45ms	天津市	河东区	这里是日志信息......
2022-09-16 14:53:58.801365	[INFO]	user_manager.py	响应时间:50ms	安徽省	芜湖市	这里是日志信息......
2022-09-16 14:53:58.801365	[INFO]	event.py	响应时间:585ms	安徽省	铜陵市	这里是日志信息......
2022-09-16 14:53:58.801365	[INFO]	event.py	响应时间:370ms	江苏省	张家港市	这里是日志信息......
2022-09-16 14:53:58.801365	[INFO]	goods_manager.py	响应时间:919ms	北京市	昌平区	这里是日志信息......
2022-09-16 14:53:58.801365	[INFO]	user_manager.py	响应时间:766ms	上海市	浦东新区	这里是日志信息......
2022-09-16 14:53:58.801365	[INFO]	user_manager.py	响应时间:224ms	安徽省	合肥市	这里是日志信息......
2022-09-16 14:53:58.801365	[INFO]	event.py	响应时间:601ms	山东省	青岛市	这里是日志信息......
2022-09-16 14:53:58.801365	[INFO]	barcode_service.py	响应时间:604ms	湖南省	长沙市	这里是日志信息......
2022-09-16 14:53:58.801365	[INFO]	shop_manager.py	响应时间:411ms	山东省	青岛市	这里是日志信息......
2022-09-16 14:53:58.801365	[INFO]	shop_manager.py	响应时间:550ms	上海市	徐汇区	这里是日志信息......
2022-09-16 14:53:58.801365	[INFO]	shop_manager.py	响应时间:519ms	北京市	海淀区	这里是日志信息......
2022-09-16 14:53:58.801365	[INFO]	user_manager.py	响应时间:109ms	湖北省	武汉市	这里是日志信息......
2022-09-16 14:53:58.801365	[INFO]	barcode_service.py	响应时间:653ms	湖南省	常德市	这里是日志信息......
2022-09-16 14:53:58.801365	[INFO]	orders_service.py	响应时间:426ms	湖北省	武汉市	这里是日志信息......
2022-09-16 14:53:58.801365	[INFO]	user_manager.py	响应时间:566ms	湖南省	益阳市	这里是日志信息......
2022-09-16 14:53:58.801365	[INFO]	base_network.py	响应时间:197ms	北京市	大兴区	这里是日志信息......
2022-09-16 14:53:58.801365	[WARN]	event.py	响应时间:17ms	安徽省	池州市	这里是日志信息......
2022-09-16 14:53:58.801365	[INFO]	orders_service.py	响应时间:416ms	湖南省	株洲市	这里是日志信息......
2022-09-16 14:53:58.801365	[ERROR]	orders_service.py	响应时间:345ms	山东省	菏泽市	这里是日志信息......
2022-09-16 14:53:58.801365	[INFO]	event.py	响应时间:7ms	浙江省	湖州市	这里是日志信息......
2022-09-16 14:53:58.801365	[INFO]	goods_manager.py	响应时间:960ms	天津市	河西区	这里是日志信息......
2022-09-16 14:53:58.801365	[INFO]	goods_manager.py	响应时间:520ms	山东省	青岛市	这里是日志信息......
2022-09-16 14:53:58.801365	[INFO]	shop_manager.py	响应时间:904ms	广东省	广州市	这里是日志信息......
2022-09-16 14:53:58.801365	[INFO]	orders_service.py	响应时间:617ms	山东省	菏泽市	这里是日志信息......
2022-09-16 14:53:58.801365	[INFO]	shop_manager.py	响应时间:947ms	湖北省	十堰市	这里是日志信息......
2022-09-16 14:53:58.801365	[ERROR]	barcode_service.py	响应时间:478ms	湖北省	武汉市	这里是日志信息......
2022-09-16 14:53:58.801365	[INFO]	orders_service.py	响应时间:404ms	广东省	广州市	这里是日志信息......
2022-09-16 14:53:58.801365	[WARN]	goods_manager.py	响应时间:741ms	广东省	深圳市	这里是日志信息......
2022-09-16 14:53:58.801365	[INFO]	user_manager.py	响应时间:930ms	北京市	海淀区	这里是日志信息......
2022-09-16 14:53:58.801365	[INFO]	event.py	响应时间:806ms	广东省	深圳市	这里是日志信息......
2022-09-16 14:53:58.801365	[WARN]	user_manager.py	响应时间:733ms	湖南省	长沙市	这里是日志信息......
2022-09-16 14:53:58.801365	[INFO]	user_manager.py	响应时间:844ms	安徽省	铜陵市	这里是日志信息......
2022-09-16 14:53:58.801365	[INFO]	user_manager.py	响应时间:353ms	重庆市	万州区	这里是日志信息......
2022-09-16 14:53:58.801365	[INFO]	base_network.py	响应时间:183ms	天津市	河西区	这里是日志信息......
2022-09-16 14:53:58.801365	[INFO]	orders_service.py	响应时间:640ms	北京市	海淀区	这里是日志信息......
2022-09-16 14:53:58.801365	[WARN]	goods_manager.py	响应时间:610ms	江苏省	无锡市	这里是日志信息......
2022-09-16 14:53:58.801365	[INFO]	event.py	响应时间:394ms	重庆市	渝中区	这里是日志信息......
2022-09-16 14:53:58.801365	[INFO]	goods_manager.py	响应时间:741ms	天津市	和平区	这里是日志信息......
2022-09-16 14:53:58.801365	[INFO]	orders_service.py	响应时间:437ms	北京市	昌平区	这里是日志信息......
2022-09-16 14:53:58.801365	[INFO]	orders_service.py	响应时间:726ms	重庆市	南岸区	这里是日志信息......
2022-09-16 14:53:58.801365	[INFO]	event.py	响应时间:837ms	上海市	普陀区	这里是日志信息......
2022-09-16 14:53:58.801365	[INFO]	event.py	响应时间:589ms	广东省	广州市	这里是日志信息......
2022-09-16 14:53:58.801365	[INFO]	orders_service.py	响应时间:107ms	安徽省	阜阳市	这里是日志信息......
2022-09-16 14:53:58.801365	[INFO]	barcode_service.py	响应时间:650ms	天津市	宝坻区	这里是日志信息......
2022-09-16 14:53:58.801365	[WARN]	goods_manager.py	响应时间:497ms	浙江省	舟山市	这里是日志信息......
2022-09-16 14:53:58.801365	[INFO]	orders_service.py	响应时间:475ms	上海市	浦东新区	这里是日志信息......
2022-09-16 14:53:58.801365	[INFO]	orders_service.py	响应时间:127ms	江苏省	苏州市	这里是日志信息......
2022-09-16 14:53:58.801365	[ERROR]	orders_service.py	响应时间:63ms	山东省	青岛市	这里是日志信息......
2022-09-16 14:53:58.802378	[INFO]	event.py	响应时间:69ms	天津市	河东区	这里是日志信息......
2022-09-16 14:53:58.802378	[INFO]	event.py	响应时间:529ms	浙江省	杭州市	这里是日志信息......
2022-09-16 14:53:58.802378	[WARN]	barcode_service.py	响应时间:983ms	天津市	宝坻区	这里是日志信息......
2022-09-16 14:53:58.802378	[INFO]	orders_service.py	响应时间:321ms	上海市	徐汇区	这里是日志信息......
2022-09-16 14:53:58.802378	[INFO]	shop_manager.py	响应时间:395ms	安徽省	阜阳市	这里是日志信息......
2022-09-16 14:53:58.802378	[INFO]	event.py	响应时间:5ms	重庆市	万州区	这里是日志信息......
2022-09-16 14:53:58.802378	[WARN]	orders_service.py	响应时间:38ms	安徽省	合肥市	这里是日志信息......
2022-09-16 14:53:58.802378	[INFO]	orders_service.py	响应时间:967ms	重庆市	九龙坡区	这里是日志信息......
2022-09-16 14:53:58.802378	[INFO]	orders_service.py	响应时间:86ms	山东省	青岛市	这里是日志信息......
2022-09-16 14:53:58.802378	[WARN]	event.py	响应时间:640ms	江苏省	宿迁市	这里是日志信息......
2022-09-16 14:53:58.802378	[INFO]	goods_manager.py	响应时间:1ms	湖北省	武汉市	这里是日志信息......
2022-09-16 14:53:58.802378	[INFO]	event.py	响应时间:550ms	上海市	黄浦区	这里是日志信息......
2022-09-16 14:53:58.802378	[WARN]	event.py	响应时间:5715ms	上海市	浦东新区	这里是日志信息......
2022-09-16 14:53:58.802378	[INFO]	shop_manager.py	响应时间:552ms	山东省	济南市	这里是日志信息......
2022-09-16 14:53:58.802378	[INFO]	shop_manager.py	响应时间:402ms	安徽省	合肥市	这里是日志信息......
2022-09-16 14:53:58.802378	[INFO]	base_network.py	响应时间:16ms	湖北省	恩施土家族苗族自治州	这里是日志信息......
2022-09-16 14:53:58.802378	[WARN]	user_manager.py	响应时间:644ms	广东省	深圳市	这里是日志信息......
2022-09-16 14:53:58.802378	[INFO]	barcode_service.py	响应时间:106ms	浙江省	杭州市	这里是日志信息......
2022-09-16 14:53:58.802378	[INFO]	event.py	响应时间:712ms	北京市	昌平区	这里是日志信息......
2022-09-16 14:53:58.802378	[INFO]	goods_manager.py	响应时间:666ms	重庆市	沙坪坝区	这里是日志信息......
2022-09-16 14:53:58.802378	[INFO]	goods_manager.py	响应时间:809ms	上海市	静安区	这里是日志信息......
2022-09-16 14:53:58.802378	[WARN]	goods_manager.py	响应时间:488ms	湖南省	长沙市	这里是日志信息......
2022-09-16 14:53:58.802378	[INFO]	goods_manager.py	响应时间:7306ms	北京市	昌平区	这里是日志信息......
2022-09-16 14:53:58.802378	[WARN]	user_manager.py	响应时间:948ms	天津市	宝坻区	这里是日志信息......
2022-09-16 14:53:58.802378	[INFO]	barcode_service.py	响应时间:120ms	湖北省	武汉市	这里是日志信息......
2022-09-16 14:53:58.802378	[INFO]	goods_manager.py	响应时间:34ms	湖南省	常德市	这里是日志信息......
2022-09-16 14:53:58.802378	[INFO]	event.py	响应时间:858ms	湖北省	恩施土家族苗族自治州	这里是日志信息......
2022-09-16 14:53:58.802378	[INFO]	shop_manager.py	响应时间:991ms	安徽省	合肥市	这里是日志信息......
2022-09-16 14:53:58.802378	[ERROR]	user_manager.py	响应时间:7355ms	安徽省	六安市	这里是日志信息......
2022-09-16 14:53:58.802378	[INFO]	event.py	响应时间:262ms	重庆市	万州区	这里是日志信息......
2022-09-16 14:53:58.802378	[INFO]	goods_manager.py	响应时间:997ms	湖南省	株洲市	这里是日志信息......
2022-09-16 14:53:58.802378	[INFO]	orders_service.py	响应时间:96ms	北京市	丰台区	这里是日志信息......
2022-09-16 14:53:58.802378	[INFO]	goods_manager.py	响应时间:268ms	湖北省	武汉市	这里是日志信息......
2022-09-16 14:53:58.802378	[INFO]	event.py	响应时间:867ms	安徽省	阜阳市	这里是日志信息......
2022-09-16 14:53:58.802378	[INFO]	event.py	响应时间:44ms	江苏省	无锡市	这里是日志信息......
2022-09-16 14:53:58.802378	[INFO]	barcode_service.py	响应时间:161ms	上海市	普陀区	这里是日志信息......
2022-09-16 14:53:58.802378	[ERROR]	base_network.py	响应时间:414ms	江苏省	南京市	这里是日志信息......
2022-09-16 14:53:58.802378	[WARN]	event.py	响应时间:425ms	广东省	珠海市	这里是日志信息......
2022-09-16 14:53:58.802378	[INFO]	event.py	响应时间:788ms	安徽省	合肥市	这里是日志信息......
2022-09-16 14:53:58.802378	[INFO]	user_manager.py	响应时间:83ms	江苏省	张家港市	这里是日志信息......
2022-09-16 14:53:58.802378	[INFO]	goods_manager.py	响应时间:61ms	安徽省	合肥市	这里是日志信息......
2022-09-16 14:53:58.802378	[INFO]	goods_manager.py	响应时间:626ms	江苏省	宿迁市	这里是日志信息......
2022-09-16 14:53:58.802378	[WARN]	event.py	响应时间:552ms	山东省	济南市	这里是日志信息......
2022-09-16 14:53:58.802378	[INFO]	goods_manager.py	响应时间:5795ms	广东省	深圳市	这里是日志信息......
2022-09-16 14:53:58.802378	[INFO]	goods_manager.py	响应时间:726ms	广东省	珠海市	这里是日志信息......
2022-09-16 14:53:58.802378	[INFO]	barcode_service.py	响应时间:138ms	天津市	河东区	这里是日志信息......
2022-09-16 14:53:58.802378	[INFO]	user_manager.py	响应时间:260ms	天津市	武清区	这里是日志信息......
2022-09-16 14:53:58.802378	[INFO]	goods_manager.py	响应时间:135ms	安徽省	铜陵市	这里是日志信息......
2022-09-16 14:53:58.802378	[WARN]	event.py	响应时间:235ms	浙江省	杭州市	这里是日志信息......
2022-09-16 14:53:58.802378	[WARN]	goods_manager.py	响应时间:107ms	北京市	怀柔区	这里是日志信息......
2022-09-16 14:53:58.802378	[INFO]	goods_manager.py	响应时间:101ms	江苏省	南京市	这里是日志信息......
2022-09-16 14:53:58.802378	[WARN]	goods_manager.py	响应时间:870ms	浙江省	嘉兴市	这里是日志信息......
2022-09-16 14:53:58.802378	[INFO]	orders_service.py	响应时间:529ms	江苏省	宿迁市	这里是日志信息......
2022-09-16 14:53:58.802378	[INFO]	user_manager.py	响应时间:331ms	北京市	昌平区	这里是日志信息......
2022-09-16 14:53:58.802378	[INFO]	orders_service.py	响应时间:722ms	湖南省	长沙市	这里是日志信息......
2022-09-16 14:53:58.802378	[INFO]	user_manager.py	响应时间:579ms	浙江省	舟山市	这里是日志信息......
2022-09-16 14:53:58.802378	[INFO]	user_manager.py	响应时间:912ms	江苏省	张家港市	这里是日志信息......
2022-09-16 14:53:58.802378	[WARN]	base_network.py	响应时间:951ms	山东省	青岛市	这里是日志信息......
2022-09-16 14:53:58.802378	[WARN]	orders_service.py	响应时间:593ms	安徽省	芜湖市	这里是日志信息......
2022-09-16 14:53:58.802378	[INFO]	barcode_service.py	响应时间:757ms	安徽省	铜陵市	这里是日志信息......
2022-09-16 14:53:58.802378	[INFO]	event.py	响应时间:37ms	广东省	深圳市	这里是日志信息......
2022-09-16 14:53:58.802378	[INFO]	event.py	响应时间:340ms	安徽省	六安市	这里是日志信息......
2022-09-16 14:53:58.802378	[INFO]	orders_service.py	响应时间:490ms	江苏省	南京市	这里是日志信息......
2022-09-16 14:53:58.802378	[INFO]	base_network.py	响应时间:980ms	浙江省	丽水市	这里是日志信息......
2022-09-16 14:53:58.802378	[INFO]	orders_service.py	响应时间:84ms	湖北省	荆州市	这里是日志信息......
2022-09-16 14:53:58.802378	[INFO]	event.py	响应时间:526ms	湖北省	恩施土家族苗族自治州	这里是日志信息......
2022-09-16 14:53:58.802378	[INFO]	barcode_service.py	响应时间:46ms	重庆市	沙坪坝区	这里是日志信息......
2022-09-16 14:53:58.802378	[INFO]	event.py	响应时间:252ms	山东省	济南市	这里是日志信息......
2022-09-16 14:53:58.802378	[INFO]	base_network.py	响应时间:977ms	湖南省	常德市	这里是日志信息......
2022-09-16 14:53:58.803372	[INFO]	goods_manager.py	响应时间:552ms	安徽省	六安市	这里是日志信息......
2022-09-16 14:53:58.803372	[WARN]	orders_service.py	响应时间:913ms	上海市	杨浦区	这里是日志信息......
2022-09-16 14:53:58.803372	[INFO]	goods_manager.py	响应时间:792ms	广东省	广州市	这里是日志信息......
2022-09-16 14:53:58.803372	[INFO]	orders_service.py	响应时间:211ms	天津市	武清区	这里是日志信息......
2022-09-16 14:53:58.803372	[INFO]	orders_service.py	响应时间:646ms	湖南省	长沙市	这里是日志信息......
2022-09-16 14:53:58.803372	[WARN]	goods_manager.py	响应时间:8921ms	重庆市	渝中区	这里是日志信息......
2022-09-16 14:53:58.803372	[INFO]	event.py	响应时间:268ms	安徽省	铜陵市	这里是日志信息......
2022-09-16 14:53:58.803372	[ERROR]	orders_service.py	响应时间:6046ms	湖北省	武汉市	这里是日志信息......
2022-09-16 14:53:58.803372	[INFO]	orders_service.py	响应时间:373ms	山东省	青岛市	这里是日志信息......
2022-09-16 14:53:58.803372	[INFO]	event.py	响应时间:997ms	广东省	深圳市	这里是日志信息......
2022-09-16 14:53:58.803372	[INFO]	barcode_service.py	响应时间:793ms	上海市	黄浦区	这里是日志信息......
2022-09-16 14:53:58.803372	[INFO]	event.py	响应时间:471ms	上海市	普陀区	这里是日志信息......
2022-09-16 14:53:58.803372	[INFO]	orders_service.py	响应时间:497ms	重庆市	涪陵区	这里是日志信息......
2022-09-16 14:53:58.803372	[WARN]	orders_service.py	响应时间:324ms	广东省	广州市	这里是日志信息......
2022-09-16 14:53:58.803372	[INFO]	event.py	响应时间:299ms	江苏省	常州市	这里是日志信息......
2022-09-16 14:53:58.803372	[WARN]	base_network.py	响应时间:459ms	湖南省	长沙市	这里是日志信息......
2022-09-16 14:53:58.803372	[INFO]	event.py	响应时间:767ms	重庆市	万州区	这里是日志信息......
2022-09-16 14:53:58.803372	[INFO]	orders_service.py	响应时间:631ms	江苏省	南京市	这里是日志信息......
2022-09-16 14:53:58.803372	[INFO]	orders_service.py	响应时间:347ms	湖南省	长沙市	这里是日志信息......
2022-09-16 14:53:58.803372	[WARN]	event.py	响应时间:617ms	广东省	深圳市	这里是日志信息......
2022-09-16 14:53:58.803372	[INFO]	orders_service.py	响应时间:492ms	湖北省	武汉市	这里是日志信息......
2022-09-16 14:53:58.803372	[INFO]	event.py	响应时间:570ms	山东省	青岛市	这里是日志信息......
2022-09-16 14:53:58.803372	[INFO]	shop_manager.py	响应时间:386ms	浙江省	丽水市	这里是日志信息......
2022-09-16 14:53:58.803372	[INFO]	user_manager.py	响应时间:915ms	浙江省	湖州市	这里是日志信息......
2022-09-16 14:53:58.803372	[INFO]	orders_service.py	响应时间:396ms	北京市	海淀区	这里是日志信息......
2022-09-16 14:53:58.803372	[INFO]	event.py	响应时间:565ms	山东省	济南市	这里是日志信息......
2022-09-16 14:53:58.803372	[INFO]	base_network.py	响应时间:195ms	北京市	海淀区	这里是日志信息......
2022-09-16 14:53:58.803372	[INFO]	goods_manager.py	响应时间:542ms	北京市	怀柔区	这里是日志信息......
2022-09-16 14:53:58.803372	[INFO]	orders_service.py	响应时间:996ms	安徽省	六安市	这里是日志信息......
2022-09-16 14:53:58.803372	[INFO]	event.py	响应时间:145ms	上海市	浦东新区	这里是日志信息......
2022-09-16 14:53:58.803372	[INFO]	user_manager.py	响应时间:86ms	江苏省	宿迁市	这里是日志信息......
2022-09-16 14:53:58.803372	[WARN]	orders_service.py	响应时间:382ms	广东省	广州市	这里是日志信息......
2022-09-16 14:53:58.803372	[INFO]	event.py	响应时间:25ms	湖南省	常德市	这里是日志信息......
2022-09-16 14:53:58.803372	[INFO]	base_network.py	响应时间:872ms	湖南省	益阳市	这里是日志信息......
2022-09-16 14:53:58.803372	[INFO]	orders_service.py	响应时间:759ms	湖北省	荆州市	这里是日志信息......
2022-09-16 14:53:58.803372	[INFO]	base_network.py	响应时间:772ms	湖北省	武汉市	这里是日志信息......
2022-09-16 14:53:58.803372	[INFO]	user_manager.py	响应时间:429ms	山东省	菏泽市	这里是日志信息......
2022-09-16 14:53:58.803372	[INFO]	orders_service.py	响应时间:56ms	北京市	海淀区	这里是日志信息......
2022-09-16 14:53:58.803372	[INFO]	user_manager.py	响应时间:48ms	湖北省	十堰市	这里是日志信息......
2022-09-16 14:53:58.803372	[WARN]	event.py	响应时间:11ms	上海市	静安区	这里是日志信息......
2022-09-16 14:53:58.803372	[INFO]	goods_manager.py	响应时间:643ms	上海市	静安区	这里是日志信息......
2022-09-16 14:53:58.803372	[INFO]	goods_manager.py	响应时间:671ms	浙江省	丽水市	这里是日志信息......
2022-09-16 14:53:58.803372	[INFO]	event.py	响应时间:483ms	湖南省	长沙市	这里是日志信息......
2022-09-16 14:53:58.803372	[INFO]	goods_manager.py	响应时间:748ms	天津市	河西区	这里是日志信息......
2022-09-16 14:53:58.803372	[INFO]	user_manager.py	响应时间:541ms	天津市	河东区	这里是日志信息......
2022-09-16 14:53:58.803372	[INFO]	barcode_service.py	响应时间:846ms	天津市	武清区	这里是日志信息......
2022-09-16 14:53:58.803372	[INFO]	orders_service.py	响应时间:362ms	安徽省	池州市	这里是日志信息......
2022-09-16 14:53:58.803372	[INFO]	barcode_service.py	响应时间:454ms	湖南省	长沙市	这里是日志信息......
2022-09-16 14:53:58.803372	[ERROR]	orders_service.py	响应时间:656ms	天津市	武清区	这里是日志信息......
2022-09-16 14:53:58.803372	[INFO]	orders_service.py	响应时间:70ms	上海市	杨浦区	这里是日志信息......
2022-09-16 14:53:58.803372	[INFO]	barcode_service.py	响应时间:872ms	湖南省	张家界市	这里是日志信息......
2022-09-16 14:53:58.803372	[INFO]	orders_service.py	响应时间:131ms	湖北省	荆州市	这里是日志信息......
2022-09-16 14:53:58.803372	[INFO]	event.py	响应时间:763ms	天津市	河东区	这里是日志信息......
2022-09-16 14:53:58.803372	[INFO]	goods_manager.py	响应时间:3174ms	湖南省	株洲市	这里是日志信息......
2022-09-16 14:53:58.803372	[WARN]	user_manager.py	响应时间:335ms	北京市	海淀区	这里是日志信息......
2022-09-16 14:53:58.803372	[INFO]	base_network.py	响应时间:50ms	广东省	深圳市	这里是日志信息......
2022-09-16 14:53:58.803372	[INFO]	goods_manager.py	响应时间:147ms	山东省	济南市	这里是日志信息......
2022-09-16 14:53:58.803372	[INFO]	orders_service.py	响应时间:121ms	北京市	大兴区	这里是日志信息......
2022-09-16 14:53:58.803372	[INFO]	event.py	响应时间:505ms	山东省	菏泽市	这里是日志信息......
2022-09-16 14:53:58.803372	[WARN]	base_network.py	响应时间:861ms	湖南省	益阳市	这里是日志信息......
2022-09-16 14:53:58.803372	[INFO]	goods_manager.py	响应时间:287ms	北京市	海淀区	这里是日志信息......
2022-09-16 14:53:58.803372	[INFO]	user_manager.py	响应时间:849ms	上海市	浦东新区	这里是日志信息......
2022-09-16 14:53:58.803372	[INFO]	orders_service.py	响应时间:173ms	江苏省	常州市	这里是日志信息......
2022-09-16 14:53:58.803372	[INFO]	user_manager.py	响应时间:143ms	天津市	宝坻区	这里是日志信息......
2022-09-16 14:53:58.803372	[INFO]	orders_service.py	响应时间:618ms	北京市	海淀区	这里是日志信息......
2022-09-16 14:53:58.803372	[INFO]	shop_manager.py	响应时间:664ms	重庆市	沙坪坝区	这里是日志信息......
2022-09-16 14:53:58.803372	[ERROR]	shop_manager.py	响应时间:752ms	江苏省	无锡市	这里是日志信息......
2022-09-16 14:53:58.803372	[WARN]	orders_service.py	响应时间:141ms	广东省	广州市	这里是日志信息......
2022-09-16 14:53:58.803372	[INFO]	event.py	响应时间:96ms	广东省	广州市	这里是日志信息......
2022-09-16 14:53:58.803372	[INFO]	event.py	响应时间:74ms	浙江省	绍兴市	这里是日志信息......
2022-09-16 14:53:58.803372	[INFO]	orders_service.py	响应时间:334ms	湖北省	恩施土家族苗族自治州	这里是日志信息......
2022-09-16 14:53:58.804365	[INFO]	event.py	响应时间:64ms	山东省	济南市	这里是日志信息......
2022-09-16 14:53:58.804365	[INFO]	event.py	响应时间:437ms	山东省	青岛市	这里是日志信息......
2022-09-16 14:53:58.804365	[INFO]	orders_service.py	响应时间:568ms	重庆市	渝中区	这里是日志信息......
2022-09-16 14:53:58.804365	[INFO]	barcode_service.py	响应时间:800ms	湖南省	长沙市	这里是日志信息......
2022-09-16 14:53:58.804365	[INFO]	event.py	响应时间:414ms	安徽省	芜湖市	这里是日志信息......
2022-09-16 14:53:58.804365	[WARN]	shop_manager.py	响应时间:809ms	湖北省	武汉市	这里是日志信息......
2022-09-16 14:53:58.804365	[INFO]	event.py	响应时间:644ms	北京市	昌平区	这里是日志信息......
2022-09-16 14:53:58.804365	[INFO]	goods_manager.py	响应时间:562ms	浙江省	金华市	这里是日志信息......
2022-09-16 14:53:58.804365	[INFO]	event.py	响应时间:374ms	湖北省	武汉市	这里是日志信息......
2022-09-16 14:53:58.804365	[INFO]	event.py	响应时间:915ms	安徽省	阜阳市	这里是日志信息......
2022-09-16 14:53:58.804365	[INFO]	barcode_service.py	响应时间:261ms	重庆市	沙坪坝区	这里是日志信息......
2022-09-16 14:53:58.804365	[WARN]	orders_service.py	响应时间:95ms	上海市	浦东新区	这里是日志信息......
2022-09-16 14:53:58.804365	[INFO]	goods_manager.py	响应时间:235ms	广东省	深圳市	这里是日志信息......
2022-09-16 14:53:58.804365	[INFO]	event.py	响应时间:176ms	江苏省	宿迁市	这里是日志信息......
2022-09-16 14:53:58.804365	[INFO]	user_manager.py	响应时间:448ms	北京市	怀柔区	这里是日志信息......
2022-09-16 14:53:58.804365	[INFO]	event.py	响应时间:82ms	江苏省	南京市	这里是日志信息......
2022-09-16 14:53:58.804365	[INFO]	shop_manager.py	响应时间:441ms	江苏省	苏州市	这里是日志信息......
2022-09-16 14:53:58.804365	[INFO]	user_manager.py	响应时间:268ms	北京市	海淀区	这里是日志信息......
2022-09-16 14:53:58.804365	[WARN]	goods_manager.py	响应时间:345ms	湖北省	武汉市	这里是日志信息......
2022-09-16 14:53:58.804365	[INFO]	base_network.py	响应时间:550ms	广东省	广州市	这里是日志信息......
2022-09-16 14:53:58.804365	[INFO]	event.py	响应时间:273ms	山东省	青岛市	这里是日志信息......
2022-09-16 14:53:58.804365	[INFO]	barcode_service.py	响应时间:381ms	江苏省	常州市	这里是日志信息......
2022-09-16 14:53:58.804365	[WARN]	user_manager.py	响应时间:619ms	广东省	深圳市	这里是日志信息......
2022-09-16 14:53:58.804365	[INFO]	goods_manager.py	响应时间:773ms	湖南省	株洲市	这里是日志信息......
2022-09-16 14:53:58.804365	[INFO]	goods_manager.py	响应时间:283ms	江苏省	张家港市	这里是日志信息......
2022-09-16 14:53:58.804365	[INFO]	user_manager.py	响应时间:73ms	湖南省	长沙市	这里是日志信息......
2022-09-16 14:53:58.804365	[INFO]	orders_service.py	响应时间:109ms	北京市	朝阳区	这里是日志信息......
2022-09-16 14:53:58.804365	[INFO]	goods_manager.py	响应时间:169ms	浙江省	绍兴市	这里是日志信息......
2022-09-16 14:53:58.804365	[INFO]	event.py	响应时间:296ms	广东省	广州市	这里是日志信息......
2022-09-16 14:53:58.804365	[INFO]	barcode_service.py	响应时间:578ms	安徽省	阜阳市	这里是日志信息......
2022-09-16 14:53:58.804365	[INFO]	base_network.py	响应时间:334ms	广东省	广州市	这里是日志信息......
2022-09-16 14:53:58.804365	[WARN]	user_manager.py	响应时间:654ms	山东省	青岛市	这里是日志信息......
2022-09-16 14:53:58.804365	[INFO]	event.py	响应时间:494ms	安徽省	池州市	这里是日志信息......
2022-09-16 14:53:58.804365	[INFO]	orders_service.py	响应时间:995ms	浙江省	嘉兴市	这里是日志信息......
2022-09-16 14:53:58.804365	[INFO]	goods_manager.py	响应时间:120ms	浙江省	绍兴市	这里是日志信息......
2022-09-16 14:53:58.804365	[INFO]	barcode_service.py	响应时间:260ms	湖南省	株洲市	这里是日志信息......
2022-09-16 14:53:58.804365	[WARN]	user_manager.py	响应时间:680ms	广东省	广州市	这里是日志信息......
2022-09-16 14:53:58.804365	[WARN]	orders_service.py	响应时间:681ms	北京市	大兴区	这里是日志信息......
2022-09-16 14:53:58.804365	[INFO]	base_network.py	响应时间:83ms	湖北省	武汉市	这里是日志信息......
2022-09-16 14:53:58.804365	[INFO]	goods_manager.py	响应时间:851ms	湖南省	株洲市	这里是日志信息......
2022-09-16 14:53:58.804365	[INFO]	goods_manager.py	响应时间:361ms	江苏省	常州市	这里是日志信息......
2022-09-16 14:53:58.804365	[WARN]	goods_manager.py	响应时间:955ms	安徽省	阜阳市	这里是日志信息......
2022-09-16 14:53:58.804365	[INFO]	goods_manager.py	响应时间:446ms	江苏省	南京市	这里是日志信息......
2022-09-16 14:53:58.804365	[INFO]	base_network.py	响应时间:195ms	江苏省	宿迁市	这里是日志信息......
2022-09-16 14:53:58.805367	[INFO]	event.py	响应时间:865ms	重庆市	九龙坡区	这里是日志信息......
2022-09-16 14:53:58.805367	[INFO]	barcode_service.py	响应时间:80ms	浙江省	舟山市	这里是日志信息......
2022-09-16 14:53:58.805367	[INFO]	barcode_service.py	响应时间:680ms	上海市	普陀区	这里是日志信息......
2022-09-16 14:53:58.805367	[INFO]	orders_service.py	响应时间:69ms	山东省	菏泽市	这里是日志信息......
2022-09-16 14:53:58.805367	[INFO]	orders_service.py	响应时间:377ms	浙江省	舟山市	这里是日志信息......
2022-09-16 14:53:58.805367	[INFO]	event.py	响应时间:737ms	广东省	深圳市	这里是日志信息......
2022-09-16 14:53:58.805367	[INFO]	event.py	响应时间:601ms	天津市	和平区	这里是日志信息......
2022-09-16 14:53:58.805367	[INFO]	event.py	响应时间:912ms	广东省	珠海市	这里是日志信息......
2022-09-16 14:53:58.805367	[INFO]	user_manager.py	响应时间:592ms	湖北省	荆州市	这里是日志信息......
2022-09-16 14:53:58.805367	[INFO]	user_manager.py	响应时间:774ms	湖南省	长沙市	这里是日志信息......
2022-09-16 14:53:58.805367	[WARN]	event.py	响应时间:385ms	广东省	深圳市	这里是日志信息......
2022-09-16 14:53:58.805367	[INFO]	goods_manager.py	响应时间:668ms	广东省	广州市	这里是日志信息......
2022-09-16 14:53:58.805367	[INFO]	goods_manager.py	响应时间:512ms	湖南省	株洲市	这里是日志信息......
2022-09-16 14:53:58.805367	[INFO]	shop_manager.py	响应时间:824ms	安徽省	六安市	这里是日志信息......
2022-09-16 14:53:58.805367	[INFO]	user_manager.py	响应时间:367ms	重庆市	涪陵区	这里是日志信息......
2022-09-16 14:53:58.805367	[ERROR]	orders_service.py	响应时间:281ms	山东省	青岛市	这里是日志信息......
2022-09-16 14:53:58.805367	[INFO]	base_network.py	响应时间:650ms	天津市	和平区	这里是日志信息......
2022-09-16 14:53:58.805367	[INFO]	orders_service.py	响应时间:545ms	湖北省	恩施土家族苗族自治州	这里是日志信息......
2022-09-16 14:53:58.805367	[INFO]	user_manager.py	响应时间:830ms	天津市	武清区	这里是日志信息......
2022-09-16 14:53:58.805367	[INFO]	goods_manager.py	响应时间:818ms	湖北省	武汉市	这里是日志信息......
2022-09-16 14:53:58.805367	[INFO]	goods_manager.py	响应时间:11ms	广东省	广州市	这里是日志信息......
2022-09-16 14:53:58.805367	[ERROR]	event.py	响应时间:116ms	安徽省	铜陵市	这里是日志信息......
2022-09-16 14:53:58.805367	[INFO]	barcode_service.py	响应时间:491ms	浙江省	绍兴市	这里是日志信息......
2022-09-16 14:53:58.805367	[WARN]	event.py	响应时间:766ms	湖南省	常德市	这里是日志信息......
2022-09-16 14:53:58.805367	[INFO]	goods_manager.py	响应时间:64ms	天津市	宝坻区	这里是日志信息......
2022-09-16 14:53:58.805367	[INFO]	orders_service.py	响应时间:658ms	湖南省	株洲市	这里是日志信息......
2022-09-16 14:53:58.805367	[WARN]	user_manager.py	响应时间:945ms	重庆市	九龙坡区	这里是日志信息......
2022-09-16 14:53:58.805367	[INFO]	barcode_service.py	响应时间:82ms	重庆市	万州区	这里是日志信息......
2022-09-16 14:53:58.805367	[INFO]	goods_manager.py	响应时间:282ms	山东省	青岛市	这里是日志信息......
2022-09-16 14:53:58.805367	[INFO]	base_network.py	响应时间:341ms	浙江省	嘉兴市	这里是日志信息......
2022-09-16 14:53:58.805367	[INFO]	orders_service.py	响应时间:305ms	上海市	徐汇区	这里是日志信息......
2022-09-16 14:53:58.805367	[INFO]	barcode_service.py	响应时间:751ms	重庆市	万州区	这里是日志信息......
2022-09-16 14:53:58.805367	[INFO]	event.py	响应时间:5192ms	天津市	武清区	这里是日志信息......
2022-09-16 14:53:58.805367	[INFO]	user_manager.py	响应时间:408ms	江苏省	张家港市	这里是日志信息......
2022-09-16 14:53:58.805367	[INFO]	user_manager.py	响应时间:377ms	北京市	昌平区	这里是日志信息......
