2022-09-16 14:53:57.773613	[INFO]	event.py	响应时间:42ms	广东省	广州市	这里是日志信息......
2022-09-16 14:53:57.773613	[INFO]	shop_manager.py	响应时间:311ms	天津市	河西区	这里是日志信息......
2022-09-16 14:53:57.773613	[INFO]	barcode_service.py	响应时间:347ms	湖北省	荆州市	这里是日志信息......
2022-09-16 14:53:57.773613	[INFO]	event.py	响应时间:715ms	广东省	广州市	这里是日志信息......
2022-09-16 14:53:57.773613	[INFO]	goods_manager.py	响应时间:114ms	北京市	朝阳区	这里是日志信息......
2022-09-16 14:53:57.773613	[INFO]	user_manager.py	响应时间:148ms	上海市	杨浦区	这里是日志信息......
2022-09-16 14:53:57.773613	[INFO]	base_network.py	响应时间:902ms	广东省	深圳市	这里是日志信息......
2022-09-16 14:53:57.773613	[INFO]	goods_manager.py	响应时间:929ms	湖北省	武汉市	这里是日志信息......
2022-09-16 14:53:57.773613	[INFO]	goods_manager.py	响应时间:87ms	北京市	丰台区	这里是日志信息......
2022-09-16 14:53:57.773613	[INFO]	base_network.py	响应时间:4188ms	广东省	深圳市	这里是日志信息......
2022-09-16 14:53:57.773613	[INFO]	goods_manager.py	响应时间:545ms	安徽省	合肥市	这里是日志信息......
2022-09-16 14:53:57.773613	[INFO]	goods_manager.py	响应时间:324ms	上海市	浦东新区	这里是日志信息......
2022-09-16 14:53:57.773613	[INFO]	orders_service.py	响应时间:461ms	山东省	济南市	这里是日志信息......
2022-09-16 14:53:57.773613	[INFO]	goods_manager.py	响应时间:958ms	浙江省	湖州市	这里是日志信息......
2022-09-16 14:53:57.773613	[INFO]	barcode_service.py	响应时间:706ms	湖南省	长沙市	这里是日志信息......
2022-09-16 14:53:57.773613	[ERROR]	user_manager.py	响应时间:589ms	广东省	珠海市	这里是日志信息......
2022-09-16 14:53:57.773613	[WARN]	barcode_service.py	响应时间:454ms	江苏省	南京市	这里是日志信息......
2022-09-16 14:53:57.773613	[INFO]	event.py	响应时间:491ms	安徽省	铜陵市	这里是日志信息......
2022-09-16 14:53:57.773613	[INFO]	orders_service.py	响应时间:166ms	浙江省	丽水市	这里是日志信息......
2022-09-16 14:53:57.773613	[INFO]	base_network.py	响应时间:384ms	山东省	济南市	这里是日志信息......
2022-09-16 14:53:57.773613	[INFO]	orders_service.py	响应时间:546ms	安徽省	阜阳市	这里是日志信息......
2022-09-16 14:53:57.773613	[INFO]	goods_manager.py	响应时间:777ms	广东省	广州市	这里是日志信息......
2022-09-16 14:53:57.773613	[INFO]	base_network.py	响应时间:676ms	北京市	朝阳区	这里是日志信息......
2022-09-16 14:53:57.773613	[WARN]	barcode_service.py	响应时间:603ms	天津市	宝坻区	这里是日志信息......
2022-09-16 14:53:57.773613	[INFO]	goods_manager.py	响应时间:898ms	北京市	昌平区	这里是日志信息......
2022-09-16 14:53:57.773613	[INFO]	event.py	响应时间:983ms	浙江省	杭州市	这里是日志信息......
2022-09-16 14:53:57.773613	[INFO]	orders_service.py	响应时间:687ms	湖北省	武汉市	这里是日志信息......
2022-09-16 14:53:57.773613	[INFO]	base_network.py	响应时间:136ms	北京市	朝阳区	这里是日志信息......
2022-09-16 14:53:57.773613	[INFO]	event.py	响应时间:69ms	北京市	海淀区	这里是日志信息......
2022-09-16 14:53:57.773613	[INFO]	event.py	响应时间:862ms	山东省	济南市	这里是日志信息......
2022-09-16 14:53:57.773613	[INFO]	goods_manager.py	响应时间:425ms	江苏省	南京市	这里是日志信息......
2022-09-16 14:53:57.773613	[INFO]	goods_manager.py	响应时间:876ms	天津市	武清区	这里是日志信息......
2022-09-16 14:53:57.773613	[INFO]	barcode_service.py	响应时间:95ms	广东省	深圳市	这里是日志信息......
2022-09-16 14:53:57.773613	[INFO]	goods_manager.py	响应时间:966ms	山东省	青岛市	这里是日志信息......
2022-09-16 14:53:57.773613	[INFO]	orders_service.py	响应时间:680ms	重庆市	沙坪坝区	这里是日志信息......
2022-09-16 14:53:57.773613	[WARN]	barcode_service.py	响应时间:916ms	天津市	河东区	这里是日志信息......
2022-09-16 14:53:57.773613	[INFO]	user_manager.py	响应时间:269ms	浙江省	舟山市	这里是日志信息......
2022-09-16 14:53:57.774604	[INFO]	event.py	响应时间:748ms	广东省	深圳市	这里是日志信息......
2022-09-16 14:53:57.774604	[INFO]	user_manager.py	响应时间:1ms	湖南省	长沙市	这里是日志信息......
2022-09-16 14:53:57.774604	[INFO]	goods_manager.py	响应时间:170ms	湖北省	荆州市	这里是日志信息......
2022-09-16 14:53:57.774604	[INFO]	user_manager.py	响应时间:965ms	湖南省	长沙市	这里是日志信息......
2022-09-16 14:53:57.774604	[INFO]	shop_manager.py	响应时间:707ms	重庆市	南岸区	这里是日志信息......
2022-09-16 14:53:57.774604	[WARN]	event.py	响应时间:537ms	浙江省	湖州市	这里是日志信息......
2022-09-16 14:53:57.774604	[INFO]	user_manager.py	响应时间:976ms	安徽省	合肥市	这里是日志信息......
2022-09-16 14:53:57.774604	[WARN]	event.py	响应时间:614ms	上海市	浦东新区	这里是日志信息......
2022-09-16 14:53:57.774604	[INFO]	event.py	响应时间:158ms	北京市	昌平区	这里是日志信息......
2022-09-16 14:53:57.774604	[INFO]	user_manager.py	响应时间:204ms	湖南省	长沙市	这里是日志信息......
2022-09-16 14:53:57.774604	[ERROR]	goods_manager.py	响应时间:384ms	浙江省	丽水市	这里是日志信息......
2022-09-16 14:53:57.774604	[INFO]	goods_manager.py	响应时间:9025ms	湖南省	益阳市	这里是日志信息......
2022-09-16 14:53:57.774604	[WARN]	goods_manager.py	响应时间:8295ms	山东省	青岛市	这里是日志信息......
2022-09-16 14:53:57.774604	[WARN]	orders_service.py	响应时间:702ms	山东省	济南市	这里是日志信息......
2022-09-16 14:53:57.774604	[INFO]	event.py	响应时间:867ms	湖北省	武汉市	这里是日志信息......
2022-09-16 14:53:57.774604	[ERROR]	barcode_service.py	响应时间:662ms	重庆市	万州区	这里是日志信息......
2022-09-16 14:53:57.774604	[INFO]	goods_manager.py	响应时间:751ms	江苏省	张家港市	这里是日志信息......
2022-09-16 14:53:57.774604	[INFO]	event.py	响应时间:178ms	浙江省	舟山市	这里是日志信息......
2022-09-16 14:53:57.774604	[INFO]	event.py	响应时间:862ms	重庆市	万州区	这里是日志信息......
2022-09-16 14:53:57.774604	[INFO]	event.py	响应时间:499ms	山东省	济南市	这里是日志信息......
2022-09-16 14:53:57.774604	[INFO]	user_manager.py	响应时间:512ms	北京市	怀柔区	这里是日志信息......
2022-09-16 14:53:57.774604	[INFO]	shop_manager.py	响应时间:567ms	湖南省	长沙市	这里是日志信息......
2022-09-16 14:53:57.774604	[WARN]	goods_manager.py	响应时间:866ms	山东省	济南市	这里是日志信息......
2022-09-16 14:53:57.774604	[INFO]	goods_manager.py	响应时间:541ms	上海市	浦东新区	这里是日志信息......
2022-09-16 14:53:57.774604	[INFO]	event.py	响应时间:295ms	江苏省	南京市	这里是日志信息......
2022-09-16 14:53:57.774604	[INFO]	goods_manager.py	响应时间:182ms	湖北省	武汉市	这里是日志信息......
2022-09-16 14:53:57.774604	[INFO]	orders_service.py	响应时间:991ms	北京市	朝阳区	这里是日志信息......
2022-09-16 14:53:57.774604	[INFO]	event.py	响应时间:604ms	北京市	朝阳区	这里是日志信息......
2022-09-16 14:53:57.774604	[INFO]	barcode_service.py	响应时间:278ms	湖南省	株洲市	这里是日志信息......
2022-09-16 14:53:57.774604	[INFO]	event.py	响应时间:644ms	重庆市	渝中区	这里是日志信息......
2022-09-16 14:53:57.774604	[INFO]	orders_service.py	响应时间:294ms	重庆市	涪陵区	这里是日志信息......
2022-09-16 14:53:57.774604	[INFO]	user_manager.py	响应时间:649ms	上海市	浦东新区	这里是日志信息......
2022-09-16 14:53:57.774604	[INFO]	barcode_service.py	响应时间:298ms	上海市	黄浦区	这里是日志信息......
2022-09-16 14:53:57.774604	[INFO]	orders_service.py	响应时间:747ms	上海市	普陀区	这里是日志信息......
2022-09-16 14:53:57.774604	[INFO]	user_manager.py	响应时间:603ms	山东省	青岛市	这里是日志信息......
2022-09-16 14:53:57.774604	[INFO]	event.py	响应时间:352ms	湖北省	武汉市	这里是日志信息......
2022-09-16 14:53:57.774604	[INFO]	event.py	响应时间:270ms	江苏省	张家港市	这里是日志信息......
2022-09-16 14:53:57.774604	[INFO]	event.py	响应时间:312ms	江苏省	苏州市	这里是日志信息......
2022-09-16 14:53:57.774604	[INFO]	shop_manager.py	响应时间:238ms	天津市	河东区	这里是日志信息......
2022-09-16 14:53:57.774604	[INFO]	goods_manager.py	响应时间:837ms	浙江省	丽水市	这里是日志信息......
2022-09-16 14:53:57.774604	[INFO]	orders_service.py	响应时间:173ms	广东省	广州市	这里是日志信息......
2022-09-16 14:53:57.774604	[INFO]	event.py	响应时间:608ms	浙江省	金华市	这里是日志信息......
2022-09-16 14:53:57.774604	[INFO]	user_manager.py	响应时间:315ms	山东省	青岛市	这里是日志信息......
2022-09-16 14:53:57.774604	[INFO]	barcode_service.py	响应时间:315ms	上海市	静安区	这里是日志信息......
2022-09-16 14:53:57.774604	[INFO]	user_manager.py	响应时间:979ms	重庆市	万州区	这里是日志信息......
2022-09-16 14:53:57.774604	[WARN]	goods_manager.py	响应时间:610ms	江苏省	苏州市	这里是日志信息......
2022-09-16 14:53:57.774604	[INFO]	event.py	响应时间:217ms	安徽省	合肥市	这里是日志信息......
2022-09-16 14:53:57.774604	[INFO]	base_network.py	响应时间:145ms	湖南省	长沙市	这里是日志信息......
2022-09-16 14:53:57.774604	[ERROR]	base_network.py	响应时间:704ms	天津市	河东区	这里是日志信息......
2022-09-16 14:53:57.774604	[INFO]	orders_service.py	响应时间:746ms	浙江省	杭州市	这里是日志信息......
2022-09-16 14:53:57.774604	[INFO]	event.py	响应时间:389ms	湖南省	张家界市	这里是日志信息......
2022-09-16 14:53:57.774604	[INFO]	event.py	响应时间:828ms	重庆市	南岸区	这里是日志信息......
2022-09-16 14:53:57.774604	[INFO]	goods_manager.py	响应时间:262ms	重庆市	沙坪坝区	这里是日志信息......
2022-09-16 14:53:57.774604	[INFO]	goods_manager.py	响应时间:884ms	重庆市	九龙坡区	这里是日志信息......
2022-09-16 14:53:57.774604	[WARN]	goods_manager.py	响应时间:917ms	湖北省	十堰市	这里是日志信息......
2022-09-16 14:53:57.774604	[WARN]	shop_manager.py	响应时间:546ms	湖南省	长沙市	这里是日志信息......
2022-09-16 14:53:57.774604	[INFO]	barcode_service.py	响应时间:46ms	安徽省	合肥市	这里是日志信息......
2022-09-16 14:53:57.774604	[ERROR]	event.py	响应时间:211ms	上海市	浦东新区	这里是日志信息......
2022-09-16 14:53:57.774604	[INFO]	event.py	响应时间:732ms	广东省	广州市	这里是日志信息......
2022-09-16 14:53:57.774604	[INFO]	event.py	响应时间:157ms	浙江省	金华市	这里是日志信息......
2022-09-16 14:53:57.774604	[INFO]	goods_manager.py	响应时间:442ms	广东省	广州市	这里是日志信息......
2022-09-16 14:53:57.774604	[INFO]	shop_manager.py	响应时间:428ms	湖北省	武汉市	这里是日志信息......
2022-09-16 14:53:57.774604	[INFO]	goods_manager.py	响应时间:282ms	北京市	海淀区	这里是日志信息......
2022-09-16 14:53:57.774604	[INFO]	base_network.py	响应时间:118ms	江苏省	宿迁市	这里是日志信息......
2022-09-16 14:53:57.774604	[INFO]	event.py	响应时间:175ms	江苏省	苏州市	这里是日志信息......
2022-09-16 14:53:57.774604	[INFO]	orders_service.py	响应时间:817ms	湖北省	武汉市	这里是日志信息......
2022-09-16 14:53:57.774604	[INFO]	goods_manager.py	响应时间:834ms	湖北省	武汉市	这里是日志信息......
2022-09-16 14:53:57.774604	[INFO]	barcode_service.py	响应时间:625ms	浙江省	杭州市	这里是日志信息......
2022-09-16 14:53:57.774604	[INFO]	event.py	响应时间:786ms	安徽省	铜陵市	这里是日志信息......
2022-09-16 14:53:57.775603	[INFO]	orders_service.py	响应时间:470ms	天津市	河东区	这里是日志信息......
2022-09-16 14:53:57.775603	[ERROR]	barcode_service.py	响应时间:436ms	山东省	济南市	这里是日志信息......
2022-09-16 14:53:57.775603	[INFO]	shop_manager.py	响应时间:975ms	上海市	宝山区	这里是日志信息......
2022-09-16 14:53:57.775603	[INFO]	orders_service.py	响应时间:232ms	北京市	朝阳区	这里是日志信息......
2022-09-16 14:53:57.775603	[WARN]	shop_manager.py	响应时间:313ms	湖北省	武汉市	这里是日志信息......
2022-09-16 14:53:57.775603	[WARN]	orders_service.py	响应时间:638ms	江苏省	苏州市	这里是日志信息......
2022-09-16 14:53:57.775603	[INFO]	orders_service.py	响应时间:677ms	重庆市	九龙坡区	这里是日志信息......
2022-09-16 14:53:57.775603	[INFO]	event.py	响应时间:863ms	天津市	和平区	这里是日志信息......
2022-09-16 14:53:57.775603	[INFO]	base_network.py	响应时间:645ms	湖南省	长沙市	这里是日志信息......
2022-09-16 14:53:57.775603	[WARN]	base_network.py	响应时间:175ms	重庆市	九龙坡区	这里是日志信息......
2022-09-16 14:53:57.775603	[WARN]	shop_manager.py	响应时间:873ms	天津市	河西区	这里是日志信息......
2022-09-16 14:53:57.775603	[INFO]	orders_service.py	响应时间:850ms	江苏省	常州市	这里是日志信息......
2022-09-16 14:53:57.775603	[INFO]	orders_service.py	响应时间:163ms	湖南省	长沙市	这里是日志信息......
2022-09-16 14:53:57.775603	[INFO]	event.py	响应时间:782ms	天津市	河东区	这里是日志信息......
2022-09-16 14:53:57.775603	[INFO]	goods_manager.py	响应时间:872ms	浙江省	湖州市	这里是日志信息......
2022-09-16 14:53:57.775603	[WARN]	barcode_service.py	响应时间:148ms	天津市	武清区	这里是日志信息......
2022-09-16 14:53:57.775603	[INFO]	goods_manager.py	响应时间:276ms	重庆市	南岸区	这里是日志信息......
2022-09-16 14:53:57.775603	[INFO]	event.py	响应时间:761ms	浙江省	嘉兴市	这里是日志信息......
2022-09-16 14:53:57.775603	[INFO]	goods_manager.py	响应时间:1ms	广东省	广州市	这里是日志信息......
2022-09-16 14:53:57.775603	[INFO]	event.py	响应时间:496ms	江苏省	南京市	这里是日志信息......
2022-09-16 14:53:57.775603	[INFO]	barcode_service.py	响应时间:424ms	山东省	青岛市	这里是日志信息......
2022-09-16 14:53:57.775603	[INFO]	barcode_service.py	响应时间:608ms	湖北省	武汉市	这里是日志信息......
2022-09-16 14:53:57.775603	[INFO]	goods_manager.py	响应时间:541ms	湖北省	武汉市	这里是日志信息......
2022-09-16 14:53:57.775603	[INFO]	event.py	响应时间:902ms	安徽省	芜湖市	这里是日志信息......
2022-09-16 14:53:57.775603	[INFO]	goods_manager.py	响应时间:368ms	山东省	青岛市	这里是日志信息......
2022-09-16 14:53:57.775603	[WARN]	base_network.py	响应时间:837ms	江苏省	南京市	这里是日志信息......
2022-09-16 14:53:57.775603	[WARN]	event.py	响应时间:572ms	湖南省	长沙市	这里是日志信息......
2022-09-16 14:53:57.775603	[INFO]	goods_manager.py	响应时间:199ms	广东省	深圳市	这里是日志信息......
2022-09-16 14:53:57.775603	[INFO]	goods_manager.py	响应时间:658ms	重庆市	涪陵区	这里是日志信息......
2022-09-16 14:53:57.775603	[WARN]	barcode_service.py	响应时间:50ms	山东省	济南市	这里是日志信息......
2022-09-16 14:53:57.775603	[INFO]	orders_service.py	响应时间:918ms	湖北省	武汉市	这里是日志信息......
2022-09-16 14:53:57.775603	[INFO]	event.py	响应时间:474ms	浙江省	舟山市	这里是日志信息......
2022-09-16 14:53:57.775603	[INFO]	orders_service.py	响应时间:936ms	浙江省	嘉兴市	这里是日志信息......
2022-09-16 14:53:57.775603	[INFO]	orders_service.py	响应时间:6589ms	广东省	深圳市	这里是日志信息......
2022-09-16 14:53:57.775603	[INFO]	orders_service.py	响应时间:603ms	浙江省	舟山市	这里是日志信息......
2022-09-16 14:53:57.775603	[INFO]	event.py	响应时间:884ms	安徽省	阜阳市	这里是日志信息......
2022-09-16 14:53:57.775603	[INFO]	goods_manager.py	响应时间:389ms	安徽省	合肥市	这里是日志信息......
2022-09-16 14:53:57.775603	[INFO]	goods_manager.py	响应时间:853ms	天津市	河西区	这里是日志信息......
2022-09-16 14:53:57.775603	[INFO]	event.py	响应时间:6938ms	安徽省	铜陵市	这里是日志信息......
2022-09-16 14:53:57.775603	[INFO]	goods_manager.py	响应时间:812ms	江苏省	南京市	这里是日志信息......
2022-09-16 14:53:57.775603	[INFO]	goods_manager.py	响应时间:952ms	江苏省	南京市	这里是日志信息......
2022-09-16 14:53:57.775603	[INFO]	orders_service.py	响应时间:352ms	浙江省	绍兴市	这里是日志信息......
2022-09-16 14:53:57.775603	[ERROR]	goods_manager.py	响应时间:5747ms	广东省	深圳市	这里是日志信息......
2022-09-16 14:53:57.775603	[WARN]	event.py	响应时间:2525ms	山东省	菏泽市	这里是日志信息......
2022-09-16 14:53:57.775603	[INFO]	orders_service.py	响应时间:690ms	重庆市	九龙坡区	这里是日志信息......
2022-09-16 14:53:57.775603	[INFO]	event.py	响应时间:53ms	重庆市	九龙坡区	这里是日志信息......
2022-09-16 14:53:57.775603	[INFO]	base_network.py	响应时间:279ms	湖北省	武汉市	这里是日志信息......
2022-09-16 14:53:57.775603	[INFO]	shop_manager.py	响应时间:979ms	江苏省	张家港市	这里是日志信息......
2022-09-16 14:53:57.775603	[INFO]	base_network.py	响应时间:455ms	重庆市	渝中区	这里是日志信息......
2022-09-16 14:53:57.775603	[ERROR]	goods_manager.py	响应时间:299ms	广东省	深圳市	这里是日志信息......
2022-09-16 14:53:57.775603	[INFO]	event.py	响应时间:939ms	重庆市	万州区	这里是日志信息......
2022-09-16 14:53:57.775603	[INFO]	orders_service.py	响应时间:236ms	湖南省	株洲市	这里是日志信息......
2022-09-16 14:53:57.775603	[INFO]	orders_service.py	响应时间:790ms	广东省	深圳市	这里是日志信息......
2022-09-16 14:53:57.775603	[INFO]	barcode_service.py	响应时间:387ms	山东省	青岛市	这里是日志信息......
2022-09-16 14:53:57.775603	[INFO]	orders_service.py	响应时间:610ms	湖北省	武汉市	这里是日志信息......
2022-09-16 14:53:57.775603	[INFO]	barcode_service.py	响应时间:937ms	重庆市	沙坪坝区	这里是日志信息......
2022-09-16 14:53:57.775603	[INFO]	goods_manager.py	响应时间:224ms	山东省	青岛市	这里是日志信息......
2022-09-16 14:53:57.775603	[INFO]	user_manager.py	响应时间:217ms	湖南省	株洲市	这里是日志信息......
2022-09-16 14:53:57.775603	[INFO]	event.py	响应时间:912ms	上海市	普陀区	这里是日志信息......
2022-09-16 14:53:57.775603	[INFO]	orders_service.py	响应时间:647ms	浙江省	湖州市	这里是日志信息......
2022-09-16 14:53:57.775603	[INFO]	orders_service.py	响应时间:6621ms	广东省	深圳市	这里是日志信息......
2022-09-16 14:53:57.775603	[INFO]	orders_service.py	响应时间:734ms	重庆市	南岸区	这里是日志信息......
2022-09-16 14:53:57.775603	[INFO]	event.py	响应时间:812ms	山东省	青岛市	这里是日志信息......
2022-09-16 14:53:57.775603	[INFO]	goods_manager.py	响应时间:25ms	安徽省	铜陵市	这里是日志信息......
2022-09-16 14:53:57.775603	[ERROR]	goods_manager.py	响应时间:769ms	浙江省	湖州市	这里是日志信息......
2022-09-16 14:53:57.775603	[INFO]	barcode_service.py	响应时间:557ms	广东省	深圳市	这里是日志信息......
2022-09-16 14:53:57.775603	[INFO]	event.py	响应时间:283ms	上海市	徐汇区	这里是日志信息......
2022-09-16 14:53:57.775603	[INFO]	user_manager.py	响应时间:178ms	安徽省	芜湖市	这里是日志信息......
2022-09-16 14:53:57.775603	[INFO]	goods_manager.py	响应时间:758ms	上海市	浦东新区	这里是日志信息......
2022-09-16 14:53:57.775603	[INFO]	orders_service.py	响应时间:569ms	天津市	宝坻区	这里是日志信息......
2022-09-16 14:53:57.776604	[INFO]	event.py	响应时间:391ms	重庆市	南岸区	这里是日志信息......
2022-09-16 14:53:57.776604	[INFO]	orders_service.py	响应时间:46ms	安徽省	池州市	这里是日志信息......
2022-09-16 14:53:57.776604	[WARN]	orders_service.py	响应时间:120ms	广东省	广州市	这里是日志信息......
2022-09-16 14:53:57.776604	[INFO]	goods_manager.py	响应时间:614ms	天津市	河西区	这里是日志信息......
2022-09-16 14:53:57.776604	[INFO]	orders_service.py	响应时间:160ms	浙江省	杭州市	这里是日志信息......
2022-09-16 14:53:57.776604	[INFO]	event.py	响应时间:484ms	浙江省	金华市	这里是日志信息......
2022-09-16 14:53:57.776604	[INFO]	orders_service.py	响应时间:884ms	湖南省	长沙市	这里是日志信息......
2022-09-16 14:53:57.776604	[INFO]	barcode_service.py	响应时间:11ms	湖北省	武汉市	这里是日志信息......
2022-09-16 14:53:57.776604	[WARN]	orders_service.py	响应时间:539ms	上海市	浦东新区	这里是日志信息......
2022-09-16 14:53:57.776604	[INFO]	user_manager.py	响应时间:6ms	广东省	深圳市	这里是日志信息......
2022-09-16 14:53:57.776604	[INFO]	barcode_service.py	响应时间:459ms	上海市	黄浦区	这里是日志信息......
2022-09-16 14:53:57.776604	[WARN]	barcode_service.py	响应时间:729ms	北京市	丰台区	这里是日志信息......
2022-09-16 14:53:57.776604	[INFO]	goods_manager.py	响应时间:312ms	北京市	海淀区	这里是日志信息......
2022-09-16 14:53:57.776604	[INFO]	goods_manager.py	响应时间:688ms	重庆市	万州区	这里是日志信息......
2022-09-16 14:53:57.776604	[INFO]	user_manager.py	响应时间:0ms	山东省	青岛市	这里是日志信息......
2022-09-16 14:53:57.776604	[INFO]	goods_manager.py	响应时间:14ms	安徽省	六安市	这里是日志信息......
2022-09-16 14:53:57.776604	[INFO]	base_network.py	响应时间:55ms	江苏省	南京市	这里是日志信息......
2022-09-16 14:53:57.776604	[INFO]	base_network.py	响应时间:407ms	上海市	宝山区	这里是日志信息......
2022-09-16 14:53:57.776604	[INFO]	orders_service.py	响应时间:776ms	山东省	菏泽市	这里是日志信息......
2022-09-16 14:53:57.776604	[INFO]	barcode_service.py	响应时间:6ms	重庆市	万州区	这里是日志信息......
2022-09-16 14:53:57.776604	[INFO]	goods_manager.py	响应时间:292ms	重庆市	渝中区	这里是日志信息......
2022-09-16 14:53:57.776604	[ERROR]	shop_manager.py	响应时间:900ms	江苏省	南京市	这里是日志信息......
2022-09-16 14:53:57.776604	[INFO]	shop_manager.py	响应时间:327ms	江苏省	南京市	这里是日志信息......
2022-09-16 14:53:57.776604	[WARN]	shop_manager.py	响应时间:874ms	湖南省	长沙市	这里是日志信息......
2022-09-16 14:53:57.776604	[INFO]	event.py	响应时间:343ms	北京市	丰台区	这里是日志信息......
2022-09-16 14:53:57.776604	[WARN]	event.py	响应时间:97ms	广东省	珠海市	这里是日志信息......
2022-09-16 14:53:57.776604	[INFO]	event.py	响应时间:253ms	山东省	青岛市	这里是日志信息......
2022-09-16 14:53:57.776604	[INFO]	user_manager.py	响应时间:110ms	安徽省	合肥市	这里是日志信息......
2022-09-16 14:53:57.776604	[INFO]	orders_service.py	响应时间:482ms	上海市	黄浦区	这里是日志信息......
2022-09-16 14:53:57.776604	[INFO]	user_manager.py	响应时间:626ms	北京市	丰台区	这里是日志信息......
2022-09-16 14:53:57.776604	[INFO]	orders_service.py	响应时间:17ms	浙江省	杭州市	这里是日志信息......
2022-09-16 14:53:57.776604	[WARN]	event.py	响应时间:822ms	上海市	宝山区	这里是日志信息......
2022-09-16 14:53:57.776604	[INFO]	goods_manager.py	响应时间:484ms	北京市	怀柔区	这里是日志信息......
2022-09-16 14:53:57.776604	[INFO]	event.py	响应时间:373ms	安徽省	阜阳市	这里是日志信息......
2022-09-16 14:53:57.776604	[INFO]	event.py	响应时间:224ms	湖南省	益阳市	这里是日志信息......
2022-09-16 14:53:57.776604	[INFO]	base_network.py	响应时间:130ms	广东省	深圳市	这里是日志信息......
2022-09-16 14:53:57.776604	[INFO]	shop_manager.py	响应时间:476ms	江苏省	常州市	这里是日志信息......
2022-09-16 14:53:57.776604	[INFO]	event.py	响应时间:315ms	上海市	浦东新区	这里是日志信息......
2022-09-16 14:53:57.776604	[INFO]	goods_manager.py	响应时间:948ms	广东省	广州市	这里是日志信息......
2022-09-16 14:53:57.776604	[INFO]	base_network.py	响应时间:518ms	山东省	青岛市	这里是日志信息......
2022-09-16 14:53:57.776604	[INFO]	goods_manager.py	响应时间:904ms	天津市	宝坻区	这里是日志信息......
2022-09-16 14:53:57.776604	[INFO]	shop_manager.py	响应时间:532ms	北京市	丰台区	这里是日志信息......
2022-09-16 14:53:57.776604	[INFO]	event.py	响应时间:605ms	浙江省	嘉兴市	这里是日志信息......
2022-09-16 14:53:57.776604	[INFO]	event.py	响应时间:8420ms	重庆市	南岸区	这里是日志信息......
2022-09-16 14:53:57.776604	[INFO]	barcode_service.py	响应时间:992ms	湖南省	长沙市	这里是日志信息......
2022-09-16 14:53:57.776604	[INFO]	user_manager.py	响应时间:363ms	上海市	黄浦区	这里是日志信息......
2022-09-16 14:53:57.776604	[INFO]	goods_manager.py	响应时间:599ms	山东省	青岛市	这里是日志信息......
2022-09-16 14:53:57.776604	[INFO]	event.py	响应时间:469ms	江苏省	无锡市	这里是日志信息......
2022-09-16 14:53:57.776604	[INFO]	goods_manager.py	响应时间:761ms	上海市	宝山区	这里是日志信息......
2022-09-16 14:53:57.776604	[INFO]	goods_manager.py	响应时间:314ms	湖南省	常德市	这里是日志信息......
2022-09-16 14:53:57.776604	[INFO]	user_manager.py	响应时间:856ms	广东省	深圳市	这里是日志信息......
2022-09-16 14:53:57.776604	[INFO]	base_network.py	响应时间:850ms	浙江省	舟山市	这里是日志信息......
2022-09-16 14:53:57.776604	[INFO]	event.py	响应时间:7084ms	江苏省	南京市	这里是日志信息......
2022-09-16 14:53:57.776604	[INFO]	orders_service.py	响应时间:967ms	浙江省	绍兴市	这里是日志信息......
2022-09-16 14:53:57.776604	[INFO]	base_network.py	响应时间:198ms	上海市	浦东新区	这里是日志信息......
2022-09-16 14:53:57.776604	[INFO]	orders_service.py	响应时间:177ms	湖南省	长沙市	这里是日志信息......
2022-09-16 14:53:57.776604	[INFO]	base_network.py	响应时间:582ms	安徽省	合肥市	这里是日志信息......
2022-09-16 14:53:57.776604	[INFO]	barcode_service.py	响应时间:894ms	湖北省	荆州市	这里是日志信息......
2022-09-16 14:53:57.776604	[WARN]	event.py	响应时间:124ms	安徽省	芜湖市	这里是日志信息......
2022-09-16 14:53:57.776604	[INFO]	user_manager.py	响应时间:469ms	湖南省	长沙市	这里是日志信息......
2022-09-16 14:53:57.776604	[INFO]	event.py	响应时间:227ms	北京市	朝阳区	这里是日志信息......
2022-09-16 14:53:57.776604	[INFO]	barcode_service.py	响应时间:770ms	浙江省	杭州市	这里是日志信息......
2022-09-16 14:53:57.776604	[INFO]	user_manager.py	响应时间:93ms	上海市	黄浦区	这里是日志信息......
2022-09-16 14:53:57.776604	[INFO]	event.py	响应时间:792ms	北京市	昌平区	这里是日志信息......
2022-09-16 14:53:57.776604	[INFO]	goods_manager.py	响应时间:790ms	山东省	青岛市	这里是日志信息......
2022-09-16 14:53:57.776604	[INFO]	orders_service.py	响应时间:17ms	广东省	广州市	这里是日志信息......
2022-09-16 14:53:57.776604	[INFO]	barcode_service.py	响应时间:554ms	湖北省	十堰市	这里是日志信息......
2022-09-16 14:53:57.776604	[INFO]	event.py	响应时间:958ms	湖北省	荆州市	这里是日志信息......
2022-09-16 14:53:57.776604	[INFO]	goods_manager.py	响应时间:542ms	湖南省	长沙市	这里是日志信息......
2022-09-16 14:53:57.776604	[INFO]	shop_manager.py	响应时间:496ms	湖南省	长沙市	这里是日志信息......
2022-09-16 14:53:57.776604	[INFO]	event.py	响应时间:798ms	山东省	青岛市	这里是日志信息......
2022-09-16 14:53:57.776604	[INFO]	orders_service.py	响应时间:108ms	北京市	怀柔区	这里是日志信息......
2022-09-16 14:53:57.776604	[INFO]	event.py	响应时间:255ms	浙江省	丽水市	这里是日志信息......
2022-09-16 14:53:57.776604	[WARN]	orders_service.py	响应时间:447ms	湖北省	武汉市	这里是日志信息......
2022-09-16 14:53:57.776604	[INFO]	event.py	响应时间:292ms	重庆市	九龙坡区	这里是日志信息......
2022-09-16 14:53:57.777604	[INFO]	goods_manager.py	响应时间:857ms	北京市	海淀区	这里是日志信息......
2022-09-16 14:53:57.777604	[INFO]	event.py	响应时间:530ms	天津市	宝坻区	这里是日志信息......
2022-09-16 14:53:57.777604	[INFO]	orders_service.py	响应时间:300ms	重庆市	涪陵区	这里是日志信息......
2022-09-16 14:53:57.777604	[WARN]	orders_service.py	响应时间:230ms	北京市	怀柔区	这里是日志信息......
2022-09-16 14:53:57.777604	[INFO]	base_network.py	响应时间:787ms	天津市	河西区	这里是日志信息......
2022-09-16 14:53:57.777604	[INFO]	goods_manager.py	响应时间:878ms	湖北省	恩施土家族苗族自治州	这里是日志信息......
2022-09-16 14:53:57.777604	[INFO]	goods_manager.py	响应时间:185ms	湖南省	长沙市	这里是日志信息......
2022-09-16 14:53:57.777604	[INFO]	orders_service.py	响应时间:585ms	安徽省	阜阳市	这里是日志信息......
2022-09-16 14:53:57.777604	[INFO]	event.py	响应时间:735ms	浙江省	杭州市	这里是日志信息......
2022-09-16 14:53:57.777604	[INFO]	event.py	响应时间:817ms	湖北省	恩施土家族苗族自治州	这里是日志信息......
2022-09-16 14:53:57.777604	[INFO]	event.py	响应时间:594ms	广东省	广州市	这里是日志信息......
2022-09-16 14:53:57.777604	[INFO]	goods_manager.py	响应时间:838ms	天津市	武清区	这里是日志信息......
2022-09-16 14:53:57.777604	[INFO]	orders_service.py	响应时间:518ms	北京市	海淀区	这里是日志信息......
2022-09-16 14:53:57.777604	[WARN]	shop_manager.py	响应时间:57ms	江苏省	宿迁市	这里是日志信息......
2022-09-16 14:53:57.777604	[WARN]	event.py	响应时间:625ms	安徽省	合肥市	这里是日志信息......
2022-09-16 14:53:57.777604	[INFO]	orders_service.py	响应时间:144ms	浙江省	嘉兴市	这里是日志信息......
2022-09-16 14:53:57.777604	[INFO]	orders_service.py	响应时间:761ms	山东省	青岛市	这里是日志信息......
2022-09-16 14:53:57.777604	[INFO]	barcode_service.py	响应时间:463ms	北京市	朝阳区	这里是日志信息......
2022-09-16 14:53:57.777604	[INFO]	orders_service.py	响应时间:635ms	上海市	黄浦区	这里是日志信息......
2022-09-16 14:53:57.777604	[INFO]	goods_manager.py	响应时间:881ms	北京市	丰台区	这里是日志信息......
2022-09-16 14:53:57.777604	[INFO]	goods_manager.py	响应时间:5282ms	北京市	朝阳区	这里是日志信息......
2022-09-16 14:53:57.777604	[INFO]	goods_manager.py	响应时间:239ms	安徽省	铜陵市	这里是日志信息......
2022-09-16 14:53:57.777604	[INFO]	orders_service.py	响应时间:541ms	湖北省	武汉市	这里是日志信息......
2022-09-16 14:53:57.777604	[INFO]	base_network.py	响应时间:950ms	安徽省	六安市	这里是日志信息......
2022-09-16 14:53:57.777604	[INFO]	event.py	响应时间:666ms	江苏省	南京市	这里是日志信息......
2022-09-16 14:53:57.777604	[INFO]	event.py	响应时间:914ms	安徽省	铜陵市	这里是日志信息......
2022-09-16 14:53:57.777604	[ERROR]	goods_manager.py	响应时间:485ms	北京市	海淀区	这里是日志信息......
2022-09-16 14:53:57.777604	[INFO]	event.py	响应时间:565ms	湖北省	恩施土家族苗族自治州	这里是日志信息......
2022-09-16 14:53:57.777604	[INFO]	barcode_service.py	响应时间:862ms	重庆市	南岸区	这里是日志信息......
2022-09-16 14:53:57.777604	[INFO]	orders_service.py	响应时间:939ms	重庆市	渝中区	这里是日志信息......
2022-09-16 14:53:57.777604	[INFO]	base_network.py	响应时间:389ms	广东省	深圳市	这里是日志信息......
2022-09-16 14:53:57.777604	[INFO]	orders_service.py	响应时间:190ms	湖南省	长沙市	这里是日志信息......
2022-09-16 14:53:57.777604	[INFO]	event.py	响应时间:709ms	北京市	丰台区	这里是日志信息......
2022-09-16 14:53:57.777604	[WARN]	orders_service.py	响应时间:644ms	天津市	武清区	这里是日志信息......
2022-09-16 14:53:57.777604	[INFO]	goods_manager.py	响应时间:285ms	浙江省	绍兴市	这里是日志信息......
2022-09-16 14:53:57.777604	[INFO]	orders_service.py	响应时间:411ms	山东省	青岛市	这里是日志信息......
2022-09-16 14:53:57.777604	[INFO]	event.py	响应时间:593ms	上海市	徐汇区	这里是日志信息......
2022-09-16 14:53:57.777604	[INFO]	shop_manager.py	响应时间:608ms	广东省	深圳市	这里是日志信息......
2022-09-16 14:53:57.777604	[INFO]	orders_service.py	响应时间:245ms	北京市	海淀区	这里是日志信息......
2022-09-16 14:53:57.777604	[INFO]	user_manager.py	响应时间:923ms	江苏省	苏州市	这里是日志信息......
2022-09-16 14:53:57.777604	[INFO]	base_network.py	响应时间:360ms	江苏省	南京市	这里是日志信息......
2022-09-16 14:53:57.777604	[ERROR]	goods_manager.py	响应时间:110ms	江苏省	常州市	这里是日志信息......
2022-09-16 14:53:57.777604	[INFO]	barcode_service.py	响应时间:208ms	广东省	广州市	这里是日志信息......
2022-09-16 14:53:57.777604	[INFO]	goods_manager.py	响应时间:463ms	广东省	深圳市	这里是日志信息......
2022-09-16 14:53:57.777604	[INFO]	orders_service.py	响应时间:149ms	重庆市	九龙坡区	这里是日志信息......
2022-09-16 14:53:57.777604	[INFO]	orders_service.py	响应时间:483ms	广东省	广州市	这里是日志信息......
2022-09-16 14:53:57.777604	[INFO]	user_manager.py	响应时间:170ms	安徽省	阜阳市	这里是日志信息......
2022-09-16 14:53:57.777604	[INFO]	goods_manager.py	响应时间:384ms	江苏省	宿迁市	这里是日志信息......
2022-09-16 14:53:57.777604	[INFO]	event.py	响应时间:857ms	北京市	昌平区	这里是日志信息......
2022-09-16 14:53:57.777604	[INFO]	barcode_service.py	响应时间:975ms	天津市	和平区	这里是日志信息......
2022-09-16 14:53:57.777604	[INFO]	event.py	响应时间:648ms	湖北省	武汉市	这里是日志信息......
2022-09-16 14:53:57.777604	[INFO]	goods_manager.py	响应时间:906ms	江苏省	南京市	这里是日志信息......
2022-09-16 14:53:57.777604	[INFO]	goods_manager.py	响应时间:785ms	安徽省	合肥市	这里是日志信息......
2022-09-16 14:53:57.777604	[ERROR]	orders_service.py	响应时间:769ms	江苏省	南京市	这里是日志信息......
2022-09-16 14:53:57.777604	[INFO]	goods_manager.py	响应时间:940ms	山东省	济南市	这里是日志信息......
2022-09-16 14:53:57.777604	[ERROR]	goods_manager.py	响应时间:4291ms	江苏省	南京市	这里是日志信息......
2022-09-16 14:53:57.777604	[INFO]	shop_manager.py	响应时间:459ms	湖南省	长沙市	这里是日志信息......
2022-09-16 14:53:57.777604	[INFO]	event.py	响应时间:749ms	湖南省	张家界市	这里是日志信息......
2022-09-16 14:53:57.777604	[ERROR]	user_manager.py	响应时间:921ms	江苏省	南京市	这里是日志信息......
2022-09-16 14:53:57.777604	[INFO]	goods_manager.py	响应时间:845ms	广东省	广州市	这里是日志信息......
2022-09-16 14:53:57.777604	[WARN]	event.py	响应时间:628ms	北京市	海淀区	这里是日志信息......
2022-09-16 14:53:57.777604	[INFO]	orders_service.py	响应时间:51ms	北京市	昌平区	这里是日志信息......
2022-09-16 14:53:57.777604	[INFO]	orders_service.py	响应时间:712ms	北京市	朝阳区	这里是日志信息......
2022-09-16 14:53:57.777604	[WARN]	user_manager.py	响应时间:169ms	广东省	深圳市	这里是日志信息......
2022-09-16 14:53:57.777604	[INFO]	barcode_service.py	响应时间:980ms	安徽省	合肥市	这里是日志信息......
2022-09-16 14:53:57.777604	[INFO]	event.py	响应时间:531ms	重庆市	万州区	这里是日志信息......
2022-09-16 14:53:57.777604	[INFO]	event.py	响应时间:322ms	湖南省	长沙市	这里是日志信息......
2022-09-16 14:53:57.777604	[INFO]	base_network.py	响应时间:201ms	山东省	青岛市	这里是日志信息......
2022-09-16 14:53:57.777604	[INFO]	user_manager.py	响应时间:436ms	重庆市	南岸区	这里是日志信息......
2022-09-16 14:53:57.777604	[ERROR]	event.py	响应时间:729ms	山东省	济南市	这里是日志信息......
2022-09-16 14:53:57.777604	[INFO]	goods_manager.py	响应时间:828ms	天津市	宝坻区	这里是日志信息......
2022-09-16 14:53:57.777604	[INFO]	user_manager.py	响应时间:997ms	广东省	深圳市	这里是日志信息......
2022-09-16 14:53:57.777604	[INFO]	user_manager.py	响应时间:249ms	湖北省	荆州市	这里是日志信息......
2022-09-16 14:53:57.778604	[INFO]	base_network.py	响应时间:192ms	浙江省	杭州市	这里是日志信息......
2022-09-16 14:53:57.778604	[INFO]	goods_manager.py	响应时间:515ms	上海市	静安区	这里是日志信息......
2022-09-16 14:53:57.778604	[INFO]	goods_manager.py	响应时间:366ms	天津市	和平区	这里是日志信息......
2022-09-16 14:53:57.778604	[WARN]	barcode_service.py	响应时间:424ms	天津市	宝坻区	这里是日志信息......
2022-09-16 14:53:57.778604	[INFO]	user_manager.py	响应时间:317ms	湖南省	长沙市	这里是日志信息......
2022-09-16 14:53:57.778604	[WARN]	barcode_service.py	响应时间:229ms	天津市	宝坻区	这里是日志信息......
2022-09-16 14:53:57.778604	[INFO]	orders_service.py	响应时间:787ms	山东省	青岛市	这里是日志信息......
2022-09-16 14:53:57.778604	[INFO]	goods_manager.py	响应时间:105ms	湖南省	长沙市	这里是日志信息......
2022-09-16 14:53:57.778604	[ERROR]	user_manager.py	响应时间:412ms	湖南省	株洲市	这里是日志信息......
2022-09-16 14:53:57.778604	[INFO]	orders_service.py	响应时间:763ms	湖南省	张家界市	这里是日志信息......
2022-09-16 14:53:57.778604	[INFO]	goods_manager.py	响应时间:294ms	湖北省	荆州市	这里是日志信息......
2022-09-16 14:53:57.778604	[INFO]	barcode_service.py	响应时间:189ms	湖南省	长沙市	这里是日志信息......
2022-09-16 14:53:57.778604	[INFO]	goods_manager.py	响应时间:84ms	天津市	和平区	这里是日志信息......
2022-09-16 14:53:57.778604	[INFO]	event.py	响应时间:209ms	广东省	珠海市	这里是日志信息......
2022-09-16 14:53:57.778604	[WARN]	barcode_service.py	响应时间:568ms	江苏省	无锡市	这里是日志信息......
2022-09-16 14:53:57.778604	[INFO]	orders_service.py	响应时间:745ms	北京市	海淀区	这里是日志信息......
2022-09-16 14:53:57.778604	[INFO]	barcode_service.py	响应时间:698ms	湖南省	长沙市	这里是日志信息......
2022-09-16 14:53:57.778604	[WARN]	user_manager.py	响应时间:745ms	浙江省	舟山市	这里是日志信息......
2022-09-16 14:53:57.778604	[INFO]	goods_manager.py	响应时间:180ms	北京市	海淀区	这里是日志信息......
2022-09-16 14:53:57.778604	[INFO]	event.py	响应时间:81ms	广东省	广州市	这里是日志信息......
2022-09-16 14:53:57.778604	[INFO]	user_manager.py	响应时间:850ms	江苏省	张家港市	这里是日志信息......
2022-09-16 14:53:57.778604	[INFO]	barcode_service.py	响应时间:819ms	山东省	菏泽市	这里是日志信息......
2022-09-16 14:53:57.778604	[INFO]	goods_manager.py	响应时间:810ms	重庆市	万州区	这里是日志信息......
2022-09-16 14:53:57.778604	[INFO]	orders_service.py	响应时间:296ms	重庆市	渝中区	这里是日志信息......
2022-09-16 14:53:57.778604	[INFO]	goods_manager.py	响应时间:668ms	重庆市	涪陵区	这里是日志信息......
2022-09-16 14:53:57.778604	[INFO]	base_network.py	响应时间:992ms	北京市	大兴区	这里是日志信息......
2022-09-16 14:53:57.778604	[INFO]	orders_service.py	响应时间:687ms	安徽省	合肥市	这里是日志信息......
2022-09-16 14:53:57.778604	[INFO]	goods_manager.py	响应时间:801ms	重庆市	沙坪坝区	这里是日志信息......
2022-09-16 14:53:57.778604	[INFO]	barcode_service.py	响应时间:240ms	山东省	济南市	这里是日志信息......
2022-09-16 14:53:57.778604	[WARN]	goods_manager.py	响应时间:654ms	天津市	宝坻区	这里是日志信息......
2022-09-16 14:53:57.778604	[INFO]	orders_service.py	响应时间:780ms	天津市	宝坻区	这里是日志信息......
2022-09-16 14:53:57.778604	[INFO]	barcode_service.py	响应时间:313ms	北京市	海淀区	这里是日志信息......
2022-09-16 14:53:57.778604	[INFO]	event.py	响应时间:469ms	江苏省	张家港市	这里是日志信息......
2022-09-16 14:53:57.778604	[INFO]	event.py	响应时间:592ms	上海市	宝山区	这里是日志信息......
2022-09-16 14:53:57.778604	[WARN]	goods_manager.py	响应时间:788ms	安徽省	池州市	这里是日志信息......
2022-09-16 14:53:57.778604	[INFO]	orders_service.py	响应时间:804ms	江苏省	常州市	这里是日志信息......
2022-09-16 14:53:57.778604	[INFO]	orders_service.py	响应时间:260ms	上海市	宝山区	这里是日志信息......
2022-09-16 14:53:57.778604	[INFO]	shop_manager.py	响应时间:549ms	湖北省	十堰市	这里是日志信息......
2022-09-16 14:53:57.778604	[WARN]	orders_service.py	响应时间:417ms	浙江省	金华市	这里是日志信息......
2022-09-16 14:53:57.778604	[INFO]	barcode_service.py	响应时间:14ms	重庆市	涪陵区	这里是日志信息......
2022-09-16 14:53:57.778604	[WARN]	goods_manager.py	响应时间:689ms	重庆市	沙坪坝区	这里是日志信息......
2022-09-16 14:53:57.778604	[INFO]	goods_manager.py	响应时间:1ms	安徽省	阜阳市	这里是日志信息......
2022-09-16 14:53:57.778604	[WARN]	orders_service.py	响应时间:277ms	天津市	宝坻区	这里是日志信息......
2022-09-16 14:53:57.778604	[INFO]	goods_manager.py	响应时间:136ms	天津市	宝坻区	这里是日志信息......
2022-09-16 14:53:57.778604	[WARN]	barcode_service.py	响应时间:899ms	江苏省	南京市	这里是日志信息......
2022-09-16 14:53:57.778604	[INFO]	event.py	响应时间:76ms	浙江省	杭州市	这里是日志信息......
2022-09-16 14:53:57.778604	[INFO]	barcode_service.py	响应时间:102ms	湖北省	十堰市	这里是日志信息......
2022-09-16 14:53:57.778604	[INFO]	goods_manager.py	响应时间:515ms	广东省	广州市	这里是日志信息......
2022-09-16 14:53:57.778604	[INFO]	event.py	响应时间:319ms	北京市	海淀区	这里是日志信息......
2022-09-16 14:53:57.778604	[INFO]	base_network.py	响应时间:366ms	湖南省	长沙市	这里是日志信息......
2022-09-16 14:53:57.778604	[WARN]	shop_manager.py	响应时间:502ms	北京市	丰台区	这里是日志信息......
2022-09-16 14:53:57.778604	[INFO]	event.py	响应时间:6ms	湖南省	长沙市	这里是日志信息......
2022-09-16 14:53:57.778604	[INFO]	goods_manager.py	响应时间:724ms	湖北省	武汉市	这里是日志信息......
2022-09-16 14:53:57.778604	[WARN]	event.py	响应时间:472ms	江苏省	苏州市	这里是日志信息......
2022-09-16 14:53:57.778604	[WARN]	user_manager.py	响应时间:432ms	山东省	济南市	这里是日志信息......
2022-09-16 14:53:57.778604	[INFO]	shop_manager.py	响应时间:945ms	重庆市	涪陵区	这里是日志信息......
2022-09-16 14:53:57.778604	[INFO]	goods_manager.py	响应时间:450ms	山东省	青岛市	这里是日志信息......
2022-09-16 14:53:57.778604	[INFO]	base_network.py	响应时间:240ms	重庆市	南岸区	这里是日志信息......
2022-09-16 14:53:57.778604	[ERROR]	barcode_service.py	响应时间:381ms	天津市	宝坻区	这里是日志信息......
2022-09-16 14:53:57.778604	[INFO]	user_manager.py	响应时间:165ms	北京市	朝阳区	这里是日志信息......
2022-09-16 14:53:57.778604	[INFO]	orders_service.py	响应时间:305ms	广东省	珠海市	这里是日志信息......
2022-09-16 14:53:57.778604	[INFO]	goods_manager.py	响应时间:133ms	重庆市	南岸区	这里是日志信息......
2022-09-16 14:53:57.778604	[WARN]	shop_manager.py	响应时间:796ms	浙江省	丽水市	这里是日志信息......
2022-09-16 14:53:57.778604	[INFO]	orders_service.py	响应时间:54ms	重庆市	九龙坡区	这里是日志信息......
2022-09-16 14:53:57.778604	[INFO]	goods_manager.py	响应时间:730ms	江苏省	宿迁市	这里是日志信息......
2022-09-16 14:53:57.778604	[INFO]	event.py	响应时间:66ms	北京市	海淀区	这里是日志信息......
2022-09-16 14:53:57.778604	[INFO]	user_manager.py	响应时间:462ms	天津市	宝坻区	这里是日志信息......
2022-09-16 14:53:57.778604	[WARN]	goods_manager.py	响应时间:554ms	北京市	朝阳区	这里是日志信息......
2022-09-16 14:53:57.778604	[INFO]	user_manager.py	响应时间:828ms	上海市	杨浦区	这里是日志信息......
2022-09-16 14:53:57.778604	[INFO]	event.py	响应时间:810ms	江苏省	苏州市	这里是日志信息......
2022-09-16 14:53:57.778604	[INFO]	goods_manager.py	响应时间:83ms	湖北省	恩施土家族苗族自治州	这里是日志信息......
2022-09-16 14:53:57.778604	[INFO]	goods_manager.py	响应时间:130ms	重庆市	沙坪坝区	这里是日志信息......
2022-09-16 14:53:57.778604	[WARN]	goods_manager.py	响应时间:283ms	浙江省	绍兴市	这里是日志信息......
2022-09-16 14:53:57.778604	[WARN]	base_network.py	响应时间:758ms	山东省	青岛市	这里是日志信息......
2022-09-16 14:53:57.778604	[INFO]	event.py	响应时间:972ms	浙江省	杭州市	这里是日志信息......
2022-09-16 14:53:57.779604	[INFO]	shop_manager.py	响应时间:6488ms	重庆市	沙坪坝区	这里是日志信息......
2022-09-16 14:53:57.779604	[INFO]	goods_manager.py	响应时间:774ms	湖北省	十堰市	这里是日志信息......
2022-09-16 14:53:57.779604	[INFO]	barcode_service.py	响应时间:966ms	山东省	青岛市	这里是日志信息......
2022-09-16 14:53:57.779604	[INFO]	barcode_service.py	响应时间:2ms	江苏省	南京市	这里是日志信息......
2022-09-16 14:53:57.779604	[INFO]	event.py	响应时间:581ms	浙江省	杭州市	这里是日志信息......
2022-09-16 14:53:57.779604	[INFO]	shop_manager.py	响应时间:543ms	浙江省	湖州市	这里是日志信息......
2022-09-16 14:53:57.779604	[WARN]	orders_service.py	响应时间:98ms	重庆市	万州区	这里是日志信息......
2022-09-16 14:53:57.779604	[INFO]	orders_service.py	响应时间:769ms	湖南省	常德市	这里是日志信息......
2022-09-16 14:53:57.779604	[INFO]	orders_service.py	响应时间:748ms	重庆市	南岸区	这里是日志信息......
2022-09-16 14:53:57.779604	[ERROR]	user_manager.py	响应时间:132ms	湖南省	长沙市	这里是日志信息......
2022-09-16 14:53:57.779604	[INFO]	shop_manager.py	响应时间:38ms	北京市	怀柔区	这里是日志信息......
2022-09-16 14:53:57.779604	[WARN]	barcode_service.py	响应时间:628ms	重庆市	万州区	这里是日志信息......
2022-09-16 14:53:57.779604	[INFO]	goods_manager.py	响应时间:668ms	江苏省	常州市	这里是日志信息......
2022-09-16 14:53:57.779604	[INFO]	base_network.py	响应时间:404ms	安徽省	阜阳市	这里是日志信息......
2022-09-16 14:53:57.779604	[INFO]	event.py	响应时间:639ms	湖北省	武汉市	这里是日志信息......
2022-09-16 14:53:57.779604	[INFO]	goods_manager.py	响应时间:104ms	上海市	浦东新区	这里是日志信息......
2022-09-16 14:53:57.779604	[INFO]	event.py	响应时间:904ms	广东省	深圳市	这里是日志信息......
2022-09-16 14:53:57.779604	[INFO]	shop_manager.py	响应时间:64ms	天津市	和平区	这里是日志信息......
2022-09-16 14:53:57.779604	[INFO]	goods_manager.py	响应时间:323ms	广东省	深圳市	这里是日志信息......
2022-09-16 14:53:57.779604	[INFO]	orders_service.py	响应时间:686ms	湖北省	武汉市	这里是日志信息......
2022-09-16 14:53:57.779604	[INFO]	user_manager.py	响应时间:602ms	湖北省	武汉市	这里是日志信息......
2022-09-16 14:53:57.779604	[INFO]	goods_manager.py	响应时间:62ms	浙江省	杭州市	这里是日志信息......
2022-09-16 14:53:57.779604	[INFO]	event.py	响应时间:501ms	天津市	宝坻区	这里是日志信息......
2022-09-16 14:53:57.779604	[INFO]	event.py	响应时间:906ms	广东省	深圳市	这里是日志信息......
2022-09-16 14:53:57.779604	[INFO]	event.py	响应时间:937ms	上海市	浦东新区	这里是日志信息......
2022-09-16 14:53:57.779604	[INFO]	user_manager.py	响应时间:276ms	浙江省	丽水市	这里是日志信息......
2022-09-16 14:53:57.779604	[INFO]	user_manager.py	响应时间:885ms	湖南省	长沙市	这里是日志信息......
2022-09-16 14:53:57.779604	[INFO]	orders_service.py	响应时间:210ms	安徽省	铜陵市	这里是日志信息......
2022-09-16 14:53:57.779604	[WARN]	goods_manager.py	响应时间:6858ms	北京市	大兴区	这里是日志信息......
2022-09-16 14:53:57.779604	[ERROR]	orders_service.py	响应时间:406ms	安徽省	芜湖市	这里是日志信息......
2022-09-16 14:53:57.779604	[INFO]	user_manager.py	响应时间:118ms	安徽省	铜陵市	这里是日志信息......
2022-09-16 14:53:57.779604	[INFO]	goods_manager.py	响应时间:913ms	广东省	广州市	这里是日志信息......
2022-09-16 14:53:57.779604	[INFO]	goods_manager.py	响应时间:70ms	浙江省	舟山市	这里是日志信息......
2022-09-16 14:53:57.779604	[INFO]	goods_manager.py	响应时间:7267ms	上海市	黄浦区	这里是日志信息......
2022-09-16 14:53:57.779604	[INFO]	barcode_service.py	响应时间:166ms	天津市	和平区	这里是日志信息......
2022-09-16 14:53:57.779604	[WARN]	orders_service.py	响应时间:469ms	广东省	珠海市	这里是日志信息......
2022-09-16 14:53:57.779604	[INFO]	goods_manager.py	响应时间:928ms	广东省	深圳市	这里是日志信息......
2022-09-16 14:53:57.779604	[WARN]	goods_manager.py	响应时间:102ms	重庆市	九龙坡区	这里是日志信息......
2022-09-16 14:53:57.779604	[INFO]	base_network.py	响应时间:5480ms	浙江省	绍兴市	这里是日志信息......
2022-09-16 14:53:57.779604	[INFO]	barcode_service.py	响应时间:880ms	广东省	深圳市	这里是日志信息......
2022-09-16 14:53:57.779604	[INFO]	barcode_service.py	响应时间:135ms	江苏省	无锡市	这里是日志信息......
2022-09-16 14:53:57.779604	[WARN]	user_manager.py	响应时间:666ms	北京市	海淀区	这里是日志信息......
2022-09-16 14:53:57.779604	[INFO]	barcode_service.py	响应时间:471ms	安徽省	铜陵市	这里是日志信息......
2022-09-16 14:53:57.779604	[INFO]	orders_service.py	响应时间:524ms	上海市	杨浦区	这里是日志信息......
2022-09-16 14:53:57.779604	[INFO]	goods_manager.py	响应时间:206ms	天津市	河西区	这里是日志信息......
2022-09-16 14:53:57.779604	[WARN]	barcode_service.py	响应时间:366ms	山东省	青岛市	这里是日志信息......
2022-09-16 14:53:57.779604	[INFO]	user_manager.py	响应时间:30ms	江苏省	南京市	这里是日志信息......
2022-09-16 14:53:57.779604	[INFO]	user_manager.py	响应时间:744ms	上海市	徐汇区	这里是日志信息......
2022-09-16 14:53:57.779604	[INFO]	goods_manager.py	响应时间:123ms	北京市	朝阳区	这里是日志信息......
2022-09-16 14:53:57.779604	[INFO]	barcode_service.py	响应时间:992ms	北京市	海淀区	这里是日志信息......
2022-09-16 14:53:57.779604	[INFO]	base_network.py	响应时间:876ms	北京市	朝阳区	这里是日志信息......
2022-09-16 14:53:57.779604	[INFO]	goods_manager.py	响应时间:492ms	湖南省	长沙市	这里是日志信息......
2022-09-16 14:53:57.779604	[INFO]	event.py	响应时间:997ms	山东省	济南市	这里是日志信息......
2022-09-16 14:53:57.779604	[INFO]	user_manager.py	响应时间:760ms	湖北省	武汉市	这里是日志信息......
2022-09-16 14:53:57.779604	[ERROR]	user_manager.py	响应时间:70ms	湖北省	武汉市	这里是日志信息......
2022-09-16 14:53:57.779604	[INFO]	barcode_service.py	响应时间:24ms	湖北省	恩施土家族苗族自治州	这里是日志信息......
2022-09-16 14:53:57.779604	[INFO]	base_network.py	响应时间:323ms	山东省	青岛市	这里是日志信息......
2022-09-16 14:53:57.779604	[INFO]	goods_manager.py	响应时间:44ms	湖南省	长沙市	这里是日志信息......
2022-09-16 14:53:57.779604	[INFO]	orders_service.py	响应时间:955ms	重庆市	万州区	这里是日志信息......
2022-09-16 14:53:57.779604	[WARN]	goods_manager.py	响应时间:67ms	湖北省	武汉市	这里是日志信息......
2022-09-16 14:53:57.779604	[INFO]	event.py	响应时间:687ms	湖南省	长沙市	这里是日志信息......
2022-09-16 14:53:57.779604	[WARN]	goods_manager.py	响应时间:127ms	浙江省	舟山市	这里是日志信息......
2022-09-16 14:53:57.779604	[INFO]	event.py	响应时间:69ms	浙江省	绍兴市	这里是日志信息......
2022-09-16 14:53:57.779604	[INFO]	goods_manager.py	响应时间:569ms	湖北省	恩施土家族苗族自治州	这里是日志信息......
2022-09-16 14:53:57.779604	[INFO]	goods_manager.py	响应时间:908ms	上海市	普陀区	这里是日志信息......
2022-09-16 14:53:57.779604	[WARN]	shop_manager.py	响应时间:538ms	北京市	海淀区	这里是日志信息......
2022-09-16 14:53:57.779604	[INFO]	goods_manager.py	响应时间:412ms	广东省	广州市	这里是日志信息......
2022-09-16 14:53:57.779604	[INFO]	barcode_service.py	响应时间:681ms	湖北省	恩施土家族苗族自治州	这里是日志信息......
2022-09-16 14:53:57.779604	[INFO]	shop_manager.py	响应时间:200ms	上海市	浦东新区	这里是日志信息......
2022-09-16 14:53:57.779604	[INFO]	goods_manager.py	响应时间:733ms	广东省	广州市	这里是日志信息......
2022-09-16 14:53:57.779604	[INFO]	goods_manager.py	响应时间:629ms	湖南省	长沙市	这里是日志信息......
2022-09-16 14:53:57.780605	[INFO]	event.py	响应时间:516ms	山东省	青岛市	这里是日志信息......
2022-09-16 14:53:57.780605	[INFO]	orders_service.py	响应时间:910ms	天津市	武清区	这里是日志信息......
2022-09-16 14:53:57.780605	[INFO]	event.py	响应时间:638ms	江苏省	宿迁市	这里是日志信息......
2022-09-16 14:53:57.780605	[INFO]	event.py	响应时间:677ms	浙江省	湖州市	这里是日志信息......
2022-09-16 14:53:57.780605	[INFO]	orders_service.py	响应时间:38ms	广东省	深圳市	这里是日志信息......
2022-09-16 14:53:57.780605	[INFO]	shop_manager.py	响应时间:316ms	重庆市	渝中区	这里是日志信息......
2022-09-16 14:53:57.780605	[WARN]	orders_service.py	响应时间:517ms	重庆市	万州区	这里是日志信息......
2022-09-16 14:53:57.780605	[INFO]	event.py	响应时间:520ms	上海市	黄浦区	这里是日志信息......
2022-09-16 14:53:57.780605	[INFO]	event.py	响应时间:802ms	浙江省	嘉兴市	这里是日志信息......
2022-09-16 14:53:57.780605	[INFO]	goods_manager.py	响应时间:502ms	湖南省	长沙市	这里是日志信息......
2022-09-16 14:53:57.780605	[INFO]	orders_service.py	响应时间:996ms	天津市	宝坻区	这里是日志信息......
2022-09-16 14:53:57.780605	[INFO]	goods_manager.py	响应时间:111ms	天津市	宝坻区	这里是日志信息......
2022-09-16 14:53:57.780605	[INFO]	user_manager.py	响应时间:450ms	山东省	济南市	这里是日志信息......
2022-09-16 14:53:57.780605	[INFO]	shop_manager.py	响应时间:656ms	山东省	菏泽市	这里是日志信息......
2022-09-16 14:53:57.780605	[INFO]	user_manager.py	响应时间:715ms	重庆市	万州区	这里是日志信息......
2022-09-16 14:53:57.780605	[INFO]	goods_manager.py	响应时间:904ms	重庆市	万州区	这里是日志信息......
2022-09-16 14:53:57.780605	[INFO]	orders_service.py	响应时间:833ms	江苏省	常州市	这里是日志信息......
2022-09-16 14:53:57.780605	[ERROR]	goods_manager.py	响应时间:904ms	浙江省	嘉兴市	这里是日志信息......
2022-09-16 14:53:57.780605	[WARN]	event.py	响应时间:550ms	山东省	济南市	这里是日志信息......
2022-09-16 14:53:57.780605	[INFO]	event.py	响应时间:404ms	北京市	海淀区	这里是日志信息......
2022-09-16 14:53:57.780605	[INFO]	goods_manager.py	响应时间:17ms	广东省	深圳市	这里是日志信息......
2022-09-16 14:53:57.780605	[INFO]	event.py	响应时间:432ms	上海市	普陀区	这里是日志信息......
2022-09-16 14:53:57.780605	[INFO]	user_manager.py	响应时间:938ms	浙江省	金华市	这里是日志信息......
2022-09-16 14:53:57.780605	[INFO]	barcode_service.py	响应时间:62ms	重庆市	九龙坡区	这里是日志信息......
2022-09-16 14:53:57.780605	[ERROR]	shop_manager.py	响应时间:27ms	上海市	宝山区	这里是日志信息......
2022-09-16 14:53:57.780605	[INFO]	orders_service.py	响应时间:21ms	山东省	济南市	这里是日志信息......
2022-09-16 14:53:57.780605	[INFO]	shop_manager.py	响应时间:678ms	安徽省	阜阳市	这里是日志信息......
2022-09-16 14:53:57.780605	[INFO]	goods_manager.py	响应时间:565ms	浙江省	湖州市	这里是日志信息......
2022-09-16 14:53:57.780605	[INFO]	barcode_service.py	响应时间:507ms	重庆市	涪陵区	这里是日志信息......
2022-09-16 14:53:57.780605	[INFO]	event.py	响应时间:488ms	湖南省	张家界市	这里是日志信息......
2022-09-16 14:53:57.780605	[INFO]	goods_manager.py	响应时间:738ms	山东省	青岛市	这里是日志信息......
2022-09-16 14:53:57.780605	[INFO]	event.py	响应时间:410ms	安徽省	合肥市	这里是日志信息......
2022-09-16 14:53:57.780605	[INFO]	shop_manager.py	响应时间:202ms	广东省	广州市	这里是日志信息......
2022-09-16 14:53:57.780605	[INFO]	orders_service.py	响应时间:18ms	湖南省	长沙市	这里是日志信息......
2022-09-16 14:53:57.780605	[INFO]	goods_manager.py	响应时间:599ms	天津市	宝坻区	这里是日志信息......
2022-09-16 14:53:57.780605	[INFO]	event.py	响应时间:351ms	浙江省	湖州市	这里是日志信息......
2022-09-16 14:53:57.780605	[WARN]	orders_service.py	响应时间:324ms	湖北省	荆州市	这里是日志信息......
2022-09-16 14:53:57.780605	[INFO]	event.py	响应时间:131ms	重庆市	万州区	这里是日志信息......
2022-09-16 14:53:57.780605	[INFO]	orders_service.py	响应时间:180ms	上海市	浦东新区	这里是日志信息......
2022-09-16 14:53:57.780605	[INFO]	base_network.py	响应时间:799ms	浙江省	绍兴市	这里是日志信息......
2022-09-16 14:53:57.780605	[INFO]	event.py	响应时间:233ms	江苏省	南京市	这里是日志信息......
2022-09-16 14:53:57.780605	[INFO]	goods_manager.py	响应时间:642ms	广东省	深圳市	这里是日志信息......
2022-09-16 14:53:57.780605	[INFO]	orders_service.py	响应时间:32ms	重庆市	南岸区	这里是日志信息......
2022-09-16 14:53:57.780605	[INFO]	event.py	响应时间:78ms	北京市	朝阳区	这里是日志信息......
2022-09-16 14:53:57.780605	[INFO]	orders_service.py	响应时间:140ms	广东省	深圳市	这里是日志信息......
2022-09-16 14:53:57.780605	[ERROR]	user_manager.py	响应时间:146ms	广东省	珠海市	这里是日志信息......
2022-09-16 14:53:57.780605	[INFO]	event.py	响应时间:870ms	山东省	青岛市	这里是日志信息......
2022-09-16 14:53:57.780605	[INFO]	orders_service.py	响应时间:277ms	天津市	河西区	这里是日志信息......
2022-09-16 14:53:57.780605	[INFO]	event.py	响应时间:985ms	安徽省	铜陵市	这里是日志信息......
2022-09-16 14:53:57.780605	[INFO]	orders_service.py	响应时间:869ms	上海市	徐汇区	这里是日志信息......
2022-09-16 14:53:57.780605	[ERROR]	orders_service.py	响应时间:777ms	重庆市	渝中区	这里是日志信息......
2022-09-16 14:53:57.780605	[INFO]	goods_manager.py	响应时间:110ms	湖南省	长沙市	这里是日志信息......
2022-09-16 14:53:57.780605	[INFO]	goods_manager.py	响应时间:62ms	重庆市	南岸区	这里是日志信息......
2022-09-16 14:53:57.780605	[WARN]	orders_service.py	响应时间:308ms	北京市	海淀区	这里是日志信息......
2022-09-16 14:53:57.780605	[WARN]	goods_manager.py	响应时间:771ms	山东省	青岛市	这里是日志信息......
2022-09-16 14:53:57.780605	[ERROR]	event.py	响应时间:905ms	安徽省	合肥市	这里是日志信息......
2022-09-16 14:53:57.780605	[INFO]	event.py	响应时间:933ms	湖北省	十堰市	这里是日志信息......
2022-09-16 14:53:57.780605	[INFO]	goods_manager.py	响应时间:274ms	北京市	海淀区	这里是日志信息......
2022-09-16 14:53:57.780605	[INFO]	user_manager.py	响应时间:830ms	湖北省	武汉市	这里是日志信息......
2022-09-16 14:53:57.780605	[INFO]	barcode_service.py	响应时间:216ms	重庆市	九龙坡区	这里是日志信息......
2022-09-16 14:53:57.780605	[INFO]	goods_manager.py	响应时间:790ms	北京市	大兴区	这里是日志信息......
2022-09-16 14:53:57.780605	[INFO]	event.py	响应时间:889ms	山东省	青岛市	这里是日志信息......
2022-09-16 14:53:57.780605	[INFO]	event.py	响应时间:891ms	湖南省	常德市	这里是日志信息......
2022-09-16 14:53:57.780605	[INFO]	barcode_service.py	响应时间:372ms	北京市	怀柔区	这里是日志信息......
2022-09-16 14:53:57.780605	[INFO]	goods_manager.py	响应时间:119ms	山东省	青岛市	这里是日志信息......
2022-09-16 14:53:57.780605	[INFO]	orders_service.py	响应时间:886ms	安徽省	合肥市	这里是日志信息......
2022-09-16 14:53:57.780605	[INFO]	goods_manager.py	响应时间:407ms	北京市	海淀区	这里是日志信息......
2022-09-16 14:53:57.780605	[WARN]	goods_manager.py	响应时间:184ms	广东省	广州市	这里是日志信息......
2022-09-16 14:53:57.780605	[WARN]	event.py	响应时间:219ms	湖北省	武汉市	这里是日志信息......
2022-09-16 14:53:57.780605	[INFO]	orders_service.py	响应时间:992ms	浙江省	杭州市	这里是日志信息......
2022-09-16 14:53:57.780605	[INFO]	goods_manager.py	响应时间:219ms	安徽省	池州市	这里是日志信息......
2022-09-16 14:53:57.780605	[INFO]	goods_manager.py	响应时间:503ms	山东省	青岛市	这里是日志信息......
2022-09-16 14:53:57.780605	[INFO]	orders_service.py	响应时间:887ms	上海市	徐汇区	这里是日志信息......
2022-09-16 14:53:57.780605	[INFO]	orders_service.py	响应时间:118ms	湖北省	恩施土家族苗族自治州	这里是日志信息......
2022-09-16 14:53:57.780605	[INFO]	event.py	响应时间:532ms	广东省	深圳市	这里是日志信息......
2022-09-16 14:53:57.780605	[WARN]	user_manager.py	响应时间:123ms	山东省	青岛市	这里是日志信息......
2022-09-16 14:53:57.781605	[INFO]	orders_service.py	响应时间:320ms	江苏省	无锡市	这里是日志信息......
2022-09-16 14:53:57.781605	[INFO]	user_manager.py	响应时间:651ms	江苏省	张家港市	这里是日志信息......
2022-09-16 14:53:57.781605	[INFO]	user_manager.py	响应时间:829ms	浙江省	丽水市	这里是日志信息......
2022-09-16 14:53:57.781605	[INFO]	event.py	响应时间:33ms	重庆市	万州区	这里是日志信息......
2022-09-16 14:53:57.781605	[INFO]	event.py	响应时间:992ms	广东省	广州市	这里是日志信息......
2022-09-16 14:53:57.781605	[INFO]	goods_manager.py	响应时间:18ms	天津市	河东区	这里是日志信息......
2022-09-16 14:53:57.781605	[INFO]	barcode_service.py	响应时间:466ms	上海市	浦东新区	这里是日志信息......
2022-09-16 14:53:57.781605	[INFO]	goods_manager.py	响应时间:897ms	北京市	怀柔区	这里是日志信息......
2022-09-16 14:53:57.781605	[INFO]	base_network.py	响应时间:353ms	天津市	和平区	这里是日志信息......
2022-09-16 14:53:57.781605	[INFO]	shop_manager.py	响应时间:777ms	湖北省	武汉市	这里是日志信息......
2022-09-16 14:53:57.781605	[INFO]	barcode_service.py	响应时间:261ms	江苏省	苏州市	这里是日志信息......
2022-09-16 14:53:57.781605	[WARN]	orders_service.py	响应时间:651ms	上海市	普陀区	这里是日志信息......
2022-09-16 14:53:57.781605	[WARN]	shop_manager.py	响应时间:837ms	安徽省	池州市	这里是日志信息......
2022-09-16 14:53:57.781605	[INFO]	barcode_service.py	响应时间:885ms	安徽省	阜阳市	这里是日志信息......
2022-09-16 14:53:57.781605	[ERROR]	user_manager.py	响应时间:976ms	江苏省	南京市	这里是日志信息......
2022-09-16 14:53:57.781605	[INFO]	goods_manager.py	响应时间:860ms	广东省	深圳市	这里是日志信息......
2022-09-16 14:53:57.781605	[INFO]	orders_service.py	响应时间:990ms	湖北省	十堰市	这里是日志信息......
2022-09-16 14:53:57.781605	[INFO]	goods_manager.py	响应时间:385ms	天津市	武清区	这里是日志信息......
2022-09-16 14:53:57.781605	[INFO]	user_manager.py	响应时间:971ms	安徽省	六安市	这里是日志信息......
2022-09-16 14:53:57.781605	[INFO]	base_network.py	响应时间:384ms	重庆市	沙坪坝区	这里是日志信息......
2022-09-16 14:53:57.781605	[INFO]	base_network.py	响应时间:383ms	上海市	杨浦区	这里是日志信息......
2022-09-16 14:53:57.781605	[INFO]	base_network.py	响应时间:90ms	重庆市	渝中区	这里是日志信息......
2022-09-16 14:53:57.781605	[INFO]	goods_manager.py	响应时间:897ms	山东省	青岛市	这里是日志信息......
2022-09-16 14:53:57.781605	[INFO]	goods_manager.py	响应时间:936ms	北京市	海淀区	这里是日志信息......
2022-09-16 14:53:57.781605	[INFO]	orders_service.py	响应时间:184ms	湖北省	荆州市	这里是日志信息......
2022-09-16 14:53:57.781605	[WARN]	goods_manager.py	响应时间:301ms	北京市	昌平区	这里是日志信息......
2022-09-16 14:53:57.781605	[INFO]	user_manager.py	响应时间:922ms	湖南省	株洲市	这里是日志信息......
2022-09-16 14:53:57.781605	[INFO]	goods_manager.py	响应时间:209ms	浙江省	杭州市	这里是日志信息......
2022-09-16 14:53:57.781605	[INFO]	base_network.py	响应时间:236ms	重庆市	南岸区	这里是日志信息......
2022-09-16 14:53:57.781605	[INFO]	goods_manager.py	响应时间:610ms	湖北省	武汉市	这里是日志信息......
2022-09-16 14:53:57.781605	[INFO]	goods_manager.py	响应时间:779ms	江苏省	苏州市	这里是日志信息......
2022-09-16 14:53:57.781605	[INFO]	orders_service.py	响应时间:221ms	浙江省	嘉兴市	这里是日志信息......
2022-09-16 14:53:57.781605	[INFO]	goods_manager.py	响应时间:572ms	江苏省	南京市	这里是日志信息......
2022-09-16 14:53:57.781605	[WARN]	shop_manager.py	响应时间:299ms	天津市	和平区	这里是日志信息......
2022-09-16 14:53:57.781605	[INFO]	base_network.py	响应时间:824ms	湖南省	长沙市	这里是日志信息......
2022-09-16 14:53:57.781605	[INFO]	goods_manager.py	响应时间:592ms	山东省	济南市	这里是日志信息......
2022-09-16 14:53:57.781605	[INFO]	user_manager.py	响应时间:759ms	山东省	青岛市	这里是日志信息......
2022-09-16 14:53:57.781605	[INFO]	orders_service.py	响应时间:831ms	广东省	广州市	这里是日志信息......
2022-09-16 14:53:57.781605	[INFO]	orders_service.py	响应时间:883ms	湖北省	恩施土家族苗族自治州	这里是日志信息......
2022-09-16 14:53:57.781605	[INFO]	goods_manager.py	响应时间:9198ms	北京市	丰台区	这里是日志信息......
2022-09-16 14:53:57.781605	[INFO]	user_manager.py	响应时间:188ms	江苏省	张家港市	这里是日志信息......
2022-09-16 14:53:57.781605	[INFO]	orders_service.py	响应时间:803ms	湖北省	恩施土家族苗族自治州	这里是日志信息......
2022-09-16 14:53:57.781605	[INFO]	user_manager.py	响应时间:268ms	江苏省	常州市	这里是日志信息......
2022-09-16 14:53:57.781605	[INFO]	shop_manager.py	响应时间:115ms	天津市	宝坻区	这里是日志信息......
2022-09-16 14:53:57.781605	[WARN]	shop_manager.py	响应时间:713ms	江苏省	南京市	这里是日志信息......
2022-09-16 14:53:57.781605	[INFO]	barcode_service.py	响应时间:798ms	湖北省	武汉市	这里是日志信息......
2022-09-16 14:53:57.781605	[INFO]	barcode_service.py	响应时间:29ms	上海市	普陀区	这里是日志信息......
2022-09-16 14:53:57.781605	[ERROR]	goods_manager.py	响应时间:117ms	重庆市	涪陵区	这里是日志信息......
2022-09-16 14:53:57.781605	[INFO]	orders_service.py	响应时间:189ms	重庆市	万州区	这里是日志信息......
2022-09-16 14:53:57.781605	[WARN]	event.py	响应时间:255ms	山东省	济南市	这里是日志信息......
2022-09-16 14:53:57.781605	[INFO]	user_manager.py	响应时间:602ms	湖南省	长沙市	这里是日志信息......
2022-09-16 14:53:57.781605	[INFO]	event.py	响应时间:259ms	广东省	广州市	这里是日志信息......
2022-09-16 14:53:57.781605	[INFO]	orders_service.py	响应时间:479ms	山东省	青岛市	这里是日志信息......
2022-09-16 14:53:57.781605	[INFO]	shop_manager.py	响应时间:4224ms	湖北省	恩施土家族苗族自治州	这里是日志信息......
2022-09-16 14:53:57.781605	[INFO]	user_manager.py	响应时间:188ms	安徽省	阜阳市	这里是日志信息......
2022-09-16 14:53:57.781605	[INFO]	base_network.py	响应时间:119ms	天津市	和平区	这里是日志信息......
2022-09-16 14:53:57.781605	[INFO]	event.py	响应时间:202ms	安徽省	阜阳市	这里是日志信息......
2022-09-16 14:53:57.781605	[ERROR]	orders_service.py	响应时间:412ms	浙江省	丽水市	这里是日志信息......
2022-09-16 14:53:57.781605	[INFO]	event.py	响应时间:976ms	北京市	海淀区	这里是日志信息......
2022-09-16 14:53:57.781605	[INFO]	shop_manager.py	响应时间:969ms	山东省	济南市	这里是日志信息......
2022-09-16 14:53:57.781605	[INFO]	goods_manager.py	响应时间:415ms	天津市	和平区	这里是日志信息......
2022-09-16 14:53:57.781605	[INFO]	goods_manager.py	响应时间:670ms	浙江省	湖州市	这里是日志信息......
2022-09-16 14:53:57.781605	[INFO]	event.py	响应时间:7451ms	浙江省	金华市	这里是日志信息......
2022-09-16 14:53:57.781605	[WARN]	base_network.py	响应时间:781ms	北京市	昌平区	这里是日志信息......
2022-09-16 14:53:57.781605	[INFO]	barcode_service.py	响应时间:506ms	山东省	济南市	这里是日志信息......
2022-09-16 14:53:57.781605	[INFO]	shop_manager.py	响应时间:558ms	天津市	宝坻区	这里是日志信息......
2022-09-16 14:53:57.781605	[INFO]	barcode_service.py	响应时间:968ms	湖北省	恩施土家族苗族自治州	这里是日志信息......
2022-09-16 14:53:57.781605	[INFO]	event.py	响应时间:508ms	浙江省	杭州市	这里是日志信息......
2022-09-16 14:53:57.781605	[INFO]	goods_manager.py	响应时间:2169ms	广东省	深圳市	这里是日志信息......
2022-09-16 14:53:57.781605	[INFO]	orders_service.py	响应时间:738ms	湖北省	恩施土家族苗族自治州	这里是日志信息......
2022-09-16 14:53:57.781605	[INFO]	event.py	响应时间:482ms	广东省	珠海市	这里是日志信息......
2022-09-16 14:53:57.781605	[INFO]	base_network.py	响应时间:824ms	浙江省	丽水市	这里是日志信息......
2022-09-16 14:53:57.781605	[INFO]	base_network.py	响应时间:394ms	山东省	青岛市	这里是日志信息......
2022-09-16 14:53:57.781605	[ERROR]	orders_service.py	响应时间:723ms	江苏省	张家港市	这里是日志信息......
2022-09-16 14:53:57.781605	[INFO]	base_network.py	响应时间:455ms	广东省	广州市	这里是日志信息......
2022-09-16 14:53:57.781605	[INFO]	orders_service.py	响应时间:6484ms	湖北省	武汉市	这里是日志信息......
2022-09-16 14:53:57.782605	[INFO]	orders_service.py	响应时间:788ms	山东省	青岛市	这里是日志信息......
2022-09-16 14:53:57.782605	[INFO]	user_manager.py	响应时间:618ms	浙江省	湖州市	这里是日志信息......
2022-09-16 14:53:57.782605	[INFO]	user_manager.py	响应时间:562ms	上海市	浦东新区	这里是日志信息......
2022-09-16 14:53:57.782605	[INFO]	event.py	响应时间:431ms	湖南省	长沙市	这里是日志信息......
2022-09-16 14:53:57.782605	[INFO]	orders_service.py	响应时间:227ms	湖南省	常德市	这里是日志信息......
2022-09-16 14:53:57.782605	[ERROR]	orders_service.py	响应时间:63ms	重庆市	沙坪坝区	这里是日志信息......
2022-09-16 14:53:57.782605	[INFO]	barcode_service.py	响应时间:737ms	浙江省	舟山市	这里是日志信息......
2022-09-16 14:53:57.782605	[INFO]	event.py	响应时间:206ms	上海市	杨浦区	这里是日志信息......
2022-09-16 14:53:57.782605	[INFO]	event.py	响应时间:176ms	湖北省	荆州市	这里是日志信息......
2022-09-16 14:53:57.782605	[INFO]	event.py	响应时间:834ms	安徽省	合肥市	这里是日志信息......
2022-09-16 14:53:57.782605	[INFO]	event.py	响应时间:728ms	北京市	朝阳区	这里是日志信息......
2022-09-16 14:53:57.782605	[INFO]	user_manager.py	响应时间:900ms	湖北省	恩施土家族苗族自治州	这里是日志信息......
2022-09-16 14:53:57.782605	[INFO]	goods_manager.py	响应时间:816ms	上海市	静安区	这里是日志信息......
2022-09-16 14:53:57.782605	[INFO]	shop_manager.py	响应时间:243ms	安徽省	合肥市	这里是日志信息......
2022-09-16 14:53:57.782605	[INFO]	orders_service.py	响应时间:915ms	重庆市	涪陵区	这里是日志信息......
2022-09-16 14:53:57.782605	[WARN]	orders_service.py	响应时间:506ms	上海市	普陀区	这里是日志信息......
2022-09-16 14:53:57.782605	[INFO]	goods_manager.py	响应时间:500ms	浙江省	杭州市	这里是日志信息......
2022-09-16 14:53:57.782605	[INFO]	event.py	响应时间:805ms	重庆市	沙坪坝区	这里是日志信息......
2022-09-16 14:53:57.782605	[INFO]	base_network.py	响应时间:502ms	湖南省	长沙市	这里是日志信息......
2022-09-16 14:53:57.782605	[WARN]	event.py	响应时间:623ms	重庆市	涪陵区	这里是日志信息......
2022-09-16 14:53:57.782605	[INFO]	event.py	响应时间:270ms	天津市	宝坻区	这里是日志信息......
2022-09-16 14:53:57.782605	[INFO]	orders_service.py	响应时间:292ms	山东省	青岛市	这里是日志信息......
2022-09-16 14:53:57.782605	[INFO]	barcode_service.py	响应时间:896ms	广东省	深圳市	这里是日志信息......
2022-09-16 14:53:57.782605	[ERROR]	orders_service.py	响应时间:871ms	江苏省	无锡市	这里是日志信息......
2022-09-16 14:53:57.782605	[INFO]	base_network.py	响应时间:122ms	湖南省	长沙市	这里是日志信息......
2022-09-16 14:53:57.782605	[WARN]	base_network.py	响应时间:941ms	江苏省	张家港市	这里是日志信息......
2022-09-16 14:53:57.782605	[INFO]	barcode_service.py	响应时间:361ms	天津市	河西区	这里是日志信息......
2022-09-16 14:53:57.782605	[INFO]	goods_manager.py	响应时间:522ms	安徽省	阜阳市	这里是日志信息......
2022-09-16 14:53:57.782605	[INFO]	base_network.py	响应时间:316ms	天津市	武清区	这里是日志信息......
2022-09-16 14:53:57.782605	[INFO]	barcode_service.py	响应时间:612ms	江苏省	南京市	这里是日志信息......
2022-09-16 14:53:57.782605	[INFO]	event.py	响应时间:42ms	重庆市	涪陵区	这里是日志信息......
2022-09-16 14:53:57.782605	[INFO]	goods_manager.py	响应时间:908ms	江苏省	常州市	这里是日志信息......
2022-09-16 14:53:57.782605	[INFO]	goods_manager.py	响应时间:384ms	重庆市	南岸区	这里是日志信息......
2022-09-16 14:53:57.782605	[INFO]	event.py	响应时间:237ms	山东省	济南市	这里是日志信息......
2022-09-16 14:53:57.782605	[INFO]	goods_manager.py	响应时间:762ms	广东省	深圳市	这里是日志信息......
2022-09-16 14:53:57.782605	[INFO]	user_manager.py	响应时间:913ms	北京市	朝阳区	这里是日志信息......
2022-09-16 14:53:57.782605	[INFO]	orders_service.py	响应时间:507ms	天津市	武清区	这里是日志信息......
2022-09-16 14:53:57.782605	[INFO]	user_manager.py	响应时间:843ms	浙江省	杭州市	这里是日志信息......
2022-09-16 14:53:57.782605	[INFO]	event.py	响应时间:544ms	天津市	河西区	这里是日志信息......
2022-09-16 14:53:57.782605	[INFO]	goods_manager.py	响应时间:579ms	北京市	海淀区	这里是日志信息......
2022-09-16 14:53:57.782605	[INFO]	orders_service.py	响应时间:16ms	上海市	黄浦区	这里是日志信息......
2022-09-16 14:53:57.782605	[INFO]	goods_manager.py	响应时间:790ms	重庆市	九龙坡区	这里是日志信息......
2022-09-16 14:53:57.782605	[WARN]	barcode_service.py	响应时间:700ms	重庆市	涪陵区	这里是日志信息......
2022-09-16 14:53:57.782605	[INFO]	event.py	响应时间:424ms	浙江省	丽水市	这里是日志信息......
2022-09-16 14:53:57.782605	[WARN]	event.py	响应时间:142ms	江苏省	常州市	这里是日志信息......
2022-09-16 14:53:57.782605	[INFO]	goods_manager.py	响应时间:748ms	江苏省	南京市	这里是日志信息......
2022-09-16 14:53:57.782605	[INFO]	goods_manager.py	响应时间:6711ms	安徽省	合肥市	这里是日志信息......
2022-09-16 14:53:57.782605	[INFO]	user_manager.py	响应时间:960ms	山东省	青岛市	这里是日志信息......
2022-09-16 14:53:57.782605	[INFO]	barcode_service.py	响应时间:147ms	湖南省	株洲市	这里是日志信息......
2022-09-16 14:53:57.782605	[INFO]	goods_manager.py	响应时间:577ms	山东省	济南市	这里是日志信息......
2022-09-16 14:53:57.782605	[INFO]	goods_manager.py	响应时间:839ms	安徽省	六安市	这里是日志信息......
2022-09-16 14:53:57.782605	[INFO]	event.py	响应时间:761ms	天津市	宝坻区	这里是日志信息......
2022-09-16 14:53:57.782605	[INFO]	orders_service.py	响应时间:543ms	上海市	杨浦区	这里是日志信息......
2022-09-16 14:53:57.782605	[WARN]	event.py	响应时间:893ms	天津市	和平区	这里是日志信息......
2022-09-16 14:53:57.782605	[ERROR]	orders_service.py	响应时间:7358ms	浙江省	舟山市	这里是日志信息......
2022-09-16 14:53:57.782605	[INFO]	user_manager.py	响应时间:759ms	浙江省	杭州市	这里是日志信息......
2022-09-16 14:53:57.782605	[INFO]	event.py	响应时间:612ms	广东省	广州市	这里是日志信息......
2022-09-16 14:53:57.782605	[WARN]	barcode_service.py	响应时间:646ms	重庆市	南岸区	这里是日志信息......
2022-09-16 14:53:57.782605	[INFO]	goods_manager.py	响应时间:18ms	江苏省	苏州市	这里是日志信息......
2022-09-16 14:53:57.782605	[INFO]	user_manager.py	响应时间:231ms	重庆市	九龙坡区	这里是日志信息......
2022-09-16 14:53:57.782605	[INFO]	base_network.py	响应时间:705ms	上海市	杨浦区	这里是日志信息......
2022-09-16 14:53:57.782605	[INFO]	goods_manager.py	响应时间:917ms	浙江省	杭州市	这里是日志信息......
2022-09-16 14:53:57.782605	[INFO]	goods_manager.py	响应时间:887ms	北京市	海淀区	这里是日志信息......
2022-09-16 14:53:57.782605	[INFO]	orders_service.py	响应时间:6933ms	安徽省	六安市	这里是日志信息......
2022-09-16 14:53:57.782605	[INFO]	orders_service.py	响应时间:45ms	山东省	济南市	这里是日志信息......
2022-09-16 14:53:57.782605	[INFO]	orders_service.py	响应时间:764ms	湖南省	长沙市	这里是日志信息......
2022-09-16 14:53:57.782605	[INFO]	event.py	响应时间:833ms	广东省	深圳市	这里是日志信息......
2022-09-16 14:53:57.782605	[INFO]	goods_manager.py	响应时间:159ms	江苏省	苏州市	这里是日志信息......
2022-09-16 14:53:57.782605	[INFO]	shop_manager.py	响应时间:504ms	浙江省	杭州市	这里是日志信息......
2022-09-16 14:53:57.783605	[INFO]	goods_manager.py	响应时间:421ms	重庆市	万州区	这里是日志信息......
2022-09-16 14:53:57.783605	[INFO]	event.py	响应时间:720ms	安徽省	合肥市	这里是日志信息......
2022-09-16 14:53:57.783605	[INFO]	goods_manager.py	响应时间:499ms	上海市	宝山区	这里是日志信息......
2022-09-16 14:53:57.783605	[INFO]	orders_service.py	响应时间:939ms	湖北省	荆州市	这里是日志信息......
2022-09-16 14:53:57.783605	[ERROR]	event.py	响应时间:1557ms	湖南省	长沙市	这里是日志信息......
2022-09-16 14:53:57.783605	[WARN]	orders_service.py	响应时间:822ms	江苏省	南京市	这里是日志信息......
2022-09-16 14:53:57.783605	[INFO]	orders_service.py	响应时间:80ms	北京市	大兴区	这里是日志信息......
2022-09-16 14:53:57.783605	[INFO]	event.py	响应时间:575ms	重庆市	涪陵区	这里是日志信息......
2022-09-16 14:53:57.783605	[INFO]	orders_service.py	响应时间:557ms	湖南省	长沙市	这里是日志信息......
2022-09-16 14:53:57.783605	[INFO]	event.py	响应时间:522ms	湖南省	常德市	这里是日志信息......
2022-09-16 14:53:57.783605	[WARN]	shop_manager.py	响应时间:306ms	湖南省	株洲市	这里是日志信息......
2022-09-16 14:53:57.783605	[WARN]	user_manager.py	响应时间:336ms	广东省	深圳市	这里是日志信息......
2022-09-16 14:53:57.783605	[INFO]	event.py	响应时间:857ms	山东省	青岛市	这里是日志信息......
2022-09-16 14:53:57.783605	[INFO]	event.py	响应时间:753ms	天津市	武清区	这里是日志信息......
2022-09-16 14:53:57.783605	[ERROR]	event.py	响应时间:831ms	湖南省	长沙市	这里是日志信息......
2022-09-16 14:53:57.783605	[INFO]	event.py	响应时间:206ms	重庆市	渝中区	这里是日志信息......
2022-09-16 14:53:57.783605	[INFO]	event.py	响应时间:60ms	江苏省	常州市	这里是日志信息......
2022-09-16 14:53:57.783605	[INFO]	barcode_service.py	响应时间:94ms	江苏省	宿迁市	这里是日志信息......
2022-09-16 14:53:57.783605	[INFO]	user_manager.py	响应时间:477ms	浙江省	湖州市	这里是日志信息......
2022-09-16 14:53:57.783605	[WARN]	user_manager.py	响应时间:951ms	重庆市	九龙坡区	这里是日志信息......
2022-09-16 14:53:57.783605	[INFO]	goods_manager.py	响应时间:108ms	重庆市	万州区	这里是日志信息......
2022-09-16 14:53:57.783605	[INFO]	goods_manager.py	响应时间:407ms	广东省	广州市	这里是日志信息......
2022-09-16 14:53:57.783605	[INFO]	event.py	响应时间:520ms	北京市	海淀区	这里是日志信息......
2022-09-16 14:53:57.783605	[INFO]	base_network.py	响应时间:248ms	湖北省	武汉市	这里是日志信息......
2022-09-16 14:53:57.783605	[WARN]	event.py	响应时间:327ms	重庆市	万州区	这里是日志信息......
2022-09-16 14:53:57.783605	[INFO]	barcode_service.py	响应时间:745ms	北京市	海淀区	这里是日志信息......
2022-09-16 14:53:57.783605	[INFO]	barcode_service.py	响应时间:657ms	重庆市	渝中区	这里是日志信息......
2022-09-16 14:53:57.783605	[INFO]	event.py	响应时间:958ms	湖北省	武汉市	这里是日志信息......
2022-09-16 14:53:57.783605	[INFO]	goods_manager.py	响应时间:721ms	江苏省	张家港市	这里是日志信息......
2022-09-16 14:53:57.783605	[INFO]	event.py	响应时间:7919ms	湖北省	武汉市	这里是日志信息......
2022-09-16 14:53:57.783605	[INFO]	barcode_service.py	响应时间:543ms	北京市	大兴区	这里是日志信息......
2022-09-16 14:53:57.783605	[INFO]	base_network.py	响应时间:636ms	广东省	广州市	这里是日志信息......
2022-09-16 14:53:57.783605	[INFO]	user_manager.py	响应时间:480ms	天津市	河西区	这里是日志信息......
2022-09-16 14:53:57.783605	[INFO]	event.py	响应时间:497ms	江苏省	常州市	这里是日志信息......
2022-09-16 14:53:57.783605	[INFO]	shop_manager.py	响应时间:625ms	浙江省	丽水市	这里是日志信息......
2022-09-16 14:53:57.783605	[INFO]	goods_manager.py	响应时间:563ms	广东省	深圳市	这里是日志信息......
2022-09-16 14:53:57.783605	[INFO]	base_network.py	响应时间:249ms	湖南省	益阳市	这里是日志信息......
2022-09-16 14:53:57.783605	[INFO]	orders_service.py	响应时间:95ms	重庆市	南岸区	这里是日志信息......
2022-09-16 14:53:57.783605	[ERROR]	orders_service.py	响应时间:316ms	浙江省	舟山市	这里是日志信息......
2022-09-16 14:53:57.783605	[INFO]	orders_service.py	响应时间:249ms	湖北省	武汉市	这里是日志信息......
2022-09-16 14:53:57.783605	[INFO]	event.py	响应时间:292ms	重庆市	南岸区	这里是日志信息......
2022-09-16 14:53:57.783605	[ERROR]	event.py	响应时间:937ms	重庆市	涪陵区	这里是日志信息......
2022-09-16 14:53:57.783605	[INFO]	user_manager.py	响应时间:659ms	重庆市	南岸区	这里是日志信息......
2022-09-16 14:53:57.783605	[INFO]	base_network.py	响应时间:279ms	重庆市	渝中区	这里是日志信息......
2022-09-16 14:53:57.783605	[INFO]	event.py	响应时间:45ms	湖北省	武汉市	这里是日志信息......
2022-09-16 14:53:57.783605	[INFO]	user_manager.py	响应时间:194ms	广东省	深圳市	这里是日志信息......
2022-09-16 14:53:57.783605	[INFO]	goods_manager.py	响应时间:655ms	重庆市	万州区	这里是日志信息......
2022-09-16 14:53:57.783605	[INFO]	goods_manager.py	响应时间:714ms	广东省	深圳市	这里是日志信息......
2022-09-16 14:53:57.783605	[WARN]	event.py	响应时间:893ms	北京市	海淀区	这里是日志信息......
2022-09-16 14:53:57.783605	[WARN]	event.py	响应时间:896ms	安徽省	阜阳市	这里是日志信息......
2022-09-16 14:53:57.783605	[INFO]	orders_service.py	响应时间:427ms	天津市	河东区	这里是日志信息......
2022-09-16 14:53:57.783605	[INFO]	event.py	响应时间:459ms	重庆市	九龙坡区	这里是日志信息......
2022-09-16 14:53:57.783605	[INFO]	goods_manager.py	响应时间:833ms	湖南省	长沙市	这里是日志信息......
2022-09-16 14:53:57.783605	[INFO]	shop_manager.py	响应时间:690ms	广东省	珠海市	这里是日志信息......
2022-09-16 14:53:57.783605	[INFO]	orders_service.py	响应时间:36ms	天津市	宝坻区	这里是日志信息......
2022-09-16 14:53:57.783605	[INFO]	base_network.py	响应时间:888ms	湖南省	长沙市	这里是日志信息......
2022-09-16 14:53:57.783605	[INFO]	barcode_service.py	响应时间:129ms	上海市	普陀区	这里是日志信息......
2022-09-16 14:53:57.783605	[WARN]	goods_manager.py	响应时间:439ms	广东省	深圳市	这里是日志信息......
2022-09-16 14:53:57.783605	[INFO]	shop_manager.py	响应时间:21ms	山东省	菏泽市	这里是日志信息......
2022-09-16 14:53:57.783605	[INFO]	base_network.py	响应时间:88ms	浙江省	嘉兴市	这里是日志信息......
2022-09-16 14:53:57.783605	[WARN]	event.py	响应时间:10ms	上海市	宝山区	这里是日志信息......
2022-09-16 14:53:57.783605	[WARN]	orders_service.py	响应时间:300ms	重庆市	南岸区	这里是日志信息......
2022-09-16 14:53:57.783605	[INFO]	event.py	响应时间:527ms	重庆市	涪陵区	这里是日志信息......
2022-09-16 14:53:57.783605	[INFO]	orders_service.py	响应时间:478ms	江苏省	无锡市	这里是日志信息......
2022-09-16 14:53:57.783605	[INFO]	goods_manager.py	响应时间:3ms	广东省	深圳市	这里是日志信息......
2022-09-16 14:53:57.783605	[INFO]	user_manager.py	响应时间:932ms	湖南省	长沙市	这里是日志信息......
2022-09-16 14:53:57.783605	[INFO]	goods_manager.py	响应时间:743ms	江苏省	张家港市	这里是日志信息......
2022-09-16 14:53:57.783605	[INFO]	orders_service.py	响应时间:553ms	湖南省	长沙市	这里是日志信息......
2022-09-16 14:53:57.783605	[INFO]	user_manager.py	响应时间:16ms	浙江省	舟山市	这里是日志信息......
2022-09-16 14:53:57.783605	[INFO]	orders_service.py	响应时间:576ms	重庆市	万州区	这里是日志信息......
2022-09-16 14:53:57.783605	[INFO]	barcode_service.py	响应时间:791ms	湖南省	长沙市	这里是日志信息......
2022-09-16 14:53:57.783605	[WARN]	event.py	响应时间:160ms	山东省	菏泽市	这里是日志信息......
2022-09-16 14:53:57.783605	[INFO]	orders_service.py	响应时间:162ms	湖北省	十堰市	这里是日志信息......
2022-09-16 14:53:57.783605	[WARN]	goods_manager.py	响应时间:576ms	江苏省	苏州市	这里是日志信息......
2022-09-16 14:53:57.783605	[INFO]	event.py	响应时间:974ms	湖南省	张家界市	这里是日志信息......
2022-09-16 14:53:57.784605	[INFO]	event.py	响应时间:266ms	广东省	深圳市	这里是日志信息......
2022-09-16 14:53:57.784605	[INFO]	goods_manager.py	响应时间:765ms	天津市	宝坻区	这里是日志信息......
2022-09-16 14:53:57.784605	[INFO]	event.py	响应时间:987ms	江苏省	南京市	这里是日志信息......
2022-09-16 14:53:57.784605	[INFO]	event.py	响应时间:4378ms	浙江省	舟山市	这里是日志信息......
2022-09-16 14:53:57.784605	[INFO]	event.py	响应时间:279ms	安徽省	阜阳市	这里是日志信息......
2022-09-16 14:53:57.784605	[INFO]	event.py	响应时间:363ms	重庆市	涪陵区	这里是日志信息......
2022-09-16 14:53:57.784605	[INFO]	base_network.py	响应时间:857ms	山东省	济南市	这里是日志信息......
2022-09-16 14:53:57.784605	[INFO]	user_manager.py	响应时间:264ms	重庆市	南岸区	这里是日志信息......
2022-09-16 14:53:57.784605	[WARN]	event.py	响应时间:586ms	广东省	广州市	这里是日志信息......
2022-09-16 14:53:57.784605	[ERROR]	barcode_service.py	响应时间:736ms	湖北省	武汉市	这里是日志信息......
2022-09-16 14:53:57.784605	[INFO]	base_network.py	响应时间:463ms	山东省	青岛市	这里是日志信息......
2022-09-16 14:53:57.784605	[ERROR]	event.py	响应时间:610ms	广东省	广州市	这里是日志信息......
2022-09-16 14:53:57.784605	[INFO]	goods_manager.py	响应时间:115ms	上海市	浦东新区	这里是日志信息......
2022-09-16 14:53:57.784605	[ERROR]	goods_manager.py	响应时间:769ms	天津市	河东区	这里是日志信息......
2022-09-16 14:53:57.784605	[INFO]	goods_manager.py	响应时间:116ms	天津市	宝坻区	这里是日志信息......
2022-09-16 14:53:57.784605	[INFO]	barcode_service.py	响应时间:913ms	安徽省	池州市	这里是日志信息......
2022-09-16 14:53:57.784605	[INFO]	event.py	响应时间:756ms	湖南省	益阳市	这里是日志信息......
2022-09-16 14:53:57.784605	[INFO]	base_network.py	响应时间:612ms	浙江省	杭州市	这里是日志信息......
2022-09-16 14:53:57.784605	[INFO]	orders_service.py	响应时间:748ms	浙江省	绍兴市	这里是日志信息......
2022-09-16 14:53:57.784605	[INFO]	event.py	响应时间:43ms	江苏省	宿迁市	这里是日志信息......
2022-09-16 14:53:57.784605	[INFO]	orders_service.py	响应时间:495ms	天津市	河东区	这里是日志信息......
2022-09-16 14:53:57.784605	[INFO]	user_manager.py	响应时间:1000ms	北京市	朝阳区	这里是日志信息......
2022-09-16 14:53:57.784605	[INFO]	goods_manager.py	响应时间:754ms	上海市	宝山区	这里是日志信息......
2022-09-16 14:53:57.784605	[INFO]	barcode_service.py	响应时间:669ms	浙江省	杭州市	这里是日志信息......
2022-09-16 14:53:57.784605	[INFO]	base_network.py	响应时间:224ms	上海市	普陀区	这里是日志信息......
2022-09-16 14:53:57.784605	[INFO]	event.py	响应时间:561ms	浙江省	绍兴市	这里是日志信息......
2022-09-16 14:53:57.784605	[INFO]	goods_manager.py	响应时间:538ms	浙江省	舟山市	这里是日志信息......
2022-09-16 14:53:57.784605	[ERROR]	barcode_service.py	响应时间:348ms	北京市	海淀区	这里是日志信息......
2022-09-16 14:53:57.784605	[WARN]	base_network.py	响应时间:227ms	山东省	青岛市	这里是日志信息......
2022-09-16 14:53:57.784605	[INFO]	goods_manager.py	响应时间:24ms	山东省	青岛市	这里是日志信息......
2022-09-16 14:53:57.784605	[WARN]	goods_manager.py	响应时间:738ms	湖北省	恩施土家族苗族自治州	这里是日志信息......
2022-09-16 14:53:57.784605	[WARN]	barcode_service.py	响应时间:672ms	北京市	怀柔区	这里是日志信息......
2022-09-16 14:53:57.784605	[WARN]	goods_manager.py	响应时间:907ms	山东省	青岛市	这里是日志信息......
2022-09-16 14:53:57.784605	[INFO]	goods_manager.py	响应时间:1000ms	江苏省	苏州市	这里是日志信息......
2022-09-16 14:53:57.784605	[WARN]	goods_manager.py	响应时间:310ms	广东省	广州市	这里是日志信息......
2022-09-16 14:53:57.784605	[INFO]	orders_service.py	响应时间:576ms	天津市	宝坻区	这里是日志信息......
2022-09-16 14:53:57.784605	[WARN]	orders_service.py	响应时间:427ms	山东省	济南市	这里是日志信息......
2022-09-16 14:53:57.784605	[INFO]	event.py	响应时间:336ms	山东省	青岛市	这里是日志信息......
2022-09-16 14:53:57.784605	[INFO]	event.py	响应时间:416ms	江苏省	宿迁市	这里是日志信息......
2022-09-16 14:53:57.784605	[WARN]	orders_service.py	响应时间:503ms	广东省	深圳市	这里是日志信息......
2022-09-16 14:53:57.784605	[INFO]	user_manager.py	响应时间:127ms	安徽省	六安市	这里是日志信息......
2022-09-16 14:53:57.784605	[INFO]	barcode_service.py	响应时间:840ms	上海市	静安区	这里是日志信息......
2022-09-16 14:53:57.784605	[INFO]	event.py	响应时间:116ms	上海市	静安区	这里是日志信息......
2022-09-16 14:53:57.784605	[INFO]	event.py	响应时间:819ms	上海市	普陀区	这里是日志信息......
2022-09-16 14:53:57.784605	[WARN]	goods_manager.py	响应时间:990ms	天津市	宝坻区	这里是日志信息......
2022-09-16 14:53:57.784605	[INFO]	shop_manager.py	响应时间:998ms	天津市	武清区	这里是日志信息......
2022-09-16 14:53:57.784605	[INFO]	goods_manager.py	响应时间:429ms	安徽省	六安市	这里是日志信息......
2022-09-16 14:53:57.784605	[INFO]	event.py	响应时间:111ms	安徽省	阜阳市	这里是日志信息......
2022-09-16 14:53:57.784605	[INFO]	event.py	响应时间:896ms	天津市	河东区	这里是日志信息......
2022-09-16 14:53:57.784605	[INFO]	orders_service.py	响应时间:626ms	湖南省	常德市	这里是日志信息......
2022-09-16 14:53:57.784605	[INFO]	orders_service.py	响应时间:372ms	湖南省	张家界市	这里是日志信息......
2022-09-16 14:53:57.784605	[INFO]	event.py	响应时间:878ms	湖南省	益阳市	这里是日志信息......
2022-09-16 14:53:57.784605	[INFO]	event.py	响应时间:216ms	广东省	广州市	这里是日志信息......
2022-09-16 14:53:57.784605	[INFO]	goods_manager.py	响应时间:46ms	北京市	丰台区	这里是日志信息......
2022-09-16 14:53:57.784605	[INFO]	user_manager.py	响应时间:983ms	湖南省	长沙市	这里是日志信息......
2022-09-16 14:53:57.784605	[INFO]	event.py	响应时间:197ms	山东省	青岛市	这里是日志信息......
2022-09-16 14:53:57.784605	[ERROR]	base_network.py	响应时间:622ms	广东省	深圳市	这里是日志信息......
2022-09-16 14:53:57.784605	[ERROR]	event.py	响应时间:7606ms	广东省	广州市	这里是日志信息......
2022-09-16 14:53:57.784605	[INFO]	orders_service.py	响应时间:885ms	天津市	河西区	这里是日志信息......
2022-09-16 14:53:57.784605	[INFO]	shop_manager.py	响应时间:933ms	湖南省	长沙市	这里是日志信息......
2022-09-16 14:53:57.784605	[INFO]	barcode_service.py	响应时间:114ms	广东省	广州市	这里是日志信息......
2022-09-16 14:53:57.784605	[INFO]	event.py	响应时间:492ms	广东省	广州市	这里是日志信息......
2022-09-16 14:53:57.784605	[INFO]	event.py	响应时间:671ms	湖北省	武汉市	这里是日志信息......
2022-09-16 14:53:57.784605	[WARN]	shop_manager.py	响应时间:899ms	浙江省	丽水市	这里是日志信息......
2022-09-16 14:53:57.784605	[INFO]	goods_manager.py	响应时间:427ms	上海市	普陀区	这里是日志信息......
2022-09-16 14:53:57.784605	[INFO]	event.py	响应时间:986ms	湖南省	常德市	这里是日志信息......
2022-09-16 14:53:57.784605	[INFO]	event.py	响应时间:201ms	湖南省	长沙市	这里是日志信息......
2022-09-16 14:53:57.784605	[INFO]	event.py	响应时间:834ms	天津市	河西区	这里是日志信息......
2022-09-16 14:53:57.784605	[WARN]	base_network.py	响应时间:873ms	广东省	深圳市	这里是日志信息......
2022-09-16 14:53:57.784605	[INFO]	goods_manager.py	响应时间:557ms	重庆市	九龙坡区	这里是日志信息......
2022-09-16 14:53:57.784605	[INFO]	event.py	响应时间:111ms	浙江省	丽水市	这里是日志信息......
2022-09-16 14:53:57.784605	[INFO]	goods_manager.py	响应时间:546ms	安徽省	池州市	这里是日志信息......
2022-09-16 14:53:57.784605	[INFO]	orders_service.py	响应时间:884ms	安徽省	阜阳市	这里是日志信息......
2022-09-16 14:53:57.784605	[INFO]	event.py	响应时间:862ms	重庆市	涪陵区	这里是日志信息......
2022-09-16 14:53:57.785606	[INFO]	goods_manager.py	响应时间:262ms	浙江省	杭州市	这里是日志信息......
2022-09-16 14:53:57.785606	[INFO]	goods_manager.py	响应时间:0ms	天津市	河西区	这里是日志信息......
2022-09-16 14:53:57.785606	[INFO]	orders_service.py	响应时间:13ms	湖南省	益阳市	这里是日志信息......
2022-09-16 14:53:57.785606	[INFO]	goods_manager.py	响应时间:690ms	湖北省	武汉市	这里是日志信息......
2022-09-16 14:53:57.785606	[INFO]	goods_manager.py	响应时间:571ms	重庆市	南岸区	这里是日志信息......
2022-09-16 14:53:57.785606	[WARN]	base_network.py	响应时间:732ms	江苏省	苏州市	这里是日志信息......
2022-09-16 14:53:57.785606	[INFO]	base_network.py	响应时间:842ms	北京市	昌平区	这里是日志信息......
2022-09-16 14:53:57.785606	[WARN]	orders_service.py	响应时间:63ms	安徽省	池州市	这里是日志信息......
2022-09-16 14:53:57.785606	[INFO]	event.py	响应时间:363ms	浙江省	绍兴市	这里是日志信息......
2022-09-16 14:53:57.785606	[INFO]	goods_manager.py	响应时间:4957ms	湖南省	长沙市	这里是日志信息......
2022-09-16 14:53:57.785606	[INFO]	orders_service.py	响应时间:676ms	安徽省	合肥市	这里是日志信息......
2022-09-16 14:53:57.785606	[WARN]	barcode_service.py	响应时间:571ms	上海市	浦东新区	这里是日志信息......
2022-09-16 14:53:57.785606	[INFO]	shop_manager.py	响应时间:303ms	山东省	济南市	这里是日志信息......
2022-09-16 14:53:57.785606	[ERROR]	user_manager.py	响应时间:124ms	重庆市	南岸区	这里是日志信息......
2022-09-16 14:53:57.785606	[ERROR]	goods_manager.py	响应时间:84ms	江苏省	苏州市	这里是日志信息......
2022-09-16 14:53:57.785606	[INFO]	goods_manager.py	响应时间:686ms	湖南省	长沙市	这里是日志信息......
2022-09-16 14:53:57.785606	[INFO]	event.py	响应时间:910ms	广东省	深圳市	这里是日志信息......
2022-09-16 14:53:57.785606	[INFO]	event.py	响应时间:4ms	重庆市	万州区	这里是日志信息......
2022-09-16 14:53:57.785606	[INFO]	goods_manager.py	响应时间:130ms	湖北省	武汉市	这里是日志信息......
2022-09-16 14:53:57.785606	[INFO]	shop_manager.py	响应时间:339ms	北京市	昌平区	这里是日志信息......
2022-09-16 14:53:57.785606	[INFO]	goods_manager.py	响应时间:660ms	广东省	广州市	这里是日志信息......
2022-09-16 14:53:57.785606	[INFO]	goods_manager.py	响应时间:173ms	北京市	海淀区	这里是日志信息......
2022-09-16 14:53:57.785606	[INFO]	goods_manager.py	响应时间:574ms	天津市	宝坻区	这里是日志信息......
2022-09-16 14:53:57.785606	[ERROR]	orders_service.py	响应时间:4874ms	上海市	浦东新区	这里是日志信息......
2022-09-16 14:53:57.785606	[WARN]	event.py	响应时间:954ms	江苏省	常州市	这里是日志信息......
2022-09-16 14:53:57.785606	[INFO]	shop_manager.py	响应时间:913ms	北京市	朝阳区	这里是日志信息......
2022-09-16 14:53:57.785606	[WARN]	user_manager.py	响应时间:402ms	浙江省	丽水市	这里是日志信息......
2022-09-16 14:53:57.785606	[INFO]	event.py	响应时间:298ms	广东省	广州市	这里是日志信息......
2022-09-16 14:53:57.785606	[INFO]	goods_manager.py	响应时间:537ms	重庆市	渝中区	这里是日志信息......
2022-09-16 14:53:57.785606	[INFO]	barcode_service.py	响应时间:441ms	湖南省	长沙市	这里是日志信息......
2022-09-16 14:53:57.785606	[WARN]	barcode_service.py	响应时间:375ms	江苏省	宿迁市	这里是日志信息......
2022-09-16 14:53:57.785606	[WARN]	orders_service.py	响应时间:546ms	山东省	青岛市	这里是日志信息......
2022-09-16 14:53:57.785606	[INFO]	event.py	响应时间:273ms	湖南省	常德市	这里是日志信息......
2022-09-16 14:53:57.785606	[INFO]	shop_manager.py	响应时间:99ms	重庆市	万州区	这里是日志信息......
2022-09-16 14:53:57.785606	[INFO]	barcode_service.py	响应时间:729ms	广东省	深圳市	这里是日志信息......
2022-09-16 14:53:57.785606	[INFO]	event.py	响应时间:116ms	上海市	普陀区	这里是日志信息......
2022-09-16 14:53:57.785606	[INFO]	event.py	响应时间:809ms	北京市	朝阳区	这里是日志信息......
2022-09-16 14:53:57.785606	[INFO]	base_network.py	响应时间:41ms	重庆市	九龙坡区	这里是日志信息......
2022-09-16 14:53:57.785606	[WARN]	orders_service.py	响应时间:4365ms	湖北省	武汉市	这里是日志信息......
2022-09-16 14:53:57.785606	[INFO]	user_manager.py	响应时间:559ms	安徽省	铜陵市	这里是日志信息......
2022-09-16 14:53:57.785606	[ERROR]	goods_manager.py	响应时间:687ms	北京市	怀柔区	这里是日志信息......
2022-09-16 14:53:57.785606	[INFO]	orders_service.py	响应时间:115ms	湖南省	株洲市	这里是日志信息......
2022-09-16 14:53:57.785606	[INFO]	goods_manager.py	响应时间:386ms	上海市	静安区	这里是日志信息......
2022-09-16 14:53:57.785606	[INFO]	event.py	响应时间:806ms	江苏省	张家港市	这里是日志信息......
2022-09-16 14:53:57.785606	[INFO]	goods_manager.py	响应时间:961ms	上海市	徐汇区	这里是日志信息......
2022-09-16 14:53:57.785606	[INFO]	barcode_service.py	响应时间:188ms	广东省	广州市	这里是日志信息......
2022-09-16 14:53:57.785606	[INFO]	goods_manager.py	响应时间:662ms	天津市	武清区	这里是日志信息......
2022-09-16 14:53:57.785606	[INFO]	base_network.py	响应时间:849ms	江苏省	无锡市	这里是日志信息......
2022-09-16 14:53:57.785606	[INFO]	user_manager.py	响应时间:144ms	安徽省	铜陵市	这里是日志信息......
2022-09-16 14:53:57.785606	[INFO]	orders_service.py	响应时间:168ms	江苏省	南京市	这里是日志信息......
2022-09-16 14:53:57.785606	[ERROR]	orders_service.py	响应时间:414ms	北京市	海淀区	这里是日志信息......
2022-09-16 14:53:57.785606	[INFO]	event.py	响应时间:361ms	山东省	青岛市	这里是日志信息......
2022-09-16 14:53:57.785606	[INFO]	goods_manager.py	响应时间:275ms	湖南省	株洲市	这里是日志信息......
2022-09-16 14:53:57.785606	[INFO]	event.py	响应时间:492ms	北京市	昌平区	这里是日志信息......
2022-09-16 14:53:57.785606	[INFO]	event.py	响应时间:537ms	山东省	菏泽市	这里是日志信息......
2022-09-16 14:53:57.785606	[INFO]	barcode_service.py	响应时间:729ms	重庆市	万州区	这里是日志信息......
2022-09-16 14:53:57.785606	[ERROR]	orders_service.py	响应时间:629ms	北京市	怀柔区	这里是日志信息......
2022-09-16 14:53:57.785606	[INFO]	base_network.py	响应时间:100ms	天津市	河西区	这里是日志信息......
2022-09-16 14:53:57.785606	[INFO]	shop_manager.py	响应时间:2ms	上海市	静安区	这里是日志信息......
2022-09-16 14:53:57.785606	[INFO]	base_network.py	响应时间:348ms	山东省	青岛市	这里是日志信息......
2022-09-16 14:53:57.785606	[INFO]	user_manager.py	响应时间:616ms	山东省	菏泽市	这里是日志信息......
2022-09-16 14:53:57.785606	[INFO]	orders_service.py	响应时间:461ms	山东省	菏泽市	这里是日志信息......
2022-09-16 14:53:57.785606	[INFO]	event.py	响应时间:297ms	广东省	深圳市	这里是日志信息......
2022-09-16 14:53:57.785606	[ERROR]	orders_service.py	响应时间:566ms	湖北省	武汉市	这里是日志信息......
2022-09-16 14:53:57.785606	[INFO]	base_network.py	响应时间:634ms	浙江省	金华市	这里是日志信息......
2022-09-16 14:53:57.785606	[INFO]	goods_manager.py	响应时间:171ms	山东省	济南市	这里是日志信息......
2022-09-16 14:53:57.785606	[INFO]	shop_manager.py	响应时间:162ms	安徽省	芜湖市	这里是日志信息......
2022-09-16 14:53:57.786607	[ERROR]	event.py	响应时间:7115ms	湖北省	武汉市	这里是日志信息......
2022-09-16 14:53:57.786607	[INFO]	event.py	响应时间:404ms	浙江省	绍兴市	这里是日志信息......
2022-09-16 14:53:57.786607	[INFO]	user_manager.py	响应时间:288ms	安徽省	铜陵市	这里是日志信息......
2022-09-16 14:53:57.786607	[INFO]	goods_manager.py	响应时间:419ms	重庆市	万州区	这里是日志信息......
2022-09-16 14:53:57.786607	[INFO]	goods_manager.py	响应时间:602ms	江苏省	苏州市	这里是日志信息......
2022-09-16 14:53:57.786607	[INFO]	goods_manager.py	响应时间:550ms	湖南省	长沙市	这里是日志信息......
2022-09-16 14:53:57.786607	[INFO]	user_manager.py	响应时间:597ms	湖南省	益阳市	这里是日志信息......
2022-09-16 14:53:57.786607	[INFO]	event.py	响应时间:1785ms	重庆市	渝中区	这里是日志信息......
2022-09-16 14:53:57.786607	[INFO]	orders_service.py	响应时间:879ms	江苏省	苏州市	这里是日志信息......
2022-09-16 14:53:57.786607	[INFO]	event.py	响应时间:105ms	北京市	海淀区	这里是日志信息......
2022-09-16 14:53:57.786607	[INFO]	orders_service.py	响应时间:443ms	安徽省	合肥市	这里是日志信息......
2022-09-16 14:53:57.786607	[INFO]	user_manager.py	响应时间:529ms	安徽省	阜阳市	这里是日志信息......
2022-09-16 14:53:57.786607	[INFO]	event.py	响应时间:297ms	浙江省	杭州市	这里是日志信息......
2022-09-16 14:53:57.786607	[WARN]	goods_manager.py	响应时间:16ms	北京市	昌平区	这里是日志信息......
2022-09-16 14:53:57.786607	[INFO]	barcode_service.py	响应时间:226ms	浙江省	金华市	这里是日志信息......
2022-09-16 14:53:57.786607	[INFO]	orders_service.py	响应时间:974ms	湖北省	武汉市	这里是日志信息......
2022-09-16 14:53:57.786607	[INFO]	shop_manager.py	响应时间:898ms	江苏省	南京市	这里是日志信息......
2022-09-16 14:53:57.786607	[WARN]	orders_service.py	响应时间:901ms	山东省	菏泽市	这里是日志信息......
2022-09-16 14:53:57.786607	[INFO]	goods_manager.py	响应时间:220ms	浙江省	杭州市	这里是日志信息......
2022-09-16 14:53:57.786607	[INFO]	event.py	响应时间:449ms	浙江省	杭州市	这里是日志信息......
2022-09-16 14:53:57.786607	[INFO]	barcode_service.py	响应时间:6808ms	安徽省	芜湖市	这里是日志信息......
2022-09-16 14:53:57.786607	[INFO]	event.py	响应时间:872ms	安徽省	铜陵市	这里是日志信息......
2022-09-16 14:53:57.786607	[INFO]	user_manager.py	响应时间:787ms	北京市	昌平区	这里是日志信息......
2022-09-16 14:53:57.786607	[INFO]	event.py	响应时间:250ms	湖北省	荆州市	这里是日志信息......
2022-09-16 14:53:57.786607	[INFO]	orders_service.py	响应时间:383ms	湖南省	长沙市	这里是日志信息......
2022-09-16 14:53:57.786607	[WARN]	orders_service.py	响应时间:141ms	安徽省	六安市	这里是日志信息......
2022-09-16 14:53:57.786607	[INFO]	event.py	响应时间:867ms	江苏省	宿迁市	这里是日志信息......
2022-09-16 14:53:57.786607	[WARN]	shop_manager.py	响应时间:514ms	重庆市	渝中区	这里是日志信息......
2022-09-16 14:53:57.786607	[ERROR]	barcode_service.py	响应时间:861ms	湖南省	长沙市	这里是日志信息......
2022-09-16 14:53:57.786607	[INFO]	barcode_service.py	响应时间:521ms	重庆市	涪陵区	这里是日志信息......
2022-09-16 14:53:57.786607	[INFO]	orders_service.py	响应时间:769ms	重庆市	万州区	这里是日志信息......
2022-09-16 14:53:57.786607	[INFO]	goods_manager.py	响应时间:523ms	湖北省	武汉市	这里是日志信息......
2022-09-16 14:53:57.786607	[INFO]	orders_service.py	响应时间:461ms	湖北省	武汉市	这里是日志信息......
2022-09-16 14:53:57.786607	[INFO]	barcode_service.py	响应时间:475ms	江苏省	苏州市	这里是日志信息......
2022-09-16 14:53:57.786607	[INFO]	orders_service.py	响应时间:312ms	北京市	昌平区	这里是日志信息......
2022-09-16 14:53:57.786607	[WARN]	goods_manager.py	响应时间:469ms	天津市	武清区	这里是日志信息......
2022-09-16 14:53:57.786607	[INFO]	goods_manager.py	响应时间:826ms	浙江省	杭州市	这里是日志信息......
2022-09-16 14:53:57.786607	[ERROR]	barcode_service.py	响应时间:265ms	北京市	海淀区	这里是日志信息......
2022-09-16 14:53:57.786607	[INFO]	barcode_service.py	响应时间:500ms	山东省	青岛市	这里是日志信息......
2022-09-16 14:53:57.786607	[INFO]	orders_service.py	响应时间:194ms	山东省	青岛市	这里是日志信息......
2022-09-16 14:53:57.786607	[INFO]	orders_service.py	响应时间:971ms	天津市	和平区	这里是日志信息......
2022-09-16 14:53:57.786607	[INFO]	goods_manager.py	响应时间:227ms	江苏省	宿迁市	这里是日志信息......
2022-09-16 14:53:57.786607	[INFO]	event.py	响应时间:593ms	北京市	朝阳区	这里是日志信息......
2022-09-16 14:53:57.786607	[INFO]	barcode_service.py	响应时间:758ms	天津市	宝坻区	这里是日志信息......
2022-09-16 14:53:57.786607	[WARN]	orders_service.py	响应时间:183ms	重庆市	万州区	这里是日志信息......
2022-09-16 14:53:57.786607	[INFO]	shop_manager.py	响应时间:593ms	安徽省	池州市	这里是日志信息......
2022-09-16 14:53:57.786607	[INFO]	orders_service.py	响应时间:976ms	湖南省	张家界市	这里是日志信息......
2022-09-16 14:53:57.786607	[INFO]	orders_service.py	响应时间:782ms	上海市	静安区	这里是日志信息......
2022-09-16 14:53:57.786607	[INFO]	orders_service.py	响应时间:615ms	山东省	济南市	这里是日志信息......
2022-09-16 14:53:57.786607	[WARN]	event.py	响应时间:633ms	天津市	河西区	这里是日志信息......
2022-09-16 14:53:57.786607	[INFO]	event.py	响应时间:993ms	重庆市	万州区	这里是日志信息......
2022-09-16 14:53:57.786607	[INFO]	goods_manager.py	响应时间:393ms	上海市	静安区	这里是日志信息......
2022-09-16 14:53:57.786607	[INFO]	event.py	响应时间:619ms	江苏省	宿迁市	这里是日志信息......
2022-09-16 14:53:57.786607	[INFO]	orders_service.py	响应时间:408ms	广东省	广州市	这里是日志信息......
2022-09-16 14:53:57.786607	[INFO]	event.py	响应时间:883ms	湖南省	常德市	这里是日志信息......
2022-09-16 14:53:57.786607	[WARN]	event.py	响应时间:17ms	江苏省	苏州市	这里是日志信息......
2022-09-16 14:53:57.786607	[INFO]	base_network.py	响应时间:8980ms	湖南省	长沙市	这里是日志信息......
2022-09-16 14:53:57.786607	[INFO]	orders_service.py	响应时间:177ms	广东省	深圳市	这里是日志信息......
2022-09-16 14:53:57.786607	[WARN]	shop_manager.py	响应时间:606ms	湖北省	武汉市	这里是日志信息......
2022-09-16 14:53:57.786607	[INFO]	user_manager.py	响应时间:278ms	浙江省	舟山市	这里是日志信息......
2022-09-16 14:53:57.786607	[INFO]	goods_manager.py	响应时间:247ms	江苏省	南京市	这里是日志信息......
2022-09-16 14:53:57.786607	[INFO]	base_network.py	响应时间:775ms	湖南省	长沙市	这里是日志信息......
2022-09-16 14:53:57.786607	[INFO]	orders_service.py	响应时间:14ms	安徽省	合肥市	这里是日志信息......
2022-09-16 14:53:57.786607	[INFO]	goods_manager.py	响应时间:208ms	湖南省	株洲市	这里是日志信息......
2022-09-16 14:53:57.786607	[INFO]	event.py	响应时间:502ms	江苏省	常州市	这里是日志信息......
2022-09-16 14:53:57.786607	[INFO]	event.py	响应时间:6625ms	天津市	河西区	这里是日志信息......
2022-09-16 14:53:57.786607	[INFO]	goods_manager.py	响应时间:276ms	山东省	青岛市	这里是日志信息......
2022-09-16 14:53:57.786607	[INFO]	base_network.py	响应时间:253ms	重庆市	南岸区	这里是日志信息......
2022-09-16 14:53:57.786607	[INFO]	user_manager.py	响应时间:443ms	湖南省	益阳市	这里是日志信息......
2022-09-16 14:53:57.786607	[WARN]	event.py	响应时间:89ms	上海市	杨浦区	这里是日志信息......
2022-09-16 14:53:57.786607	[INFO]	orders_service.py	响应时间:69ms	江苏省	张家港市	这里是日志信息......
2022-09-16 14:53:57.787606	[INFO]	orders_service.py	响应时间:543ms	江苏省	张家港市	这里是日志信息......
2022-09-16 14:53:57.787606	[WARN]	goods_manager.py	响应时间:608ms	浙江省	嘉兴市	这里是日志信息......
2022-09-16 14:53:57.787606	[INFO]	goods_manager.py	响应时间:922ms	天津市	河东区	这里是日志信息......
2022-09-16 14:53:57.787606	[WARN]	event.py	响应时间:286ms	湖南省	长沙市	这里是日志信息......
2022-09-16 14:53:57.787606	[INFO]	orders_service.py	响应时间:459ms	广东省	深圳市	这里是日志信息......
2022-09-16 14:53:57.787606	[INFO]	user_manager.py	响应时间:407ms	广东省	广州市	这里是日志信息......
2022-09-16 14:53:57.787606	[INFO]	user_manager.py	响应时间:245ms	广东省	珠海市	这里是日志信息......
2022-09-16 14:53:57.787606	[INFO]	event.py	响应时间:811ms	山东省	青岛市	这里是日志信息......
2022-09-16 14:53:57.787606	[INFO]	event.py	响应时间:517ms	上海市	静安区	这里是日志信息......
2022-09-16 14:53:57.787606	[INFO]	event.py	响应时间:346ms	重庆市	沙坪坝区	这里是日志信息......
2022-09-16 14:53:57.787606	[INFO]	event.py	响应时间:478ms	北京市	昌平区	这里是日志信息......
2022-09-16 14:53:57.787606	[INFO]	orders_service.py	响应时间:826ms	广东省	珠海市	这里是日志信息......
2022-09-16 14:53:57.787606	[INFO]	goods_manager.py	响应时间:446ms	北京市	怀柔区	这里是日志信息......
2022-09-16 14:53:57.787606	[WARN]	barcode_service.py	响应时间:844ms	广东省	广州市	这里是日志信息......
2022-09-16 14:53:57.787606	[WARN]	goods_manager.py	响应时间:359ms	湖北省	武汉市	这里是日志信息......
2022-09-16 14:53:57.787606	[INFO]	event.py	响应时间:815ms	重庆市	南岸区	这里是日志信息......
2022-09-16 14:53:57.787606	[ERROR]	user_manager.py	响应时间:741ms	重庆市	渝中区	这里是日志信息......
2022-09-16 14:53:57.787606	[INFO]	event.py	响应时间:467ms	广东省	深圳市	这里是日志信息......
2022-09-16 14:53:57.787606	[INFO]	shop_manager.py	响应时间:745ms	天津市	和平区	这里是日志信息......
2022-09-16 14:53:57.787606	[INFO]	goods_manager.py	响应时间:746ms	安徽省	阜阳市	这里是日志信息......
2022-09-16 14:53:57.787606	[INFO]	goods_manager.py	响应时间:600ms	重庆市	涪陵区	这里是日志信息......
2022-09-16 14:53:57.787606	[WARN]	goods_manager.py	响应时间:696ms	天津市	河东区	这里是日志信息......
2022-09-16 14:53:57.787606	[INFO]	base_network.py	响应时间:113ms	湖北省	十堰市	这里是日志信息......
2022-09-16 14:53:57.787606	[ERROR]	user_manager.py	响应时间:345ms	江苏省	宿迁市	这里是日志信息......
2022-09-16 14:53:57.787606	[INFO]	barcode_service.py	响应时间:629ms	广东省	珠海市	这里是日志信息......
2022-09-16 14:53:57.787606	[INFO]	goods_manager.py	响应时间:63ms	江苏省	苏州市	这里是日志信息......
2022-09-16 14:53:57.787606	[INFO]	orders_service.py	响应时间:463ms	浙江省	杭州市	这里是日志信息......
2022-09-16 14:53:57.787606	[WARN]	barcode_service.py	响应时间:551ms	广东省	广州市	这里是日志信息......
2022-09-16 14:53:57.787606	[INFO]	event.py	响应时间:750ms	安徽省	芜湖市	这里是日志信息......
2022-09-16 14:53:57.787606	[INFO]	shop_manager.py	响应时间:543ms	上海市	浦东新区	这里是日志信息......
2022-09-16 14:53:57.787606	[INFO]	user_manager.py	响应时间:670ms	重庆市	万州区	这里是日志信息......
2022-09-16 14:53:57.787606	[INFO]	goods_manager.py	响应时间:696ms	浙江省	金华市	这里是日志信息......
2022-09-16 14:53:57.787606	[WARN]	event.py	响应时间:486ms	北京市	怀柔区	这里是日志信息......
2022-09-16 14:53:57.787606	[ERROR]	barcode_service.py	响应时间:840ms	天津市	河西区	这里是日志信息......
2022-09-16 14:53:57.787606	[INFO]	base_network.py	响应时间:974ms	广东省	深圳市	这里是日志信息......
2022-09-16 14:53:57.787606	[INFO]	barcode_service.py	响应时间:17ms	浙江省	湖州市	这里是日志信息......
2022-09-16 14:53:57.787606	[INFO]	orders_service.py	响应时间:4750ms	江苏省	常州市	这里是日志信息......
2022-09-16 14:53:57.787606	[INFO]	barcode_service.py	响应时间:776ms	江苏省	常州市	这里是日志信息......
2022-09-16 14:53:57.787606	[INFO]	goods_manager.py	响应时间:929ms	广东省	珠海市	这里是日志信息......
2022-09-16 14:53:57.787606	[INFO]	base_network.py	响应时间:733ms	湖北省	荆州市	这里是日志信息......
2022-09-16 14:53:57.787606	[INFO]	shop_manager.py	响应时间:2539ms	浙江省	湖州市	这里是日志信息......
2022-09-16 14:53:57.787606	[WARN]	event.py	响应时间:276ms	山东省	青岛市	这里是日志信息......
2022-09-16 14:53:57.787606	[INFO]	barcode_service.py	响应时间:4ms	江苏省	苏州市	这里是日志信息......
2022-09-16 14:53:57.787606	[INFO]	barcode_service.py	响应时间:598ms	湖北省	十堰市	这里是日志信息......
2022-09-16 14:53:57.787606	[INFO]	goods_manager.py	响应时间:78ms	山东省	青岛市	这里是日志信息......
2022-09-16 14:53:57.787606	[INFO]	event.py	响应时间:118ms	湖南省	长沙市	这里是日志信息......
